gem5 Simulator System.  http://gem5.org
gem5 is copyrighted software; use the --copyright option for details.

gem5 compiled Jan 24 2020 10:09:20
gem5 started Jan 27 2020 16:56:33
gem5 executing on node-1.yangzhou-qv63856.lambda-mpi-pg0.clemson.cloudlab.us, pid 112365
command line: build/ARM/gem5.fast --remote-gdb-port=0 --outdir=/users/yangzhou/gem5/sgx_nic/m5out/DerivO3CPU_dpi-queue.monitoring_4MB --stats-file=DerivO3CPU_dpi-queue.monitoring_4MB_stats.txt configs/example/se_nic.py --interp-dir /usr/aarch64-linux-gnu --redirects /lib=/usr/aarch64-linux-gnu/lib -c 'dpi-queue;monitoring' --cpu-type=DerivO3CPU --cpu-clock=2.4GHz --asic-clock=0.56GHz --cacheline_size=128 --caches --l2cache --l2_size=4MB --l2_assoc=16 --mem-size=192GB --mem-type=DDR3_1600_8x8 --mem-channels=2 --mem-ranks=2 --fast-forward=2000000000 --rel-max-tick=2000000000000

['dpi-queue', 'monitoring']
{'dpi-queue': [0, 1, 2, 3, 4, 5, 6, 7, 8, 9, 10, 11, 12, 13, 14, 15, 16], 'monitoring': [17]} 2 18
Setting the interpreter path to: /usr/aarch64-linux-gnu 
For dynamically linked applications you might still need to setup the --redirects so that libraries are found

Global frequency set at 1000000000000 ticks per second
Switch at instruction count:2000000000
Receiving started
Running 1 pipelines
trying to open file /users/yangzhou/ictf2010_1Mflow.dat
opening succeeds
pkt_num: 102400
dpi rules length: 33471
Reading pkt trace done!
monitoring packets processed: 16384
monitoring packets processed: 32768
monitoring packets processed: 49152
monitoring packets processed: 65536
monitoring packets processed: 81920
monitoring packets processed: 98304
monitoring packets processed: 114688
monitoring packets processed: 131072
monitoring packets processed: 147456
monitoring packets processed: 163840
monitoring packets processed: 180224
monitoring packets processed: 196608
monitoring packets processed: 212992
monitoring packets processed: 229376
monitoring packets processed: 245760
monitoring packets processed: 262144
monitoring packets processed: 278528
monitoring packets processed: 294912
monitoring packets processed: 311296
monitoring packets processed: 327680
dpi AhoCorasick graph built up!
trying to open file /users/yangzhou/ictf2010_1Mflow.dat
opening succeeds
monitoring packets processed: 344064
monitoring packets processed: 360448
monitoring packets processed: 376832
Reading pkt trace done!
monitoring packets processed: 393216
dpi packets processed: 16384
dpi packets processed: 32768
monitoring packets processed: 409600
dpi packets processed: 49152
monitoring packets processed: 425984
dpi packets processed: 65536
dpi packets processed: 81920
monitoring packets processed: 442368
dpi packets processed: 98304
monitoring packets processed: 458752
dpi packets processed: 114688
dpi packets processed: 131072
monitoring packets processed: 475136
dpi packets processed: 147456
dpi packets processed: 163840
monitoring packets processed: 491520
dpi packets processed: 180224
monitoring packets processed: 507904
dpi packets processed: 196608
dpi packets processed: 212992
monitoring packets processed: 524288
dpi packets processed: 229376
monitoring packets processed: 540672
dpi packets processed: 245760
dpi packets processed: 262144
monitoring packets processed: 557056
dpi packets processed: 278528
monitoring packets processed: 573440
dpi packets processed: 294912
dpi packets processed: 311296
monitoring packets processed: 589824
dpi packets processed: 327680
dpi packets processed: 344064
monitoring packets processed: 606208
dpi packets processed: 360448
monitoring packets processed: 622592
dpi packets processed: 376832
dpi packets processed: 393216
monitoring packets processed: 638976
dpi packets processed: 409600
monitoring packets processed: 655360
dpi packets processed: 425984
dpi packets processed: 442368
monitoring packets processed: 671744
dpi packets processed: 458752
monitoring packets processed: 688128
dpi packets processed: 475136
dpi packets processed: 491520
monitoring packets processed: 704512
dpi packets processed: 507904
dpi packets processed: 524288
monitoring packets processed: 720896
dpi packets processed: 540672
monitoring packets processed: 737280
dpi packets processed: 557056
dpi packets processed: 573440
dpi packets processed: 589824
monitoring packets processed: 753664
dpi packets processed: 606208
dpi packets processed: 622592
monitoring packets processed: 770048
dpi packets processed: 638976
monitoring packets processed: 786432
dpi packets processed: 655360
dpi packets processed: 671744
monitoring packets processed: 802816
dpi packets processed: 688128
dpi packets processed: 704512
monitoring packets processed: 819200
dpi packets processed: 720896
monitoring packets processed: 835584
dpi packets processed: 737280
dpi packets processed: 753664
monitoring packets processed: 851968
dpi packets processed: 770048
monitoring packets processed: 868352
dpi packets processed: 786432
dpi packets processed: 802816
monitoring packets processed: 884736
dpi packets processed: 819200
monitoring packets processed: 901120
dpi packets processed: 835584
dpi packets processed: 851968
monitoring packets processed: 917504
dpi packets processed: 868352
dpi packets processed: 884736
monitoring packets processed: 933888
dpi packets processed: 901120
monitoring packets processed: 950272
dpi packets processed: 917504
dpi packets processed: 933888
monitoring packets processed: 966656
dpi packets processed: 950272
monitoring packets processed: 983040
dpi packets processed: 966656
dpi packets processed: 983040
monitoring packets processed: 999424
dpi packets processed: 999424
monitoring packets processed: 1015808
dpi packets processed: 1015808
dpi packets processed: 1032192
monitoring packets processed: 1032192
dpi packets processed: 1048576
dpi packets processed: 1064960
monitoring packets processed: 1048576
dpi packets processed: 1081344
monitoring packets processed: 1064960
dpi packets processed: 1097728
dpi packets processed: 1114112
monitoring packets processed: 1081344
dpi packets processed: 1130496
monitoring packets processed: 1097728
dpi packets processed: 1146880
dpi packets processed: 1163264
monitoring packets processed: 1114112
dpi packets processed: 1179648
monitoring packets processed: 1130496
dpi packets processed: 1196032
dpi packets processed: 1212416
monitoring packets processed: 1146880
dpi packets processed: 1228800
monitoring packets processed: 1163264
dpi packets processed: 1245184
dpi packets processed: 1261568
monitoring packets processed: 1179648
dpi packets processed: 1277952
dpi packets processed: 1294336
monitoring packets processed: 1196032
dpi packets processed: 1310720
monitoring packets processed: 1212416
dpi packets processed: 1327104
dpi packets processed: 1343488
monitoring packets processed: 1228800
dpi packets processed: 1359872
monitoring packets processed: 1245184
dpi packets processed: 1376256
dpi packets processed: 1392640
monitoring packets processed: 1261568
dpi packets processed: 1409024
monitoring packets processed: 1277952
dpi packets processed: 1425408
dpi packets processed: 1441792
monitoring packets processed: 1294336
dpi packets processed: 1458176
dpi packets processed: 1474560
monitoring packets processed: 1310720
dpi packets processed: 1490944
monitoring packets processed: 1327104
dpi packets processed: 1507328
dpi packets processed: 1523712
monitoring packets processed: 1343488
dpi packets processed: 1540096
monitoring packets processed: 1359872
dpi packets processed: 1556480
dpi packets processed: 1572864
monitoring packets processed: 1376256
dpi packets processed: 1589248
monitoring packets processed: 1392640
dpi packets processed: 1605632
dpi packets processed: 1622016
monitoring packets processed: 1409024
dpi packets processed: 1638400
dpi packets processed: 1654784
monitoring packets processed: 1425408
dpi packets processed: 1671168
monitoring packets processed: 1441792
dpi packets processed: 1687552
dpi packets processed: 1703936
monitoring packets processed: 1458176
dpi packets processed: 1720320
monitoring packets processed: 1474560
dpi packets processed: 1736704
dpi packets processed: 1753088
monitoring packets processed: 1490944
dpi packets processed: 1769472
monitoring packets processed: 1507328
dpi packets processed: 1785856
dpi packets processed: 1802240
monitoring packets processed: 1523712
dpi packets processed: 1818624
monitoring packets processed: 1540096
dpi packets processed: 1835008
dpi packets processed: 1851392
monitoring packets processed: 1556480
dpi packets processed: 1867776
dpi packets processed: 1884160
monitoring packets processed: 1572864
dpi packets processed: 1900544
monitoring packets processed: 1589248
dpi packets processed: 1916928
dpi packets processed: 1933312
monitoring packets processed: 1605632
dpi packets processed: 1949696
monitoring packets processed: 1622016
dpi packets processed: 1966080
dpi packets processed: 1982464
monitoring packets processed: 1638400
dpi packets processed: 1998848
monitoring packets processed: 1654784
dpi packets processed: 2015232
dpi packets processed: 2031616
monitoring packets processed: 1671168
dpi packets processed: 2048000
dpi packets processed: 2064384
monitoring packets processed: 1687552
dpi packets processed: 2080768
Switched CPUS @ tick 937327194429
switching cpus
**** REAL SIMULATION ****
monitoring packets processed: 1703936
dpi packets processed: 2097152
monitoring packets processed: 1720320
dpi packets processed: 2113536
dpi packets processed: 2129920
monitoring packets processed: 1736704
dpi packets processed: 2146304
monitoring packets processed: 1753088
dpi packets processed: 2162688
monitoring packets processed: 1769472
dpi packets processed: 2179072
dpi packets processed: 2195456
monitoring packets processed: 1785856
dpi packets processed: 2211840
monitoring packets processed: 1802240
dpi packets processed: 2228224
monitoring packets processed: 1818624
dpi packets processed: 2244608
dpi packets processed: 2260992
monitoring packets processed: 1835008
dpi packets processed: 2277376
monitoring packets processed: 1851392
dpi packets processed: 2293760
monitoring packets processed: 1867776
dpi packets processed: 2310144
dpi packets processed: 2326528
monitoring packets processed: 1884160
dpi packets processed: 2342912
monitoring packets processed: 1900544
dpi packets processed: 2359296
monitoring packets processed: 1916928
dpi packets processed: 2375680
dpi packets processed: 2392064
monitoring packets processed: 1933312
dpi packets processed: 2408448
monitoring packets processed: 1949696
dpi packets processed: 2424832
monitoring packets processed: 1966080
dpi packets processed: 2441216
monitoring packets processed: 1982464
dpi packets processed: 2457600
dpi packets processed: 2473984
monitoring packets processed: 1998848
dpi packets processed: 2490368
monitoring packets processed: 2015232
dpi packets processed: 2506752
monitoring packets processed: 2031616
dpi packets processed: 2523136
dpi packets processed: 2539520
monitoring packets processed: 2048000
dpi packets processed: 2555904
monitoring packets processed: 2064384
dpi packets processed: 2572288
monitoring packets processed: 2080768
dpi packets processed: 2588672
dpi packets processed: 2605056
monitoring packets processed: 2097152
dpi packets processed: 2621440
monitoring packets processed: 2113536
dpi packets processed: 2637824
monitoring packets processed: 2129920
dpi packets processed: 2654208
dpi packets processed: 2670592
monitoring packets processed: 2146304
dpi packets processed: 2686976
monitoring packets processed: 2162688
dpi packets processed: 2703360
monitoring packets processed: 2179072
dpi packets processed: 2719744
dpi packets processed: 2736128
monitoring packets processed: 2195456
dpi packets processed: 2752512
monitoring packets processed: 2211840
dpi packets processed: 2768896
monitoring packets processed: 2228224
dpi packets processed: 2785280
monitoring packets processed: 2244608
dpi packets processed: 2801664
dpi packets processed: 2818048
monitoring packets processed: 2260992
dpi packets processed: 2834432
monitoring packets processed: 2277376
dpi packets processed: 2850816
monitoring packets processed: 2293760
dpi packets processed: 2867200
dpi packets processed: 2883584
monitoring packets processed: 2310144
dpi packets processed: 2899968
monitoring packets processed: 2326528
dpi packets processed: 2916352
monitoring packets processed: 2342912
dpi packets processed: 2932736
dpi packets processed: 2949120
monitoring packets processed: 2359296
dpi packets processed: 2965504
monitoring packets processed: 2375680
dpi packets processed: 2981888
monitoring packets processed: 2392064
dpi packets processed: 2998272
dpi packets processed: 3014656
monitoring packets processed: 2408448
dpi packets processed: 3031040
monitoring packets processed: 2424832
dpi packets processed: 3047424
monitoring packets processed: 2441216
dpi packets processed: 3063808
dpi packets processed: 3080192
monitoring packets processed: 2457600
dpi packets processed: 3096576
monitoring packets processed: 2473984
dpi packets processed: 3112960
monitoring packets processed: 2490368
dpi packets processed: 3129344
monitoring packets processed: 2506752
dpi packets processed: 3145728
dpi packets processed: 3162112
monitoring packets processed: 2523136
dpi packets processed: 3178496
monitoring packets processed: 2539520
dpi packets processed: 3194880
monitoring packets processed: 2555904
dpi packets processed: 3211264
dpi packets processed: 3227648
monitoring packets processed: 2572288
dpi packets processed: 3244032
monitoring packets processed: 2588672
dpi packets processed: 3260416
monitoring packets processed: 2605056
dpi packets processed: 3276800
dpi packets processed: 3293184
monitoring packets processed: 2621440
dpi packets processed: 3309568
monitoring packets processed: 2637824
dpi packets processed: 3325952
monitoring packets processed: 2654208
dpi packets processed: 3342336
dpi packets processed: 3358720
monitoring packets processed: 2670592
dpi packets processed: 3375104
monitoring packets processed: 2686976
dpi packets processed: 3391488
monitoring packets processed: 2703360
dpi packets processed: 3407872
dpi packets processed: 3424256
monitoring packets processed: 2719744
dpi packets processed: 3440640
monitoring packets processed: 2736128
dpi packets processed: 3457024
monitoring packets processed: 2752512
dpi packets processed: 3473408
dpi packets processed: 3489792
monitoring packets processed: 2768896
dpi packets processed: 3506176
monitoring packets processed: 2785280
dpi packets processed: 3522560
monitoring packets processed: 2801664
dpi packets processed: 3538944
monitoring packets processed: 2818048
dpi packets processed: 3555328
dpi packets processed: 3571712
monitoring packets processed: 2834432
dpi packets processed: 3588096
monitoring packets processed: 2850816
dpi packets processed: 3604480
monitoring packets processed: 2867200
dpi packets processed: 3620864
dpi packets processed: 3637248
monitoring packets processed: 2883584
dpi packets processed: 3653632
monitoring packets processed: 2899968
dpi packets processed: 3670016
monitoring packets processed: 2916352
dpi packets processed: 3686400
dpi packets processed: 3702784
monitoring packets processed: 2932736
dpi packets processed: 3719168
monitoring packets processed: 2949120
dpi packets processed: 3735552
monitoring packets processed: 2965504
dpi packets processed: 3751936
dpi packets processed: 3768320
monitoring packets processed: 2981888
dpi packets processed: 3784704
monitoring packets processed: 2998272
dpi packets processed: 3801088
monitoring packets processed: 3014656
dpi packets processed: 3817472
dpi packets processed: 3833856
monitoring packets processed: 3031040
dpi packets processed: 3850240
monitoring packets processed: 3047424
dpi packets processed: 3866624
monitoring packets processed: 3063808
dpi packets processed: 3883008
monitoring packets processed: 3080192
dpi packets processed: 3899392
dpi packets processed: 3915776
monitoring packets processed: 3096576
dpi packets processed: 3932160
monitoring packets processed: 3112960
dpi packets processed: 3948544
monitoring packets processed: 3129344
dpi packets processed: 3964928
dpi packets processed: 3981312
monitoring packets processed: 3145728
dpi packets processed: 3997696
monitoring packets processed: 3162112
dpi packets processed: 4014080
monitoring packets processed: 3178496
dpi packets processed: 4030464
dpi packets processed: 4046848
monitoring packets processed: 3194880
dpi packets processed: 4063232
monitoring packets processed: 3211264
dpi packets processed: 4079616
monitoring packets processed: 3227648
dpi packets processed: 4096000
dpi packets processed: 4112384
monitoring packets processed: 3244032
dpi packets processed: 4128768
monitoring packets processed: 3260416
dpi packets processed: 4145152
monitoring packets processed: 3276800
dpi packets processed: 4161536
dpi packets processed: 4177920
monitoring packets processed: 3293184
dpi packets processed: 4194304
monitoring packets processed: 3309568
dpi packets processed: 4210688
monitoring packets processed: 3325952
dpi packets processed: 4227072
monitoring packets processed: 3342336
dpi packets processed: 4243456
dpi packets processed: 4259840
monitoring packets processed: 3358720
dpi packets processed: 4276224
monitoring packets processed: 3375104
dpi packets processed: 4292608
monitoring packets processed: 3391488
dpi packets processed: 4308992
dpi packets processed: 4325376
monitoring packets processed: 3407872
dpi packets processed: 4341760
monitoring packets processed: 3424256
dpi packets processed: 4358144
monitoring packets processed: 3440640
dpi packets processed: 4374528
dpi packets processed: 4390912
monitoring packets processed: 3457024
dpi packets processed: 4407296
monitoring packets processed: 3473408
dpi packets processed: 4423680
monitoring packets processed: 3489792
dpi packets processed: 4440064
dpi packets processed: 4456448
monitoring packets processed: 3506176
dpi packets processed: 4472832
monitoring packets processed: 3522560
dpi packets processed: 4489216
monitoring packets processed: 3538944
dpi packets processed: 4505600
dpi packets processed: 4521984
monitoring packets processed: 3555328
dpi packets processed: 4538368
monitoring packets processed: 3571712
dpi packets processed: 4554752
monitoring packets processed: 3588096
dpi packets processed: 4571136
monitoring packets processed: 3604480
dpi packets processed: 4587520
dpi packets processed: 4603904
monitoring packets processed: 3620864
dpi packets processed: 4620288
monitoring packets processed: 3637248
dpi packets processed: 4636672
monitoring packets processed: 3653632
dpi packets processed: 4653056
dpi packets processed: 4669440
monitoring packets processed: 3670016
dpi packets processed: 4685824
monitoring packets processed: 3686400
dpi packets processed: 4702208
monitoring packets processed: 3702784
dpi packets processed: 4718592
dpi packets processed: 4734976
monitoring packets processed: 3719168
dpi packets processed: 4751360
monitoring packets processed: 3735552
dpi packets processed: 4767744
monitoring packets processed: 3751936
dpi packets processed: 4784128
dpi packets processed: 4800512
monitoring packets processed: 3768320
dpi packets processed: 4816896
monitoring packets processed: 3784704
dpi packets processed: 4833280
monitoring packets processed: 3801088
dpi packets processed: 4849664
dpi packets processed: 4866048
monitoring packets processed: 3817472
dpi packets processed: 4882432
monitoring packets processed: 3833856
dpi packets processed: 4898816
monitoring packets processed: 3850240
dpi packets processed: 4915200
dpi packets processed: 4931584
monitoring packets processed: 3866624
dpi packets processed: 4947968
monitoring packets processed: 3883008
dpi packets processed: 4964352
monitoring packets processed: 3899392
dpi packets processed: 4980736
monitoring packets processed: 3915776
dpi packets processed: 4997120
dpi packets processed: 5013504
monitoring packets processed: 3932160
dpi packets processed: 5029888
monitoring packets processed: 3948544
dpi packets processed: 5046272
monitoring packets processed: 3964928
dpi packets processed: 5062656
dpi packets processed: 5079040
monitoring packets processed: 3981312
dpi packets processed: 5095424
monitoring packets processed: 3997696
dpi packets processed: 5111808
monitoring packets processed: 4014080
dpi packets processed: 5128192
dpi packets processed: 5144576
monitoring packets processed: 4030464
dpi packets processed: 5160960
monitoring packets processed: 4046848
dpi packets processed: 5177344
monitoring packets processed: 4063232
dpi packets processed: 5193728
dpi packets processed: 5210112
monitoring packets processed: 4079616
dpi packets processed: 5226496
monitoring packets processed: 4096000
dpi packets processed: 5242880
monitoring packets processed: 4112384
dpi packets processed: 5259264
dpi packets processed: 5275648
monitoring packets processed: 4128768
dpi packets processed: 5292032
monitoring packets processed: 4145152
dpi packets processed: 5308416
monitoring packets processed: 4161536
dpi packets processed: 5324800
dpi packets processed: 5341184
monitoring packets processed: 4177920
dpi packets processed: 5357568
monitoring packets processed: 4194304
dpi packets processed: 5373952
monitoring packets processed: 4210688
dpi packets processed: 5390336
monitoring packets processed: 4227072
dpi packets processed: 5406720
dpi packets processed: 5423104
monitoring packets processed: 4243456
dpi packets processed: 5439488
monitoring packets processed: 4259840
dpi packets processed: 5455872
monitoring packets processed: 4276224
dpi packets processed: 5472256
dpi packets processed: 5488640
monitoring packets processed: 4292608
dpi packets processed: 5505024
monitoring packets processed: 4308992
dpi packets processed: 5521408
monitoring packets processed: 4325376
dpi packets processed: 5537792
dpi packets processed: 5554176
monitoring packets processed: 4341760
Exiting @ tick 2000000000000 because simulate() limit reached
