gem5 Simulator System.  http://gem5.org
gem5 is copyrighted software; use the --copyright option for details.

gem5 compiled Jan 24 2020 10:09:20
gem5 started Jan 27 2020 16:56:33
gem5 executing on node-1.yangzhou-qv63856.lambda-mpi-pg0.clemson.cloudlab.us, pid 112358
command line: build/ARM/gem5.fast --remote-gdb-port=0 --outdir=/users/yangzhou/gem5/sgx_nic/m5out/DerivO3CPU_acl-fw.dpi-queue.nat-tcp-v4.maglev.lpm_4MB --stats-file=DerivO3CPU_acl-fw.dpi-queue.nat-tcp-v4.maglev.lpm_4MB_stats.txt configs/example/se_nic.py --interp-dir /usr/aarch64-linux-gnu --redirects /lib=/usr/aarch64-linux-gnu/lib -c 'acl-fw;dpi-queue;nat-tcp-v4;maglev;lpm' --cpu-type=DerivO3CPU --cpu-clock=2.4GHz --asic-clock=0.56GHz --cacheline_size=128 --caches --l2cache --l2_size=4MB --l2_assoc=16 --mem-size=192GB --mem-type=DDR3_1600_8x8 --mem-channels=2 --mem-ranks=2 --fast-forward=2000000000 --rel-max-tick=2000000000000

['acl-fw', 'dpi-queue', 'nat-tcp-v4', 'maglev', 'lpm']
{'maglev': [19], 'dpi-queue': [1, 2, 3, 4, 5, 6, 7, 8, 9, 10, 11, 12, 13, 14, 15, 16, 17], 'nat-tcp-v4': [18], 'lpm': [20], 'acl-fw': [0]} 5 21
Setting the interpreter path to: /usr/aarch64-linux-gnu 
For dynamically linked applications you might still need to setup the --redirects so that libraries are found

Global frequency set at 1000000000000 ticks per second
Switch at instruction count:2000000000
Receiving started
Receiving started
Receiving started
Receiving port Simulate queue
Running 1 pipelines
Running 1 pipelines
Running 1 pipelines
trying to open file /users/yangzhou/ictf2010_1Mflow.dat
trying to open file /users/yangzhou/ictf2010_1Mflow.dat
trying to open file /users/yangzhou/ictf2010_1Mflow.dat
opening succeeds
opening succeeds
opening succeeds
Receiving port Simulate queue
Running 1 pipelines
trying to open file /users/yangzhou/ictf2010_1Mflow.dat
opening succeeds
pkt_num: 102400
dpi rules length: 33471
Reading pkt trace done!
Reading pkt trace done!
Reading pkt trace done!
Reading pkt trace done!
Generating permutations
Generating LUT
Done Generating LUT
maglev packets processed: 16384
recover down
nat-tcp-v4 packets processed: 16384
number of rules in acls: 643
maglev packets processed: 32768
nat-tcp-v4 packets processed: 32768
maglev packets processed: 49152
maglev packets processed: 65536
acl-fw packets processed: 16384
nat-tcp-v4 packets processed: 49152
maglev packets processed: 81920
maglev packets processed: 98304
nat-tcp-v4 packets processed: 65536
acl-fw packets processed: 32768
maglev packets processed: 114688
lpm packets processed: 16384
nat-tcp-v4 packets processed: 81920
lpm packets processed: 32768
nat-tcp-v4 packets processed: 98304
maglev packets processed: 131072
lpm packets processed: 49152
nat-tcp-v4 packets processed: 114688
lpm packets processed: 65536
maglev packets processed: 147456
nat-tcp-v4 packets processed: 131072
lpm packets processed: 81920
nat-tcp-v4 packets processed: 147456
acl-fw packets processed: 49152
maglev packets processed: 163840
lpm packets processed: 98304
nat-tcp-v4 packets processed: 163840
lpm packets processed: 114688
maglev packets processed: 180224
lpm packets processed: 131072
nat-tcp-v4 packets processed: 180224
lpm packets processed: 147456
nat-tcp-v4 packets processed: 196608
maglev packets processed: 196608
lpm packets processed: 163840
acl-fw packets processed: 65536
nat-tcp-v4 packets processed: 212992
lpm packets processed: 180224
maglev packets processed: 212992
nat-tcp-v4 packets processed: 229376
lpm packets processed: 196608
nat-tcp-v4 packets processed: 245760
lpm packets processed: 212992
maglev packets processed: 229376
lpm packets processed: 229376
nat-tcp-v4 packets processed: 262144
maglev packets processed: 245760
lpm packets processed: 245760
nat-tcp-v4 packets processed: 278528
acl-fw packets processed: 81920
lpm packets processed: 262144
nat-tcp-v4 packets processed: 294912
maglev packets processed: 262144
lpm packets processed: 278528
nat-tcp-v4 packets processed: 311296
lpm packets processed: 294912
maglev packets processed: 278528
nat-tcp-v4 packets processed: 327680
lpm packets processed: 311296
acl-fw packets processed: 98304
nat-tcp-v4 packets processed: 344064
lpm packets processed: 327680
maglev packets processed: 294912
lpm packets processed: 344064
nat-tcp-v4 packets processed: 360448
dpi AhoCorasick graph built up!
trying to open file /users/yangzhou/ictf2010_1Mflow.dat
opening succeeds
lpm packets processed: 360448
maglev packets processed: 311296
nat-tcp-v4 packets processed: 376832
lpm packets processed: 376832
nat-tcp-v4 packets processed: 393216
lpm packets processed: 393216
maglev packets processed: 327680
nat-tcp-v4 packets processed: 409600
acl-fw packets processed: 114688
lpm packets processed: 409600
Reading pkt trace done!
maglev packets processed: 344064
nat-tcp-v4 packets processed: 425984
lpm packets processed: 425984
dpi packets processed: 16384
lpm packets processed: 442368
nat-tcp-v4 packets processed: 442368
maglev packets processed: 360448
dpi packets processed: 32768
lpm packets processed: 458752
nat-tcp-v4 packets processed: 458752
dpi packets processed: 49152
lpm packets processed: 475136
acl-fw packets processed: 131072
nat-tcp-v4 packets processed: 475136
maglev packets processed: 376832
dpi packets processed: 65536
lpm packets processed: 491520
nat-tcp-v4 packets processed: 491520
dpi packets processed: 81920
lpm packets processed: 507904
maglev packets processed: 393216
dpi packets processed: 98304
nat-tcp-v4 packets processed: 507904
lpm packets processed: 524288
dpi packets processed: 114688
nat-tcp-v4 packets processed: 524288
maglev packets processed: 409600
lpm packets processed: 540672
dpi packets processed: 131072
acl-fw packets processed: 147456
lpm packets processed: 557056
nat-tcp-v4 packets processed: 540672
dpi packets processed: 147456
maglev packets processed: 425984
lpm packets processed: 573440
nat-tcp-v4 packets processed: 557056
dpi packets processed: 163840
lpm packets processed: 589824
nat-tcp-v4 packets processed: 573440
dpi packets processed: 180224
maglev packets processed: 442368
lpm packets processed: 606208
dpi packets processed: 196608
nat-tcp-v4 packets processed: 589824
lpm packets processed: 622592
acl-fw packets processed: 163840
maglev packets processed: 458752
dpi packets processed: 212992
nat-tcp-v4 packets processed: 606208
lpm packets processed: 638976
dpi packets processed: 229376
lpm packets processed: 655360
nat-tcp-v4 packets processed: 622592
maglev packets processed: 475136
dpi packets processed: 245760
lpm packets processed: 671744
nat-tcp-v4 packets processed: 638976
dpi packets processed: 262144
lpm packets processed: 688128
maglev packets processed: 491520
nat-tcp-v4 packets processed: 655360
dpi packets processed: 278528
lpm packets processed: 704512
acl-fw packets processed: 180224
dpi packets processed: 294912
nat-tcp-v4 packets processed: 671744
maglev packets processed: 507904
lpm packets processed: 720896
dpi packets processed: 311296
nat-tcp-v4 packets processed: 688128
lpm packets processed: 737280
dpi packets processed: 327680
maglev packets processed: 524288
nat-tcp-v4 packets processed: 704512
lpm packets processed: 753664
dpi packets processed: 344064
lpm packets processed: 770048
nat-tcp-v4 packets processed: 720896
maglev packets processed: 540672
dpi packets processed: 360448
acl-fw packets processed: 196608
lpm packets processed: 786432
nat-tcp-v4 packets processed: 737280
dpi packets processed: 376832
lpm packets processed: 802816
maglev packets processed: 557056
nat-tcp-v4 packets processed: 753664
dpi packets processed: 393216
lpm packets processed: 819200
dpi packets processed: 409600
nat-tcp-v4 packets processed: 770048
lpm packets processed: 835584
maglev packets processed: 573440
dpi packets processed: 425984
nat-tcp-v4 packets processed: 786432
lpm packets processed: 851968
dpi packets processed: 442368
acl-fw packets processed: 212992
maglev packets processed: 589824
lpm packets processed: 868352
nat-tcp-v4 packets processed: 802816
dpi packets processed: 458752
lpm packets processed: 884736
nat-tcp-v4 packets processed: 819200
dpi packets processed: 475136
maglev packets processed: 606208
lpm packets processed: 901120
nat-tcp-v4 packets processed: 835584
dpi packets processed: 491520
lpm packets processed: 917504
dpi packets processed: 507904
maglev packets processed: 622592
nat-tcp-v4 packets processed: 851968
lpm packets processed: 933888
acl-fw packets processed: 229376
dpi packets processed: 524288
nat-tcp-v4 packets processed: 868352
lpm packets processed: 950272
maglev packets processed: 638976
dpi packets processed: 540672
nat-tcp-v4 packets processed: 884736
lpm packets processed: 966656
dpi packets processed: 557056
lpm packets processed: 983040
nat-tcp-v4 packets processed: 901120
maglev packets processed: 655360
dpi packets processed: 573440
lpm packets processed: 999424
nat-tcp-v4 packets processed: 917504
dpi packets processed: 589824
acl-fw packets processed: 245760
maglev packets processed: 671744
lpm packets processed: 1015808
dpi packets processed: 606208
nat-tcp-v4 packets processed: 933888
lpm packets processed: 1032192
dpi packets processed: 622592
nat-tcp-v4 packets processed: 950272
maglev packets processed: 688128
lpm packets processed: 1048576
dpi packets processed: 638976
nat-tcp-v4 packets processed: 966656
lpm packets processed: 1064960
dpi packets processed: 655360
maglev packets processed: 704512
lpm packets processed: 1081344
nat-tcp-v4 packets processed: 983040
acl-fw packets processed: 262144
dpi packets processed: 671744
lpm packets processed: 1097728
nat-tcp-v4 packets processed: 999424
maglev packets processed: 720896
dpi packets processed: 688128
lpm packets processed: 1114112
nat-tcp-v4 packets processed: 1015808
dpi packets processed: 704512
lpm packets processed: 1130496
maglev packets processed: 737280
dpi packets processed: 720896
nat-tcp-v4 packets processed: 1032192
lpm packets processed: 1146880
dpi packets processed: 737280
nat-tcp-v4 packets processed: 1048576
acl-fw packets processed: 278528
maglev packets processed: 753664
lpm packets processed: 1163264
dpi packets processed: 753664
nat-tcp-v4 packets processed: 1064960
lpm packets processed: 1179648
dpi packets processed: 770048
maglev packets processed: 770048
lpm packets processed: 1196032
nat-tcp-v4 packets processed: 1081344
dpi packets processed: 786432
lpm packets processed: 1212416
nat-tcp-v4 packets processed: 1097728
dpi packets processed: 802816
maglev packets processed: 786432
lpm packets processed: 1228800
acl-fw packets processed: 294912
dpi packets processed: 819200
nat-tcp-v4 packets processed: 1114112
lpm packets processed: 1245184
dpi packets processed: 835584
maglev packets processed: 802816
nat-tcp-v4 packets processed: 1130496
lpm packets processed: 1261568
dpi packets processed: 851968
nat-tcp-v4 packets processed: 1146880
lpm packets processed: 1277952
maglev packets processed: 819200
dpi packets processed: 868352
lpm packets processed: 1294336
nat-tcp-v4 packets processed: 1163264
acl-fw packets processed: 311296
dpi packets processed: 884736
lpm packets processed: 1310720
maglev packets processed: 835584
nat-tcp-v4 packets processed: 1179648
dpi packets processed: 901120
lpm packets processed: 1327104
dpi packets processed: 917504
nat-tcp-v4 packets processed: 1196032
maglev packets processed: 851968
lpm packets processed: 1343488
dpi packets processed: 933888
nat-tcp-v4 packets processed: 1212416
lpm packets processed: 1359872
dpi packets processed: 950272
acl-fw packets processed: 327680
maglev packets processed: 868352
nat-tcp-v4 packets processed: 1228800
lpm packets processed: 1376256
dpi packets processed: 966656
nat-tcp-v4 packets processed: 1245184
lpm packets processed: 1392640
dpi packets processed: 983040
maglev packets processed: 884736
lpm packets processed: 1409024
nat-tcp-v4 packets processed: 1261568
dpi packets processed: 999424
lpm packets processed: 1425408
maglev packets processed: 901120
nat-tcp-v4 packets processed: 1277952
dpi packets processed: 1015808
acl-fw packets processed: 344064
lpm packets processed: 1441792
dpi packets processed: 1032192
nat-tcp-v4 packets processed: 1294336
lpm packets processed: 1458176
maglev packets processed: 917504
dpi packets processed: 1048576
nat-tcp-v4 packets processed: 1310720
lpm packets processed: 1474560
dpi packets processed: 1064960
nat-tcp-v4 packets processed: 1327104
maglev packets processed: 933888
lpm packets processed: 1490944
dpi packets processed: 1081344
lpm packets processed: 1507328
acl-fw packets processed: 360448
nat-tcp-v4 packets processed: 1343488
dpi packets processed: 1097728
maglev packets processed: 950272
lpm packets processed: 1523712
nat-tcp-v4 packets processed: 1359872
dpi packets processed: 1114112
lpm packets processed: 1540096
dpi packets processed: 1130496
nat-tcp-v4 packets processed: 1376256
maglev packets processed: 966656
lpm packets processed: 1556480
dpi packets processed: 1146880
nat-tcp-v4 packets processed: 1392640
lpm packets processed: 1572864
dpi packets processed: 1163264
maglev packets processed: 983040
acl-fw packets processed: 376832
nat-tcp-v4 packets processed: 1409024
lpm packets processed: 1589248
dpi packets processed: 1179648
nat-tcp-v4 packets processed: 1425408
lpm packets processed: 1605632
maglev packets processed: 999424
dpi packets processed: 1196032
lpm packets processed: 1622016
nat-tcp-v4 packets processed: 1441792
dpi packets processed: 1212416
maglev packets processed: 1015808
lpm packets processed: 1638400
dpi packets processed: 1228800
nat-tcp-v4 packets processed: 1458176
acl-fw packets processed: 393216
lpm packets processed: 1654784
dpi packets processed: 1245184
nat-tcp-v4 packets processed: 1474560
maglev packets processed: 1032192
lpm packets processed: 1671168
dpi packets processed: 1261568
nat-tcp-v4 packets processed: 1490944
lpm packets processed: 1687552
dpi packets processed: 1277952
maglev packets processed: 1048576
nat-tcp-v4 packets processed: 1507328
lpm packets processed: 1703936
dpi packets processed: 1294336
lpm packets processed: 1720320
nat-tcp-v4 packets processed: 1523712
dpi packets processed: 1310720
maglev packets processed: 1064960
acl-fw packets processed: 409600
lpm packets processed: 1736704
dpi packets processed: 1327104
nat-tcp-v4 packets processed: 1540096
lpm packets processed: 1753088
dpi packets processed: 1343488
maglev packets processed: 1081344
nat-tcp-v4 packets processed: 1556480
lpm packets processed: 1769472
dpi packets processed: 1359872
nat-tcp-v4 packets processed: 1572864
lpm packets processed: 1785856
maglev packets processed: 1097728
dpi packets processed: 1376256
acl-fw packets processed: 425984
nat-tcp-v4 packets processed: 1589248
lpm packets processed: 1802240
dpi packets processed: 1392640
maglev packets processed: 1114112
nat-tcp-v4 packets processed: 1605632
lpm packets processed: 1818624
dpi packets processed: 1409024
lpm packets processed: 1835008
nat-tcp-v4 packets processed: 1622016
dpi packets processed: 1425408
maglev packets processed: 1130496
lpm packets processed: 1851392
dpi packets processed: 1441792
nat-tcp-v4 packets processed: 1638400
acl-fw packets processed: 442368
lpm packets processed: 1867776
dpi packets processed: 1458176
nat-tcp-v4 packets processed: 1654784
maglev packets processed: 1146880
lpm packets processed: 1884160
dpi packets processed: 1474560
nat-tcp-v4 packets processed: 1671168
lpm packets processed: 1900544
dpi packets processed: 1490944
maglev packets processed: 1163264
nat-tcp-v4 packets processed: 1687552
lpm packets processed: 1916928
dpi packets processed: 1507328
nat-tcp-v4 packets processed: 1703936
lpm packets processed: 1933312
acl-fw packets processed: 458752
maglev packets processed: 1179648
dpi packets processed: 1523712
lpm packets processed: 1949696
dpi packets processed: 1540096
nat-tcp-v4 packets processed: 1720320
maglev packets processed: 1196032
lpm packets processed: 1966080
dpi packets processed: 1556480
nat-tcp-v4 packets processed: 1736704
lpm packets processed: 1982464
dpi packets processed: 1572864
nat-tcp-v4 packets processed: 1753088
maglev packets processed: 1212416
lpm packets processed: 1998848
dpi packets processed: 1589248
acl-fw packets processed: 475136
nat-tcp-v4 packets processed: 1769472
lpm packets processed: 2015232
dpi packets processed: 1605632
maglev packets processed: 1228800
nat-tcp-v4 packets processed: 1785856
lpm packets processed: 2031616
dpi packets processed: 1622016
lpm packets processed: 2048000
dpi packets processed: 1638400
nat-tcp-v4 packets processed: 1802240
maglev packets processed: 1245184
lpm packets processed: 2064384
dpi packets processed: 1654784
acl-fw packets processed: 491520
nat-tcp-v4 packets processed: 1818624
lpm packets processed: 2080768
dpi packets processed: 1671168
maglev packets processed: 1261568
nat-tcp-v4 packets processed: 1835008
lpm packets processed: 2097152
dpi packets processed: 1687552
nat-tcp-v4 packets processed: 1851392
maglev packets processed: 1277952
lpm packets processed: 2113536
dpi packets processed: 1703936
nat-tcp-v4 packets processed: 1867776
lpm packets processed: 2129920
dpi packets processed: 1720320
acl-fw packets processed: 507904
maglev packets processed: 1294336
nat-tcp-v4 packets processed: 1884160
lpm packets processed: 2146304
dpi packets processed: 1736704
lpm packets processed: 2162688
dpi packets processed: 1753088
nat-tcp-v4 packets processed: 1900544
maglev packets processed: 1310720
lpm packets processed: 2179072
dpi packets processed: 1769472
nat-tcp-v4 packets processed: 1916928
lpm packets processed: 2195456
dpi packets processed: 1785856
acl-fw packets processed: 524288
maglev packets processed: 1327104
nat-tcp-v4 packets processed: 1933312
lpm packets processed: 2211840
dpi packets processed: 1802240
nat-tcp-v4 packets processed: 1949696
dpi packets processed: 1818624
lpm packets processed: 2228224
maglev packets processed: 1343488
nat-tcp-v4 packets processed: 1966080
dpi packets processed: 1835008
lpm packets processed: 2244608
dpi packets processed: 1851392
lpm packets processed: 2260992
maglev packets processed: 1359872
nat-tcp-v4 packets processed: 1982464
acl-fw packets processed: 540672
dpi packets processed: 1867776
lpm packets processed: 2277376
nat-tcp-v4 packets processed: 1998848
maglev packets processed: 1376256
dpi packets processed: 1884160
lpm packets processed: 2293760
nat-tcp-v4 packets processed: 2015232
dpi packets processed: 1900544
lpm packets processed: 2310144
nat-tcp-v4 packets processed: 2031616
maglev packets processed: 1392640
dpi packets processed: 1916928
lpm packets processed: 2326528
acl-fw packets processed: 557056
nat-tcp-v4 packets processed: 2048000
dpi packets processed: 1933312
lpm packets processed: 2342912
maglev packets processed: 1409024
dpi packets processed: 1949696
nat-tcp-v4 packets processed: 2064384
lpm packets processed: 2359296
dpi packets processed: 1966080
lpm packets processed: 2375680
nat-tcp-v4 packets processed: 2080768
maglev packets processed: 1425408
dpi packets processed: 1982464
lpm packets processed: 2392064
acl-fw packets processed: 573440
nat-tcp-v4 packets processed: 2097152
dpi packets processed: 1998848
lpm packets processed: 2408448
maglev packets processed: 1441792
nat-tcp-v4 packets processed: 2113536
dpi packets processed: 2015232
lpm packets processed: 2424832
nat-tcp-v4 packets processed: 2129920
maglev packets processed: 1458176
dpi packets processed: 2031616
lpm packets processed: 2441216
nat-tcp-v4 packets processed: 2146304
dpi packets processed: 2048000
lpm packets processed: 2457600
acl-fw packets processed: 589824
maglev packets processed: 1474560
dpi packets processed: 2064384
Switched CPUS @ tick 929139312276
switching cpus
**** REAL SIMULATION ****
lpm packets processed: 2473984
nat-tcp-v4 packets processed: 2162688
dpi packets processed: 2080768
lpm packets processed: 2490368
nat-tcp-v4 packets processed: 2179072
maglev packets processed: 1490944
acl-fw packets processed: 606208
lpm packets processed: 2506752
dpi packets processed: 2097152
nat-tcp-v4 packets processed: 2195456
lpm packets processed: 2523136
dpi packets processed: 2113536
maglev packets processed: 1507328
nat-tcp-v4 packets processed: 2211840
lpm packets processed: 2539520
dpi packets processed: 2129920
acl-fw packets processed: 622592
nat-tcp-v4 packets processed: 2228224
maglev packets processed: 1523712
lpm packets processed: 2555904
dpi packets processed: 2146304
nat-tcp-v4 packets processed: 2244608
lpm packets processed: 2572288
dpi packets processed: 2162688
maglev packets processed: 1540096
lpm packets processed: 2588672
acl-fw packets processed: 638976
nat-tcp-v4 packets processed: 2260992
dpi packets processed: 2179072
lpm packets processed: 2605056
nat-tcp-v4 packets processed: 2277376
maglev packets processed: 1556480
dpi packets processed: 2195456
lpm packets processed: 2621440
nat-tcp-v4 packets processed: 2293760
dpi packets processed: 2211840
acl-fw packets processed: 655360
lpm packets processed: 2637824
maglev packets processed: 1572864
nat-tcp-v4 packets processed: 2310144
dpi packets processed: 2228224
lpm packets processed: 2654208
dpi packets processed: 2244608
nat-tcp-v4 packets processed: 2326528
maglev packets processed: 1589248
acl-fw packets processed: 671744
lpm packets processed: 2670592
dpi packets processed: 2260992
nat-tcp-v4 packets processed: 2342912
lpm packets processed: 2686976
maglev packets processed: 1605632
dpi packets processed: 2277376
lpm packets processed: 2703360
nat-tcp-v4 packets processed: 2359296
acl-fw packets processed: 688128
dpi packets processed: 2293760
lpm packets processed: 2719744
maglev packets processed: 1622016
nat-tcp-v4 packets processed: 2375680
dpi packets processed: 2310144
lpm packets processed: 2736128
nat-tcp-v4 packets processed: 2392064
acl-fw packets processed: 704512
maglev packets processed: 1638400
lpm packets processed: 2752512
dpi packets processed: 2326528
nat-tcp-v4 packets processed: 2408448
lpm packets processed: 2768896
dpi packets processed: 2342912
maglev packets processed: 1654784
nat-tcp-v4 packets processed: 2424832
lpm packets processed: 2785280
dpi packets processed: 2359296
acl-fw packets processed: 720896
nat-tcp-v4 packets processed: 2441216
lpm packets processed: 2801664
dpi packets processed: 2375680
maglev packets processed: 1671168
lpm packets processed: 2818048
nat-tcp-v4 packets processed: 2457600
dpi packets processed: 2392064
acl-fw packets processed: 737280
lpm packets processed: 2834432
maglev packets processed: 1687552
nat-tcp-v4 packets processed: 2473984
dpi packets processed: 2408448
lpm packets processed: 2850816
nat-tcp-v4 packets processed: 2490368
dpi packets processed: 2424832
maglev packets processed: 1703936
lpm packets processed: 2867200
acl-fw packets processed: 753664
dpi packets processed: 2441216
nat-tcp-v4 packets processed: 2506752
lpm packets processed: 2883584
maglev packets processed: 1720320
dpi packets processed: 2457600
nat-tcp-v4 packets processed: 2523136
lpm packets processed: 2899968
acl-fw packets processed: 770048
dpi packets processed: 2473984
nat-tcp-v4 packets processed: 2539520
lpm packets processed: 2916352
maglev packets processed: 1736704
dpi packets processed: 2490368
lpm packets processed: 2932736
nat-tcp-v4 packets processed: 2555904
dpi packets processed: 2506752
acl-fw packets processed: 786432
lpm packets processed: 2949120
maglev packets processed: 1753088
nat-tcp-v4 packets processed: 2572288
dpi packets processed: 2523136
lpm packets processed: 2965504
nat-tcp-v4 packets processed: 2588672
maglev packets processed: 1769472
dpi packets processed: 2539520
lpm packets processed: 2981888
acl-fw packets processed: 802816
nat-tcp-v4 packets processed: 2605056
lpm packets processed: 2998272
dpi packets processed: 2555904
maglev packets processed: 1785856
nat-tcp-v4 packets processed: 2621440
lpm packets processed: 3014656
dpi packets processed: 2572288
acl-fw packets processed: 819200
lpm packets processed: 3031040
nat-tcp-v4 packets processed: 2637824
dpi packets processed: 2588672
maglev packets processed: 1802240
lpm packets processed: 3047424
nat-tcp-v4 packets processed: 2654208
dpi packets processed: 2605056
maglev packets processed: 1818624
lpm packets processed: 3063808
acl-fw packets processed: 835584
nat-tcp-v4 packets processed: 2670592
dpi packets processed: 2621440
lpm packets processed: 3080192
dpi packets processed: 2637824
nat-tcp-v4 packets processed: 2686976
maglev packets processed: 1835008
lpm packets processed: 3096576
dpi packets processed: 2654208
acl-fw packets processed: 851968
nat-tcp-v4 packets processed: 2703360
lpm packets processed: 3112960
maglev packets processed: 1851392
dpi packets processed: 2670592
nat-tcp-v4 packets processed: 2719744
lpm packets processed: 3129344
dpi packets processed: 2686976
acl-fw packets processed: 868352
lpm packets processed: 3145728
nat-tcp-v4 packets processed: 2736128
maglev packets processed: 1867776
dpi packets processed: 2703360
lpm packets processed: 3162112
nat-tcp-v4 packets processed: 2752512
dpi packets processed: 2719744
maglev packets processed: 1884160
lpm packets processed: 3178496
acl-fw packets processed: 884736
nat-tcp-v4 packets processed: 2768896
dpi packets processed: 2736128
lpm packets processed: 3194880
nat-tcp-v4 packets processed: 2785280
maglev packets processed: 1900544
dpi packets processed: 2752512
lpm packets processed: 3211264
acl-fw packets processed: 901120
nat-tcp-v4 packets processed: 2801664
dpi packets processed: 2768896
lpm packets processed: 3227648
maglev packets processed: 1916928
nat-tcp-v4 packets processed: 2818048
lpm packets processed: 3244032
dpi packets processed: 2785280
acl-fw packets processed: 917504
lpm packets processed: 3260416
nat-tcp-v4 packets processed: 2834432
maglev packets processed: 1933312
dpi packets processed: 2801664
lpm packets processed: 3276800
nat-tcp-v4 packets processed: 2850816
dpi packets processed: 2818048
maglev packets processed: 1949696
lpm packets processed: 3293184
acl-fw packets processed: 933888
dpi packets processed: 2834432
nat-tcp-v4 packets processed: 2867200
lpm packets processed: 3309568
dpi packets processed: 2850816
maglev packets processed: 1966080
nat-tcp-v4 packets processed: 2883584
lpm packets processed: 3325952
acl-fw packets processed: 950272
dpi packets processed: 2867200
nat-tcp-v4 packets processed: 2899968
lpm packets processed: 3342336
maglev packets processed: 1982464
dpi packets processed: 2883584
nat-tcp-v4 packets processed: 2916352
lpm packets processed: 3358720
acl-fw packets processed: 966656
dpi packets processed: 2899968
maglev packets processed: 1998848
lpm packets processed: 3375104
nat-tcp-v4 packets processed: 2932736
dpi packets processed: 2916352
lpm packets processed: 3391488
nat-tcp-v4 packets processed: 2949120
maglev packets processed: 2015232
dpi packets processed: 2932736
acl-fw packets processed: 983040
lpm packets processed: 3407872
nat-tcp-v4 packets processed: 2965504
dpi packets processed: 2949120
lpm packets processed: 3424256
maglev packets processed: 2031616
nat-tcp-v4 packets processed: 2981888
dpi packets processed: 2965504
lpm packets processed: 3440640
acl-fw packets processed: 999424
nat-tcp-v4 packets processed: 2998272
dpi packets processed: 2981888
lpm packets processed: 3457024
maglev packets processed: 2048000
nat-tcp-v4 packets processed: 3014656
dpi packets processed: 2998272
lpm packets processed: 3473408
acl-fw packets processed: 1015808
maglev packets processed: 2064384
lpm packets processed: 3489792
nat-tcp-v4 packets processed: 3031040
dpi packets processed: 3014656
lpm packets processed: 3506176
dpi packets processed: 3031040
nat-tcp-v4 packets processed: 3047424
acl-fw packets processed: 1032192
maglev packets processed: 2080768
lpm packets processed: 3522560
dpi packets processed: 3047424
nat-tcp-v4 packets processed: 3063808
lpm packets processed: 3538944
dpi packets processed: 3063808
maglev packets processed: 2097152
nat-tcp-v4 packets processed: 3080192
acl-fw packets processed: 1048576
lpm packets processed: 3555328
dpi packets processed: 3080192
nat-tcp-v4 packets processed: 3096576
lpm packets processed: 3571712
maglev packets processed: 2113536
dpi packets processed: 3096576
nat-tcp-v4 packets processed: 3112960
lpm packets processed: 3588096
acl-fw packets processed: 1064960
dpi packets processed: 3112960
maglev packets processed: 2129920
lpm packets processed: 3604480
nat-tcp-v4 packets processed: 3129344
dpi packets processed: 3129344
lpm packets processed: 3620864
acl-fw packets processed: 1081344
nat-tcp-v4 packets processed: 3145728
maglev packets processed: 2146304
dpi packets processed: 3145728
lpm packets processed: 3637248
nat-tcp-v4 packets processed: 3162112
dpi packets processed: 3162112
lpm packets processed: 3653632
maglev packets processed: 2162688
acl-fw packets processed: 1097728
nat-tcp-v4 packets processed: 3178496
dpi packets processed: 3178496
lpm packets processed: 3670016
nat-tcp-v4 packets processed: 3194880
dpi packets processed: 3194880
maglev packets processed: 2179072
lpm packets processed: 3686400
acl-fw packets processed: 1114112
dpi packets processed: 3211264
nat-tcp-v4 packets processed: 3211264
lpm packets processed: 3702784
maglev packets processed: 2195456
lpm packets processed: 3719168
dpi packets processed: 3227648
nat-tcp-v4 packets processed: 3227648
acl-fw packets processed: 1130496
lpm packets processed: 3735552
dpi packets processed: 3244032
nat-tcp-v4 packets processed: 3244032
maglev packets processed: 2211840
lpm packets processed: 3751936
dpi packets processed: 3260416
nat-tcp-v4 packets processed: 3260416
acl-fw packets processed: 1146880
lpm packets processed: 3768320
maglev packets processed: 2228224
dpi packets processed: 3276800
nat-tcp-v4 packets processed: 3276800
lpm packets processed: 3784704
dpi packets processed: 3293184
nat-tcp-v4 packets processed: 3293184
maglev packets processed: 2244608
lpm packets processed: 3801088
acl-fw packets processed: 1163264
dpi packets processed: 3309568
nat-tcp-v4 packets processed: 3309568
lpm packets processed: 3817472
dpi packets processed: 3325952
maglev packets processed: 2260992
lpm packets processed: 3833856
nat-tcp-v4 packets processed: 3325952
acl-fw packets processed: 1179648
dpi packets processed: 3342336
lpm packets processed: 3850240
nat-tcp-v4 packets processed: 3342336
maglev packets processed: 2277376
dpi packets processed: 3358720
lpm packets processed: 3866624
acl-fw packets processed: 1196032
nat-tcp-v4 packets processed: 3358720
dpi packets processed: 3375104
lpm packets processed: 3883008
maglev packets processed: 2293760
nat-tcp-v4 packets processed: 3375104
dpi packets processed: 3391488
lpm packets processed: 3899392
acl-fw packets processed: 1212416
maglev packets processed: 2310144
dpi packets processed: 3407872
nat-tcp-v4 packets processed: 3391488
lpm packets processed: 3915776
dpi packets processed: 3424256
lpm packets processed: 3932160
nat-tcp-v4 packets processed: 3407872
maglev packets processed: 2326528
acl-fw packets processed: 1228800
dpi packets processed: 3440640
lpm packets processed: 3948544
nat-tcp-v4 packets processed: 3424256
lpm packets processed: 3964928
dpi packets processed: 3457024
maglev packets processed: 2342912
nat-tcp-v4 packets processed: 3440640
acl-fw packets processed: 1245184
lpm packets processed: 3981312
dpi packets processed: 3473408
nat-tcp-v4 packets processed: 3457024
maglev packets processed: 2359296
lpm packets processed: 3997696
dpi packets processed: 3489792
nat-tcp-v4 packets processed: 3473408
acl-fw packets processed: 1261568
lpm packets processed: 4014080
dpi packets processed: 3506176
maglev packets processed: 2375680
nat-tcp-v4 packets processed: 3489792
lpm packets processed: 4030464
dpi packets processed: 3522560
lpm packets processed: 4046848
acl-fw packets processed: 1277952
nat-tcp-v4 packets processed: 3506176
dpi packets processed: 3538944
maglev packets processed: 2392064
lpm packets processed: 4063232
nat-tcp-v4 packets processed: 3522560
dpi packets processed: 3555328
lpm packets processed: 4079616
acl-fw packets processed: 1294336
maglev packets processed: 2408448
nat-tcp-v4 packets processed: 3538944
dpi packets processed: 3571712
lpm packets processed: 4096000
nat-tcp-v4 packets processed: 3555328
dpi packets processed: 3588096
maglev packets processed: 2424832
lpm packets processed: 4112384
acl-fw packets processed: 1310720
dpi packets processed: 3604480
nat-tcp-v4 packets processed: 3571712
lpm packets processed: 4128768
maglev packets processed: 2441216
dpi packets processed: 3620864
nat-tcp-v4 packets processed: 3588096
lpm packets processed: 4145152
acl-fw packets processed: 1327104
dpi packets processed: 3637248
lpm packets processed: 4161536
nat-tcp-v4 packets processed: 3604480
maglev packets processed: 2457600
dpi packets processed: 3653632
lpm packets processed: 4177920
nat-tcp-v4 packets processed: 3620864
acl-fw packets processed: 1343488
dpi packets processed: 3670016
lpm packets processed: 4194304
maglev packets processed: 2473984
nat-tcp-v4 packets processed: 3637248
dpi packets processed: 3686400
lpm packets processed: 4210688
nat-tcp-v4 packets processed: 3653632
acl-fw packets processed: 1359872
maglev packets processed: 2490368
lpm packets processed: 4227072
dpi packets processed: 3702784
nat-tcp-v4 packets processed: 3670016
lpm packets processed: 4243456
dpi packets processed: 3719168
maglev packets processed: 2506752
acl-fw packets processed: 1376256
nat-tcp-v4 packets processed: 3686400
lpm packets processed: 4259840
dpi packets processed: 3735552
lpm packets processed: 4276224
nat-tcp-v4 packets processed: 3702784
dpi packets processed: 3751936
maglev packets processed: 2523136
acl-fw packets processed: 1392640
lpm packets processed: 4292608
nat-tcp-v4 packets processed: 3719168
dpi packets processed: 3768320
lpm packets processed: 4308992
maglev packets processed: 2539520
nat-tcp-v4 packets processed: 3735552
dpi packets processed: 3784704
acl-fw packets processed: 1409024
lpm packets processed: 4325376
dpi packets processed: 3801088
nat-tcp-v4 packets processed: 3751936
maglev packets processed: 2555904
lpm packets processed: 4341760
dpi packets processed: 3817472
nat-tcp-v4 packets processed: 3768320
lpm packets processed: 4358144
acl-fw packets processed: 1425408
maglev packets processed: 2572288
dpi packets processed: 3833856
nat-tcp-v4 packets processed: 3784704
lpm packets processed: 4374528
dpi packets processed: 3850240
lpm packets processed: 4390912
nat-tcp-v4 packets processed: 3801088
maglev packets processed: 2588672
acl-fw packets processed: 1441792
dpi packets processed: 3866624
lpm packets processed: 4407296
nat-tcp-v4 packets processed: 3817472
dpi packets processed: 3883008
maglev packets processed: 2605056
lpm packets processed: 4423680
acl-fw packets processed: 1458176
nat-tcp-v4 packets processed: 3833856
dpi packets processed: 3899392
lpm packets processed: 4440064
nat-tcp-v4 packets processed: 3850240
maglev packets processed: 2621440
lpm packets processed: 4456448
dpi packets processed: 3915776
acl-fw packets processed: 1474560
nat-tcp-v4 packets processed: 3866624
lpm packets processed: 4472832
dpi packets processed: 3932160
maglev packets processed: 2637824
nat-tcp-v4 packets processed: 3883008
lpm packets processed: 4489216
dpi packets processed: 3948544
acl-fw packets processed: 1490944
lpm packets processed: 4505600
nat-tcp-v4 packets processed: 3899392
maglev packets processed: 2654208
dpi packets processed: 3964928
lpm packets processed: 4521984
nat-tcp-v4 packets processed: 3915776
dpi packets processed: 3981312
acl-fw packets processed: 1507328
maglev packets processed: 2670592
lpm packets processed: 4538368
dpi packets processed: 3997696
nat-tcp-v4 packets processed: 3932160
lpm packets processed: 4554752
dpi packets processed: 4014080
nat-tcp-v4 packets processed: 3948544
acl-fw packets processed: 1523712
maglev packets processed: 2686976
lpm packets processed: 4571136
dpi packets processed: 4030464
nat-tcp-v4 packets processed: 3964928
lpm packets processed: 4587520
maglev packets processed: 2703360
dpi packets processed: 4046848
acl-fw packets processed: 1540096
nat-tcp-v4 packets processed: 3981312
lpm packets processed: 4603904
dpi packets processed: 4063232
lpm packets processed: 4620288
maglev packets processed: 2719744
nat-tcp-v4 packets processed: 3997696
acl-fw packets processed: 1556480
dpi packets processed: 4079616
lpm packets processed: 4636672
nat-tcp-v4 packets processed: 4014080
dpi packets processed: 4096000
maglev packets processed: 2736128
lpm packets processed: 4653056
nat-tcp-v4 packets processed: 4030464
acl-fw packets processed: 1572864
dpi packets processed: 4112384
lpm packets processed: 4669440
maglev packets processed: 2752512
nat-tcp-v4 packets processed: 4046848
dpi packets processed: 4128768
lpm packets processed: 4685824
acl-fw packets processed: 1589248
nat-tcp-v4 packets processed: 4063232
lpm packets processed: 4702208
dpi packets processed: 4145152
maglev packets processed: 2768896
nat-tcp-v4 packets processed: 4079616
lpm packets processed: 4718592
dpi packets processed: 4161536
acl-fw packets processed: 1605632
lpm packets processed: 4734976
maglev packets processed: 2785280
nat-tcp-v4 packets processed: 4096000
dpi packets processed: 4177920
lpm packets processed: 4751360
dpi packets processed: 4194304
nat-tcp-v4 packets processed: 4112384
acl-fw packets processed: 1622016
maglev packets processed: 2801664
lpm packets processed: 4767744
dpi packets processed: 4210688
nat-tcp-v4 packets processed: 4128768
lpm packets processed: 4784128
dpi packets processed: 4227072
maglev packets processed: 2818048
acl-fw packets processed: 1638400
nat-tcp-v4 packets processed: 4145152
lpm packets processed: 4800512
dpi packets processed: 4243456
nat-tcp-v4 packets processed: 4161536
lpm packets processed: 4816896
maglev packets processed: 2834432
dpi packets processed: 4259840
acl-fw packets processed: 1654784
lpm packets processed: 4833280
nat-tcp-v4 packets processed: 4177920
dpi packets processed: 4276224
maglev packets processed: 2850816
lpm packets processed: 4849664
nat-tcp-v4 packets processed: 4194304
dpi packets processed: 4292608
acl-fw packets processed: 1671168
lpm packets processed: 4866048
nat-tcp-v4 packets processed: 4210688
maglev packets processed: 2867200
dpi packets processed: 4308992
lpm packets processed: 4882432
nat-tcp-v4 packets processed: 4227072
acl-fw packets processed: 1687552
dpi packets processed: 4325376
lpm packets processed: 4898816
maglev packets processed: 2883584
nat-tcp-v4 packets processed: 4243456
dpi packets processed: 4341760
lpm packets processed: 4915200
acl-fw packets processed: 1703936
nat-tcp-v4 packets processed: 4259840
dpi packets processed: 4358144
lpm packets processed: 4931584
maglev packets processed: 2899968
dpi packets processed: 4374528
lpm packets processed: 4947968
nat-tcp-v4 packets processed: 4276224
acl-fw packets processed: 1720320
maglev packets processed: 2916352
lpm packets processed: 4964352
dpi packets processed: 4390912
nat-tcp-v4 packets processed: 4292608
lpm packets processed: 4980736
dpi packets processed: 4407296
acl-fw packets processed: 1736704
nat-tcp-v4 packets processed: 4308992
maglev packets processed: 2932736
lpm packets processed: 4997120
dpi packets processed: 4423680
nat-tcp-v4 packets processed: 4325376
lpm packets processed: 5013504
dpi packets processed: 4440064
maglev packets processed: 2949120
acl-fw packets processed: 1753088
nat-tcp-v4 packets processed: 4341760
lpm packets processed: 5029888
dpi packets processed: 4456448
nat-tcp-v4 packets processed: 4358144
lpm packets processed: 5046272
maglev packets processed: 2965504
acl-fw packets processed: 1769472
dpi packets processed: 4472832
lpm packets processed: 5062656
nat-tcp-v4 packets processed: 4374528
dpi packets processed: 4489216
maglev packets processed: 2981888
lpm packets processed: 5079040
acl-fw packets processed: 1785856
nat-tcp-v4 packets processed: 4390912
dpi packets processed: 4505600
lpm packets processed: 5095424
nat-tcp-v4 packets processed: 4407296
maglev packets processed: 2998272
dpi packets processed: 4521984
acl-fw packets processed: 1802240
lpm packets processed: 5111808
nat-tcp-v4 packets processed: 4423680
dpi packets processed: 4538368
lpm packets processed: 5128192
maglev packets processed: 3014656
nat-tcp-v4 packets processed: 4440064
dpi packets processed: 4554752
acl-fw packets processed: 1818624
lpm packets processed: 5144576
dpi packets processed: 4571136
nat-tcp-v4 packets processed: 4456448
maglev packets processed: 3031040
lpm packets processed: 5160960
acl-fw packets processed: 1835008
dpi packets processed: 4587520
lpm packets processed: 5177344
nat-tcp-v4 packets processed: 4472832
maglev packets processed: 3047424
dpi packets processed: 4603904
lpm packets processed: 5193728
nat-tcp-v4 packets processed: 4489216
acl-fw packets processed: 1851392
lpm packets processed: 5210112
dpi packets processed: 4620288
nat-tcp-v4 packets processed: 4505600
maglev packets processed: 3063808
lpm packets processed: 5226496
dpi packets processed: 4636672
nat-tcp-v4 packets processed: 4521984
acl-fw packets processed: 1867776
lpm packets processed: 5242880
maglev packets processed: 3080192
dpi packets processed: 4653056
nat-tcp-v4 packets processed: 4538368
lpm packets processed: 5259264
dpi packets processed: 4669440
acl-fw packets processed: 1884160
maglev packets processed: 3096576
nat-tcp-v4 packets processed: 4554752
lpm packets processed: 5275648
dpi packets processed: 4685824
lpm packets processed: 5292032
nat-tcp-v4 packets processed: 4571136
dpi packets processed: 4702208
acl-fw packets processed: 1900544
maglev packets processed: 3112960
lpm packets processed: 5308416
nat-tcp-v4 packets processed: 4587520
dpi packets processed: 4718592
lpm packets processed: 5324800
maglev packets processed: 3129344
acl-fw packets processed: 1916928
nat-tcp-v4 packets processed: 4603904
dpi packets processed: 4734976
lpm packets processed: 5341184
dpi packets processed: 4751360
nat-tcp-v4 packets processed: 4620288
lpm packets processed: 5357568
maglev packets processed: 3145728
acl-fw packets processed: 1933312
dpi packets processed: 4767744
nat-tcp-v4 packets processed: 4636672
lpm packets processed: 5373952
dpi packets processed: 4784128
maglev packets processed: 3162112
nat-tcp-v4 packets processed: 4653056
lpm packets processed: 5390336
acl-fw packets processed: 1949696
dpi packets processed: 4800512
lpm packets processed: 5406720
nat-tcp-v4 packets processed: 4669440
maglev packets processed: 3178496
dpi packets processed: 4816896
lpm packets processed: 5423104
acl-fw packets processed: 1966080
nat-tcp-v4 packets processed: 4685824
dpi packets processed: 4833280
lpm packets processed: 5439488
maglev packets processed: 3194880
nat-tcp-v4 packets processed: 4702208
acl-fw packets processed: 1982464
dpi packets processed: 4849664
lpm packets processed: 5455872
nat-tcp-v4 packets processed: 4718592
maglev packets processed: 3211264
lpm packets processed: 5472256
dpi packets processed: 4866048
nat-tcp-v4 packets processed: 4734976
acl-fw packets processed: 1998848
lpm packets processed: 5488640
dpi packets processed: 4882432
maglev packets processed: 3227648
nat-tcp-v4 packets processed: 4751360
lpm packets processed: 5505024
dpi packets processed: 4898816
acl-fw packets processed: 2015232
lpm packets processed: 5521408
nat-tcp-v4 packets processed: 4767744
dpi packets processed: 4915200
maglev packets processed: 3244032
lpm packets processed: 5537792
nat-tcp-v4 packets processed: 4784128
dpi packets processed: 4931584
acl-fw packets processed: 2031616
lpm packets processed: 5554176
maglev packets processed: 3260416
dpi packets processed: 4947968
nat-tcp-v4 packets processed: 4800512
lpm packets processed: 5570560
dpi packets processed: 4964352
acl-fw packets processed: 2048000
nat-tcp-v4 packets processed: 4816896
maglev packets processed: 3276800
lpm packets processed: 5586944
dpi packets processed: 4980736
nat-tcp-v4 packets processed: 4833280
lpm packets processed: 5603328
acl-fw packets processed: 2064384
maglev packets processed: 3293184
dpi packets processed: 4997120
nat-tcp-v4 packets processed: 4849664
lpm packets processed: 5619712
dpi packets processed: 5013504
lpm packets processed: 5636096
nat-tcp-v4 packets processed: 4866048
maglev packets processed: 3309568
acl-fw packets processed: 2080768
dpi packets processed: 5029888
lpm packets processed: 5652480
nat-tcp-v4 packets processed: 4882432
dpi packets processed: 5046272
lpm packets processed: 5668864
maglev packets processed: 3325952
acl-fw packets processed: 2097152
nat-tcp-v4 packets processed: 4898816
dpi packets processed: 5062656
lpm packets processed: 5685248
nat-tcp-v4 packets processed: 4915200
maglev packets processed: 3342336
dpi packets processed: 5079040
lpm packets processed: 5701632
acl-fw packets processed: 2113536
nat-tcp-v4 packets processed: 4931584
lpm packets processed: 5718016
dpi packets processed: 5095424
maglev packets processed: 3358720
acl-fw packets processed: 2129920
nat-tcp-v4 packets processed: 4947968
lpm packets processed: 5734400
dpi packets processed: 5111808
lpm packets processed: 5750784
nat-tcp-v4 packets processed: 4964352
dpi packets processed: 5128192
maglev packets processed: 3375104
acl-fw packets processed: 2146304
lpm packets processed: 5767168
dpi packets processed: 5144576
nat-tcp-v4 packets processed: 4980736
maglev packets processed: 3391488
lpm packets processed: 5783552
dpi packets processed: 5160960
nat-tcp-v4 packets processed: 4997120
acl-fw packets processed: 2162688
lpm packets processed: 5799936
dpi packets processed: 5177344
nat-tcp-v4 packets processed: 5013504
maglev packets processed: 3407872
lpm packets processed: 5816320
dpi packets processed: 5193728
acl-fw packets processed: 2179072
nat-tcp-v4 packets processed: 5029888
lpm packets processed: 5832704
maglev packets processed: 3424256
dpi packets processed: 5210112
lpm packets processed: 5849088
nat-tcp-v4 packets processed: 5046272
acl-fw packets processed: 2195456
dpi packets processed: 5226496
lpm packets processed: 5865472
nat-tcp-v4 packets processed: 5062656
maglev packets processed: 3440640
dpi packets processed: 5242880
lpm packets processed: 5881856
acl-fw packets processed: 2211840
nat-tcp-v4 packets processed: 5079040
dpi packets processed: 5259264
maglev packets processed: 3457024
lpm packets processed: 5898240
nat-tcp-v4 packets processed: 5095424
dpi packets processed: 5275648
lpm packets processed: 5914624
acl-fw packets processed: 2228224
maglev packets processed: 3473408
nat-tcp-v4 packets processed: 5111808
dpi packets processed: 5292032
lpm packets processed: 5931008
nat-tcp-v4 packets processed: 5128192
acl-fw packets processed: 2244608
dpi packets processed: 5308416
lpm packets processed: 5947392
maglev packets processed: 3489792
lpm packets processed: 5963776
dpi packets processed: 5324800
nat-tcp-v4 packets processed: 5144576
acl-fw packets processed: 2260992
lpm packets processed: 5980160
dpi packets processed: 5341184
maglev packets processed: 3506176
nat-tcp-v4 packets processed: 5160960
lpm packets processed: 5996544
dpi packets processed: 5357568
nat-tcp-v4 packets processed: 5177344
acl-fw packets processed: 2277376
maglev packets processed: 3522560
lpm packets processed: 6012928
dpi packets processed: 5373952
nat-tcp-v4 packets processed: 5193728
lpm packets processed: 6029312
acl-fw packets processed: 2293760
dpi packets processed: 5390336
maglev packets processed: 3538944
nat-tcp-v4 packets processed: 5210112
lpm packets processed: 6045696
dpi packets processed: 5406720
nat-tcp-v4 packets processed: 5226496
lpm packets processed: 6062080
acl-fw packets processed: 2310144
maglev packets processed: 3555328
dpi packets processed: 5423104
lpm packets processed: 6078464
nat-tcp-v4 packets processed: 5242880
dpi packets processed: 5439488
acl-fw packets processed: 2326528
maglev packets processed: 3571712
lpm packets processed: 6094848
Exiting @ tick 2000000000000 because simulate() limit reached
