gem5 Simulator System.  http://gem5.org
gem5 is copyrighted software; use the --copyright option for details.

gem5 compiled Jan 24 2020 10:09:16
gem5 started Jan 27 2020 16:56:31
gem5 executing on node-0.yangzhou-qv63856.lambda-mpi-pg0.clemson.cloudlab.us, pid 113004
command line: build/ARM/gem5.fast --remote-gdb-port=0 --outdir=/users/yangzhou/gem5/sgx_nic/m5out/TimingSimpleCPU_maglev.lpm.monitoring_4MB --stats-file=TimingSimpleCPU_maglev.lpm.monitoring_4MB_stats.txt configs/example/se_nic.py --interp-dir /usr/aarch64-linux-gnu --redirects /lib=/usr/aarch64-linux-gnu/lib -c 'maglev;lpm;monitoring' --cpu-type=TimingSimpleCPU --cpu-clock=2.4GHz --asic-clock=0.56GHz --cacheline_size=128 --caches --l2cache --l2_size=4MB --l2_assoc=16 --mem-size=192GB --mem-type=DDR3_1600_8x8 --mem-channels=2 --mem-ranks=2 --fast-forward=2000000000 --rel-max-tick=2000000000000

['maglev', 'lpm', 'monitoring']
{'monitoring': [2], 'lpm': [1], 'maglev': [0]} 3 3
Setting the interpreter path to: /usr/aarch64-linux-gnu 
For dynamically linked applications you might still need to setup the --redirects so that libraries are found

Global frequency set at 1000000000000 ticks per second
Switch at instruction count:2000000000
Receiving started
Receiving started
Receiving started
Receiving port Simulate queue
Running 1 pipelines
Running 1 pipelines
Running 1 pipelines
trying to open file /users/yangzhou/ictf2010_1Mflow.dat
trying to open file /users/yangzhou/ictf2010_1Mflow.dat
trying to open file /users/yangzhou/ictf2010_1Mflow.dat
opening succeeds
opening succeeds
opening succeeds
Reading pkt trace done!
Reading pkt trace done!
Reading pkt trace done!
Generating permutations
Generating LUT
Done Generating LUT
monitoring packets processed: 16384
maglev packets processed: 16384
monitoring packets processed: 32768
maglev packets processed: 32768
monitoring packets processed: 49152
maglev packets processed: 49152
monitoring packets processed: 65536
maglev packets processed: 65536
monitoring packets processed: 81920
maglev packets processed: 81920
monitoring packets processed: 98304
maglev packets processed: 98304
monitoring packets processed: 114688
maglev packets processed: 114688
monitoring packets processed: 131072
lpm packets processed: 16384
lpm packets processed: 32768
monitoring packets processed: 147456
maglev packets processed: 131072
lpm packets processed: 49152
monitoring packets processed: 163840
lpm packets processed: 65536
maglev packets processed: 147456
lpm packets processed: 81920
monitoring packets processed: 180224
maglev packets processed: 163840
lpm packets processed: 98304
monitoring packets processed: 196608
lpm packets processed: 114688
maglev packets processed: 180224
lpm packets processed: 131072
monitoring packets processed: 212992
lpm packets processed: 147456
maglev packets processed: 196608
lpm packets processed: 163840
monitoring packets processed: 229376
lpm packets processed: 180224
maglev packets processed: 212992
lpm packets processed: 196608
monitoring packets processed: 245760
lpm packets processed: 212992
maglev packets processed: 229376
monitoring packets processed: 262144
lpm packets processed: 229376
maglev packets processed: 245760
lpm packets processed: 245760
monitoring packets processed: 278528
lpm packets processed: 262144
maglev packets processed: 262144
monitoring packets processed: 294912
lpm packets processed: 278528
lpm packets processed: 294912
monitoring packets processed: 311296
maglev packets processed: 278528
lpm packets processed: 311296
lpm packets processed: 327680
monitoring packets processed: 327680
maglev packets processed: 294912
lpm packets processed: 344064
monitoring packets processed: 344064
lpm packets processed: 360448
maglev packets processed: 311296
lpm packets processed: 376832
monitoring packets processed: 360448
lpm packets processed: 393216
maglev packets processed: 327680
monitoring packets processed: 376832
lpm packets processed: 409600
maglev packets processed: 344064
lpm packets processed: 425984
monitoring packets processed: 393216
lpm packets processed: 442368
maglev packets processed: 360448
monitoring packets processed: 409600
lpm packets processed: 458752
lpm packets processed: 475136
maglev packets processed: 376832
monitoring packets processed: 425984
lpm packets processed: 491520
lpm packets processed: 507904
monitoring packets processed: 442368
maglev packets processed: 393216
lpm packets processed: 524288
monitoring packets processed: 458752
maglev packets processed: 409600
lpm packets processed: 540672
lpm packets processed: 557056
monitoring packets processed: 475136
maglev packets processed: 425984
lpm packets processed: 573440
monitoring packets processed: 491520
lpm packets processed: 589824
maglev packets processed: 442368
lpm packets processed: 606208
monitoring packets processed: 507904
lpm packets processed: 622592
maglev packets processed: 458752
monitoring packets processed: 524288
lpm packets processed: 638976
lpm packets processed: 655360
maglev packets processed: 475136
monitoring packets processed: 540672
lpm packets processed: 671744
monitoring packets processed: 557056
lpm packets processed: 688128
maglev packets processed: 491520
lpm packets processed: 704512
monitoring packets processed: 573440
maglev packets processed: 507904
lpm packets processed: 720896
lpm packets processed: 737280
monitoring packets processed: 589824
maglev packets processed: 524288
lpm packets processed: 753664
monitoring packets processed: 606208
lpm packets processed: 770048
maglev packets processed: 540672
lpm packets processed: 786432
monitoring packets processed: 622592
lpm packets processed: 802816
maglev packets processed: 557056
monitoring packets processed: 638976
lpm packets processed: 819200
lpm packets processed: 835584
maglev packets processed: 573440
monitoring packets processed: 655360
lpm packets processed: 851968
monitoring packets processed: 671744
maglev packets processed: 589824
lpm packets processed: 868352
lpm packets processed: 884736
monitoring packets processed: 688128
maglev packets processed: 606208
lpm packets processed: 901120
monitoring packets processed: 704512
lpm packets processed: 917504
maglev packets processed: 622592
lpm packets processed: 933888
monitoring packets processed: 720896
lpm packets processed: 950272
maglev packets processed: 638976
lpm packets processed: 966656
monitoring packets processed: 737280
lpm packets processed: 983040
maglev packets processed: 655360
lpm packets processed: 999424
maglev packets processed: 671744
lpm packets processed: 1015808
monitoring packets processed: 753664
lpm packets processed: 1032192
maglev packets processed: 688128
monitoring packets processed: 770048
lpm packets processed: 1048576
lpm packets processed: 1064960
monitoring packets processed: 786432
maglev packets processed: 704512
lpm packets processed: 1081344
monitoring packets processed: 802816
lpm packets processed: 1097728
maglev packets processed: 720896
lpm packets processed: 1114112
monitoring packets processed: 819200
lpm packets processed: 1130496
maglev packets processed: 737280
lpm packets processed: 1146880
monitoring packets processed: 835584
maglev packets processed: 753664
lpm packets processed: 1163264
monitoring packets processed: 851968
lpm packets processed: 1179648
maglev packets processed: 770048
lpm packets processed: 1196032
monitoring packets processed: 868352
lpm packets processed: 1212416
maglev packets processed: 786432
monitoring packets processed: 884736
lpm packets processed: 1228800
lpm packets processed: 1245184
monitoring packets processed: 901120
maglev packets processed: 802816
lpm packets processed: 1261568
monitoring packets processed: 917504
lpm packets processed: 1277952
maglev packets processed: 819200
lpm packets processed: 1294336
monitoring packets processed: 933888
lpm packets processed: 1310720
maglev packets processed: 835584
monitoring packets processed: 950272
lpm packets processed: 1327104
maglev packets processed: 851968
lpm packets processed: 1343488
monitoring packets processed: 966656
lpm packets processed: 1359872
maglev packets processed: 868352
lpm packets processed: 1376256
monitoring packets processed: 983040
lpm packets processed: 1392640
maglev packets processed: 884736
monitoring packets processed: 999424
lpm packets processed: 1409024
lpm packets processed: 1425408
monitoring packets processed: 1015808
maglev packets processed: 901120
lpm packets processed: 1441792
monitoring packets processed: 1032192
lpm packets processed: 1458176
maglev packets processed: 917504
lpm packets processed: 1474560
monitoring packets processed: 1048576
maglev packets processed: 933888
lpm packets processed: 1490944
monitoring packets processed: 1064960
lpm packets processed: 1507328
maglev packets processed: 950272
lpm packets processed: 1523712
monitoring packets processed: 1081344
lpm packets processed: 1540096
maglev packets processed: 966656
monitoring packets processed: 1097728
lpm packets processed: 1556480
lpm packets processed: 1572864
maglev packets processed: 983040
monitoring packets processed: 1114112
lpm packets processed: 1589248
lpm packets processed: 1605632
monitoring packets processed: 1130496
maglev packets processed: 999424
lpm packets processed: 1622016
monitoring packets processed: 1146880
maglev packets processed: 1015808
lpm packets processed: 1638400
lpm packets processed: 1654784
monitoring packets processed: 1163264
maglev packets processed: 1032192
lpm packets processed: 1671168
monitoring packets processed: 1179648
lpm packets processed: 1687552
maglev packets processed: 1048576
lpm packets processed: 1703936
monitoring packets processed: 1196032
lpm packets processed: 1720320
maglev packets processed: 1064960
monitoring packets processed: 1212416
lpm packets processed: 1736704
lpm packets processed: 1753088
maglev packets processed: 1081344
monitoring packets processed: 1228800
lpm packets processed: 1769472
monitoring packets processed: 1245184
lpm packets processed: 1785856
maglev packets processed: 1097728
lpm packets processed: 1802240
monitoring packets processed: 1261568
maglev packets processed: 1114112
lpm packets processed: 1818624
lpm packets processed: 1835008
monitoring packets processed: 1277952
maglev packets processed: 1130496
lpm packets processed: 1851392
monitoring packets processed: 1294336
lpm packets processed: 1867776
maglev packets processed: 1146880
lpm packets processed: 1884160
monitoring packets processed: 1310720
lpm packets processed: 1900544
maglev packets processed: 1163264
monitoring packets processed: 1327104
lpm packets processed: 1916928
lpm packets processed: 1933312
maglev packets processed: 1179648
monitoring packets processed: 1343488
lpm packets processed: 1949696
monitoring packets processed: 1359872
maglev packets processed: 1196032
lpm packets processed: 1966080
lpm packets processed: 1982464
monitoring packets processed: 1376256
maglev packets processed: 1212416
lpm packets processed: 1998848
monitoring packets processed: 1392640
lpm packets processed: 2015232
maglev packets processed: 1228800
lpm packets processed: 2031616
monitoring packets processed: 1409024
lpm packets processed: 2048000
maglev packets processed: 1245184
lpm packets processed: 2064384
monitoring packets processed: 1425408
lpm packets processed: 2080768
maglev packets processed: 1261568
monitoring packets processed: 1441792
lpm packets processed: 2097152
maglev packets processed: 1277952
lpm packets processed: 2113536
monitoring packets processed: 1458176
lpm packets processed: 2129920
monitoring packets processed: 1474560
maglev packets processed: 1294336
lpm packets processed: 2146304
lpm packets processed: 2162688
monitoring packets processed: 1490944
maglev packets processed: 1310720
lpm packets processed: 2179072
monitoring packets processed: 1507328
lpm packets processed: 2195456
maglev packets processed: 1327104
lpm packets processed: 2211840
monitoring packets processed: 1523712
lpm packets processed: 2228224
maglev packets processed: 1343488
monitoring packets processed: 1540096
lpm packets processed: 2244608
lpm packets processed: 2260992
maglev packets processed: 1359872
monitoring packets processed: 1556480
lpm packets processed: 2277376
maglev packets processed: 1376256
lpm packets processed: 2293760
monitoring packets processed: 1572864
lpm packets processed: 2310144
monitoring packets processed: 1589248
maglev packets processed: 1392640
lpm packets processed: 2326528
lpm packets processed: 2342912
monitoring packets processed: 1605632
maglev packets processed: 1409024
lpm packets processed: 2359296
monitoring packets processed: 1622016
lpm packets processed: 2375680
maglev packets processed: 1425408
lpm packets processed: 2392064
monitoring packets processed: 1638400
lpm packets processed: 2408448
maglev packets processed: 1441792
monitoring packets processed: 1654784
lpm packets processed: 2424832
maglev packets processed: 1458176
lpm packets processed: 2441216
monitoring packets processed: 1671168
lpm packets processed: 2457600
maglev packets processed: 1474560
Switched CPUS @ tick 929139312276
switching cpus
**** REAL SIMULATION ****
lpm packets processed: 2473984
monitoring packets processed: 1687552
lpm packets processed: 2490368
maglev packets processed: 1490944
monitoring packets processed: 1703936
lpm packets processed: 2506752
lpm packets processed: 2523136
monitoring packets processed: 1720320
maglev packets processed: 1507328
lpm packets processed: 2539520
monitoring packets processed: 1736704
lpm packets processed: 2555904
maglev packets processed: 1523712
lpm packets processed: 2572288
monitoring packets processed: 1753088
maglev packets processed: 1540096
lpm packets processed: 2588672
monitoring packets processed: 1769472
lpm packets processed: 2605056
maglev packets processed: 1556480
lpm packets processed: 2621440
monitoring packets processed: 1785856
lpm packets processed: 2637824
maglev packets processed: 1572864
monitoring packets processed: 1802240
lpm packets processed: 2654208
lpm packets processed: 2670592
maglev packets processed: 1589248
monitoring packets processed: 1818624
lpm packets processed: 2686976
lpm packets processed: 2703360
monitoring packets processed: 1835008
maglev packets processed: 1605632
lpm packets processed: 2719744
monitoring packets processed: 1851392
lpm packets processed: 2736128
maglev packets processed: 1622016
lpm packets processed: 2752512
monitoring packets processed: 1867776
maglev packets processed: 1638400
lpm packets processed: 2768896
monitoring packets processed: 1884160
lpm packets processed: 2785280
maglev packets processed: 1654784
lpm packets processed: 2801664
monitoring packets processed: 1900544
lpm packets processed: 2818048
maglev packets processed: 1671168
monitoring packets processed: 1916928
lpm packets processed: 2834432
lpm packets processed: 2850816
maglev packets processed: 1687552
monitoring packets processed: 1933312
lpm packets processed: 2867200
lpm packets processed: 2883584
monitoring packets processed: 1949696
maglev packets processed: 1703936
lpm packets processed: 2899968
monitoring packets processed: 1966080
maglev packets processed: 1720320
lpm packets processed: 2916352
lpm packets processed: 2932736
monitoring packets processed: 1982464
maglev packets processed: 1736704
lpm packets processed: 2949120
monitoring packets processed: 1998848
lpm packets processed: 2965504
maglev packets processed: 1753088
lpm packets processed: 2981888
monitoring packets processed: 2015232
lpm packets processed: 2998272
maglev packets processed: 1769472
monitoring packets processed: 2031616
lpm packets processed: 3014656
lpm packets processed: 3031040
maglev packets processed: 1785856
monitoring packets processed: 2048000
lpm packets processed: 3047424
maglev packets processed: 1802240
lpm packets processed: 3063808
monitoring packets processed: 2064384
lpm packets processed: 3080192
monitoring packets processed: 2080768
maglev packets processed: 1818624
lpm packets processed: 3096576
lpm packets processed: 3112960
monitoring packets processed: 2097152
maglev packets processed: 1835008
lpm packets processed: 3129344
monitoring packets processed: 2113536
lpm packets processed: 3145728
maglev packets processed: 1851392
lpm packets processed: 3162112
monitoring packets processed: 2129920
lpm packets processed: 3178496
maglev packets processed: 1867776
monitoring packets processed: 2146304
lpm packets processed: 3194880
maglev packets processed: 1884160
lpm packets processed: 3211264
monitoring packets processed: 2162688
lpm packets processed: 3227648
maglev packets processed: 1900544
monitoring packets processed: 2179072
lpm packets processed: 3244032
lpm packets processed: 3260416
monitoring packets processed: 2195456
maglev packets processed: 1916928
lpm packets processed: 3276800
lpm packets processed: 3293184
monitoring packets processed: 2211840
maglev packets processed: 1933312
lpm packets processed: 3309568
monitoring packets processed: 2228224
lpm packets processed: 3325952
maglev packets processed: 1949696
lpm packets processed: 3342336
monitoring packets processed: 2244608
lpm packets processed: 3358720
maglev packets processed: 1966080
monitoring packets processed: 2260992
lpm packets processed: 3375104
maglev packets processed: 1982464
lpm packets processed: 3391488
monitoring packets processed: 2277376
lpm packets processed: 3407872
maglev packets processed: 1998848
monitoring packets processed: 2293760
lpm packets processed: 3424256
lpm packets processed: 3440640
maglev packets processed: 2015232
monitoring packets processed: 2310144
lpm packets processed: 3457024
lpm packets processed: 3473408
monitoring packets processed: 2326528
maglev packets processed: 2031616
lpm packets processed: 3489792
monitoring packets processed: 2342912
lpm packets processed: 3506176
maglev packets processed: 2048000
lpm packets processed: 3522560
monitoring packets processed: 2359296
maglev packets processed: 2064384
lpm packets processed: 3538944
monitoring packets processed: 2375680
lpm packets processed: 3555328
maglev packets processed: 2080768
lpm packets processed: 3571712
monitoring packets processed: 2392064
lpm packets processed: 3588096
maglev packets processed: 2097152
monitoring packets processed: 2408448
lpm packets processed: 3604480
lpm packets processed: 3620864
maglev packets processed: 2113536
monitoring packets processed: 2424832
lpm packets processed: 3637248
lpm packets processed: 3653632
monitoring packets processed: 2441216
maglev packets processed: 2129920
lpm packets processed: 3670016
monitoring packets processed: 2457600
maglev packets processed: 2146304
lpm packets processed: 3686400
lpm packets processed: 3702784
monitoring packets processed: 2473984
Exiting @ tick 2000000000000 because simulate() limit reached
