gem5 Simulator System.  http://gem5.org
gem5 is copyrighted software; use the --copyright option for details.

gem5 compiled Jan 22 2020 23:32:40
gem5 started Jan 27 2020 16:56:19
gem5 executing on node-1.yangzhou-qv63200.lambda-mpi-pg0.clemson.cloudlab.us, pid 146299
command line: build/ARM/gem5.fast --remote-gdb-port=0 --outdir=/users/yangzhou/gem5/sgx_nic/m5out/DerivO3CPU_acl-fw_16kB --stats-file=DerivO3CPU_acl-fw_16kB_stats.txt configs/example/se_nic.py --interp-dir /usr/aarch64-linux-gnu --redirects /lib=/usr/aarch64-linux-gnu/lib -c acl-fw --cpu-type=DerivO3CPU --cpu-clock=2.4GHz --asic-clock=0.56GHz --cacheline_size=128 --caches --l2cache --l2_size=16kB --l2_assoc=16 --mem-size=192GB --mem-type=DDR3_1600_8x8 --mem-channels=2 --mem-ranks=2 --fast-forward=2000000000 --rel-max-tick=2000000000000

['acl-fw']
{'acl-fw': [0]} 1 1
Setting the interpreter path to: /usr/aarch64-linux-gnu 
For dynamically linked applications you might still need to setup the --redirects so that libraries are found

Global frequency set at 1000000000000 ticks per second
Switch at instruction count:2000000000
Receiving port Simulate queue
Running 1 pipelines
trying to open file /users/yangzhou/ictf2010_1Mflow.dat
opening succeeds
Reading pkt trace done!
recover down
number of rules in acls: 643
acl-fw packets processed: 16384
acl-fw packets processed: 32768
acl-fw packets processed: 49152
acl-fw packets processed: 65536
acl-fw packets processed: 81920
acl-fw packets processed: 98304
acl-fw packets processed: 114688
acl-fw packets processed: 131072
acl-fw packets processed: 147456
acl-fw packets processed: 163840
acl-fw packets processed: 180224
acl-fw packets processed: 196608
acl-fw packets processed: 212992
acl-fw packets processed: 229376
acl-fw packets processed: 245760
acl-fw packets processed: 262144
acl-fw packets processed: 278528
acl-fw packets processed: 294912
acl-fw packets processed: 311296
acl-fw packets processed: 327680
acl-fw packets processed: 344064
acl-fw packets processed: 360448
acl-fw packets processed: 376832
acl-fw packets processed: 393216
acl-fw packets processed: 409600
acl-fw packets processed: 425984
acl-fw packets processed: 442368
acl-fw packets processed: 458752
acl-fw packets processed: 475136
acl-fw packets processed: 491520
acl-fw packets processed: 507904
acl-fw packets processed: 524288
acl-fw packets processed: 540672
acl-fw packets processed: 557056
acl-fw packets processed: 573440
acl-fw packets processed: 589824
acl-fw packets processed: 606208
acl-fw packets processed: 622592
Switched CPUS @ tick 983192568648
switching cpus
**** REAL SIMULATION ****
acl-fw packets processed: 638976
acl-fw packets processed: 655360
acl-fw packets processed: 671744
acl-fw packets processed: 688128
acl-fw packets processed: 704512
acl-fw packets processed: 720896
acl-fw packets processed: 737280
acl-fw packets processed: 753664
acl-fw packets processed: 770048
acl-fw packets processed: 786432
acl-fw packets processed: 802816
acl-fw packets processed: 819200
acl-fw packets processed: 835584
acl-fw packets processed: 851968
acl-fw packets processed: 868352
acl-fw packets processed: 884736
acl-fw packets processed: 901120
acl-fw packets processed: 917504
acl-fw packets processed: 933888
acl-fw packets processed: 950272
acl-fw packets processed: 966656
acl-fw packets processed: 983040
acl-fw packets processed: 999424
acl-fw packets processed: 1015808
acl-fw packets processed: 1032192
acl-fw packets processed: 1048576
acl-fw packets processed: 1064960
acl-fw packets processed: 1081344
acl-fw packets processed: 1097728
acl-fw packets processed: 1114112
acl-fw packets processed: 1130496
acl-fw packets processed: 1146880
acl-fw packets processed: 1163264
acl-fw packets processed: 1179648
acl-fw packets processed: 1196032
acl-fw packets processed: 1212416
acl-fw packets processed: 1228800
acl-fw packets processed: 1245184
acl-fw packets processed: 1261568
acl-fw packets processed: 1277952
acl-fw packets processed: 1294336
acl-fw packets processed: 1310720
acl-fw packets processed: 1327104
acl-fw packets processed: 1343488
acl-fw packets processed: 1359872
acl-fw packets processed: 1376256
acl-fw packets processed: 1392640
acl-fw packets processed: 1409024
acl-fw packets processed: 1425408
acl-fw packets processed: 1441792
acl-fw packets processed: 1458176
acl-fw packets processed: 1474560
acl-fw packets processed: 1490944
acl-fw packets processed: 1507328
acl-fw packets processed: 1523712
acl-fw packets processed: 1540096
acl-fw packets processed: 1556480
acl-fw packets processed: 1572864
acl-fw packets processed: 1589248
acl-fw packets processed: 1605632
acl-fw packets processed: 1622016
acl-fw packets processed: 1638400
acl-fw packets processed: 1654784
acl-fw packets processed: 1671168
acl-fw packets processed: 1687552
acl-fw packets processed: 1703936
acl-fw packets processed: 1720320
acl-fw packets processed: 1736704
acl-fw packets processed: 1753088
acl-fw packets processed: 1769472
Exiting @ tick 2000000000000 because simulate() limit reached
