gem5 Simulator System.  http://gem5.org
gem5 is copyrighted software; use the --copyright option for details.

gem5 compiled Jan 22 2020 23:25:24
gem5 started Jan 27 2020 16:56:14
gem5 executing on node-0.yangzhou-qv63200.lambda-mpi-pg0.clemson.cloudlab.us, pid 114676
command line: build/ARM/gem5.fast --remote-gdb-port=0 --outdir=/users/yangzhou/gem5/sgx_nic/m5out/TimingSimpleCPU_dpi-queue_256kB --stats-file=TimingSimpleCPU_dpi-queue_256kB_stats.txt configs/example/se_nic.py --interp-dir /usr/aarch64-linux-gnu --redirects /lib=/usr/aarch64-linux-gnu/lib -c dpi-queue --cpu-type=TimingSimpleCPU --cpu-clock=2.4GHz --asic-clock=0.56GHz --cacheline_size=128 --caches --l2cache --l2_size=256kB --l2_assoc=16 --mem-size=192GB --mem-type=DDR3_1600_8x8 --mem-channels=2 --mem-ranks=2 --fast-forward=2000000000 --rel-max-tick=2000000000000

['dpi-queue']
{'dpi-queue': [0, 1, 2, 3, 4, 5, 6, 7, 8, 9, 10, 11, 12, 13, 14, 15, 16]} 1 17
Setting the interpreter path to: /usr/aarch64-linux-gnu 
For dynamically linked applications you might still need to setup the --redirects so that libraries are found

Global frequency set at 1000000000000 ticks per second
Switch at instruction count:2000000000
pkt_num: 102400
dpi rules length: 33471
dpi AhoCorasick graph built up!
trying to open file /users/yangzhou/ictf2010_1Mflow.dat
opening succeeds
Reading pkt trace done!
dpi packets processed: 16384
dpi packets processed: 32768
dpi packets processed: 49152
dpi packets processed: 65536
dpi packets processed: 81920
dpi packets processed: 98304
dpi packets processed: 114688
dpi packets processed: 131072
dpi packets processed: 147456
dpi packets processed: 163840
dpi packets processed: 180224
dpi packets processed: 196608
dpi packets processed: 212992
dpi packets processed: 229376
dpi packets processed: 245760
dpi packets processed: 262144
dpi packets processed: 278528
dpi packets processed: 294912
dpi packets processed: 311296
dpi packets processed: 327680
dpi packets processed: 344064
dpi packets processed: 360448
dpi packets processed: 376832
dpi packets processed: 393216
dpi packets processed: 409600
dpi packets processed: 425984
dpi packets processed: 442368
dpi packets processed: 458752
dpi packets processed: 475136
dpi packets processed: 491520
dpi packets processed: 507904
dpi packets processed: 524288
dpi packets processed: 540672
dpi packets processed: 557056
dpi packets processed: 573440
dpi packets processed: 589824
dpi packets processed: 606208
dpi packets processed: 622592
dpi packets processed: 638976
dpi packets processed: 655360
dpi packets processed: 671744
dpi packets processed: 688128
dpi packets processed: 704512
dpi packets processed: 720896
dpi packets processed: 737280
dpi packets processed: 753664
dpi packets processed: 770048
dpi packets processed: 786432
dpi packets processed: 802816
dpi packets processed: 819200
dpi packets processed: 835584
dpi packets processed: 851968
dpi packets processed: 868352
dpi packets processed: 884736
dpi packets processed: 901120
dpi packets processed: 917504
dpi packets processed: 933888
dpi packets processed: 950272
dpi packets processed: 966656
dpi packets processed: 983040
dpi packets processed: 999424
dpi packets processed: 1015808
dpi packets processed: 1032192
dpi packets processed: 1048576
dpi packets processed: 1064960
dpi packets processed: 1081344
dpi packets processed: 1097728
dpi packets processed: 1114112
dpi packets processed: 1130496
dpi packets processed: 1146880
dpi packets processed: 1163264
dpi packets processed: 1179648
dpi packets processed: 1196032
dpi packets processed: 1212416
dpi packets processed: 1228800
dpi packets processed: 1245184
dpi packets processed: 1261568
dpi packets processed: 1277952
dpi packets processed: 1294336
dpi packets processed: 1310720
dpi packets processed: 1327104
dpi packets processed: 1343488
dpi packets processed: 1359872
dpi packets processed: 1376256
dpi packets processed: 1392640
dpi packets processed: 1409024
dpi packets processed: 1425408
dpi packets processed: 1441792
dpi packets processed: 1458176
dpi packets processed: 1474560
dpi packets processed: 1490944
dpi packets processed: 1507328
dpi packets processed: 1523712
dpi packets processed: 1540096
dpi packets processed: 1556480
dpi packets processed: 1572864
dpi packets processed: 1589248
dpi packets processed: 1605632
dpi packets processed: 1622016
dpi packets processed: 1638400
dpi packets processed: 1654784
dpi packets processed: 1671168
dpi packets processed: 1687552
dpi packets processed: 1703936
dpi packets processed: 1720320
dpi packets processed: 1736704
dpi packets processed: 1753088
dpi packets processed: 1769472
dpi packets processed: 1785856
dpi packets processed: 1802240
dpi packets processed: 1818624
dpi packets processed: 1835008
dpi packets processed: 1851392
dpi packets processed: 1867776
dpi packets processed: 1884160
dpi packets processed: 1900544
dpi packets processed: 1916928
dpi packets processed: 1933312
dpi packets processed: 1949696
dpi packets processed: 1966080
dpi packets processed: 1982464
dpi packets processed: 1998848
dpi packets processed: 2015232
dpi packets processed: 2031616
dpi packets processed: 2048000
dpi packets processed: 2064384
dpi packets processed: 2080768
Switched CPUS @ tick 937410016050
switching cpus
**** REAL SIMULATION ****
dpi packets processed: 2097152
dpi packets processed: 2113536
dpi packets processed: 2129920
dpi packets processed: 2146304
dpi packets processed: 2162688
dpi packets processed: 2179072
dpi packets processed: 2195456
dpi packets processed: 2211840
dpi packets processed: 2228224
dpi packets processed: 2244608
dpi packets processed: 2260992
dpi packets processed: 2277376
dpi packets processed: 2293760
dpi packets processed: 2310144
dpi packets processed: 2326528
dpi packets processed: 2342912
dpi packets processed: 2359296
dpi packets processed: 2375680
dpi packets processed: 2392064
dpi packets processed: 2408448
dpi packets processed: 2424832
dpi packets processed: 2441216
dpi packets processed: 2457600
dpi packets processed: 2473984
dpi packets processed: 2490368
dpi packets processed: 2506752
dpi packets processed: 2523136
dpi packets processed: 2539520
dpi packets processed: 2555904
dpi packets processed: 2572288
dpi packets processed: 2588672
dpi packets processed: 2605056
dpi packets processed: 2621440
dpi packets processed: 2637824
dpi packets processed: 2654208
dpi packets processed: 2670592
dpi packets processed: 2686976
dpi packets processed: 2703360
dpi packets processed: 2719744
dpi packets processed: 2736128
dpi packets processed: 2752512
dpi packets processed: 2768896
dpi packets processed: 2785280
dpi packets processed: 2801664
dpi packets processed: 2818048
dpi packets processed: 2834432
dpi packets processed: 2850816
dpi packets processed: 2867200
dpi packets processed: 2883584
dpi packets processed: 2899968
dpi packets processed: 2916352
dpi packets processed: 2932736
dpi packets processed: 2949120
dpi packets processed: 2965504
dpi packets processed: 2981888
dpi packets processed: 2998272
dpi packets processed: 3014656
dpi packets processed: 3031040
dpi packets processed: 3047424
dpi packets processed: 3063808
dpi packets processed: 3080192
dpi packets processed: 3096576
dpi packets processed: 3112960
dpi packets processed: 3129344
dpi packets processed: 3145728
dpi packets processed: 3162112
dpi packets processed: 3178496
dpi packets processed: 3194880
dpi packets processed: 3211264
dpi packets processed: 3227648
dpi packets processed: 3244032
dpi packets processed: 3260416
Exiting @ tick 2000000000000 because simulate() limit reached
