gem5 Simulator System.  http://gem5.org
gem5 is copyrighted software; use the --copyright option for details.

gem5 compiled Jan 24 2020 10:09:16
gem5 started Jan 27 2020 16:56:31
gem5 executing on node-0.yangzhou-qv63856.lambda-mpi-pg0.clemson.cloudlab.us, pid 113000
command line: build/ARM/gem5.fast --remote-gdb-port=0 --outdir=/users/yangzhou/gem5/sgx_nic/m5out/TimingSimpleCPU_nat-tcp-v4.maglev.lpm.monitoring_4MB --stats-file=TimingSimpleCPU_nat-tcp-v4.maglev.lpm.monitoring_4MB_stats.txt configs/example/se_nic.py --interp-dir /usr/aarch64-linux-gnu --redirects /lib=/usr/aarch64-linux-gnu/lib -c 'nat-tcp-v4;maglev;lpm;monitoring' --cpu-type=TimingSimpleCPU --cpu-clock=2.4GHz --asic-clock=0.56GHz --cacheline_size=128 --caches --l2cache --l2_size=4MB --l2_assoc=16 --mem-size=192GB --mem-type=DDR3_1600_8x8 --mem-channels=2 --mem-ranks=2 --fast-forward=2000000000 --rel-max-tick=2000000000000

['nat-tcp-v4', 'maglev', 'lpm', 'monitoring']
{'maglev': [1], 'lpm': [2], 'monitoring': [3], 'nat-tcp-v4': [0]} 4 4
Setting the interpreter path to: /usr/aarch64-linux-gnu 
For dynamically linked applications you might still need to setup the --redirects so that libraries are found

Global frequency set at 1000000000000 ticks per second
Switch at instruction count:2000000000
Receiving started
Receiving started
Receiving started
Receiving started
Receiving port Simulate queue
Running 1 pipelines
Running 1 pipelines
Running 1 pipelines
Running 1 pipelines
trying to open file /users/yangzhou/ictf2010_1Mflow.dat
trying to open file /users/yangzhou/ictf2010_1Mflow.dat
trying to open file /users/yangzhou/ictf2010_1Mflow.dat
trying to open file /users/yangzhou/ictf2010_1Mflow.dat
opening succeeds
opening succeeds
opening succeeds
opening succeeds
Reading pkt trace done!
Reading pkt trace done!
Reading pkt trace done!
Reading pkt trace done!
Generating permutations
Generating LUT
Done Generating LUT
monitoring packets processed: 16384
maglev packets processed: 16384
nat-tcp-v4 packets processed: 16384
monitoring packets processed: 32768
maglev packets processed: 32768
monitoring packets processed: 49152
nat-tcp-v4 packets processed: 32768
maglev packets processed: 49152
monitoring packets processed: 65536
maglev packets processed: 65536
monitoring packets processed: 81920
nat-tcp-v4 packets processed: 49152
maglev packets processed: 81920
monitoring packets processed: 98304
maglev packets processed: 98304
monitoring packets processed: 114688
nat-tcp-v4 packets processed: 65536
maglev packets processed: 114688
monitoring packets processed: 131072
lpm packets processed: 16384
nat-tcp-v4 packets processed: 81920
lpm packets processed: 32768
monitoring packets processed: 147456
nat-tcp-v4 packets processed: 98304
maglev packets processed: 131072
lpm packets processed: 49152
nat-tcp-v4 packets processed: 114688
monitoring packets processed: 163840
lpm packets processed: 65536
maglev packets processed: 147456
nat-tcp-v4 packets processed: 131072
lpm packets processed: 81920
monitoring packets processed: 180224
nat-tcp-v4 packets processed: 147456
maglev packets processed: 163840
lpm packets processed: 98304
monitoring packets processed: 196608
nat-tcp-v4 packets processed: 163840
lpm packets processed: 114688
maglev packets processed: 180224
lpm packets processed: 131072
nat-tcp-v4 packets processed: 180224
monitoring packets processed: 212992
lpm packets processed: 147456
nat-tcp-v4 packets processed: 196608
maglev packets processed: 196608
lpm packets processed: 163840
nat-tcp-v4 packets processed: 212992
monitoring packets processed: 229376
lpm packets processed: 180224
maglev packets processed: 212992
nat-tcp-v4 packets processed: 229376
lpm packets processed: 196608
monitoring packets processed: 245760
nat-tcp-v4 packets processed: 245760
lpm packets processed: 212992
maglev packets processed: 229376
monitoring packets processed: 262144
lpm packets processed: 229376
nat-tcp-v4 packets processed: 262144
maglev packets processed: 245760
lpm packets processed: 245760
nat-tcp-v4 packets processed: 278528
monitoring packets processed: 278528
lpm packets processed: 262144
nat-tcp-v4 packets processed: 294912
maglev packets processed: 262144
monitoring packets processed: 294912
lpm packets processed: 278528
nat-tcp-v4 packets processed: 311296
lpm packets processed: 294912
monitoring packets processed: 311296
maglev packets processed: 278528
nat-tcp-v4 packets processed: 327680
lpm packets processed: 311296
nat-tcp-v4 packets processed: 344064
lpm packets processed: 327680
monitoring packets processed: 327680
maglev packets processed: 294912
lpm packets processed: 344064
nat-tcp-v4 packets processed: 360448
monitoring packets processed: 344064
lpm packets processed: 360448
maglev packets processed: 311296
nat-tcp-v4 packets processed: 376832
lpm packets processed: 376832
monitoring packets processed: 360448
nat-tcp-v4 packets processed: 393216
lpm packets processed: 393216
maglev packets processed: 327680
nat-tcp-v4 packets processed: 409600
monitoring packets processed: 376832
lpm packets processed: 409600
maglev packets processed: 344064
nat-tcp-v4 packets processed: 425984
lpm packets processed: 425984
monitoring packets processed: 393216
lpm packets processed: 442368
nat-tcp-v4 packets processed: 442368
maglev packets processed: 360448
monitoring packets processed: 409600
lpm packets processed: 458752
nat-tcp-v4 packets processed: 458752
lpm packets processed: 475136
nat-tcp-v4 packets processed: 475136
maglev packets processed: 376832
monitoring packets processed: 425984
lpm packets processed: 491520
nat-tcp-v4 packets processed: 491520
lpm packets processed: 507904
monitoring packets processed: 442368
maglev packets processed: 393216
nat-tcp-v4 packets processed: 507904
lpm packets processed: 524288
monitoring packets processed: 458752
nat-tcp-v4 packets processed: 524288
maglev packets processed: 409600
lpm packets processed: 540672
lpm packets processed: 557056
nat-tcp-v4 packets processed: 540672
monitoring packets processed: 475136
maglev packets processed: 425984
lpm packets processed: 573440
nat-tcp-v4 packets processed: 557056
monitoring packets processed: 491520
lpm packets processed: 589824
nat-tcp-v4 packets processed: 573440
maglev packets processed: 442368
lpm packets processed: 606208
monitoring packets processed: 507904
nat-tcp-v4 packets processed: 589824
lpm packets processed: 622592
maglev packets processed: 458752
monitoring packets processed: 524288
nat-tcp-v4 packets processed: 606208
lpm packets processed: 638976
lpm packets processed: 655360
nat-tcp-v4 packets processed: 622592
maglev packets processed: 475136
monitoring packets processed: 540672
lpm packets processed: 671744
nat-tcp-v4 packets processed: 638976
monitoring packets processed: 557056
lpm packets processed: 688128
maglev packets processed: 491520
nat-tcp-v4 packets processed: 655360
lpm packets processed: 704512
monitoring packets processed: 573440
nat-tcp-v4 packets processed: 671744
maglev packets processed: 507904
lpm packets processed: 720896
nat-tcp-v4 packets processed: 688128
lpm packets processed: 737280
monitoring packets processed: 589824
maglev packets processed: 524288
nat-tcp-v4 packets processed: 704512
lpm packets processed: 753664
monitoring packets processed: 606208
lpm packets processed: 770048
nat-tcp-v4 packets processed: 720896
maglev packets processed: 540672
lpm packets processed: 786432
monitoring packets processed: 622592
nat-tcp-v4 packets processed: 737280
lpm packets processed: 802816
maglev packets processed: 557056
nat-tcp-v4 packets processed: 753664
monitoring packets processed: 638976
lpm packets processed: 819200
nat-tcp-v4 packets processed: 770048
lpm packets processed: 835584
maglev packets processed: 573440
monitoring packets processed: 655360
nat-tcp-v4 packets processed: 786432
lpm packets processed: 851968
monitoring packets processed: 671744
maglev packets processed: 589824
lpm packets processed: 868352
nat-tcp-v4 packets processed: 802816
lpm packets processed: 884736
nat-tcp-v4 packets processed: 819200
monitoring packets processed: 688128
maglev packets processed: 606208
lpm packets processed: 901120
nat-tcp-v4 packets processed: 835584
monitoring packets processed: 704512
lpm packets processed: 917504
maglev packets processed: 622592
nat-tcp-v4 packets processed: 851968
lpm packets processed: 933888
monitoring packets processed: 720896
nat-tcp-v4 packets processed: 868352
lpm packets processed: 950272
maglev packets processed: 638976
nat-tcp-v4 packets processed: 884736
lpm packets processed: 966656
monitoring packets processed: 737280
lpm packets processed: 983040
nat-tcp-v4 packets processed: 901120
maglev packets processed: 655360
lpm packets processed: 999424
nat-tcp-v4 packets processed: 917504
maglev packets processed: 671744
lpm packets processed: 1015808
monitoring packets processed: 753664
nat-tcp-v4 packets processed: 933888
lpm packets processed: 1032192
nat-tcp-v4 packets processed: 950272
maglev packets processed: 688128
monitoring packets processed: 770048
lpm packets processed: 1048576
nat-tcp-v4 packets processed: 966656
lpm packets processed: 1064960
monitoring packets processed: 786432
maglev packets processed: 704512
lpm packets processed: 1081344
nat-tcp-v4 packets processed: 983040
monitoring packets processed: 802816
lpm packets processed: 1097728
nat-tcp-v4 packets processed: 999424
maglev packets processed: 720896
lpm packets processed: 1114112
nat-tcp-v4 packets processed: 1015808
monitoring packets processed: 819200
lpm packets processed: 1130496
maglev packets processed: 737280
nat-tcp-v4 packets processed: 1032192
lpm packets processed: 1146880
monitoring packets processed: 835584
nat-tcp-v4 packets processed: 1048576
maglev packets processed: 753664
lpm packets processed: 1163264
monitoring packets processed: 851968
nat-tcp-v4 packets processed: 1064960
lpm packets processed: 1179648
maglev packets processed: 770048
lpm packets processed: 1196032
nat-tcp-v4 packets processed: 1081344
monitoring packets processed: 868352
lpm packets processed: 1212416
nat-tcp-v4 packets processed: 1097728
maglev packets processed: 786432
monitoring packets processed: 884736
lpm packets processed: 1228800
nat-tcp-v4 packets processed: 1114112
lpm packets processed: 1245184
monitoring packets processed: 901120
maglev packets processed: 802816
nat-tcp-v4 packets processed: 1130496
lpm packets processed: 1261568
monitoring packets processed: 917504
nat-tcp-v4 packets processed: 1146880
lpm packets processed: 1277952
maglev packets processed: 819200
lpm packets processed: 1294336
nat-tcp-v4 packets processed: 1163264
monitoring packets processed: 933888
lpm packets processed: 1310720
maglev packets processed: 835584
nat-tcp-v4 packets processed: 1179648
monitoring packets processed: 950272
lpm packets processed: 1327104
nat-tcp-v4 packets processed: 1196032
maglev packets processed: 851968
lpm packets processed: 1343488
monitoring packets processed: 966656
nat-tcp-v4 packets processed: 1212416
lpm packets processed: 1359872
maglev packets processed: 868352
nat-tcp-v4 packets processed: 1228800
lpm packets processed: 1376256
monitoring packets processed: 983040
nat-tcp-v4 packets processed: 1245184
lpm packets processed: 1392640
maglev packets processed: 884736
monitoring packets processed: 999424
lpm packets processed: 1409024
nat-tcp-v4 packets processed: 1261568
lpm packets processed: 1425408
monitoring packets processed: 1015808
maglev packets processed: 901120
nat-tcp-v4 packets processed: 1277952
lpm packets processed: 1441792
nat-tcp-v4 packets processed: 1294336
monitoring packets processed: 1032192
lpm packets processed: 1458176
maglev packets processed: 917504
nat-tcp-v4 packets processed: 1310720
lpm packets processed: 1474560
monitoring packets processed: 1048576
nat-tcp-v4 packets processed: 1327104
maglev packets processed: 933888
lpm packets processed: 1490944
monitoring packets processed: 1064960
lpm packets processed: 1507328
nat-tcp-v4 packets processed: 1343488
maglev packets processed: 950272
lpm packets processed: 1523712
nat-tcp-v4 packets processed: 1359872
monitoring packets processed: 1081344
lpm packets processed: 1540096
nat-tcp-v4 packets processed: 1376256
maglev packets processed: 966656
monitoring packets processed: 1097728
lpm packets processed: 1556480
nat-tcp-v4 packets processed: 1392640
lpm packets processed: 1572864
maglev packets processed: 983040
monitoring packets processed: 1114112
nat-tcp-v4 packets processed: 1409024
lpm packets processed: 1589248
nat-tcp-v4 packets processed: 1425408
lpm packets processed: 1605632
monitoring packets processed: 1130496
maglev packets processed: 999424
lpm packets processed: 1622016
nat-tcp-v4 packets processed: 1441792
monitoring packets processed: 1146880
maglev packets processed: 1015808
lpm packets processed: 1638400
nat-tcp-v4 packets processed: 1458176
lpm packets processed: 1654784
monitoring packets processed: 1163264
nat-tcp-v4 packets processed: 1474560
maglev packets processed: 1032192
lpm packets processed: 1671168
nat-tcp-v4 packets processed: 1490944
monitoring packets processed: 1179648
lpm packets processed: 1687552
maglev packets processed: 1048576
nat-tcp-v4 packets processed: 1507328
lpm packets processed: 1703936
monitoring packets processed: 1196032
lpm packets processed: 1720320
nat-tcp-v4 packets processed: 1523712
maglev packets processed: 1064960
monitoring packets processed: 1212416
lpm packets processed: 1736704
nat-tcp-v4 packets processed: 1540096
lpm packets processed: 1753088
maglev packets processed: 1081344
nat-tcp-v4 packets processed: 1556480
monitoring packets processed: 1228800
lpm packets processed: 1769472
nat-tcp-v4 packets processed: 1572864
monitoring packets processed: 1245184
lpm packets processed: 1785856
maglev packets processed: 1097728
nat-tcp-v4 packets processed: 1589248
lpm packets processed: 1802240
monitoring packets processed: 1261568
maglev packets processed: 1114112
nat-tcp-v4 packets processed: 1605632
lpm packets processed: 1818624
lpm packets processed: 1835008
monitoring packets processed: 1277952
nat-tcp-v4 packets processed: 1622016
maglev packets processed: 1130496
lpm packets processed: 1851392
nat-tcp-v4 packets processed: 1638400
monitoring packets processed: 1294336
lpm packets processed: 1867776
nat-tcp-v4 packets processed: 1654784
maglev packets processed: 1146880
lpm packets processed: 1884160
monitoring packets processed: 1310720
nat-tcp-v4 packets processed: 1671168
lpm packets processed: 1900544
maglev packets processed: 1163264
monitoring packets processed: 1327104
nat-tcp-v4 packets processed: 1687552
lpm packets processed: 1916928
nat-tcp-v4 packets processed: 1703936
lpm packets processed: 1933312
maglev packets processed: 1179648
monitoring packets processed: 1343488
lpm packets processed: 1949696
nat-tcp-v4 packets processed: 1720320
monitoring packets processed: 1359872
maglev packets processed: 1196032
lpm packets processed: 1966080
nat-tcp-v4 packets processed: 1736704
lpm packets processed: 1982464
monitoring packets processed: 1376256
nat-tcp-v4 packets processed: 1753088
maglev packets processed: 1212416
lpm packets processed: 1998848
nat-tcp-v4 packets processed: 1769472
monitoring packets processed: 1392640
lpm packets processed: 2015232
maglev packets processed: 1228800
nat-tcp-v4 packets processed: 1785856
lpm packets processed: 2031616
monitoring packets processed: 1409024
lpm packets processed: 2048000
nat-tcp-v4 packets processed: 1802240
maglev packets processed: 1245184
lpm packets processed: 2064384
monitoring packets processed: 1425408
nat-tcp-v4 packets processed: 1818624
lpm packets processed: 2080768
maglev packets processed: 1261568
nat-tcp-v4 packets processed: 1835008
monitoring packets processed: 1441792
lpm packets processed: 2097152
nat-tcp-v4 packets processed: 1851392
maglev packets processed: 1277952
lpm packets processed: 2113536
monitoring packets processed: 1458176
nat-tcp-v4 packets processed: 1867776
lpm packets processed: 2129920
monitoring packets processed: 1474560
maglev packets processed: 1294336
nat-tcp-v4 packets processed: 1884160
lpm packets processed: 2146304
lpm packets processed: 2162688
nat-tcp-v4 packets processed: 1900544
monitoring packets processed: 1490944
maglev packets processed: 1310720
lpm packets processed: 2179072
nat-tcp-v4 packets processed: 1916928
monitoring packets processed: 1507328
lpm packets processed: 2195456
maglev packets processed: 1327104
nat-tcp-v4 packets processed: 1933312
lpm packets processed: 2211840
monitoring packets processed: 1523712
nat-tcp-v4 packets processed: 1949696
lpm packets processed: 2228224
maglev packets processed: 1343488
nat-tcp-v4 packets processed: 1966080
monitoring packets processed: 1540096
lpm packets processed: 2244608
lpm packets processed: 2260992
maglev packets processed: 1359872
nat-tcp-v4 packets processed: 1982464
monitoring packets processed: 1556480
lpm packets processed: 2277376
nat-tcp-v4 packets processed: 1998848
maglev packets processed: 1376256
lpm packets processed: 2293760
monitoring packets processed: 1572864
nat-tcp-v4 packets processed: 2015232
lpm packets processed: 2310144
nat-tcp-v4 packets processed: 2031616
monitoring packets processed: 1589248
maglev packets processed: 1392640
lpm packets processed: 2326528
nat-tcp-v4 packets processed: 2048000
lpm packets processed: 2342912
monitoring packets processed: 1605632
maglev packets processed: 1409024
nat-tcp-v4 packets processed: 2064384
lpm packets processed: 2359296
monitoring packets processed: 1622016
lpm packets processed: 2375680
nat-tcp-v4 packets processed: 2080768
maglev packets processed: 1425408
lpm packets processed: 2392064
monitoring packets processed: 1638400
nat-tcp-v4 packets processed: 2097152
lpm packets processed: 2408448
maglev packets processed: 1441792
nat-tcp-v4 packets processed: 2113536
monitoring packets processed: 1654784
lpm packets processed: 2424832
nat-tcp-v4 packets processed: 2129920
maglev packets processed: 1458176
lpm packets processed: 2441216
monitoring packets processed: 1671168
nat-tcp-v4 packets processed: 2146304
lpm packets processed: 2457600
maglev packets processed: 1474560
Switched CPUS @ tick 929139312276
switching cpus
**** REAL SIMULATION ****
lpm packets processed: 2473984
monitoring packets processed: 1687552
nat-tcp-v4 packets processed: 2162688
lpm packets processed: 2490368
nat-tcp-v4 packets processed: 2179072
maglev packets processed: 1490944
monitoring packets processed: 1703936
lpm packets processed: 2506752
nat-tcp-v4 packets processed: 2195456
lpm packets processed: 2523136
monitoring packets processed: 1720320
maglev packets processed: 1507328
nat-tcp-v4 packets processed: 2211840
lpm packets processed: 2539520
monitoring packets processed: 1736704
nat-tcp-v4 packets processed: 2228224
lpm packets processed: 2555904
maglev packets processed: 1523712
lpm packets processed: 2572288
nat-tcp-v4 packets processed: 2244608
monitoring packets processed: 1753088
lpm packets processed: 2588672
maglev packets processed: 1540096
nat-tcp-v4 packets processed: 2260992
monitoring packets processed: 1769472
lpm packets processed: 2605056
nat-tcp-v4 packets processed: 2277376
maglev packets processed: 1556480
lpm packets processed: 2621440
monitoring packets processed: 1785856
nat-tcp-v4 packets processed: 2293760
lpm packets processed: 2637824
maglev packets processed: 1572864
nat-tcp-v4 packets processed: 2310144
monitoring packets processed: 1802240
lpm packets processed: 2654208
lpm packets processed: 2670592
nat-tcp-v4 packets processed: 2326528
maglev packets processed: 1589248
monitoring packets processed: 1818624
lpm packets processed: 2686976
nat-tcp-v4 packets processed: 2342912
lpm packets processed: 2703360
monitoring packets processed: 1835008
maglev packets processed: 1605632
nat-tcp-v4 packets processed: 2359296
lpm packets processed: 2719744
monitoring packets processed: 1851392
nat-tcp-v4 packets processed: 2375680
lpm packets processed: 2736128
maglev packets processed: 1622016
nat-tcp-v4 packets processed: 2392064
lpm packets processed: 2752512
monitoring packets processed: 1867776
maglev packets processed: 1638400
lpm packets processed: 2768896
nat-tcp-v4 packets processed: 2408448
monitoring packets processed: 1884160
lpm packets processed: 2785280
nat-tcp-v4 packets processed: 2424832
maglev packets processed: 1654784
lpm packets processed: 2801664
monitoring packets processed: 1900544
nat-tcp-v4 packets processed: 2441216
lpm packets processed: 2818048
maglev packets processed: 1671168
nat-tcp-v4 packets processed: 2457600
monitoring packets processed: 1916928
lpm packets processed: 2834432
nat-tcp-v4 packets processed: 2473984
lpm packets processed: 2850816
maglev packets processed: 1687552
monitoring packets processed: 1933312
lpm packets processed: 2867200
nat-tcp-v4 packets processed: 2490368
lpm packets processed: 2883584
monitoring packets processed: 1949696
maglev packets processed: 1703936
nat-tcp-v4 packets processed: 2506752
lpm packets processed: 2899968
nat-tcp-v4 packets processed: 2523136
monitoring packets processed: 1966080
maglev packets processed: 1720320
lpm packets processed: 2916352
nat-tcp-v4 packets processed: 2539520
lpm packets processed: 2932736
monitoring packets processed: 1982464
maglev packets processed: 1736704
nat-tcp-v4 packets processed: 2555904
lpm packets processed: 2949120
monitoring packets processed: 1998848
lpm packets processed: 2965504
nat-tcp-v4 packets processed: 2572288
maglev packets processed: 1753088
lpm packets processed: 2981888
nat-tcp-v4 packets processed: 2588672
monitoring packets processed: 2015232
lpm packets processed: 2998272
maglev packets processed: 1769472
nat-tcp-v4 packets processed: 2605056
monitoring packets processed: 2031616
lpm packets processed: 3014656
nat-tcp-v4 packets processed: 2621440
lpm packets processed: 3031040
maglev packets processed: 1785856
monitoring packets processed: 2048000
nat-tcp-v4 packets processed: 2637824
lpm packets processed: 3047424
maglev packets processed: 1802240
lpm packets processed: 3063808
monitoring packets processed: 2064384
nat-tcp-v4 packets processed: 2654208
lpm packets processed: 3080192
nat-tcp-v4 packets processed: 2670592
monitoring packets processed: 2080768
maglev packets processed: 1818624
lpm packets processed: 3096576
nat-tcp-v4 packets processed: 2686976
lpm packets processed: 3112960
monitoring packets processed: 2097152
maglev packets processed: 1835008
nat-tcp-v4 packets processed: 2703360
lpm packets processed: 3129344
monitoring packets processed: 2113536
nat-tcp-v4 packets processed: 2719744
lpm packets processed: 3145728
maglev packets processed: 1851392
lpm packets processed: 3162112
nat-tcp-v4 packets processed: 2736128
monitoring packets processed: 2129920
lpm packets processed: 3178496
maglev packets processed: 1867776
nat-tcp-v4 packets processed: 2752512
monitoring packets processed: 2146304
lpm packets processed: 3194880
nat-tcp-v4 packets processed: 2768896
lpm packets processed: 3211264
maglev packets processed: 1884160
monitoring packets processed: 2162688
nat-tcp-v4 packets processed: 2785280
lpm packets processed: 3227648
maglev packets processed: 1900544
lpm packets processed: 3244032
nat-tcp-v4 packets processed: 2801664
monitoring packets processed: 2179072
lpm packets processed: 3260416
nat-tcp-v4 packets processed: 2818048
maglev packets processed: 1916928
monitoring packets processed: 2195456
lpm packets processed: 3276800
nat-tcp-v4 packets processed: 2834432
lpm packets processed: 3293184
monitoring packets processed: 2211840
maglev packets processed: 1933312
nat-tcp-v4 packets processed: 2850816
lpm packets processed: 3309568
monitoring packets processed: 2228224
nat-tcp-v4 packets processed: 2867200
lpm packets processed: 3325952
maglev packets processed: 1949696
lpm packets processed: 3342336
nat-tcp-v4 packets processed: 2883584
monitoring packets processed: 2244608
lpm packets processed: 3358720
maglev packets processed: 1966080
nat-tcp-v4 packets processed: 2899968
monitoring packets processed: 2260992
lpm packets processed: 3375104
nat-tcp-v4 packets processed: 2916352
maglev packets processed: 1982464
lpm packets processed: 3391488
monitoring packets processed: 2277376
nat-tcp-v4 packets processed: 2932736
lpm packets processed: 3407872
maglev packets processed: 1998848
nat-tcp-v4 packets processed: 2949120
lpm packets processed: 3424256
monitoring packets processed: 2293760
lpm packets processed: 3440640
nat-tcp-v4 packets processed: 2965504
maglev packets processed: 2015232
monitoring packets processed: 2310144
lpm packets processed: 3457024
nat-tcp-v4 packets processed: 2981888
lpm packets processed: 3473408
monitoring packets processed: 2326528
maglev packets processed: 2031616
nat-tcp-v4 packets processed: 2998272
lpm packets processed: 3489792
nat-tcp-v4 packets processed: 3014656
monitoring packets processed: 2342912
lpm packets processed: 3506176
maglev packets processed: 2048000
nat-tcp-v4 packets processed: 3031040
lpm packets processed: 3522560
monitoring packets processed: 2359296
maglev packets processed: 2064384
lpm packets processed: 3538944
nat-tcp-v4 packets processed: 3047424
monitoring packets processed: 2375680
lpm packets processed: 3555328
nat-tcp-v4 packets processed: 3063808
maglev packets processed: 2080768
lpm packets processed: 3571712
monitoring packets processed: 2392064
nat-tcp-v4 packets processed: 3080192
lpm packets processed: 3588096
maglev packets processed: 2097152
nat-tcp-v4 packets processed: 3096576
lpm packets processed: 3604480
monitoring packets processed: 2408448
nat-tcp-v4 packets processed: 3112960
lpm packets processed: 3620864
maglev packets processed: 2113536
monitoring packets processed: 2424832
lpm packets processed: 3637248
nat-tcp-v4 packets processed: 3129344
lpm packets processed: 3653632
monitoring packets processed: 2441216
maglev packets processed: 2129920
nat-tcp-v4 packets processed: 3145728
lpm packets processed: 3670016
nat-tcp-v4 packets processed: 3162112
monitoring packets processed: 2457600
lpm packets processed: 3686400
maglev packets processed: 2146304
nat-tcp-v4 packets processed: 3178496
Exiting @ tick 2000000000000 because simulate() limit reached
