gem5 Simulator System.  http://gem5.org
gem5 is copyrighted software; use the --copyright option for details.

gem5 compiled Jan 25 2020 15:34:49
gem5 started Jan 27 2020 16:56:28
gem5 executing on node-1.yangzhou-qv63708.lambda-mpi-pg0.clemson.cloudlab.us, pid 42182
command line: build/ARM/gem5.fast --remote-gdb-port=0 --outdir=/users/yangzhou/gem5/sgx_nic/m5out/TimingSimpleCPU_acl-fw.nat-tcp-v4.monitoring_4MB --stats-file=TimingSimpleCPU_acl-fw.nat-tcp-v4.monitoring_4MB_stats.txt configs/example/se_nic.py --interp-dir /usr/aarch64-linux-gnu --redirects /lib=/usr/aarch64-linux-gnu/lib -c 'acl-fw;nat-tcp-v4;monitoring' --cpu-type=TimingSimpleCPU --cpu-clock=2.4GHz --asic-clock=0.56GHz --cacheline_size=128 --caches --l2cache --l2_size=4MB --l2_assoc=16 --mem-size=192GB --mem-type=DDR3_1600_8x8 --mem-channels=2 --mem-ranks=2 --fast-forward=2000000000 --rel-max-tick=2000000000000

['acl-fw', 'nat-tcp-v4', 'monitoring']
{'monitoring': [2], 'nat-tcp-v4': [1], 'acl-fw': [0]} 3 3
Setting the interpreter path to: /usr/aarch64-linux-gnu 
For dynamically linked applications you might still need to setup the --redirects so that libraries are found

Global frequency set at 1000000000000 ticks per second
Switch at instruction count:2000000000
Receiving started
Receiving started
Running 1 pipelines
Running 1 pipelines
trying to open file /users/yangzhou/ictf2010_1Mflow.dat
trying to open file /users/yangzhou/ictf2010_1Mflow.dat
opening succeeds
opening succeeds
Receiving port Simulate queue
Running 1 pipelines
trying to open file /users/yangzhou/ictf2010_1Mflow.dat
opening succeeds
Reading pkt trace done!
Reading pkt trace done!
Reading pkt trace done!
monitoring packets processed: 16384
recover down
nat-tcp-v4 packets processed: 16384
number of rules in acls: 643
monitoring packets processed: 32768
monitoring packets processed: 49152
nat-tcp-v4 packets processed: 32768
monitoring packets processed: 65536
acl-fw packets processed: 16384
monitoring packets processed: 81920
nat-tcp-v4 packets processed: 49152
monitoring packets processed: 98304
monitoring packets processed: 114688
nat-tcp-v4 packets processed: 65536
acl-fw packets processed: 32768
monitoring packets processed: 131072
nat-tcp-v4 packets processed: 81920
monitoring packets processed: 147456
nat-tcp-v4 packets processed: 98304
nat-tcp-v4 packets processed: 114688
monitoring packets processed: 163840
nat-tcp-v4 packets processed: 131072
monitoring packets processed: 180224
nat-tcp-v4 packets processed: 147456
acl-fw packets processed: 49152
monitoring packets processed: 196608
nat-tcp-v4 packets processed: 163840
nat-tcp-v4 packets processed: 180224
monitoring packets processed: 212992
nat-tcp-v4 packets processed: 196608
acl-fw packets processed: 65536
nat-tcp-v4 packets processed: 212992
monitoring packets processed: 229376
nat-tcp-v4 packets processed: 229376
monitoring packets processed: 245760
nat-tcp-v4 packets processed: 245760
monitoring packets processed: 262144
nat-tcp-v4 packets processed: 262144
nat-tcp-v4 packets processed: 278528
acl-fw packets processed: 81920
monitoring packets processed: 278528
nat-tcp-v4 packets processed: 294912
monitoring packets processed: 294912
nat-tcp-v4 packets processed: 311296
monitoring packets processed: 311296
nat-tcp-v4 packets processed: 327680
acl-fw packets processed: 98304
nat-tcp-v4 packets processed: 344064
monitoring packets processed: 327680
nat-tcp-v4 packets processed: 360448
monitoring packets processed: 344064
nat-tcp-v4 packets processed: 376832
monitoring packets processed: 360448
nat-tcp-v4 packets processed: 393216
nat-tcp-v4 packets processed: 409600
acl-fw packets processed: 114688
monitoring packets processed: 376832
nat-tcp-v4 packets processed: 425984
monitoring packets processed: 393216
nat-tcp-v4 packets processed: 442368
monitoring packets processed: 409600
nat-tcp-v4 packets processed: 458752
acl-fw packets processed: 131072
nat-tcp-v4 packets processed: 475136
monitoring packets processed: 425984
nat-tcp-v4 packets processed: 491520
monitoring packets processed: 442368
nat-tcp-v4 packets processed: 507904
monitoring packets processed: 458752
nat-tcp-v4 packets processed: 524288
acl-fw packets processed: 147456
nat-tcp-v4 packets processed: 540672
monitoring packets processed: 475136
nat-tcp-v4 packets processed: 557056
monitoring packets processed: 491520
nat-tcp-v4 packets processed: 573440
monitoring packets processed: 507904
nat-tcp-v4 packets processed: 589824
acl-fw packets processed: 163840
monitoring packets processed: 524288
nat-tcp-v4 packets processed: 606208
nat-tcp-v4 packets processed: 622592
monitoring packets processed: 540672
nat-tcp-v4 packets processed: 638976
monitoring packets processed: 557056
nat-tcp-v4 packets processed: 655360
acl-fw packets processed: 180224
monitoring packets processed: 573440
nat-tcp-v4 packets processed: 671744
nat-tcp-v4 packets processed: 688128
monitoring packets processed: 589824
nat-tcp-v4 packets processed: 704512
monitoring packets processed: 606208
nat-tcp-v4 packets processed: 720896
acl-fw packets processed: 196608
monitoring packets processed: 622592
nat-tcp-v4 packets processed: 737280
nat-tcp-v4 packets processed: 753664
monitoring packets processed: 638976
nat-tcp-v4 packets processed: 770048
monitoring packets processed: 655360
nat-tcp-v4 packets processed: 786432
acl-fw packets processed: 212992
monitoring packets processed: 671744
nat-tcp-v4 packets processed: 802816
nat-tcp-v4 packets processed: 819200
monitoring packets processed: 688128
nat-tcp-v4 packets processed: 835584
monitoring packets processed: 704512
nat-tcp-v4 packets processed: 851968
acl-fw packets processed: 229376
monitoring packets processed: 720896
nat-tcp-v4 packets processed: 868352
nat-tcp-v4 packets processed: 884736
monitoring packets processed: 737280
nat-tcp-v4 packets processed: 901120
nat-tcp-v4 packets processed: 917504
acl-fw packets processed: 245760
monitoring packets processed: 753664
nat-tcp-v4 packets processed: 933888
nat-tcp-v4 packets processed: 950272
monitoring packets processed: 770048
nat-tcp-v4 packets processed: 966656
monitoring packets processed: 786432
nat-tcp-v4 packets processed: 983040
acl-fw packets processed: 262144
monitoring packets processed: 802816
nat-tcp-v4 packets processed: 999424
nat-tcp-v4 packets processed: 1015808
monitoring packets processed: 819200
nat-tcp-v4 packets processed: 1032192
monitoring packets processed: 835584
nat-tcp-v4 packets processed: 1048576
acl-fw packets processed: 278528
monitoring packets processed: 851968
nat-tcp-v4 packets processed: 1064960
nat-tcp-v4 packets processed: 1081344
monitoring packets processed: 868352
nat-tcp-v4 packets processed: 1097728
monitoring packets processed: 884736
acl-fw packets processed: 294912
nat-tcp-v4 packets processed: 1114112
monitoring packets processed: 901120
nat-tcp-v4 packets processed: 1130496
monitoring packets processed: 917504
nat-tcp-v4 packets processed: 1146880
nat-tcp-v4 packets processed: 1163264
acl-fw packets processed: 311296
monitoring packets processed: 933888
nat-tcp-v4 packets processed: 1179648
monitoring packets processed: 950272
nat-tcp-v4 packets processed: 1196032
monitoring packets processed: 966656
nat-tcp-v4 packets processed: 1212416
acl-fw packets processed: 327680
nat-tcp-v4 packets processed: 1228800
monitoring packets processed: 983040
nat-tcp-v4 packets processed: 1245184
monitoring packets processed: 999424
nat-tcp-v4 packets processed: 1261568
monitoring packets processed: 1015808
nat-tcp-v4 packets processed: 1277952
acl-fw packets processed: 344064
nat-tcp-v4 packets processed: 1294336
monitoring packets processed: 1032192
nat-tcp-v4 packets processed: 1310720
monitoring packets processed: 1048576
nat-tcp-v4 packets processed: 1327104
monitoring packets processed: 1064960
nat-tcp-v4 packets processed: 1343488
acl-fw packets processed: 360448
nat-tcp-v4 packets processed: 1359872
monitoring packets processed: 1081344
nat-tcp-v4 packets processed: 1376256
monitoring packets processed: 1097728
nat-tcp-v4 packets processed: 1392640
acl-fw packets processed: 376832
monitoring packets processed: 1114112
nat-tcp-v4 packets processed: 1409024
nat-tcp-v4 packets processed: 1425408
monitoring packets processed: 1130496
nat-tcp-v4 packets processed: 1441792
monitoring packets processed: 1146880
nat-tcp-v4 packets processed: 1458176
acl-fw packets processed: 393216
monitoring packets processed: 1163264
nat-tcp-v4 packets processed: 1474560
nat-tcp-v4 packets processed: 1490944
monitoring packets processed: 1179648
nat-tcp-v4 packets processed: 1507328
monitoring packets processed: 1196032
nat-tcp-v4 packets processed: 1523712
acl-fw packets processed: 409600
monitoring packets processed: 1212416
nat-tcp-v4 packets processed: 1540096
nat-tcp-v4 packets processed: 1556480
monitoring packets processed: 1228800
nat-tcp-v4 packets processed: 1572864
monitoring packets processed: 1245184
acl-fw packets processed: 425984
nat-tcp-v4 packets processed: 1589248
monitoring packets processed: 1261568
nat-tcp-v4 packets processed: 1605632
monitoring packets processed: 1277952
nat-tcp-v4 packets processed: 1622016
nat-tcp-v4 packets processed: 1638400
monitoring packets processed: 1294336
acl-fw packets processed: 442368
nat-tcp-v4 packets processed: 1654784
monitoring packets processed: 1310720
nat-tcp-v4 packets processed: 1671168
monitoring packets processed: 1327104
nat-tcp-v4 packets processed: 1687552
nat-tcp-v4 packets processed: 1703936
acl-fw packets processed: 458752
monitoring packets processed: 1343488
nat-tcp-v4 packets processed: 1720320
monitoring packets processed: 1359872
nat-tcp-v4 packets processed: 1736704
monitoring packets processed: 1376256
nat-tcp-v4 packets processed: 1753088
acl-fw packets processed: 475136
nat-tcp-v4 packets processed: 1769472
monitoring packets processed: 1392640
nat-tcp-v4 packets processed: 1785856
monitoring packets processed: 1409024
nat-tcp-v4 packets processed: 1802240
monitoring packets processed: 1425408
acl-fw packets processed: 491520
nat-tcp-v4 packets processed: 1818624
nat-tcp-v4 packets processed: 1835008
monitoring packets processed: 1441792
nat-tcp-v4 packets processed: 1851392
monitoring packets processed: 1458176
nat-tcp-v4 packets processed: 1867776
acl-fw packets processed: 507904
monitoring packets processed: 1474560
nat-tcp-v4 packets processed: 1884160
nat-tcp-v4 packets processed: 1900544
monitoring packets processed: 1490944
nat-tcp-v4 packets processed: 1916928
monitoring packets processed: 1507328
acl-fw packets processed: 524288
nat-tcp-v4 packets processed: 1933312
monitoring packets processed: 1523712
nat-tcp-v4 packets processed: 1949696
nat-tcp-v4 packets processed: 1966080
monitoring packets processed: 1540096
nat-tcp-v4 packets processed: 1982464
acl-fw packets processed: 540672
monitoring packets processed: 1556480
nat-tcp-v4 packets processed: 1998848
monitoring packets processed: 1572864
nat-tcp-v4 packets processed: 2015232
nat-tcp-v4 packets processed: 2031616
monitoring packets processed: 1589248
acl-fw packets processed: 557056
nat-tcp-v4 packets processed: 2048000
monitoring packets processed: 1605632
nat-tcp-v4 packets processed: 2064384
monitoring packets processed: 1622016
nat-tcp-v4 packets processed: 2080768
acl-fw packets processed: 573440
monitoring packets processed: 1638400
nat-tcp-v4 packets processed: 2097152
nat-tcp-v4 packets processed: 2113536
monitoring packets processed: 1654784
nat-tcp-v4 packets processed: 2129920
monitoring packets processed: 1671168
nat-tcp-v4 packets processed: 2146304
acl-fw packets processed: 589824
monitoring packets processed: 1687552
nat-tcp-v4 packets processed: 2162688
nat-tcp-v4 packets processed: 2179072
monitoring packets processed: 1703936
nat-tcp-v4 packets processed: 2195456
acl-fw packets processed: 606208
monitoring packets processed: 1720320
nat-tcp-v4 packets processed: 2211840
Switched CPUS @ tick 953410327317
switching cpus
**** REAL SIMULATION ****
monitoring packets processed: 1736704
nat-tcp-v4 packets processed: 2228224
nat-tcp-v4 packets processed: 2244608
monitoring packets processed: 1753088
acl-fw packets processed: 622592
nat-tcp-v4 packets processed: 2260992
monitoring packets processed: 1769472
nat-tcp-v4 packets processed: 2277376
monitoring packets processed: 1785856
nat-tcp-v4 packets processed: 2293760
acl-fw packets processed: 638976
nat-tcp-v4 packets processed: 2310144
monitoring packets processed: 1802240
nat-tcp-v4 packets processed: 2326528
monitoring packets processed: 1818624
nat-tcp-v4 packets processed: 2342912
acl-fw packets processed: 655360
monitoring packets processed: 1835008
nat-tcp-v4 packets processed: 2359296
nat-tcp-v4 packets processed: 2375680
monitoring packets processed: 1851392
nat-tcp-v4 packets processed: 2392064
monitoring packets processed: 1867776
acl-fw packets processed: 671744
nat-tcp-v4 packets processed: 2408448
monitoring packets processed: 1884160
nat-tcp-v4 packets processed: 2424832
monitoring packets processed: 1900544
nat-tcp-v4 packets processed: 2441216
acl-fw packets processed: 688128
nat-tcp-v4 packets processed: 2457600
monitoring packets processed: 1916928
nat-tcp-v4 packets processed: 2473984
monitoring packets processed: 1933312
nat-tcp-v4 packets processed: 2490368
acl-fw packets processed: 704512
monitoring packets processed: 1949696
nat-tcp-v4 packets processed: 2506752
nat-tcp-v4 packets processed: 2523136
monitoring packets processed: 1966080
nat-tcp-v4 packets processed: 2539520
acl-fw packets processed: 720896
monitoring packets processed: 1982464
nat-tcp-v4 packets processed: 2555904
monitoring packets processed: 1998848
nat-tcp-v4 packets processed: 2572288
acl-fw packets processed: 737280
nat-tcp-v4 packets processed: 2588672
monitoring packets processed: 2015232
nat-tcp-v4 packets processed: 2605056
monitoring packets processed: 2031616
nat-tcp-v4 packets processed: 2621440
monitoring packets processed: 2048000
acl-fw packets processed: 753664
nat-tcp-v4 packets processed: 2637824
monitoring packets processed: 2064384
nat-tcp-v4 packets processed: 2654208
nat-tcp-v4 packets processed: 2670592
monitoring packets processed: 2080768
acl-fw packets processed: 770048
nat-tcp-v4 packets processed: 2686976
monitoring packets processed: 2097152
nat-tcp-v4 packets processed: 2703360
monitoring packets processed: 2113536
nat-tcp-v4 packets processed: 2719744
acl-fw packets processed: 786432
nat-tcp-v4 packets processed: 2736128
monitoring packets processed: 2129920
nat-tcp-v4 packets processed: 2752512
monitoring packets processed: 2146304
nat-tcp-v4 packets processed: 2768896
acl-fw packets processed: 802816
monitoring packets processed: 2162688
nat-tcp-v4 packets processed: 2785280
nat-tcp-v4 packets processed: 2801664
monitoring packets processed: 2179072
acl-fw packets processed: 819200
nat-tcp-v4 packets processed: 2818048
monitoring packets processed: 2195456
nat-tcp-v4 packets processed: 2834432
monitoring packets processed: 2211840
nat-tcp-v4 packets processed: 2850816
acl-fw packets processed: 835584
monitoring packets processed: 2228224
nat-tcp-v4 packets processed: 2867200
nat-tcp-v4 packets processed: 2883584
monitoring packets processed: 2244608
nat-tcp-v4 packets processed: 2899968
monitoring packets processed: 2260992
acl-fw packets processed: 851968
nat-tcp-v4 packets processed: 2916352
monitoring packets processed: 2277376
nat-tcp-v4 packets processed: 2932736
nat-tcp-v4 packets processed: 2949120
monitoring packets processed: 2293760
acl-fw packets processed: 868352
nat-tcp-v4 packets processed: 2965504
monitoring packets processed: 2310144
nat-tcp-v4 packets processed: 2981888
monitoring packets processed: 2326528
nat-tcp-v4 packets processed: 2998272
acl-fw packets processed: 884736
nat-tcp-v4 packets processed: 3014656
monitoring packets processed: 2342912
nat-tcp-v4 packets processed: 3031040
monitoring packets processed: 2359296
acl-fw packets processed: 901120
nat-tcp-v4 packets processed: 3047424
monitoring packets processed: 2375680
nat-tcp-v4 packets processed: 3063808
nat-tcp-v4 packets processed: 3080192
monitoring packets processed: 2392064
acl-fw packets processed: 917504
nat-tcp-v4 packets processed: 3096576
monitoring packets processed: 2408448
nat-tcp-v4 packets processed: 3112960
monitoring packets processed: 2424832
acl-fw packets processed: 933888
nat-tcp-v4 packets processed: 3129344
monitoring packets processed: 2441216
nat-tcp-v4 packets processed: 3145728
nat-tcp-v4 packets processed: 3162112
monitoring packets processed: 2457600
acl-fw packets processed: 950272
nat-tcp-v4 packets processed: 3178496
monitoring packets processed: 2473984
nat-tcp-v4 packets processed: 3194880
acl-fw packets processed: 966656
monitoring packets processed: 2490368
nat-tcp-v4 packets processed: 3211264
Exiting @ tick 2000000000000 because simulate() limit reached
