gem5 Simulator System.  http://gem5.org
gem5 is copyrighted software; use the --copyright option for details.

gem5 compiled Jan 24 2020 10:09:16
gem5 started Jan 27 2020 16:56:31
gem5 executing on node-0.yangzhou-qv63856.lambda-mpi-pg0.clemson.cloudlab.us, pid 112961
command line: build/ARM/gem5.fast --remote-gdb-port=0 --outdir=/users/yangzhou/gem5/sgx_nic/m5out/TimingSimpleCPU_acl-fw.dpi-queue.maglev.monitoring_4MB --stats-file=TimingSimpleCPU_acl-fw.dpi-queue.maglev.monitoring_4MB_stats.txt configs/example/se_nic.py --interp-dir /usr/aarch64-linux-gnu --redirects /lib=/usr/aarch64-linux-gnu/lib -c 'acl-fw;dpi-queue;maglev;monitoring' --cpu-type=TimingSimpleCPU --cpu-clock=2.4GHz --asic-clock=0.56GHz --cacheline_size=128 --caches --l2cache --l2_size=4MB --l2_assoc=16 --mem-size=192GB --mem-type=DDR3_1600_8x8 --mem-channels=2 --mem-ranks=2 --fast-forward=2000000000 --rel-max-tick=2000000000000

['acl-fw', 'dpi-queue', 'maglev', 'monitoring']
{'monitoring': [19], 'dpi-queue': [1, 2, 3, 4, 5, 6, 7, 8, 9, 10, 11, 12, 13, 14, 15, 16, 17], 'maglev': [18], 'acl-fw': [0]} 4 20
Setting the interpreter path to: /usr/aarch64-linux-gnu 
For dynamically linked applications you might still need to setup the --redirects so that libraries are found

Global frequency set at 1000000000000 ticks per second
Switch at instruction count:2000000000
Receiving started
Receiving started
Running 1 pipelines
Running 1 pipelines
trying to open file /users/yangzhou/ictf2010_1Mflow.dat
trying to open file /users/yangzhou/ictf2010_1Mflow.dat
opening succeeds
opening succeeds
Receiving port Simulate queue
Running 1 pipelines
trying to open file /users/yangzhou/ictf2010_1Mflow.dat
opening succeeds
pkt_num: 102400
dpi rules length: 33471
Reading pkt trace done!
Reading pkt trace done!
Reading pkt trace done!
Generating permutations
Generating LUT
Done Generating LUT
monitoring packets processed: 16384
maglev packets processed: 16384
recover down
number of rules in acls: 643
monitoring packets processed: 32768
maglev packets processed: 32768
monitoring packets processed: 49152
maglev packets processed: 49152
monitoring packets processed: 65536
maglev packets processed: 65536
acl-fw packets processed: 16384
monitoring packets processed: 81920
maglev packets processed: 81920
monitoring packets processed: 98304
maglev packets processed: 98304
monitoring packets processed: 114688
acl-fw packets processed: 32768
maglev packets processed: 114688
monitoring packets processed: 131072
monitoring packets processed: 147456
maglev packets processed: 131072
monitoring packets processed: 163840
maglev packets processed: 147456
monitoring packets processed: 180224
acl-fw packets processed: 49152
maglev packets processed: 163840
monitoring packets processed: 196608
maglev packets processed: 180224
monitoring packets processed: 212992
maglev packets processed: 196608
acl-fw packets processed: 65536
monitoring packets processed: 229376
maglev packets processed: 212992
monitoring packets processed: 245760
maglev packets processed: 229376
monitoring packets processed: 262144
maglev packets processed: 245760
acl-fw packets processed: 81920
monitoring packets processed: 278528
maglev packets processed: 262144
monitoring packets processed: 294912
monitoring packets processed: 311296
maglev packets processed: 278528
acl-fw packets processed: 98304
monitoring packets processed: 327680
maglev packets processed: 294912
dpi AhoCorasick graph built up!
trying to open file /users/yangzhou/ictf2010_1Mflow.dat
opening succeeds
monitoring packets processed: 344064
maglev packets processed: 311296
monitoring packets processed: 360448
maglev packets processed: 327680
acl-fw packets processed: 114688
monitoring packets processed: 376832
Reading pkt trace done!
maglev packets processed: 344064
monitoring packets processed: 393216
dpi packets processed: 16384
maglev packets processed: 360448
dpi packets processed: 32768
monitoring packets processed: 409600
dpi packets processed: 49152
acl-fw packets processed: 131072
maglev packets processed: 376832
monitoring packets processed: 425984
dpi packets processed: 65536
dpi packets processed: 81920
monitoring packets processed: 442368
maglev packets processed: 393216
dpi packets processed: 98304
monitoring packets processed: 458752
dpi packets processed: 114688
maglev packets processed: 409600
dpi packets processed: 131072
acl-fw packets processed: 147456
monitoring packets processed: 475136
dpi packets processed: 147456
maglev packets processed: 425984
dpi packets processed: 163840
monitoring packets processed: 491520
dpi packets processed: 180224
maglev packets processed: 442368
monitoring packets processed: 507904
dpi packets processed: 196608
acl-fw packets processed: 163840
maglev packets processed: 458752
dpi packets processed: 212992
monitoring packets processed: 524288
dpi packets processed: 229376
maglev packets processed: 475136
monitoring packets processed: 540672
dpi packets processed: 245760
dpi packets processed: 262144
monitoring packets processed: 557056
maglev packets processed: 491520
dpi packets processed: 278528
acl-fw packets processed: 180224
monitoring packets processed: 573440
dpi packets processed: 294912
maglev packets processed: 507904
dpi packets processed: 311296
monitoring packets processed: 589824
dpi packets processed: 327680
maglev packets processed: 524288
dpi packets processed: 344064
monitoring packets processed: 606208
maglev packets processed: 540672
dpi packets processed: 360448
acl-fw packets processed: 196608
monitoring packets processed: 622592
dpi packets processed: 376832
maglev packets processed: 557056
dpi packets processed: 393216
monitoring packets processed: 638976
dpi packets processed: 409600
maglev packets processed: 573440
monitoring packets processed: 655360
dpi packets processed: 425984
dpi packets processed: 442368
acl-fw packets processed: 212992
monitoring packets processed: 671744
maglev packets processed: 589824
dpi packets processed: 458752
monitoring packets processed: 688128
dpi packets processed: 475136
maglev packets processed: 606208
dpi packets processed: 491520
monitoring packets processed: 704512
dpi packets processed: 507904
maglev packets processed: 622592
acl-fw packets processed: 229376
dpi packets processed: 524288
monitoring packets processed: 720896
maglev packets processed: 638976
dpi packets processed: 540672
monitoring packets processed: 737280
dpi packets processed: 557056
maglev packets processed: 655360
dpi packets processed: 573440
dpi packets processed: 589824
acl-fw packets processed: 245760
maglev packets processed: 671744
monitoring packets processed: 753664
dpi packets processed: 606208
dpi packets processed: 622592
maglev packets processed: 688128
monitoring packets processed: 770048
dpi packets processed: 638976
monitoring packets processed: 786432
dpi packets processed: 655360
maglev packets processed: 704512
acl-fw packets processed: 262144
dpi packets processed: 671744
monitoring packets processed: 802816
maglev packets processed: 720896
dpi packets processed: 688128
dpi packets processed: 704512
monitoring packets processed: 819200
maglev packets processed: 737280
dpi packets processed: 720896
monitoring packets processed: 835584
dpi packets processed: 737280
acl-fw packets processed: 278528
maglev packets processed: 753664
dpi packets processed: 753664
monitoring packets processed: 851968
dpi packets processed: 770048
maglev packets processed: 770048
monitoring packets processed: 868352
dpi packets processed: 786432
dpi packets processed: 802816
maglev packets processed: 786432
monitoring packets processed: 884736
acl-fw packets processed: 294912
dpi packets processed: 819200
monitoring packets processed: 901120
dpi packets processed: 835584
maglev packets processed: 802816
dpi packets processed: 851968
monitoring packets processed: 917504
maglev packets processed: 819200
dpi packets processed: 868352
acl-fw packets processed: 311296
monitoring packets processed: 933888
dpi packets processed: 884736
maglev packets processed: 835584
dpi packets processed: 901120
monitoring packets processed: 950272
dpi packets processed: 917504
maglev packets processed: 851968
dpi packets processed: 933888
monitoring packets processed: 966656
dpi packets processed: 950272
acl-fw packets processed: 327680
maglev packets processed: 868352
monitoring packets processed: 983040
dpi packets processed: 966656
dpi packets processed: 983040
maglev packets processed: 884736
monitoring packets processed: 999424
dpi packets processed: 999424
monitoring packets processed: 1015808
maglev packets processed: 901120
dpi packets processed: 1015808
acl-fw packets processed: 344064
dpi packets processed: 1032192
monitoring packets processed: 1032192
maglev packets processed: 917504
dpi packets processed: 1048576
monitoring packets processed: 1048576
dpi packets processed: 1064960
maglev packets processed: 933888
dpi packets processed: 1081344
monitoring packets processed: 1064960
acl-fw packets processed: 360448
dpi packets processed: 1097728
maglev packets processed: 950272
dpi packets processed: 1114112
monitoring packets processed: 1081344
dpi packets processed: 1130496
maglev packets processed: 966656
monitoring packets processed: 1097728
dpi packets processed: 1146880
dpi packets processed: 1163264
maglev packets processed: 983040
acl-fw packets processed: 376832
monitoring packets processed: 1114112
dpi packets processed: 1179648
monitoring packets processed: 1130496
maglev packets processed: 999424
dpi packets processed: 1196032
dpi packets processed: 1212416
monitoring packets processed: 1146880
maglev packets processed: 1015808
dpi packets processed: 1228800
acl-fw packets processed: 393216
monitoring packets processed: 1163264
dpi packets processed: 1245184
maglev packets processed: 1032192
dpi packets processed: 1261568
monitoring packets processed: 1179648
dpi packets processed: 1277952
maglev packets processed: 1048576
dpi packets processed: 1294336
monitoring packets processed: 1196032
dpi packets processed: 1310720
maglev packets processed: 1064960
acl-fw packets processed: 409600
monitoring packets processed: 1212416
dpi packets processed: 1327104
maglev packets processed: 1081344
dpi packets processed: 1343488
monitoring packets processed: 1228800
dpi packets processed: 1359872
monitoring packets processed: 1245184
maglev packets processed: 1097728
dpi packets processed: 1376256
acl-fw packets processed: 425984
dpi packets processed: 1392640
monitoring packets processed: 1261568
maglev packets processed: 1114112
dpi packets processed: 1409024
monitoring packets processed: 1277952
dpi packets processed: 1425408
maglev packets processed: 1130496
dpi packets processed: 1441792
monitoring packets processed: 1294336
acl-fw packets processed: 442368
dpi packets processed: 1458176
maglev packets processed: 1146880
monitoring packets processed: 1310720
dpi packets processed: 1474560
dpi packets processed: 1490944
maglev packets processed: 1163264
monitoring packets processed: 1327104
dpi packets processed: 1507328
acl-fw packets processed: 458752
maglev packets processed: 1179648
dpi packets processed: 1523712
monitoring packets processed: 1343488
dpi packets processed: 1540096
monitoring packets processed: 1359872
maglev packets processed: 1196032
dpi packets processed: 1556480
dpi packets processed: 1572864
monitoring packets processed: 1376256
maglev packets processed: 1212416
dpi packets processed: 1589248
acl-fw packets processed: 475136
monitoring packets processed: 1392640
dpi packets processed: 1605632
maglev packets processed: 1228800
dpi packets processed: 1622016
monitoring packets processed: 1409024
dpi packets processed: 1638400
maglev packets processed: 1245184
monitoring packets processed: 1425408
acl-fw packets processed: 491520
dpi packets processed: 1654784
maglev packets processed: 1261568
dpi packets processed: 1671168
monitoring packets processed: 1441792
dpi packets processed: 1687552
maglev packets processed: 1277952
dpi packets processed: 1703936
monitoring packets processed: 1458176
acl-fw packets processed: 507904
dpi packets processed: 1720320
monitoring packets processed: 1474560
maglev packets processed: 1294336
dpi packets processed: 1736704
dpi packets processed: 1753088
monitoring packets processed: 1490944
maglev packets processed: 1310720
dpi packets processed: 1769472
monitoring packets processed: 1507328
dpi packets processed: 1785856
acl-fw packets processed: 524288
maglev packets processed: 1327104
dpi packets processed: 1802240
monitoring packets processed: 1523712
dpi packets processed: 1818624
maglev packets processed: 1343488
monitoring packets processed: 1540096
dpi packets processed: 1835008
maglev packets processed: 1359872
dpi packets processed: 1851392
acl-fw packets processed: 540672
monitoring packets processed: 1556480
dpi packets processed: 1867776
maglev packets processed: 1376256
dpi packets processed: 1884160
monitoring packets processed: 1572864
dpi packets processed: 1900544
monitoring packets processed: 1589248
maglev packets processed: 1392640
dpi packets processed: 1916928
acl-fw packets processed: 557056
dpi packets processed: 1933312
monitoring packets processed: 1605632
maglev packets processed: 1409024
dpi packets processed: 1949696
monitoring packets processed: 1622016
dpi packets processed: 1966080
maglev packets processed: 1425408
acl-fw packets processed: 573440
dpi packets processed: 1982464
monitoring packets processed: 1638400
dpi packets processed: 1998848
maglev packets processed: 1441792
monitoring packets processed: 1654784
dpi packets processed: 2015232
maglev packets processed: 1458176
dpi packets processed: 2031616
monitoring packets processed: 1671168
dpi packets processed: 2048000
acl-fw packets processed: 589824
maglev packets processed: 1474560
Switched CPUS @ tick 929139312276
switching cpus
**** REAL SIMULATION ****
monitoring packets processed: 1687552
dpi packets processed: 2064384
dpi packets processed: 2080768
maglev packets processed: 1490944
monitoring packets processed: 1703936
dpi packets processed: 2097152
acl-fw packets processed: 606208
dpi packets processed: 2113536
monitoring packets processed: 1720320
maglev packets processed: 1507328
dpi packets processed: 2129920
monitoring packets processed: 1736704
dpi packets processed: 2146304
maglev packets processed: 1523712
dpi packets processed: 2162688
acl-fw packets processed: 622592
monitoring packets processed: 1753088
maglev packets processed: 1540096
dpi packets processed: 2179072
monitoring packets processed: 1769472
dpi packets processed: 2195456
maglev packets processed: 1556480
dpi packets processed: 2211840
monitoring packets processed: 1785856
acl-fw packets processed: 638976
dpi packets processed: 2228224
maglev packets processed: 1572864
monitoring packets processed: 1802240
dpi packets processed: 2244608
dpi packets processed: 2260992
maglev packets processed: 1589248
monitoring packets processed: 1818624
dpi packets processed: 2277376
acl-fw packets processed: 655360
monitoring packets processed: 1835008
maglev packets processed: 1605632
dpi packets processed: 2293760
dpi packets processed: 2310144
monitoring packets processed: 1851392
maglev packets processed: 1622016
dpi packets processed: 2326528
acl-fw packets processed: 671744
monitoring packets processed: 1867776
dpi packets processed: 2342912
maglev packets processed: 1638400
dpi packets processed: 2359296
monitoring packets processed: 1884160
dpi packets processed: 2375680
maglev packets processed: 1654784
monitoring packets processed: 1900544
dpi packets processed: 2392064
acl-fw packets processed: 688128
dpi packets processed: 2408448
maglev packets processed: 1671168
monitoring packets processed: 1916928
dpi packets processed: 2424832
maglev packets processed: 1687552
dpi packets processed: 2441216
monitoring packets processed: 1933312
acl-fw packets processed: 704512
dpi packets processed: 2457600
monitoring packets processed: 1949696
maglev packets processed: 1703936
dpi packets processed: 2473984
dpi packets processed: 2490368
monitoring packets processed: 1966080
maglev packets processed: 1720320
dpi packets processed: 2506752
acl-fw packets processed: 720896
monitoring packets processed: 1982464
dpi packets processed: 2523136
maglev packets processed: 1736704
dpi packets processed: 2539520
monitoring packets processed: 1998848
maglev packets processed: 1753088
dpi packets processed: 2555904
acl-fw packets processed: 737280
monitoring packets processed: 2015232
dpi packets processed: 2572288
maglev packets processed: 1769472
dpi packets processed: 2588672
monitoring packets processed: 2031616
dpi packets processed: 2605056
acl-fw packets processed: 753664
maglev packets processed: 1785856
monitoring packets processed: 2048000
dpi packets processed: 2621440
dpi packets processed: 2637824
maglev packets processed: 1802240
monitoring packets processed: 2064384
dpi packets processed: 2654208
monitoring packets processed: 2080768
dpi packets processed: 2670592
acl-fw packets processed: 770048
maglev packets processed: 1818624
dpi packets processed: 2686976
monitoring packets processed: 2097152
maglev packets processed: 1835008
dpi packets processed: 2703360
dpi packets processed: 2719744
monitoring packets processed: 2113536
acl-fw packets processed: 786432
maglev packets processed: 1851392
dpi packets processed: 2736128
monitoring packets processed: 2129920
dpi packets processed: 2752512
maglev packets processed: 1867776
dpi packets processed: 2768896
monitoring packets processed: 2146304
acl-fw packets processed: 802816
dpi packets processed: 2785280
maglev packets processed: 1884160
monitoring packets processed: 2162688
dpi packets processed: 2801664
maglev packets processed: 1900544
dpi packets processed: 2818048
monitoring packets processed: 2179072
acl-fw packets processed: 819200
dpi packets processed: 2834432
monitoring packets processed: 2195456
maglev packets processed: 1916928
dpi packets processed: 2850816
dpi packets processed: 2867200
monitoring packets processed: 2211840
maglev packets processed: 1933312
dpi packets processed: 2883584
acl-fw packets processed: 835584
monitoring packets processed: 2228224
dpi packets processed: 2899968
maglev packets processed: 1949696
dpi packets processed: 2916352
monitoring packets processed: 2244608
dpi packets processed: 2932736
maglev packets processed: 1966080
acl-fw packets processed: 851968
monitoring packets processed: 2260992
dpi packets processed: 2949120
maglev packets processed: 1982464
dpi packets processed: 2965504
monitoring packets processed: 2277376
dpi packets processed: 2981888
acl-fw packets processed: 868352
maglev packets processed: 1998848
monitoring packets processed: 2293760
dpi packets processed: 2998272
dpi packets processed: 3014656
maglev packets processed: 2015232
monitoring packets processed: 2310144
dpi packets processed: 3031040
acl-fw packets processed: 884736
dpi packets processed: 3047424
monitoring packets processed: 2326528
maglev packets processed: 2031616
dpi packets processed: 3063808
monitoring packets processed: 2342912
dpi packets processed: 3080192
maglev packets processed: 2048000
acl-fw packets processed: 901120
dpi packets processed: 3096576
monitoring packets processed: 2359296
maglev packets processed: 2064384
dpi packets processed: 3112960
monitoring packets processed: 2375680
dpi packets processed: 3129344
maglev packets processed: 2080768
acl-fw packets processed: 917504
dpi packets processed: 3145728
monitoring packets processed: 2392064
dpi packets processed: 3162112
maglev packets processed: 2097152
monitoring packets processed: 2408448
dpi packets processed: 3178496
acl-fw packets processed: 933888
dpi packets processed: 3194880
maglev packets processed: 2113536
monitoring packets processed: 2424832
dpi packets processed: 3211264
monitoring packets processed: 2441216
maglev packets processed: 2129920
dpi packets processed: 3227648
acl-fw packets processed: 950272
dpi packets processed: 3244032
monitoring packets processed: 2457600
maglev packets processed: 2146304
Exiting @ tick 2000000000000 because simulate() limit reached
