gem5 Simulator System.  http://gem5.org
gem5 is copyrighted software; use the --copyright option for details.

gem5 compiled Jan 22 2020 23:25:24
gem5 started Jan 27 2020 16:56:14
gem5 executing on node-0.yangzhou-qv63200.lambda-mpi-pg0.clemson.cloudlab.us, pid 114655
command line: build/ARM/gem5.fast --remote-gdb-port=0 --outdir=/users/yangzhou/gem5/sgx_nic/m5out/TimingSimpleCPU_maglev_32kB --stats-file=TimingSimpleCPU_maglev_32kB_stats.txt configs/example/se_nic.py --interp-dir /usr/aarch64-linux-gnu --redirects /lib=/usr/aarch64-linux-gnu/lib -c maglev --cpu-type=TimingSimpleCPU --cpu-clock=2.4GHz --asic-clock=0.56GHz --cacheline_size=128 --caches --l2cache --l2_size=32kB --l2_assoc=16 --mem-size=192GB --mem-type=DDR3_1600_8x8 --mem-channels=2 --mem-ranks=2 --fast-forward=2000000000 --rel-max-tick=2000000000000

['maglev']
{'maglev': [0]} 1 1
Setting the interpreter path to: /usr/aarch64-linux-gnu 
For dynamically linked applications you might still need to setup the --redirects so that libraries are found

Global frequency set at 1000000000000 ticks per second
Switch at instruction count:2000000000
Receiving started
Running 1 pipelines
trying to open file /users/yangzhou/ictf2010_1Mflow.dat
opening succeeds
Reading pkt trace done!
Generating permutations
Generating LUT
Done Generating LUT
maglev packets processed: 16384
maglev packets processed: 32768
maglev packets processed: 49152
maglev packets processed: 65536
maglev packets processed: 81920
maglev packets processed: 98304
maglev packets processed: 114688
maglev packets processed: 131072
maglev packets processed: 147456
maglev packets processed: 163840
maglev packets processed: 180224
maglev packets processed: 196608
maglev packets processed: 212992
maglev packets processed: 229376
maglev packets processed: 245760
maglev packets processed: 262144
maglev packets processed: 278528
maglev packets processed: 294912
maglev packets processed: 311296
maglev packets processed: 327680
maglev packets processed: 344064
maglev packets processed: 360448
maglev packets processed: 376832
maglev packets processed: 393216
maglev packets processed: 409600
maglev packets processed: 425984
maglev packets processed: 442368
maglev packets processed: 458752
maglev packets processed: 475136
maglev packets processed: 491520
maglev packets processed: 507904
maglev packets processed: 524288
maglev packets processed: 540672
maglev packets processed: 557056
maglev packets processed: 573440
maglev packets processed: 589824
maglev packets processed: 606208
maglev packets processed: 622592
maglev packets processed: 638976
maglev packets processed: 655360
maglev packets processed: 671744
maglev packets processed: 688128
maglev packets processed: 704512
maglev packets processed: 720896
maglev packets processed: 737280
maglev packets processed: 753664
maglev packets processed: 770048
maglev packets processed: 786432
maglev packets processed: 802816
maglev packets processed: 819200
maglev packets processed: 835584
maglev packets processed: 851968
maglev packets processed: 868352
maglev packets processed: 884736
maglev packets processed: 901120
maglev packets processed: 917504
maglev packets processed: 933888
maglev packets processed: 950272
maglev packets processed: 966656
maglev packets processed: 983040
maglev packets processed: 999424
maglev packets processed: 1015808
maglev packets processed: 1032192
maglev packets processed: 1048576
maglev packets processed: 1064960
maglev packets processed: 1081344
maglev packets processed: 1097728
maglev packets processed: 1114112
maglev packets processed: 1130496
maglev packets processed: 1146880
maglev packets processed: 1163264
maglev packets processed: 1179648
maglev packets processed: 1196032
maglev packets processed: 1212416
maglev packets processed: 1228800
maglev packets processed: 1245184
maglev packets processed: 1261568
maglev packets processed: 1277952
maglev packets processed: 1294336
maglev packets processed: 1310720
maglev packets processed: 1327104
maglev packets processed: 1343488
maglev packets processed: 1359872
maglev packets processed: 1376256
maglev packets processed: 1392640
maglev packets processed: 1409024
maglev packets processed: 1425408
maglev packets processed: 1441792
maglev packets processed: 1458176
maglev packets processed: 1474560
Switched CPUS @ tick 929139263487
switching cpus
**** REAL SIMULATION ****
maglev packets processed: 1490944
maglev packets processed: 1507328
maglev packets processed: 1523712
maglev packets processed: 1540096
maglev packets processed: 1556480
maglev packets processed: 1572864
maglev packets processed: 1589248
maglev packets processed: 1605632
maglev packets processed: 1622016
maglev packets processed: 1638400
maglev packets processed: 1654784
maglev packets processed: 1671168
maglev packets processed: 1687552
maglev packets processed: 1703936
maglev packets processed: 1720320
maglev packets processed: 1736704
maglev packets processed: 1753088
maglev packets processed: 1769472
maglev packets processed: 1785856
maglev packets processed: 1802240
maglev packets processed: 1818624
maglev packets processed: 1835008
maglev packets processed: 1851392
maglev packets processed: 1867776
maglev packets processed: 1884160
maglev packets processed: 1900544
maglev packets processed: 1916928
maglev packets processed: 1933312
maglev packets processed: 1949696
maglev packets processed: 1966080
maglev packets processed: 1982464
maglev packets processed: 1998848
maglev packets processed: 2015232
maglev packets processed: 2031616
maglev packets processed: 2048000
maglev packets processed: 2064384
Exiting @ tick 2000000000000 because simulate() limit reached
