gem5 Simulator System.  http://gem5.org
gem5 is copyrighted software; use the --copyright option for details.

gem5 compiled Jan 24 2020 10:09:16
gem5 started Jan 27 2020 16:56:31
gem5 executing on node-0.yangzhou-qv63856.lambda-mpi-pg0.clemson.cloudlab.us, pid 113064
command line: build/ARM/gem5.fast --remote-gdb-port=0 --outdir=/users/yangzhou/gem5/sgx_nic/m5out/DerivO3CPU_maglev.lpm_4MB --stats-file=DerivO3CPU_maglev.lpm_4MB_stats.txt configs/example/se_nic.py --interp-dir /usr/aarch64-linux-gnu --redirects /lib=/usr/aarch64-linux-gnu/lib -c 'maglev;lpm' --cpu-type=DerivO3CPU --cpu-clock=2.4GHz --asic-clock=0.56GHz --cacheline_size=128 --caches --l2cache --l2_size=4MB --l2_assoc=16 --mem-size=192GB --mem-type=DDR3_1600_8x8 --mem-channels=2 --mem-ranks=2 --fast-forward=2000000000 --rel-max-tick=2000000000000

['maglev', 'lpm']
{'lpm': [1], 'maglev': [0]} 2 2
Setting the interpreter path to: /usr/aarch64-linux-gnu 
For dynamically linked applications you might still need to setup the --redirects so that libraries are found

Global frequency set at 1000000000000 ticks per second
Switch at instruction count:2000000000
Receiving started
Receiving started
Receiving port Simulate queue
Running 1 pipelines
Running 1 pipelines
trying to open file /users/yangzhou/ictf2010_1Mflow.dat
trying to open file /users/yangzhou/ictf2010_1Mflow.dat
opening succeeds
opening succeeds
Reading pkt trace done!
Reading pkt trace done!
Generating permutations
Generating LUT
Done Generating LUT
maglev packets processed: 16384
maglev packets processed: 32768
maglev packets processed: 49152
maglev packets processed: 65536
maglev packets processed: 81920
maglev packets processed: 98304
maglev packets processed: 114688
lpm packets processed: 16384
lpm packets processed: 32768
maglev packets processed: 131072
lpm packets processed: 49152
lpm packets processed: 65536
maglev packets processed: 147456
lpm packets processed: 81920
maglev packets processed: 163840
lpm packets processed: 98304
lpm packets processed: 114688
maglev packets processed: 180224
lpm packets processed: 131072
lpm packets processed: 147456
maglev packets processed: 196608
lpm packets processed: 163840
lpm packets processed: 180224
maglev packets processed: 212992
lpm packets processed: 196608
lpm packets processed: 212992
maglev packets processed: 229376
lpm packets processed: 229376
maglev packets processed: 245760
lpm packets processed: 245760
lpm packets processed: 262144
maglev packets processed: 262144
lpm packets processed: 278528
lpm packets processed: 294912
maglev packets processed: 278528
lpm packets processed: 311296
lpm packets processed: 327680
maglev packets processed: 294912
lpm packets processed: 344064
lpm packets processed: 360448
maglev packets processed: 311296
lpm packets processed: 376832
lpm packets processed: 393216
maglev packets processed: 327680
lpm packets processed: 409600
maglev packets processed: 344064
lpm packets processed: 425984
lpm packets processed: 442368
maglev packets processed: 360448
lpm packets processed: 458752
lpm packets processed: 475136
maglev packets processed: 376832
lpm packets processed: 491520
lpm packets processed: 507904
maglev packets processed: 393216
lpm packets processed: 524288
maglev packets processed: 409600
lpm packets processed: 540672
lpm packets processed: 557056
maglev packets processed: 425984
lpm packets processed: 573440
lpm packets processed: 589824
maglev packets processed: 442368
lpm packets processed: 606208
lpm packets processed: 622592
maglev packets processed: 458752
lpm packets processed: 638976
lpm packets processed: 655360
maglev packets processed: 475136
lpm packets processed: 671744
lpm packets processed: 688128
maglev packets processed: 491520
lpm packets processed: 704512
maglev packets processed: 507904
lpm packets processed: 720896
lpm packets processed: 737280
maglev packets processed: 524288
lpm packets processed: 753664
lpm packets processed: 770048
maglev packets processed: 540672
lpm packets processed: 786432
lpm packets processed: 802816
maglev packets processed: 557056
lpm packets processed: 819200
lpm packets processed: 835584
maglev packets processed: 573440
lpm packets processed: 851968
maglev packets processed: 589824
lpm packets processed: 868352
lpm packets processed: 884736
maglev packets processed: 606208
lpm packets processed: 901120
lpm packets processed: 917504
maglev packets processed: 622592
lpm packets processed: 933888
lpm packets processed: 950272
maglev packets processed: 638976
lpm packets processed: 966656
lpm packets processed: 983040
maglev packets processed: 655360
lpm packets processed: 999424
maglev packets processed: 671744
lpm packets processed: 1015808
lpm packets processed: 1032192
maglev packets processed: 688128
lpm packets processed: 1048576
lpm packets processed: 1064960
maglev packets processed: 704512
lpm packets processed: 1081344
lpm packets processed: 1097728
maglev packets processed: 720896
lpm packets processed: 1114112
lpm packets processed: 1130496
maglev packets processed: 737280
lpm packets processed: 1146880
maglev packets processed: 753664
lpm packets processed: 1163264
lpm packets processed: 1179648
maglev packets processed: 770048
lpm packets processed: 1196032
lpm packets processed: 1212416
maglev packets processed: 786432
lpm packets processed: 1228800
lpm packets processed: 1245184
maglev packets processed: 802816
lpm packets processed: 1261568
lpm packets processed: 1277952
maglev packets processed: 819200
lpm packets processed: 1294336
lpm packets processed: 1310720
maglev packets processed: 835584
lpm packets processed: 1327104
maglev packets processed: 851968
lpm packets processed: 1343488
lpm packets processed: 1359872
maglev packets processed: 868352
lpm packets processed: 1376256
lpm packets processed: 1392640
maglev packets processed: 884736
lpm packets processed: 1409024
lpm packets processed: 1425408
maglev packets processed: 901120
lpm packets processed: 1441792
lpm packets processed: 1458176
maglev packets processed: 917504
lpm packets processed: 1474560
maglev packets processed: 933888
lpm packets processed: 1490944
lpm packets processed: 1507328
maglev packets processed: 950272
lpm packets processed: 1523712
lpm packets processed: 1540096
maglev packets processed: 966656
lpm packets processed: 1556480
lpm packets processed: 1572864
maglev packets processed: 983040
lpm packets processed: 1589248
lpm packets processed: 1605632
maglev packets processed: 999424
lpm packets processed: 1622016
maglev packets processed: 1015808
lpm packets processed: 1638400
lpm packets processed: 1654784
maglev packets processed: 1032192
lpm packets processed: 1671168
lpm packets processed: 1687552
maglev packets processed: 1048576
lpm packets processed: 1703936
lpm packets processed: 1720320
maglev packets processed: 1064960
lpm packets processed: 1736704
lpm packets processed: 1753088
maglev packets processed: 1081344
lpm packets processed: 1769472
lpm packets processed: 1785856
maglev packets processed: 1097728
lpm packets processed: 1802240
maglev packets processed: 1114112
lpm packets processed: 1818624
lpm packets processed: 1835008
maglev packets processed: 1130496
lpm packets processed: 1851392
lpm packets processed: 1867776
maglev packets processed: 1146880
lpm packets processed: 1884160
lpm packets processed: 1900544
maglev packets processed: 1163264
lpm packets processed: 1916928
lpm packets processed: 1933312
maglev packets processed: 1179648
lpm packets processed: 1949696
maglev packets processed: 1196032
lpm packets processed: 1966080
lpm packets processed: 1982464
maglev packets processed: 1212416
lpm packets processed: 1998848
lpm packets processed: 2015232
maglev packets processed: 1228800
lpm packets processed: 2031616
lpm packets processed: 2048000
maglev packets processed: 1245184
lpm packets processed: 2064384
lpm packets processed: 2080768
maglev packets processed: 1261568
lpm packets processed: 2097152
maglev packets processed: 1277952
lpm packets processed: 2113536
lpm packets processed: 2129920
maglev packets processed: 1294336
lpm packets processed: 2146304
lpm packets processed: 2162688
maglev packets processed: 1310720
lpm packets processed: 2179072
lpm packets processed: 2195456
maglev packets processed: 1327104
lpm packets processed: 2211840
lpm packets processed: 2228224
maglev packets processed: 1343488
lpm packets processed: 2244608
lpm packets processed: 2260992
maglev packets processed: 1359872
lpm packets processed: 2277376
maglev packets processed: 1376256
lpm packets processed: 2293760
lpm packets processed: 2310144
maglev packets processed: 1392640
lpm packets processed: 2326528
lpm packets processed: 2342912
maglev packets processed: 1409024
lpm packets processed: 2359296
lpm packets processed: 2375680
maglev packets processed: 1425408
lpm packets processed: 2392064
lpm packets processed: 2408448
maglev packets processed: 1441792
lpm packets processed: 2424832
maglev packets processed: 1458176
lpm packets processed: 2441216
lpm packets processed: 2457600
maglev packets processed: 1474560
Switched CPUS @ tick 929139312276
switching cpus
**** REAL SIMULATION ****
lpm packets processed: 2473984
lpm packets processed: 2490368
maglev packets processed: 1490944
lpm packets processed: 2506752
lpm packets processed: 2523136
maglev packets processed: 1507328
lpm packets processed: 2539520
lpm packets processed: 2555904
maglev packets processed: 1523712
lpm packets processed: 2572288
maglev packets processed: 1540096
lpm packets processed: 2588672
lpm packets processed: 2605056
maglev packets processed: 1556480
lpm packets processed: 2621440
lpm packets processed: 2637824
maglev packets processed: 1572864
lpm packets processed: 2654208
lpm packets processed: 2670592
maglev packets processed: 1589248
lpm packets processed: 2686976
maglev packets processed: 1605632
lpm packets processed: 2703360
lpm packets processed: 2719744
maglev packets processed: 1622016
lpm packets processed: 2736128
lpm packets processed: 2752512
maglev packets processed: 1638400
lpm packets processed: 2768896
lpm packets processed: 2785280
maglev packets processed: 1654784
lpm packets processed: 2801664
maglev packets processed: 1671168
lpm packets processed: 2818048
lpm packets processed: 2834432
maglev packets processed: 1687552
lpm packets processed: 2850816
lpm packets processed: 2867200
maglev packets processed: 1703936
lpm packets processed: 2883584
lpm packets processed: 2899968
maglev packets processed: 1720320
lpm packets processed: 2916352
maglev packets processed: 1736704
lpm packets processed: 2932736
lpm packets processed: 2949120
maglev packets processed: 1753088
lpm packets processed: 2965504
lpm packets processed: 2981888
maglev packets processed: 1769472
lpm packets processed: 2998272
lpm packets processed: 3014656
maglev packets processed: 1785856
lpm packets processed: 3031040
maglev packets processed: 1802240
lpm packets processed: 3047424
lpm packets processed: 3063808
maglev packets processed: 1818624
lpm packets processed: 3080192
lpm packets processed: 3096576
maglev packets processed: 1835008
lpm packets processed: 3112960
lpm packets processed: 3129344
maglev packets processed: 1851392
lpm packets processed: 3145728
lpm packets processed: 3162112
maglev packets processed: 1867776
lpm packets processed: 3178496
maglev packets processed: 1884160
lpm packets processed: 3194880
lpm packets processed: 3211264
maglev packets processed: 1900544
lpm packets processed: 3227648
lpm packets processed: 3244032
maglev packets processed: 1916928
lpm packets processed: 3260416
lpm packets processed: 3276800
maglev packets processed: 1933312
lpm packets processed: 3293184
maglev packets processed: 1949696
lpm packets processed: 3309568
lpm packets processed: 3325952
maglev packets processed: 1966080
lpm packets processed: 3342336
lpm packets processed: 3358720
maglev packets processed: 1982464
lpm packets processed: 3375104
lpm packets processed: 3391488
maglev packets processed: 1998848
lpm packets processed: 3407872
maglev packets processed: 2015232
lpm packets processed: 3424256
lpm packets processed: 3440640
maglev packets processed: 2031616
lpm packets processed: 3457024
lpm packets processed: 3473408
maglev packets processed: 2048000
lpm packets processed: 3489792
lpm packets processed: 3506176
maglev packets processed: 2064384
lpm packets processed: 3522560
maglev packets processed: 2080768
lpm packets processed: 3538944
lpm packets processed: 3555328
maglev packets processed: 2097152
lpm packets processed: 3571712
lpm packets processed: 3588096
maglev packets processed: 2113536
lpm packets processed: 3604480
lpm packets processed: 3620864
maglev packets processed: 2129920
lpm packets processed: 3637248
lpm packets processed: 3653632
maglev packets processed: 2146304
lpm packets processed: 3670016
maglev packets processed: 2162688
lpm packets processed: 3686400
lpm packets processed: 3702784
maglev packets processed: 2179072
lpm packets processed: 3719168
lpm packets processed: 3735552
maglev packets processed: 2195456
lpm packets processed: 3751936
lpm packets processed: 3768320
maglev packets processed: 2211840
lpm packets processed: 3784704
maglev packets processed: 2228224
lpm packets processed: 3801088
lpm packets processed: 3817472
maglev packets processed: 2244608
lpm packets processed: 3833856
lpm packets processed: 3850240
maglev packets processed: 2260992
lpm packets processed: 3866624
lpm packets processed: 3883008
maglev packets processed: 2277376
lpm packets processed: 3899392
maglev packets processed: 2293760
lpm packets processed: 3915776
lpm packets processed: 3932160
maglev packets processed: 2310144
lpm packets processed: 3948544
lpm packets processed: 3964928
maglev packets processed: 2326528
lpm packets processed: 3981312
lpm packets processed: 3997696
maglev packets processed: 2342912
lpm packets processed: 4014080
maglev packets processed: 2359296
lpm packets processed: 4030464
lpm packets processed: 4046848
maglev packets processed: 2375680
lpm packets processed: 4063232
lpm packets processed: 4079616
maglev packets processed: 2392064
lpm packets processed: 4096000
lpm packets processed: 4112384
maglev packets processed: 2408448
lpm packets processed: 4128768
lpm packets processed: 4145152
maglev packets processed: 2424832
lpm packets processed: 4161536
maglev packets processed: 2441216
lpm packets processed: 4177920
lpm packets processed: 4194304
maglev packets processed: 2457600
lpm packets processed: 4210688
lpm packets processed: 4227072
maglev packets processed: 2473984
lpm packets processed: 4243456
lpm packets processed: 4259840
maglev packets processed: 2490368
lpm packets processed: 4276224
maglev packets processed: 2506752
lpm packets processed: 4292608
lpm packets processed: 4308992
maglev packets processed: 2523136
lpm packets processed: 4325376
lpm packets processed: 4341760
maglev packets processed: 2539520
lpm packets processed: 4358144
lpm packets processed: 4374528
maglev packets processed: 2555904
lpm packets processed: 4390912
maglev packets processed: 2572288
lpm packets processed: 4407296
lpm packets processed: 4423680
maglev packets processed: 2588672
lpm packets processed: 4440064
lpm packets processed: 4456448
maglev packets processed: 2605056
lpm packets processed: 4472832
lpm packets processed: 4489216
maglev packets processed: 2621440
lpm packets processed: 4505600
maglev packets processed: 2637824
lpm packets processed: 4521984
lpm packets processed: 4538368
maglev packets processed: 2654208
lpm packets processed: 4554752
lpm packets processed: 4571136
maglev packets processed: 2670592
lpm packets processed: 4587520
lpm packets processed: 4603904
maglev packets processed: 2686976
lpm packets processed: 4620288
maglev packets processed: 2703360
lpm packets processed: 4636672
lpm packets processed: 4653056
maglev packets processed: 2719744
lpm packets processed: 4669440
lpm packets processed: 4685824
maglev packets processed: 2736128
lpm packets processed: 4702208
lpm packets processed: 4718592
maglev packets processed: 2752512
lpm packets processed: 4734976
lpm packets processed: 4751360
maglev packets processed: 2768896
lpm packets processed: 4767744
maglev packets processed: 2785280
lpm packets processed: 4784128
lpm packets processed: 4800512
maglev packets processed: 2801664
lpm packets processed: 4816896
lpm packets processed: 4833280
maglev packets processed: 2818048
lpm packets processed: 4849664
lpm packets processed: 4866048
maglev packets processed: 2834432
lpm packets processed: 4882432
maglev packets processed: 2850816
lpm packets processed: 4898816
lpm packets processed: 4915200
maglev packets processed: 2867200
lpm packets processed: 4931584
lpm packets processed: 4947968
maglev packets processed: 2883584
lpm packets processed: 4964352
lpm packets processed: 4980736
maglev packets processed: 2899968
lpm packets processed: 4997120
maglev packets processed: 2916352
lpm packets processed: 5013504
lpm packets processed: 5029888
maglev packets processed: 2932736
lpm packets processed: 5046272
lpm packets processed: 5062656
maglev packets processed: 2949120
lpm packets processed: 5079040
lpm packets processed: 5095424
maglev packets processed: 2965504
lpm packets processed: 5111808
maglev packets processed: 2981888
lpm packets processed: 5128192
lpm packets processed: 5144576
maglev packets processed: 2998272
lpm packets processed: 5160960
lpm packets processed: 5177344
maglev packets processed: 3014656
lpm packets processed: 5193728
lpm packets processed: 5210112
maglev packets processed: 3031040
lpm packets processed: 5226496
maglev packets processed: 3047424
lpm packets processed: 5242880
lpm packets processed: 5259264
maglev packets processed: 3063808
lpm packets processed: 5275648
lpm packets processed: 5292032
maglev packets processed: 3080192
lpm packets processed: 5308416
lpm packets processed: 5324800
maglev packets processed: 3096576
lpm packets processed: 5341184
lpm packets processed: 5357568
maglev packets processed: 3112960
lpm packets processed: 5373952
maglev packets processed: 3129344
lpm packets processed: 5390336
lpm packets processed: 5406720
maglev packets processed: 3145728
lpm packets processed: 5423104
lpm packets processed: 5439488
maglev packets processed: 3162112
lpm packets processed: 5455872
lpm packets processed: 5472256
maglev packets processed: 3178496
lpm packets processed: 5488640
maglev packets processed: 3194880
lpm packets processed: 5505024
lpm packets processed: 5521408
maglev packets processed: 3211264
lpm packets processed: 5537792
lpm packets processed: 5554176
maglev packets processed: 3227648
lpm packets processed: 5570560
lpm packets processed: 5586944
maglev packets processed: 3244032
lpm packets processed: 5603328
maglev packets processed: 3260416
lpm packets processed: 5619712
lpm packets processed: 5636096
maglev packets processed: 3276800
lpm packets processed: 5652480
lpm packets processed: 5668864
maglev packets processed: 3293184
lpm packets processed: 5685248
lpm packets processed: 5701632
maglev packets processed: 3309568
lpm packets processed: 5718016
maglev packets processed: 3325952
lpm packets processed: 5734400
lpm packets processed: 5750784
maglev packets processed: 3342336
lpm packets processed: 5767168
lpm packets processed: 5783552
maglev packets processed: 3358720
lpm packets processed: 5799936
lpm packets processed: 5816320
maglev packets processed: 3375104
lpm packets processed: 5832704
lpm packets processed: 5849088
maglev packets processed: 3391488
lpm packets processed: 5865472
maglev packets processed: 3407872
lpm packets processed: 5881856
lpm packets processed: 5898240
maglev packets processed: 3424256
lpm packets processed: 5914624
lpm packets processed: 5931008
maglev packets processed: 3440640
lpm packets processed: 5947392
lpm packets processed: 5963776
maglev packets processed: 3457024
lpm packets processed: 5980160
maglev packets processed: 3473408
lpm packets processed: 5996544
lpm packets processed: 6012928
maglev packets processed: 3489792
lpm packets processed: 6029312
lpm packets processed: 6045696
maglev packets processed: 3506176
lpm packets processed: 6062080
lpm packets processed: 6078464
maglev packets processed: 3522560
lpm packets processed: 6094848
maglev packets processed: 3538944
lpm packets processed: 6111232
lpm packets processed: 6127616
maglev packets processed: 3555328
lpm packets processed: 6144000
lpm packets processed: 6160384
maglev packets processed: 3571712
lpm packets processed: 6176768
lpm packets processed: 6193152
maglev packets processed: 3588096
lpm packets processed: 6209536
maglev packets processed: 3604480
lpm packets processed: 6225920
lpm packets processed: 6242304
maglev packets processed: 3620864
lpm packets processed: 6258688
lpm packets processed: 6275072
maglev packets processed: 3637248
lpm packets processed: 6291456
lpm packets processed: 6307840
maglev packets processed: 3653632
lpm packets processed: 6324224
lpm packets processed: 6340608
maglev packets processed: 3670016
lpm packets processed: 6356992
maglev packets processed: 3686400
lpm packets processed: 6373376
lpm packets processed: 6389760
maglev packets processed: 3702784
lpm packets processed: 6406144
lpm packets processed: 6422528
maglev packets processed: 3719168
lpm packets processed: 6438912
lpm packets processed: 6455296
maglev packets processed: 3735552
lpm packets processed: 6471680
maglev packets processed: 3751936
lpm packets processed: 6488064
lpm packets processed: 6504448
Exiting @ tick 2000000000000 because simulate() limit reached
