gem5 Simulator System.  http://gem5.org
gem5 is copyrighted software; use the --copyright option for details.

gem5 compiled Jan 24 2020 10:09:16
gem5 started Jan 27 2020 16:56:31
gem5 executing on node-0.yangzhou-qv63856.lambda-mpi-pg0.clemson.cloudlab.us, pid 113077
command line: build/ARM/gem5.fast --remote-gdb-port=0 --outdir=/users/yangzhou/gem5/sgx_nic/m5out/DerivO3CPU_acl-fw.dpi-queue.lpm_4MB --stats-file=DerivO3CPU_acl-fw.dpi-queue.lpm_4MB_stats.txt configs/example/se_nic.py --interp-dir /usr/aarch64-linux-gnu --redirects /lib=/usr/aarch64-linux-gnu/lib -c 'acl-fw;dpi-queue;lpm' --cpu-type=DerivO3CPU --cpu-clock=2.4GHz --asic-clock=0.56GHz --cacheline_size=128 --caches --l2cache --l2_size=4MB --l2_assoc=16 --mem-size=192GB --mem-type=DDR3_1600_8x8 --mem-channels=2 --mem-ranks=2 --fast-forward=2000000000 --rel-max-tick=2000000000000

['acl-fw', 'dpi-queue', 'lpm']
{'dpi-queue': [1, 2, 3, 4, 5, 6, 7, 8, 9, 10, 11, 12, 13, 14, 15, 16, 17], 'lpm': [18], 'acl-fw': [0]} 3 19
Setting the interpreter path to: /usr/aarch64-linux-gnu 
For dynamically linked applications you might still need to setup the --redirects so that libraries are found

Global frequency set at 1000000000000 ticks per second
Switch at instruction count:2000000000
Receiving started
Receiving port Simulate queue
Running 1 pipelines
trying to open file /users/yangzhou/ictf2010_1Mflow.dat
opening succeeds
Receiving port Simulate queue
Running 1 pipelines
trying to open file /users/yangzhou/ictf2010_1Mflow.dat
opening succeeds
pkt_num: 102400
dpi rules length: 33471
Reading pkt trace done!
Reading pkt trace done!
recover down
number of rules in acls: 643
acl-fw packets processed: 16384
acl-fw packets processed: 32768
lpm packets processed: 16384
lpm packets processed: 32768
lpm packets processed: 49152
lpm packets processed: 65536
lpm packets processed: 81920
acl-fw packets processed: 49152
lpm packets processed: 98304
lpm packets processed: 114688
lpm packets processed: 131072
lpm packets processed: 147456
lpm packets processed: 163840
acl-fw packets processed: 65536
lpm packets processed: 180224
lpm packets processed: 196608
lpm packets processed: 212992
lpm packets processed: 229376
lpm packets processed: 245760
acl-fw packets processed: 81920
lpm packets processed: 262144
lpm packets processed: 278528
lpm packets processed: 294912
lpm packets processed: 311296
acl-fw packets processed: 98304
lpm packets processed: 327680
lpm packets processed: 344064
dpi AhoCorasick graph built up!
trying to open file /users/yangzhou/ictf2010_1Mflow.dat
opening succeeds
lpm packets processed: 360448
lpm packets processed: 376832
lpm packets processed: 393216
acl-fw packets processed: 114688
lpm packets processed: 409600
Reading pkt trace done!
lpm packets processed: 425984
dpi packets processed: 16384
lpm packets processed: 442368
dpi packets processed: 32768
lpm packets processed: 458752
dpi packets processed: 49152
lpm packets processed: 475136
acl-fw packets processed: 131072
dpi packets processed: 65536
lpm packets processed: 491520
dpi packets processed: 81920
lpm packets processed: 507904
dpi packets processed: 98304
lpm packets processed: 524288
dpi packets processed: 114688
lpm packets processed: 540672
dpi packets processed: 131072
acl-fw packets processed: 147456
lpm packets processed: 557056
dpi packets processed: 147456
lpm packets processed: 573440
dpi packets processed: 163840
lpm packets processed: 589824
dpi packets processed: 180224
lpm packets processed: 606208
dpi packets processed: 196608
lpm packets processed: 622592
acl-fw packets processed: 163840
dpi packets processed: 212992
lpm packets processed: 638976
dpi packets processed: 229376
lpm packets processed: 655360
dpi packets processed: 245760
lpm packets processed: 671744
dpi packets processed: 262144
lpm packets processed: 688128
dpi packets processed: 278528
lpm packets processed: 704512
acl-fw packets processed: 180224
dpi packets processed: 294912
lpm packets processed: 720896
dpi packets processed: 311296
lpm packets processed: 737280
dpi packets processed: 327680
lpm packets processed: 753664
dpi packets processed: 344064
lpm packets processed: 770048
dpi packets processed: 360448
acl-fw packets processed: 196608
lpm packets processed: 786432
dpi packets processed: 376832
lpm packets processed: 802816
dpi packets processed: 393216
lpm packets processed: 819200
dpi packets processed: 409600
lpm packets processed: 835584
dpi packets processed: 425984
lpm packets processed: 851968
dpi packets processed: 442368
acl-fw packets processed: 212992
lpm packets processed: 868352
dpi packets processed: 458752
lpm packets processed: 884736
dpi packets processed: 475136
lpm packets processed: 901120
dpi packets processed: 491520
lpm packets processed: 917504
dpi packets processed: 507904
lpm packets processed: 933888
acl-fw packets processed: 229376
dpi packets processed: 524288
lpm packets processed: 950272
dpi packets processed: 540672
lpm packets processed: 966656
dpi packets processed: 557056
lpm packets processed: 983040
dpi packets processed: 573440
lpm packets processed: 999424
dpi packets processed: 589824
acl-fw packets processed: 245760
lpm packets processed: 1015808
dpi packets processed: 606208
lpm packets processed: 1032192
dpi packets processed: 622592
lpm packets processed: 1048576
dpi packets processed: 638976
lpm packets processed: 1064960
dpi packets processed: 655360
lpm packets processed: 1081344
acl-fw packets processed: 262144
dpi packets processed: 671744
lpm packets processed: 1097728
dpi packets processed: 688128
lpm packets processed: 1114112
dpi packets processed: 704512
lpm packets processed: 1130496
dpi packets processed: 720896
lpm packets processed: 1146880
dpi packets processed: 737280
acl-fw packets processed: 278528
lpm packets processed: 1163264
dpi packets processed: 753664
lpm packets processed: 1179648
dpi packets processed: 770048
lpm packets processed: 1196032
dpi packets processed: 786432
lpm packets processed: 1212416
dpi packets processed: 802816
lpm packets processed: 1228800
acl-fw packets processed: 294912
dpi packets processed: 819200
lpm packets processed: 1245184
dpi packets processed: 835584
lpm packets processed: 1261568
dpi packets processed: 851968
lpm packets processed: 1277952
dpi packets processed: 868352
lpm packets processed: 1294336
acl-fw packets processed: 311296
dpi packets processed: 884736
lpm packets processed: 1310720
dpi packets processed: 901120
lpm packets processed: 1327104
dpi packets processed: 917504
lpm packets processed: 1343488
dpi packets processed: 933888
lpm packets processed: 1359872
dpi packets processed: 950272
acl-fw packets processed: 327680
lpm packets processed: 1376256
dpi packets processed: 966656
lpm packets processed: 1392640
dpi packets processed: 983040
lpm packets processed: 1409024
dpi packets processed: 999424
lpm packets processed: 1425408
dpi packets processed: 1015808
acl-fw packets processed: 344064
lpm packets processed: 1441792
dpi packets processed: 1032192
lpm packets processed: 1458176
dpi packets processed: 1048576
lpm packets processed: 1474560
dpi packets processed: 1064960
lpm packets processed: 1490944
dpi packets processed: 1081344
lpm packets processed: 1507328
acl-fw packets processed: 360448
dpi packets processed: 1097728
lpm packets processed: 1523712
dpi packets processed: 1114112
lpm packets processed: 1540096
dpi packets processed: 1130496
lpm packets processed: 1556480
dpi packets processed: 1146880
lpm packets processed: 1572864
dpi packets processed: 1163264
acl-fw packets processed: 376832
lpm packets processed: 1589248
dpi packets processed: 1179648
lpm packets processed: 1605632
dpi packets processed: 1196032
lpm packets processed: 1622016
dpi packets processed: 1212416
lpm packets processed: 1638400
dpi packets processed: 1228800
acl-fw packets processed: 393216
lpm packets processed: 1654784
dpi packets processed: 1245184
lpm packets processed: 1671168
dpi packets processed: 1261568
lpm packets processed: 1687552
dpi packets processed: 1277952
lpm packets processed: 1703936
dpi packets processed: 1294336
lpm packets processed: 1720320
dpi packets processed: 1310720
acl-fw packets processed: 409600
lpm packets processed: 1736704
dpi packets processed: 1327104
lpm packets processed: 1753088
dpi packets processed: 1343488
lpm packets processed: 1769472
dpi packets processed: 1359872
lpm packets processed: 1785856
dpi packets processed: 1376256
acl-fw packets processed: 425984
lpm packets processed: 1802240
dpi packets processed: 1392640
lpm packets processed: 1818624
dpi packets processed: 1409024
lpm packets processed: 1835008
dpi packets processed: 1425408
lpm packets processed: 1851392
dpi packets processed: 1441792
acl-fw packets processed: 442368
lpm packets processed: 1867776
dpi packets processed: 1458176
lpm packets processed: 1884160
dpi packets processed: 1474560
lpm packets processed: 1900544
dpi packets processed: 1490944
lpm packets processed: 1916928
dpi packets processed: 1507328
lpm packets processed: 1933312
acl-fw packets processed: 458752
dpi packets processed: 1523712
lpm packets processed: 1949696
dpi packets processed: 1540096
lpm packets processed: 1966080
dpi packets processed: 1556480
lpm packets processed: 1982464
dpi packets processed: 1572864
lpm packets processed: 1998848
dpi packets processed: 1589248
acl-fw packets processed: 475136
lpm packets processed: 2015232
dpi packets processed: 1605632
lpm packets processed: 2031616
dpi packets processed: 1622016
lpm packets processed: 2048000
dpi packets processed: 1638400
lpm packets processed: 2064384
acl-fw packets processed: 491520
dpi packets processed: 1654784
lpm packets processed: 2080768
dpi packets processed: 1671168
lpm packets processed: 2097152
dpi packets processed: 1687552
lpm packets processed: 2113536
dpi packets processed: 1703936
lpm packets processed: 2129920
acl-fw packets processed: 507904
dpi packets processed: 1720320
lpm packets processed: 2146304
dpi packets processed: 1736704
lpm packets processed: 2162688
dpi packets processed: 1753088
lpm packets processed: 2179072
dpi packets processed: 1769472
lpm packets processed: 2195456
dpi packets processed: 1785856
acl-fw packets processed: 524288
lpm packets processed: 2211840
dpi packets processed: 1802240
lpm packets processed: 2228224
dpi packets processed: 1818624
lpm packets processed: 2244608
dpi packets processed: 1835008
lpm packets processed: 2260992
dpi packets processed: 1851392
acl-fw packets processed: 540672
lpm packets processed: 2277376
dpi packets processed: 1867776
lpm packets processed: 2293760
dpi packets processed: 1884160
lpm packets processed: 2310144
dpi packets processed: 1900544
lpm packets processed: 2326528
dpi packets processed: 1916928
acl-fw packets processed: 557056
lpm packets processed: 2342912
dpi packets processed: 1933312
lpm packets processed: 2359296
dpi packets processed: 1949696
lpm packets processed: 2375680
dpi packets processed: 1966080
lpm packets processed: 2392064
acl-fw packets processed: 573440
dpi packets processed: 1982464
lpm packets processed: 2408448
dpi packets processed: 1998848
lpm packets processed: 2424832
dpi packets processed: 2015232
lpm packets processed: 2441216
dpi packets processed: 2031616
lpm packets processed: 2457600
dpi packets processed: 2048000
acl-fw packets processed: 589824
lpm packets processed: 2473984
dpi packets processed: 2064384
lpm packets processed: 2490368
dpi packets processed: 2080768
Switched CPUS @ tick 937268038809
switching cpus
**** REAL SIMULATION ****
lpm packets processed: 2506752
dpi packets processed: 2097152
acl-fw packets processed: 606208
lpm packets processed: 2523136
dpi packets processed: 2113536
lpm packets processed: 2539520
dpi packets processed: 2129920
acl-fw packets processed: 622592
lpm packets processed: 2555904
dpi packets processed: 2146304
lpm packets processed: 2572288
dpi packets processed: 2162688
lpm packets processed: 2588672
dpi packets processed: 2179072
acl-fw packets processed: 638976
lpm packets processed: 2605056
dpi packets processed: 2195456
lpm packets processed: 2621440
dpi packets processed: 2211840
lpm packets processed: 2637824
acl-fw packets processed: 655360
dpi packets processed: 2228224
lpm packets processed: 2654208
dpi packets processed: 2244608
lpm packets processed: 2670592
acl-fw packets processed: 671744
dpi packets processed: 2260992
lpm packets processed: 2686976
lpm packets processed: 2703360
dpi packets processed: 2277376
lpm packets processed: 2719744
acl-fw packets processed: 688128
dpi packets processed: 2293760
lpm packets processed: 2736128
dpi packets processed: 2310144
lpm packets processed: 2752512
dpi packets processed: 2326528
acl-fw packets processed: 704512
lpm packets processed: 2768896
dpi packets processed: 2342912
lpm packets processed: 2785280
dpi packets processed: 2359296
acl-fw packets processed: 720896
lpm packets processed: 2801664
dpi packets processed: 2375680
lpm packets processed: 2818048
dpi packets processed: 2392064
lpm packets processed: 2834432
acl-fw packets processed: 737280
dpi packets processed: 2408448
lpm packets processed: 2850816
dpi packets processed: 2424832
lpm packets processed: 2867200
acl-fw packets processed: 753664
dpi packets processed: 2441216
lpm packets processed: 2883584
lpm packets processed: 2899968
dpi packets processed: 2457600
lpm packets processed: 2916352
dpi packets processed: 2473984
acl-fw packets processed: 770048
lpm packets processed: 2932736
dpi packets processed: 2490368
lpm packets processed: 2949120
dpi packets processed: 2506752
acl-fw packets processed: 786432
lpm packets processed: 2965504
dpi packets processed: 2523136
lpm packets processed: 2981888
dpi packets processed: 2539520
acl-fw packets processed: 802816
lpm packets processed: 2998272
dpi packets processed: 2555904
lpm packets processed: 3014656
dpi packets processed: 2572288
lpm packets processed: 3031040
acl-fw packets processed: 819200
dpi packets processed: 2588672
lpm packets processed: 3047424
dpi packets processed: 2605056
lpm packets processed: 3063808
acl-fw packets processed: 835584
dpi packets processed: 2621440
lpm packets processed: 3080192
dpi packets processed: 2637824
lpm packets processed: 3096576
lpm packets processed: 3112960
acl-fw packets processed: 851968
dpi packets processed: 2654208
lpm packets processed: 3129344
dpi packets processed: 2670592
lpm packets processed: 3145728
dpi packets processed: 2686976
acl-fw packets processed: 868352
lpm packets processed: 3162112
dpi packets processed: 2703360
lpm packets processed: 3178496
dpi packets processed: 2719744
acl-fw packets processed: 884736
lpm packets processed: 3194880
dpi packets processed: 2736128
lpm packets processed: 3211264
dpi packets processed: 2752512
acl-fw packets processed: 901120
lpm packets processed: 3227648
dpi packets processed: 2768896
lpm packets processed: 3244032
dpi packets processed: 2785280
lpm packets processed: 3260416
acl-fw packets processed: 917504
dpi packets processed: 2801664
lpm packets processed: 3276800
dpi packets processed: 2818048
lpm packets processed: 3293184
acl-fw packets processed: 933888
lpm packets processed: 3309568
dpi packets processed: 2834432
lpm packets processed: 3325952
dpi packets processed: 2850816
acl-fw packets processed: 950272
lpm packets processed: 3342336
dpi packets processed: 2867200
lpm packets processed: 3358720
dpi packets processed: 2883584
acl-fw packets processed: 966656
lpm packets processed: 3375104
dpi packets processed: 2899968
lpm packets processed: 3391488
dpi packets processed: 2916352
lpm packets processed: 3407872
acl-fw packets processed: 983040
dpi packets processed: 2932736
lpm packets processed: 3424256
dpi packets processed: 2949120
lpm packets processed: 3440640
acl-fw packets processed: 999424
dpi packets processed: 2965504
lpm packets processed: 3457024
dpi packets processed: 2981888
lpm packets processed: 3473408
acl-fw packets processed: 1015808
dpi packets processed: 2998272
lpm packets processed: 3489792
lpm packets processed: 3506176
dpi packets processed: 3014656
acl-fw packets processed: 1032192
lpm packets processed: 3522560
dpi packets processed: 3031040
lpm packets processed: 3538944
dpi packets processed: 3047424
lpm packets processed: 3555328
acl-fw packets processed: 1048576
dpi packets processed: 3063808
lpm packets processed: 3571712
dpi packets processed: 3080192
lpm packets processed: 3588096
acl-fw packets processed: 1064960
dpi packets processed: 3096576
lpm packets processed: 3604480
dpi packets processed: 3112960
lpm packets processed: 3620864
acl-fw packets processed: 1081344
dpi packets processed: 3129344
lpm packets processed: 3637248
dpi packets processed: 3145728
lpm packets processed: 3653632
acl-fw packets processed: 1097728
dpi packets processed: 3162112
lpm packets processed: 3670016
dpi packets processed: 3178496
lpm packets processed: 3686400
acl-fw packets processed: 1114112
dpi packets processed: 3194880
lpm packets processed: 3702784
lpm packets processed: 3719168
dpi packets processed: 3211264
lpm packets processed: 3735552
acl-fw packets processed: 1130496
dpi packets processed: 3227648
lpm packets processed: 3751936
dpi packets processed: 3244032
lpm packets processed: 3768320
acl-fw packets processed: 1146880
dpi packets processed: 3260416
lpm packets processed: 3784704
dpi packets processed: 3276800
lpm packets processed: 3801088
dpi packets processed: 3293184
acl-fw packets processed: 1163264
lpm packets processed: 3817472
dpi packets processed: 3309568
lpm packets processed: 3833856
acl-fw packets processed: 1179648
dpi packets processed: 3325952
lpm packets processed: 3850240
dpi packets processed: 3342336
lpm packets processed: 3866624
acl-fw packets processed: 1196032
dpi packets processed: 3358720
lpm packets processed: 3883008
dpi packets processed: 3375104
lpm packets processed: 3899392
lpm packets processed: 3915776
acl-fw packets processed: 1212416
dpi packets processed: 3391488
lpm packets processed: 3932160
dpi packets processed: 3407872
lpm packets processed: 3948544
acl-fw packets processed: 1228800
dpi packets processed: 3424256
lpm packets processed: 3964928
dpi packets processed: 3440640
lpm packets processed: 3981312
acl-fw packets processed: 1245184
dpi packets processed: 3457024
lpm packets processed: 3997696
dpi packets processed: 3473408
lpm packets processed: 4014080
acl-fw packets processed: 1261568
dpi packets processed: 3489792
lpm packets processed: 4030464
dpi packets processed: 3506176
lpm packets processed: 4046848
acl-fw packets processed: 1277952
dpi packets processed: 3522560
lpm packets processed: 4063232
dpi packets processed: 3538944
lpm packets processed: 4079616
acl-fw packets processed: 1294336
dpi packets processed: 3555328
lpm packets processed: 4096000
dpi packets processed: 3571712
lpm packets processed: 4112384
acl-fw packets processed: 1310720
lpm packets processed: 4128768
dpi packets processed: 3588096
lpm packets processed: 4145152
dpi packets processed: 3604480
acl-fw packets processed: 1327104
lpm packets processed: 4161536
dpi packets processed: 3620864
lpm packets processed: 4177920
dpi packets processed: 3637248
acl-fw packets processed: 1343488
lpm packets processed: 4194304
dpi packets processed: 3653632
lpm packets processed: 4210688
dpi packets processed: 3670016
acl-fw packets processed: 1359872
lpm packets processed: 4227072
dpi packets processed: 3686400
lpm packets processed: 4243456
dpi packets processed: 3702784
acl-fw packets processed: 1376256
lpm packets processed: 4259840
dpi packets processed: 3719168
lpm packets processed: 4276224
dpi packets processed: 3735552
acl-fw packets processed: 1392640
lpm packets processed: 4292608
dpi packets processed: 3751936
lpm packets processed: 4308992
acl-fw packets processed: 1409024
lpm packets processed: 4325376
dpi packets processed: 3768320
lpm packets processed: 4341760
dpi packets processed: 3784704
lpm packets processed: 4358144
dpi packets processed: 3801088
acl-fw packets processed: 1425408
lpm packets processed: 4374528
dpi packets processed: 3817472
lpm packets processed: 4390912
acl-fw packets processed: 1441792
dpi packets processed: 3833856
lpm packets processed: 4407296
dpi packets processed: 3850240
lpm packets processed: 4423680
acl-fw packets processed: 1458176
dpi packets processed: 3866624
lpm packets processed: 4440064
dpi packets processed: 3883008
lpm packets processed: 4456448
acl-fw packets processed: 1474560
dpi packets processed: 3899392
lpm packets processed: 4472832
dpi packets processed: 3915776
lpm packets processed: 4489216
acl-fw packets processed: 1490944
dpi packets processed: 3932160
lpm packets processed: 4505600
dpi packets processed: 3948544
lpm packets processed: 4521984
acl-fw packets processed: 1507328
lpm packets processed: 4538368
dpi packets processed: 3964928
lpm packets processed: 4554752
dpi packets processed: 3981312
acl-fw packets processed: 1523712
lpm packets processed: 4571136
dpi packets processed: 3997696
lpm packets processed: 4587520
dpi packets processed: 4014080
acl-fw packets processed: 1540096
lpm packets processed: 4603904
dpi packets processed: 4030464
lpm packets processed: 4620288
dpi packets processed: 4046848
acl-fw packets processed: 1556480
lpm packets processed: 4636672
dpi packets processed: 4063232
lpm packets processed: 4653056
acl-fw packets processed: 1572864
dpi packets processed: 4079616
lpm packets processed: 4669440
dpi packets processed: 4096000
lpm packets processed: 4685824
acl-fw packets processed: 1589248
dpi packets processed: 4112384
lpm packets processed: 4702208
dpi packets processed: 4128768
lpm packets processed: 4718592
acl-fw packets processed: 1605632
lpm packets processed: 4734976
dpi packets processed: 4145152
lpm packets processed: 4751360
dpi packets processed: 4161536
acl-fw packets processed: 1622016
lpm packets processed: 4767744
dpi packets processed: 4177920
lpm packets processed: 4784128
dpi packets processed: 4194304
acl-fw packets processed: 1638400
lpm packets processed: 4800512
dpi packets processed: 4210688
lpm packets processed: 4816896
dpi packets processed: 4227072
acl-fw packets processed: 1654784
lpm packets processed: 4833280
dpi packets processed: 4243456
lpm packets processed: 4849664
acl-fw packets processed: 1671168
dpi packets processed: 4259840
lpm packets processed: 4866048
dpi packets processed: 4276224
lpm packets processed: 4882432
acl-fw packets processed: 1687552
dpi packets processed: 4292608
lpm packets processed: 4898816
dpi packets processed: 4308992
lpm packets processed: 4915200
acl-fw packets processed: 1703936
lpm packets processed: 4931584
dpi packets processed: 4325376
lpm packets processed: 4947968
dpi packets processed: 4341760
acl-fw packets processed: 1720320
lpm packets processed: 4964352
dpi packets processed: 4358144
lpm packets processed: 4980736
acl-fw packets processed: 1736704
dpi packets processed: 4374528
lpm packets processed: 4997120
dpi packets processed: 4390912
lpm packets processed: 5013504
acl-fw packets processed: 1753088
dpi packets processed: 4407296
lpm packets processed: 5029888
dpi packets processed: 4423680
acl-fw packets processed: 1769472
lpm packets processed: 5046272
dpi packets processed: 4440064
lpm packets processed: 5062656
dpi packets processed: 4456448
acl-fw packets processed: 1785856
lpm packets processed: 5079040
dpi packets processed: 4472832
lpm packets processed: 5095424
acl-fw packets processed: 1802240
dpi packets processed: 4489216
lpm packets processed: 5111808
dpi packets processed: 4505600
lpm packets processed: 5128192
acl-fw packets processed: 1818624
lpm packets processed: 5144576
dpi packets processed: 4521984
lpm packets processed: 5160960
dpi packets processed: 4538368
acl-fw packets processed: 1835008
lpm packets processed: 5177344
dpi packets processed: 4554752
lpm packets processed: 5193728
dpi packets processed: 4571136
acl-fw packets processed: 1851392
lpm packets processed: 5210112
dpi packets processed: 4587520
lpm packets processed: 5226496
acl-fw packets processed: 1867776
dpi packets processed: 4603904
lpm packets processed: 5242880
dpi packets processed: 4620288
lpm packets processed: 5259264
acl-fw packets processed: 1884160
dpi packets processed: 4636672
lpm packets processed: 5275648
dpi packets processed: 4653056
lpm packets processed: 5292032
acl-fw packets processed: 1900544
dpi packets processed: 4669440
lpm packets processed: 5308416
dpi packets processed: 4685824
lpm packets processed: 5324800
acl-fw packets processed: 1916928
lpm packets processed: 5341184
dpi packets processed: 4702208
acl-fw packets processed: 1933312
lpm packets processed: 5357568
dpi packets processed: 4718592
lpm packets processed: 5373952
dpi packets processed: 4734976
acl-fw packets processed: 1949696
lpm packets processed: 5390336
dpi packets processed: 4751360
lpm packets processed: 5406720
dpi packets processed: 4767744
acl-fw packets processed: 1966080
lpm packets processed: 5423104
dpi packets processed: 4784128
lpm packets processed: 5439488
dpi packets processed: 4800512
acl-fw packets processed: 1982464
lpm packets processed: 5455872
dpi packets processed: 4816896
lpm packets processed: 5472256
acl-fw packets processed: 1998848
dpi packets processed: 4833280
lpm packets processed: 5488640
dpi packets processed: 4849664
lpm packets processed: 5505024
acl-fw packets processed: 2015232
dpi packets processed: 4866048
lpm packets processed: 5521408
dpi packets processed: 4882432
lpm packets processed: 5537792
acl-fw packets processed: 2031616
lpm packets processed: 5554176
dpi packets processed: 4898816
lpm packets processed: 5570560
acl-fw packets processed: 2048000
dpi packets processed: 4915200
lpm packets processed: 5586944
dpi packets processed: 4931584
acl-fw packets processed: 2064384
lpm packets processed: 5603328
dpi packets processed: 4947968
lpm packets processed: 5619712
dpi packets processed: 4964352
acl-fw packets processed: 2080768
lpm packets processed: 5636096
dpi packets processed: 4980736
lpm packets processed: 5652480
dpi packets processed: 4997120
acl-fw packets processed: 2097152
lpm packets processed: 5668864
dpi packets processed: 5013504
lpm packets processed: 5685248
acl-fw packets processed: 2113536
dpi packets processed: 5029888
lpm packets processed: 5701632
dpi packets processed: 5046272
lpm packets processed: 5718016
acl-fw packets processed: 2129920
dpi packets processed: 5062656
lpm packets processed: 5734400
dpi packets processed: 5079040
lpm packets processed: 5750784
acl-fw packets processed: 2146304
lpm packets processed: 5767168
dpi packets processed: 5095424
acl-fw packets processed: 2162688
lpm packets processed: 5783552
dpi packets processed: 5111808
lpm packets processed: 5799936
dpi packets processed: 5128192
acl-fw packets processed: 2179072
lpm packets processed: 5816320
dpi packets processed: 5144576
lpm packets processed: 5832704
dpi packets processed: 5160960
acl-fw packets processed: 2195456
lpm packets processed: 5849088
dpi packets processed: 5177344
lpm packets processed: 5865472
acl-fw packets processed: 2211840
dpi packets processed: 5193728
lpm packets processed: 5881856
dpi packets processed: 5210112
lpm packets processed: 5898240
acl-fw packets processed: 2228224
dpi packets processed: 5226496
lpm packets processed: 5914624
dpi packets processed: 5242880
lpm packets processed: 5931008
acl-fw packets processed: 2244608
dpi packets processed: 5259264
lpm packets processed: 5947392
lpm packets processed: 5963776
acl-fw packets processed: 2260992
dpi packets processed: 5275648
lpm packets processed: 5980160
dpi packets processed: 5292032
acl-fw packets processed: 2277376
lpm packets processed: 5996544
dpi packets processed: 5308416
lpm packets processed: 6012928
dpi packets processed: 5324800
acl-fw packets processed: 2293760
lpm packets processed: 6029312
dpi packets processed: 5341184
lpm packets processed: 6045696
acl-fw packets processed: 2310144
dpi packets processed: 5357568
lpm packets processed: 6062080
dpi packets processed: 5373952
acl-fw packets processed: 2326528
lpm packets processed: 6078464
dpi packets processed: 5390336
lpm packets processed: 6094848
dpi packets processed: 5406720
acl-fw packets processed: 2342912
lpm packets processed: 6111232
dpi packets processed: 5423104
lpm packets processed: 6127616
acl-fw packets processed: 2359296
dpi packets processed: 5439488
lpm packets processed: 6144000
dpi packets processed: 5455872
lpm packets processed: 6160384
acl-fw packets processed: 2375680
lpm packets processed: 6176768
dpi packets processed: 5472256
lpm packets processed: 6193152
dpi packets processed: 5488640
acl-fw packets processed: 2392064
lpm packets processed: 6209536
dpi packets processed: 5505024
acl-fw packets processed: 2408448
lpm packets processed: 6225920
Exiting @ tick 2000000000000 because simulate() limit reached
