gem5 Simulator System.  http://gem5.org
gem5 is copyrighted software; use the --copyright option for details.

gem5 compiled Feb 10 2024 00:39:55
gem5 started Feb 12 2024 20:39:36
gem5 executing on node-1.yangzhou-190861.lambda-mpi-pg0.clemson.cloudlab.us
command line: build/ARM/gem5.fast --remote-gdb-port=0 --outdir=/users/yangzhou/GEM5_DRAMSim2/sgx_nic/m5out/detailed_lpm.monitoring.monitoring.acl-fw.lpm.acl-fw.monitoring.acl-fw_4MB_tp --stats-file=detailed_lpm.monitoring.monitoring.acl-fw.lpm.acl-fw.monitoring.acl-fw_4MB_tp_stats.txt configs/dramsim2/dramsim2_se.py --cpu-type=detailed --clock=2.4GHz --cacheline_size=128 --caches --l2cache --l2config=setpartition --l2_size=512kB --l2_assoc=16 --fixaddr --rr_nc --split_mshr --split_rport --dramsim2 --tpturnlength=6 --devicecfg=./ext/DRAMSim2/ini/DDR3_micron_16M_8B_x8_sg15.ini --systemcfg=./ext/DRAMSim2/system_tp.ini --outputfile=/dev/null --fast-forward=1000000000 --maxinsts=100000000 --maxtick=2000000000000 --numpids=8 --p0=/users/yangzhou/NFShield/lpm --p1=/users/yangzhou/NFShield/monitoring --p2=/users/yangzhou/NFShield/monitoring --p3=/users/yangzhou/NFShield/acl-fw --p4=/users/yangzhou/NFShield/lpm --p5=/users/yangzhou/NFShield/acl-fw --p6=/users/yangzhou/NFShield/monitoring --p7=/users/yangzhou/NFShield/acl-fw
Global frequency set at 1000000000000 ticks per second
device file: ./ext/DRAMSim2/ini/DDR3_micron_16M_8B_x8_sg15.ini
system file: ./ext/DRAMSim2/system_tp.ini
output file: /dev/null
DEBUGSTR My tpTurnLength is 6
genTrace is 0
finish initializing memory controller
CPU Clock = 2398MHz
DRAM Clock = 1600MHz
Memory Capacity = 65536MB
initialize the layer 8
initialize the layer 8
Switch at instruction count:1000000000
info: Entering event queue @ 0.  Starting simulation...
info: Increasing stack size by one page.
info: Increasing stack size by one page.
info: Increasing stack size by one page.
info: Increasing stack size by one page.
info: Increasing stack size by one page.
info: Increasing stack size by one page.
info: Increasing stack size by one page.
info: Increasing stack size by one page.
value_t size: 1B
value_t size: 1B
value_t size: 1B
value_t size: 4B
value_t size: 4B
value_t size: 4B
memory size: 4.386990MB
memory size: 4.386990MB
memory size: 4.386990MB
memory size: 10.063114MB
memory size: 10.063114MB
memory size: 10.063114MB
value_t size: 1B
value_t size: 1B
value_t size: 1B
memory size: 4.386990MB
memory size: 4.386990MB
memory size: 4.386990MB
trying to open file /users/yangzhou/NFShield/data/ictf2010_100kflow.dat
trying to open file /users/yangzhou/NFShield/data/ictf2010_100kflow.dat
trying to open file /users/yangzhou/NFShield/data/ictf2010_100kflow.dat
opening succeeds
opening succeeds
opening succeeds
trying to open file /users/yangzhou/NFShield/data/ictf2010_100kflow.dat
trying to open file /users/yangzhou/NFShield/data/ictf2010_100kflow.dat
trying to open file /users/yangzhou/NFShield/data/ictf2010_100kflow.dat
opening succeeds
opening succeeds
opening succeeds
trying to open file /users/yangzhou/NFShield/data/ictf2010_100kflow.dat
trying to open file /users/yangzhou/NFShield/data/ictf2010_100kflow.dat
opening succeeds
opening succeeds
Reading pkt trace done!
Reading pkt trace done!
Reading pkt trace done!
average pkt size = 607.274170
average pkt size = 607.274170
average pkt size = 607.274170
monitoring 160
monitoring 160
monitoring 160
monitoring 320
monitoring 320
monitoring 320
Reading pkt trace done!
Reading pkt trace done!
Reading pkt trace done!
average pkt size = 607.274170
average pkt size = 607.274170
average pkt size = 607.274170
monitoring 480
monitoring 480
monitoring 480
monitoring 640
monitoring 640
monitoring 640
monitoring 800
monitoring 800
monitoring 800
monitoring 960
monitoring 960
monitoring 960
monitoring 1120
monitoring 1120
monitoring 1120
monitoring 1280
monitoring 1280
monitoring 1280
monitoring 1440
monitoring 1440
monitoring 1440
monitoring 1600
monitoring 1600
monitoring 1600
monitoring 1760
monitoring 1760
monitoring 1760
monitoring 1920
monitoring 1920
monitoring 1920
monitoring 2080
monitoring 2080
monitoring 2080
monitoring 2240
monitoring 2240
monitoring 2240
monitoring 2400
monitoring 2400
monitoring 2400
monitoring 2560
monitoring 2560
monitoring 2560
monitoring 2720
monitoring 2720
monitoring 2720
monitoring 2880
monitoring 2880
monitoring 2880
monitoring 3040
monitoring 3040
monitoring 3040
monitoring 3200
monitoring 3200
monitoring 3200
monitoring 3360
monitoring 3360
monitoring 3360
monitoring 3520
monitoring 3520
monitoring 3520
monitoring 3680
monitoring 3680
monitoring 3680
monitoring 3840
monitoring 3840
monitoring 3840
monitoring 4000
monitoring 4000
monitoring 4000
monitoring 4160
monitoring 4160
monitoring 4160
Reading pkt trace done!
Reading pkt trace done!
average pkt size = 607.274170
average pkt size = 607.274170
monitoring 4320
monitoring 4320
monitoring 4320
lpm 160
lpm 160
monitoring 4480
monitoring 4480
monitoring 4480
lpm 320
lpm 320
monitoring 4640
monitoring 4640
monitoring 4640
lpm 480
lpm 480
monitoring 4800
monitoring 4800
monitoring 4800
lpm 640
lpm 640
monitoring 4960
monitoring 4960
monitoring 4960
lpm 800
lpm 800
monitoring 5120
monitoring 5120
monitoring 5120
lpm 960
lpm 960
monitoring 5280
monitoring 5280
monitoring 5280
lpm 1120
lpm 1120
monitoring 5440
monitoring 5440
monitoring 5440
lpm 1280
lpm 1280
monitoring 5600
monitoring 5600
monitoring 5600
lpm 1440
lpm 1440
monitoring 5760
monitoring 5760
monitoring 5760
lpm 1600
lpm 1600
monitoring 5920
monitoring 5920
monitoring 5920
lpm 1760
lpm 1760
monitoring 6080
monitoring 6080
monitoring 6080
lpm 1920
lpm 1920
monitoring 6240
monitoring 6240
monitoring 6240
lpm 2080
lpm 2080
monitoring 6400
monitoring 6400
monitoring 6400
lpm 2240
lpm 2240
monitoring 6560
monitoring 6560
monitoring 6560
lpm 2400
lpm 2400
monitoring 6720
monitoring 6720
monitoring 6720
lpm 2560
lpm 2560
monitoring 6880
monitoring 6880
monitoring 6880
lpm 2720
lpm 2720
monitoring 7040
monitoring 7040
monitoring 7040
lpm 2880
lpm 2880
monitoring 7200
monitoring 7200
monitoring 7200
lpm 3040
lpm 3040
monitoring 7360
monitoring 7360
monitoring 7360
lpm 3200
lpm 3200
monitoring 7520
monitoring 7520
monitoring 7520
lpm 3360
lpm 3360
monitoring 7680
monitoring 7680
monitoring 7680
lpm 3520
lpm 3520
monitoring 7840
monitoring 7840
monitoring 7840
lpm 3680
lpm 3680
lpm 3840
lpm 3840
monitoring 8000
monitoring 8000
monitoring 8000
lpm 4000
lpm 4000
monitoring 8160
monitoring 8160
monitoring 8160
lpm 4160
lpm 4160
monitoring 8320
monitoring 8320
monitoring 8320
lpm 4320
lpm 4320
monitoring 8480
monitoring 8480
monitoring 8480
lpm 4480
lpm 4480
monitoring 8640
monitoring 8640
monitoring 8640
lpm 4640
lpm 4640
monitoring 8800
monitoring 8800
monitoring 8800
lpm 4800
lpm 4800
monitoring 8960
monitoring 8960
monitoring 8960
lpm 4960
lpm 4960
monitoring 9120
monitoring 9120
monitoring 9120
lpm 5120
lpm 5120
monitoring 9280
monitoring 9280
monitoring 9280
lpm 5280
lpm 5280
monitoring 9440
monitoring 9440
monitoring 9440
lpm 5440
lpm 5440
monitoring 9600
monitoring 9600
monitoring 9600
lpm 5600
lpm 5600
monitoring 9760
monitoring 9760
monitoring 9760
lpm 5760
lpm 5760
monitoring 9920
monitoring 9920
monitoring 9920
lpm 5920
lpm 5920
monitoring 10080
monitoring 10080
monitoring 10080
lpm 6080
lpm 6080
monitoring 10240
monitoring 10240
monitoring 10240
lpm 6240
lpm 6240
monitoring 10400
monitoring 10400
monitoring 10400
lpm 6400
lpm 6400
monitoring 10560
monitoring 10560
monitoring 10560
lpm 6560
lpm 6560
monitoring 10720
monitoring 10720
monitoring 10720
lpm 6720
lpm 6720
recover done
recover done
recover done
acl-fw 0
acl-fw 0
acl-fw 0
monitoring 10880
monitoring 10880
monitoring 10880
lpm 6880
lpm 6880
monitoring 11040
monitoring 11040
monitoring 11040
lpm 7040
lpm 7040
acl-fw 160
acl-fw 160
acl-fw 160
monitoring 11200
monitoring 11200
monitoring 11200
lpm 7200
lpm 7200
monitoring 11360
monitoring 11360
monitoring 11360
lpm 7360
lpm 7360
acl-fw 320
acl-fw 320
acl-fw 320
monitoring 11520
monitoring 11520
monitoring 11520
lpm 7520
lpm 7520
monitoring 11680
monitoring 11680
monitoring 11680
lpm 7680
lpm 7680
monitoring 11840
monitoring 11840
monitoring 11840
acl-fw 480
acl-fw 480
acl-fw 480
lpm 7840
lpm 7840
monitoring 12000
monitoring 12000
monitoring 12000
lpm 8000
lpm 8000
monitoring 12160
monitoring 12160
monitoring 12160
acl-fw 640
acl-fw 640
acl-fw 640
lpm 8160
lpm 8160
monitoring 12320
monitoring 12320
monitoring 12320
lpm 8320
lpm 8320
monitoring 12480
monitoring 12480
monitoring 12480
lpm 8480
lpm 8480
acl-fw 800
acl-fw 800
acl-fw 800
monitoring 12640
monitoring 12640
monitoring 12640
lpm 8640
lpm 8640
monitoring 12800
monitoring 12800
monitoring 12800
lpm 8800
lpm 8800
acl-fw 960
acl-fw 960
acl-fw 960
monitoring 12960
monitoring 12960
monitoring 12960
lpm 8960
lpm 8960
monitoring 13120
monitoring 13120
monitoring 13120
lpm 9120
lpm 9120
acl-fw 1120
acl-fw 1120
acl-fw 1120
monitoring 13280
monitoring 13280
monitoring 13280
lpm 9280
lpm 9280
monitoring 13440
monitoring 13440
monitoring 13440
lpm 9440
lpm 9440
acl-fw 1280
acl-fw 1280
acl-fw 1280
monitoring 13600
monitoring 13600
monitoring 13600
lpm 9600
lpm 9600
monitoring 13760
monitoring 13760
monitoring 13760
lpm 9760
lpm 9760
acl-fw 1440
acl-fw 1440
acl-fw 1440
monitoring 13920
monitoring 13920
monitoring 13920
lpm 9920
lpm 9920
lpm 10080
lpm 10080
monitoring 14080
monitoring 14080
monitoring 14080
acl-fw 1600
acl-fw 1600
acl-fw 1600
lpm 10240
lpm 10240
monitoring 14240
monitoring 14240
monitoring 14240
lpm 10400
lpm 10400
monitoring 14400
monitoring 14400
monitoring 14400
lpm 10560
lpm 10560
monitoring 14560
monitoring 14560
monitoring 14560
acl-fw 1760
acl-fw 1760
acl-fw 1760
lpm 10720
lpm 10720
monitoring 14720
monitoring 14720
monitoring 14720
lpm 10880
lpm 10880
monitoring 14880
monitoring 14880
monitoring 14880
acl-fw 1920
acl-fw 1920
acl-fw 1920
lpm 11040
lpm 11040
monitoring 15040
monitoring 15040
monitoring 15040
lpm 11200
lpm 11200
monitoring 15200
monitoring 15200
monitoring 15200
acl-fw 2080
acl-fw 2080
acl-fw 2080
lpm 11360
lpm 11360
monitoring 15360
monitoring 15360
monitoring 15360
lpm 11520
lpm 11520
monitoring 15520
monitoring 15520
monitoring 15520
acl-fw 2240
acl-fw 2240
acl-fw 2240
lpm 11680
lpm 11680
monitoring 15680
monitoring 15680
monitoring 15680
lpm 11840
lpm 11840
monitoring 15840
monitoring 15840
monitoring 15840
lpm 12000
lpm 12000
acl-fw 2400
acl-fw 2400
acl-fw 2400
monitoring 16000
monitoring 16000
monitoring 16000
lpm 12160
lpm 12160
monitoring 16160
monitoring 16160
monitoring 16160
lpm 12320
lpm 12320
acl-fw 2560
acl-fw 2560
acl-fw 2560
monitoring 16320
monitoring 16320
monitoring 16320
lpm 12480
lpm 12480
monitoring 16480
monitoring 16480
monitoring 16480
lpm 12640
lpm 12640
acl-fw 2720
acl-fw 2720
acl-fw 2720
monitoring 16640
monitoring 16640
monitoring 16640
lpm 12800
lpm 12800
monitoring 16800
monitoring 16800
monitoring 16800
lpm 12960
lpm 12960
monitoring 16960
monitoring 16960
monitoring 16960
acl-fw 2880
acl-fw 2880
acl-fw 2880
lpm 13120
lpm 13120
monitoring 17120
monitoring 17120
monitoring 17120
lpm 13280
lpm 13280
monitoring 17280
monitoring 17280
monitoring 17280
acl-fw 3040
acl-fw 3040
acl-fw 3040
lpm 13440
lpm 13440
monitoring 17440
monitoring 17440
monitoring 17440
lpm 13600
lpm 13600
monitoring 17600
monitoring 17600
monitoring 17600
acl-fw 3200
acl-fw 3200
acl-fw 3200
lpm 13760
lpm 13760
monitoring 17760
monitoring 17760
monitoring 17760
lpm 13920
lpm 13920
monitoring 17920
monitoring 17920
monitoring 17920
lpm 14080
lpm 14080
acl-fw 3360
acl-fw 3360
acl-fw 3360
monitoring 18080
monitoring 18080
monitoring 18080
lpm 14240
lpm 14240
monitoring 18240
monitoring 18240
monitoring 18240
lpm 14400
lpm 14400
acl-fw 3520
acl-fw 3520
acl-fw 3520
monitoring 18400
monitoring 18400
monitoring 18400
lpm 14560
lpm 14560
monitoring 18560
monitoring 18560
monitoring 18560
lpm 14720
lpm 14720
acl-fw 3680
acl-fw 3680
acl-fw 3680
monitoring 18720
monitoring 18720
monitoring 18720
lpm 14880
lpm 14880
monitoring 18880
monitoring 18880
monitoring 18880
lpm 15040
lpm 15040
acl-fw 3840
acl-fw 3840
acl-fw 3840
monitoring 19040
monitoring 19040
monitoring 19040
lpm 15200
lpm 15200
monitoring 19200
monitoring 19200
monitoring 19200
lpm 15360
lpm 15360
acl-fw 4000
acl-fw 4000
acl-fw 4000
monitoring 19360
monitoring 19360
monitoring 19360
lpm 15520
lpm 15520
monitoring 19520
monitoring 19520
monitoring 19520
lpm 15680
lpm 15680
monitoring 19680
monitoring 19680
monitoring 19680
lpm 15840
lpm 15840
acl-fw 4160
acl-fw 4160
acl-fw 4160
monitoring 19840
monitoring 19840
monitoring 19840
lpm 16000
lpm 16000
monitoring 20000
monitoring 20000
monitoring 20000
lpm 16160
lpm 16160
acl-fw 4320
acl-fw 4320
acl-fw 4320
lpm 16320
lpm 16320
monitoring 20160
monitoring 20160
monitoring 20160
lpm 16480
lpm 16480
monitoring 20320
monitoring 20320
monitoring 20320
acl-fw 4480
acl-fw 4480
acl-fw 4480
lpm 16640
lpm 16640
monitoring 20480
monitoring 20480
monitoring 20480
lpm 16800
lpm 16800
monitoring 20640
monitoring 20640
monitoring 20640
acl-fw 4640
acl-fw 4640
acl-fw 4640
lpm 16960
lpm 16960
monitoring 20800
monitoring 20800
monitoring 20800
lpm 17120
lpm 17120
monitoring 20960
monitoring 20960
monitoring 20960
acl-fw 4800
acl-fw 4800
acl-fw 4800
lpm 17280
lpm 17280
monitoring 21120
monitoring 21120
monitoring 21120
lpm 17440
lpm 17440
monitoring 21280
monitoring 21280
monitoring 21280
acl-fw 4960
acl-fw 4960
acl-fw 4960
lpm 17600
lpm 17600
monitoring 21440
monitoring 21440
monitoring 21440
lpm 17760
lpm 17760
monitoring 21600
monitoring 21600
monitoring 21600
lpm 17920
lpm 17920
acl-fw 5120
acl-fw 5120
acl-fw 5120
monitoring 21760
monitoring 21760
monitoring 21760
lpm 18080
lpm 18080
monitoring 21920
monitoring 21920
monitoring 21920
lpm 18240
lpm 18240
monitoring 22080
monitoring 22080
monitoring 22080
acl-fw 5280
acl-fw 5280
acl-fw 5280
lpm 18400
lpm 18400
monitoring 22240
monitoring 22240
monitoring 22240
lpm 18560
lpm 18560
monitoring 22400
monitoring 22400
monitoring 22400
acl-fw 5440
acl-fw 5440
acl-fw 5440
lpm 18720
lpm 18720
monitoring 22560
monitoring 22560
monitoring 22560
lpm 18880
lpm 18880
monitoring 22720
monitoring 22720
monitoring 22720
acl-fw 5600
acl-fw 5600
acl-fw 5600
lpm 19040
lpm 19040
monitoring 22880
monitoring 22880
monitoring 22880
lpm 19200
lpm 19200
monitoring 23040
monitoring 23040
monitoring 23040
acl-fw 5760
acl-fw 5760
acl-fw 5760
lpm 19360
lpm 19360
monitoring 23200
monitoring 23200
monitoring 23200
lpm 19520
lpm 19520
monitoring 23360
monitoring 23360
monitoring 23360
lpm 19680
lpm 19680
acl-fw 5920
acl-fw 5920
acl-fw 5920
monitoring 23520
monitoring 23520
monitoring 23520
lpm 19840
lpm 19840
monitoring 23680
monitoring 23680
monitoring 23680
lpm 20000
lpm 20000
acl-fw 6080
acl-fw 6080
acl-fw 6080
monitoring 23840
monitoring 23840
monitoring 23840
lpm 20160
lpm 20160
monitoring 24000
monitoring 24000
monitoring 24000
lpm 20320
lpm 20320
acl-fw 6240
acl-fw 6240
acl-fw 6240
monitoring 24160
monitoring 24160
monitoring 24160
lpm 20480
lpm 20480
monitoring 24320
monitoring 24320
monitoring 24320
lpm 20640
lpm 20640
monitoring 24480
monitoring 24480
monitoring 24480
acl-fw 6400
acl-fw 6400
acl-fw 6400
lpm 20800
lpm 20800
monitoring 24640
monitoring 24640
monitoring 24640
lpm 20960
lpm 20960
monitoring 24800
monitoring 24800
monitoring 24800
acl-fw 6560
acl-fw 6560
acl-fw 6560
lpm 21120
lpm 21120
monitoring 24960
monitoring 24960
monitoring 24960
lpm 21280
lpm 21280
monitoring 25120
monitoring 25120
monitoring 25120
lpm 21440
lpm 21440
acl-fw 6720
acl-fw 6720
acl-fw 6720
monitoring 25280
monitoring 25280
monitoring 25280
lpm 21600
lpm 21600
monitoring 25440
monitoring 25440
monitoring 25440
lpm 21760
lpm 21760
acl-fw 6880
acl-fw 6880
acl-fw 6880
monitoring 25600
monitoring 25600
monitoring 25600
lpm 21920
lpm 21920
monitoring 25760
monitoring 25760
monitoring 25760
lpm 22080
lpm 22080
acl-fw 7040
acl-fw 7040
acl-fw 7040
monitoring 25920
monitoring 25920
monitoring 25920
lpm 22240
lpm 22240
monitoring 26080
monitoring 26080
monitoring 26080
lpm 22400
lpm 22400
acl-fw 7200
acl-fw 7200
acl-fw 7200
monitoring 26240
monitoring 26240
monitoring 26240
lpm 22560
lpm 22560
monitoring 26400
monitoring 26400
monitoring 26400
lpm 22720
lpm 22720
acl-fw 7360
acl-fw 7360
acl-fw 7360
monitoring 26560
monitoring 26560
monitoring 26560
lpm 22880
lpm 22880
monitoring 26720
monitoring 26720
monitoring 26720
lpm 23040
lpm 23040
acl-fw 7520
acl-fw 7520
acl-fw 7520
lpm 23200
lpm 23200
monitoring 26880
monitoring 26880
monitoring 26880
lpm 23360
lpm 23360
monitoring 27040
monitoring 27040
monitoring 27040
lpm 23520
lpm 23520
monitoring 27200
monitoring 27200
monitoring 27200
acl-fw 7680
acl-fw 7680
acl-fw 7680
lpm 23680
lpm 23680
monitoring 27360
monitoring 27360
monitoring 27360
lpm 23840
lpm 23840
monitoring 27520
monitoring 27520
monitoring 27520
acl-fw 7840
acl-fw 7840
acl-fw 7840
lpm 24000
lpm 24000
monitoring 27680
monitoring 27680
monitoring 27680
lpm 24160
lpm 24160
monitoring 27840
monitoring 27840
monitoring 27840
acl-fw 8000
acl-fw 8000
acl-fw 8000
lpm 24320
lpm 24320
monitoring 28000
monitoring 28000
monitoring 28000
lpm 24480
lpm 24480
monitoring 28160
monitoring 28160
monitoring 28160
acl-fw 8160
acl-fw 8160
acl-fw 8160
lpm 24640
lpm 24640
monitoring 28320
monitoring 28320
monitoring 28320
lpm 24800
lpm 24800
monitoring 28480
monitoring 28480
monitoring 28480
acl-fw 8320
acl-fw 8320
acl-fw 8320
lpm 24960
lpm 24960
monitoring 28640
monitoring 28640
monitoring 28640
lpm 25120
lpm 25120
monitoring 28800
monitoring 28800
monitoring 28800
lpm 25280
lpm 25280
acl-fw 8480
acl-fw 8480
acl-fw 8480
monitoring 28960
monitoring 28960
monitoring 28960
lpm 25440
lpm 25440
monitoring 29120
monitoring 29120
monitoring 29120
lpm 25600
lpm 25600
acl-fw 8640
acl-fw 8640
acl-fw 8640
monitoring 29280
monitoring 29280
monitoring 29280
lpm 25760
lpm 25760
monitoring 29440
monitoring 29440
monitoring 29440
lpm 25920
lpm 25920
monitoring 29600
monitoring 29600
monitoring 29600
acl-fw 8800
acl-fw 8800
acl-fw 8800
lpm 26080
lpm 26080
monitoring 29760
monitoring 29760
monitoring 29760
lpm 26240
lpm 26240
monitoring 29920
monitoring 29920
monitoring 29920
acl-fw 8960
acl-fw 8960
acl-fw 8960
lpm 26400
lpm 26400
monitoring 30080
monitoring 30080
monitoring 30080
lpm 26560
lpm 26560
monitoring 30240
monitoring 30240
monitoring 30240
acl-fw 9120
acl-fw 9120
acl-fw 9120
lpm 26720
lpm 26720
monitoring 30400
monitoring 30400
monitoring 30400
lpm 26880
lpm 26880
monitoring 30560
monitoring 30560
monitoring 30560
lpm 27040
lpm 27040
acl-fw 9280
acl-fw 9280
acl-fw 9280
monitoring 30720
monitoring 30720
monitoring 30720
lpm 27200
lpm 27200
monitoring 30880
monitoring 30880
monitoring 30880
lpm 27360
lpm 27360
acl-fw 9440
acl-fw 9440
acl-fw 9440
monitoring 31040
monitoring 31040
monitoring 31040
lpm 27520
lpm 27520
monitoring 31200
monitoring 31200
monitoring 31200
lpm 27680
lpm 27680
acl-fw 9600
acl-fw 9600
acl-fw 9600
monitoring 31360
monitoring 31360
monitoring 31360
lpm 27840
lpm 27840
monitoring 31520
monitoring 31520
monitoring 31520
lpm 28000
lpm 28000
acl-fw 9760
acl-fw 9760
acl-fw 9760
monitoring 31680
monitoring 31680
monitoring 31680
lpm 28160
lpm 28160
monitoring 31840
monitoring 31840
monitoring 31840
lpm 28320
lpm 28320
monitoring 32000
monitoring 32000
monitoring 32000
acl-fw 9920
acl-fw 9920
acl-fw 9920
lpm 28480
lpm 28480
monitoring 32160
monitoring 32160
monitoring 32160
lpm 28640
lpm 28640
monitoring 32320
monitoring 32320
monitoring 32320
acl-fw 10080
acl-fw 10080
acl-fw 10080
lpm 28800
lpm 28800
monitoring 32480
monitoring 32480
monitoring 32480
lpm 28960
lpm 28960
monitoring 32640
monitoring 32640
monitoring 32640
lpm 29120
lpm 29120
acl-fw 10240
acl-fw 10240
acl-fw 10240
monitoring 32800
monitoring 32800
monitoring 32800
lpm 29280
lpm 29280
monitoring 32960
monitoring 32960
monitoring 32960
lpm 29440
lpm 29440
acl-fw 10400
acl-fw 10400
acl-fw 10400
monitoring 33120
monitoring 33120
monitoring 33120
lpm 29600
lpm 29600
monitoring 33280
monitoring 33280
monitoring 33280
lpm 29760
lpm 29760
acl-fw 10560
acl-fw 10560
acl-fw 10560
monitoring 33440
monitoring 33440
monitoring 33440
lpm 29920
lpm 29920
lpm 30080
lpm 30080
monitoring 33600
monitoring 33600
monitoring 33600
acl-fw 10720
acl-fw 10720
acl-fw 10720
lpm 30240
lpm 30240
monitoring 33760
monitoring 33760
monitoring 33760
lpm 30400
lpm 30400
monitoring 33920
monitoring 33920
monitoring 33920
acl-fw 10880
acl-fw 10880
acl-fw 10880
lpm 30560
lpm 30560
monitoring 34080
monitoring 34080
monitoring 34080
lpm 30720
lpm 30720
monitoring 34240
monitoring 34240
monitoring 34240
lpm 30880
lpm 30880
monitoring 34400
monitoring 34400
monitoring 34400
acl-fw 11040
acl-fw 11040
acl-fw 11040
lpm 31040
lpm 31040
monitoring 34560
monitoring 34560
monitoring 34560
lpm 31200
lpm 31200
monitoring 34720
monitoring 34720
monitoring 34720
acl-fw 11200
acl-fw 11200
acl-fw 11200
lpm 31360
lpm 31360
monitoring 34880
monitoring 34880
monitoring 34880
lpm 31520
lpm 31520
monitoring 35040
monitoring 35040
monitoring 35040
acl-fw 11360
acl-fw 11360
acl-fw 11360
lpm 31680
lpm 31680
monitoring 35200
monitoring 35200
monitoring 35200
lpm 31840
lpm 31840
monitoring 35360
monitoring 35360
monitoring 35360
acl-fw 11520
acl-fw 11520
acl-fw 11520
lpm 32000
lpm 32000
monitoring 35520
monitoring 35520
monitoring 35520
lpm 32160
lpm 32160
monitoring 35680
monitoring 35680
monitoring 35680
acl-fw 11680
acl-fw 11680
acl-fw 11680
lpm 32320
lpm 32320
monitoring 35840
monitoring 35840
monitoring 35840
lpm 32480
lpm 32480
monitoring 36000
monitoring 36000
monitoring 36000
lpm 32640
lpm 32640
acl-fw 11840
acl-fw 11840
acl-fw 11840
monitoring 36160
monitoring 36160
monitoring 36160
lpm 32800
lpm 32800
monitoring 36320
monitoring 36320
monitoring 36320
lpm 32960
lpm 32960
acl-fw 12000
acl-fw 12000
acl-fw 12000
monitoring 36480
monitoring 36480
monitoring 36480
lpm 33120
lpm 33120
monitoring 36640
monitoring 36640
monitoring 36640
lpm 33280
lpm 33280
acl-fw 12160
acl-fw 12160
acl-fw 12160
monitoring 36800
monitoring 36800
monitoring 36800
lpm 33440
lpm 33440
monitoring 36960
monitoring 36960
monitoring 36960
lpm 33600
lpm 33600
monitoring 37120
monitoring 37120
monitoring 37120
acl-fw 12320
acl-fw 12320
acl-fw 12320
lpm 33760
lpm 33760
monitoring 37280
monitoring 37280
monitoring 37280
lpm 33920
lpm 33920
monitoring 37440
monitoring 37440
monitoring 37440
acl-fw 12480
acl-fw 12480
acl-fw 12480
lpm 34080
lpm 34080
monitoring 37600
monitoring 37600
monitoring 37600
lpm 34240
lpm 34240
monitoring 37760
monitoring 37760
monitoring 37760
lpm 34400
lpm 34400
acl-fw 12640
acl-fw 12640
acl-fw 12640
monitoring 37920
monitoring 37920
monitoring 37920
lpm 34560
lpm 34560
monitoring 38080
monitoring 38080
monitoring 38080
lpm 34720
lpm 34720
acl-fw 12800
acl-fw 12800
acl-fw 12800
monitoring 38240
monitoring 38240
monitoring 38240
lpm 34880
lpm 34880
monitoring 38400
monitoring 38400
monitoring 38400
lpm 35040
lpm 35040
acl-fw 12960
acl-fw 12960
acl-fw 12960
monitoring 38560
monitoring 38560
monitoring 38560
lpm 35200
lpm 35200
monitoring 38720
monitoring 38720
monitoring 38720
lpm 35360
lpm 35360
acl-fw 13120
acl-fw 13120
acl-fw 13120
monitoring 38880
monitoring 38880
monitoring 38880
lpm 35520
lpm 35520
monitoring 39040
monitoring 39040
monitoring 39040
lpm 35680
lpm 35680
acl-fw 13280
acl-fw 13280
acl-fw 13280
monitoring 39200
monitoring 39200
monitoring 39200
lpm 35840
lpm 35840
monitoring 39360
monitoring 39360
monitoring 39360
lpm 36000
lpm 36000
monitoring 39520
monitoring 39520
monitoring 39520
acl-fw 13440
acl-fw 13440
acl-fw 13440
lpm 36160
lpm 36160
monitoring 39680
monitoring 39680
monitoring 39680
lpm 36320
lpm 36320
monitoring 39840
monitoring 39840
monitoring 39840
lpm 36480
lpm 36480
acl-fw 13600
acl-fw 13600
acl-fw 13600
monitoring 40000
monitoring 40000
monitoring 40000
lpm 36640
lpm 36640
monitoring 40160
monitoring 40160
monitoring 40160
lpm 36800
lpm 36800
acl-fw 13760
acl-fw 13760
acl-fw 13760
monitoring 40320
monitoring 40320
monitoring 40320
lpm 36960
lpm 36960
monitoring 40480
monitoring 40480
monitoring 40480
lpm 37120
lpm 37120
acl-fw 13920
acl-fw 13920
acl-fw 13920
monitoring 40640
monitoring 40640
monitoring 40640
lpm 37280
lpm 37280
lpm 37440
lpm 37440
monitoring 40800
monitoring 40800
monitoring 40800
acl-fw 14080
acl-fw 14080
acl-fw 14080
lpm 37600
lpm 37600
monitoring 40960
monitoring 40960
monitoring 40960
lpm 37760
lpm 37760
monitoring 41120
monitoring 41120
monitoring 41120
acl-fw 14240
acl-fw 14240
acl-fw 14240
lpm 37920
lpm 37920
monitoring 41280
monitoring 41280
monitoring 41280
lpm 38080
lpm 38080
monitoring 41440
monitoring 41440
monitoring 41440
lpm 38240
lpm 38240
acl-fw 14400
acl-fw 14400
acl-fw 14400
monitoring 41600
monitoring 41600
monitoring 41600
lpm 38400
lpm 38400
monitoring 41760
monitoring 41760
monitoring 41760
lpm 38560
lpm 38560
acl-fw 14560
acl-fw 14560
acl-fw 14560
monitoring 41920
monitoring 41920
monitoring 41920
lpm 38720
lpm 38720
monitoring 42080
monitoring 42080
monitoring 42080
lpm 38880
lpm 38880
monitoring 42240
monitoring 42240
monitoring 42240
acl-fw 14720
acl-fw 14720
acl-fw 14720
lpm 39040
lpm 39040
monitoring 42400
monitoring 42400
monitoring 42400
lpm 39200
lpm 39200
monitoring 42560
monitoring 42560
monitoring 42560
acl-fw 14880
acl-fw 14880
acl-fw 14880
lpm 39360
lpm 39360
monitoring 42720
monitoring 42720
monitoring 42720
lpm 39520
lpm 39520
monitoring 42880
monitoring 42880
monitoring 42880
acl-fw 15040
acl-fw 15040
acl-fw 15040
lpm 39680
lpm 39680
monitoring 43040
monitoring 43040
monitoring 43040
lpm 39840
lpm 39840
monitoring 43200
monitoring 43200
monitoring 43200
acl-fw 15200
acl-fw 15200
acl-fw 15200
lpm 40000
lpm 40000
monitoring 43360
monitoring 43360
monitoring 43360
lpm 40160
lpm 40160
monitoring 43520
monitoring 43520
monitoring 43520
lpm 40320
lpm 40320
acl-fw 15360
acl-fw 15360
acl-fw 15360
monitoring 43680
monitoring 43680
monitoring 43680
lpm 40480
lpm 40480
monitoring 43840
monitoring 43840
monitoring 43840
lpm 40640
lpm 40640
acl-fw 15520
acl-fw 15520
acl-fw 15520
monitoring 44000
monitoring 44000
monitoring 44000
lpm 40800
lpm 40800
monitoring 44160
monitoring 44160
monitoring 44160
lpm 40960
lpm 40960
monitoring 44320
monitoring 44320
monitoring 44320
acl-fw 15680
acl-fw 15680
acl-fw 15680
lpm 41120
lpm 41120
monitoring 44480
monitoring 44480
monitoring 44480
lpm 41280
lpm 41280
monitoring 44640
monitoring 44640
monitoring 44640
acl-fw 15840
acl-fw 15840
acl-fw 15840
lpm 41440
lpm 41440
monitoring 44800
monitoring 44800
monitoring 44800
lpm 41600
lpm 41600
monitoring 44960
monitoring 44960
monitoring 44960
acl-fw 16000
acl-fw 16000
acl-fw 16000
lpm 41760
lpm 41760
monitoring 45120
monitoring 45120
monitoring 45120
lpm 41920
lpm 41920
monitoring 45280
monitoring 45280
monitoring 45280
lpm 42080
lpm 42080
acl-fw 16160
acl-fw 16160
acl-fw 16160
monitoring 45440
monitoring 45440
monitoring 45440
lpm 42240
lpm 42240
monitoring 45600
monitoring 45600
monitoring 45600
lpm 42400
lpm 42400
acl-fw 16320
acl-fw 16320
acl-fw 16320
monitoring 45760
monitoring 45760
monitoring 45760
lpm 42560
lpm 42560
monitoring 45920
monitoring 45920
monitoring 45920
lpm 42720
lpm 42720
acl-fw 16480
acl-fw 16480
acl-fw 16480
monitoring 46080
monitoring 46080
monitoring 46080
lpm 42880
lpm 42880
monitoring 46240
monitoring 46240
monitoring 46240
lpm 43040
lpm 43040
acl-fw 16640
acl-fw 16640
acl-fw 16640
monitoring 46400
monitoring 46400
monitoring 46400
lpm 43200
lpm 43200
monitoring 46560
monitoring 46560
monitoring 46560
lpm 43360
lpm 43360
acl-fw 16800
acl-fw 16800
acl-fw 16800
monitoring 46720
monitoring 46720
monitoring 46720
lpm 43520
lpm 43520
monitoring 46880
monitoring 46880
monitoring 46880
lpm 43680
lpm 43680
lpm 43840
lpm 43840
monitoring 47040
monitoring 47040
monitoring 47040
acl-fw 16960
acl-fw 16960
acl-fw 16960
lpm 44000
lpm 44000
monitoring 47200
monitoring 47200
monitoring 47200
lpm 44160
lpm 44160
monitoring 47360
monitoring 47360
monitoring 47360
acl-fw 17120
acl-fw 17120
acl-fw 17120
lpm 44320
lpm 44320
monitoring 47520
monitoring 47520
monitoring 47520
lpm 44480
lpm 44480
monitoring 47680
monitoring 47680
monitoring 47680
acl-fw 17280
acl-fw 17280
acl-fw 17280
lpm 44640
lpm 44640
monitoring 47840
monitoring 47840
monitoring 47840
lpm 44800
lpm 44800
monitoring 48000
monitoring 48000
monitoring 48000
acl-fw 17440
acl-fw 17440
acl-fw 17440
lpm 44960
lpm 44960
monitoring 48160
monitoring 48160
monitoring 48160
lpm 45120
lpm 45120
monitoring 48320
monitoring 48320
monitoring 48320
acl-fw 17600
acl-fw 17600
acl-fw 17600
lpm 45280
lpm 45280
monitoring 48480
monitoring 48480
monitoring 48480
lpm 45440
lpm 45440
monitoring 48640
monitoring 48640
monitoring 48640
lpm 45600
lpm 45600
acl-fw 17760
acl-fw 17760
acl-fw 17760
monitoring 48800
monitoring 48800
monitoring 48800
lpm 45760
lpm 45760
monitoring 48960
monitoring 48960
monitoring 48960
lpm 45920
lpm 45920
acl-fw 17920
acl-fw 17920
acl-fw 17920
monitoring 49120
monitoring 49120
monitoring 49120
lpm 46080
lpm 46080
monitoring 49280
monitoring 49280
monitoring 49280
lpm 46240
lpm 46240
monitoring 49440
monitoring 49440
monitoring 49440
acl-fw 18080
acl-fw 18080
acl-fw 18080
lpm 46400
lpm 46400
monitoring 49600
monitoring 49600
monitoring 49600
lpm 46560
lpm 46560
monitoring 49760
monitoring 49760
monitoring 49760
acl-fw 18240
acl-fw 18240
acl-fw 18240
lpm 46720
lpm 46720
monitoring 49920
monitoring 49920
monitoring 49920
lpm 46880
lpm 46880
monitoring 50080
monitoring 50080
monitoring 50080
acl-fw 18400
acl-fw 18400
acl-fw 18400
lpm 47040
lpm 47040
monitoring 50240
monitoring 50240
monitoring 50240
lpm 47200
lpm 47200
monitoring 50400
monitoring 50400
monitoring 50400
acl-fw 18560
acl-fw 18560
acl-fw 18560
lpm 47360
lpm 47360
monitoring 50560
monitoring 50560
monitoring 50560
lpm 47520
lpm 47520
monitoring 50720
monitoring 50720
monitoring 50720
lpm 47680
lpm 47680
acl-fw 18720
acl-fw 18720
acl-fw 18720
monitoring 50880
monitoring 50880
monitoring 50880
lpm 47840
lpm 47840
monitoring 51040
monitoring 51040
monitoring 51040
lpm 48000
lpm 48000
acl-fw 18880
acl-fw 18880
acl-fw 18880
monitoring 51200
monitoring 51200
monitoring 51200
lpm 48160
lpm 48160
monitoring 51360
monitoring 51360
monitoring 51360
lpm 48320
lpm 48320
acl-fw 19040
acl-fw 19040
acl-fw 19040
monitoring 51520
monitoring 51520
monitoring 51520
lpm 48480
lpm 48480
monitoring 51680
monitoring 51680
monitoring 51680
lpm 48640
lpm 48640
acl-fw 19200
acl-fw 19200
acl-fw 19200
monitoring 51840
monitoring 51840
monitoring 51840
lpm 48800
lpm 48800
monitoring 52000
monitoring 52000
monitoring 52000
lpm 48960
lpm 48960
monitoring 52160
monitoring 52160
monitoring 52160
acl-fw 19360
acl-fw 19360
acl-fw 19360
lpm 49120
lpm 49120
monitoring 52320
monitoring 52320
monitoring 52320
lpm 49280
lpm 49280
monitoring 52480
monitoring 52480
monitoring 52480
lpm 49440
lpm 49440
acl-fw 19520
acl-fw 19520
acl-fw 19520
monitoring 52640
monitoring 52640
monitoring 52640
lpm 49600
lpm 49600
monitoring 52800
monitoring 52800
monitoring 52800
lpm 49760
lpm 49760
acl-fw 19680
acl-fw 19680
acl-fw 19680
monitoring 52960
monitoring 52960
monitoring 52960
lpm 49920
lpm 49920
monitoring 53120
monitoring 53120
monitoring 53120
lpm 50080
lpm 50080
acl-fw 19840
acl-fw 19840
acl-fw 19840
monitoring 53280
monitoring 53280
monitoring 53280
lpm 50240
lpm 50240
lpm 50400
lpm 50400
monitoring 53440
monitoring 53440
monitoring 53440
acl-fw 20000
acl-fw 20000
acl-fw 20000
lpm 50560
lpm 50560
monitoring 53600
monitoring 53600
monitoring 53600
lpm 50720
lpm 50720
monitoring 53760
monitoring 53760
monitoring 53760
acl-fw 20160
acl-fw 20160
acl-fw 20160
lpm 50880
lpm 50880
monitoring 53920
monitoring 53920
monitoring 53920
lpm 51040
lpm 51040
monitoring 54080
monitoring 54080
monitoring 54080
lpm 51200
lpm 51200
acl-fw 20320
acl-fw 20320
acl-fw 20320
monitoring 54240
monitoring 54240
monitoring 54240
lpm 51360
lpm 51360
monitoring 54400
monitoring 54400
monitoring 54400
lpm 51520
lpm 51520
monitoring 54560
monitoring 54560
monitoring 54560
acl-fw 20480
acl-fw 20480
acl-fw 20480
lpm 51680
lpm 51680
monitoring 54720
monitoring 54720
monitoring 54720
lpm 51840
lpm 51840
monitoring 54880
monitoring 54880
monitoring 54880
acl-fw 20640
acl-fw 20640
acl-fw 20640
lpm 52000
lpm 52000
monitoring 55040
monitoring 55040
monitoring 55040
lpm 52160
lpm 52160
monitoring 55200
monitoring 55200
monitoring 55200
acl-fw 20800
acl-fw 20800
acl-fw 20800
lpm 52320
lpm 52320
monitoring 55360
monitoring 55360
monitoring 55360
lpm 52480
lpm 52480
monitoring 55520
monitoring 55520
monitoring 55520
acl-fw 20960
acl-fw 20960
acl-fw 20960
lpm 52640
lpm 52640
monitoring 55680
monitoring 55680
monitoring 55680
lpm 52800
lpm 52800
monitoring 55840
monitoring 55840
monitoring 55840
acl-fw 21120
acl-fw 21120
acl-fw 21120
lpm 52960
lpm 52960
monitoring 56000
monitoring 56000
monitoring 56000
lpm 53120
lpm 53120
monitoring 56160
monitoring 56160
monitoring 56160
lpm 53280
lpm 53280
acl-fw 21280
acl-fw 21280
acl-fw 21280
monitoring 56320
monitoring 56320
monitoring 56320
lpm 53440
lpm 53440
monitoring 56480
monitoring 56480
monitoring 56480
lpm 53600
lpm 53600
acl-fw 21440
acl-fw 21440
acl-fw 21440
monitoring 56640
monitoring 56640
monitoring 56640
lpm 53760
lpm 53760
monitoring 56800
monitoring 56800
monitoring 56800
lpm 53920
lpm 53920
acl-fw 21600
acl-fw 21600
acl-fw 21600
monitoring 56960
monitoring 56960
monitoring 56960
lpm 54080
lpm 54080
monitoring 57120
monitoring 57120
monitoring 57120
lpm 54240
lpm 54240
monitoring 57280
monitoring 57280
monitoring 57280
acl-fw 21760
acl-fw 21760
acl-fw 21760
lpm 54400
lpm 54400
monitoring 57440
monitoring 57440
monitoring 57440
lpm 54560
lpm 54560
monitoring 57600
monitoring 57600
monitoring 57600
acl-fw 21920
acl-fw 21920
acl-fw 21920
lpm 54720
lpm 54720
monitoring 57760
monitoring 57760
monitoring 57760
lpm 54880
lpm 54880
monitoring 57920
monitoring 57920
monitoring 57920
lpm 55040
lpm 55040
acl-fw 22080
acl-fw 22080
acl-fw 22080
monitoring 58080
monitoring 58080
monitoring 58080
lpm 55200
lpm 55200
monitoring 58240
monitoring 58240
monitoring 58240
lpm 55360
lpm 55360
acl-fw 22240
acl-fw 22240
acl-fw 22240
monitoring 58400
monitoring 58400
monitoring 58400
lpm 55520
lpm 55520
monitoring 58560
monitoring 58560
monitoring 58560
lpm 55680
lpm 55680
acl-fw 22400
acl-fw 22400
acl-fw 22400
monitoring 58720
monitoring 58720
monitoring 58720
lpm 55840
lpm 55840
monitoring 58880
monitoring 58880
monitoring 58880
lpm 56000
lpm 56000
acl-fw 22560
acl-fw 22560
acl-fw 22560
monitoring 59040
monitoring 59040
monitoring 59040
lpm 56160
lpm 56160
monitoring 59200
monitoring 59200
monitoring 59200
lpm 56320
lpm 56320
acl-fw 22720
acl-fw 22720
acl-fw 22720
monitoring 59360
monitoring 59360
monitoring 59360
lpm 56480
lpm 56480
monitoring 59520
monitoring 59520
monitoring 59520
lpm 56640
lpm 56640
monitoring 59680
monitoring 59680
monitoring 59680
lpm 56800
lpm 56800
acl-fw 22880
acl-fw 22880
acl-fw 22880
monitoring 59840
monitoring 59840
monitoring 59840
lpm 56960
lpm 56960
monitoring 60000
monitoring 60000
monitoring 60000
lpm 57120
lpm 57120
acl-fw 23040
acl-fw 23040
acl-fw 23040
lpm 57280
lpm 57280
monitoring 60160
monitoring 60160
monitoring 60160
lpm 57440
lpm 57440
monitoring 60320
monitoring 60320
monitoring 60320
acl-fw 23200
acl-fw 23200
acl-fw 23200
lpm 57600
lpm 57600
monitoring 60480
monitoring 60480
monitoring 60480
lpm 57760
lpm 57760
monitoring 60640
monitoring 60640
monitoring 60640
acl-fw 23360
acl-fw 23360
acl-fw 23360
lpm 57920
lpm 57920
monitoring 60800
monitoring 60800
monitoring 60800
lpm 58080
lpm 58080
monitoring 60960
monitoring 60960
monitoring 60960
acl-fw 23520
acl-fw 23520
acl-fw 23520
lpm 58240
lpm 58240
monitoring 61120
monitoring 61120
monitoring 61120
lpm 58400
lpm 58400
monitoring 61280
monitoring 61280
monitoring 61280
acl-fw 23680
acl-fw 23680
acl-fw 23680
lpm 58560
lpm 58560
monitoring 61440
monitoring 61440
monitoring 61440
lpm 58720
lpm 58720
monitoring 61600
monitoring 61600
monitoring 61600
lpm 58880
lpm 58880
acl-fw 23840
acl-fw 23840
acl-fw 23840
monitoring 61760
monitoring 61760
monitoring 61760
lpm 59040
lpm 59040
monitoring 61920
monitoring 61920
monitoring 61920
lpm 59200
lpm 59200
monitoring 62080
monitoring 62080
monitoring 62080
acl-fw 24000
acl-fw 24000
acl-fw 24000
lpm 59360
lpm 59360
monitoring 62240
monitoring 62240
monitoring 62240
lpm 59520
lpm 59520
monitoring 62400
monitoring 62400
monitoring 62400
acl-fw 24160
acl-fw 24160
acl-fw 24160
lpm 59680
lpm 59680
monitoring 62560
monitoring 62560
monitoring 62560
lpm 59840
lpm 59840
monitoring 62720
monitoring 62720
monitoring 62720
acl-fw 24320
acl-fw 24320
acl-fw 24320
lpm 60000
lpm 60000
monitoring 62880
monitoring 62880
monitoring 62880
lpm 60160
lpm 60160
monitoring 63040
monitoring 63040
monitoring 63040
acl-fw 24480
acl-fw 24480
acl-fw 24480
lpm 60320
lpm 60320
monitoring 63200
monitoring 63200
monitoring 63200
lpm 60480
lpm 60480
monitoring 63360
monitoring 63360
monitoring 63360
lpm 60640
lpm 60640
acl-fw 24640
acl-fw 24640
acl-fw 24640
monitoring 63520
monitoring 63520
monitoring 63520
lpm 60800
lpm 60800
monitoring 63680
monitoring 63680
monitoring 63680
lpm 60960
lpm 60960
acl-fw 24800
acl-fw 24800
acl-fw 24800
monitoring 63840
monitoring 63840
monitoring 63840
lpm 61120
lpm 61120
monitoring 64000
monitoring 64000
monitoring 64000
lpm 61280
lpm 61280
acl-fw 24960
acl-fw 24960
acl-fw 24960
monitoring 64160
monitoring 64160
monitoring 64160
lpm 61440
lpm 61440
monitoring 64320
monitoring 64320
monitoring 64320
lpm 61600
lpm 61600
monitoring 64480
monitoring 64480
monitoring 64480
acl-fw 25120
acl-fw 25120
acl-fw 25120
lpm 61760
lpm 61760
monitoring 64640
monitoring 64640
monitoring 64640
lpm 61920
lpm 61920
monitoring 64800
monitoring 64800
monitoring 64800
acl-fw 25280
acl-fw 25280
acl-fw 25280
lpm 62080
lpm 62080
monitoring 64960
monitoring 64960
monitoring 64960
lpm 62240
lpm 62240
monitoring 65120
monitoring 65120
monitoring 65120
lpm 62400
lpm 62400
acl-fw 25440
acl-fw 25440
acl-fw 25440
monitoring 65280
monitoring 65280
monitoring 65280
lpm 62560
lpm 62560
monitoring 65440
monitoring 65440
monitoring 65440
lpm 62720
lpm 62720
acl-fw 25600
acl-fw 25600
acl-fw 25600
monitoring 65600
monitoring 65600
monitoring 65600
lpm 62880
lpm 62880
monitoring 65760
monitoring 65760
monitoring 65760
lpm 63040
lpm 63040
acl-fw 25760
acl-fw 25760
acl-fw 25760
monitoring 65920
monitoring 65920
monitoring 65920
lpm 63200
lpm 63200
monitoring 66080
monitoring 66080
monitoring 66080
lpm 63360
lpm 63360
acl-fw 25920
acl-fw 25920
acl-fw 25920
monitoring 66240
monitoring 66240
monitoring 66240
lpm 63520
lpm 63520
monitoring 66400
monitoring 66400
monitoring 66400
lpm 63680
lpm 63680
acl-fw 26080
acl-fw 26080
acl-fw 26080
monitoring 66560
monitoring 66560
monitoring 66560
lpm 63840
lpm 63840
monitoring 66720
monitoring 66720
monitoring 66720
lpm 64000
lpm 64000
acl-fw 26240
acl-fw 26240
acl-fw 26240
monitoring 66880
monitoring 66880
monitoring 66880
lpm 64160
lpm 64160
lpm 64320
lpm 64320
monitoring 67040
monitoring 67040
monitoring 67040
lpm 64480
lpm 64480
monitoring 67200
monitoring 67200
monitoring 67200
acl-fw 26400
acl-fw 26400
acl-fw 26400
lpm 64640
lpm 64640
monitoring 67360
monitoring 67360
monitoring 67360
lpm 64800
lpm 64800
monitoring 67520
monitoring 67520
monitoring 67520
acl-fw 26560
acl-fw 26560
acl-fw 26560
lpm 64960
lpm 64960
monitoring 67680
monitoring 67680
monitoring 67680
lpm 65120
lpm 65120
monitoring 67840
monitoring 67840
monitoring 67840
acl-fw 26720
acl-fw 26720
acl-fw 26720
lpm 65280
lpm 65280
monitoring 68000
monitoring 68000
monitoring 68000
lpm 65440
lpm 65440
monitoring 68160
monitoring 68160
monitoring 68160
acl-fw 26880
acl-fw 26880
acl-fw 26880
lpm 65600
lpm 65600
monitoring 68320
monitoring 68320
monitoring 68320
lpm 65760
lpm 65760
monitoring 68480
monitoring 68480
monitoring 68480
acl-fw 27040
acl-fw 27040
acl-fw 27040
lpm 65920
lpm 65920
monitoring 68640
monitoring 68640
monitoring 68640
lpm 66080
lpm 66080
monitoring 68800
monitoring 68800
monitoring 68800
lpm 66240
lpm 66240
acl-fw 27200
acl-fw 27200
acl-fw 27200
monitoring 68960
monitoring 68960
monitoring 68960
lpm 66400
lpm 66400
monitoring 69120
monitoring 69120
monitoring 69120
lpm 66560
lpm 66560
acl-fw 27360
acl-fw 27360
acl-fw 27360
monitoring 69280
monitoring 69280
monitoring 69280
lpm 66720
lpm 66720
monitoring 69440
monitoring 69440
monitoring 69440
lpm 66880
lpm 66880
monitoring 69600
monitoring 69600
monitoring 69600
acl-fw 27520
acl-fw 27520
acl-fw 27520
lpm 67040
lpm 67040
monitoring 69760
monitoring 69760
monitoring 69760
lpm 67200
lpm 67200
monitoring 69920
monitoring 69920
monitoring 69920
acl-fw 27680
acl-fw 27680
acl-fw 27680
lpm 67360
lpm 67360
monitoring 70080
monitoring 70080
monitoring 70080
lpm 67520
lpm 67520
monitoring 70240
monitoring 70240
monitoring 70240
acl-fw 27840
acl-fw 27840
acl-fw 27840
lpm 67680
lpm 67680
monitoring 70400
monitoring 70400
monitoring 70400
lpm 67840
lpm 67840
monitoring 70560
monitoring 70560
monitoring 70560
lpm 68000
lpm 68000
acl-fw 28000
acl-fw 28000
acl-fw 28000
monitoring 70720
monitoring 70720
monitoring 70720
lpm 68160
lpm 68160
monitoring 70880
monitoring 70880
monitoring 70880
lpm 68320
lpm 68320
acl-fw 28160
acl-fw 28160
acl-fw 28160
monitoring 71040
monitoring 71040
monitoring 71040
lpm 68480
lpm 68480
monitoring 71200
monitoring 71200
monitoring 71200
lpm 68640
lpm 68640
acl-fw 28320
acl-fw 28320
acl-fw 28320
monitoring 71360
monitoring 71360
monitoring 71360
lpm 68800
lpm 68800
monitoring 71520
monitoring 71520
monitoring 71520
lpm 68960
lpm 68960
acl-fw 28480
acl-fw 28480
acl-fw 28480
monitoring 71680
monitoring 71680
monitoring 71680
lpm 69120
lpm 69120
monitoring 71840
monitoring 71840
monitoring 71840
lpm 69280
lpm 69280
monitoring 72000
monitoring 72000
monitoring 72000
acl-fw 28640
acl-fw 28640
acl-fw 28640
lpm 69440
lpm 69440
monitoring 72160
monitoring 72160
monitoring 72160
lpm 69600
lpm 69600
monitoring 72320
monitoring 72320
monitoring 72320
acl-fw 28800
acl-fw 28800
acl-fw 28800
lpm 69760
lpm 69760
monitoring 72480
monitoring 72480
monitoring 72480
lpm 69920
lpm 69920
monitoring 72640
monitoring 72640
monitoring 72640
lpm 70080
lpm 70080
acl-fw 28960
acl-fw 28960
acl-fw 28960
monitoring 72800
monitoring 72800
monitoring 72800
lpm 70240
lpm 70240
monitoring 72960
monitoring 72960
monitoring 72960
lpm 70400
lpm 70400
acl-fw 29120
acl-fw 29120
acl-fw 29120
monitoring 73120
monitoring 73120
monitoring 73120
lpm 70560
lpm 70560
a thread in cpu7 reached the max instruction count @ 512609202888
a thread in cpu5 reached the max instruction count @ 512609202888
a thread in cpu3 reached the max instruction count @ 512609202888
monitoring 73280
monitoring 73280
monitoring 73280
lpm 70720
lpm 70720
acl-fw 29280
acl-fw 29280
acl-fw 29280
monitoring 73440
monitoring 73440
monitoring 73440
lpm 70880
lpm 70880
monitoring 73600
monitoring 73600
monitoring 73600
lpm 71040
lpm 71040
acl-fw 29440
acl-fw 29440
acl-fw 29440
lpm 71200
lpm 71200
monitoring 73760
monitoring 73760
monitoring 73760
lpm 71360
lpm 71360
monitoring 73920
monitoring 73920
monitoring 73920
acl-fw 29600
acl-fw 29600
acl-fw 29600
lpm 71520
lpm 71520
monitoring 74080
monitoring 74080
monitoring 74080
lpm 71680
lpm 71680
monitoring 74240
monitoring 74240
monitoring 74240
lpm 71840
lpm 71840
acl-fw 29760
acl-fw 29760
acl-fw 29760
monitoring 74400
monitoring 74400
monitoring 74400
lpm 72000
lpm 72000
monitoring 74560
monitoring 74560
monitoring 74560
lpm 72160
lpm 72160
monitoring 74720
monitoring 74720
monitoring 74720
acl-fw 29920
acl-fw 29920
acl-fw 29920
lpm 72320
lpm 72320
monitoring 74880
monitoring 74880
monitoring 74880
lpm 72480
lpm 72480
monitoring 75040
monitoring 75040
monitoring 75040
acl-fw 30080
acl-fw 30080
acl-fw 30080
lpm 72640
lpm 72640
monitoring 75200
monitoring 75200
monitoring 75200
lpm 72800
lpm 72800
monitoring 75360
monitoring 75360
monitoring 75360
acl-fw 30240
acl-fw 30240
acl-fw 30240
a thread in cpu4 reached the max instruction count @ 526186984764
a thread in cpu0 reached the max instruction count @ 526186984764
Switched CPUS @ tick 526186984764
Changing memory mode to timing
switching cpus
**** REAL SIMULATION ****
info: Entering event queue @ 526186984764.  Starting simulation...
lpm 72960
lpm 72960
monitoring 75520
monitoring 75520
monitoring 75520
lpm 73120
lpm 73120
monitoring 75680
monitoring 75680
monitoring 75680
acl-fw 30400
acl-fw 30400
acl-fw 30400
lpm 73280
lpm 73280
monitoring 75840
monitoring 75840
monitoring 75840
lpm 73440
lpm 73440
monitoring 76000
monitoring 76000
monitoring 76000
lpm 73600
lpm 73600
acl-fw 30560
acl-fw 30560
acl-fw 30560
monitoring 76160
monitoring 76160
monitoring 76160
lpm 73760
lpm 73760
monitoring 76320
monitoring 76320
monitoring 76320
lpm 73920
lpm 73920
acl-fw 30720
acl-fw 30720
acl-fw 30720
monitoring 76480
monitoring 76480
monitoring 76480
lpm 74080
lpm 74080
monitoring 76640
monitoring 76640
monitoring 76640
lpm 74240
lpm 74240
acl-fw 30880
acl-fw 30880
acl-fw 30880
lpm 74400
lpm 74400
monitoring 76800
monitoring 76800
monitoring 76800
lpm 74560
lpm 74560
monitoring 76960
monitoring 76960
monitoring 76960
acl-fw 31040
acl-fw 31040
acl-fw 31040
lpm 74720
lpm 74720
monitoring 77120
monitoring 77120
monitoring 77120
lpm 74880
lpm 74880
monitoring 77280
monitoring 77280
monitoring 77280
acl-fw 31200
acl-fw 31200
acl-fw 31200
lpm 75040
lpm 75040
monitoring 77440
monitoring 77440
monitoring 77440
lpm 75200
lpm 75200
monitoring 77600
monitoring 77600
monitoring 77600
lpm 75360
lpm 75360
acl-fw 31360
acl-fw 31360
acl-fw 31360
monitoring 77760
monitoring 77760
monitoring 77760
lpm 75520
lpm 75520
monitoring 77920
monitoring 77920
monitoring 77920
lpm 75680
lpm 75680
acl-fw 31520
acl-fw 31520
acl-fw 31520
monitoring 78080
monitoring 78080
monitoring 78080
lpm 75840
lpm 75840
monitoring 78240
monitoring 78240
monitoring 78240
lpm 76000
lpm 76000
acl-fw 31680
acl-fw 31680
acl-fw 31680
monitoring 78400
lpm 76160
lpm 76160
monitoring 78400
monitoring 78400
lpm 76320
lpm 76320
monitoring 78560
monitoring 78560
monitoring 78560
acl-fw 31840
acl-fw 31840
acl-fw 31840
lpm 76480
lpm 76480
monitoring 78720
monitoring 78720
monitoring 78720
lpm 76640
lpm 76640
monitoring 78880
monitoring 78880
monitoring 78880
acl-fw 32000
acl-fw 32000
acl-fw 32000
lpm 76800
lpm 76800
monitoring 79040
monitoring 79040
monitoring 79040
lpm 76960
lpm 76960
monitoring 79200
monitoring 79200
monitoring 79200
lpm 77120
lpm 77120
acl-fw 32160
acl-fw 32160
acl-fw 32160
monitoring 79360
monitoring 79360
monitoring 79360
lpm 77280
lpm 77280
monitoring 79520
monitoring 79520
monitoring 79520
lpm 77440
lpm 77440
acl-fw 32320
acl-fw 32320
acl-fw 32320
monitoring 79680
monitoring 79680
monitoring 79680
lpm 77600
lpm 77600
monitoring 79840
monitoring 79840
monitoring 79840
lpm 77760
lpm 77760
acl-fw 32480
acl-fw 32480
acl-fw 32480
monitoring 80000
monitoring 80000
lpm 77920
lpm 77920
monitoring 80000
lpm 78080
lpm 78080
monitoring 80160
monitoring 80160
monitoring 80160
acl-fw 32640
acl-fw 32640
acl-fw 32640
lpm 78240
lpm 78240
monitoring 80320
monitoring 80320
monitoring 80320
lpm 78400
lpm 78400
monitoring 80480
monitoring 80480
monitoring 80480
acl-fw 32800
acl-fw 32800
acl-fw 32800
lpm 78560
lpm 78560
monitoring 80640
monitoring 80640
monitoring 80640
lpm 78720
lpm 78720
monitoring 80800
monitoring 80800
monitoring 80800
lpm 78880
lpm 78880
acl-fw 32960
acl-fw 32960
acl-fw 32960
monitoring 80960
monitoring 80960
monitoring 80960
lpm 79040
lpm 79040
monitoring 81120
monitoring 81120
monitoring 81120
lpm 79200
lpm 79200
acl-fw 33120
acl-fw 33120
acl-fw 33120
monitoring 81280
monitoring 81280
monitoring 81280
lpm 79360
lpm 79360
monitoring 81440
monitoring 81440
monitoring 81440
lpm 79520
lpm 79520
acl-fw 33280
acl-fw 33280
acl-fw 33280
lpm 79680
lpm 79680
monitoring 81600
monitoring 81600
monitoring 81600
lpm 79840
lpm 79840
monitoring 81760
monitoring 81760
monitoring 81760
acl-fw 33440
acl-fw 33440
acl-fw 33440
lpm 80000
lpm 80000
monitoring 81920
monitoring 81920
monitoring 81920
lpm 80160
lpm 80160
monitoring 82080
monitoring 82080
monitoring 82080
acl-fw 33600
acl-fw 33600
acl-fw 33600
lpm 80320
lpm 80320
monitoring 82240
monitoring 82240
monitoring 82240
lpm 80480
lpm 80480
monitoring 82400
monitoring 82400
monitoring 82400
lpm 80640
lpm 80640
acl-fw 33760
acl-fw 33760
acl-fw 33760
monitoring 82560
monitoring 82560
monitoring 82560
lpm 80800
lpm 80800
monitoring 82720
monitoring 82720
monitoring 82720
lpm 80960
lpm 80960
acl-fw 33920
acl-fw 33920
acl-fw 33920
monitoring 82880
monitoring 82880
monitoring 82880
a thread in cpu7 reached the max instruction count @ 624576413805
lpm 81120
lpm 81120
a thread in cpu5 reached the max instruction count @ 624669515727
a thread in cpu3 reached the max instruction count @ 624710073981
monitoring 83040
monitoring 83040
monitoring 83040
lpm 81280
lpm 81280
acl-fw 34080
acl-fw 34080
acl-fw 34080
monitoring 83200
lpm 81440
lpm 81440
monitoring 83200
monitoring 83200
Exiting @ tick 628734351663 because a thread in cpu0 reached the max instruction count
