gem5 Simulator System.  http://gem5.org
gem5 is copyrighted software; use the --copyright option for details.

gem5 compiled Feb  9 2024 22:54:06
gem5 started Feb 12 2024 20:39:33
gem5 executing on node-0.yangzhou-190841.lambda-mpi-pg0.clemson.cloudlab.us
command line: build/ARM/gem5.fast --remote-gdb-port=0 --outdir=/users/yangzhou/GEM5_DRAMSim2/sgx_nic/m5out/detailed_acl-fw.monitoring.maglev.monitoring.maglev.monitoring.lpm.monitoring_4MB_none --stats-file=detailed_acl-fw.monitoring.maglev.monitoring.maglev.monitoring.lpm.monitoring_4MB_none_stats.txt configs/dramsim2/dramsim2_se.py --cpu-type=detailed --clock=2.4GHz --cacheline_size=128 --caches --l2cache --l2config=shared --l2_size=4MB --l2_assoc=16 --dramsim2 --tpturnlength=6 --devicecfg=./ext/DRAMSim2/ini/DDR3_micron_16M_8B_x8_sg15.ini --systemcfg=./ext/DRAMSim2/system_none.ini --outputfile=/dev/null --fast-forward=1000000000 --maxinsts=100000000 --maxtick=2000000000000 --numpids=8 --p0=/users/yangzhou/NFShield/acl-fw --p1=/users/yangzhou/NFShield/monitoring --p2=/users/yangzhou/NFShield/maglev --p3=/users/yangzhou/NFShield/monitoring --p4=/users/yangzhou/NFShield/maglev --p5=/users/yangzhou/NFShield/monitoring --p6=/users/yangzhou/NFShield/lpm --p7=/users/yangzhou/NFShield/monitoring
Global frequency set at 1000000000000 ticks per second
device file: ./ext/DRAMSim2/ini/DDR3_micron_16M_8B_x8_sg15.ini
system file: ./ext/DRAMSim2/system_none.ini
output file: /dev/null
DEBUGSTR My tpTurnLength is 6
genTrace is 0
finish initializing memory controller
CPU Clock = 2398MHz
DRAM Clock = 1600MHz
Memory Capacity = 65536MB
Switch at instruction count:1000000000
info: Entering event queue @ 0.  Starting simulation...
info: Increasing stack size by one page.
info: Increasing stack size by one page.
info: Increasing stack size by one page.
info: Increasing stack size by one page.
info: Increasing stack size by one page.
info: Increasing stack size by one page.
info: Increasing stack size by one page.
info: Increasing stack size by one page.
value_t size: 1B
value_t size: 4B
value_t size: 4B
value_t size: 4B
value_t size: 4B
memory size: 4.386990MB
memory size: 10.063114MB
memory size: 10.063114MB
memory size: 10.063114MB
memory size: 10.063114MB
value_t size: 1B
memory size: 4.386990MB
trying to open file /users/yangzhou/NFShield/data/ictf2010_100kflow.dat
trying to open file /users/yangzhou/NFShield/data/ictf2010_100kflow.dat
trying to open file /users/yangzhou/NFShield/data/ictf2010_100kflow.dat
trying to open file /users/yangzhou/NFShield/data/ictf2010_100kflow.dat
opening succeeds
opening succeeds
opening succeeds
opening succeeds
trying to open file /users/yangzhou/NFShield/data/ictf2010_100kflow.dat
opening succeeds
trying to open file /users/yangzhou/NFShield/data/ictf2010_100kflow.dat
trying to open file /users/yangzhou/NFShield/data/ictf2010_100kflow.dat
opening succeeds
opening succeeds
trying to open file /users/yangzhou/NFShield/data/ictf2010_100kflow.dat
opening succeeds
Reading pkt trace done!
Reading pkt trace done!
Reading pkt trace done!
Reading pkt trace done!
average pkt size = 607.274170
average pkt size = 607.274170
average pkt size = 607.274170
average pkt size = 607.274170
monitoring 160
monitoring 160
monitoring 160
monitoring 160
monitoring 320
monitoring 320
monitoring 320
monitoring 320
Reading pkt trace done!
average pkt size = 607.274170
monitoring 480
monitoring 480
monitoring 480
monitoring 480
monitoring 640
monitoring 640
monitoring 640
monitoring 640
monitoring 800
monitoring 800
monitoring 800
monitoring 800
monitoring 960
monitoring 960
monitoring 960
monitoring 960
monitoring 1120
monitoring 1120
monitoring 1120
monitoring 1120
monitoring 1280
monitoring 1280
monitoring 1280
monitoring 1280
Reading pkt trace done!
Reading pkt trace done!
average pkt size = 607.274170
average pkt size = 607.274170
monitoring 1440
monitoring 1440
monitoring 1440
monitoring 1440
maglev 160
maglev 160
monitoring 1600
monitoring 1600
monitoring 1600
monitoring 1600
maglev 320
maglev 320
monitoring 1760
monitoring 1760
monitoring 1760
monitoring 1760
maglev 480
maglev 480
monitoring 1920
monitoring 1920
monitoring 1920
monitoring 1920
maglev 640
maglev 640
monitoring 2080
monitoring 2080
monitoring 2080
monitoring 2080
maglev 800
maglev 800
monitoring 2240
monitoring 2240
monitoring 2240
monitoring 2240
maglev 960
maglev 960
monitoring 2400
monitoring 2400
monitoring 2400
monitoring 2400
maglev 1120
maglev 1120
monitoring 2560
monitoring 2560
monitoring 2560
monitoring 2560
maglev 1280
maglev 1280
monitoring 2720
monitoring 2720
monitoring 2720
monitoring 2720
maglev 1440
maglev 1440
monitoring 2880
monitoring 2880
monitoring 2880
monitoring 2880
maglev 1600
maglev 1600
monitoring 3040
monitoring 3040
monitoring 3040
monitoring 3040
maglev 1760
maglev 1760
monitoring 3200
monitoring 3200
monitoring 3200
monitoring 3200
maglev 1920
maglev 1920
monitoring 3360
monitoring 3360
monitoring 3360
monitoring 3360
maglev 2080
maglev 2080
monitoring 3520
monitoring 3520
monitoring 3520
monitoring 3520
maglev 2240
maglev 2240
monitoring 3680
monitoring 3680
monitoring 3680
monitoring 3680
maglev 2400
maglev 2400
monitoring 3840
monitoring 3840
monitoring 3840
monitoring 3840
maglev 2560
maglev 2560
monitoring 4000
monitoring 4000
monitoring 4000
monitoring 4000
maglev 2720
maglev 2720
monitoring 4160
monitoring 4160
monitoring 4160
monitoring 4160
maglev 2880
maglev 2880
Reading pkt trace done!
average pkt size = 607.274170
maglev 3040
maglev 3040
monitoring 4320
monitoring 4320
monitoring 4320
monitoring 4320
lpm 160
maglev 3200
maglev 3200
monitoring 4480
monitoring 4480
monitoring 4480
monitoring 4480
lpm 320
maglev 3360
maglev 3360
monitoring 4640
monitoring 4640
monitoring 4640
monitoring 4640
lpm 480
maglev 3520
maglev 3520
monitoring 4800
monitoring 4800
monitoring 4800
monitoring 4800
lpm 640
maglev 3680
maglev 3680
monitoring 4960
monitoring 4960
monitoring 4960
monitoring 4960
lpm 800
maglev 3840
maglev 3840
monitoring 5120
monitoring 5120
monitoring 5120
monitoring 5120
lpm 960
maglev 4000
maglev 4000
monitoring 5280
monitoring 5280
monitoring 5280
monitoring 5280
lpm 1120
maglev 4160
maglev 4160
monitoring 5440
monitoring 5440
monitoring 5440
monitoring 5440
lpm 1280
maglev 4320
maglev 4320
monitoring 5600
monitoring 5600
monitoring 5600
monitoring 5600
lpm 1440
maglev 4480
maglev 4480
monitoring 5760
monitoring 5760
monitoring 5760
monitoring 5760
lpm 1600
maglev 4640
maglev 4640
monitoring 5920
monitoring 5920
monitoring 5920
monitoring 5920
lpm 1760
maglev 4800
maglev 4800
monitoring 6080
monitoring 6080
monitoring 6080
monitoring 6080
lpm 1920
maglev 4960
maglev 4960
monitoring 6240
monitoring 6240
monitoring 6240
monitoring 6240
lpm 2080
maglev 5120
maglev 5120
monitoring 6400
monitoring 6400
monitoring 6400
monitoring 6400
lpm 2240
maglev 5280
maglev 5280
monitoring 6560
monitoring 6560
monitoring 6560
monitoring 6560
lpm 2400
maglev 5440
maglev 5440
monitoring 6720
monitoring 6720
monitoring 6720
monitoring 6720
lpm 2560
maglev 5600
maglev 5600
monitoring 6880
monitoring 6880
monitoring 6880
monitoring 6880
lpm 2720
maglev 5760
maglev 5760
monitoring 7040
monitoring 7040
monitoring 7040
monitoring 7040
lpm 2880
maglev 5920
maglev 5920
monitoring 7200
monitoring 7200
monitoring 7200
monitoring 7200
lpm 3040
maglev 6080
maglev 6080
monitoring 7360
monitoring 7360
monitoring 7360
monitoring 7360
lpm 3200
maglev 6240
maglev 6240
monitoring 7520
monitoring 7520
monitoring 7520
monitoring 7520
lpm 3360
maglev 6400
maglev 6400
monitoring 7680
monitoring 7680
monitoring 7680
monitoring 7680
lpm 3520
maglev 6560
maglev 6560
monitoring 7840
monitoring 7840
monitoring 7840
monitoring 7840
lpm 3680
maglev 6720
maglev 6720
lpm 3840
monitoring 8000
monitoring 8000
monitoring 8000
monitoring 8000
maglev 6880
maglev 6880
lpm 4000
monitoring 8160
monitoring 8160
monitoring 8160
monitoring 8160
maglev 7040
maglev 7040
lpm 4160
monitoring 8320
monitoring 8320
monitoring 8320
monitoring 8320
maglev 7200
maglev 7200
lpm 4320
monitoring 8480
monitoring 8480
monitoring 8480
monitoring 8480
maglev 7360
maglev 7360
lpm 4480
monitoring 8640
monitoring 8640
monitoring 8640
monitoring 8640
maglev 7520
maglev 7520
lpm 4640
monitoring 8800
monitoring 8800
monitoring 8800
monitoring 8800
maglev 7680
maglev 7680
lpm 4800
monitoring 8960
monitoring 8960
monitoring 8960
monitoring 8960
maglev 7840
maglev 7840
lpm 4960
monitoring 9120
monitoring 9120
monitoring 9120
monitoring 9120
maglev 8000
maglev 8000
lpm 5120
monitoring 9280
monitoring 9280
monitoring 9280
monitoring 9280
maglev 8160
maglev 8160
lpm 5280
monitoring 9440
monitoring 9440
monitoring 9440
monitoring 9440
maglev 8320
maglev 8320
lpm 5440
monitoring 9600
monitoring 9600
monitoring 9600
monitoring 9600
maglev 8480
maglev 8480
lpm 5600
monitoring 9760
monitoring 9760
monitoring 9760
monitoring 9760
maglev 8640
maglev 8640
lpm 5760
monitoring 9920
monitoring 9920
monitoring 9920
monitoring 9920
maglev 8800
maglev 8800
lpm 5920
monitoring 10080
monitoring 10080
monitoring 10080
monitoring 10080
maglev 8960
maglev 8960
lpm 6080
monitoring 10240
monitoring 10240
monitoring 10240
monitoring 10240
maglev 9120
maglev 9120
lpm 6240
monitoring 10400
monitoring 10400
monitoring 10400
monitoring 10400
maglev 9280
maglev 9280
lpm 6400
monitoring 10560
monitoring 10560
monitoring 10560
monitoring 10560
maglev 9440
maglev 9440
lpm 6560
monitoring 10720
monitoring 10720
monitoring 10720
monitoring 10720
maglev 9600
maglev 9600
lpm 6720
recover done
acl-fw 0
monitoring 10880
monitoring 10880
monitoring 10880
monitoring 10880
maglev 9760
maglev 9760
lpm 6880
monitoring 11040
monitoring 11040
monitoring 11040
monitoring 11040
maglev 9920
maglev 9920
lpm 7040
acl-fw 160
monitoring 11200
monitoring 11200
monitoring 11200
monitoring 11200
maglev 10080
maglev 10080
lpm 7200
monitoring 11360
monitoring 11360
monitoring 11360
monitoring 11360
maglev 10240
maglev 10240
lpm 7360
acl-fw 320
monitoring 11520
monitoring 11520
monitoring 11520
monitoring 11520
maglev 10400
maglev 10400
lpm 7520
monitoring 11680
monitoring 11680
monitoring 11680
monitoring 11680
maglev 10560
maglev 10560
lpm 7680
monitoring 11840
monitoring 11840
monitoring 11840
monitoring 11840
acl-fw 480
maglev 10720
maglev 10720
lpm 7840
monitoring 12000
monitoring 12000
monitoring 12000
monitoring 12000
maglev 10880
maglev 10880
lpm 8000
monitoring 12160
monitoring 12160
monitoring 12160
monitoring 12160
acl-fw 640
maglev 11040
maglev 11040
lpm 8160
monitoring 12320
monitoring 12320
monitoring 12320
monitoring 12320
lpm 8320
maglev 11200
maglev 11200
monitoring 12480
monitoring 12480
monitoring 12480
monitoring 12480
lpm 8480
maglev 11360
maglev 11360
acl-fw 800
monitoring 12640
monitoring 12640
monitoring 12640
monitoring 12640
lpm 8640
maglev 11520
maglev 11520
monitoring 12800
monitoring 12800
monitoring 12800
monitoring 12800
lpm 8800
maglev 11680
maglev 11680
acl-fw 960
monitoring 12960
monitoring 12960
monitoring 12960
monitoring 12960
lpm 8960
maglev 11840
maglev 11840
monitoring 13120
monitoring 13120
monitoring 13120
monitoring 13120
lpm 9120
maglev 12000
maglev 12000
acl-fw 1120
monitoring 13280
monitoring 13280
monitoring 13280
monitoring 13280
lpm 9280
maglev 12160
maglev 12160
monitoring 13440
monitoring 13440
monitoring 13440
monitoring 13440
lpm 9440
maglev 12320
maglev 12320
acl-fw 1280
monitoring 13600
monitoring 13600
monitoring 13600
monitoring 13600
lpm 9600
maglev 12480
maglev 12480
monitoring 13760
monitoring 13760
monitoring 13760
monitoring 13760
lpm 9760
maglev 12640
maglev 12640
acl-fw 1440
monitoring 13920
monitoring 13920
monitoring 13920
monitoring 13920
lpm 9920
maglev 12800
maglev 12800
lpm 10080
monitoring 14080
monitoring 14080
monitoring 14080
monitoring 14080
maglev 12960
maglev 12960
acl-fw 1600
lpm 10240
monitoring 14240
monitoring 14240
monitoring 14240
monitoring 14240
maglev 13120
maglev 13120
lpm 10400
monitoring 14400
monitoring 14400
monitoring 14400
monitoring 14400
maglev 13280
maglev 13280
lpm 10560
monitoring 14560
monitoring 14560
monitoring 14560
monitoring 14560
maglev 13440
maglev 13440
acl-fw 1760
lpm 10720
monitoring 14720
monitoring 14720
monitoring 14720
monitoring 14720
maglev 13600
maglev 13600
lpm 10880
monitoring 14880
monitoring 14880
monitoring 14880
monitoring 14880
maglev 13760
maglev 13760
acl-fw 1920
lpm 11040
monitoring 15040
monitoring 15040
monitoring 15040
monitoring 15040
maglev 13920
maglev 13920
lpm 11200
maglev 14080
maglev 14080
monitoring 15200
monitoring 15200
monitoring 15200
monitoring 15200
acl-fw 2080
lpm 11360
maglev 14240
maglev 14240
monitoring 15360
monitoring 15360
monitoring 15360
monitoring 15360
lpm 11520
maglev 14400
maglev 14400
monitoring 15520
monitoring 15520
monitoring 15520
monitoring 15520
acl-fw 2240
lpm 11680
maglev 14560
maglev 14560
monitoring 15680
monitoring 15680
monitoring 15680
monitoring 15680
lpm 11840
maglev 14720
maglev 14720
monitoring 15840
monitoring 15840
monitoring 15840
monitoring 15840
lpm 12000
acl-fw 2400
maglev 14880
maglev 14880
monitoring 16000
monitoring 16000
monitoring 16000
monitoring 16000
lpm 12160
maglev 15040
maglev 15040
monitoring 16160
monitoring 16160
monitoring 16160
monitoring 16160
lpm 12320
acl-fw 2560
maglev 15200
maglev 15200
monitoring 16320
monitoring 16320
monitoring 16320
monitoring 16320
lpm 12480
maglev 15360
maglev 15360
monitoring 16480
monitoring 16480
monitoring 16480
monitoring 16480
lpm 12640
maglev 15520
maglev 15520
acl-fw 2720
monitoring 16640
monitoring 16640
monitoring 16640
monitoring 16640
lpm 12800
maglev 15680
maglev 15680
monitoring 16800
monitoring 16800
monitoring 16800
monitoring 16800
lpm 12960
maglev 15840
maglev 15840
monitoring 16960
monitoring 16960
monitoring 16960
monitoring 16960
acl-fw 2880
lpm 13120
maglev 16000
maglev 16000
monitoring 17120
monitoring 17120
monitoring 17120
monitoring 17120
lpm 13280
maglev 16160
maglev 16160
monitoring 17280
monitoring 17280
monitoring 17280
monitoring 17280
acl-fw 3040
lpm 13440
maglev 16320
maglev 16320
monitoring 17440
monitoring 17440
monitoring 17440
monitoring 17440
lpm 13600
maglev 16480
maglev 16480
monitoring 17600
monitoring 17600
monitoring 17600
monitoring 17600
acl-fw 3200
lpm 13760
maglev 16640
maglev 16640
monitoring 17760
monitoring 17760
monitoring 17760
monitoring 17760
lpm 13920
maglev 16800
maglev 16800
monitoring 17920
monitoring 17920
monitoring 17920
monitoring 17920
lpm 14080
acl-fw 3360
maglev 16960
maglev 16960
monitoring 18080
monitoring 18080
monitoring 18080
monitoring 18080
lpm 14240
maglev 17120
maglev 17120
monitoring 18240
monitoring 18240
monitoring 18240
monitoring 18240
lpm 14400
acl-fw 3520
maglev 17280
maglev 17280
monitoring 18400
monitoring 18400
monitoring 18400
monitoring 18400
lpm 14560
maglev 17440
maglev 17440
monitoring 18560
monitoring 18560
monitoring 18560
monitoring 18560
lpm 14720
maglev 17600
maglev 17600
acl-fw 3680
monitoring 18720
monitoring 18720
monitoring 18720
monitoring 18720
lpm 14880
maglev 17760
maglev 17760
monitoring 18880
monitoring 18880
monitoring 18880
monitoring 18880
lpm 15040
maglev 17920
maglev 17920
acl-fw 3840
monitoring 19040
monitoring 19040
monitoring 19040
monitoring 19040
lpm 15200
maglev 18080
maglev 18080
monitoring 19200
monitoring 19200
monitoring 19200
monitoring 19200
lpm 15360
maglev 18240
maglev 18240
acl-fw 4000
monitoring 19360
monitoring 19360
monitoring 19360
monitoring 19360
lpm 15520
maglev 18400
maglev 18400
monitoring 19520
monitoring 19520
monitoring 19520
monitoring 19520
lpm 15680
maglev 18560
maglev 18560
monitoring 19680
monitoring 19680
monitoring 19680
monitoring 19680
lpm 15840
acl-fw 4160
maglev 18720
maglev 18720
monitoring 19840
monitoring 19840
monitoring 19840
monitoring 19840
lpm 16000
maglev 18880
maglev 18880
monitoring 20000
monitoring 20000
monitoring 20000
monitoring 20000
lpm 16160
acl-fw 4320
maglev 19040
maglev 19040
lpm 16320
monitoring 20160
monitoring 20160
monitoring 20160
monitoring 20160
maglev 19200
maglev 19200
lpm 16480
monitoring 20320
monitoring 20320
monitoring 20320
monitoring 20320
acl-fw 4480
maglev 19360
maglev 19360
lpm 16640
monitoring 20480
monitoring 20480
monitoring 20480
monitoring 20480
maglev 19520
maglev 19520
lpm 16800
monitoring 20640
monitoring 20640
monitoring 20640
monitoring 20640
maglev 19680
maglev 19680
acl-fw 4640
lpm 16960
monitoring 20800
monitoring 20800
monitoring 20800
monitoring 20800
maglev 19840
maglev 19840
lpm 17120
monitoring 20960
monitoring 20960
monitoring 20960
monitoring 20960
maglev 20000
maglev 20000
acl-fw 4800
lpm 17280
monitoring 21120
monitoring 21120
monitoring 21120
monitoring 21120
maglev 20160
maglev 20160
lpm 17440
monitoring 21280
monitoring 21280
monitoring 21280
monitoring 21280
maglev 20320
maglev 20320
acl-fw 4960
lpm 17600
monitoring 21440
monitoring 21440
monitoring 21440
monitoring 21440
maglev 20480
maglev 20480
lpm 17760
monitoring 21600
monitoring 21600
monitoring 21600
monitoring 21600
maglev 20640
maglev 20640
lpm 17920
acl-fw 5120
monitoring 21760
monitoring 21760
monitoring 21760
monitoring 21760
maglev 20800
maglev 20800
lpm 18080
monitoring 21920
monitoring 21920
monitoring 21920
monitoring 21920
maglev 20960
maglev 20960
lpm 18240
monitoring 22080
monitoring 22080
monitoring 22080
monitoring 22080
acl-fw 5280
maglev 21120
maglev 21120
lpm 18400
monitoring 22240
monitoring 22240
monitoring 22240
monitoring 22240
maglev 21280
maglev 21280
lpm 18560
monitoring 22400
monitoring 22400
monitoring 22400
monitoring 22400
acl-fw 5440
maglev 21440
maglev 21440
lpm 18720
monitoring 22560
monitoring 22560
monitoring 22560
monitoring 22560
maglev 21600
maglev 21600
lpm 18880
monitoring 22720
monitoring 22720
monitoring 22720
monitoring 22720
maglev 21760
maglev 21760
acl-fw 5600
lpm 19040
monitoring 22880
monitoring 22880
monitoring 22880
monitoring 22880
maglev 21920
maglev 21920
lpm 19200
monitoring 23040
monitoring 23040
monitoring 23040
monitoring 23040
maglev 22080
maglev 22080
acl-fw 5760
lpm 19360
monitoring 23200
monitoring 23200
monitoring 23200
monitoring 23200
maglev 22240
maglev 22240
lpm 19520
monitoring 23360
monitoring 23360
monitoring 23360
monitoring 23360
maglev 22400
maglev 22400
lpm 19680
acl-fw 5920
monitoring 23520
monitoring 23520
monitoring 23520
monitoring 23520
maglev 22560
maglev 22560
lpm 19840
monitoring 23680
monitoring 23680
monitoring 23680
monitoring 23680
maglev 22720
maglev 22720
lpm 20000
acl-fw 6080
monitoring 23840
monitoring 23840
monitoring 23840
monitoring 23840
maglev 22880
maglev 22880
lpm 20160
monitoring 24000
monitoring 24000
monitoring 24000
monitoring 24000
maglev 23040
maglev 23040
lpm 20320
acl-fw 6240
monitoring 24160
monitoring 24160
monitoring 24160
monitoring 24160
maglev 23200
maglev 23200
lpm 20480
monitoring 24320
monitoring 24320
monitoring 24320
monitoring 24320
maglev 23360
maglev 23360
lpm 20640
monitoring 24480
monitoring 24480
monitoring 24480
monitoring 24480
acl-fw 6400
maglev 23520
maglev 23520
lpm 20800
monitoring 24640
monitoring 24640
monitoring 24640
monitoring 24640
maglev 23680
maglev 23680
lpm 20960
monitoring 24800
monitoring 24800
monitoring 24800
monitoring 24800
maglev 23840
maglev 23840
acl-fw 6560
lpm 21120
monitoring 24960
monitoring 24960
monitoring 24960
monitoring 24960
maglev 24000
maglev 24000
lpm 21280
monitoring 25120
monitoring 25120
monitoring 25120
monitoring 25120
maglev 24160
maglev 24160
lpm 21440
acl-fw 6720
monitoring 25280
monitoring 25280
monitoring 25280
monitoring 25280
maglev 24320
maglev 24320
lpm 21600
monitoring 25440
monitoring 25440
monitoring 25440
monitoring 25440
maglev 24480
maglev 24480
lpm 21760
acl-fw 6880
monitoring 25600
monitoring 25600
monitoring 25600
monitoring 25600
maglev 24640
maglev 24640
lpm 21920
monitoring 25760
monitoring 25760
monitoring 25760
monitoring 25760
maglev 24800
maglev 24800
lpm 22080
acl-fw 7040
monitoring 25920
monitoring 25920
monitoring 25920
monitoring 25920
maglev 24960
maglev 24960
lpm 22240
monitoring 26080
monitoring 26080
monitoring 26080
monitoring 26080
maglev 25120
maglev 25120
lpm 22400
acl-fw 7200
maglev 25280
maglev 25280
monitoring 26240
monitoring 26240
monitoring 26240
monitoring 26240
lpm 22560
maglev 25440
maglev 25440
monitoring 26400
monitoring 26400
monitoring 26400
monitoring 26400
lpm 22720
acl-fw 7360
maglev 25600
maglev 25600
monitoring 26560
monitoring 26560
monitoring 26560
monitoring 26560
lpm 22880
maglev 25760
maglev 25760
monitoring 26720
monitoring 26720
monitoring 26720
monitoring 26720
lpm 23040
maglev 25920
maglev 25920
acl-fw 7520
lpm 23200
monitoring 26880
monitoring 26880
monitoring 26880
monitoring 26880
maglev 26080
maglev 26080
lpm 23360
monitoring 27040
monitoring 27040
monitoring 27040
monitoring 27040
maglev 26240
maglev 26240
lpm 23520
monitoring 27200
monitoring 27200
monitoring 27200
monitoring 27200
acl-fw 7680
maglev 26400
maglev 26400
lpm 23680
monitoring 27360
monitoring 27360
monitoring 27360
monitoring 27360
maglev 26560
maglev 26560
lpm 23840
monitoring 27520
monitoring 27520
monitoring 27520
monitoring 27520
acl-fw 7840
maglev 26720
maglev 26720
lpm 24000
monitoring 27680
monitoring 27680
monitoring 27680
monitoring 27680
lpm 24160
maglev 26880
maglev 26880
monitoring 27840
monitoring 27840
monitoring 27840
monitoring 27840
acl-fw 8000
lpm 24320
maglev 27040
maglev 27040
monitoring 28000
monitoring 28000
monitoring 28000
monitoring 28000
lpm 24480
maglev 27200
maglev 27200
monitoring 28160
monitoring 28160
monitoring 28160
monitoring 28160
acl-fw 8160
lpm 24640
maglev 27360
maglev 27360
monitoring 28320
monitoring 28320
monitoring 28320
monitoring 28320
lpm 24800
maglev 27520
maglev 27520
monitoring 28480
monitoring 28480
monitoring 28480
monitoring 28480
acl-fw 8320
lpm 24960
maglev 27680
maglev 27680
monitoring 28640
monitoring 28640
monitoring 28640
monitoring 28640
lpm 25120
maglev 27840
maglev 27840
monitoring 28800
monitoring 28800
monitoring 28800
monitoring 28800
lpm 25280
maglev 28000
maglev 28000
acl-fw 8480
monitoring 28960
monitoring 28960
monitoring 28960
monitoring 28960
lpm 25440
maglev 28160
maglev 28160
monitoring 29120
monitoring 29120
monitoring 29120
monitoring 29120
lpm 25600
maglev 28320
maglev 28320
acl-fw 8640
monitoring 29280
monitoring 29280
monitoring 29280
monitoring 29280
lpm 25760
maglev 28480
maglev 28480
monitoring 29440
monitoring 29440
monitoring 29440
monitoring 29440
lpm 25920
maglev 28640
maglev 28640
monitoring 29600
monitoring 29600
monitoring 29600
monitoring 29600
acl-fw 8800
lpm 26080
maglev 28800
maglev 28800
monitoring 29760
monitoring 29760
monitoring 29760
monitoring 29760
lpm 26240
maglev 28960
maglev 28960
monitoring 29920
monitoring 29920
monitoring 29920
monitoring 29920
acl-fw 8960
lpm 26400
maglev 29120
maglev 29120
monitoring 30080
monitoring 30080
monitoring 30080
monitoring 30080
lpm 26560
maglev 29280
maglev 29280
monitoring 30240
monitoring 30240
monitoring 30240
monitoring 30240
acl-fw 9120
lpm 26720
maglev 29440
maglev 29440
monitoring 30400
monitoring 30400
monitoring 30400
monitoring 30400
lpm 26880
maglev 29600
maglev 29600
monitoring 30560
monitoring 30560
monitoring 30560
monitoring 30560
lpm 27040
acl-fw 9280
maglev 29760
maglev 29760
monitoring 30720
monitoring 30720
monitoring 30720
monitoring 30720
lpm 27200
maglev 29920
maglev 29920
monitoring 30880
monitoring 30880
monitoring 30880
monitoring 30880
lpm 27360
maglev 30080
maglev 30080
acl-fw 9440
monitoring 31040
monitoring 31040
monitoring 31040
monitoring 31040
lpm 27520
maglev 30240
maglev 30240
monitoring 31200
monitoring 31200
monitoring 31200
monitoring 31200
lpm 27680
maglev 30400
maglev 30400
acl-fw 9600
monitoring 31360
monitoring 31360
monitoring 31360
monitoring 31360
lpm 27840
maglev 30560
maglev 30560
monitoring 31520
monitoring 31520
monitoring 31520
monitoring 31520
lpm 28000
maglev 30720
maglev 30720
acl-fw 9760
monitoring 31680
monitoring 31680
monitoring 31680
monitoring 31680
lpm 28160
maglev 30880
maglev 30880
monitoring 31840
monitoring 31840
monitoring 31840
monitoring 31840
lpm 28320
maglev 31040
maglev 31040
monitoring 32000
monitoring 32000
monitoring 32000
monitoring 32000
acl-fw 9920
lpm 28480
maglev 31200
maglev 31200
monitoring 32160
monitoring 32160
monitoring 32160
monitoring 32160
lpm 28640
maglev 31360
maglev 31360
monitoring 32320
monitoring 32320
monitoring 32320
monitoring 32320
acl-fw 10080
lpm 28800
maglev 31520
maglev 31520
monitoring 32480
monitoring 32480
monitoring 32480
monitoring 32480
lpm 28960
maglev 31680
maglev 31680
monitoring 32640
monitoring 32640
monitoring 32640
monitoring 32640
lpm 29120
acl-fw 10240
maglev 31840
maglev 31840
monitoring 32800
monitoring 32800
monitoring 32800
monitoring 32800
lpm 29280
maglev 32000
maglev 32000
monitoring 32960
monitoring 32960
monitoring 32960
monitoring 32960
lpm 29440
maglev 32160
maglev 32160
acl-fw 10400
monitoring 33120
monitoring 33120
monitoring 33120
monitoring 33120
lpm 29600
maglev 32320
maglev 32320
monitoring 33280
monitoring 33280
monitoring 33280
monitoring 33280
lpm 29760
maglev 32480
maglev 32480
acl-fw 10560
monitoring 33440
monitoring 33440
monitoring 33440
monitoring 33440
lpm 29920
maglev 32640
maglev 32640
lpm 30080
monitoring 33600
monitoring 33600
monitoring 33600
monitoring 33600
maglev 32800
maglev 32800
acl-fw 10720
lpm 30240
monitoring 33760
monitoring 33760
monitoring 33760
monitoring 33760
maglev 32960
maglev 32960
lpm 30400
monitoring 33920
monitoring 33920
monitoring 33920
monitoring 33920
maglev 33120
maglev 33120
acl-fw 10880
lpm 30560
monitoring 34080
monitoring 34080
monitoring 34080
monitoring 34080
maglev 33280
maglev 33280
lpm 30720
monitoring 34240
monitoring 34240
monitoring 34240
monitoring 34240
maglev 33440
maglev 33440
lpm 30880
monitoring 34400
monitoring 34400
monitoring 34400
monitoring 34400
acl-fw 11040
maglev 33600
maglev 33600
lpm 31040
monitoring 34560
monitoring 34560
monitoring 34560
monitoring 34560
maglev 33760
maglev 33760
lpm 31200
monitoring 34720
monitoring 34720
monitoring 34720
monitoring 34720
acl-fw 11200
maglev 33920
maglev 33920
lpm 31360
monitoring 34880
monitoring 34880
monitoring 34880
monitoring 34880
maglev 34080
maglev 34080
lpm 31520
monitoring 35040
monitoring 35040
monitoring 35040
monitoring 35040
maglev 34240
maglev 34240
acl-fw 11360
lpm 31680
monitoring 35200
monitoring 35200
monitoring 35200
monitoring 35200
maglev 34400
maglev 34400
lpm 31840
monitoring 35360
monitoring 35360
monitoring 35360
monitoring 35360
maglev 34560
maglev 34560
acl-fw 11520
lpm 32000
monitoring 35520
monitoring 35520
monitoring 35520
monitoring 35520
maglev 34720
maglev 34720
lpm 32160
monitoring 35680
monitoring 35680
monitoring 35680
monitoring 35680
maglev 34880
maglev 34880
acl-fw 11680
lpm 32320
monitoring 35840
monitoring 35840
monitoring 35840
monitoring 35840
maglev 35040
maglev 35040
lpm 32480
monitoring 36000
monitoring 36000
monitoring 36000
monitoring 36000
maglev 35200
maglev 35200
lpm 32640
acl-fw 11840
monitoring 36160
monitoring 36160
monitoring 36160
monitoring 36160
maglev 35360
maglev 35360
lpm 32800
monitoring 36320
monitoring 36320
monitoring 36320
monitoring 36320
maglev 35520
maglev 35520
lpm 32960
acl-fw 12000
monitoring 36480
monitoring 36480
monitoring 36480
monitoring 36480
maglev 35680
maglev 35680
lpm 33120
monitoring 36640
monitoring 36640
monitoring 36640
monitoring 36640
maglev 35840
maglev 35840
lpm 33280
acl-fw 12160
monitoring 36800
monitoring 36800
monitoring 36800
monitoring 36800
maglev 36000
maglev 36000
lpm 33440
monitoring 36960
monitoring 36960
monitoring 36960
monitoring 36960
maglev 36160
maglev 36160
lpm 33600
monitoring 37120
monitoring 37120
monitoring 37120
monitoring 37120
maglev 36320
maglev 36320
acl-fw 12320
lpm 33760
monitoring 37280
monitoring 37280
monitoring 37280
monitoring 37280
maglev 36480
maglev 36480
lpm 33920
monitoring 37440
monitoring 37440
monitoring 37440
monitoring 37440
maglev 36640
maglev 36640
acl-fw 12480
lpm 34080
maglev 36800
maglev 36800
monitoring 37600
monitoring 37600
monitoring 37600
monitoring 37600
lpm 34240
maglev 36960
maglev 36960
monitoring 37760
monitoring 37760
monitoring 37760
monitoring 37760
lpm 34400
acl-fw 12640
maglev 37120
maglev 37120
monitoring 37920
monitoring 37920
monitoring 37920
monitoring 37920
lpm 34560
maglev 37280
maglev 37280
monitoring 38080
monitoring 38080
monitoring 38080
monitoring 38080
lpm 34720
acl-fw 12800
maglev 37440
maglev 37440
monitoring 38240
monitoring 38240
monitoring 38240
monitoring 38240
lpm 34880
maglev 37600
maglev 37600
monitoring 38400
monitoring 38400
monitoring 38400
monitoring 38400
lpm 35040
acl-fw 12960
maglev 37760
maglev 37760
monitoring 38560
monitoring 38560
monitoring 38560
monitoring 38560
lpm 35200
maglev 37920
maglev 37920
monitoring 38720
monitoring 38720
monitoring 38720
monitoring 38720
lpm 35360
acl-fw 13120
maglev 38080
maglev 38080
monitoring 38880
monitoring 38880
monitoring 38880
monitoring 38880
lpm 35520
maglev 38240
maglev 38240
monitoring 39040
monitoring 39040
monitoring 39040
monitoring 39040
lpm 35680
maglev 38400
maglev 38400
acl-fw 13280
monitoring 39200
monitoring 39200
monitoring 39200
monitoring 39200
lpm 35840
maglev 38560
maglev 38560
monitoring 39360
monitoring 39360
monitoring 39360
monitoring 39360
lpm 36000
maglev 38720
maglev 38720
monitoring 39520
monitoring 39520
monitoring 39520
monitoring 39520
acl-fw 13440
lpm 36160
maglev 38880
maglev 38880
monitoring 39680
monitoring 39680
monitoring 39680
monitoring 39680
lpm 36320
maglev 39040
maglev 39040
monitoring 39840
monitoring 39840
monitoring 39840
monitoring 39840
lpm 36480
acl-fw 13600
maglev 39200
maglev 39200
monitoring 40000
monitoring 40000
monitoring 40000
monitoring 40000
lpm 36640
maglev 39360
maglev 39360
monitoring 40160
monitoring 40160
monitoring 40160
monitoring 40160
lpm 36800
acl-fw 13760
maglev 39520
maglev 39520
monitoring 40320
monitoring 40320
monitoring 40320
monitoring 40320
lpm 36960
maglev 39680
maglev 39680
monitoring 40480
monitoring 40480
monitoring 40480
monitoring 40480
lpm 37120
acl-fw 13920
maglev 39840
maglev 39840
monitoring 40640
monitoring 40640
monitoring 40640
monitoring 40640
lpm 37280
maglev 40000
maglev 40000
lpm 37440
monitoring 40800
monitoring 40800
monitoring 40800
monitoring 40800
acl-fw 14080
maglev 40160
maglev 40160
lpm 37600
monitoring 40960
monitoring 40960
monitoring 40960
monitoring 40960
maglev 40320
maglev 40320
lpm 37760
monitoring 41120
monitoring 41120
monitoring 41120
monitoring 41120
maglev 40480
maglev 40480
acl-fw 14240
lpm 37920
monitoring 41280
monitoring 41280
monitoring 41280
monitoring 41280
maglev 40640
maglev 40640
lpm 38080
monitoring 41440
monitoring 41440
monitoring 41440
monitoring 41440
maglev 40800
maglev 40800
lpm 38240
acl-fw 14400
monitoring 41600
monitoring 41600
monitoring 41600
monitoring 41600
maglev 40960
maglev 40960
lpm 38400
monitoring 41760
monitoring 41760
monitoring 41760
monitoring 41760
maglev 41120
maglev 41120
lpm 38560
acl-fw 14560
monitoring 41920
monitoring 41920
monitoring 41920
monitoring 41920
maglev 41280
maglev 41280
lpm 38720
monitoring 42080
monitoring 42080
monitoring 42080
monitoring 42080
maglev 41440
maglev 41440
lpm 38880
monitoring 42240
monitoring 42240
monitoring 42240
monitoring 42240
acl-fw 14720
maglev 41600
maglev 41600
lpm 39040
monitoring 42400
monitoring 42400
monitoring 42400
monitoring 42400
maglev 41760
maglev 41760
lpm 39200
monitoring 42560
monitoring 42560
monitoring 42560
monitoring 42560
acl-fw 14880
maglev 41920
maglev 41920
lpm 39360
monitoring 42720
monitoring 42720
monitoring 42720
monitoring 42720
maglev 42080
maglev 42080
lpm 39520
monitoring 42880
monitoring 42880
monitoring 42880
monitoring 42880
acl-fw 15040
maglev 42240
maglev 42240
lpm 39680
monitoring 43040
monitoring 43040
monitoring 43040
monitoring 43040
maglev 42400
maglev 42400
lpm 39840
monitoring 43200
monitoring 43200
monitoring 43200
monitoring 43200
maglev 42560
maglev 42560
acl-fw 15200
lpm 40000
monitoring 43360
monitoring 43360
monitoring 43360
monitoring 43360
maglev 42720
maglev 42720
lpm 40160
monitoring 43520
monitoring 43520
monitoring 43520
monitoring 43520
maglev 42880
maglev 42880
lpm 40320
acl-fw 15360
monitoring 43680
monitoring 43680
monitoring 43680
monitoring 43680
maglev 43040
maglev 43040
lpm 40480
monitoring 43840
monitoring 43840
monitoring 43840
monitoring 43840
maglev 43200
maglev 43200
lpm 40640
acl-fw 15520
monitoring 44000
monitoring 44000
monitoring 44000
monitoring 44000
maglev 43360
maglev 43360
lpm 40800
monitoring 44160
monitoring 44160
monitoring 44160
monitoring 44160
maglev 43520
maglev 43520
lpm 40960
monitoring 44320
monitoring 44320
monitoring 44320
monitoring 44320
acl-fw 15680
lpm 41120
maglev 43680
maglev 43680
monitoring 44480
monitoring 44480
monitoring 44480
monitoring 44480
lpm 41280
maglev 43840
maglev 43840
monitoring 44640
monitoring 44640
monitoring 44640
monitoring 44640
acl-fw 15840
lpm 41440
maglev 44000
maglev 44000
monitoring 44800
monitoring 44800
monitoring 44800
monitoring 44800
lpm 41600
maglev 44160
maglev 44160
monitoring 44960
monitoring 44960
monitoring 44960
monitoring 44960
acl-fw 16000
lpm 41760
maglev 44320
maglev 44320
monitoring 45120
monitoring 45120
monitoring 45120
monitoring 45120
lpm 41920
maglev 44480
maglev 44480
monitoring 45280
monitoring 45280
monitoring 45280
monitoring 45280
lpm 42080
maglev 44640
maglev 44640
acl-fw 16160
monitoring 45440
monitoring 45440
monitoring 45440
monitoring 45440
lpm 42240
maglev 44800
maglev 44800
monitoring 45600
monitoring 45600
monitoring 45600
monitoring 45600
lpm 42400
maglev 44960
maglev 44960
acl-fw 16320
monitoring 45760
monitoring 45760
monitoring 45760
monitoring 45760
lpm 42560
maglev 45120
maglev 45120
monitoring 45920
monitoring 45920
monitoring 45920
monitoring 45920
lpm 42720
maglev 45280
maglev 45280
acl-fw 16480
monitoring 46080
monitoring 46080
monitoring 46080
monitoring 46080
lpm 42880
maglev 45440
maglev 45440
monitoring 46240
monitoring 46240
monitoring 46240
monitoring 46240
lpm 43040
maglev 45600
maglev 45600
acl-fw 16640
monitoring 46400
monitoring 46400
monitoring 46400
monitoring 46400
lpm 43200
maglev 45760
maglev 45760
monitoring 46560
monitoring 46560
monitoring 46560
monitoring 46560
lpm 43360
maglev 45920
maglev 45920
acl-fw 16800
monitoring 46720
monitoring 46720
monitoring 46720
monitoring 46720
lpm 43520
maglev 46080
maglev 46080
monitoring 46880
monitoring 46880
monitoring 46880
monitoring 46880
lpm 43680
maglev 46240
maglev 46240
lpm 43840
monitoring 47040
monitoring 47040
monitoring 47040
monitoring 47040
acl-fw 16960
maglev 46400
maglev 46400
lpm 44000
monitoring 47200
monitoring 47200
monitoring 47200
monitoring 47200
maglev 46560
maglev 46560
lpm 44160
monitoring 47360
monitoring 47360
monitoring 47360
monitoring 47360
maglev 46720
maglev 46720
acl-fw 17120
lpm 44320
monitoring 47520
monitoring 47520
monitoring 47520
monitoring 47520
maglev 46880
maglev 46880
lpm 44480
monitoring 47680
monitoring 47680
monitoring 47680
monitoring 47680
maglev 47040
maglev 47040
acl-fw 17280
lpm 44640
monitoring 47840
monitoring 47840
monitoring 47840
monitoring 47840
maglev 47200
maglev 47200
lpm 44800
monitoring 48000
monitoring 48000
monitoring 48000
monitoring 48000
maglev 47360
maglev 47360
acl-fw 17440
lpm 44960
monitoring 48160
monitoring 48160
monitoring 48160
monitoring 48160
maglev 47520
maglev 47520
lpm 45120
monitoring 48320
monitoring 48320
monitoring 48320
monitoring 48320
maglev 47680
maglev 47680
acl-fw 17600
lpm 45280
monitoring 48480
monitoring 48480
monitoring 48480
monitoring 48480
maglev 47840
maglev 47840
lpm 45440
monitoring 48640
monitoring 48640
monitoring 48640
monitoring 48640
maglev 48000
maglev 48000
lpm 45600
acl-fw 17760
monitoring 48800
monitoring 48800
monitoring 48800
monitoring 48800
maglev 48160
maglev 48160
lpm 45760
maglev 48320
maglev 48320
monitoring 48960
monitoring 48960
monitoring 48960
monitoring 48960
lpm 45920
acl-fw 17920
maglev 48480
maglev 48480
monitoring 49120
monitoring 49120
monitoring 49120
monitoring 49120
lpm 46080
maglev 48640
maglev 48640
monitoring 49280
monitoring 49280
monitoring 49280
monitoring 49280
lpm 46240
maglev 48800
maglev 48800
monitoring 49440
monitoring 49440
monitoring 49440
monitoring 49440
acl-fw 18080
lpm 46400
maglev 48960
maglev 48960
monitoring 49600
monitoring 49600
monitoring 49600
monitoring 49600
lpm 46560
maglev 49120
maglev 49120
monitoring 49760
monitoring 49760
monitoring 49760
monitoring 49760
acl-fw 18240
lpm 46720
maglev 49280
maglev 49280
monitoring 49920
monitoring 49920
monitoring 49920
monitoring 49920
lpm 46880
maglev 49440
maglev 49440
monitoring 50080
monitoring 50080
monitoring 50080
monitoring 50080
acl-fw 18400
lpm 47040
maglev 49600
maglev 49600
monitoring 50240
monitoring 50240
monitoring 50240
monitoring 50240
lpm 47200
maglev 49760
maglev 49760
monitoring 50400
monitoring 50400
monitoring 50400
monitoring 50400
acl-fw 18560
lpm 47360
maglev 49920
maglev 49920
monitoring 50560
monitoring 50560
monitoring 50560
monitoring 50560
lpm 47520
maglev 50080
maglev 50080
monitoring 50720
monitoring 50720
monitoring 50720
monitoring 50720
lpm 47680
acl-fw 18720
maglev 50240
maglev 50240
monitoring 50880
monitoring 50880
monitoring 50880
monitoring 50880
lpm 47840
maglev 50400
maglev 50400
monitoring 51040
monitoring 51040
monitoring 51040
monitoring 51040
lpm 48000
acl-fw 18880
maglev 50560
maglev 50560
monitoring 51200
monitoring 51200
monitoring 51200
monitoring 51200
lpm 48160
maglev 50720
maglev 50720
monitoring 51360
monitoring 51360
monitoring 51360
monitoring 51360
lpm 48320
maglev 50880
maglev 50880
acl-fw 19040
monitoring 51520
monitoring 51520
monitoring 51520
monitoring 51520
lpm 48480
maglev 51040
maglev 51040
monitoring 51680
monitoring 51680
monitoring 51680
monitoring 51680
lpm 48640
maglev 51200
maglev 51200
acl-fw 19200
monitoring 51840
monitoring 51840
monitoring 51840
monitoring 51840
lpm 48800
maglev 51360
maglev 51360
monitoring 52000
monitoring 52000
monitoring 52000
monitoring 52000
lpm 48960
maglev 51520
maglev 51520
monitoring 52160
monitoring 52160
monitoring 52160
monitoring 52160
acl-fw 19360
lpm 49120
maglev 51680
maglev 51680
monitoring 52320
monitoring 52320
monitoring 52320
monitoring 52320
lpm 49280
maglev 51840
maglev 51840
monitoring 52480
monitoring 52480
monitoring 52480
monitoring 52480
lpm 49440
acl-fw 19520
maglev 52000
maglev 52000
monitoring 52640
monitoring 52640
monitoring 52640
monitoring 52640
lpm 49600
maglev 52160
maglev 52160
monitoring 52800
monitoring 52800
monitoring 52800
monitoring 52800
lpm 49760
acl-fw 19680
maglev 52320
maglev 52320
monitoring 52960
monitoring 52960
monitoring 52960
monitoring 52960
lpm 49920
maglev 52480
maglev 52480
monitoring 53120
monitoring 53120
monitoring 53120
monitoring 53120
lpm 50080
acl-fw 19840
maglev 52640
maglev 52640
monitoring 53280
monitoring 53280
monitoring 53280
monitoring 53280
lpm 50240
maglev 52800
maglev 52800
lpm 50400
monitoring 53440
monitoring 53440
monitoring 53440
monitoring 53440
maglev 52960
maglev 52960
acl-fw 20000
lpm 50560
monitoring 53600
monitoring 53600
monitoring 53600
monitoring 53600
maglev 53120
maglev 53120
lpm 50720
monitoring 53760
monitoring 53760
monitoring 53760
monitoring 53760
maglev 53280
maglev 53280
acl-fw 20160
lpm 50880
monitoring 53920
monitoring 53920
monitoring 53920
monitoring 53920
maglev 53440
maglev 53440
lpm 51040
monitoring 54080
monitoring 54080
monitoring 54080
monitoring 54080
maglev 53600
maglev 53600
lpm 51200
acl-fw 20320
monitoring 54240
monitoring 54240
monitoring 54240
monitoring 54240
maglev 53760
maglev 53760
lpm 51360
monitoring 54400
monitoring 54400
monitoring 54400
monitoring 54400
maglev 53920
maglev 53920
lpm 51520
monitoring 54560
monitoring 54560
monitoring 54560
monitoring 54560
acl-fw 20480
maglev 54080
maglev 54080
lpm 51680
monitoring 54720
monitoring 54720
monitoring 54720
monitoring 54720
maglev 54240
maglev 54240
lpm 51840
monitoring 54880
monitoring 54880
monitoring 54880
monitoring 54880
acl-fw 20640
maglev 54400
maglev 54400
lpm 52000
monitoring 55040
monitoring 55040
monitoring 55040
monitoring 55040
maglev 54560
maglev 54560
lpm 52160
monitoring 55200
monitoring 55200
monitoring 55200
monitoring 55200
acl-fw 20800
maglev 54720
maglev 54720
lpm 52320
monitoring 55360
monitoring 55360
monitoring 55360
monitoring 55360
maglev 54880
maglev 54880
lpm 52480
monitoring 55520
monitoring 55520
monitoring 55520
monitoring 55520
maglev 55040
maglev 55040
acl-fw 20960
lpm 52640
monitoring 55680
monitoring 55680
monitoring 55680
monitoring 55680
maglev 55200
maglev 55200
lpm 52800
monitoring 55840
monitoring 55840
monitoring 55840
monitoring 55840
maglev 55360
maglev 55360
acl-fw 21120
lpm 52960
monitoring 56000
monitoring 56000
monitoring 56000
monitoring 56000
maglev 55520
maglev 55520
lpm 53120
monitoring 56160
monitoring 56160
monitoring 56160
monitoring 56160
maglev 55680
maglev 55680
lpm 53280
acl-fw 21280
monitoring 56320
monitoring 56320
monitoring 56320
monitoring 56320
maglev 55840
maglev 55840
lpm 53440
monitoring 56480
monitoring 56480
monitoring 56480
monitoring 56480
maglev 56000
maglev 56000
lpm 53600
acl-fw 21440
monitoring 56640
monitoring 56640
monitoring 56640
monitoring 56640
maglev 56160
maglev 56160
lpm 53760
monitoring 56800
monitoring 56800
monitoring 56800
monitoring 56800
maglev 56320
maglev 56320
lpm 53920
acl-fw 21600
monitoring 56960
monitoring 56960
monitoring 56960
monitoring 56960
maglev 56480
maglev 56480
lpm 54080
monitoring 57120
monitoring 57120
monitoring 57120
monitoring 57120
maglev 56640
maglev 56640
lpm 54240
monitoring 57280
monitoring 57280
monitoring 57280
monitoring 57280
acl-fw 21760
maglev 56800
maglev 56800
lpm 54400
monitoring 57440
monitoring 57440
monitoring 57440
monitoring 57440
maglev 56960
maglev 56960
lpm 54560
monitoring 57600
monitoring 57600
monitoring 57600
monitoring 57600
maglev 57120
maglev 57120
acl-fw 21920
lpm 54720
monitoring 57760
monitoring 57760
monitoring 57760
monitoring 57760
maglev 57280
maglev 57280
lpm 54880
monitoring 57920
monitoring 57920
monitoring 57920
monitoring 57920
maglev 57440
maglev 57440
lpm 55040
acl-fw 22080
monitoring 58080
monitoring 58080
monitoring 58080
monitoring 58080
maglev 57600
maglev 57600
lpm 55200
monitoring 58240
monitoring 58240
monitoring 58240
monitoring 58240
maglev 57760
maglev 57760
lpm 55360
acl-fw 22240
monitoring 58400
monitoring 58400
monitoring 58400
monitoring 58400
maglev 57920
maglev 57920
lpm 55520
monitoring 58560
monitoring 58560
monitoring 58560
monitoring 58560
maglev 58080
maglev 58080
lpm 55680
acl-fw 22400
monitoring 58720
monitoring 58720
monitoring 58720
monitoring 58720
maglev 58240
maglev 58240
lpm 55840
monitoring 58880
monitoring 58880
monitoring 58880
monitoring 58880
maglev 58400
maglev 58400
lpm 56000
acl-fw 22560
monitoring 59040
monitoring 59040
monitoring 59040
monitoring 59040
maglev 58560
maglev 58560
lpm 56160
monitoring 59200
monitoring 59200
monitoring 59200
monitoring 59200
maglev 58720
maglev 58720
lpm 56320
acl-fw 22720
monitoring 59360
monitoring 59360
monitoring 59360
monitoring 59360
maglev 58880
maglev 58880
lpm 56480
monitoring 59520
monitoring 59520
monitoring 59520
monitoring 59520
maglev 59040
maglev 59040
lpm 56640
monitoring 59680
monitoring 59680
monitoring 59680
monitoring 59680
maglev 59200
maglev 59200
lpm 56800
acl-fw 22880
monitoring 59840
monitoring 59840
monitoring 59840
monitoring 59840
lpm 56960
maglev 59360
maglev 59360
monitoring 60000
monitoring 60000
monitoring 60000
monitoring 60000
lpm 57120
maglev 59520
maglev 59520
acl-fw 23040
lpm 57280
monitoring 60160
monitoring 60160
monitoring 60160
monitoring 60160
maglev 59680
maglev 59680
lpm 57440
monitoring 60320
monitoring 60320
monitoring 60320
monitoring 60320
maglev 59840
maglev 59840
acl-fw 23200
lpm 57600
maglev 60000
maglev 60000
monitoring 60480
monitoring 60480
monitoring 60480
monitoring 60480
lpm 57760
maglev 60160
maglev 60160
monitoring 60640
monitoring 60640
monitoring 60640
monitoring 60640
acl-fw 23360
lpm 57920
maglev 60320
maglev 60320
monitoring 60800
monitoring 60800
monitoring 60800
monitoring 60800
lpm 58080
maglev 60480
maglev 60480
monitoring 60960
monitoring 60960
monitoring 60960
monitoring 60960
acl-fw 23520
lpm 58240
maglev 60640
maglev 60640
monitoring 61120
monitoring 61120
monitoring 61120
monitoring 61120
lpm 58400
maglev 60800
maglev 60800
monitoring 61280
monitoring 61280
monitoring 61280
monitoring 61280
acl-fw 23680
lpm 58560
maglev 60960
maglev 60960
monitoring 61440
monitoring 61440
monitoring 61440
monitoring 61440
lpm 58720
maglev 61120
maglev 61120
monitoring 61600
monitoring 61600
monitoring 61600
monitoring 61600
lpm 58880
maglev 61280
maglev 61280
acl-fw 23840
monitoring 61760
monitoring 61760
monitoring 61760
monitoring 61760
lpm 59040
maglev 61440
maglev 61440
monitoring 61920
monitoring 61920
monitoring 61920
monitoring 61920
lpm 59200
maglev 61600
maglev 61600
monitoring 62080
monitoring 62080
monitoring 62080
monitoring 62080
acl-fw 24000
lpm 59360
maglev 61760
maglev 61760
monitoring 62240
monitoring 62240
monitoring 62240
monitoring 62240
lpm 59520
maglev 61920
maglev 61920
monitoring 62400
monitoring 62400
monitoring 62400
monitoring 62400
acl-fw 24160
lpm 59680
maglev 62080
maglev 62080
monitoring 62560
monitoring 62560
monitoring 62560
monitoring 62560
lpm 59840
maglev 62240
maglev 62240
monitoring 62720
monitoring 62720
monitoring 62720
monitoring 62720
acl-fw 24320
lpm 60000
maglev 62400
maglev 62400
monitoring 62880
monitoring 62880
monitoring 62880
monitoring 62880
lpm 60160
maglev 62560
maglev 62560
monitoring 63040
monitoring 63040
monitoring 63040
monitoring 63040
acl-fw 24480
lpm 60320
maglev 62720
maglev 62720
monitoring 63200
monitoring 63200
monitoring 63200
monitoring 63200
lpm 60480
maglev 62880
maglev 62880
monitoring 63360
monitoring 63360
monitoring 63360
monitoring 63360
lpm 60640
acl-fw 24640
maglev 63040
maglev 63040
monitoring 63520
monitoring 63520
monitoring 63520
monitoring 63520
lpm 60800
maglev 63200
maglev 63200
monitoring 63680
monitoring 63680
monitoring 63680
monitoring 63680
lpm 60960
maglev 63360
maglev 63360
acl-fw 24800
monitoring 63840
monitoring 63840
monitoring 63840
monitoring 63840
lpm 61120
maglev 63520
maglev 63520
monitoring 64000
monitoring 64000
monitoring 64000
monitoring 64000
lpm 61280
maglev 63680
maglev 63680
acl-fw 24960
monitoring 64160
monitoring 64160
monitoring 64160
monitoring 64160
lpm 61440
maglev 63840
maglev 63840
monitoring 64320
monitoring 64320
monitoring 64320
monitoring 64320
lpm 61600
maglev 64000
maglev 64000
monitoring 64480
monitoring 64480
monitoring 64480
monitoring 64480
acl-fw 25120
lpm 61760
maglev 64160
maglev 64160
monitoring 64640
monitoring 64640
monitoring 64640
monitoring 64640
lpm 61920
maglev 64320
maglev 64320
monitoring 64800
monitoring 64800
monitoring 64800
monitoring 64800
acl-fw 25280
lpm 62080
maglev 64480
maglev 64480
monitoring 64960
monitoring 64960
monitoring 64960
monitoring 64960
lpm 62240
maglev 64640
maglev 64640
monitoring 65120
monitoring 65120
monitoring 65120
monitoring 65120
lpm 62400
acl-fw 25440
maglev 64800
maglev 64800
monitoring 65280
monitoring 65280
monitoring 65280
monitoring 65280
lpm 62560
maglev 64960
maglev 64960
monitoring 65440
monitoring 65440
monitoring 65440
monitoring 65440
lpm 62720
acl-fw 25600
maglev 65120
maglev 65120
monitoring 65600
monitoring 65600
monitoring 65600
monitoring 65600
lpm 62880
maglev 65280
maglev 65280
monitoring 65760
monitoring 65760
monitoring 65760
monitoring 65760
lpm 63040
maglev 65440
maglev 65440
acl-fw 25760
monitoring 65920
monitoring 65920
monitoring 65920
monitoring 65920
lpm 63200
maglev 65600
maglev 65600
monitoring 66080
monitoring 66080
monitoring 66080
monitoring 66080
lpm 63360
maglev 65760
maglev 65760
acl-fw 25920
monitoring 66240
monitoring 66240
monitoring 66240
monitoring 66240
lpm 63520
maglev 65920
maglev 65920
monitoring 66400
monitoring 66400
monitoring 66400
monitoring 66400
lpm 63680
maglev 66080
maglev 66080
acl-fw 26080
monitoring 66560
monitoring 66560
monitoring 66560
monitoring 66560
lpm 63840
maglev 66240
maglev 66240
monitoring 66720
monitoring 66720
monitoring 66720
monitoring 66720
lpm 64000
maglev 66400
maglev 66400
acl-fw 26240
monitoring 66880
monitoring 66880
monitoring 66880
monitoring 66880
lpm 64160
maglev 66560
maglev 66560
lpm 64320
monitoring 67040
monitoring 67040
monitoring 67040
monitoring 67040
maglev 66720
maglev 66720
lpm 64480
monitoring 67200
monitoring 67200
monitoring 67200
monitoring 67200
acl-fw 26400
maglev 66880
maglev 66880
lpm 64640
monitoring 67360
monitoring 67360
monitoring 67360
monitoring 67360
maglev 67040
maglev 67040
lpm 64800
monitoring 67520
monitoring 67520
monitoring 67520
monitoring 67520
acl-fw 26560
maglev 67200
maglev 67200
lpm 64960
monitoring 67680
monitoring 67680
monitoring 67680
monitoring 67680
maglev 67360
maglev 67360
lpm 65120
monitoring 67840
monitoring 67840
monitoring 67840
monitoring 67840
maglev 67520
maglev 67520
acl-fw 26720
lpm 65280
monitoring 68000
monitoring 68000
monitoring 68000
monitoring 68000
maglev 67680
maglev 67680
lpm 65440
monitoring 68160
monitoring 68160
monitoring 68160
monitoring 68160
maglev 67840
maglev 67840
acl-fw 26880
lpm 65600
monitoring 68320
monitoring 68320
monitoring 68320
monitoring 68320
maglev 68000
maglev 68000
lpm 65760
monitoring 68480
monitoring 68480
monitoring 68480
monitoring 68480
maglev 68160
maglev 68160
acl-fw 27040
lpm 65920
monitoring 68640
monitoring 68640
monitoring 68640
monitoring 68640
maglev 68320
maglev 68320
lpm 66080
monitoring 68800
monitoring 68800
monitoring 68800
monitoring 68800
maglev 68480
maglev 68480
lpm 66240
acl-fw 27200
monitoring 68960
monitoring 68960
monitoring 68960
monitoring 68960
maglev 68640
maglev 68640
lpm 66400
monitoring 69120
monitoring 69120
monitoring 69120
monitoring 69120
maglev 68800
maglev 68800
lpm 66560
acl-fw 27360
monitoring 69280
monitoring 69280
monitoring 69280
monitoring 69280
maglev 68960
maglev 68960
lpm 66720
monitoring 69440
monitoring 69440
monitoring 69440
monitoring 69440
maglev 69120
maglev 69120
lpm 66880
monitoring 69600
monitoring 69600
monitoring 69600
monitoring 69600
acl-fw 27520
maglev 69280
maglev 69280
lpm 67040
monitoring 69760
monitoring 69760
monitoring 69760
monitoring 69760
maglev 69440
maglev 69440
lpm 67200
monitoring 69920
monitoring 69920
monitoring 69920
monitoring 69920
maglev 69600
maglev 69600
acl-fw 27680
lpm 67360
monitoring 70080
monitoring 70080
monitoring 70080
monitoring 70080
maglev 69760
maglev 69760
lpm 67520
monitoring 70240
monitoring 70240
monitoring 70240
monitoring 70240
maglev 69920
maglev 69920
acl-fw 27840
lpm 67680
monitoring 70400
monitoring 70400
monitoring 70400
monitoring 70400
maglev 70080
maglev 70080
lpm 67840
monitoring 70560
monitoring 70560
monitoring 70560
monitoring 70560
maglev 70240
maglev 70240
lpm 68000
acl-fw 28000
monitoring 70720
monitoring 70720
monitoring 70720
monitoring 70720
maglev 70400
maglev 70400
lpm 68160
monitoring 70880
monitoring 70880
monitoring 70880
monitoring 70880
maglev 70560
maglev 70560
lpm 68320
acl-fw 28160
monitoring 71040
monitoring 71040
monitoring 71040
monitoring 71040
maglev 70720
maglev 70720
lpm 68480
monitoring 71200
monitoring 71200
monitoring 71200
monitoring 71200
maglev 70880
maglev 70880
lpm 68640
acl-fw 28320
monitoring 71360
monitoring 71360
monitoring 71360
monitoring 71360
maglev 71040
maglev 71040
lpm 68800
monitoring 71520
monitoring 71520
monitoring 71520
monitoring 71520
maglev 71200
maglev 71200
lpm 68960
acl-fw 28480
monitoring 71680
monitoring 71680
monitoring 71680
monitoring 71680
maglev 71360
maglev 71360
lpm 69120
monitoring 71840
monitoring 71840
monitoring 71840
monitoring 71840
maglev 71520
maglev 71520
lpm 69280
maglev 71680
maglev 71680
monitoring 72000
monitoring 72000
monitoring 72000
monitoring 72000
acl-fw 28640
lpm 69440
maglev 71840
maglev 71840
monitoring 72160
monitoring 72160
monitoring 72160
monitoring 72160
lpm 69600
maglev 72000
maglev 72000
monitoring 72320
monitoring 72320
monitoring 72320
monitoring 72320
acl-fw 28800
lpm 69760
maglev 72160
maglev 72160
monitoring 72480
monitoring 72480
monitoring 72480
monitoring 72480
lpm 69920
maglev 72320
maglev 72320
monitoring 72640
monitoring 72640
monitoring 72640
monitoring 72640
lpm 70080
acl-fw 28960
maglev 72480
maglev 72480
monitoring 72800
monitoring 72800
monitoring 72800
monitoring 72800
lpm 70240
maglev 72640
maglev 72640
monitoring 72960
monitoring 72960
monitoring 72960
monitoring 72960
lpm 70400
acl-fw 29120
maglev 72800
maglev 72800
monitoring 73120
monitoring 73120
monitoring 73120
monitoring 73120
lpm 70560
a thread in cpu0 reached the max instruction count @ 512609202888
Switched CPUS @ tick 512609202888
Changing memory mode to timing
switching cpus
**** REAL SIMULATION ****
info: Entering event queue @ 512609202888.  Starting simulation...
maglev 72960
maglev 72960
monitoring 73280
monitoring 73280
monitoring 73280
monitoring 73280
lpm 70720
acl-fw 29280
maglev 73120
maglev 73120
lpm 70880
monitoring 73440
monitoring 73440
monitoring 73440
monitoring 73440
maglev 73280
maglev 73280
lpm 71040
monitoring 73600
monitoring 73600
monitoring 73600
monitoring 73600
acl-fw 29440
maglev 73440
maglev 73440
lpm 71200
monitoring 73760
monitoring 73760
monitoring 73760
monitoring 73760
maglev 73600
maglev 73600
lpm 71360
monitoring 73920
monitoring 73920
monitoring 73920
monitoring 73920
acl-fw 29600
lpm 71520
maglev 73760
maglev 73760
monitoring 74080
monitoring 74080
monitoring 74080
monitoring 74080
lpm 71680
maglev 73920
maglev 73920
monitoring 74240
monitoring 74240
monitoring 74240
monitoring 74240
acl-fw 29760
lpm 71840
maglev 74080
maglev 74080
monitoring 74400
monitoring 74400
monitoring 74400
monitoring 74400
lpm 72000
maglev 74240
maglev 74240
monitoring 74560
monitoring 74560
monitoring 74560
monitoring 74560
acl-fw 29920
lpm 72160
maglev 74400
maglev 74400
monitoring 74720
monitoring 74720
monitoring 74720
monitoring 74720
lpm 72320
maglev 74560
maglev 74560
monitoring 74880
monitoring 74880
monitoring 74880
monitoring 74880
lpm 72480
acl-fw 30080
maglev 74720
maglev 74720
monitoring 75040
monitoring 75040
monitoring 75040
monitoring 75040
lpm 72640
maglev 74880
maglev 74880
monitoring 75200
monitoring 75200
monitoring 75200
monitoring 75200
lpm 72800
acl-fw 30240
maglev 75040
maglev 75040
monitoring 75360
monitoring 75360
monitoring 75360
monitoring 75360
lpm 72960
maglev 75200
maglev 75200
monitoring 75520
monitoring 75520
monitoring 75520
monitoring 75520
lpm 73120
acl-fw 30400
maglev 75360
maglev 75360
monitoring 75680
monitoring 75680
monitoring 75680
monitoring 75680
lpm 73280
maglev 75520
maglev 75520
lpm 73440
monitoring 75840
monitoring 75840
monitoring 75840
monitoring 75840
acl-fw 30560
maglev 75680
maglev 75680
lpm 73600
monitoring 76000
monitoring 76000
monitoring 76000
monitoring 76000
maglev 75840
maglev 75840
lpm 73760
monitoring 76160
monitoring 76160
monitoring 76160
monitoring 76160
maglev 76000
maglev 76000
acl-fw 30720
lpm 73920
monitoring 76320
monitoring 76320
monitoring 76320
monitoring 76320
maglev 76160
maglev 76160
lpm 74080
monitoring 76480
monitoring 76480
monitoring 76480
monitoring 76480
maglev 76320
maglev 76320
acl-fw 30880
lpm 74240
monitoring 76640
monitoring 76640
monitoring 76640
monitoring 76640
maglev 76480
maglev 76480
lpm 74400
monitoring 76800
monitoring 76800
monitoring 76800
monitoring 76800
maglev 76640
maglev 76640
acl-fw 31040
lpm 74560
monitoring 76960
monitoring 76960
monitoring 76960
monitoring 76960
maglev 76800
maglev 76800
lpm 74720
monitoring 77120
monitoring 77120
monitoring 77120
monitoring 77120
maglev 76960
maglev 76960
acl-fw 31200
lpm 74880
monitoring 77280
monitoring 77280
monitoring 77280
monitoring 77280
maglev 77120
maglev 77120
lpm 75040
monitoring 77440
monitoring 77440
monitoring 77440
monitoring 77440
maglev 77280
maglev 77280
lpm 75200
acl-fw 31360
monitoring 77600
monitoring 77600
monitoring 77600
monitoring 77600
maglev 77440
maglev 77440
lpm 75360
monitoring 77760
monitoring 77760
monitoring 77760
monitoring 77760
maglev 77600
maglev 77600
lpm 75520
acl-fw 31520
monitoring 77920
monitoring 77920
monitoring 77920
monitoring 77920
maglev 77760
lpm 75680
maglev 77760
lpm 75840
maglev 77920
monitoring 78080
maglev 77920
monitoring 78080
monitoring 78080
monitoring 78080
acl-fw 31680
lpm 76000
maglev 78080
maglev 78080
monitoring 78240
monitoring 78240
monitoring 78240
monitoring 78240
lpm 76160
maglev 78240
maglev 78240
monitoring 78400
monitoring 78400
monitoring 78400
monitoring 78400
acl-fw 31840
lpm 76320
maglev 78400
maglev 78400
monitoring 78560
monitoring 78560
monitoring 78560
monitoring 78560
lpm 76480
maglev 78560
maglev 78560
monitoring 78720
monitoring 78720
monitoring 78720
monitoring 78720
acl-fw 32000
lpm 76640
maglev 78720
maglev 78720
monitoring 78880
monitoring 78880
monitoring 78880
monitoring 78880
lpm 76800
maglev 78880
maglev 78880
monitoring 79040
monitoring 79040
monitoring 79040
monitoring 79040
acl-fw 32160
lpm 76960
maglev 79040
maglev 79040
monitoring 79200
monitoring 79200
monitoring 79200
monitoring 79200
lpm 77120
maglev 79200
maglev 79200
monitoring 79360
monitoring 79360
monitoring 79360
monitoring 79360
acl-fw 32320
lpm 77280
maglev 79360
maglev 79360
monitoring 79520
monitoring 79520
monitoring 79520
monitoring 79520
lpm 77440
maglev 79520
maglev 79520
monitoring 79680
monitoring 79680
monitoring 79680
monitoring 79680
acl-fw 32480
lpm 77600
maglev 79680
maglev 79680
monitoring 79840
monitoring 79840
monitoring 79840
monitoring 79840
lpm 77760
maglev 79840
maglev 79840
monitoring 80000
monitoring 80000
monitoring 80000
monitoring 80000
lpm 77920
acl-fw 32640
maglev 80000
maglev 80000
monitoring 80160
monitoring 80160
monitoring 80160
monitoring 80160
lpm 78080
maglev 80160
maglev 80160
lpm 78240
monitoring 80320
monitoring 80320
monitoring 80320
monitoring 80320
acl-fw 32800
maglev 80320
maglev 80320
lpm 78400
monitoring 80480
monitoring 80480
monitoring 80480
monitoring 80480
maglev 80480
maglev 80480
lpm 78560
Exiting @ tick 606101831370 because a thread in cpu0 reached the max instruction count
