gem5 Simulator System.  http://gem5.org
gem5 is copyrighted software; use the --copyright option for details.

gem5 compiled Jan 31 2020 21:24:40
gem5 started Jan 31 2020 21:26:06
gem5 executing on node-1.yangzhou-qv63708.lambda-mpi-pg0.clemson.cloudlab.us
command line: build/ARM/gem5.fast --remote-gdb-port=0 --outdir=/users/yangzhou/GEM5_DRAMSim2/sgx_nic/m5out/detailed_maglev.lpm_256kB_tp --stats-file=detailed_maglev.lpm_256kB_tp_stats.txt configs/dramsim2/dramsim2_se.py --cpu-type=detailed --clock=2.4GHz --cacheline_size=128 --caches --l2cache --l2config=private --l2_size=128kB --l2_assoc=16 --fixaddr --rr_nc --split_mshr --split_rport --dramsim2 --tpturnlength=6 --devicecfg=./ext/DRAMSim2/ini/DDR3_micron_16M_8B_x8_sg15.ini --systemcfg=./ext/DRAMSim2/system_tp.ini --outputfile=/dev/null --fast-forward=1000000000 --maxinsts=10000000 --maxtick=2000000000000 --numpids=2 --p0=/users/yangzhou/NF-GEM5/maglev --p1=/users/yangzhou/NF-GEM5/lpm
Global frequency set at 1000000000000 ticks per second
device file: ./ext/DRAMSim2/ini/DDR3_micron_16M_8B_x8_sg15.ini
system file: ./ext/DRAMSim2/system_tp.ini
output file: /dev/null
DEBUGSTR My tpTurnLength is 6
genTrace is 0
finish initializing memory controller
CPU Clock = 2398MHz
DRAM Clock = 1600MHz
Memory Capacity = 16384MB
initialize the layer 2
initialize the layer 2
Switch at instruction count:1000000000
info: Entering event queue @ 0.  Starting simulation...
info: Increasing stack size by one page.
info: Increasing stack size by one page.
trying to open file /users/yangzhou/ictf2010_100kflow.dat
opening succeeds
trying to open file /users/yangzhou/ictf2010_100kflow.dat
opening succeeds
Reading pkt trace done!
average pkt size = 607.092021
maglev packets processed: 64
maglev packets processed: 128
maglev packets processed: 192
maglev packets processed: 256
maglev packets processed: 320
maglev packets processed: 384
maglev packets processed: 448
maglev packets processed: 512
maglev packets processed: 576
maglev packets processed: 640
maglev packets processed: 704
maglev packets processed: 768
maglev packets processed: 832
maglev packets processed: 896
maglev packets processed: 960
maglev packets processed: 1024
maglev packets processed: 1088
maglev packets processed: 1152
maglev packets processed: 1216
maglev packets processed: 1280
maglev packets processed: 1344
maglev packets processed: 1408
maglev packets processed: 1472
maglev packets processed: 1536
maglev packets processed: 1600
maglev packets processed: 1664
maglev packets processed: 1728
maglev packets processed: 1792
maglev packets processed: 1856
maglev packets processed: 1920
maglev packets processed: 1984
maglev packets processed: 2048
maglev packets processed: 2112
maglev packets processed: 2176
maglev packets processed: 2240
maglev packets processed: 2304
maglev packets processed: 2368
maglev packets processed: 2432
maglev packets processed: 2496
maglev packets processed: 2560
maglev packets processed: 2624
maglev packets processed: 2688
maglev packets processed: 2752
maglev packets processed: 2816
maglev packets processed: 2880
maglev packets processed: 2944
Reading pkt trace done!
average pkt size = 607.092021
maglev packets processed: 3008
lpm packets processed: 64
maglev packets processed: 3072
lpm packets processed: 128
maglev packets processed: 3136
lpm packets processed: 192
maglev packets processed: 3200
lpm packets processed: 256
maglev packets processed: 3264
lpm packets processed: 320
maglev packets processed: 3328
lpm packets processed: 384
maglev packets processed: 3392
lpm packets processed: 448
maglev packets processed: 3456
lpm packets processed: 512
maglev packets processed: 3520
lpm packets processed: 576
maglev packets processed: 3584
lpm packets processed: 640
maglev packets processed: 3648
lpm packets processed: 704
maglev packets processed: 3712
lpm packets processed: 768
maglev packets processed: 3776
lpm packets processed: 832
maglev packets processed: 3840
lpm packets processed: 896
maglev packets processed: 3904
lpm packets processed: 960
maglev packets processed: 3968
lpm packets processed: 1024
maglev packets processed: 4032
lpm packets processed: 1088
maglev packets processed: 4096
lpm packets processed: 1152
maglev packets processed: 4160
lpm packets processed: 1216
maglev packets processed: 4224
lpm packets processed: 1280
maglev packets processed: 4288
lpm packets processed: 1344
maglev packets processed: 4352
lpm packets processed: 1408
maglev packets processed: 4416
lpm packets processed: 1472
maglev packets processed: 4480
lpm packets processed: 1536
maglev packets processed: 4544
lpm packets processed: 1600
maglev packets processed: 4608
lpm packets processed: 1664
maglev packets processed: 4672
lpm packets processed: 1728
maglev packets processed: 4736
lpm packets processed: 1792
maglev packets processed: 4800
lpm packets processed: 1856
maglev packets processed: 4864
lpm packets processed: 1920
maglev packets processed: 4928
lpm packets processed: 1984
maglev packets processed: 4992
lpm packets processed: 2048
maglev packets processed: 5056
lpm packets processed: 2112
maglev packets processed: 5120
lpm packets processed: 2176
maglev packets processed: 5184
lpm packets processed: 2240
maglev packets processed: 5248
lpm packets processed: 2304
maglev packets processed: 5312
lpm packets processed: 2368
maglev packets processed: 5376
lpm packets processed: 2432
maglev packets processed: 5440
lpm packets processed: 2496
maglev packets processed: 5504
lpm packets processed: 2560
maglev packets processed: 5568
lpm packets processed: 2624
maglev packets processed: 5632
lpm packets processed: 2688
lpm packets processed: 2752
maglev packets processed: 5696
lpm packets processed: 2816
maglev packets processed: 5760
lpm packets processed: 2880
maglev packets processed: 5824
lpm packets processed: 2944
maglev packets processed: 5888
lpm packets processed: 3008
maglev packets processed: 5952
lpm packets processed: 3072
maglev packets processed: 6016
lpm packets processed: 3136
maglev packets processed: 6080
lpm packets processed: 3200
maglev packets processed: 6144
lpm packets processed: 3264
maglev packets processed: 6208
lpm packets processed: 3328
maglev packets processed: 6272
lpm packets processed: 3392
maglev packets processed: 6336
lpm packets processed: 3456
maglev packets processed: 6400
lpm packets processed: 3520
maglev packets processed: 6464
lpm packets processed: 3584
maglev packets processed: 6528
lpm packets processed: 3648
maglev packets processed: 6592
lpm packets processed: 3712
maglev packets processed: 6656
lpm packets processed: 3776
maglev packets processed: 6720
lpm packets processed: 3840
maglev packets processed: 6784
lpm packets processed: 3904
maglev packets processed: 6848
lpm packets processed: 3968
maglev packets processed: 6912
lpm packets processed: 4032
maglev packets processed: 6976
lpm packets processed: 4096
maglev packets processed: 7040
lpm packets processed: 4160
maglev packets processed: 7104
lpm packets processed: 4224
maglev packets processed: 7168
lpm packets processed: 4288
maglev packets processed: 7232
lpm packets processed: 4352
maglev packets processed: 7296
lpm packets processed: 4416
maglev packets processed: 7360
lpm packets processed: 4480
maglev packets processed: 7424
lpm packets processed: 4544
maglev packets processed: 7488
lpm packets processed: 4608
maglev packets processed: 7552
lpm packets processed: 4672
maglev packets processed: 7616
lpm packets processed: 4736
maglev packets processed: 7680
lpm packets processed: 4800
maglev packets processed: 7744
lpm packets processed: 4864
maglev packets processed: 7808
lpm packets processed: 4928
maglev packets processed: 7872
lpm packets processed: 4992
maglev packets processed: 7936
lpm packets processed: 5056
maglev packets processed: 8000
lpm packets processed: 5120
maglev packets processed: 8064
lpm packets processed: 5184
maglev packets processed: 8128
lpm packets processed: 5248
maglev packets processed: 8192
lpm packets processed: 5312
maglev packets processed: 8256
lpm packets processed: 5376
maglev packets processed: 8320
lpm packets processed: 5440
maglev packets processed: 8384
lpm packets processed: 5504
maglev packets processed: 8448
lpm packets processed: 5568
maglev packets processed: 8512
lpm packets processed: 5632
maglev packets processed: 8576
lpm packets processed: 5696
maglev packets processed: 8640
lpm packets processed: 5760
maglev packets processed: 8704
lpm packets processed: 5824
maglev packets processed: 8768
lpm packets processed: 5888
maglev packets processed: 8832
lpm packets processed: 5952
maglev packets processed: 8896
lpm packets processed: 6016
maglev packets processed: 8960
lpm packets processed: 6080
maglev packets processed: 9024
lpm packets processed: 6144
maglev packets processed: 9088
lpm packets processed: 6208
maglev packets processed: 9152
lpm packets processed: 6272
maglev packets processed: 9216
lpm packets processed: 6336
maglev packets processed: 9280
lpm packets processed: 6400
maglev packets processed: 9344
lpm packets processed: 6464
maglev packets processed: 9408
lpm packets processed: 6528
maglev packets processed: 9472
lpm packets processed: 6592
maglev packets processed: 9536
lpm packets processed: 6656
maglev packets processed: 9600
lpm packets processed: 6720
maglev packets processed: 9664
lpm packets processed: 6784
maglev packets processed: 9728
lpm packets processed: 6848
maglev packets processed: 9792
lpm packets processed: 6912
maglev packets processed: 9856
lpm packets processed: 6976
maglev packets processed: 9920
lpm packets processed: 7040
maglev packets processed: 9984
lpm packets processed: 7104
maglev packets processed: 10048
lpm packets processed: 7168
maglev packets processed: 10112
lpm packets processed: 7232
maglev packets processed: 10176
lpm packets processed: 7296
maglev packets processed: 10240
lpm packets processed: 7360
maglev packets processed: 10304
lpm packets processed: 7424
maglev packets processed: 10368
lpm packets processed: 7488
maglev packets processed: 10432
lpm packets processed: 7552
maglev packets processed: 10496
lpm packets processed: 7616
maglev packets processed: 10560
lpm packets processed: 7680
maglev packets processed: 10624
lpm packets processed: 7744
maglev packets processed: 10688
lpm packets processed: 7808
maglev packets processed: 10752
lpm packets processed: 7872
maglev packets processed: 10816
lpm packets processed: 7936
maglev packets processed: 10880
lpm packets processed: 8000
maglev packets processed: 10944
lpm packets processed: 8064
maglev packets processed: 11008
lpm packets processed: 8128
maglev packets processed: 11072
lpm packets processed: 8192
maglev packets processed: 11136
lpm packets processed: 8256
maglev packets processed: 11200
lpm packets processed: 8320
maglev packets processed: 11264
lpm packets processed: 8384
lpm packets processed: 8448
maglev packets processed: 11328
lpm packets processed: 8512
maglev packets processed: 11392
lpm packets processed: 8576
maglev packets processed: 11456
lpm packets processed: 8640
maglev packets processed: 11520
lpm packets processed: 8704
maglev packets processed: 11584
lpm packets processed: 8768
maglev packets processed: 11648
lpm packets processed: 8832
maglev packets processed: 11712
lpm packets processed: 8896
maglev packets processed: 11776
lpm packets processed: 8960
maglev packets processed: 11840
lpm packets processed: 9024
maglev packets processed: 11904
lpm packets processed: 9088
maglev packets processed: 11968
lpm packets processed: 9152
maglev packets processed: 12032
lpm packets processed: 9216
maglev packets processed: 12096
lpm packets processed: 9280
maglev packets processed: 12160
lpm packets processed: 9344
maglev packets processed: 12224
lpm packets processed: 9408
maglev packets processed: 12288
lpm packets processed: 9472
maglev packets processed: 12352
lpm packets processed: 9536
maglev packets processed: 12416
lpm packets processed: 9600
maglev packets processed: 12480
lpm packets processed: 9664
maglev packets processed: 12544
lpm packets processed: 9728
maglev packets processed: 12608
lpm packets processed: 9792
maglev packets processed: 12672
lpm packets processed: 9856
maglev packets processed: 12736
lpm packets processed: 9920
maglev packets processed: 12800
lpm packets processed: 9984
maglev packets processed: 12864
lpm packets processed: 10048
maglev packets processed: 12928
lpm packets processed: 10112
maglev packets processed: 12992
lpm packets processed: 10176
maglev packets processed: 13056
lpm packets processed: 10240
maglev packets processed: 13120
lpm packets processed: 10304
maglev packets processed: 13184
lpm packets processed: 10368
maglev packets processed: 13248
lpm packets processed: 10432
maglev packets processed: 13312
lpm packets processed: 10496
maglev packets processed: 13376
lpm packets processed: 10560
maglev packets processed: 13440
lpm packets processed: 10624
maglev packets processed: 13504
lpm packets processed: 10688
maglev packets processed: 13568
lpm packets processed: 10752
maglev packets processed: 13632
lpm packets processed: 10816
maglev packets processed: 13696
lpm packets processed: 10880
maglev packets processed: 13760
lpm packets processed: 10944
maglev packets processed: 13824
lpm packets processed: 11008
maglev packets processed: 13888
lpm packets processed: 11072
maglev packets processed: 13952
lpm packets processed: 11136
maglev packets processed: 14016
lpm packets processed: 11200
maglev packets processed: 14080
lpm packets processed: 11264
maglev packets processed: 14144
lpm packets processed: 11328
maglev packets processed: 14208
lpm packets processed: 11392
maglev packets processed: 14272
lpm packets processed: 11456
maglev packets processed: 14336
lpm packets processed: 11520
maglev packets processed: 14400
lpm packets processed: 11584
maglev packets processed: 14464
lpm packets processed: 11648
maglev packets processed: 14528
lpm packets processed: 11712
maglev packets processed: 14592
lpm packets processed: 11776
maglev packets processed: 14656
lpm packets processed: 11840
maglev packets processed: 14720
lpm packets processed: 11904
maglev packets processed: 14784
lpm packets processed: 11968
maglev packets processed: 14848
lpm packets processed: 12032
maglev packets processed: 14912
lpm packets processed: 12096
maglev packets processed: 14976
lpm packets processed: 12160
maglev packets processed: 15040
lpm packets processed: 12224
maglev packets processed: 15104
lpm packets processed: 12288
maglev packets processed: 15168
lpm packets processed: 12352
maglev packets processed: 15232
lpm packets processed: 12416
maglev packets processed: 15296
lpm packets processed: 12480
maglev packets processed: 15360
lpm packets processed: 12544
maglev packets processed: 15424
lpm packets processed: 12608
maglev packets processed: 15488
lpm packets processed: 12672
maglev packets processed: 15552
lpm packets processed: 12736
maglev packets processed: 15616
lpm packets processed: 12800
maglev packets processed: 15680
lpm packets processed: 12864
maglev packets processed: 15744
lpm packets processed: 12928
maglev packets processed: 15808
lpm packets processed: 12992
maglev packets processed: 15872
lpm packets processed: 13056
maglev packets processed: 15936
lpm packets processed: 13120
maglev packets processed: 16000
lpm packets processed: 13184
maglev packets processed: 16064
lpm packets processed: 13248
maglev packets processed: 16128
lpm packets processed: 13312
maglev packets processed: 16192
lpm packets processed: 13376
maglev packets processed: 16256
lpm packets processed: 13440
maglev packets processed: 16320
lpm packets processed: 13504
maglev packets processed: 16384
lpm packets processed: 13568
maglev packets processed: 16448
lpm packets processed: 13632
maglev packets processed: 16512
lpm packets processed: 13696
maglev packets processed: 16576
lpm packets processed: 13760
maglev packets processed: 16640
lpm packets processed: 13824
maglev packets processed: 16704
lpm packets processed: 13888
maglev packets processed: 16768
lpm packets processed: 13952
lpm packets processed: 14016
maglev packets processed: 16832
lpm packets processed: 14080
maglev packets processed: 16896
lpm packets processed: 14144
maglev packets processed: 16960
lpm packets processed: 14208
maglev packets processed: 17024
lpm packets processed: 14272
maglev packets processed: 17088
lpm packets processed: 14336
maglev packets processed: 17152
lpm packets processed: 14400
maglev packets processed: 17216
lpm packets processed: 14464
maglev packets processed: 17280
lpm packets processed: 14528
maglev packets processed: 17344
lpm packets processed: 14592
maglev packets processed: 17408
lpm packets processed: 14656
maglev packets processed: 17472
lpm packets processed: 14720
maglev packets processed: 17536
lpm packets processed: 14784
maglev packets processed: 17600
lpm packets processed: 14848
maglev packets processed: 17664
lpm packets processed: 14912
maglev packets processed: 17728
lpm packets processed: 14976
maglev packets processed: 17792
lpm packets processed: 15040
maglev packets processed: 17856
lpm packets processed: 15104
maglev packets processed: 17920
lpm packets processed: 15168
maglev packets processed: 17984
lpm packets processed: 15232
maglev packets processed: 18048
lpm packets processed: 15296
maglev packets processed: 18112
lpm packets processed: 15360
maglev packets processed: 18176
lpm packets processed: 15424
maglev packets processed: 18240
lpm packets processed: 15488
maglev packets processed: 18304
lpm packets processed: 15552
maglev packets processed: 18368
lpm packets processed: 15616
maglev packets processed: 18432
lpm packets processed: 15680
maglev packets processed: 18496
lpm packets processed: 15744
maglev packets processed: 18560
lpm packets processed: 15808
maglev packets processed: 18624
lpm packets processed: 15872
maglev packets processed: 18688
lpm packets processed: 15936
maglev packets processed: 18752
lpm packets processed: 16000
maglev packets processed: 18816
lpm packets processed: 16064
maglev packets processed: 18880
lpm packets processed: 16128
maglev packets processed: 18944
lpm packets processed: 16192
maglev packets processed: 19008
lpm packets processed: 16256
maglev packets processed: 19072
lpm packets processed: 16320
maglev packets processed: 19136
lpm packets processed: 16384
maglev packets processed: 19200
lpm packets processed: 16448
maglev packets processed: 19264
lpm packets processed: 16512
maglev packets processed: 19328
lpm packets processed: 16576
maglev packets processed: 19392
lpm packets processed: 16640
maglev packets processed: 19456
lpm packets processed: 16704
maglev packets processed: 19520
lpm packets processed: 16768
maglev packets processed: 19584
lpm packets processed: 16832
maglev packets processed: 19648
lpm packets processed: 16896
maglev packets processed: 19712
lpm packets processed: 16960
maglev packets processed: 19776
lpm packets processed: 17024
maglev packets processed: 19840
lpm packets processed: 17088
maglev packets processed: 19904
lpm packets processed: 17152
maglev packets processed: 19968
lpm packets processed: 17216
maglev packets processed: 20032
lpm packets processed: 17280
maglev packets processed: 20096
lpm packets processed: 17344
maglev packets processed: 20160
lpm packets processed: 17408
maglev packets processed: 20224
lpm packets processed: 17472
maglev packets processed: 20288
lpm packets processed: 17536
maglev packets processed: 20352
lpm packets processed: 17600
maglev packets processed: 20416
lpm packets processed: 17664
maglev packets processed: 20480
lpm packets processed: 17728
maglev packets processed: 20544
lpm packets processed: 17792
maglev packets processed: 20608
lpm packets processed: 17856
maglev packets processed: 20672
lpm packets processed: 17920
maglev packets processed: 20736
lpm packets processed: 17984
maglev packets processed: 20800
lpm packets processed: 18048
maglev packets processed: 20864
lpm packets processed: 18112
maglev packets processed: 20928
lpm packets processed: 18176
maglev packets processed: 20992
lpm packets processed: 18240
maglev packets processed: 21056
lpm packets processed: 18304
maglev packets processed: 21120
lpm packets processed: 18368
maglev packets processed: 21184
lpm packets processed: 18432
maglev packets processed: 21248
lpm packets processed: 18496
maglev packets processed: 21312
lpm packets processed: 18560
maglev packets processed: 21376
lpm packets processed: 18624
maglev packets processed: 21440
lpm packets processed: 18688
maglev packets processed: 21504
lpm packets processed: 18752
maglev packets processed: 21568
lpm packets processed: 18816
maglev packets processed: 21632
lpm packets processed: 18880
maglev packets processed: 21696
lpm packets processed: 18944
maglev packets processed: 21760
lpm packets processed: 19008
maglev packets processed: 21824
lpm packets processed: 19072
maglev packets processed: 21888
lpm packets processed: 19136
maglev packets processed: 21952
lpm packets processed: 19200
maglev packets processed: 22016
lpm packets processed: 19264
maglev packets processed: 22080
lpm packets processed: 19328
maglev packets processed: 22144
lpm packets processed: 19392
maglev packets processed: 22208
lpm packets processed: 19456
maglev packets processed: 22272
lpm packets processed: 19520
maglev packets processed: 22336
lpm packets processed: 19584
maglev packets processed: 22400
lpm packets processed: 19648
maglev packets processed: 22464
lpm packets processed: 19712
maglev packets processed: 22528
lpm packets processed: 19776
maglev packets processed: 22592
lpm packets processed: 19840
maglev packets processed: 22656
lpm packets processed: 19904
maglev packets processed: 22720
lpm packets processed: 19968
maglev packets processed: 22784
lpm packets processed: 20032
maglev packets processed: 22848
lpm packets processed: 20096
maglev packets processed: 22912
lpm packets processed: 20160
maglev packets processed: 22976
lpm packets processed: 20224
maglev packets processed: 23040
lpm packets processed: 20288
maglev packets processed: 23104
lpm packets processed: 20352
maglev packets processed: 23168
lpm packets processed: 20416
maglev packets processed: 23232
lpm packets processed: 20480
maglev packets processed: 23296
lpm packets processed: 20544
maglev packets processed: 23360
lpm packets processed: 20608
maglev packets processed: 23424
lpm packets processed: 20672
maglev packets processed: 23488
lpm packets processed: 20736
maglev packets processed: 23552
lpm packets processed: 20800
maglev packets processed: 23616
lpm packets processed: 20864
maglev packets processed: 23680
lpm packets processed: 20928
lpm packets processed: 20992
maglev packets processed: 23744
lpm packets processed: 21056
maglev packets processed: 23808
lpm packets processed: 21120
maglev packets processed: 23872
lpm packets processed: 21184
maglev packets processed: 23936
lpm packets processed: 21248
maglev packets processed: 24000
lpm packets processed: 21312
maglev packets processed: 24064
lpm packets processed: 21376
maglev packets processed: 24128
lpm packets processed: 21440
maglev packets processed: 24192
lpm packets processed: 21504
maglev packets processed: 24256
lpm packets processed: 21568
maglev packets processed: 24320
lpm packets processed: 21632
maglev packets processed: 24384
lpm packets processed: 21696
maglev packets processed: 24448
lpm packets processed: 21760
maglev packets processed: 24512
lpm packets processed: 21824
maglev packets processed: 24576
lpm packets processed: 21888
maglev packets processed: 24640
lpm packets processed: 21952
maglev packets processed: 24704
lpm packets processed: 22016
maglev packets processed: 24768
lpm packets processed: 22080
maglev packets processed: 24832
lpm packets processed: 22144
maglev packets processed: 24896
lpm packets processed: 22208
maglev packets processed: 24960
lpm packets processed: 22272
maglev packets processed: 25024
lpm packets processed: 22336
maglev packets processed: 25088
lpm packets processed: 22400
maglev packets processed: 25152
lpm packets processed: 22464
maglev packets processed: 25216
lpm packets processed: 22528
maglev packets processed: 25280
lpm packets processed: 22592
maglev packets processed: 25344
lpm packets processed: 22656
maglev packets processed: 25408
lpm packets processed: 22720
maglev packets processed: 25472
lpm packets processed: 22784
maglev packets processed: 25536
lpm packets processed: 22848
maglev packets processed: 25600
lpm packets processed: 22912
maglev packets processed: 25664
lpm packets processed: 22976
maglev packets processed: 25728
lpm packets processed: 23040
maglev packets processed: 25792
lpm packets processed: 23104
maglev packets processed: 25856
lpm packets processed: 23168
maglev packets processed: 25920
lpm packets processed: 23232
maglev packets processed: 25984
lpm packets processed: 23296
maglev packets processed: 26048
lpm packets processed: 23360
maglev packets processed: 26112
lpm packets processed: 23424
maglev packets processed: 26176
lpm packets processed: 23488
maglev packets processed: 26240
lpm packets processed: 23552
maglev packets processed: 26304
lpm packets processed: 23616
maglev packets processed: 26368
lpm packets processed: 23680
maglev packets processed: 26432
lpm packets processed: 23744
maglev packets processed: 26496
lpm packets processed: 23808
maglev packets processed: 26560
lpm packets processed: 23872
maglev packets processed: 26624
lpm packets processed: 23936
maglev packets processed: 26688
lpm packets processed: 24000
maglev packets processed: 26752
lpm packets processed: 24064
maglev packets processed: 26816
lpm packets processed: 24128
maglev packets processed: 26880
lpm packets processed: 24192
maglev packets processed: 26944
lpm packets processed: 24256
maglev packets processed: 27008
lpm packets processed: 24320
maglev packets processed: 27072
lpm packets processed: 24384
maglev packets processed: 27136
lpm packets processed: 24448
maglev packets processed: 27200
lpm packets processed: 24512
maglev packets processed: 27264
lpm packets processed: 24576
maglev packets processed: 27328
lpm packets processed: 24640
maglev packets processed: 27392
lpm packets processed: 24704
maglev packets processed: 27456
lpm packets processed: 24768
maglev packets processed: 27520
lpm packets processed: 24832
maglev packets processed: 27584
lpm packets processed: 24896
maglev packets processed: 27648
lpm packets processed: 24960
maglev packets processed: 27712
lpm packets processed: 25024
maglev packets processed: 27776
lpm packets processed: 25088
maglev packets processed: 27840
lpm packets processed: 25152
maglev packets processed: 27904
lpm packets processed: 25216
maglev packets processed: 27968
lpm packets processed: 25280
maglev packets processed: 28032
lpm packets processed: 25344
maglev packets processed: 28096
lpm packets processed: 25408
maglev packets processed: 28160
lpm packets processed: 25472
maglev packets processed: 28224
lpm packets processed: 25536
maglev packets processed: 28288
lpm packets processed: 25600
maglev packets processed: 28352
lpm packets processed: 25664
maglev packets processed: 28416
lpm packets processed: 25728
maglev packets processed: 28480
lpm packets processed: 25792
maglev packets processed: 28544
lpm packets processed: 25856
maglev packets processed: 28608
lpm packets processed: 25920
maglev packets processed: 28672
lpm packets processed: 25984
maglev packets processed: 28736
lpm packets processed: 26048
maglev packets processed: 28800
lpm packets processed: 26112
maglev packets processed: 28864
lpm packets processed: 26176
maglev packets processed: 28928
lpm packets processed: 26240
maglev packets processed: 28992
lpm packets processed: 26304
maglev packets processed: 29056
lpm packets processed: 26368
maglev packets processed: 29120
lpm packets processed: 26432
maglev packets processed: 29184
lpm packets processed: 26496
maglev packets processed: 29248
lpm packets processed: 26560
maglev packets processed: 29312
lpm packets processed: 26624
maglev packets processed: 29376
lpm packets processed: 26688
maglev packets processed: 29440
lpm packets processed: 26752
maglev packets processed: 29504
lpm packets processed: 26816
maglev packets processed: 29568
lpm packets processed: 26880
maglev packets processed: 29632
lpm packets processed: 26944
maglev packets processed: 29696
lpm packets processed: 27008
maglev packets processed: 29760
lpm packets processed: 27072
maglev packets processed: 29824
lpm packets processed: 27136
maglev packets processed: 29888
lpm packets processed: 27200
maglev packets processed: 29952
lpm packets processed: 27264
maglev packets processed: 30016
lpm packets processed: 27328
maglev packets processed: 30080
lpm packets processed: 27392
maglev packets processed: 30144
lpm packets processed: 27456
maglev packets processed: 30208
lpm packets processed: 27520
maglev packets processed: 30272
lpm packets processed: 27584
maglev packets processed: 30336
lpm packets processed: 27648
maglev packets processed: 30400
lpm packets processed: 27712
maglev packets processed: 30464
lpm packets processed: 27776
maglev packets processed: 30528
lpm packets processed: 27840
maglev packets processed: 30592
lpm packets processed: 27904
lpm packets processed: 27968
maglev packets processed: 30656
lpm packets processed: 28032
maglev packets processed: 30720
lpm packets processed: 28096
maglev packets processed: 30784
lpm packets processed: 28160
maglev packets processed: 30848
lpm packets processed: 28224
maglev packets processed: 30912
lpm packets processed: 28288
maglev packets processed: 30976
lpm packets processed: 28352
maglev packets processed: 31040
lpm packets processed: 28416
maglev packets processed: 31104
lpm packets processed: 28480
maglev packets processed: 31168
lpm packets processed: 28544
maglev packets processed: 31232
lpm packets processed: 28608
maglev packets processed: 31296
lpm packets processed: 28672
maglev packets processed: 31360
lpm packets processed: 28736
maglev packets processed: 31424
lpm packets processed: 28800
maglev packets processed: 31488
lpm packets processed: 28864
maglev packets processed: 31552
lpm packets processed: 28928
maglev packets processed: 31616
lpm packets processed: 28992
maglev packets processed: 31680
lpm packets processed: 29056
maglev packets processed: 31744
lpm packets processed: 29120
maglev packets processed: 31808
lpm packets processed: 29184
maglev packets processed: 31872
lpm packets processed: 29248
maglev packets processed: 31936
lpm packets processed: 29312
maglev packets processed: 32000
lpm packets processed: 29376
maglev packets processed: 32064
lpm packets processed: 29440
maglev packets processed: 32128
lpm packets processed: 29504
maglev packets processed: 32192
lpm packets processed: 29568
maglev packets processed: 32256
lpm packets processed: 29632
maglev packets processed: 32320
lpm packets processed: 29696
maglev packets processed: 32384
lpm packets processed: 29760
maglev packets processed: 32448
lpm packets processed: 29824
maglev packets processed: 32512
lpm packets processed: 29888
maglev packets processed: 32576
lpm packets processed: 29952
maglev packets processed: 32640
lpm packets processed: 30016
maglev packets processed: 32704
lpm packets processed: 30080
maglev packets processed: 32768
lpm packets processed: 30144
maglev packets processed: 32832
lpm packets processed: 30208
maglev packets processed: 32896
lpm packets processed: 30272
maglev packets processed: 32960
lpm packets processed: 30336
maglev packets processed: 33024
lpm packets processed: 30400
maglev packets processed: 33088
lpm packets processed: 30464
maglev packets processed: 33152
lpm packets processed: 30528
maglev packets processed: 33216
lpm packets processed: 30592
maglev packets processed: 33280
lpm packets processed: 30656
maglev packets processed: 33344
lpm packets processed: 30720
maglev packets processed: 33408
lpm packets processed: 30784
maglev packets processed: 33472
lpm packets processed: 30848
maglev packets processed: 33536
lpm packets processed: 30912
maglev packets processed: 33600
lpm packets processed: 30976
maglev packets processed: 33664
lpm packets processed: 31040
maglev packets processed: 33728
lpm packets processed: 31104
maglev packets processed: 33792
lpm packets processed: 31168
maglev packets processed: 33856
lpm packets processed: 31232
maglev packets processed: 33920
lpm packets processed: 31296
maglev packets processed: 33984
lpm packets processed: 31360
maglev packets processed: 34048
lpm packets processed: 31424
maglev packets processed: 34112
lpm packets processed: 31488
maglev packets processed: 34176
lpm packets processed: 31552
maglev packets processed: 34240
lpm packets processed: 31616
maglev packets processed: 34304
lpm packets processed: 31680
maglev packets processed: 34368
lpm packets processed: 31744
maglev packets processed: 34432
lpm packets processed: 31808
maglev packets processed: 34496
lpm packets processed: 31872
maglev packets processed: 34560
lpm packets processed: 31936
maglev packets processed: 34624
lpm packets processed: 32000
maglev packets processed: 34688
lpm packets processed: 32064
maglev packets processed: 34752
lpm packets processed: 32128
maglev packets processed: 34816
lpm packets processed: 32192
maglev packets processed: 34880
lpm packets processed: 32256
maglev packets processed: 34944
lpm packets processed: 32320
maglev packets processed: 35008
lpm packets processed: 32384
maglev packets processed: 35072
lpm packets processed: 32448
maglev packets processed: 35136
lpm packets processed: 32512
maglev packets processed: 35200
lpm packets processed: 32576
maglev packets processed: 35264
lpm packets processed: 32640
maglev packets processed: 35328
lpm packets processed: 32704
maglev packets processed: 35392
lpm packets processed: 32768
maglev packets processed: 35456
lpm packets processed: 32832
maglev packets processed: 35520
lpm packets processed: 32896
maglev packets processed: 35584
lpm packets processed: 32960
maglev packets processed: 35648
lpm packets processed: 33024
maglev packets processed: 35712
lpm packets processed: 33088
maglev packets processed: 35776
lpm packets processed: 33152
maglev packets processed: 35840
lpm packets processed: 33216
maglev packets processed: 35904
lpm packets processed: 33280
maglev packets processed: 35968
lpm packets processed: 33344
maglev packets processed: 36032
lpm packets processed: 33408
maglev packets processed: 36096
lpm packets processed: 33472
maglev packets processed: 36160
lpm packets processed: 33536
maglev packets processed: 36224
lpm packets processed: 33600
maglev packets processed: 36288
lpm packets processed: 33664
maglev packets processed: 36352
lpm packets processed: 33728
maglev packets processed: 36416
lpm packets processed: 33792
maglev packets processed: 36480
lpm packets processed: 33856
maglev packets processed: 36544
lpm packets processed: 33920
maglev packets processed: 36608
lpm packets processed: 33984
maglev packets processed: 36672
lpm packets processed: 34048
maglev packets processed: 36736
lpm packets processed: 34112
maglev packets processed: 36800
lpm packets processed: 34176
maglev packets processed: 36864
lpm packets processed: 34240
maglev packets processed: 36928
lpm packets processed: 34304
maglev packets processed: 36992
lpm packets processed: 34368
maglev packets processed: 37056
lpm packets processed: 34432
maglev packets processed: 37120
lpm packets processed: 34496
maglev packets processed: 37184
lpm packets processed: 34560
maglev packets processed: 37248
lpm packets processed: 34624
maglev packets processed: 37312
lpm packets processed: 34688
maglev packets processed: 37376
lpm packets processed: 34752
maglev packets processed: 37440
lpm packets processed: 34816
maglev packets processed: 37504
lpm packets processed: 34880
maglev packets processed: 37568
lpm packets processed: 34944
maglev packets processed: 37632
lpm packets processed: 35008
maglev packets processed: 37696
lpm packets processed: 35072
maglev packets processed: 37760
lpm packets processed: 35136
maglev packets processed: 37824
lpm packets processed: 35200
maglev packets processed: 37888
lpm packets processed: 35264
maglev packets processed: 37952
lpm packets processed: 35328
maglev packets processed: 38016
lpm packets processed: 35392
maglev packets processed: 38080
lpm packets processed: 35456
maglev packets processed: 38144
lpm packets processed: 35520
maglev packets processed: 38208
lpm packets processed: 35584
maglev packets processed: 38272
lpm packets processed: 35648
maglev packets processed: 38336
lpm packets processed: 35712
maglev packets processed: 38400
lpm packets processed: 35776
maglev packets processed: 38464
lpm packets processed: 35840
maglev packets processed: 38528
lpm packets processed: 35904
maglev packets processed: 38592
lpm packets processed: 35968
maglev packets processed: 38656
lpm packets processed: 36032
maglev packets processed: 38720
lpm packets processed: 36096
lpm packets processed: 36160
maglev packets processed: 38784
lpm packets processed: 36224
maglev packets processed: 38848
lpm packets processed: 36288
maglev packets processed: 38912
lpm packets processed: 36352
maglev packets processed: 38976
lpm packets processed: 36416
maglev packets processed: 39040
lpm packets processed: 36480
maglev packets processed: 39104
lpm packets processed: 36544
maglev packets processed: 39168
lpm packets processed: 36608
maglev packets processed: 39232
lpm packets processed: 36672
maglev packets processed: 39296
lpm packets processed: 36736
maglev packets processed: 39360
lpm packets processed: 36800
maglev packets processed: 39424
lpm packets processed: 36864
maglev packets processed: 39488
lpm packets processed: 36928
maglev packets processed: 39552
lpm packets processed: 36992
maglev packets processed: 39616
lpm packets processed: 37056
maglev packets processed: 39680
lpm packets processed: 37120
maglev packets processed: 39744
lpm packets processed: 37184
maglev packets processed: 39808
lpm packets processed: 37248
maglev packets processed: 39872
lpm packets processed: 37312
maglev packets processed: 39936
lpm packets processed: 37376
maglev packets processed: 40000
lpm packets processed: 37440
maglev packets processed: 40064
lpm packets processed: 37504
maglev packets processed: 40128
lpm packets processed: 37568
maglev packets processed: 40192
lpm packets processed: 37632
maglev packets processed: 40256
lpm packets processed: 37696
maglev packets processed: 40320
lpm packets processed: 37760
maglev packets processed: 40384
lpm packets processed: 37824
maglev packets processed: 40448
lpm packets processed: 37888
maglev packets processed: 40512
lpm packets processed: 37952
maglev packets processed: 40576
lpm packets processed: 38016
maglev packets processed: 40640
lpm packets processed: 38080
maglev packets processed: 40704
lpm packets processed: 38144
maglev packets processed: 40768
lpm packets processed: 38208
maglev packets processed: 40832
lpm packets processed: 38272
maglev packets processed: 40896
lpm packets processed: 38336
maglev packets processed: 40960
lpm packets processed: 38400
maglev packets processed: 41024
lpm packets processed: 38464
maglev packets processed: 41088
lpm packets processed: 38528
maglev packets processed: 41152
lpm packets processed: 38592
maglev packets processed: 41216
lpm packets processed: 38656
maglev packets processed: 41280
lpm packets processed: 38720
maglev packets processed: 41344
lpm packets processed: 38784
maglev packets processed: 41408
lpm packets processed: 38848
maglev packets processed: 41472
lpm packets processed: 38912
maglev packets processed: 41536
lpm packets processed: 38976
maglev packets processed: 41600
lpm packets processed: 39040
maglev packets processed: 41664
lpm packets processed: 39104
maglev packets processed: 41728
lpm packets processed: 39168
maglev packets processed: 41792
lpm packets processed: 39232
maglev packets processed: 41856
lpm packets processed: 39296
maglev packets processed: 41920
lpm packets processed: 39360
maglev packets processed: 41984
lpm packets processed: 39424
maglev packets processed: 42048
lpm packets processed: 39488
maglev packets processed: 42112
lpm packets processed: 39552
maglev packets processed: 42176
lpm packets processed: 39616
maglev packets processed: 42240
lpm packets processed: 39680
maglev packets processed: 42304
lpm packets processed: 39744
maglev packets processed: 42368
lpm packets processed: 39808
maglev packets processed: 42432
lpm packets processed: 39872
maglev packets processed: 42496
lpm packets processed: 39936
maglev packets processed: 42560
lpm packets processed: 40000
maglev packets processed: 42624
lpm packets processed: 40064
maglev packets processed: 42688
lpm packets processed: 40128
maglev packets processed: 42752
lpm packets processed: 40192
maglev packets processed: 42816
lpm packets processed: 40256
maglev packets processed: 42880
lpm packets processed: 40320
maglev packets processed: 42944
lpm packets processed: 40384
maglev packets processed: 43008
lpm packets processed: 40448
maglev packets processed: 43072
lpm packets processed: 40512
maglev packets processed: 43136
lpm packets processed: 40576
maglev packets processed: 43200
lpm packets processed: 40640
maglev packets processed: 43264
lpm packets processed: 40704
maglev packets processed: 43328
lpm packets processed: 40768
maglev packets processed: 43392
lpm packets processed: 40832
maglev packets processed: 43456
lpm packets processed: 40896
maglev packets processed: 43520
lpm packets processed: 40960
maglev packets processed: 43584
lpm packets processed: 41024
maglev packets processed: 43648
lpm packets processed: 41088
maglev packets processed: 43712
lpm packets processed: 41152
maglev packets processed: 43776
lpm packets processed: 41216
maglev packets processed: 43840
lpm packets processed: 41280
maglev packets processed: 43904
lpm packets processed: 41344
maglev packets processed: 43968
lpm packets processed: 41408
maglev packets processed: 44032
lpm packets processed: 41472
maglev packets processed: 44096
lpm packets processed: 41536
maglev packets processed: 44160
lpm packets processed: 41600
maglev packets processed: 44224
lpm packets processed: 41664
lpm packets processed: 41728
maglev packets processed: 44288
lpm packets processed: 41792
maglev packets processed: 44352
lpm packets processed: 41856
maglev packets processed: 44416
lpm packets processed: 41920
maglev packets processed: 44480
lpm packets processed: 41984
maglev packets processed: 44544
lpm packets processed: 42048
maglev packets processed: 44608
lpm packets processed: 42112
maglev packets processed: 44672
lpm packets processed: 42176
maglev packets processed: 44736
lpm packets processed: 42240
maglev packets processed: 44800
lpm packets processed: 42304
maglev packets processed: 44864
lpm packets processed: 42368
maglev packets processed: 44928
lpm packets processed: 42432
maglev packets processed: 44992
lpm packets processed: 42496
maglev packets processed: 45056
lpm packets processed: 42560
maglev packets processed: 45120
lpm packets processed: 42624
maglev packets processed: 45184
lpm packets processed: 42688
maglev packets processed: 45248
lpm packets processed: 42752
maglev packets processed: 45312
lpm packets processed: 42816
maglev packets processed: 45376
lpm packets processed: 42880
maglev packets processed: 45440
lpm packets processed: 42944
maglev packets processed: 45504
lpm packets processed: 43008
maglev packets processed: 45568
lpm packets processed: 43072
maglev packets processed: 45632
lpm packets processed: 43136
maglev packets processed: 45696
lpm packets processed: 43200
maglev packets processed: 45760
lpm packets processed: 43264
maglev packets processed: 45824
lpm packets processed: 43328
maglev packets processed: 45888
lpm packets processed: 43392
maglev packets processed: 45952
lpm packets processed: 43456
maglev packets processed: 46016
lpm packets processed: 43520
maglev packets processed: 46080
lpm packets processed: 43584
maglev packets processed: 46144
lpm packets processed: 43648
maglev packets processed: 46208
lpm packets processed: 43712
maglev packets processed: 46272
lpm packets processed: 43776
maglev packets processed: 46336
lpm packets processed: 43840
maglev packets processed: 46400
lpm packets processed: 43904
maglev packets processed: 46464
lpm packets processed: 43968
maglev packets processed: 46528
lpm packets processed: 44032
maglev packets processed: 46592
lpm packets processed: 44096
maglev packets processed: 46656
lpm packets processed: 44160
maglev packets processed: 46720
lpm packets processed: 44224
maglev packets processed: 46784
lpm packets processed: 44288
maglev packets processed: 46848
lpm packets processed: 44352
maglev packets processed: 46912
lpm packets processed: 44416
maglev packets processed: 46976
lpm packets processed: 44480
maglev packets processed: 47040
lpm packets processed: 44544
maglev packets processed: 47104
lpm packets processed: 44608
maglev packets processed: 47168
lpm packets processed: 44672
maglev packets processed: 47232
lpm packets processed: 44736
maglev packets processed: 47296
lpm packets processed: 44800
maglev packets processed: 47360
lpm packets processed: 44864
maglev packets processed: 47424
lpm packets processed: 44928
maglev packets processed: 47488
lpm packets processed: 44992
maglev packets processed: 47552
lpm packets processed: 45056
maglev packets processed: 47616
lpm packets processed: 45120
maglev packets processed: 47680
lpm packets processed: 45184
maglev packets processed: 47744
lpm packets processed: 45248
maglev packets processed: 47808
lpm packets processed: 45312
maglev packets processed: 47872
lpm packets processed: 45376
maglev packets processed: 47936
lpm packets processed: 45440
maglev packets processed: 48000
lpm packets processed: 45504
maglev packets processed: 48064
lpm packets processed: 45568
maglev packets processed: 48128
lpm packets processed: 45632
maglev packets processed: 48192
lpm packets processed: 45696
maglev packets processed: 48256
lpm packets processed: 45760
maglev packets processed: 48320
lpm packets processed: 45824
maglev packets processed: 48384
lpm packets processed: 45888
maglev packets processed: 48448
lpm packets processed: 45952
maglev packets processed: 48512
lpm packets processed: 46016
maglev packets processed: 48576
lpm packets processed: 46080
maglev packets processed: 48640
lpm packets processed: 46144
maglev packets processed: 48704
lpm packets processed: 46208
maglev packets processed: 48768
lpm packets processed: 46272
maglev packets processed: 48832
lpm packets processed: 46336
maglev packets processed: 48896
lpm packets processed: 46400
maglev packets processed: 48960
lpm packets processed: 46464
maglev packets processed: 49024
lpm packets processed: 46528
maglev packets processed: 49088
lpm packets processed: 46592
maglev packets processed: 49152
lpm packets processed: 46656
maglev packets processed: 49216
lpm packets processed: 46720
maglev packets processed: 49280
lpm packets processed: 46784
maglev packets processed: 49344
lpm packets processed: 46848
maglev packets processed: 49408
lpm packets processed: 46912
maglev packets processed: 49472
lpm packets processed: 46976
maglev packets processed: 49536
lpm packets processed: 47040
maglev packets processed: 49600
lpm packets processed: 47104
maglev packets processed: 49664
lpm packets processed: 47168
maglev packets processed: 49728
lpm packets processed: 47232
maglev packets processed: 49792
lpm packets processed: 47296
maglev packets processed: 49856
lpm packets processed: 47360
maglev packets processed: 49920
lpm packets processed: 47424
maglev packets processed: 49984
lpm packets processed: 47488
maglev packets processed: 50048
lpm packets processed: 47552
maglev packets processed: 50112
lpm packets processed: 47616
maglev packets processed: 50176
lpm packets processed: 47680
maglev packets processed: 50240
lpm packets processed: 47744
maglev packets processed: 50304
lpm packets processed: 47808
maglev packets processed: 50368
lpm packets processed: 47872
maglev packets processed: 50432
lpm packets processed: 47936
maglev packets processed: 50496
lpm packets processed: 48000
maglev packets processed: 50560
lpm packets processed: 48064
maglev packets processed: 50624
lpm packets processed: 48128
maglev packets processed: 50688
lpm packets processed: 48192
maglev packets processed: 50752
lpm packets processed: 48256
maglev packets processed: 50816
lpm packets processed: 48320
maglev packets processed: 50880
lpm packets processed: 48384
lpm packets processed: 48448
maglev packets processed: 50944
lpm packets processed: 48512
maglev packets processed: 51008
lpm packets processed: 48576
maglev packets processed: 51072
lpm packets processed: 48640
maglev packets processed: 51136
lpm packets processed: 48704
maglev packets processed: 51200
lpm packets processed: 48768
maglev packets processed: 51264
lpm packets processed: 48832
maglev packets processed: 51328
lpm packets processed: 48896
maglev packets processed: 51392
lpm packets processed: 48960
maglev packets processed: 51456
lpm packets processed: 49024
maglev packets processed: 51520
lpm packets processed: 49088
maglev packets processed: 51584
lpm packets processed: 49152
maglev packets processed: 51648
lpm packets processed: 49216
maglev packets processed: 51712
lpm packets processed: 49280
maglev packets processed: 51776
lpm packets processed: 49344
maglev packets processed: 51840
lpm packets processed: 49408
maglev packets processed: 51904
lpm packets processed: 49472
maglev packets processed: 51968
lpm packets processed: 49536
maglev packets processed: 52032
lpm packets processed: 49600
maglev packets processed: 52096
lpm packets processed: 49664
maglev packets processed: 52160
lpm packets processed: 49728
maglev packets processed: 52224
lpm packets processed: 49792
maglev packets processed: 52288
lpm packets processed: 49856
maglev packets processed: 52352
lpm packets processed: 49920
maglev packets processed: 52416
lpm packets processed: 49984
maglev packets processed: 52480
lpm packets processed: 50048
maglev packets processed: 52544
lpm packets processed: 50112
maglev packets processed: 52608
lpm packets processed: 50176
maglev packets processed: 52672
lpm packets processed: 50240
maglev packets processed: 52736
lpm packets processed: 50304
maglev packets processed: 52800
lpm packets processed: 50368
maglev packets processed: 52864
lpm packets processed: 50432
maglev packets processed: 52928
lpm packets processed: 50496
maglev packets processed: 52992
lpm packets processed: 50560
maglev packets processed: 53056
lpm packets processed: 50624
maglev packets processed: 53120
lpm packets processed: 50688
maglev packets processed: 53184
lpm packets processed: 50752
maglev packets processed: 53248
lpm packets processed: 50816
maglev packets processed: 53312
lpm packets processed: 50880
maglev packets processed: 53376
lpm packets processed: 50944
maglev packets processed: 53440
lpm packets processed: 51008
maglev packets processed: 53504
lpm packets processed: 51072
maglev packets processed: 53568
lpm packets processed: 51136
maglev packets processed: 53632
lpm packets processed: 51200
maglev packets processed: 53696
lpm packets processed: 51264
maglev packets processed: 53760
lpm packets processed: 51328
maglev packets processed: 53824
lpm packets processed: 51392
maglev packets processed: 53888
lpm packets processed: 51456
maglev packets processed: 53952
lpm packets processed: 51520
maglev packets processed: 54016
lpm packets processed: 51584
maglev packets processed: 54080
lpm packets processed: 51648
maglev packets processed: 54144
lpm packets processed: 51712
maglev packets processed: 54208
lpm packets processed: 51776
maglev packets processed: 54272
lpm packets processed: 51840
maglev packets processed: 54336
lpm packets processed: 51904
maglev packets processed: 54400
lpm packets processed: 51968
maglev packets processed: 54464
lpm packets processed: 52032
maglev packets processed: 54528
lpm packets processed: 52096
maglev packets processed: 54592
lpm packets processed: 52160
maglev packets processed: 54656
lpm packets processed: 52224
maglev packets processed: 54720
lpm packets processed: 52288
maglev packets processed: 54784
lpm packets processed: 52352
maglev packets processed: 54848
lpm packets processed: 52416
maglev packets processed: 54912
lpm packets processed: 52480
maglev packets processed: 54976
lpm packets processed: 52544
maglev packets processed: 55040
lpm packets processed: 52608
maglev packets processed: 55104
lpm packets processed: 52672
maglev packets processed: 55168
lpm packets processed: 52736
maglev packets processed: 55232
lpm packets processed: 52800
maglev packets processed: 55296
lpm packets processed: 52864
maglev packets processed: 55360
lpm packets processed: 52928
maglev packets processed: 55424
lpm packets processed: 52992
maglev packets processed: 55488
lpm packets processed: 53056
maglev packets processed: 55552
lpm packets processed: 53120
maglev packets processed: 55616
lpm packets processed: 53184
maglev packets processed: 55680
lpm packets processed: 53248
maglev packets processed: 55744
lpm packets processed: 53312
maglev packets processed: 55808
lpm packets processed: 53376
maglev packets processed: 55872
lpm packets processed: 53440
maglev packets processed: 55936
lpm packets processed: 53504
maglev packets processed: 56000
lpm packets processed: 53568
maglev packets processed: 56064
lpm packets processed: 53632
maglev packets processed: 56128
lpm packets processed: 53696
maglev packets processed: 56192
lpm packets processed: 53760
maglev packets processed: 56256
lpm packets processed: 53824
maglev packets processed: 56320
lpm packets processed: 53888
maglev packets processed: 56384
lpm packets processed: 53952
maglev packets processed: 56448
lpm packets processed: 54016
maglev packets processed: 56512
lpm packets processed: 54080
maglev packets processed: 56576
lpm packets processed: 54144
lpm packets processed: 54208
maglev packets processed: 56640
lpm packets processed: 54272
maglev packets processed: 56704
lpm packets processed: 54336
maglev packets processed: 56768
lpm packets processed: 54400
maglev packets processed: 56832
lpm packets processed: 54464
maglev packets processed: 56896
lpm packets processed: 54528
maglev packets processed: 56960
lpm packets processed: 54592
maglev packets processed: 57024
lpm packets processed: 54656
maglev packets processed: 57088
lpm packets processed: 54720
maglev packets processed: 57152
lpm packets processed: 54784
maglev packets processed: 57216
lpm packets processed: 54848
maglev packets processed: 57280
lpm packets processed: 54912
maglev packets processed: 57344
lpm packets processed: 54976
maglev packets processed: 57408
lpm packets processed: 55040
maglev packets processed: 57472
lpm packets processed: 55104
maglev packets processed: 57536
lpm packets processed: 55168
maglev packets processed: 57600
lpm packets processed: 55232
maglev packets processed: 57664
lpm packets processed: 55296
maglev packets processed: 57728
lpm packets processed: 55360
maglev packets processed: 57792
lpm packets processed: 55424
maglev packets processed: 57856
lpm packets processed: 55488
maglev packets processed: 57920
lpm packets processed: 55552
maglev packets processed: 57984
lpm packets processed: 55616
maglev packets processed: 58048
lpm packets processed: 55680
maglev packets processed: 58112
lpm packets processed: 55744
maglev packets processed: 58176
lpm packets processed: 55808
maglev packets processed: 58240
lpm packets processed: 55872
maglev packets processed: 58304
lpm packets processed: 55936
maglev packets processed: 58368
lpm packets processed: 56000
maglev packets processed: 58432
lpm packets processed: 56064
maglev packets processed: 58496
lpm packets processed: 56128
maglev packets processed: 58560
lpm packets processed: 56192
maglev packets processed: 58624
lpm packets processed: 56256
maglev packets processed: 58688
lpm packets processed: 56320
maglev packets processed: 58752
lpm packets processed: 56384
maglev packets processed: 58816
lpm packets processed: 56448
maglev packets processed: 58880
lpm packets processed: 56512
maglev packets processed: 58944
lpm packets processed: 56576
maglev packets processed: 59008
lpm packets processed: 56640
maglev packets processed: 59072
lpm packets processed: 56704
maglev packets processed: 59136
lpm packets processed: 56768
maglev packets processed: 59200
lpm packets processed: 56832
maglev packets processed: 59264
lpm packets processed: 56896
maglev packets processed: 59328
lpm packets processed: 56960
maglev packets processed: 59392
lpm packets processed: 57024
maglev packets processed: 59456
lpm packets processed: 57088
maglev packets processed: 59520
lpm packets processed: 57152
maglev packets processed: 59584
lpm packets processed: 57216
maglev packets processed: 59648
lpm packets processed: 57280
maglev packets processed: 59712
lpm packets processed: 57344
maglev packets processed: 59776
lpm packets processed: 57408
maglev packets processed: 59840
lpm packets processed: 57472
maglev packets processed: 59904
lpm packets processed: 57536
maglev packets processed: 59968
lpm packets processed: 57600
maglev packets processed: 60032
lpm packets processed: 57664
maglev packets processed: 60096
lpm packets processed: 57728
maglev packets processed: 60160
lpm packets processed: 57792
maglev packets processed: 60224
lpm packets processed: 57856
maglev packets processed: 60288
lpm packets processed: 57920
maglev packets processed: 60352
lpm packets processed: 57984
maglev packets processed: 60416
lpm packets processed: 58048
maglev packets processed: 60480
lpm packets processed: 58112
maglev packets processed: 60544
lpm packets processed: 58176
maglev packets processed: 60608
lpm packets processed: 58240
maglev packets processed: 60672
lpm packets processed: 58304
maglev packets processed: 60736
lpm packets processed: 58368
maglev packets processed: 60800
lpm packets processed: 58432
maglev packets processed: 60864
lpm packets processed: 58496
maglev packets processed: 60928
lpm packets processed: 58560
maglev packets processed: 60992
lpm packets processed: 58624
maglev packets processed: 61056
lpm packets processed: 58688
maglev packets processed: 61120
lpm packets processed: 58752
maglev packets processed: 61184
lpm packets processed: 58816
maglev packets processed: 61248
lpm packets processed: 58880
maglev packets processed: 61312
lpm packets processed: 58944
maglev packets processed: 61376
lpm packets processed: 59008
maglev packets processed: 61440
lpm packets processed: 59072
maglev packets processed: 61504
lpm packets processed: 59136
maglev packets processed: 61568
lpm packets processed: 59200
maglev packets processed: 61632
lpm packets processed: 59264
maglev packets processed: 61696
lpm packets processed: 59328
maglev packets processed: 61760
lpm packets processed: 59392
maglev packets processed: 61824
lpm packets processed: 59456
maglev packets processed: 61888
lpm packets processed: 59520
maglev packets processed: 61952
lpm packets processed: 59584
maglev packets processed: 62016
lpm packets processed: 59648
maglev packets processed: 62080
lpm packets processed: 59712
maglev packets processed: 62144
lpm packets processed: 59776
maglev packets processed: 62208
lpm packets processed: 59840
maglev packets processed: 62272
lpm packets processed: 59904
maglev packets processed: 62336
lpm packets processed: 59968
maglev packets processed: 62400
lpm packets processed: 60032
maglev packets processed: 62464
lpm packets processed: 60096
maglev packets processed: 62528
lpm packets processed: 60160
maglev packets processed: 62592
lpm packets processed: 60224
maglev packets processed: 62656
lpm packets processed: 60288
maglev packets processed: 62720
lpm packets processed: 60352
maglev packets processed: 62784
lpm packets processed: 60416
maglev packets processed: 62848
lpm packets processed: 60480
maglev packets processed: 62912
lpm packets processed: 60544
maglev packets processed: 62976
lpm packets processed: 60608
maglev packets processed: 63040
lpm packets processed: 60672
maglev packets processed: 63104
lpm packets processed: 60736
maglev packets processed: 63168
lpm packets processed: 60800
maglev packets processed: 63232
lpm packets processed: 60864
maglev packets processed: 63296
lpm packets processed: 60928
maglev packets processed: 63360
lpm packets processed: 60992
maglev packets processed: 63424
lpm packets processed: 61056
maglev packets processed: 63488
lpm packets processed: 61120
lpm packets processed: 61184
maglev packets processed: 63552
lpm packets processed: 61248
maglev packets processed: 63616
lpm packets processed: 61312
maglev packets processed: 63680
lpm packets processed: 61376
maglev packets processed: 63744
lpm packets processed: 61440
maglev packets processed: 63808
lpm packets processed: 61504
maglev packets processed: 63872
lpm packets processed: 61568
maglev packets processed: 63936
lpm packets processed: 61632
maglev packets processed: 64000
lpm packets processed: 61696
maglev packets processed: 64064
lpm packets processed: 61760
maglev packets processed: 64128
lpm packets processed: 61824
maglev packets processed: 64192
lpm packets processed: 61888
maglev packets processed: 64256
lpm packets processed: 61952
maglev packets processed: 64320
lpm packets processed: 62016
maglev packets processed: 64384
lpm packets processed: 62080
maglev packets processed: 64448
lpm packets processed: 62144
maglev packets processed: 64512
lpm packets processed: 62208
maglev packets processed: 64576
lpm packets processed: 62272
maglev packets processed: 64640
lpm packets processed: 62336
maglev packets processed: 64704
lpm packets processed: 62400
maglev packets processed: 64768
lpm packets processed: 62464
maglev packets processed: 64832
lpm packets processed: 62528
maglev packets processed: 64896
lpm packets processed: 62592
maglev packets processed: 64960
lpm packets processed: 62656
maglev packets processed: 65024
lpm packets processed: 62720
maglev packets processed: 65088
lpm packets processed: 62784
maglev packets processed: 65152
lpm packets processed: 62848
maglev packets processed: 65216
lpm packets processed: 62912
maglev packets processed: 65280
lpm packets processed: 62976
maglev packets processed: 65344
lpm packets processed: 63040
maglev packets processed: 65408
lpm packets processed: 63104
maglev packets processed: 65472
lpm packets processed: 63168
maglev packets processed: 65536
lpm packets processed: 63232
maglev packets processed: 65600
lpm packets processed: 63296
maglev packets processed: 65664
lpm packets processed: 63360
maglev packets processed: 65728
lpm packets processed: 63424
maglev packets processed: 65792
lpm packets processed: 63488
maglev packets processed: 65856
lpm packets processed: 63552
maglev packets processed: 65920
lpm packets processed: 63616
maglev packets processed: 65984
lpm packets processed: 63680
maglev packets processed: 66048
lpm packets processed: 63744
maglev packets processed: 66112
lpm packets processed: 63808
maglev packets processed: 66176
lpm packets processed: 63872
maglev packets processed: 66240
lpm packets processed: 63936
maglev packets processed: 66304
lpm packets processed: 64000
maglev packets processed: 66368
lpm packets processed: 64064
maglev packets processed: 66432
lpm packets processed: 64128
maglev packets processed: 66496
lpm packets processed: 64192
maglev packets processed: 66560
lpm packets processed: 64256
maglev packets processed: 66624
lpm packets processed: 64320
maglev packets processed: 66688
lpm packets processed: 64384
maglev packets processed: 66752
lpm packets processed: 64448
maglev packets processed: 66816
lpm packets processed: 64512
maglev packets processed: 66880
lpm packets processed: 64576
maglev packets processed: 66944
lpm packets processed: 64640
maglev packets processed: 67008
lpm packets processed: 64704
maglev packets processed: 67072
lpm packets processed: 64768
maglev packets processed: 67136
lpm packets processed: 64832
maglev packets processed: 67200
lpm packets processed: 64896
maglev packets processed: 67264
lpm packets processed: 64960
maglev packets processed: 67328
lpm packets processed: 65024
maglev packets processed: 67392
lpm packets processed: 65088
maglev packets processed: 67456
lpm packets processed: 65152
maglev packets processed: 67520
lpm packets processed: 65216
maglev packets processed: 67584
lpm packets processed: 65280
maglev packets processed: 67648
lpm packets processed: 65344
maglev packets processed: 67712
lpm packets processed: 65408
maglev packets processed: 67776
lpm packets processed: 65472
maglev packets processed: 67840
lpm packets processed: 65536
maglev packets processed: 67904
lpm packets processed: 65600
maglev packets processed: 67968
lpm packets processed: 65664
maglev packets processed: 68032
lpm packets processed: 65728
maglev packets processed: 68096
lpm packets processed: 65792
maglev packets processed: 68160
lpm packets processed: 65856
maglev packets processed: 68224
lpm packets processed: 65920
maglev packets processed: 68288
lpm packets processed: 65984
maglev packets processed: 68352
lpm packets processed: 66048
maglev packets processed: 68416
lpm packets processed: 66112
maglev packets processed: 68480
lpm packets processed: 66176
maglev packets processed: 68544
lpm packets processed: 66240
maglev packets processed: 68608
lpm packets processed: 66304
maglev packets processed: 68672
lpm packets processed: 66368
maglev packets processed: 68736
lpm packets processed: 66432
maglev packets processed: 68800
lpm packets processed: 66496
maglev packets processed: 68864
lpm packets processed: 66560
maglev packets processed: 68928
lpm packets processed: 66624
maglev packets processed: 68992
lpm packets processed: 66688
maglev packets processed: 69056
lpm packets processed: 66752
maglev packets processed: 69120
lpm packets processed: 66816
maglev packets processed: 69184
lpm packets processed: 66880
maglev packets processed: 69248
lpm packets processed: 66944
maglev packets processed: 69312
lpm packets processed: 67008
maglev packets processed: 69376
lpm packets processed: 67072
maglev packets processed: 69440
lpm packets processed: 67136
maglev packets processed: 69504
lpm packets processed: 67200
maglev packets processed: 69568
lpm packets processed: 67264
maglev packets processed: 69632
lpm packets processed: 67328
maglev packets processed: 69696
lpm packets processed: 67392
maglev packets processed: 69760
lpm packets processed: 67456
maglev packets processed: 69824
lpm packets processed: 67520
maglev packets processed: 69888
lpm packets processed: 67584
maglev packets processed: 69952
lpm packets processed: 67648
maglev packets processed: 70016
lpm packets processed: 67712
maglev packets processed: 70080
lpm packets processed: 67776
maglev packets processed: 70144
lpm packets processed: 67840
maglev packets processed: 70208
lpm packets processed: 67904
maglev packets processed: 70272
lpm packets processed: 67968
maglev packets processed: 70336
lpm packets processed: 68032
lpm packets processed: 68096
maglev packets processed: 70400
lpm packets processed: 68160
maglev packets processed: 70464
lpm packets processed: 68224
maglev packets processed: 70528
lpm packets processed: 68288
maglev packets processed: 70592
lpm packets processed: 68352
maglev packets processed: 70656
lpm packets processed: 68416
maglev packets processed: 70720
lpm packets processed: 68480
maglev packets processed: 70784
lpm packets processed: 68544
maglev packets processed: 70848
lpm packets processed: 68608
maglev packets processed: 70912
lpm packets processed: 68672
maglev packets processed: 70976
lpm packets processed: 68736
maglev packets processed: 71040
lpm packets processed: 68800
maglev packets processed: 71104
lpm packets processed: 68864
maglev packets processed: 71168
lpm packets processed: 68928
maglev packets processed: 71232
lpm packets processed: 68992
maglev packets processed: 71296
lpm packets processed: 69056
maglev packets processed: 71360
lpm packets processed: 69120
maglev packets processed: 71424
lpm packets processed: 69184
maglev packets processed: 71488
lpm packets processed: 69248
maglev packets processed: 71552
lpm packets processed: 69312
maglev packets processed: 71616
lpm packets processed: 69376
maglev packets processed: 71680
lpm packets processed: 69440
maglev packets processed: 71744
lpm packets processed: 69504
maglev packets processed: 71808
lpm packets processed: 69568
maglev packets processed: 71872
lpm packets processed: 69632
maglev packets processed: 71936
lpm packets processed: 69696
maglev packets processed: 72000
lpm packets processed: 69760
maglev packets processed: 72064
lpm packets processed: 69824
maglev packets processed: 72128
lpm packets processed: 69888
maglev packets processed: 72192
lpm packets processed: 69952
maglev packets processed: 72256
lpm packets processed: 70016
maglev packets processed: 72320
lpm packets processed: 70080
maglev packets processed: 72384
lpm packets processed: 70144
maglev packets processed: 72448
lpm packets processed: 70208
maglev packets processed: 72512
lpm packets processed: 70272
maglev packets processed: 72576
lpm packets processed: 70336
maglev packets processed: 72640
lpm packets processed: 70400
maglev packets processed: 72704
lpm packets processed: 70464
maglev packets processed: 72768
lpm packets processed: 70528
maglev packets processed: 72832
lpm packets processed: 70592
maglev packets processed: 72896
lpm packets processed: 70656
maglev packets processed: 72960
lpm packets processed: 70720
maglev packets processed: 73024
lpm packets processed: 70784
maglev packets processed: 73088
lpm packets processed: 70848
maglev packets processed: 73152
lpm packets processed: 70912
maglev packets processed: 73216
lpm packets processed: 70976
maglev packets processed: 73280
lpm packets processed: 71040
maglev packets processed: 73344
lpm packets processed: 71104
maglev packets processed: 73408
lpm packets processed: 71168
maglev packets processed: 73472
lpm packets processed: 71232
maglev packets processed: 73536
lpm packets processed: 71296
maglev packets processed: 73600
lpm packets processed: 71360
maglev packets processed: 73664
lpm packets processed: 71424
maglev packets processed: 73728
lpm packets processed: 71488
maglev packets processed: 73792
lpm packets processed: 71552
maglev packets processed: 73856
lpm packets processed: 71616
maglev packets processed: 73920
lpm packets processed: 71680
maglev packets processed: 73984
lpm packets processed: 71744
maglev packets processed: 74048
lpm packets processed: 71808
maglev packets processed: 74112
lpm packets processed: 71872
maglev packets processed: 74176
lpm packets processed: 71936
maglev packets processed: 74240
lpm packets processed: 72000
maglev packets processed: 74304
lpm packets processed: 72064
maglev packets processed: 74368
lpm packets processed: 72128
maglev packets processed: 74432
lpm packets processed: 72192
maglev packets processed: 74496
lpm packets processed: 72256
maglev packets processed: 74560
lpm packets processed: 72320
maglev packets processed: 74624
lpm packets processed: 72384
maglev packets processed: 74688
lpm packets processed: 72448
maglev packets processed: 74752
lpm packets processed: 72512
maglev packets processed: 74816
lpm packets processed: 72576
maglev packets processed: 74880
lpm packets processed: 72640
maglev packets processed: 74944
lpm packets processed: 72704
maglev packets processed: 75008
lpm packets processed: 72768
maglev packets processed: 75072
lpm packets processed: 72832
maglev packets processed: 75136
lpm packets processed: 72896
a thread in cpu1 reached the max instruction count @ 526320634098
maglev packets processed: 75200
lpm packets processed: 72960
maglev packets processed: 75264
lpm packets processed: 73024
maglev packets processed: 75328
lpm packets processed: 73088
maglev packets processed: 75392
lpm packets processed: 73152
maglev packets processed: 75456
a thread in cpu0 reached the max instruction count @ 528010779300
Switched CPUS @ tick 528010779300
Changing memory mode to timing
switching cpus
**** REAL SIMULATION ****
info: Entering event queue @ 528010779300.  Starting simulation...
lpm packets processed: 73216
maglev packets processed: 75520
lpm packets processed: 73280
maglev packets processed: 75584
lpm packets processed: 73344
maglev packets processed: 75648
lpm packets processed: 73408
maglev packets processed: 75712
lpm packets processed: 73472
maglev packets processed: 75776
lpm packets processed: 73536
maglev packets processed: 75840
lpm packets processed: 73600
maglev packets processed: 75904
lpm packets processed: 73664
maglev packets processed: 75968
lpm packets processed: 73728
maglev packets processed: 76032
lpm packets processed: 73792
maglev packets processed: 76096
lpm packets processed: 73856
maglev packets processed: 76160
lpm packets processed: 73920
maglev packets processed: 76224
lpm packets processed: 73984
lpm packets processed: 74048
maglev packets processed: 76288
a thread in cpu1 reached the max instruction count @ 531596154057
Exiting @ tick 531628944435 because a thread in cpu0 reached the max instruction count
