gem5 Simulator System.  http://gem5.org
gem5 is copyrighted software; use the --copyright option for details.

gem5 compiled Jan 31 2020 21:24:55
gem5 started Jan 31 2020 21:25:59
gem5 executing on node-1.yangzhou-qv63200.lambda-mpi-pg0.clemson.cloudlab.us
command line: build/ARM/gem5.fast --remote-gdb-port=0 --outdir=/users/yangzhou/GEM5_DRAMSim2/sgx_nic/m5out/detailed_dpi.maglev_256kB_tp --stats-file=detailed_dpi.maglev_256kB_tp_stats.txt configs/dramsim2/dramsim2_se.py --cpu-type=detailed --clock=2.4GHz --cacheline_size=128 --caches --l2cache --l2config=private --l2_size=128kB --l2_assoc=16 --fixaddr --rr_nc --split_mshr --split_rport --dramsim2 --tpturnlength=6 --devicecfg=./ext/DRAMSim2/ini/DDR3_micron_16M_8B_x8_sg15.ini --systemcfg=./ext/DRAMSim2/system_tp.ini --outputfile=/dev/null --fast-forward=1000000000 --maxinsts=10000000 --maxtick=2000000000000 --numpids=2 --p0=/users/yangzhou/NF-GEM5/dpi --p1=/users/yangzhou/NF-GEM5/maglev
Global frequency set at 1000000000000 ticks per second
device file: ./ext/DRAMSim2/ini/DDR3_micron_16M_8B_x8_sg15.ini
system file: ./ext/DRAMSim2/system_tp.ini
output file: /dev/null
DEBUGSTR My tpTurnLength is 6
genTrace is 0
finish initializing memory controller
CPU Clock = 2398MHz
DRAM Clock = 1600MHz
Memory Capacity = 16384MB
initialize the layer 2
initialize the layer 2
Switch at instruction count:1000000000
info: Entering event queue @ 0.  Starting simulation...
info: Increasing stack size by one page.
info: Increasing stack size by one page.
acsmMaxStates: 724071
acsmNumStates: 467695
trying to open file /users/yangzhou/ictf2010_100kflow.dat
opening succeeds
Reading pkt trace done!
average pkt size = 607.092021
maglev packets processed: 64
maglev packets processed: 128
maglev packets processed: 192
maglev packets processed: 256
maglev packets processed: 320
maglev packets processed: 384
maglev packets processed: 448
maglev packets processed: 512
maglev packets processed: 576
maglev packets processed: 640
maglev packets processed: 704
maglev packets processed: 768
maglev packets processed: 832
maglev packets processed: 896
maglev packets processed: 960
maglev packets processed: 1024
maglev packets processed: 1088
maglev packets processed: 1152
maglev packets processed: 1216
maglev packets processed: 1280
maglev packets processed: 1344
maglev packets processed: 1408
maglev packets processed: 1472
maglev packets processed: 1536
maglev packets processed: 1600
maglev packets processed: 1664
maglev packets processed: 1728
maglev packets processed: 1792
maglev packets processed: 1856
maglev packets processed: 1920
maglev packets processed: 1984
maglev packets processed: 2048
maglev packets processed: 2112
maglev packets processed: 2176
maglev packets processed: 2240
maglev packets processed: 2304
maglev packets processed: 2368
maglev packets processed: 2432
maglev packets processed: 2496
maglev packets processed: 2560
maglev packets processed: 2624
maglev packets processed: 2688
maglev packets processed: 2752
maglev packets processed: 2816
maglev packets processed: 2880
maglev packets processed: 2944
maglev packets processed: 3008
maglev packets processed: 3072
maglev packets processed: 3136
maglev packets processed: 3200
maglev packets processed: 3264
maglev packets processed: 3328
maglev packets processed: 3392
maglev packets processed: 3456
maglev packets processed: 3520
maglev packets processed: 3584
maglev packets processed: 3648
maglev packets processed: 3712
maglev packets processed: 3776
maglev packets processed: 3840
maglev packets processed: 3904
maglev packets processed: 3968
maglev packets processed: 4032
maglev packets processed: 4096
maglev packets processed: 4160
maglev packets processed: 4224
maglev packets processed: 4288
maglev packets processed: 4352
maglev packets processed: 4416
maglev packets processed: 4480
maglev packets processed: 4544
maglev packets processed: 4608
maglev packets processed: 4672
maglev packets processed: 4736
maglev packets processed: 4800
maglev packets processed: 4864
maglev packets processed: 4928
maglev packets processed: 4992
maglev packets processed: 5056
maglev packets processed: 5120
maglev packets processed: 5184
maglev packets processed: 5248
maglev packets processed: 5312
maglev packets processed: 5376
maglev packets processed: 5440
maglev packets processed: 5504
maglev packets processed: 5568
maglev packets processed: 5632
maglev packets processed: 5696
maglev packets processed: 5760
maglev packets processed: 5824
maglev packets processed: 5888
maglev packets processed: 5952
maglev packets processed: 6016
maglev packets processed: 6080
maglev packets processed: 6144
maglev packets processed: 6208
maglev packets processed: 6272
maglev packets processed: 6336
maglev packets processed: 6400
maglev packets processed: 6464
maglev packets processed: 6528
maglev packets processed: 6592
maglev packets processed: 6656
maglev packets processed: 6720
maglev packets processed: 6784
maglev packets processed: 6848
maglev packets processed: 6912
maglev packets processed: 6976
maglev packets processed: 7040
maglev packets processed: 7104
maglev packets processed: 7168
maglev packets processed: 7232
maglev packets processed: 7296
maglev packets processed: 7360
maglev packets processed: 7424
maglev packets processed: 7488
maglev packets processed: 7552
maglev packets processed: 7616
maglev packets processed: 7680
maglev packets processed: 7744
maglev packets processed: 7808
maglev packets processed: 7872
maglev packets processed: 7936
maglev packets processed: 8000
maglev packets processed: 8064
maglev packets processed: 8128
maglev packets processed: 8192
maglev packets processed: 8256
maglev packets processed: 8320
maglev packets processed: 8384
maglev packets processed: 8448
maglev packets processed: 8512
maglev packets processed: 8576
maglev packets processed: 8640
maglev packets processed: 8704
maglev packets processed: 8768
maglev packets processed: 8832
maglev packets processed: 8896
maglev packets processed: 8960
maglev packets processed: 9024
maglev packets processed: 9088
maglev packets processed: 9152
maglev packets processed: 9216
maglev packets processed: 9280
maglev packets processed: 9344
maglev packets processed: 9408
maglev packets processed: 9472
maglev packets processed: 9536
maglev packets processed: 9600
maglev packets processed: 9664
maglev packets processed: 9728
maglev packets processed: 9792
maglev packets processed: 9856
maglev packets processed: 9920
maglev packets processed: 9984
maglev packets processed: 10048
maglev packets processed: 10112
maglev packets processed: 10176
maglev packets processed: 10240
maglev packets processed: 10304
maglev packets processed: 10368
maglev packets processed: 10432
maglev packets processed: 10496
maglev packets processed: 10560
maglev packets processed: 10624
maglev packets processed: 10688
maglev packets processed: 10752
maglev packets processed: 10816
maglev packets processed: 10880
maglev packets processed: 10944
maglev packets processed: 11008
maglev packets processed: 11072
maglev packets processed: 11136
maglev packets processed: 11200
maglev packets processed: 11264
maglev packets processed: 11328
maglev packets processed: 11392
maglev packets processed: 11456
maglev packets processed: 11520
maglev packets processed: 11584
maglev packets processed: 11648
maglev packets processed: 11712
maglev packets processed: 11776
maglev packets processed: 11840
maglev packets processed: 11904
maglev packets processed: 11968
maglev packets processed: 12032
maglev packets processed: 12096
maglev packets processed: 12160
maglev packets processed: 12224
maglev packets processed: 12288
maglev packets processed: 12352
maglev packets processed: 12416
maglev packets processed: 12480
maglev packets processed: 12544
maglev packets processed: 12608
maglev packets processed: 12672
maglev packets processed: 12736
maglev packets processed: 12800
maglev packets processed: 12864
maglev packets processed: 12928
maglev packets processed: 12992
maglev packets processed: 13056
maglev packets processed: 13120
maglev packets processed: 13184
maglev packets processed: 13248
maglev packets processed: 13312
maglev packets processed: 13376
maglev packets processed: 13440
maglev packets processed: 13504
maglev packets processed: 13568
maglev packets processed: 13632
maglev packets processed: 13696
maglev packets processed: 13760
maglev packets processed: 13824
maglev packets processed: 13888
maglev packets processed: 13952
maglev packets processed: 14016
maglev packets processed: 14080
maglev packets processed: 14144
maglev packets processed: 14208
maglev packets processed: 14272
maglev packets processed: 14336
maglev packets processed: 14400
maglev packets processed: 14464
maglev packets processed: 14528
maglev packets processed: 14592
maglev packets processed: 14656
maglev packets processed: 14720
maglev packets processed: 14784
maglev packets processed: 14848
maglev packets processed: 14912
maglev packets processed: 14976
maglev packets processed: 15040
maglev packets processed: 15104
maglev packets processed: 15168
maglev packets processed: 15232
maglev packets processed: 15296
maglev packets processed: 15360
maglev packets processed: 15424
maglev packets processed: 15488
maglev packets processed: 15552
maglev packets processed: 15616
maglev packets processed: 15680
maglev packets processed: 15744
maglev packets processed: 15808
maglev packets processed: 15872
maglev packets processed: 15936
maglev packets processed: 16000
maglev packets processed: 16064
maglev packets processed: 16128
maglev packets processed: 16192
maglev packets processed: 16256
maglev packets processed: 16320
maglev packets processed: 16384
maglev packets processed: 16448
maglev packets processed: 16512
maglev packets processed: 16576
maglev packets processed: 16640
maglev packets processed: 16704
maglev packets processed: 16768
maglev packets processed: 16832
maglev packets processed: 16896
maglev packets processed: 16960
maglev packets processed: 17024
maglev packets processed: 17088
maglev packets processed: 17152
maglev packets processed: 17216
maglev packets processed: 17280
maglev packets processed: 17344
maglev packets processed: 17408
maglev packets processed: 17472
maglev packets processed: 17536
maglev packets processed: 17600
maglev packets processed: 17664
maglev packets processed: 17728
maglev packets processed: 17792
maglev packets processed: 17856
maglev packets processed: 17920
maglev packets processed: 17984
maglev packets processed: 18048
maglev packets processed: 18112
maglev packets processed: 18176
maglev packets processed: 18240
maglev packets processed: 18304
maglev packets processed: 18368
maglev packets processed: 18432
maglev packets processed: 18496
maglev packets processed: 18560
maglev packets processed: 18624
maglev packets processed: 18688
maglev packets processed: 18752
maglev packets processed: 18816
maglev packets processed: 18880
maglev packets processed: 18944
maglev packets processed: 19008
maglev packets processed: 19072
maglev packets processed: 19136
maglev packets processed: 19200
maglev packets processed: 19264
maglev packets processed: 19328
maglev packets processed: 19392
maglev packets processed: 19456
maglev packets processed: 19520
maglev packets processed: 19584
maglev packets processed: 19648
maglev packets processed: 19712
maglev packets processed: 19776
maglev packets processed: 19840
maglev packets processed: 19904
maglev packets processed: 19968
maglev packets processed: 20032
maglev packets processed: 20096
maglev packets processed: 20160
maglev packets processed: 20224
maglev packets processed: 20288
maglev packets processed: 20352
maglev packets processed: 20416
maglev packets processed: 20480
maglev packets processed: 20544
maglev packets processed: 20608
maglev packets processed: 20672
maglev packets processed: 20736
maglev packets processed: 20800
maglev packets processed: 20864
maglev packets processed: 20928
maglev packets processed: 20992
maglev packets processed: 21056
maglev packets processed: 21120
maglev packets processed: 21184
maglev packets processed: 21248
maglev packets processed: 21312
maglev packets processed: 21376
maglev packets processed: 21440
maglev packets processed: 21504
maglev packets processed: 21568
maglev packets processed: 21632
maglev packets processed: 21696
maglev packets processed: 21760
maglev packets processed: 21824
maglev packets processed: 21888
maglev packets processed: 21952
maglev packets processed: 22016
maglev packets processed: 22080
maglev packets processed: 22144
maglev packets processed: 22208
maglev packets processed: 22272
maglev packets processed: 22336
maglev packets processed: 22400
maglev packets processed: 22464
maglev packets processed: 22528
maglev packets processed: 22592
maglev packets processed: 22656
maglev packets processed: 22720
maglev packets processed: 22784
maglev packets processed: 22848
maglev packets processed: 22912
maglev packets processed: 22976
maglev packets processed: 23040
maglev packets processed: 23104
maglev packets processed: 23168
maglev packets processed: 23232
maglev packets processed: 23296
maglev packets processed: 23360
maglev packets processed: 23424
maglev packets processed: 23488
maglev packets processed: 23552
maglev packets processed: 23616
maglev packets processed: 23680
maglev packets processed: 23744
maglev packets processed: 23808
maglev packets processed: 23872
maglev packets processed: 23936
maglev packets processed: 24000
maglev packets processed: 24064
maglev packets processed: 24128
maglev packets processed: 24192
maglev packets processed: 24256
maglev packets processed: 24320
maglev packets processed: 24384
maglev packets processed: 24448
maglev packets processed: 24512
maglev packets processed: 24576
maglev packets processed: 24640
maglev packets processed: 24704
maglev packets processed: 24768
maglev packets processed: 24832
maglev packets processed: 24896
maglev packets processed: 24960
maglev packets processed: 25024
maglev packets processed: 25088
maglev packets processed: 25152
maglev packets processed: 25216
maglev packets processed: 25280
maglev packets processed: 25344
maglev packets processed: 25408
maglev packets processed: 25472
maglev packets processed: 25536
maglev packets processed: 25600
maglev packets processed: 25664
maglev packets processed: 25728
maglev packets processed: 25792
maglev packets processed: 25856
maglev packets processed: 25920
maglev packets processed: 25984
maglev packets processed: 26048
maglev packets processed: 26112
maglev packets processed: 26176
maglev packets processed: 26240
maglev packets processed: 26304
maglev packets processed: 26368
maglev packets processed: 26432
maglev packets processed: 26496
maglev packets processed: 26560
maglev packets processed: 26624
maglev packets processed: 26688
maglev packets processed: 26752
maglev packets processed: 26816
maglev packets processed: 26880
maglev packets processed: 26944
maglev packets processed: 27008
maglev packets processed: 27072
maglev packets processed: 27136
maglev packets processed: 27200
maglev packets processed: 27264
maglev packets processed: 27328
maglev packets processed: 27392
maglev packets processed: 27456
maglev packets processed: 27520
maglev packets processed: 27584
maglev packets processed: 27648
maglev packets processed: 27712
maglev packets processed: 27776
maglev packets processed: 27840
maglev packets processed: 27904
maglev packets processed: 27968
maglev packets processed: 28032
maglev packets processed: 28096
maglev packets processed: 28160
maglev packets processed: 28224
maglev packets processed: 28288
maglev packets processed: 28352
maglev packets processed: 28416
maglev packets processed: 28480
maglev packets processed: 28544
maglev packets processed: 28608
maglev packets processed: 28672
maglev packets processed: 28736
maglev packets processed: 28800
maglev packets processed: 28864
maglev packets processed: 28928
maglev packets processed: 28992
maglev packets processed: 29056
maglev packets processed: 29120
maglev packets processed: 29184
maglev packets processed: 29248
maglev packets processed: 29312
maglev packets processed: 29376
maglev packets processed: 29440
maglev packets processed: 29504
maglev packets processed: 29568
maglev packets processed: 29632
maglev packets processed: 29696
maglev packets processed: 29760
maglev packets processed: 29824
maglev packets processed: 29888
maglev packets processed: 29952
maglev packets processed: 30016
maglev packets processed: 30080
maglev packets processed: 30144
maglev packets processed: 30208
maglev packets processed: 30272
maglev packets processed: 30336
maglev packets processed: 30400
maglev packets processed: 30464
maglev packets processed: 30528
maglev packets processed: 30592
maglev packets processed: 30656
maglev packets processed: 30720
maglev packets processed: 30784
maglev packets processed: 30848
maglev packets processed: 30912
maglev packets processed: 30976
maglev packets processed: 31040
maglev packets processed: 31104
maglev packets processed: 31168
maglev packets processed: 31232
maglev packets processed: 31296
maglev packets processed: 31360
maglev packets processed: 31424
maglev packets processed: 31488
maglev packets processed: 31552
maglev packets processed: 31616
maglev packets processed: 31680
maglev packets processed: 31744
maglev packets processed: 31808
maglev packets processed: 31872
maglev packets processed: 31936
maglev packets processed: 32000
maglev packets processed: 32064
maglev packets processed: 32128
maglev packets processed: 32192
maglev packets processed: 32256
maglev packets processed: 32320
maglev packets processed: 32384
ac restore done!
trying to open file /users/yangzhou/ictf2010_100kflow.dat
opening succeeds
maglev packets processed: 32448
maglev packets processed: 32512
maglev packets processed: 32576
maglev packets processed: 32640
maglev packets processed: 32704
maglev packets processed: 32768
maglev packets processed: 32832
maglev packets processed: 32896
maglev packets processed: 32960
maglev packets processed: 33024
maglev packets processed: 33088
maglev packets processed: 33152
maglev packets processed: 33216
maglev packets processed: 33280
maglev packets processed: 33344
maglev packets processed: 33408
maglev packets processed: 33472
maglev packets processed: 33536
maglev packets processed: 33600
maglev packets processed: 33664
maglev packets processed: 33728
maglev packets processed: 33792
maglev packets processed: 33856
maglev packets processed: 33920
maglev packets processed: 33984
maglev packets processed: 34048
maglev packets processed: 34112
maglev packets processed: 34176
maglev packets processed: 34240
maglev packets processed: 34304
maglev packets processed: 34368
maglev packets processed: 34432
maglev packets processed: 34496
maglev packets processed: 34560
maglev packets processed: 34624
maglev packets processed: 34688
maglev packets processed: 34752
maglev packets processed: 34816
maglev packets processed: 34880
maglev packets processed: 34944
maglev packets processed: 35008
maglev packets processed: 35072
maglev packets processed: 35136
maglev packets processed: 35200
maglev packets processed: 35264
maglev packets processed: 35328
maglev packets processed: 35392
maglev packets processed: 35456
maglev packets processed: 35520
maglev packets processed: 35584
maglev packets processed: 35648
maglev packets processed: 35712
maglev packets processed: 35776
maglev packets processed: 35840
maglev packets processed: 35904
maglev packets processed: 35968
maglev packets processed: 36032
maglev packets processed: 36096
maglev packets processed: 36160
maglev packets processed: 36224
maglev packets processed: 36288
maglev packets processed: 36352
maglev packets processed: 36416
maglev packets processed: 36480
maglev packets processed: 36544
maglev packets processed: 36608
maglev packets processed: 36672
maglev packets processed: 36736
maglev packets processed: 36800
maglev packets processed: 36864
maglev packets processed: 36928
maglev packets processed: 36992
maglev packets processed: 37056
maglev packets processed: 37120
maglev packets processed: 37184
maglev packets processed: 37248
maglev packets processed: 37312
maglev packets processed: 37376
maglev packets processed: 37440
maglev packets processed: 37504
maglev packets processed: 37568
maglev packets processed: 37632
maglev packets processed: 37696
maglev packets processed: 37760
maglev packets processed: 37824
maglev packets processed: 37888
maglev packets processed: 37952
maglev packets processed: 38016
maglev packets processed: 38080
maglev packets processed: 38144
maglev packets processed: 38208
maglev packets processed: 38272
maglev packets processed: 38336
maglev packets processed: 38400
maglev packets processed: 38464
maglev packets processed: 38528
maglev packets processed: 38592
maglev packets processed: 38656
maglev packets processed: 38720
maglev packets processed: 38784
maglev packets processed: 38848
maglev packets processed: 38912
maglev packets processed: 38976
maglev packets processed: 39040
maglev packets processed: 39104
maglev packets processed: 39168
maglev packets processed: 39232
maglev packets processed: 39296
maglev packets processed: 39360
maglev packets processed: 39424
maglev packets processed: 39488
maglev packets processed: 39552
maglev packets processed: 39616
maglev packets processed: 39680
maglev packets processed: 39744
maglev packets processed: 39808
maglev packets processed: 39872
maglev packets processed: 39936
maglev packets processed: 40000
maglev packets processed: 40064
maglev packets processed: 40128
maglev packets processed: 40192
maglev packets processed: 40256
maglev packets processed: 40320
maglev packets processed: 40384
maglev packets processed: 40448
maglev packets processed: 40512
maglev packets processed: 40576
maglev packets processed: 40640
maglev packets processed: 40704
maglev packets processed: 40768
maglev packets processed: 40832
maglev packets processed: 40896
maglev packets processed: 40960
maglev packets processed: 41024
maglev packets processed: 41088
maglev packets processed: 41152
maglev packets processed: 41216
maglev packets processed: 41280
maglev packets processed: 41344
maglev packets processed: 41408
maglev packets processed: 41472
maglev packets processed: 41536
maglev packets processed: 41600
maglev packets processed: 41664
maglev packets processed: 41728
maglev packets processed: 41792
maglev packets processed: 41856
maglev packets processed: 41920
maglev packets processed: 41984
maglev packets processed: 42048
maglev packets processed: 42112
maglev packets processed: 42176
maglev packets processed: 42240
Reading pkt trace done!
average pkt size = 607.092021
maglev packets processed: 42304
maglev packets processed: 42368
dpi packets processed: 64
maglev packets processed: 42432
maglev packets processed: 42496
dpi packets processed: 128
maglev packets processed: 42560
dpi packets processed: 192
maglev packets processed: 42624
maglev packets processed: 42688
dpi packets processed: 256
maglev packets processed: 42752
dpi packets processed: 320
maglev packets processed: 42816
maglev packets processed: 42880
dpi packets processed: 384
maglev packets processed: 42944
dpi packets processed: 448
maglev packets processed: 43008
maglev packets processed: 43072
dpi packets processed: 512
maglev packets processed: 43136
maglev packets processed: 43200
dpi packets processed: 576
maglev packets processed: 43264
dpi packets processed: 640
maglev packets processed: 43328
maglev packets processed: 43392
dpi packets processed: 704
maglev packets processed: 43456
maglev packets processed: 43520
dpi packets processed: 768
maglev packets processed: 43584
dpi packets processed: 832
maglev packets processed: 43648
maglev packets processed: 43712
dpi packets processed: 896
maglev packets processed: 43776
dpi packets processed: 960
maglev packets processed: 43840
maglev packets processed: 43904
dpi packets processed: 1024
maglev packets processed: 43968
maglev packets processed: 44032
dpi packets processed: 1088
maglev packets processed: 44096
dpi packets processed: 1152
maglev packets processed: 44160
maglev packets processed: 44224
dpi packets processed: 1216
maglev packets processed: 44288
dpi packets processed: 1280
maglev packets processed: 44352
maglev packets processed: 44416
dpi packets processed: 1344
maglev packets processed: 44480
dpi packets processed: 1408
maglev packets processed: 44544
maglev packets processed: 44608
dpi packets processed: 1472
maglev packets processed: 44672
maglev packets processed: 44736
dpi packets processed: 1536
maglev packets processed: 44800
dpi packets processed: 1600
maglev packets processed: 44864
maglev packets processed: 44928
dpi packets processed: 1664
maglev packets processed: 44992
maglev packets processed: 45056
dpi packets processed: 1728
maglev packets processed: 45120
dpi packets processed: 1792
maglev packets processed: 45184
maglev packets processed: 45248
dpi packets processed: 1856
maglev packets processed: 45312
dpi packets processed: 1920
maglev packets processed: 45376
maglev packets processed: 45440
dpi packets processed: 1984
maglev packets processed: 45504
maglev packets processed: 45568
dpi packets processed: 2048
maglev packets processed: 45632
dpi packets processed: 2112
maglev packets processed: 45696
maglev packets processed: 45760
dpi packets processed: 2176
maglev packets processed: 45824
dpi packets processed: 2240
maglev packets processed: 45888
maglev packets processed: 45952
dpi packets processed: 2304
maglev packets processed: 46016
dpi packets processed: 2368
maglev packets processed: 46080
maglev packets processed: 46144
dpi packets processed: 2432
maglev packets processed: 46208
dpi packets processed: 2496
maglev packets processed: 46272
maglev packets processed: 46336
dpi packets processed: 2560
maglev packets processed: 46400
maglev packets processed: 46464
dpi packets processed: 2624
maglev packets processed: 46528
dpi packets processed: 2688
maglev packets processed: 46592
maglev packets processed: 46656
dpi packets processed: 2752
maglev packets processed: 46720
dpi packets processed: 2816
maglev packets processed: 46784
maglev packets processed: 46848
dpi packets processed: 2880
maglev packets processed: 46912
dpi packets processed: 2944
maglev packets processed: 46976
maglev packets processed: 47040
dpi packets processed: 3008
maglev packets processed: 47104
dpi packets processed: 3072
maglev packets processed: 47168
maglev packets processed: 47232
dpi packets processed: 3136
maglev packets processed: 47296
dpi packets processed: 3200
maglev packets processed: 47360
maglev packets processed: 47424
dpi packets processed: 3264
maglev packets processed: 47488
dpi packets processed: 3328
maglev packets processed: 47552
maglev packets processed: 47616
dpi packets processed: 3392
maglev packets processed: 47680
dpi packets processed: 3456
maglev packets processed: 47744
maglev packets processed: 47808
dpi packets processed: 3520
maglev packets processed: 47872
dpi packets processed: 3584
maglev packets processed: 47936
maglev packets processed: 48000
dpi packets processed: 3648
maglev packets processed: 48064
maglev packets processed: 48128
dpi packets processed: 3712
maglev packets processed: 48192
dpi packets processed: 3776
maglev packets processed: 48256
maglev packets processed: 48320
dpi packets processed: 3840
maglev packets processed: 48384
dpi packets processed: 3904
maglev packets processed: 48448
maglev packets processed: 48512
dpi packets processed: 3968
maglev packets processed: 48576
maglev packets processed: 48640
dpi packets processed: 4032
maglev packets processed: 48704
dpi packets processed: 4096
maglev packets processed: 48768
maglev packets processed: 48832
dpi packets processed: 4160
maglev packets processed: 48896
maglev packets processed: 48960
dpi packets processed: 4224
maglev packets processed: 49024
dpi packets processed: 4288
maglev packets processed: 49088
maglev packets processed: 49152
dpi packets processed: 4352
maglev packets processed: 49216
dpi packets processed: 4416
maglev packets processed: 49280
maglev packets processed: 49344
dpi packets processed: 4480
maglev packets processed: 49408
dpi packets processed: 4544
maglev packets processed: 49472
maglev packets processed: 49536
dpi packets processed: 4608
maglev packets processed: 49600
maglev packets processed: 49664
dpi packets processed: 4672
maglev packets processed: 49728
dpi packets processed: 4736
maglev packets processed: 49792
maglev packets processed: 49856
dpi packets processed: 4800
maglev packets processed: 49920
dpi packets processed: 4864
maglev packets processed: 49984
maglev packets processed: 50048
dpi packets processed: 4928
maglev packets processed: 50112
dpi packets processed: 4992
maglev packets processed: 50176
maglev packets processed: 50240
dpi packets processed: 5056
maglev packets processed: 50304
maglev packets processed: 50368
dpi packets processed: 5120
maglev packets processed: 50432
dpi packets processed: 5184
maglev packets processed: 50496
maglev packets processed: 50560
dpi packets processed: 5248
maglev packets processed: 50624
maglev packets processed: 50688
dpi packets processed: 5312
maglev packets processed: 50752
dpi packets processed: 5376
maglev packets processed: 50816
maglev packets processed: 50880
dpi packets processed: 5440
maglev packets processed: 50944
dpi packets processed: 5504
maglev packets processed: 51008
maglev packets processed: 51072
dpi packets processed: 5568
maglev packets processed: 51136
dpi packets processed: 5632
maglev packets processed: 51200
maglev packets processed: 51264
dpi packets processed: 5696
maglev packets processed: 51328
dpi packets processed: 5760
maglev packets processed: 51392
maglev packets processed: 51456
dpi packets processed: 5824
maglev packets processed: 51520
dpi packets processed: 5888
maglev packets processed: 51584
maglev packets processed: 51648
dpi packets processed: 5952
maglev packets processed: 51712
dpi packets processed: 6016
maglev packets processed: 51776
maglev packets processed: 51840
dpi packets processed: 6080
maglev packets processed: 51904
dpi packets processed: 6144
maglev packets processed: 51968
maglev packets processed: 52032
dpi packets processed: 6208
maglev packets processed: 52096
maglev packets processed: 52160
dpi packets processed: 6272
maglev packets processed: 52224
dpi packets processed: 6336
maglev packets processed: 52288
maglev packets processed: 52352
dpi packets processed: 6400
maglev packets processed: 52416
maglev packets processed: 52480
dpi packets processed: 6464
maglev packets processed: 52544
dpi packets processed: 6528
maglev packets processed: 52608
maglev packets processed: 52672
dpi packets processed: 6592
maglev packets processed: 52736
maglev packets processed: 52800
dpi packets processed: 6656
maglev packets processed: 52864
dpi packets processed: 6720
maglev packets processed: 52928
maglev packets processed: 52992
dpi packets processed: 6784
maglev packets processed: 53056
dpi packets processed: 6848
maglev packets processed: 53120
maglev packets processed: 53184
dpi packets processed: 6912
maglev packets processed: 53248
maglev packets processed: 53312
dpi packets processed: 6976
maglev packets processed: 53376
dpi packets processed: 7040
maglev packets processed: 53440
maglev packets processed: 53504
dpi packets processed: 7104
maglev packets processed: 53568
dpi packets processed: 7168
maglev packets processed: 53632
maglev packets processed: 53696
dpi packets processed: 7232
maglev packets processed: 53760
dpi packets processed: 7296
maglev packets processed: 53824
maglev packets processed: 53888
dpi packets processed: 7360
maglev packets processed: 53952
dpi packets processed: 7424
maglev packets processed: 54016
maglev packets processed: 54080
dpi packets processed: 7488
maglev packets processed: 54144
maglev packets processed: 54208
dpi packets processed: 7552
maglev packets processed: 54272
dpi packets processed: 7616
maglev packets processed: 54336
maglev packets processed: 54400
dpi packets processed: 7680
maglev packets processed: 54464
dpi packets processed: 7744
maglev packets processed: 54528
maglev packets processed: 54592
dpi packets processed: 7808
maglev packets processed: 54656
dpi packets processed: 7872
maglev packets processed: 54720
maglev packets processed: 54784
dpi packets processed: 7936
maglev packets processed: 54848
dpi packets processed: 8000
maglev packets processed: 54912
maglev packets processed: 54976
dpi packets processed: 8064
maglev packets processed: 55040
dpi packets processed: 8128
maglev packets processed: 55104
maglev packets processed: 55168
dpi packets processed: 8192
maglev packets processed: 55232
maglev packets processed: 55296
dpi packets processed: 8256
maglev packets processed: 55360
dpi packets processed: 8320
maglev packets processed: 55424
maglev packets processed: 55488
dpi packets processed: 8384
maglev packets processed: 55552
dpi packets processed: 8448
maglev packets processed: 55616
dpi packets processed: 8512
maglev packets processed: 55680
maglev packets processed: 55744
dpi packets processed: 8576
maglev packets processed: 55808
maglev packets processed: 55872
dpi packets processed: 8640
maglev packets processed: 55936
dpi packets processed: 8704
maglev packets processed: 56000
maglev packets processed: 56064
dpi packets processed: 8768
maglev packets processed: 56128
dpi packets processed: 8832
maglev packets processed: 56192
maglev packets processed: 56256
dpi packets processed: 8896
maglev packets processed: 56320
dpi packets processed: 8960
maglev packets processed: 56384
maglev packets processed: 56448
dpi packets processed: 9024
maglev packets processed: 56512
dpi packets processed: 9088
maglev packets processed: 56576
maglev packets processed: 56640
dpi packets processed: 9152
maglev packets processed: 56704
dpi packets processed: 9216
maglev packets processed: 56768
maglev packets processed: 56832
dpi packets processed: 9280
maglev packets processed: 56896
maglev packets processed: 56960
dpi packets processed: 9344
maglev packets processed: 57024
dpi packets processed: 9408
maglev packets processed: 57088
maglev packets processed: 57152
dpi packets processed: 9472
maglev packets processed: 57216
maglev packets processed: 57280
dpi packets processed: 9536
maglev packets processed: 57344
dpi packets processed: 9600
maglev packets processed: 57408
maglev packets processed: 57472
dpi packets processed: 9664
maglev packets processed: 57536
dpi packets processed: 9728
maglev packets processed: 57600
maglev packets processed: 57664
dpi packets processed: 9792
maglev packets processed: 57728
dpi packets processed: 9856
maglev packets processed: 57792
maglev packets processed: 57856
dpi packets processed: 9920
maglev packets processed: 57920
maglev packets processed: 57984
dpi packets processed: 9984
maglev packets processed: 58048
maglev packets processed: 58112
dpi packets processed: 10048
maglev packets processed: 58176
dpi packets processed: 10112
maglev packets processed: 58240
maglev packets processed: 58304
dpi packets processed: 10176
maglev packets processed: 58368
dpi packets processed: 10240
maglev packets processed: 58432
maglev packets processed: 58496
dpi packets processed: 10304
maglev packets processed: 58560
maglev packets processed: 58624
dpi packets processed: 10368
maglev packets processed: 58688
dpi packets processed: 10432
maglev packets processed: 58752
maglev packets processed: 58816
dpi packets processed: 10496
maglev packets processed: 58880
dpi packets processed: 10560
maglev packets processed: 58944
maglev packets processed: 59008
dpi packets processed: 10624
maglev packets processed: 59072
maglev packets processed: 59136
dpi packets processed: 10688
maglev packets processed: 59200
dpi packets processed: 10752
maglev packets processed: 59264
maglev packets processed: 59328
dpi packets processed: 10816
maglev packets processed: 59392
dpi packets processed: 10880
maglev packets processed: 59456
maglev packets processed: 59520
dpi packets processed: 10944
maglev packets processed: 59584
maglev packets processed: 59648
dpi packets processed: 11008
maglev packets processed: 59712
dpi packets processed: 11072
maglev packets processed: 59776
maglev packets processed: 59840
dpi packets processed: 11136
maglev packets processed: 59904
dpi packets processed: 11200
maglev packets processed: 59968
maglev packets processed: 60032
dpi packets processed: 11264
maglev packets processed: 60096
maglev packets processed: 60160
dpi packets processed: 11328
maglev packets processed: 60224
dpi packets processed: 11392
maglev packets processed: 60288
maglev packets processed: 60352
dpi packets processed: 11456
maglev packets processed: 60416
dpi packets processed: 11520
maglev packets processed: 60480
maglev packets processed: 60544
dpi packets processed: 11584
maglev packets processed: 60608
dpi packets processed: 11648
maglev packets processed: 60672
maglev packets processed: 60736
dpi packets processed: 11712
maglev packets processed: 60800
dpi packets processed: 11776
maglev packets processed: 60864
maglev packets processed: 60928
dpi packets processed: 11840
maglev packets processed: 60992
dpi packets processed: 11904
maglev packets processed: 61056
maglev packets processed: 61120
dpi packets processed: 11968
maglev packets processed: 61184
maglev packets processed: 61248
dpi packets processed: 12032
maglev packets processed: 61312
dpi packets processed: 12096
maglev packets processed: 61376
maglev packets processed: 61440
dpi packets processed: 12160
maglev packets processed: 61504
dpi packets processed: 12224
maglev packets processed: 61568
maglev packets processed: 61632
dpi packets processed: 12288
maglev packets processed: 61696
dpi packets processed: 12352
maglev packets processed: 61760
maglev packets processed: 61824
dpi packets processed: 12416
maglev packets processed: 61888
dpi packets processed: 12480
maglev packets processed: 61952
maglev packets processed: 62016
dpi packets processed: 12544
maglev packets processed: 62080
maglev packets processed: 62144
dpi packets processed: 12608
maglev packets processed: 62208
dpi packets processed: 12672
maglev packets processed: 62272
maglev packets processed: 62336
dpi packets processed: 12736
maglev packets processed: 62400
maglev packets processed: 62464
dpi packets processed: 12800
maglev packets processed: 62528
dpi packets processed: 12864
maglev packets processed: 62592
maglev packets processed: 62656
dpi packets processed: 12928
maglev packets processed: 62720
dpi packets processed: 12992
maglev packets processed: 62784
maglev packets processed: 62848
dpi packets processed: 13056
maglev packets processed: 62912
maglev packets processed: 62976
dpi packets processed: 13120
maglev packets processed: 63040
dpi packets processed: 13184
maglev packets processed: 63104
maglev packets processed: 63168
dpi packets processed: 13248
maglev packets processed: 63232
dpi packets processed: 13312
maglev packets processed: 63296
maglev packets processed: 63360
dpi packets processed: 13376
maglev packets processed: 63424
maglev packets processed: 63488
dpi packets processed: 13440
maglev packets processed: 63552
dpi packets processed: 13504
maglev packets processed: 63616
maglev packets processed: 63680
dpi packets processed: 13568
maglev packets processed: 63744
dpi packets processed: 13632
maglev packets processed: 63808
maglev packets processed: 63872
dpi packets processed: 13696
maglev packets processed: 63936
dpi packets processed: 13760
maglev packets processed: 64000
maglev packets processed: 64064
dpi packets processed: 13824
maglev packets processed: 64128
maglev packets processed: 64192
dpi packets processed: 13888
maglev packets processed: 64256
dpi packets processed: 13952
maglev packets processed: 64320
maglev packets processed: 64384
dpi packets processed: 14016
maglev packets processed: 64448
dpi packets processed: 14080
maglev packets processed: 64512
maglev packets processed: 64576
dpi packets processed: 14144
maglev packets processed: 64640
dpi packets processed: 14208
maglev packets processed: 64704
maglev packets processed: 64768
dpi packets processed: 14272
maglev packets processed: 64832
dpi packets processed: 14336
maglev packets processed: 64896
maglev packets processed: 64960
dpi packets processed: 14400
maglev packets processed: 65024
maglev packets processed: 65088
dpi packets processed: 14464
maglev packets processed: 65152
dpi packets processed: 14528
maglev packets processed: 65216
maglev packets processed: 65280
dpi packets processed: 14592
maglev packets processed: 65344
dpi packets processed: 14656
maglev packets processed: 65408
maglev packets processed: 65472
dpi packets processed: 14720
maglev packets processed: 65536
maglev packets processed: 65600
dpi packets processed: 14784
maglev packets processed: 65664
maglev packets processed: 65728
dpi packets processed: 14848
maglev packets processed: 65792
dpi packets processed: 14912
maglev packets processed: 65856
maglev packets processed: 65920
dpi packets processed: 14976
maglev packets processed: 65984
dpi packets processed: 15040
maglev packets processed: 66048
maglev packets processed: 66112
dpi packets processed: 15104
maglev packets processed: 66176
maglev packets processed: 66240
dpi packets processed: 15168
maglev packets processed: 66304
dpi packets processed: 15232
maglev packets processed: 66368
maglev packets processed: 66432
dpi packets processed: 15296
maglev packets processed: 66496
dpi packets processed: 15360
maglev packets processed: 66560
maglev packets processed: 66624
dpi packets processed: 15424
maglev packets processed: 66688
maglev packets processed: 66752
dpi packets processed: 15488
maglev packets processed: 66816
dpi packets processed: 15552
maglev packets processed: 66880
maglev packets processed: 66944
dpi packets processed: 15616
maglev packets processed: 67008
dpi packets processed: 15680
maglev packets processed: 67072
maglev packets processed: 67136
dpi packets processed: 15744
maglev packets processed: 67200
dpi packets processed: 15808
maglev packets processed: 67264
maglev packets processed: 67328
dpi packets processed: 15872
maglev packets processed: 67392
maglev packets processed: 67456
dpi packets processed: 15936
maglev packets processed: 67520
dpi packets processed: 16000
maglev packets processed: 67584
maglev packets processed: 67648
dpi packets processed: 16064
maglev packets processed: 67712
dpi packets processed: 16128
maglev packets processed: 67776
maglev packets processed: 67840
dpi packets processed: 16192
maglev packets processed: 67904
dpi packets processed: 16256
maglev packets processed: 67968
maglev packets processed: 68032
dpi packets processed: 16320
maglev packets processed: 68096
maglev packets processed: 68160
dpi packets processed: 16384
maglev packets processed: 68224
dpi packets processed: 16448
maglev packets processed: 68288
maglev packets processed: 68352
dpi packets processed: 16512
maglev packets processed: 68416
dpi packets processed: 16576
maglev packets processed: 68480
maglev packets processed: 68544
dpi packets processed: 16640
maglev packets processed: 68608
maglev packets processed: 68672
dpi packets processed: 16704
maglev packets processed: 68736
dpi packets processed: 16768
maglev packets processed: 68800
maglev packets processed: 68864
dpi packets processed: 16832
maglev packets processed: 68928
dpi packets processed: 16896
maglev packets processed: 68992
maglev packets processed: 69056
dpi packets processed: 16960
maglev packets processed: 69120
dpi packets processed: 17024
maglev packets processed: 69184
maglev packets processed: 69248
dpi packets processed: 17088
maglev packets processed: 69312
dpi packets processed: 17152
maglev packets processed: 69376
maglev packets processed: 69440
dpi packets processed: 17216
maglev packets processed: 69504
dpi packets processed: 17280
maglev packets processed: 69568
maglev packets processed: 69632
dpi packets processed: 17344
maglev packets processed: 69696
dpi packets processed: 17408
maglev packets processed: 69760
maglev packets processed: 69824
dpi packets processed: 17472
maglev packets processed: 69888
maglev packets processed: 69952
dpi packets processed: 17536
maglev packets processed: 70016
dpi packets processed: 17600
maglev packets processed: 70080
maglev packets processed: 70144
dpi packets processed: 17664
maglev packets processed: 70208
dpi packets processed: 17728
maglev packets processed: 70272
maglev packets processed: 70336
dpi packets processed: 17792
maglev packets processed: 70400
maglev packets processed: 70464
dpi packets processed: 17856
maglev packets processed: 70528
dpi packets processed: 17920
maglev packets processed: 70592
maglev packets processed: 70656
dpi packets processed: 17984
maglev packets processed: 70720
dpi packets processed: 18048
maglev packets processed: 70784
maglev packets processed: 70848
dpi packets processed: 18112
maglev packets processed: 70912
dpi packets processed: 18176
maglev packets processed: 70976
maglev packets processed: 71040
dpi packets processed: 18240
maglev packets processed: 71104
maglev packets processed: 71168
dpi packets processed: 18304
maglev packets processed: 71232
dpi packets processed: 18368
maglev packets processed: 71296
maglev packets processed: 71360
dpi packets processed: 18432
maglev packets processed: 71424
dpi packets processed: 18496
maglev packets processed: 71488
maglev packets processed: 71552
dpi packets processed: 18560
maglev packets processed: 71616
maglev packets processed: 71680
dpi packets processed: 18624
maglev packets processed: 71744
dpi packets processed: 18688
maglev packets processed: 71808
maglev packets processed: 71872
dpi packets processed: 18752
maglev packets processed: 71936
dpi packets processed: 18816
maglev packets processed: 72000
maglev packets processed: 72064
dpi packets processed: 18880
maglev packets processed: 72128
dpi packets processed: 18944
maglev packets processed: 72192
maglev packets processed: 72256
dpi packets processed: 19008
maglev packets processed: 72320
maglev packets processed: 72384
dpi packets processed: 19072
maglev packets processed: 72448
dpi packets processed: 19136
maglev packets processed: 72512
maglev packets processed: 72576
dpi packets processed: 19200
maglev packets processed: 72640
maglev packets processed: 72704
dpi packets processed: 19264
maglev packets processed: 72768
dpi packets processed: 19328
maglev packets processed: 72832
dpi packets processed: 19392
maglev packets processed: 72896
maglev packets processed: 72960
dpi packets processed: 19456
maglev packets processed: 73024
maglev packets processed: 73088
dpi packets processed: 19520
maglev packets processed: 73152
maglev packets processed: 73216
dpi packets processed: 19584
maglev packets processed: 73280
dpi packets processed: 19648
maglev packets processed: 73344
maglev packets processed: 73408
dpi packets processed: 19712
maglev packets processed: 73472
dpi packets processed: 19776
maglev packets processed: 73536
maglev packets processed: 73600
dpi packets processed: 19840
maglev packets processed: 73664
maglev packets processed: 73728
dpi packets processed: 19904
maglev packets processed: 73792
dpi packets processed: 19968
maglev packets processed: 73856
maglev packets processed: 73920
dpi packets processed: 20032
maglev packets processed: 73984
maglev packets processed: 74048
dpi packets processed: 20096
maglev packets processed: 74112
dpi packets processed: 20160
maglev packets processed: 74176
maglev packets processed: 74240
dpi packets processed: 20224
maglev packets processed: 74304
maglev packets processed: 74368
dpi packets processed: 20288
maglev packets processed: 74432
dpi packets processed: 20352
maglev packets processed: 74496
maglev packets processed: 74560
dpi packets processed: 20416
maglev packets processed: 74624
dpi packets processed: 20480
maglev packets processed: 74688
maglev packets processed: 74752
dpi packets processed: 20544
maglev packets processed: 74816
dpi packets processed: 20608
maglev packets processed: 74880
maglev packets processed: 74944
dpi packets processed: 20672
maglev packets processed: 75008
maglev packets processed: 75072
dpi packets processed: 20736
maglev packets processed: 75136
dpi packets processed: 20800
maglev packets processed: 75200
maglev packets processed: 75264
dpi packets processed: 20864
maglev packets processed: 75328
dpi packets processed: 20928
maglev packets processed: 75392
maglev packets processed: 75456
a thread in cpu1 reached the max instruction count @ 528010779300
dpi packets processed: 20992
maglev packets processed: 75520
dpi packets processed: 21056
maglev packets processed: 75584
maglev packets processed: 75648
dpi packets processed: 21120
maglev packets processed: 75712
maglev packets processed: 75776
dpi packets processed: 21184
maglev packets processed: 75840
dpi packets processed: 21248
maglev packets processed: 75904
maglev packets processed: 75968
dpi packets processed: 21312
maglev packets processed: 76032
dpi packets processed: 21376
maglev packets processed: 76096
maglev packets processed: 76160
dpi packets processed: 21440
maglev packets processed: 76224
dpi packets processed: 21504
maglev packets processed: 76288
maglev packets processed: 76352
dpi packets processed: 21568
maglev packets processed: 76416
dpi packets processed: 21632
maglev packets processed: 76480
maglev packets processed: 76544
dpi packets processed: 21696
maglev packets processed: 76608
maglev packets processed: 76672
dpi packets processed: 21760
maglev packets processed: 76736
dpi packets processed: 21824
maglev packets processed: 76800
maglev packets processed: 76864
dpi packets processed: 21888
maglev packets processed: 76928
dpi packets processed: 21952
maglev packets processed: 76992
maglev packets processed: 77056
dpi packets processed: 22016
maglev packets processed: 77120
dpi packets processed: 22080
maglev packets processed: 77184
maglev packets processed: 77248
dpi packets processed: 22144
maglev packets processed: 77312
dpi packets processed: 22208
maglev packets processed: 77376
maglev packets processed: 77440
dpi packets processed: 22272
maglev packets processed: 77504
dpi packets processed: 22336
maglev packets processed: 77568
maglev packets processed: 77632
dpi packets processed: 22400
maglev packets processed: 77696
maglev packets processed: 77760
dpi packets processed: 22464
maglev packets processed: 77824
dpi packets processed: 22528
maglev packets processed: 77888
maglev packets processed: 77952
dpi packets processed: 22592
maglev packets processed: 78016
maglev packets processed: 78080
dpi packets processed: 22656
maglev packets processed: 78144
dpi packets processed: 22720
maglev packets processed: 78208
maglev packets processed: 78272
dpi packets processed: 22784
maglev packets processed: 78336
maglev packets processed: 78400
dpi packets processed: 22848
maglev packets processed: 78464
dpi packets processed: 22912
maglev packets processed: 78528
maglev packets processed: 78592
dpi packets processed: 22976
maglev packets processed: 78656
dpi packets processed: 23040
maglev packets processed: 78720
maglev packets processed: 78784
dpi packets processed: 23104
maglev packets processed: 78848
dpi packets processed: 23168
maglev packets processed: 78912
maglev packets processed: 78976
dpi packets processed: 23232
maglev packets processed: 79040
maglev packets processed: 79104
dpi packets processed: 23296
maglev packets processed: 79168
dpi packets processed: 23360
maglev packets processed: 79232
maglev packets processed: 79296
dpi packets processed: 23424
maglev packets processed: 79360
dpi packets processed: 23488
maglev packets processed: 79424
maglev packets processed: 79488
dpi packets processed: 23552
maglev packets processed: 79552
dpi packets processed: 23616
maglev packets processed: 79616
maglev packets processed: 79680
dpi packets processed: 23680
maglev packets processed: 79744
maglev packets processed: 79808
dpi packets processed: 23744
maglev packets processed: 79872
dpi packets processed: 23808
maglev packets processed: 79936
maglev packets processed: 80000
dpi packets processed: 23872
maglev packets processed: 80064
dpi packets processed: 23936
maglev packets processed: 80128
maglev packets processed: 80192
dpi packets processed: 24000
maglev packets processed: 80256
maglev packets processed: 80320
dpi packets processed: 24064
maglev packets processed: 80384
dpi packets processed: 24128
maglev packets processed: 80448
maglev packets processed: 80512
dpi packets processed: 24192
maglev packets processed: 80576
dpi packets processed: 24256
maglev packets processed: 80640
maglev packets processed: 80704
dpi packets processed: 24320
maglev packets processed: 80768
dpi packets processed: 24384
maglev packets processed: 80832
maglev packets processed: 80896
dpi packets processed: 24448
maglev packets processed: 80960
maglev packets processed: 81024
dpi packets processed: 24512
maglev packets processed: 81088
dpi packets processed: 24576
maglev packets processed: 81152
dpi packets processed: 24640
maglev packets processed: 81216
maglev packets processed: 81280
dpi packets processed: 24704
maglev packets processed: 81344
maglev packets processed: 81408
dpi packets processed: 24768
maglev packets processed: 81472
dpi packets processed: 24832
maglev packets processed: 81536
maglev packets processed: 81600
dpi packets processed: 24896
maglev packets processed: 81664
maglev packets processed: 81728
dpi packets processed: 24960
maglev packets processed: 81792
dpi packets processed: 25024
maglev packets processed: 81856
maglev packets processed: 81920
dpi packets processed: 25088
maglev packets processed: 81984
dpi packets processed: 25152
maglev packets processed: 82048
maglev packets processed: 82112
dpi packets processed: 25216
maglev packets processed: 82176
maglev packets processed: 82240
dpi packets processed: 25280
maglev packets processed: 82304
dpi packets processed: 25344
maglev packets processed: 82368
maglev packets processed: 82432
dpi packets processed: 25408
maglev packets processed: 82496
dpi packets processed: 25472
maglev packets processed: 82560
a thread in cpu0 reached the max instruction count @ 571531037676
Switched CPUS @ tick 571531037676
Changing memory mode to timing
switching cpus
**** REAL SIMULATION ****
info: Entering event queue @ 571531037676.  Starting simulation...
maglev packets processed: 82624
dpi packets processed: 25536
maglev packets processed: 82688
dpi packets processed: 25600
maglev packets processed: 82752
maglev packets processed: 82816
dpi packets processed: 25664
maglev packets processed: 82880
maglev packets processed: 82944
dpi packets processed: 25728
maglev packets processed: 83008
dpi packets processed: 25792
maglev packets processed: 83072
maglev packets processed: 83136
dpi packets processed: 25856
maglev packets processed: 83200
dpi packets processed: 25920
maglev packets processed: 83264
maglev packets processed: 83328
dpi packets processed: 25984
maglev packets processed: 83392
Exiting @ tick 575023581978 because a thread in cpu0 reached the max instruction count
