gem5 Simulator System.  http://gem5.org
gem5 is copyrighted software; use the --copyright option for details.

gem5 compiled Jan 31 2020 21:24:55
gem5 started Jan 31 2020 21:25:59
gem5 executing on node-1.yangzhou-qv63200.lambda-mpi-pg0.clemson.cloudlab.us
command line: build/ARM/gem5.fast --remote-gdb-port=0 --outdir=/users/yangzhou/GEM5_DRAMSim2/sgx_nic/m5out/detailed_dpi.nat-tcp-v4_2MB_none --stats-file=detailed_dpi.nat-tcp-v4_2MB_none_stats.txt configs/dramsim2/dramsim2_se.py --cpu-type=detailed --clock=2.4GHz --cacheline_size=128 --caches --l2cache --l2config=shared --l2_size=2MB --l2_assoc=16 --dramsim2 --tpturnlength=6 --devicecfg=./ext/DRAMSim2/ini/DDR3_micron_16M_8B_x8_sg15.ini --systemcfg=./ext/DRAMSim2/system_none.ini --outputfile=/dev/null --fast-forward=1000000000 --maxinsts=10000000 --maxtick=2000000000000 --numpids=2 --p0=/users/yangzhou/NF-GEM5/dpi --p1=/users/yangzhou/NF-GEM5/nat-tcp-v4
Global frequency set at 1000000000000 ticks per second
device file: ./ext/DRAMSim2/ini/DDR3_micron_16M_8B_x8_sg15.ini
system file: ./ext/DRAMSim2/system_none.ini
output file: /dev/null
DEBUGSTR My tpTurnLength is 6
genTrace is 0
finish initializing memory controller
CPU Clock = 2398MHz
DRAM Clock = 1600MHz
Memory Capacity = 16384MB
Switch at instruction count:1000000000
info: Entering event queue @ 0.  Starting simulation...
info: Increasing stack size by one page.
info: Increasing stack size by one page.
value_t size: 16B
acsmMaxStates: 724071
memory size: 51.400196MB
acsmNumStates: 467695
trying to open file /users/yangzhou/ictf2010_100kflow.dat
opening succeeds
Reading pkt trace done!
average pkt size = 607.092021
nat-tcp-v4 packets processed: 64
nat-tcp-v4 packets processed: 128
nat-tcp-v4 packets processed: 192
nat-tcp-v4 packets processed: 256
nat-tcp-v4 packets processed: 320
nat-tcp-v4 packets processed: 384
nat-tcp-v4 packets processed: 448
nat-tcp-v4 packets processed: 512
nat-tcp-v4 packets processed: 576
nat-tcp-v4 packets processed: 640
nat-tcp-v4 packets processed: 704
nat-tcp-v4 packets processed: 768
nat-tcp-v4 packets processed: 832
nat-tcp-v4 packets processed: 896
nat-tcp-v4 packets processed: 960
nat-tcp-v4 packets processed: 1024
nat-tcp-v4 packets processed: 1088
nat-tcp-v4 packets processed: 1152
nat-tcp-v4 packets processed: 1216
nat-tcp-v4 packets processed: 1280
nat-tcp-v4 packets processed: 1344
nat-tcp-v4 packets processed: 1408
nat-tcp-v4 packets processed: 1472
nat-tcp-v4 packets processed: 1536
nat-tcp-v4 packets processed: 1600
nat-tcp-v4 packets processed: 1664
nat-tcp-v4 packets processed: 1728
nat-tcp-v4 packets processed: 1792
nat-tcp-v4 packets processed: 1856
nat-tcp-v4 packets processed: 1920
nat-tcp-v4 packets processed: 1984
nat-tcp-v4 packets processed: 2048
nat-tcp-v4 packets processed: 2112
nat-tcp-v4 packets processed: 2176
nat-tcp-v4 packets processed: 2240
nat-tcp-v4 packets processed: 2304
nat-tcp-v4 packets processed: 2368
nat-tcp-v4 packets processed: 2432
nat-tcp-v4 packets processed: 2496
nat-tcp-v4 packets processed: 2560
nat-tcp-v4 packets processed: 2624
nat-tcp-v4 packets processed: 2688
nat-tcp-v4 packets processed: 2752
nat-tcp-v4 packets processed: 2816
nat-tcp-v4 packets processed: 2880
nat-tcp-v4 packets processed: 2944
nat-tcp-v4 packets processed: 3008
nat-tcp-v4 packets processed: 3072
nat-tcp-v4 packets processed: 3136
nat-tcp-v4 packets processed: 3200
nat-tcp-v4 packets processed: 3264
nat-tcp-v4 packets processed: 3328
nat-tcp-v4 packets processed: 3392
nat-tcp-v4 packets processed: 3456
nat-tcp-v4 packets processed: 3520
nat-tcp-v4 packets processed: 3584
nat-tcp-v4 packets processed: 3648
nat-tcp-v4 packets processed: 3712
nat-tcp-v4 packets processed: 3776
nat-tcp-v4 packets processed: 3840
nat-tcp-v4 packets processed: 3904
nat-tcp-v4 packets processed: 3968
nat-tcp-v4 packets processed: 4032
nat-tcp-v4 packets processed: 4096
nat-tcp-v4 packets processed: 4160
nat-tcp-v4 packets processed: 4224
nat-tcp-v4 packets processed: 4288
nat-tcp-v4 packets processed: 4352
nat-tcp-v4 packets processed: 4416
nat-tcp-v4 packets processed: 4480
nat-tcp-v4 packets processed: 4544
nat-tcp-v4 packets processed: 4608
nat-tcp-v4 packets processed: 4672
nat-tcp-v4 packets processed: 4736
nat-tcp-v4 packets processed: 4800
nat-tcp-v4 packets processed: 4864
nat-tcp-v4 packets processed: 4928
nat-tcp-v4 packets processed: 4992
nat-tcp-v4 packets processed: 5056
nat-tcp-v4 packets processed: 5120
nat-tcp-v4 packets processed: 5184
nat-tcp-v4 packets processed: 5248
nat-tcp-v4 packets processed: 5312
nat-tcp-v4 packets processed: 5376
nat-tcp-v4 packets processed: 5440
nat-tcp-v4 packets processed: 5504
nat-tcp-v4 packets processed: 5568
nat-tcp-v4 packets processed: 5632
nat-tcp-v4 packets processed: 5696
nat-tcp-v4 packets processed: 5760
nat-tcp-v4 packets processed: 5824
nat-tcp-v4 packets processed: 5888
nat-tcp-v4 packets processed: 5952
nat-tcp-v4 packets processed: 6016
nat-tcp-v4 packets processed: 6080
nat-tcp-v4 packets processed: 6144
nat-tcp-v4 packets processed: 6208
nat-tcp-v4 packets processed: 6272
nat-tcp-v4 packets processed: 6336
nat-tcp-v4 packets processed: 6400
nat-tcp-v4 packets processed: 6464
nat-tcp-v4 packets processed: 6528
nat-tcp-v4 packets processed: 6592
nat-tcp-v4 packets processed: 6656
nat-tcp-v4 packets processed: 6720
nat-tcp-v4 packets processed: 6784
nat-tcp-v4 packets processed: 6848
nat-tcp-v4 packets processed: 6912
nat-tcp-v4 packets processed: 6976
nat-tcp-v4 packets processed: 7040
nat-tcp-v4 packets processed: 7104
nat-tcp-v4 packets processed: 7168
nat-tcp-v4 packets processed: 7232
nat-tcp-v4 packets processed: 7296
nat-tcp-v4 packets processed: 7360
nat-tcp-v4 packets processed: 7424
nat-tcp-v4 packets processed: 7488
nat-tcp-v4 packets processed: 7552
nat-tcp-v4 packets processed: 7616
nat-tcp-v4 packets processed: 7680
nat-tcp-v4 packets processed: 7744
nat-tcp-v4 packets processed: 7808
nat-tcp-v4 packets processed: 7872
nat-tcp-v4 packets processed: 7936
nat-tcp-v4 packets processed: 8000
nat-tcp-v4 packets processed: 8064
nat-tcp-v4 packets processed: 8128
nat-tcp-v4 packets processed: 8192
nat-tcp-v4 packets processed: 8256
nat-tcp-v4 packets processed: 8320
nat-tcp-v4 packets processed: 8384
nat-tcp-v4 packets processed: 8448
nat-tcp-v4 packets processed: 8512
nat-tcp-v4 packets processed: 8576
nat-tcp-v4 packets processed: 8640
nat-tcp-v4 packets processed: 8704
nat-tcp-v4 packets processed: 8768
nat-tcp-v4 packets processed: 8832
nat-tcp-v4 packets processed: 8896
nat-tcp-v4 packets processed: 8960
nat-tcp-v4 packets processed: 9024
nat-tcp-v4 packets processed: 9088
nat-tcp-v4 packets processed: 9152
nat-tcp-v4 packets processed: 9216
nat-tcp-v4 packets processed: 9280
nat-tcp-v4 packets processed: 9344
nat-tcp-v4 packets processed: 9408
nat-tcp-v4 packets processed: 9472
nat-tcp-v4 packets processed: 9536
nat-tcp-v4 packets processed: 9600
nat-tcp-v4 packets processed: 9664
nat-tcp-v4 packets processed: 9728
nat-tcp-v4 packets processed: 9792
nat-tcp-v4 packets processed: 9856
nat-tcp-v4 packets processed: 9920
nat-tcp-v4 packets processed: 9984
nat-tcp-v4 packets processed: 10048
nat-tcp-v4 packets processed: 10112
nat-tcp-v4 packets processed: 10176
nat-tcp-v4 packets processed: 10240
nat-tcp-v4 packets processed: 10304
nat-tcp-v4 packets processed: 10368
nat-tcp-v4 packets processed: 10432
nat-tcp-v4 packets processed: 10496
nat-tcp-v4 packets processed: 10560
nat-tcp-v4 packets processed: 10624
nat-tcp-v4 packets processed: 10688
nat-tcp-v4 packets processed: 10752
nat-tcp-v4 packets processed: 10816
nat-tcp-v4 packets processed: 10880
nat-tcp-v4 packets processed: 10944
nat-tcp-v4 packets processed: 11008
nat-tcp-v4 packets processed: 11072
nat-tcp-v4 packets processed: 11136
nat-tcp-v4 packets processed: 11200
nat-tcp-v4 packets processed: 11264
nat-tcp-v4 packets processed: 11328
nat-tcp-v4 packets processed: 11392
nat-tcp-v4 packets processed: 11456
nat-tcp-v4 packets processed: 11520
nat-tcp-v4 packets processed: 11584
nat-tcp-v4 packets processed: 11648
nat-tcp-v4 packets processed: 11712
nat-tcp-v4 packets processed: 11776
nat-tcp-v4 packets processed: 11840
nat-tcp-v4 packets processed: 11904
nat-tcp-v4 packets processed: 11968
nat-tcp-v4 packets processed: 12032
nat-tcp-v4 packets processed: 12096
nat-tcp-v4 packets processed: 12160
nat-tcp-v4 packets processed: 12224
nat-tcp-v4 packets processed: 12288
nat-tcp-v4 packets processed: 12352
nat-tcp-v4 packets processed: 12416
nat-tcp-v4 packets processed: 12480
nat-tcp-v4 packets processed: 12544
nat-tcp-v4 packets processed: 12608
nat-tcp-v4 packets processed: 12672
nat-tcp-v4 packets processed: 12736
nat-tcp-v4 packets processed: 12800
nat-tcp-v4 packets processed: 12864
nat-tcp-v4 packets processed: 12928
nat-tcp-v4 packets processed: 12992
nat-tcp-v4 packets processed: 13056
nat-tcp-v4 packets processed: 13120
nat-tcp-v4 packets processed: 13184
nat-tcp-v4 packets processed: 13248
nat-tcp-v4 packets processed: 13312
nat-tcp-v4 packets processed: 13376
nat-tcp-v4 packets processed: 13440
nat-tcp-v4 packets processed: 13504
nat-tcp-v4 packets processed: 13568
nat-tcp-v4 packets processed: 13632
nat-tcp-v4 packets processed: 13696
nat-tcp-v4 packets processed: 13760
nat-tcp-v4 packets processed: 13824
nat-tcp-v4 packets processed: 13888
nat-tcp-v4 packets processed: 13952
nat-tcp-v4 packets processed: 14016
nat-tcp-v4 packets processed: 14080
nat-tcp-v4 packets processed: 14144
nat-tcp-v4 packets processed: 14208
nat-tcp-v4 packets processed: 14272
nat-tcp-v4 packets processed: 14336
nat-tcp-v4 packets processed: 14400
nat-tcp-v4 packets processed: 14464
nat-tcp-v4 packets processed: 14528
nat-tcp-v4 packets processed: 14592
nat-tcp-v4 packets processed: 14656
nat-tcp-v4 packets processed: 14720
nat-tcp-v4 packets processed: 14784
nat-tcp-v4 packets processed: 14848
nat-tcp-v4 packets processed: 14912
nat-tcp-v4 packets processed: 14976
nat-tcp-v4 packets processed: 15040
nat-tcp-v4 packets processed: 15104
nat-tcp-v4 packets processed: 15168
nat-tcp-v4 packets processed: 15232
nat-tcp-v4 packets processed: 15296
nat-tcp-v4 packets processed: 15360
nat-tcp-v4 packets processed: 15424
nat-tcp-v4 packets processed: 15488
nat-tcp-v4 packets processed: 15552
nat-tcp-v4 packets processed: 15616
nat-tcp-v4 packets processed: 15680
nat-tcp-v4 packets processed: 15744
nat-tcp-v4 packets processed: 15808
nat-tcp-v4 packets processed: 15872
nat-tcp-v4 packets processed: 15936
nat-tcp-v4 packets processed: 16000
nat-tcp-v4 packets processed: 16064
nat-tcp-v4 packets processed: 16128
nat-tcp-v4 packets processed: 16192
nat-tcp-v4 packets processed: 16256
nat-tcp-v4 packets processed: 16320
nat-tcp-v4 packets processed: 16384
nat-tcp-v4 packets processed: 16448
nat-tcp-v4 packets processed: 16512
nat-tcp-v4 packets processed: 16576
nat-tcp-v4 packets processed: 16640
nat-tcp-v4 packets processed: 16704
nat-tcp-v4 packets processed: 16768
nat-tcp-v4 packets processed: 16832
nat-tcp-v4 packets processed: 16896
nat-tcp-v4 packets processed: 16960
nat-tcp-v4 packets processed: 17024
nat-tcp-v4 packets processed: 17088
nat-tcp-v4 packets processed: 17152
nat-tcp-v4 packets processed: 17216
nat-tcp-v4 packets processed: 17280
nat-tcp-v4 packets processed: 17344
nat-tcp-v4 packets processed: 17408
nat-tcp-v4 packets processed: 17472
nat-tcp-v4 packets processed: 17536
nat-tcp-v4 packets processed: 17600
nat-tcp-v4 packets processed: 17664
nat-tcp-v4 packets processed: 17728
nat-tcp-v4 packets processed: 17792
nat-tcp-v4 packets processed: 17856
nat-tcp-v4 packets processed: 17920
nat-tcp-v4 packets processed: 17984
nat-tcp-v4 packets processed: 18048
nat-tcp-v4 packets processed: 18112
nat-tcp-v4 packets processed: 18176
nat-tcp-v4 packets processed: 18240
nat-tcp-v4 packets processed: 18304
nat-tcp-v4 packets processed: 18368
nat-tcp-v4 packets processed: 18432
nat-tcp-v4 packets processed: 18496
nat-tcp-v4 packets processed: 18560
nat-tcp-v4 packets processed: 18624
nat-tcp-v4 packets processed: 18688
nat-tcp-v4 packets processed: 18752
nat-tcp-v4 packets processed: 18816
nat-tcp-v4 packets processed: 18880
nat-tcp-v4 packets processed: 18944
nat-tcp-v4 packets processed: 19008
nat-tcp-v4 packets processed: 19072
nat-tcp-v4 packets processed: 19136
nat-tcp-v4 packets processed: 19200
nat-tcp-v4 packets processed: 19264
nat-tcp-v4 packets processed: 19328
nat-tcp-v4 packets processed: 19392
nat-tcp-v4 packets processed: 19456
nat-tcp-v4 packets processed: 19520
nat-tcp-v4 packets processed: 19584
nat-tcp-v4 packets processed: 19648
nat-tcp-v4 packets processed: 19712
nat-tcp-v4 packets processed: 19776
nat-tcp-v4 packets processed: 19840
nat-tcp-v4 packets processed: 19904
nat-tcp-v4 packets processed: 19968
nat-tcp-v4 packets processed: 20032
nat-tcp-v4 packets processed: 20096
nat-tcp-v4 packets processed: 20160
nat-tcp-v4 packets processed: 20224
nat-tcp-v4 packets processed: 20288
nat-tcp-v4 packets processed: 20352
nat-tcp-v4 packets processed: 20416
nat-tcp-v4 packets processed: 20480
nat-tcp-v4 packets processed: 20544
nat-tcp-v4 packets processed: 20608
nat-tcp-v4 packets processed: 20672
nat-tcp-v4 packets processed: 20736
nat-tcp-v4 packets processed: 20800
nat-tcp-v4 packets processed: 20864
nat-tcp-v4 packets processed: 20928
nat-tcp-v4 packets processed: 20992
nat-tcp-v4 packets processed: 21056
nat-tcp-v4 packets processed: 21120
nat-tcp-v4 packets processed: 21184
nat-tcp-v4 packets processed: 21248
nat-tcp-v4 packets processed: 21312
nat-tcp-v4 packets processed: 21376
nat-tcp-v4 packets processed: 21440
nat-tcp-v4 packets processed: 21504
nat-tcp-v4 packets processed: 21568
nat-tcp-v4 packets processed: 21632
nat-tcp-v4 packets processed: 21696
nat-tcp-v4 packets processed: 21760
nat-tcp-v4 packets processed: 21824
nat-tcp-v4 packets processed: 21888
nat-tcp-v4 packets processed: 21952
nat-tcp-v4 packets processed: 22016
nat-tcp-v4 packets processed: 22080
nat-tcp-v4 packets processed: 22144
nat-tcp-v4 packets processed: 22208
nat-tcp-v4 packets processed: 22272
nat-tcp-v4 packets processed: 22336
nat-tcp-v4 packets processed: 22400
nat-tcp-v4 packets processed: 22464
nat-tcp-v4 packets processed: 22528
nat-tcp-v4 packets processed: 22592
nat-tcp-v4 packets processed: 22656
nat-tcp-v4 packets processed: 22720
nat-tcp-v4 packets processed: 22784
nat-tcp-v4 packets processed: 22848
nat-tcp-v4 packets processed: 22912
nat-tcp-v4 packets processed: 22976
nat-tcp-v4 packets processed: 23040
nat-tcp-v4 packets processed: 23104
nat-tcp-v4 packets processed: 23168
nat-tcp-v4 packets processed: 23232
nat-tcp-v4 packets processed: 23296
nat-tcp-v4 packets processed: 23360
nat-tcp-v4 packets processed: 23424
nat-tcp-v4 packets processed: 23488
nat-tcp-v4 packets processed: 23552
nat-tcp-v4 packets processed: 23616
nat-tcp-v4 packets processed: 23680
nat-tcp-v4 packets processed: 23744
nat-tcp-v4 packets processed: 23808
nat-tcp-v4 packets processed: 23872
nat-tcp-v4 packets processed: 23936
nat-tcp-v4 packets processed: 24000
nat-tcp-v4 packets processed: 24064
nat-tcp-v4 packets processed: 24128
nat-tcp-v4 packets processed: 24192
nat-tcp-v4 packets processed: 24256
nat-tcp-v4 packets processed: 24320
nat-tcp-v4 packets processed: 24384
nat-tcp-v4 packets processed: 24448
nat-tcp-v4 packets processed: 24512
nat-tcp-v4 packets processed: 24576
nat-tcp-v4 packets processed: 24640
nat-tcp-v4 packets processed: 24704
nat-tcp-v4 packets processed: 24768
nat-tcp-v4 packets processed: 24832
nat-tcp-v4 packets processed: 24896
nat-tcp-v4 packets processed: 24960
nat-tcp-v4 packets processed: 25024
nat-tcp-v4 packets processed: 25088
nat-tcp-v4 packets processed: 25152
nat-tcp-v4 packets processed: 25216
nat-tcp-v4 packets processed: 25280
nat-tcp-v4 packets processed: 25344
nat-tcp-v4 packets processed: 25408
nat-tcp-v4 packets processed: 25472
nat-tcp-v4 packets processed: 25536
nat-tcp-v4 packets processed: 25600
nat-tcp-v4 packets processed: 25664
nat-tcp-v4 packets processed: 25728
nat-tcp-v4 packets processed: 25792
nat-tcp-v4 packets processed: 25856
nat-tcp-v4 packets processed: 25920
nat-tcp-v4 packets processed: 25984
nat-tcp-v4 packets processed: 26048
nat-tcp-v4 packets processed: 26112
nat-tcp-v4 packets processed: 26176
nat-tcp-v4 packets processed: 26240
nat-tcp-v4 packets processed: 26304
nat-tcp-v4 packets processed: 26368
nat-tcp-v4 packets processed: 26432
nat-tcp-v4 packets processed: 26496
nat-tcp-v4 packets processed: 26560
nat-tcp-v4 packets processed: 26624
nat-tcp-v4 packets processed: 26688
nat-tcp-v4 packets processed: 26752
nat-tcp-v4 packets processed: 26816
nat-tcp-v4 packets processed: 26880
nat-tcp-v4 packets processed: 26944
nat-tcp-v4 packets processed: 27008
nat-tcp-v4 packets processed: 27072
nat-tcp-v4 packets processed: 27136
nat-tcp-v4 packets processed: 27200
nat-tcp-v4 packets processed: 27264
nat-tcp-v4 packets processed: 27328
nat-tcp-v4 packets processed: 27392
nat-tcp-v4 packets processed: 27456
nat-tcp-v4 packets processed: 27520
nat-tcp-v4 packets processed: 27584
nat-tcp-v4 packets processed: 27648
nat-tcp-v4 packets processed: 27712
nat-tcp-v4 packets processed: 27776
nat-tcp-v4 packets processed: 27840
nat-tcp-v4 packets processed: 27904
nat-tcp-v4 packets processed: 27968
nat-tcp-v4 packets processed: 28032
nat-tcp-v4 packets processed: 28096
nat-tcp-v4 packets processed: 28160
nat-tcp-v4 packets processed: 28224
nat-tcp-v4 packets processed: 28288
nat-tcp-v4 packets processed: 28352
nat-tcp-v4 packets processed: 28416
nat-tcp-v4 packets processed: 28480
nat-tcp-v4 packets processed: 28544
nat-tcp-v4 packets processed: 28608
nat-tcp-v4 packets processed: 28672
nat-tcp-v4 packets processed: 28736
nat-tcp-v4 packets processed: 28800
nat-tcp-v4 packets processed: 28864
nat-tcp-v4 packets processed: 28928
nat-tcp-v4 packets processed: 28992
nat-tcp-v4 packets processed: 29056
nat-tcp-v4 packets processed: 29120
nat-tcp-v4 packets processed: 29184
nat-tcp-v4 packets processed: 29248
nat-tcp-v4 packets processed: 29312
nat-tcp-v4 packets processed: 29376
nat-tcp-v4 packets processed: 29440
nat-tcp-v4 packets processed: 29504
nat-tcp-v4 packets processed: 29568
nat-tcp-v4 packets processed: 29632
nat-tcp-v4 packets processed: 29696
nat-tcp-v4 packets processed: 29760
nat-tcp-v4 packets processed: 29824
nat-tcp-v4 packets processed: 29888
nat-tcp-v4 packets processed: 29952
nat-tcp-v4 packets processed: 30016
nat-tcp-v4 packets processed: 30080
nat-tcp-v4 packets processed: 30144
nat-tcp-v4 packets processed: 30208
nat-tcp-v4 packets processed: 30272
nat-tcp-v4 packets processed: 30336
nat-tcp-v4 packets processed: 30400
nat-tcp-v4 packets processed: 30464
nat-tcp-v4 packets processed: 30528
nat-tcp-v4 packets processed: 30592
nat-tcp-v4 packets processed: 30656
nat-tcp-v4 packets processed: 30720
nat-tcp-v4 packets processed: 30784
nat-tcp-v4 packets processed: 30848
nat-tcp-v4 packets processed: 30912
ac restore done!
trying to open file /users/yangzhou/ictf2010_100kflow.dat
opening succeeds
nat-tcp-v4 packets processed: 30976
nat-tcp-v4 packets processed: 31040
nat-tcp-v4 packets processed: 31104
nat-tcp-v4 packets processed: 31168
nat-tcp-v4 packets processed: 31232
nat-tcp-v4 packets processed: 31296
nat-tcp-v4 packets processed: 31360
nat-tcp-v4 packets processed: 31424
nat-tcp-v4 packets processed: 31488
nat-tcp-v4 packets processed: 31552
nat-tcp-v4 packets processed: 31616
nat-tcp-v4 packets processed: 31680
nat-tcp-v4 packets processed: 31744
nat-tcp-v4 packets processed: 31808
nat-tcp-v4 packets processed: 31872
nat-tcp-v4 packets processed: 31936
nat-tcp-v4 packets processed: 32000
nat-tcp-v4 packets processed: 32064
nat-tcp-v4 packets processed: 32128
nat-tcp-v4 packets processed: 32192
nat-tcp-v4 packets processed: 32256
nat-tcp-v4 packets processed: 32320
nat-tcp-v4 packets processed: 32384
nat-tcp-v4 packets processed: 32448
nat-tcp-v4 packets processed: 32512
nat-tcp-v4 packets processed: 32576
nat-tcp-v4 packets processed: 32640
nat-tcp-v4 packets processed: 32704
nat-tcp-v4 packets processed: 32768
nat-tcp-v4 packets processed: 32832
nat-tcp-v4 packets processed: 32896
nat-tcp-v4 packets processed: 32960
nat-tcp-v4 packets processed: 33024
nat-tcp-v4 packets processed: 33088
nat-tcp-v4 packets processed: 33152
nat-tcp-v4 packets processed: 33216
nat-tcp-v4 packets processed: 33280
nat-tcp-v4 packets processed: 33344
nat-tcp-v4 packets processed: 33408
nat-tcp-v4 packets processed: 33472
nat-tcp-v4 packets processed: 33536
nat-tcp-v4 packets processed: 33600
nat-tcp-v4 packets processed: 33664
nat-tcp-v4 packets processed: 33728
nat-tcp-v4 packets processed: 33792
nat-tcp-v4 packets processed: 33856
nat-tcp-v4 packets processed: 33920
nat-tcp-v4 packets processed: 33984
nat-tcp-v4 packets processed: 34048
nat-tcp-v4 packets processed: 34112
nat-tcp-v4 packets processed: 34176
nat-tcp-v4 packets processed: 34240
nat-tcp-v4 packets processed: 34304
nat-tcp-v4 packets processed: 34368
nat-tcp-v4 packets processed: 34432
nat-tcp-v4 packets processed: 34496
nat-tcp-v4 packets processed: 34560
nat-tcp-v4 packets processed: 34624
nat-tcp-v4 packets processed: 34688
nat-tcp-v4 packets processed: 34752
nat-tcp-v4 packets processed: 34816
nat-tcp-v4 packets processed: 34880
nat-tcp-v4 packets processed: 34944
nat-tcp-v4 packets processed: 35008
nat-tcp-v4 packets processed: 35072
nat-tcp-v4 packets processed: 35136
nat-tcp-v4 packets processed: 35200
nat-tcp-v4 packets processed: 35264
nat-tcp-v4 packets processed: 35328
nat-tcp-v4 packets processed: 35392
nat-tcp-v4 packets processed: 35456
nat-tcp-v4 packets processed: 35520
nat-tcp-v4 packets processed: 35584
nat-tcp-v4 packets processed: 35648
nat-tcp-v4 packets processed: 35712
nat-tcp-v4 packets processed: 35776
nat-tcp-v4 packets processed: 35840
nat-tcp-v4 packets processed: 35904
nat-tcp-v4 packets processed: 35968
nat-tcp-v4 packets processed: 36032
nat-tcp-v4 packets processed: 36096
nat-tcp-v4 packets processed: 36160
nat-tcp-v4 packets processed: 36224
nat-tcp-v4 packets processed: 36288
nat-tcp-v4 packets processed: 36352
nat-tcp-v4 packets processed: 36416
nat-tcp-v4 packets processed: 36480
nat-tcp-v4 packets processed: 36544
nat-tcp-v4 packets processed: 36608
nat-tcp-v4 packets processed: 36672
nat-tcp-v4 packets processed: 36736
nat-tcp-v4 packets processed: 36800
nat-tcp-v4 packets processed: 36864
nat-tcp-v4 packets processed: 36928
nat-tcp-v4 packets processed: 36992
nat-tcp-v4 packets processed: 37056
nat-tcp-v4 packets processed: 37120
nat-tcp-v4 packets processed: 37184
nat-tcp-v4 packets processed: 37248
nat-tcp-v4 packets processed: 37312
nat-tcp-v4 packets processed: 37376
nat-tcp-v4 packets processed: 37440
nat-tcp-v4 packets processed: 37504
nat-tcp-v4 packets processed: 37568
nat-tcp-v4 packets processed: 37632
nat-tcp-v4 packets processed: 37696
nat-tcp-v4 packets processed: 37760
nat-tcp-v4 packets processed: 37824
nat-tcp-v4 packets processed: 37888
nat-tcp-v4 packets processed: 37952
nat-tcp-v4 packets processed: 38016
nat-tcp-v4 packets processed: 38080
nat-tcp-v4 packets processed: 38144
nat-tcp-v4 packets processed: 38208
nat-tcp-v4 packets processed: 38272
nat-tcp-v4 packets processed: 38336
nat-tcp-v4 packets processed: 38400
nat-tcp-v4 packets processed: 38464
nat-tcp-v4 packets processed: 38528
nat-tcp-v4 packets processed: 38592
nat-tcp-v4 packets processed: 38656
nat-tcp-v4 packets processed: 38720
nat-tcp-v4 packets processed: 38784
nat-tcp-v4 packets processed: 38848
nat-tcp-v4 packets processed: 38912
nat-tcp-v4 packets processed: 38976
nat-tcp-v4 packets processed: 39040
nat-tcp-v4 packets processed: 39104
nat-tcp-v4 packets processed: 39168
nat-tcp-v4 packets processed: 39232
nat-tcp-v4 packets processed: 39296
nat-tcp-v4 packets processed: 39360
nat-tcp-v4 packets processed: 39424
nat-tcp-v4 packets processed: 39488
nat-tcp-v4 packets processed: 39552
nat-tcp-v4 packets processed: 39616
nat-tcp-v4 packets processed: 39680
nat-tcp-v4 packets processed: 39744
nat-tcp-v4 packets processed: 39808
nat-tcp-v4 packets processed: 39872
nat-tcp-v4 packets processed: 39936
nat-tcp-v4 packets processed: 40000
Reading pkt trace done!
average pkt size = 607.092021
nat-tcp-v4 packets processed: 40064
dpi packets processed: 64
nat-tcp-v4 packets processed: 40128
nat-tcp-v4 packets processed: 40192
dpi packets processed: 128
nat-tcp-v4 packets processed: 40256
dpi packets processed: 192
nat-tcp-v4 packets processed: 40320
dpi packets processed: 256
nat-tcp-v4 packets processed: 40384
nat-tcp-v4 packets processed: 40448
dpi packets processed: 320
nat-tcp-v4 packets processed: 40512
dpi packets processed: 384
nat-tcp-v4 packets processed: 40576
nat-tcp-v4 packets processed: 40640
dpi packets processed: 448
nat-tcp-v4 packets processed: 40704
dpi packets processed: 512
nat-tcp-v4 packets processed: 40768
nat-tcp-v4 packets processed: 40832
dpi packets processed: 576
nat-tcp-v4 packets processed: 40896
dpi packets processed: 640
nat-tcp-v4 packets processed: 40960
nat-tcp-v4 packets processed: 41024
dpi packets processed: 704
nat-tcp-v4 packets processed: 41088
dpi packets processed: 768
nat-tcp-v4 packets processed: 41152
nat-tcp-v4 packets processed: 41216
dpi packets processed: 832
nat-tcp-v4 packets processed: 41280
dpi packets processed: 896
nat-tcp-v4 packets processed: 41344
dpi packets processed: 960
nat-tcp-v4 packets processed: 41408
nat-tcp-v4 packets processed: 41472
dpi packets processed: 1024
nat-tcp-v4 packets processed: 41536
dpi packets processed: 1088
nat-tcp-v4 packets processed: 41600
nat-tcp-v4 packets processed: 41664
dpi packets processed: 1152
nat-tcp-v4 packets processed: 41728
dpi packets processed: 1216
nat-tcp-v4 packets processed: 41792
nat-tcp-v4 packets processed: 41856
dpi packets processed: 1280
nat-tcp-v4 packets processed: 41920
dpi packets processed: 1344
nat-tcp-v4 packets processed: 41984
nat-tcp-v4 packets processed: 42048
dpi packets processed: 1408
nat-tcp-v4 packets processed: 42112
dpi packets processed: 1472
nat-tcp-v4 packets processed: 42176
dpi packets processed: 1536
nat-tcp-v4 packets processed: 42240
nat-tcp-v4 packets processed: 42304
dpi packets processed: 1600
nat-tcp-v4 packets processed: 42368
nat-tcp-v4 packets processed: 42432
dpi packets processed: 1664
nat-tcp-v4 packets processed: 42496
dpi packets processed: 1728
nat-tcp-v4 packets processed: 42560
nat-tcp-v4 packets processed: 42624
dpi packets processed: 1792
nat-tcp-v4 packets processed: 42688
dpi packets processed: 1856
nat-tcp-v4 packets processed: 42752
dpi packets processed: 1920
nat-tcp-v4 packets processed: 42816
nat-tcp-v4 packets processed: 42880
dpi packets processed: 1984
nat-tcp-v4 packets processed: 42944
dpi packets processed: 2048
nat-tcp-v4 packets processed: 43008
nat-tcp-v4 packets processed: 43072
dpi packets processed: 2112
nat-tcp-v4 packets processed: 43136
dpi packets processed: 2176
nat-tcp-v4 packets processed: 43200
nat-tcp-v4 packets processed: 43264
dpi packets processed: 2240
nat-tcp-v4 packets processed: 43328
dpi packets processed: 2304
nat-tcp-v4 packets processed: 43392
dpi packets processed: 2368
nat-tcp-v4 packets processed: 43456
nat-tcp-v4 packets processed: 43520
dpi packets processed: 2432
nat-tcp-v4 packets processed: 43584
dpi packets processed: 2496
nat-tcp-v4 packets processed: 43648
nat-tcp-v4 packets processed: 43712
dpi packets processed: 2560
nat-tcp-v4 packets processed: 43776
dpi packets processed: 2624
nat-tcp-v4 packets processed: 43840
dpi packets processed: 2688
nat-tcp-v4 packets processed: 43904
nat-tcp-v4 packets processed: 43968
dpi packets processed: 2752
nat-tcp-v4 packets processed: 44032
dpi packets processed: 2816
nat-tcp-v4 packets processed: 44096
nat-tcp-v4 packets processed: 44160
dpi packets processed: 2880
nat-tcp-v4 packets processed: 44224
dpi packets processed: 2944
nat-tcp-v4 packets processed: 44288
dpi packets processed: 3008
nat-tcp-v4 packets processed: 44352
nat-tcp-v4 packets processed: 44416
dpi packets processed: 3072
nat-tcp-v4 packets processed: 44480
dpi packets processed: 3136
nat-tcp-v4 packets processed: 44544
dpi packets processed: 3200
nat-tcp-v4 packets processed: 44608
nat-tcp-v4 packets processed: 44672
dpi packets processed: 3264
nat-tcp-v4 packets processed: 44736
dpi packets processed: 3328
nat-tcp-v4 packets processed: 44800
nat-tcp-v4 packets processed: 44864
dpi packets processed: 3392
nat-tcp-v4 packets processed: 44928
dpi packets processed: 3456
nat-tcp-v4 packets processed: 44992
dpi packets processed: 3520
nat-tcp-v4 packets processed: 45056
nat-tcp-v4 packets processed: 45120
dpi packets processed: 3584
nat-tcp-v4 packets processed: 45184
dpi packets processed: 3648
nat-tcp-v4 packets processed: 45248
nat-tcp-v4 packets processed: 45312
dpi packets processed: 3712
nat-tcp-v4 packets processed: 45376
dpi packets processed: 3776
nat-tcp-v4 packets processed: 45440
nat-tcp-v4 packets processed: 45504
dpi packets processed: 3840
nat-tcp-v4 packets processed: 45568
dpi packets processed: 3904
nat-tcp-v4 packets processed: 45632
nat-tcp-v4 packets processed: 45696
dpi packets processed: 3968
nat-tcp-v4 packets processed: 45760
dpi packets processed: 4032
nat-tcp-v4 packets processed: 45824
nat-tcp-v4 packets processed: 45888
dpi packets processed: 4096
nat-tcp-v4 packets processed: 45952
dpi packets processed: 4160
nat-tcp-v4 packets processed: 46016
nat-tcp-v4 packets processed: 46080
dpi packets processed: 4224
nat-tcp-v4 packets processed: 46144
dpi packets processed: 4288
nat-tcp-v4 packets processed: 46208
nat-tcp-v4 packets processed: 46272
dpi packets processed: 4352
nat-tcp-v4 packets processed: 46336
dpi packets processed: 4416
nat-tcp-v4 packets processed: 46400
dpi packets processed: 4480
nat-tcp-v4 packets processed: 46464
nat-tcp-v4 packets processed: 46528
dpi packets processed: 4544
nat-tcp-v4 packets processed: 46592
dpi packets processed: 4608
nat-tcp-v4 packets processed: 46656
nat-tcp-v4 packets processed: 46720
dpi packets processed: 4672
nat-tcp-v4 packets processed: 46784
dpi packets processed: 4736
nat-tcp-v4 packets processed: 46848
dpi packets processed: 4800
nat-tcp-v4 packets processed: 46912
nat-tcp-v4 packets processed: 46976
dpi packets processed: 4864
nat-tcp-v4 packets processed: 47040
dpi packets processed: 4928
nat-tcp-v4 packets processed: 47104
nat-tcp-v4 packets processed: 47168
dpi packets processed: 4992
nat-tcp-v4 packets processed: 47232
dpi packets processed: 5056
nat-tcp-v4 packets processed: 47296
nat-tcp-v4 packets processed: 47360
dpi packets processed: 5120
nat-tcp-v4 packets processed: 47424
dpi packets processed: 5184
nat-tcp-v4 packets processed: 47488
nat-tcp-v4 packets processed: 47552
dpi packets processed: 5248
nat-tcp-v4 packets processed: 47616
dpi packets processed: 5312
nat-tcp-v4 packets processed: 47680
nat-tcp-v4 packets processed: 47744
dpi packets processed: 5376
nat-tcp-v4 packets processed: 47808
dpi packets processed: 5440
nat-tcp-v4 packets processed: 47872
nat-tcp-v4 packets processed: 47936
dpi packets processed: 5504
nat-tcp-v4 packets processed: 48000
dpi packets processed: 5568
nat-tcp-v4 packets processed: 48064
nat-tcp-v4 packets processed: 48128
dpi packets processed: 5632
nat-tcp-v4 packets processed: 48192
dpi packets processed: 5696
nat-tcp-v4 packets processed: 48256
dpi packets processed: 5760
nat-tcp-v4 packets processed: 48320
nat-tcp-v4 packets processed: 48384
dpi packets processed: 5824
nat-tcp-v4 packets processed: 48448
dpi packets processed: 5888
nat-tcp-v4 packets processed: 48512
dpi packets processed: 5952
nat-tcp-v4 packets processed: 48576
nat-tcp-v4 packets processed: 48640
dpi packets processed: 6016
nat-tcp-v4 packets processed: 48704
dpi packets processed: 6080
nat-tcp-v4 packets processed: 48768
dpi packets processed: 6144
nat-tcp-v4 packets processed: 48832
nat-tcp-v4 packets processed: 48896
dpi packets processed: 6208
nat-tcp-v4 packets processed: 48960
dpi packets processed: 6272
nat-tcp-v4 packets processed: 49024
nat-tcp-v4 packets processed: 49088
dpi packets processed: 6336
nat-tcp-v4 packets processed: 49152
dpi packets processed: 6400
nat-tcp-v4 packets processed: 49216
nat-tcp-v4 packets processed: 49280
dpi packets processed: 6464
nat-tcp-v4 packets processed: 49344
dpi packets processed: 6528
nat-tcp-v4 packets processed: 49408
nat-tcp-v4 packets processed: 49472
dpi packets processed: 6592
nat-tcp-v4 packets processed: 49536
dpi packets processed: 6656
nat-tcp-v4 packets processed: 49600
nat-tcp-v4 packets processed: 49664
dpi packets processed: 6720
nat-tcp-v4 packets processed: 49728
dpi packets processed: 6784
nat-tcp-v4 packets processed: 49792
nat-tcp-v4 packets processed: 49856
dpi packets processed: 6848
nat-tcp-v4 packets processed: 49920
dpi packets processed: 6912
nat-tcp-v4 packets processed: 49984
nat-tcp-v4 packets processed: 50048
dpi packets processed: 6976
nat-tcp-v4 packets processed: 50112
dpi packets processed: 7040
nat-tcp-v4 packets processed: 50176
nat-tcp-v4 packets processed: 50240
dpi packets processed: 7104
nat-tcp-v4 packets processed: 50304
dpi packets processed: 7168
nat-tcp-v4 packets processed: 50368
dpi packets processed: 7232
nat-tcp-v4 packets processed: 50432
nat-tcp-v4 packets processed: 50496
dpi packets processed: 7296
nat-tcp-v4 packets processed: 50560
dpi packets processed: 7360
nat-tcp-v4 packets processed: 50624
nat-tcp-v4 packets processed: 50688
dpi packets processed: 7424
nat-tcp-v4 packets processed: 50752
dpi packets processed: 7488
nat-tcp-v4 packets processed: 50816
dpi packets processed: 7552
nat-tcp-v4 packets processed: 50880
nat-tcp-v4 packets processed: 50944
dpi packets processed: 7616
nat-tcp-v4 packets processed: 51008
dpi packets processed: 7680
nat-tcp-v4 packets processed: 51072
nat-tcp-v4 packets processed: 51136
dpi packets processed: 7744
nat-tcp-v4 packets processed: 51200
dpi packets processed: 7808
nat-tcp-v4 packets processed: 51264
dpi packets processed: 7872
nat-tcp-v4 packets processed: 51328
nat-tcp-v4 packets processed: 51392
dpi packets processed: 7936
nat-tcp-v4 packets processed: 51456
dpi packets processed: 8000
nat-tcp-v4 packets processed: 51520
nat-tcp-v4 packets processed: 51584
dpi packets processed: 8064
nat-tcp-v4 packets processed: 51648
dpi packets processed: 8128
nat-tcp-v4 packets processed: 51712
dpi packets processed: 8192
nat-tcp-v4 packets processed: 51776
nat-tcp-v4 packets processed: 51840
dpi packets processed: 8256
nat-tcp-v4 packets processed: 51904
dpi packets processed: 8320
nat-tcp-v4 packets processed: 51968
nat-tcp-v4 packets processed: 52032
dpi packets processed: 8384
nat-tcp-v4 packets processed: 52096
dpi packets processed: 8448
nat-tcp-v4 packets processed: 52160
dpi packets processed: 8512
nat-tcp-v4 packets processed: 52224
nat-tcp-v4 packets processed: 52288
dpi packets processed: 8576
nat-tcp-v4 packets processed: 52352
dpi packets processed: 8640
nat-tcp-v4 packets processed: 52416
dpi packets processed: 8704
nat-tcp-v4 packets processed: 52480
nat-tcp-v4 packets processed: 52544
dpi packets processed: 8768
nat-tcp-v4 packets processed: 52608
dpi packets processed: 8832
nat-tcp-v4 packets processed: 52672
nat-tcp-v4 packets processed: 52736
dpi packets processed: 8896
nat-tcp-v4 packets processed: 52800
dpi packets processed: 8960
nat-tcp-v4 packets processed: 52864
dpi packets processed: 9024
nat-tcp-v4 packets processed: 52928
nat-tcp-v4 packets processed: 52992
dpi packets processed: 9088
nat-tcp-v4 packets processed: 53056
dpi packets processed: 9152
nat-tcp-v4 packets processed: 53120
nat-tcp-v4 packets processed: 53184
dpi packets processed: 9216
nat-tcp-v4 packets processed: 53248
dpi packets processed: 9280
nat-tcp-v4 packets processed: 53312
nat-tcp-v4 packets processed: 53376
dpi packets processed: 9344
nat-tcp-v4 packets processed: 53440
dpi packets processed: 9408
nat-tcp-v4 packets processed: 53504
nat-tcp-v4 packets processed: 53568
dpi packets processed: 9472
nat-tcp-v4 packets processed: 53632
dpi packets processed: 9536
nat-tcp-v4 packets processed: 53696
dpi packets processed: 9600
nat-tcp-v4 packets processed: 53760
nat-tcp-v4 packets processed: 53824
dpi packets processed: 9664
nat-tcp-v4 packets processed: 53888
dpi packets processed: 9728
nat-tcp-v4 packets processed: 53952
nat-tcp-v4 packets processed: 54016
dpi packets processed: 9792
nat-tcp-v4 packets processed: 54080
dpi packets processed: 9856
nat-tcp-v4 packets processed: 54144
nat-tcp-v4 packets processed: 54208
dpi packets processed: 9920
nat-tcp-v4 packets processed: 54272
dpi packets processed: 9984
nat-tcp-v4 packets processed: 54336
nat-tcp-v4 packets processed: 54400
dpi packets processed: 10048
nat-tcp-v4 packets processed: 54464
dpi packets processed: 10112
nat-tcp-v4 packets processed: 54528
nat-tcp-v4 packets processed: 54592
dpi packets processed: 10176
nat-tcp-v4 packets processed: 54656
dpi packets processed: 10240
nat-tcp-v4 packets processed: 54720
nat-tcp-v4 packets processed: 54784
dpi packets processed: 10304
nat-tcp-v4 packets processed: 54848
dpi packets processed: 10368
nat-tcp-v4 packets processed: 54912
dpi packets processed: 10432
nat-tcp-v4 packets processed: 54976
nat-tcp-v4 packets processed: 55040
dpi packets processed: 10496
nat-tcp-v4 packets processed: 55104
dpi packets processed: 10560
nat-tcp-v4 packets processed: 55168
nat-tcp-v4 packets processed: 55232
dpi packets processed: 10624
nat-tcp-v4 packets processed: 55296
dpi packets processed: 10688
nat-tcp-v4 packets processed: 55360
nat-tcp-v4 packets processed: 55424
dpi packets processed: 10752
nat-tcp-v4 packets processed: 55488
dpi packets processed: 10816
nat-tcp-v4 packets processed: 55552
nat-tcp-v4 packets processed: 55616
dpi packets processed: 10880
nat-tcp-v4 packets processed: 55680
dpi packets processed: 10944
nat-tcp-v4 packets processed: 55744
nat-tcp-v4 packets processed: 55808
dpi packets processed: 11008
nat-tcp-v4 packets processed: 55872
dpi packets processed: 11072
nat-tcp-v4 packets processed: 55936
nat-tcp-v4 packets processed: 56000
dpi packets processed: 11136
nat-tcp-v4 packets processed: 56064
dpi packets processed: 11200
nat-tcp-v4 packets processed: 56128
nat-tcp-v4 packets processed: 56192
dpi packets processed: 11264
nat-tcp-v4 packets processed: 56256
dpi packets processed: 11328
nat-tcp-v4 packets processed: 56320
dpi packets processed: 11392
nat-tcp-v4 packets processed: 56384
nat-tcp-v4 packets processed: 56448
dpi packets processed: 11456
nat-tcp-v4 packets processed: 56512
dpi packets processed: 11520
nat-tcp-v4 packets processed: 56576
dpi packets processed: 11584
nat-tcp-v4 packets processed: 56640
nat-tcp-v4 packets processed: 56704
dpi packets processed: 11648
nat-tcp-v4 packets processed: 56768
dpi packets processed: 11712
nat-tcp-v4 packets processed: 56832
nat-tcp-v4 packets processed: 56896
dpi packets processed: 11776
nat-tcp-v4 packets processed: 56960
dpi packets processed: 11840
nat-tcp-v4 packets processed: 57024
dpi packets processed: 11904
nat-tcp-v4 packets processed: 57088
nat-tcp-v4 packets processed: 57152
dpi packets processed: 11968
nat-tcp-v4 packets processed: 57216
dpi packets processed: 12032
nat-tcp-v4 packets processed: 57280
nat-tcp-v4 packets processed: 57344
dpi packets processed: 12096
nat-tcp-v4 packets processed: 57408
dpi packets processed: 12160
nat-tcp-v4 packets processed: 57472
nat-tcp-v4 packets processed: 57536
dpi packets processed: 12224
nat-tcp-v4 packets processed: 57600
dpi packets processed: 12288
nat-tcp-v4 packets processed: 57664
nat-tcp-v4 packets processed: 57728
dpi packets processed: 12352
nat-tcp-v4 packets processed: 57792
dpi packets processed: 12416
nat-tcp-v4 packets processed: 57856
dpi packets processed: 12480
nat-tcp-v4 packets processed: 57920
nat-tcp-v4 packets processed: 57984
dpi packets processed: 12544
nat-tcp-v4 packets processed: 58048
dpi packets processed: 12608
nat-tcp-v4 packets processed: 58112
nat-tcp-v4 packets processed: 58176
dpi packets processed: 12672
nat-tcp-v4 packets processed: 58240
dpi packets processed: 12736
nat-tcp-v4 packets processed: 58304
nat-tcp-v4 packets processed: 58368
dpi packets processed: 12800
nat-tcp-v4 packets processed: 58432
dpi packets processed: 12864
nat-tcp-v4 packets processed: 58496
nat-tcp-v4 packets processed: 58560
dpi packets processed: 12928
nat-tcp-v4 packets processed: 58624
dpi packets processed: 12992
nat-tcp-v4 packets processed: 58688
nat-tcp-v4 packets processed: 58752
dpi packets processed: 13056
nat-tcp-v4 packets processed: 58816
dpi packets processed: 13120
nat-tcp-v4 packets processed: 58880
nat-tcp-v4 packets processed: 58944
dpi packets processed: 13184
nat-tcp-v4 packets processed: 59008
dpi packets processed: 13248
nat-tcp-v4 packets processed: 59072
dpi packets processed: 13312
nat-tcp-v4 packets processed: 59136
nat-tcp-v4 packets processed: 59200
dpi packets processed: 13376
nat-tcp-v4 packets processed: 59264
dpi packets processed: 13440
nat-tcp-v4 packets processed: 59328
nat-tcp-v4 packets processed: 59392
dpi packets processed: 13504
nat-tcp-v4 packets processed: 59456
dpi packets processed: 13568
nat-tcp-v4 packets processed: 59520
nat-tcp-v4 packets processed: 59584
dpi packets processed: 13632
nat-tcp-v4 packets processed: 59648
dpi packets processed: 13696
nat-tcp-v4 packets processed: 59712
dpi packets processed: 13760
nat-tcp-v4 packets processed: 59776
nat-tcp-v4 packets processed: 59840
dpi packets processed: 13824
nat-tcp-v4 packets processed: 59904
dpi packets processed: 13888
nat-tcp-v4 packets processed: 59968
nat-tcp-v4 packets processed: 60032
dpi packets processed: 13952
nat-tcp-v4 packets processed: 60096
dpi packets processed: 14016
nat-tcp-v4 packets processed: 60160
nat-tcp-v4 packets processed: 60224
dpi packets processed: 14080
nat-tcp-v4 packets processed: 60288
dpi packets processed: 14144
nat-tcp-v4 packets processed: 60352
nat-tcp-v4 packets processed: 60416
dpi packets processed: 14208
nat-tcp-v4 packets processed: 60480
dpi packets processed: 14272
nat-tcp-v4 packets processed: 60544
dpi packets processed: 14336
nat-tcp-v4 packets processed: 60608
nat-tcp-v4 packets processed: 60672
dpi packets processed: 14400
nat-tcp-v4 packets processed: 60736
dpi packets processed: 14464
nat-tcp-v4 packets processed: 60800
nat-tcp-v4 packets processed: 60864
dpi packets processed: 14528
nat-tcp-v4 packets processed: 60928
dpi packets processed: 14592
nat-tcp-v4 packets processed: 60992
dpi packets processed: 14656
nat-tcp-v4 packets processed: 61056
nat-tcp-v4 packets processed: 61120
dpi packets processed: 14720
nat-tcp-v4 packets processed: 61184
dpi packets processed: 14784
nat-tcp-v4 packets processed: 61248
nat-tcp-v4 packets processed: 61312
dpi packets processed: 14848
nat-tcp-v4 packets processed: 61376
dpi packets processed: 14912
nat-tcp-v4 packets processed: 61440
nat-tcp-v4 packets processed: 61504
dpi packets processed: 14976
nat-tcp-v4 packets processed: 61568
dpi packets processed: 15040
nat-tcp-v4 packets processed: 61632
nat-tcp-v4 packets processed: 61696
dpi packets processed: 15104
nat-tcp-v4 packets processed: 61760
dpi packets processed: 15168
nat-tcp-v4 packets processed: 61824
nat-tcp-v4 packets processed: 61888
dpi packets processed: 15232
nat-tcp-v4 packets processed: 61952
dpi packets processed: 15296
nat-tcp-v4 packets processed: 62016
nat-tcp-v4 packets processed: 62080
dpi packets processed: 15360
nat-tcp-v4 packets processed: 62144
dpi packets processed: 15424
nat-tcp-v4 packets processed: 62208
nat-tcp-v4 packets processed: 62272
dpi packets processed: 15488
nat-tcp-v4 packets processed: 62336
dpi packets processed: 15552
nat-tcp-v4 packets processed: 62400
nat-tcp-v4 packets processed: 62464
dpi packets processed: 15616
nat-tcp-v4 packets processed: 62528
dpi packets processed: 15680
nat-tcp-v4 packets processed: 62592
dpi packets processed: 15744
nat-tcp-v4 packets processed: 62656
nat-tcp-v4 packets processed: 62720
dpi packets processed: 15808
nat-tcp-v4 packets processed: 62784
dpi packets processed: 15872
nat-tcp-v4 packets processed: 62848
nat-tcp-v4 packets processed: 62912
dpi packets processed: 15936
nat-tcp-v4 packets processed: 62976
dpi packets processed: 16000
nat-tcp-v4 packets processed: 63040
nat-tcp-v4 packets processed: 63104
dpi packets processed: 16064
nat-tcp-v4 packets processed: 63168
dpi packets processed: 16128
nat-tcp-v4 packets processed: 63232
dpi packets processed: 16192
nat-tcp-v4 packets processed: 63296
nat-tcp-v4 packets processed: 63360
dpi packets processed: 16256
nat-tcp-v4 packets processed: 63424
dpi packets processed: 16320
nat-tcp-v4 packets processed: 63488
nat-tcp-v4 packets processed: 63552
dpi packets processed: 16384
nat-tcp-v4 packets processed: 63616
dpi packets processed: 16448
nat-tcp-v4 packets processed: 63680
nat-tcp-v4 packets processed: 63744
dpi packets processed: 16512
nat-tcp-v4 packets processed: 63808
dpi packets processed: 16576
nat-tcp-v4 packets processed: 63872
dpi packets processed: 16640
nat-tcp-v4 packets processed: 63936
nat-tcp-v4 packets processed: 64000
dpi packets processed: 16704
nat-tcp-v4 packets processed: 64064
dpi packets processed: 16768
nat-tcp-v4 packets processed: 64128
nat-tcp-v4 packets processed: 64192
dpi packets processed: 16832
nat-tcp-v4 packets processed: 64256
dpi packets processed: 16896
nat-tcp-v4 packets processed: 64320
dpi packets processed: 16960
nat-tcp-v4 packets processed: 64384
nat-tcp-v4 packets processed: 64448
dpi packets processed: 17024
nat-tcp-v4 packets processed: 64512
dpi packets processed: 17088
nat-tcp-v4 packets processed: 64576
nat-tcp-v4 packets processed: 64640
dpi packets processed: 17152
nat-tcp-v4 packets processed: 64704
dpi packets processed: 17216
nat-tcp-v4 packets processed: 64768
dpi packets processed: 17280
nat-tcp-v4 packets processed: 64832
nat-tcp-v4 packets processed: 64896
dpi packets processed: 17344
nat-tcp-v4 packets processed: 64960
dpi packets processed: 17408
nat-tcp-v4 packets processed: 65024
nat-tcp-v4 packets processed: 65088
dpi packets processed: 17472
nat-tcp-v4 packets processed: 65152
dpi packets processed: 17536
nat-tcp-v4 packets processed: 65216
nat-tcp-v4 packets processed: 65280
dpi packets processed: 17600
nat-tcp-v4 packets processed: 65344
dpi packets processed: 17664
nat-tcp-v4 packets processed: 65408
dpi packets processed: 17728
nat-tcp-v4 packets processed: 65472
nat-tcp-v4 packets processed: 65536
dpi packets processed: 17792
nat-tcp-v4 packets processed: 65600
nat-tcp-v4 packets processed: 65664
dpi packets processed: 17856
nat-tcp-v4 packets processed: 65728
dpi packets processed: 17920
nat-tcp-v4 packets processed: 65792
nat-tcp-v4 packets processed: 65856
dpi packets processed: 17984
nat-tcp-v4 packets processed: 65920
dpi packets processed: 18048
nat-tcp-v4 packets processed: 65984
nat-tcp-v4 packets processed: 66048
dpi packets processed: 18112
nat-tcp-v4 packets processed: 66112
dpi packets processed: 18176
nat-tcp-v4 packets processed: 66176
nat-tcp-v4 packets processed: 66240
dpi packets processed: 18240
nat-tcp-v4 packets processed: 66304
dpi packets processed: 18304
nat-tcp-v4 packets processed: 66368
nat-tcp-v4 packets processed: 66432
dpi packets processed: 18368
nat-tcp-v4 packets processed: 66496
dpi packets processed: 18432
nat-tcp-v4 packets processed: 66560
nat-tcp-v4 packets processed: 66624
dpi packets processed: 18496
nat-tcp-v4 packets processed: 66688
dpi packets processed: 18560
nat-tcp-v4 packets processed: 66752
nat-tcp-v4 packets processed: 66816
dpi packets processed: 18624
nat-tcp-v4 packets processed: 66880
nat-tcp-v4 packets processed: 66944
dpi packets processed: 18688
nat-tcp-v4 packets processed: 67008
dpi packets processed: 18752
nat-tcp-v4 packets processed: 67072
nat-tcp-v4 packets processed: 67136
dpi packets processed: 18816
nat-tcp-v4 packets processed: 67200
dpi packets processed: 18880
nat-tcp-v4 packets processed: 67264
nat-tcp-v4 packets processed: 67328
dpi packets processed: 18944
nat-tcp-v4 packets processed: 67392
dpi packets processed: 19008
nat-tcp-v4 packets processed: 67456
nat-tcp-v4 packets processed: 67520
dpi packets processed: 19072
nat-tcp-v4 packets processed: 67584
nat-tcp-v4 packets processed: 67648
dpi packets processed: 19136
nat-tcp-v4 packets processed: 67712
dpi packets processed: 19200
nat-tcp-v4 packets processed: 67776
nat-tcp-v4 packets processed: 67840
dpi packets processed: 19264
nat-tcp-v4 packets processed: 67904
dpi packets processed: 19328
nat-tcp-v4 packets processed: 67968
nat-tcp-v4 packets processed: 68032
dpi packets processed: 19392
nat-tcp-v4 packets processed: 68096
dpi packets processed: 19456
nat-tcp-v4 packets processed: 68160
nat-tcp-v4 packets processed: 68224
dpi packets processed: 19520
nat-tcp-v4 packets processed: 68288
nat-tcp-v4 packets processed: 68352
dpi packets processed: 19584
nat-tcp-v4 packets processed: 68416
dpi packets processed: 19648
nat-tcp-v4 packets processed: 68480
nat-tcp-v4 packets processed: 68544
dpi packets processed: 19712
nat-tcp-v4 packets processed: 68608
dpi packets processed: 19776
nat-tcp-v4 packets processed: 68672
nat-tcp-v4 packets processed: 68736
dpi packets processed: 19840
nat-tcp-v4 packets processed: 68800
nat-tcp-v4 packets processed: 68864
dpi packets processed: 19904
nat-tcp-v4 packets processed: 68928
dpi packets processed: 19968
nat-tcp-v4 packets processed: 68992
nat-tcp-v4 packets processed: 69056
dpi packets processed: 20032
nat-tcp-v4 packets processed: 69120
dpi packets processed: 20096
nat-tcp-v4 packets processed: 69184
nat-tcp-v4 packets processed: 69248
dpi packets processed: 20160
nat-tcp-v4 packets processed: 69312
nat-tcp-v4 packets processed: 69376
dpi packets processed: 20224
nat-tcp-v4 packets processed: 69440
dpi packets processed: 20288
nat-tcp-v4 packets processed: 69504
nat-tcp-v4 packets processed: 69568
dpi packets processed: 20352
nat-tcp-v4 packets processed: 69632
dpi packets processed: 20416
nat-tcp-v4 packets processed: 69696
nat-tcp-v4 packets processed: 69760
dpi packets processed: 20480
nat-tcp-v4 packets processed: 69824
dpi packets processed: 20544
nat-tcp-v4 packets processed: 69888
nat-tcp-v4 packets processed: 69952
dpi packets processed: 20608
nat-tcp-v4 packets processed: 70016
dpi packets processed: 20672
nat-tcp-v4 packets processed: 70080
nat-tcp-v4 packets processed: 70144
dpi packets processed: 20736
nat-tcp-v4 packets processed: 70208
nat-tcp-v4 packets processed: 70272
dpi packets processed: 20800
nat-tcp-v4 packets processed: 70336
dpi packets processed: 20864
a thread in cpu1 reached the max instruction count @ 526992438612
nat-tcp-v4 packets processed: 70400
nat-tcp-v4 packets processed: 70464
dpi packets processed: 20928
nat-tcp-v4 packets processed: 70528
dpi packets processed: 20992
nat-tcp-v4 packets processed: 70592
nat-tcp-v4 packets processed: 70656
dpi packets processed: 21056
nat-tcp-v4 packets processed: 70720
dpi packets processed: 21120
nat-tcp-v4 packets processed: 70784
nat-tcp-v4 packets processed: 70848
dpi packets processed: 21184
nat-tcp-v4 packets processed: 70912
dpi packets processed: 21248
nat-tcp-v4 packets processed: 70976
nat-tcp-v4 packets processed: 71040
dpi packets processed: 21312
nat-tcp-v4 packets processed: 71104
nat-tcp-v4 packets processed: 71168
dpi packets processed: 21376
nat-tcp-v4 packets processed: 71232
dpi packets processed: 21440
nat-tcp-v4 packets processed: 71296
nat-tcp-v4 packets processed: 71360
dpi packets processed: 21504
nat-tcp-v4 packets processed: 71424
dpi packets processed: 21568
nat-tcp-v4 packets processed: 71488
nat-tcp-v4 packets processed: 71552
dpi packets processed: 21632
nat-tcp-v4 packets processed: 71616
dpi packets processed: 21696
nat-tcp-v4 packets processed: 71680
nat-tcp-v4 packets processed: 71744
dpi packets processed: 21760
nat-tcp-v4 packets processed: 71808
dpi packets processed: 21824
nat-tcp-v4 packets processed: 71872
nat-tcp-v4 packets processed: 71936
dpi packets processed: 21888
nat-tcp-v4 packets processed: 72000
dpi packets processed: 21952
nat-tcp-v4 packets processed: 72064
nat-tcp-v4 packets processed: 72128
dpi packets processed: 22016
nat-tcp-v4 packets processed: 72192
dpi packets processed: 22080
nat-tcp-v4 packets processed: 72256
nat-tcp-v4 packets processed: 72320
dpi packets processed: 22144
nat-tcp-v4 packets processed: 72384
dpi packets processed: 22208
nat-tcp-v4 packets processed: 72448
nat-tcp-v4 packets processed: 72512
dpi packets processed: 22272
nat-tcp-v4 packets processed: 72576
dpi packets processed: 22336
nat-tcp-v4 packets processed: 72640
nat-tcp-v4 packets processed: 72704
dpi packets processed: 22400
nat-tcp-v4 packets processed: 72768
dpi packets processed: 22464
nat-tcp-v4 packets processed: 72832
nat-tcp-v4 packets processed: 72896
dpi packets processed: 22528
nat-tcp-v4 packets processed: 72960
nat-tcp-v4 packets processed: 73024
dpi packets processed: 22592
nat-tcp-v4 packets processed: 73088
dpi packets processed: 22656
nat-tcp-v4 packets processed: 73152
nat-tcp-v4 packets processed: 73216
dpi packets processed: 22720
nat-tcp-v4 packets processed: 73280
nat-tcp-v4 packets processed: 73344
dpi packets processed: 22784
nat-tcp-v4 packets processed: 73408
dpi packets processed: 22848
nat-tcp-v4 packets processed: 73472
nat-tcp-v4 packets processed: 73536
dpi packets processed: 22912
nat-tcp-v4 packets processed: 73600
dpi packets processed: 22976
nat-tcp-v4 packets processed: 73664
nat-tcp-v4 packets processed: 73728
dpi packets processed: 23040
nat-tcp-v4 packets processed: 73792
dpi packets processed: 23104
nat-tcp-v4 packets processed: 73856
nat-tcp-v4 packets processed: 73920
dpi packets processed: 23168
nat-tcp-v4 packets processed: 73984
dpi packets processed: 23232
nat-tcp-v4 packets processed: 74048
nat-tcp-v4 packets processed: 74112
dpi packets processed: 23296
nat-tcp-v4 packets processed: 74176
nat-tcp-v4 packets processed: 74240
dpi packets processed: 23360
nat-tcp-v4 packets processed: 74304
dpi packets processed: 23424
nat-tcp-v4 packets processed: 74368
dpi packets processed: 23488
nat-tcp-v4 packets processed: 74432
nat-tcp-v4 packets processed: 74496
dpi packets processed: 23552
nat-tcp-v4 packets processed: 74560
nat-tcp-v4 packets processed: 74624
dpi packets processed: 23616
nat-tcp-v4 packets processed: 74688
dpi packets processed: 23680
nat-tcp-v4 packets processed: 74752
nat-tcp-v4 packets processed: 74816
dpi packets processed: 23744
nat-tcp-v4 packets processed: 74880
dpi packets processed: 23808
nat-tcp-v4 packets processed: 74944
nat-tcp-v4 packets processed: 75008
dpi packets processed: 23872
nat-tcp-v4 packets processed: 75072
dpi packets processed: 23936
nat-tcp-v4 packets processed: 75136
nat-tcp-v4 packets processed: 75200
dpi packets processed: 24000
nat-tcp-v4 packets processed: 75264
nat-tcp-v4 packets processed: 75328
dpi packets processed: 24064
nat-tcp-v4 packets processed: 75392
dpi packets processed: 24128
nat-tcp-v4 packets processed: 75456
nat-tcp-v4 packets processed: 75520
dpi packets processed: 24192
nat-tcp-v4 packets processed: 75584
dpi packets processed: 24256
nat-tcp-v4 packets processed: 75648
nat-tcp-v4 packets processed: 75712
dpi packets processed: 24320
nat-tcp-v4 packets processed: 75776
dpi packets processed: 24384
nat-tcp-v4 packets processed: 75840
nat-tcp-v4 packets processed: 75904
dpi packets processed: 24448
nat-tcp-v4 packets processed: 75968
dpi packets processed: 24512
nat-tcp-v4 packets processed: 76032
nat-tcp-v4 packets processed: 76096
dpi packets processed: 24576
nat-tcp-v4 packets processed: 76160
dpi packets processed: 24640
nat-tcp-v4 packets processed: 76224
nat-tcp-v4 packets processed: 76288
dpi packets processed: 24704
nat-tcp-v4 packets processed: 76352
dpi packets processed: 24768
nat-tcp-v4 packets processed: 76416
nat-tcp-v4 packets processed: 76480
dpi packets processed: 24832
nat-tcp-v4 packets processed: 76544
nat-tcp-v4 packets processed: 76608
dpi packets processed: 24896
nat-tcp-v4 packets processed: 76672
dpi packets processed: 24960
nat-tcp-v4 packets processed: 76736
nat-tcp-v4 packets processed: 76800
dpi packets processed: 25024
nat-tcp-v4 packets processed: 76864
dpi packets processed: 25088
nat-tcp-v4 packets processed: 76928
nat-tcp-v4 packets processed: 76992
dpi packets processed: 25152
nat-tcp-v4 packets processed: 77056
dpi packets processed: 25216
nat-tcp-v4 packets processed: 77120
nat-tcp-v4 packets processed: 77184
dpi packets processed: 25280
nat-tcp-v4 packets processed: 77248
dpi packets processed: 25344
nat-tcp-v4 packets processed: 77312
nat-tcp-v4 packets processed: 77376
dpi packets processed: 25408
nat-tcp-v4 packets processed: 77440
dpi packets processed: 25472
nat-tcp-v4 packets processed: 77504
nat-tcp-v4 packets processed: 77568
a thread in cpu0 reached the max instruction count @ 571531037676
Switched CPUS @ tick 571531037676
Changing memory mode to timing
switching cpus
**** REAL SIMULATION ****
info: Entering event queue @ 571531037676.  Starting simulation...
dpi packets processed: 25536
nat-tcp-v4 packets processed: 77632
nat-tcp-v4 packets processed: 77696
dpi packets processed: 25600
nat-tcp-v4 packets processed: 77760
dpi packets processed: 25664
nat-tcp-v4 packets processed: 77824
nat-tcp-v4 packets processed: 77888
dpi packets processed: 25728
nat-tcp-v4 packets processed: 77952
dpi packets processed: 25792
nat-tcp-v4 packets processed: 78016
nat-tcp-v4 packets processed: 78080
dpi packets processed: 25856
nat-tcp-v4 packets processed: 78144
dpi packets processed: 25920
nat-tcp-v4 packets processed: 78208
nat-tcp-v4 packets processed: 78272
dpi packets processed: 25984
nat-tcp-v4 packets processed: 78336
Exiting @ tick 574877695362 because a thread in cpu0 reached the max instruction count
