gem5 Simulator System.  http://gem5.org
gem5 is copyrighted software; use the --copyright option for details.

gem5 compiled Jan 31 2020 21:24:53
gem5 started Jan 31 2020 21:26:13
gem5 executing on node-1.yangzhou-qv63856.lambda-mpi-pg0.clemson.cloudlab.us
command line: build/ARM/gem5.fast --remote-gdb-port=0 --outdir=/users/yangzhou/GEM5_DRAMSim2/sgx_nic/m5out/detailed_nat-tcp-v4.monitoring_256kB_tp --stats-file=detailed_nat-tcp-v4.monitoring_256kB_tp_stats.txt configs/dramsim2/dramsim2_se.py --cpu-type=detailed --clock=2.4GHz --cacheline_size=128 --caches --l2cache --l2config=private --l2_size=128kB --l2_assoc=16 --fixaddr --rr_nc --split_mshr --split_rport --dramsim2 --tpturnlength=6 --devicecfg=./ext/DRAMSim2/ini/DDR3_micron_16M_8B_x8_sg15.ini --systemcfg=./ext/DRAMSim2/system_tp.ini --outputfile=/dev/null --fast-forward=1000000000 --maxinsts=10000000 --maxtick=2000000000000 --numpids=2 --p0=/users/yangzhou/NF-GEM5/nat-tcp-v4 --p1=/users/yangzhou/NF-GEM5/monitoring
Global frequency set at 1000000000000 ticks per second
device file: ./ext/DRAMSim2/ini/DDR3_micron_16M_8B_x8_sg15.ini
system file: ./ext/DRAMSim2/system_tp.ini
output file: /dev/null
DEBUGSTR My tpTurnLength is 6
genTrace is 0
finish initializing memory controller
CPU Clock = 2398MHz
DRAM Clock = 1600MHz
Memory Capacity = 16384MB
initialize the layer 2
initialize the layer 2
Switch at instruction count:1000000000
info: Entering event queue @ 0.  Starting simulation...
info: Increasing stack size by one page.
info: Increasing stack size by one page.
value_t size: 4B
value_t size: 16B
memory size: 10.063114MB
memory size: 51.400196MB
trying to open file /users/yangzhou/ictf2010_100kflow.dat
trying to open file /users/yangzhou/ictf2010_100kflow.dat
opening succeeds
opening succeeds
Reading pkt trace done!
Reading pkt trace done!
average pkt size = 607.092021
average pkt size = 607.092021
monitoring packets processed: 64
nat-tcp-v4 packets processed: 64
monitoring packets processed: 128
nat-tcp-v4 packets processed: 128
monitoring packets processed: 192
nat-tcp-v4 packets processed: 192
monitoring packets processed: 256
nat-tcp-v4 packets processed: 256
monitoring packets processed: 320
nat-tcp-v4 packets processed: 320
monitoring packets processed: 384
nat-tcp-v4 packets processed: 384
monitoring packets processed: 448
nat-tcp-v4 packets processed: 448
monitoring packets processed: 512
nat-tcp-v4 packets processed: 512
monitoring packets processed: 576
nat-tcp-v4 packets processed: 576
monitoring packets processed: 640
nat-tcp-v4 packets processed: 640
monitoring packets processed: 704
nat-tcp-v4 packets processed: 704
monitoring packets processed: 768
nat-tcp-v4 packets processed: 768
monitoring packets processed: 832
nat-tcp-v4 packets processed: 832
monitoring packets processed: 896
nat-tcp-v4 packets processed: 896
monitoring packets processed: 960
monitoring packets processed: 1024
nat-tcp-v4 packets processed: 960
monitoring packets processed: 1088
nat-tcp-v4 packets processed: 1024
monitoring packets processed: 1152
nat-tcp-v4 packets processed: 1088
monitoring packets processed: 1216
nat-tcp-v4 packets processed: 1152
monitoring packets processed: 1280
nat-tcp-v4 packets processed: 1216
monitoring packets processed: 1344
nat-tcp-v4 packets processed: 1280
monitoring packets processed: 1408
nat-tcp-v4 packets processed: 1344
monitoring packets processed: 1472
nat-tcp-v4 packets processed: 1408
monitoring packets processed: 1536
nat-tcp-v4 packets processed: 1472
monitoring packets processed: 1600
nat-tcp-v4 packets processed: 1536
monitoring packets processed: 1664
nat-tcp-v4 packets processed: 1600
monitoring packets processed: 1728
nat-tcp-v4 packets processed: 1664
monitoring packets processed: 1792
nat-tcp-v4 packets processed: 1728
monitoring packets processed: 1856
nat-tcp-v4 packets processed: 1792
monitoring packets processed: 1920
monitoring packets processed: 1984
nat-tcp-v4 packets processed: 1856
monitoring packets processed: 2048
nat-tcp-v4 packets processed: 1920
monitoring packets processed: 2112
nat-tcp-v4 packets processed: 1984
monitoring packets processed: 2176
nat-tcp-v4 packets processed: 2048
monitoring packets processed: 2240
nat-tcp-v4 packets processed: 2112
monitoring packets processed: 2304
nat-tcp-v4 packets processed: 2176
monitoring packets processed: 2368
nat-tcp-v4 packets processed: 2240
monitoring packets processed: 2432
nat-tcp-v4 packets processed: 2304
monitoring packets processed: 2496
nat-tcp-v4 packets processed: 2368
monitoring packets processed: 2560
nat-tcp-v4 packets processed: 2432
monitoring packets processed: 2624
nat-tcp-v4 packets processed: 2496
monitoring packets processed: 2688
nat-tcp-v4 packets processed: 2560
monitoring packets processed: 2752
nat-tcp-v4 packets processed: 2624
monitoring packets processed: 2816
nat-tcp-v4 packets processed: 2688
monitoring packets processed: 2880
monitoring packets processed: 2944
nat-tcp-v4 packets processed: 2752
monitoring packets processed: 3008
nat-tcp-v4 packets processed: 2816
monitoring packets processed: 3072
nat-tcp-v4 packets processed: 2880
monitoring packets processed: 3136
nat-tcp-v4 packets processed: 2944
monitoring packets processed: 3200
nat-tcp-v4 packets processed: 3008
monitoring packets processed: 3264
nat-tcp-v4 packets processed: 3072
monitoring packets processed: 3328
nat-tcp-v4 packets processed: 3136
monitoring packets processed: 3392
nat-tcp-v4 packets processed: 3200
monitoring packets processed: 3456
nat-tcp-v4 packets processed: 3264
monitoring packets processed: 3520
nat-tcp-v4 packets processed: 3328
monitoring packets processed: 3584
nat-tcp-v4 packets processed: 3392
monitoring packets processed: 3648
nat-tcp-v4 packets processed: 3456
monitoring packets processed: 3712
nat-tcp-v4 packets processed: 3520
monitoring packets processed: 3776
nat-tcp-v4 packets processed: 3584
monitoring packets processed: 3840
monitoring packets processed: 3904
nat-tcp-v4 packets processed: 3648
monitoring packets processed: 3968
nat-tcp-v4 packets processed: 3712
monitoring packets processed: 4032
nat-tcp-v4 packets processed: 3776
monitoring packets processed: 4096
nat-tcp-v4 packets processed: 3840
monitoring packets processed: 4160
nat-tcp-v4 packets processed: 3904
monitoring packets processed: 4224
nat-tcp-v4 packets processed: 3968
monitoring packets processed: 4288
nat-tcp-v4 packets processed: 4032
monitoring packets processed: 4352
nat-tcp-v4 packets processed: 4096
monitoring packets processed: 4416
nat-tcp-v4 packets processed: 4160
monitoring packets processed: 4480
nat-tcp-v4 packets processed: 4224
monitoring packets processed: 4544
nat-tcp-v4 packets processed: 4288
monitoring packets processed: 4608
nat-tcp-v4 packets processed: 4352
monitoring packets processed: 4672
nat-tcp-v4 packets processed: 4416
monitoring packets processed: 4736
nat-tcp-v4 packets processed: 4480
monitoring packets processed: 4800
monitoring packets processed: 4864
nat-tcp-v4 packets processed: 4544
monitoring packets processed: 4928
nat-tcp-v4 packets processed: 4608
monitoring packets processed: 4992
nat-tcp-v4 packets processed: 4672
monitoring packets processed: 5056
nat-tcp-v4 packets processed: 4736
monitoring packets processed: 5120
nat-tcp-v4 packets processed: 4800
monitoring packets processed: 5184
nat-tcp-v4 packets processed: 4864
monitoring packets processed: 5248
nat-tcp-v4 packets processed: 4928
monitoring packets processed: 5312
nat-tcp-v4 packets processed: 4992
monitoring packets processed: 5376
nat-tcp-v4 packets processed: 5056
monitoring packets processed: 5440
nat-tcp-v4 packets processed: 5120
monitoring packets processed: 5504
nat-tcp-v4 packets processed: 5184
monitoring packets processed: 5568
nat-tcp-v4 packets processed: 5248
monitoring packets processed: 5632
nat-tcp-v4 packets processed: 5312
monitoring packets processed: 5696
nat-tcp-v4 packets processed: 5376
monitoring packets processed: 5760
monitoring packets processed: 5824
nat-tcp-v4 packets processed: 5440
monitoring packets processed: 5888
nat-tcp-v4 packets processed: 5504
monitoring packets processed: 5952
nat-tcp-v4 packets processed: 5568
monitoring packets processed: 6016
nat-tcp-v4 packets processed: 5632
monitoring packets processed: 6080
nat-tcp-v4 packets processed: 5696
monitoring packets processed: 6144
nat-tcp-v4 packets processed: 5760
monitoring packets processed: 6208
nat-tcp-v4 packets processed: 5824
monitoring packets processed: 6272
nat-tcp-v4 packets processed: 5888
monitoring packets processed: 6336
nat-tcp-v4 packets processed: 5952
monitoring packets processed: 6400
nat-tcp-v4 packets processed: 6016
monitoring packets processed: 6464
nat-tcp-v4 packets processed: 6080
monitoring packets processed: 6528
nat-tcp-v4 packets processed: 6144
monitoring packets processed: 6592
nat-tcp-v4 packets processed: 6208
monitoring packets processed: 6656
nat-tcp-v4 packets processed: 6272
monitoring packets processed: 6720
monitoring packets processed: 6784
nat-tcp-v4 packets processed: 6336
monitoring packets processed: 6848
nat-tcp-v4 packets processed: 6400
monitoring packets processed: 6912
nat-tcp-v4 packets processed: 6464
monitoring packets processed: 6976
nat-tcp-v4 packets processed: 6528
monitoring packets processed: 7040
nat-tcp-v4 packets processed: 6592
monitoring packets processed: 7104
nat-tcp-v4 packets processed: 6656
monitoring packets processed: 7168
nat-tcp-v4 packets processed: 6720
monitoring packets processed: 7232
nat-tcp-v4 packets processed: 6784
monitoring packets processed: 7296
nat-tcp-v4 packets processed: 6848
monitoring packets processed: 7360
nat-tcp-v4 packets processed: 6912
monitoring packets processed: 7424
nat-tcp-v4 packets processed: 6976
monitoring packets processed: 7488
nat-tcp-v4 packets processed: 7040
monitoring packets processed: 7552
nat-tcp-v4 packets processed: 7104
monitoring packets processed: 7616
nat-tcp-v4 packets processed: 7168
monitoring packets processed: 7680
monitoring packets processed: 7744
nat-tcp-v4 packets processed: 7232
monitoring packets processed: 7808
nat-tcp-v4 packets processed: 7296
monitoring packets processed: 7872
nat-tcp-v4 packets processed: 7360
monitoring packets processed: 7936
nat-tcp-v4 packets processed: 7424
monitoring packets processed: 8000
nat-tcp-v4 packets processed: 7488
monitoring packets processed: 8064
nat-tcp-v4 packets processed: 7552
monitoring packets processed: 8128
nat-tcp-v4 packets processed: 7616
monitoring packets processed: 8192
nat-tcp-v4 packets processed: 7680
monitoring packets processed: 8256
nat-tcp-v4 packets processed: 7744
monitoring packets processed: 8320
nat-tcp-v4 packets processed: 7808
monitoring packets processed: 8384
nat-tcp-v4 packets processed: 7872
monitoring packets processed: 8448
nat-tcp-v4 packets processed: 7936
monitoring packets processed: 8512
nat-tcp-v4 packets processed: 8000
monitoring packets processed: 8576
monitoring packets processed: 8640
nat-tcp-v4 packets processed: 8064
monitoring packets processed: 8704
nat-tcp-v4 packets processed: 8128
monitoring packets processed: 8768
nat-tcp-v4 packets processed: 8192
monitoring packets processed: 8832
nat-tcp-v4 packets processed: 8256
monitoring packets processed: 8896
nat-tcp-v4 packets processed: 8320
monitoring packets processed: 8960
nat-tcp-v4 packets processed: 8384
monitoring packets processed: 9024
nat-tcp-v4 packets processed: 8448
monitoring packets processed: 9088
nat-tcp-v4 packets processed: 8512
monitoring packets processed: 9152
nat-tcp-v4 packets processed: 8576
monitoring packets processed: 9216
nat-tcp-v4 packets processed: 8640
monitoring packets processed: 9280
nat-tcp-v4 packets processed: 8704
monitoring packets processed: 9344
nat-tcp-v4 packets processed: 8768
monitoring packets processed: 9408
nat-tcp-v4 packets processed: 8832
monitoring packets processed: 9472
nat-tcp-v4 packets processed: 8896
monitoring packets processed: 9536
monitoring packets processed: 9600
nat-tcp-v4 packets processed: 8960
monitoring packets processed: 9664
nat-tcp-v4 packets processed: 9024
monitoring packets processed: 9728
nat-tcp-v4 packets processed: 9088
monitoring packets processed: 9792
nat-tcp-v4 packets processed: 9152
monitoring packets processed: 9856
nat-tcp-v4 packets processed: 9216
monitoring packets processed: 9920
nat-tcp-v4 packets processed: 9280
monitoring packets processed: 9984
nat-tcp-v4 packets processed: 9344
monitoring packets processed: 10048
nat-tcp-v4 packets processed: 9408
monitoring packets processed: 10112
nat-tcp-v4 packets processed: 9472
monitoring packets processed: 10176
nat-tcp-v4 packets processed: 9536
monitoring packets processed: 10240
nat-tcp-v4 packets processed: 9600
monitoring packets processed: 10304
nat-tcp-v4 packets processed: 9664
monitoring packets processed: 10368
nat-tcp-v4 packets processed: 9728
monitoring packets processed: 10432
nat-tcp-v4 packets processed: 9792
monitoring packets processed: 10496
monitoring packets processed: 10560
nat-tcp-v4 packets processed: 9856
monitoring packets processed: 10624
nat-tcp-v4 packets processed: 9920
monitoring packets processed: 10688
nat-tcp-v4 packets processed: 9984
monitoring packets processed: 10752
nat-tcp-v4 packets processed: 10048
monitoring packets processed: 10816
nat-tcp-v4 packets processed: 10112
monitoring packets processed: 10880
nat-tcp-v4 packets processed: 10176
monitoring packets processed: 10944
nat-tcp-v4 packets processed: 10240
monitoring packets processed: 11008
nat-tcp-v4 packets processed: 10304
monitoring packets processed: 11072
nat-tcp-v4 packets processed: 10368
monitoring packets processed: 11136
nat-tcp-v4 packets processed: 10432
monitoring packets processed: 11200
nat-tcp-v4 packets processed: 10496
monitoring packets processed: 11264
nat-tcp-v4 packets processed: 10560
monitoring packets processed: 11328
nat-tcp-v4 packets processed: 10624
monitoring packets processed: 11392
nat-tcp-v4 packets processed: 10688
monitoring packets processed: 11456
nat-tcp-v4 packets processed: 10752
monitoring packets processed: 11520
nat-tcp-v4 packets processed: 10816
monitoring packets processed: 11584
monitoring packets processed: 11648
nat-tcp-v4 packets processed: 10880
monitoring packets processed: 11712
nat-tcp-v4 packets processed: 10944
monitoring packets processed: 11776
nat-tcp-v4 packets processed: 11008
monitoring packets processed: 11840
nat-tcp-v4 packets processed: 11072
monitoring packets processed: 11904
nat-tcp-v4 packets processed: 11136
monitoring packets processed: 11968
nat-tcp-v4 packets processed: 11200
monitoring packets processed: 12032
nat-tcp-v4 packets processed: 11264
monitoring packets processed: 12096
nat-tcp-v4 packets processed: 11328
monitoring packets processed: 12160
nat-tcp-v4 packets processed: 11392
monitoring packets processed: 12224
nat-tcp-v4 packets processed: 11456
monitoring packets processed: 12288
nat-tcp-v4 packets processed: 11520
monitoring packets processed: 12352
monitoring packets processed: 12416
nat-tcp-v4 packets processed: 11584
monitoring packets processed: 12480
nat-tcp-v4 packets processed: 11648
monitoring packets processed: 12544
nat-tcp-v4 packets processed: 11712
monitoring packets processed: 12608
nat-tcp-v4 packets processed: 11776
monitoring packets processed: 12672
nat-tcp-v4 packets processed: 11840
monitoring packets processed: 12736
nat-tcp-v4 packets processed: 11904
monitoring packets processed: 12800
nat-tcp-v4 packets processed: 11968
monitoring packets processed: 12864
nat-tcp-v4 packets processed: 12032
monitoring packets processed: 12928
nat-tcp-v4 packets processed: 12096
monitoring packets processed: 12992
nat-tcp-v4 packets processed: 12160
monitoring packets processed: 13056
nat-tcp-v4 packets processed: 12224
monitoring packets processed: 13120
nat-tcp-v4 packets processed: 12288
monitoring packets processed: 13184
nat-tcp-v4 packets processed: 12352
monitoring packets processed: 13248
monitoring packets processed: 13312
nat-tcp-v4 packets processed: 12416
monitoring packets processed: 13376
nat-tcp-v4 packets processed: 12480
monitoring packets processed: 13440
nat-tcp-v4 packets processed: 12544
monitoring packets processed: 13504
nat-tcp-v4 packets processed: 12608
monitoring packets processed: 13568
nat-tcp-v4 packets processed: 12672
monitoring packets processed: 13632
nat-tcp-v4 packets processed: 12736
monitoring packets processed: 13696
nat-tcp-v4 packets processed: 12800
monitoring packets processed: 13760
nat-tcp-v4 packets processed: 12864
monitoring packets processed: 13824
nat-tcp-v4 packets processed: 12928
monitoring packets processed: 13888
nat-tcp-v4 packets processed: 12992
monitoring packets processed: 13952
nat-tcp-v4 packets processed: 13056
monitoring packets processed: 14016
nat-tcp-v4 packets processed: 13120
monitoring packets processed: 14080
nat-tcp-v4 packets processed: 13184
monitoring packets processed: 14144
monitoring packets processed: 14208
nat-tcp-v4 packets processed: 13248
monitoring packets processed: 14272
nat-tcp-v4 packets processed: 13312
monitoring packets processed: 14336
nat-tcp-v4 packets processed: 13376
monitoring packets processed: 14400
nat-tcp-v4 packets processed: 13440
monitoring packets processed: 14464
nat-tcp-v4 packets processed: 13504
monitoring packets processed: 14528
nat-tcp-v4 packets processed: 13568
monitoring packets processed: 14592
nat-tcp-v4 packets processed: 13632
monitoring packets processed: 14656
nat-tcp-v4 packets processed: 13696
monitoring packets processed: 14720
nat-tcp-v4 packets processed: 13760
monitoring packets processed: 14784
nat-tcp-v4 packets processed: 13824
monitoring packets processed: 14848
nat-tcp-v4 packets processed: 13888
monitoring packets processed: 14912
nat-tcp-v4 packets processed: 13952
monitoring packets processed: 14976
nat-tcp-v4 packets processed: 14016
monitoring packets processed: 15040
nat-tcp-v4 packets processed: 14080
monitoring packets processed: 15104
monitoring packets processed: 15168
nat-tcp-v4 packets processed: 14144
monitoring packets processed: 15232
nat-tcp-v4 packets processed: 14208
monitoring packets processed: 15296
nat-tcp-v4 packets processed: 14272
monitoring packets processed: 15360
nat-tcp-v4 packets processed: 14336
monitoring packets processed: 15424
nat-tcp-v4 packets processed: 14400
monitoring packets processed: 15488
nat-tcp-v4 packets processed: 14464
monitoring packets processed: 15552
nat-tcp-v4 packets processed: 14528
monitoring packets processed: 15616
nat-tcp-v4 packets processed: 14592
monitoring packets processed: 15680
nat-tcp-v4 packets processed: 14656
monitoring packets processed: 15744
nat-tcp-v4 packets processed: 14720
monitoring packets processed: 15808
nat-tcp-v4 packets processed: 14784
monitoring packets processed: 15872
nat-tcp-v4 packets processed: 14848
monitoring packets processed: 15936
nat-tcp-v4 packets processed: 14912
monitoring packets processed: 16000
nat-tcp-v4 packets processed: 14976
monitoring packets processed: 16064
nat-tcp-v4 packets processed: 15040
monitoring packets processed: 16128
monitoring packets processed: 16192
nat-tcp-v4 packets processed: 15104
monitoring packets processed: 16256
nat-tcp-v4 packets processed: 15168
monitoring packets processed: 16320
nat-tcp-v4 packets processed: 15232
monitoring packets processed: 16384
nat-tcp-v4 packets processed: 15296
monitoring packets processed: 16448
nat-tcp-v4 packets processed: 15360
monitoring packets processed: 16512
nat-tcp-v4 packets processed: 15424
monitoring packets processed: 16576
nat-tcp-v4 packets processed: 15488
monitoring packets processed: 16640
nat-tcp-v4 packets processed: 15552
monitoring packets processed: 16704
nat-tcp-v4 packets processed: 15616
monitoring packets processed: 16768
nat-tcp-v4 packets processed: 15680
monitoring packets processed: 16832
nat-tcp-v4 packets processed: 15744
monitoring packets processed: 16896
monitoring packets processed: 16960
nat-tcp-v4 packets processed: 15808
monitoring packets processed: 17024
nat-tcp-v4 packets processed: 15872
monitoring packets processed: 17088
nat-tcp-v4 packets processed: 15936
monitoring packets processed: 17152
nat-tcp-v4 packets processed: 16000
monitoring packets processed: 17216
nat-tcp-v4 packets processed: 16064
monitoring packets processed: 17280
nat-tcp-v4 packets processed: 16128
monitoring packets processed: 17344
nat-tcp-v4 packets processed: 16192
monitoring packets processed: 17408
nat-tcp-v4 packets processed: 16256
monitoring packets processed: 17472
nat-tcp-v4 packets processed: 16320
monitoring packets processed: 17536
nat-tcp-v4 packets processed: 16384
monitoring packets processed: 17600
nat-tcp-v4 packets processed: 16448
monitoring packets processed: 17664
nat-tcp-v4 packets processed: 16512
monitoring packets processed: 17728
nat-tcp-v4 packets processed: 16576
monitoring packets processed: 17792
monitoring packets processed: 17856
nat-tcp-v4 packets processed: 16640
monitoring packets processed: 17920
nat-tcp-v4 packets processed: 16704
monitoring packets processed: 17984
nat-tcp-v4 packets processed: 16768
monitoring packets processed: 18048
nat-tcp-v4 packets processed: 16832
monitoring packets processed: 18112
nat-tcp-v4 packets processed: 16896
monitoring packets processed: 18176
nat-tcp-v4 packets processed: 16960
monitoring packets processed: 18240
nat-tcp-v4 packets processed: 17024
monitoring packets processed: 18304
nat-tcp-v4 packets processed: 17088
monitoring packets processed: 18368
nat-tcp-v4 packets processed: 17152
monitoring packets processed: 18432
nat-tcp-v4 packets processed: 17216
monitoring packets processed: 18496
nat-tcp-v4 packets processed: 17280
monitoring packets processed: 18560
nat-tcp-v4 packets processed: 17344
monitoring packets processed: 18624
nat-tcp-v4 packets processed: 17408
monitoring packets processed: 18688
nat-tcp-v4 packets processed: 17472
monitoring packets processed: 18752
monitoring packets processed: 18816
nat-tcp-v4 packets processed: 17536
monitoring packets processed: 18880
nat-tcp-v4 packets processed: 17600
monitoring packets processed: 18944
nat-tcp-v4 packets processed: 17664
monitoring packets processed: 19008
nat-tcp-v4 packets processed: 17728
monitoring packets processed: 19072
nat-tcp-v4 packets processed: 17792
monitoring packets processed: 19136
nat-tcp-v4 packets processed: 17856
monitoring packets processed: 19200
nat-tcp-v4 packets processed: 17920
monitoring packets processed: 19264
nat-tcp-v4 packets processed: 17984
monitoring packets processed: 19328
nat-tcp-v4 packets processed: 18048
monitoring packets processed: 19392
nat-tcp-v4 packets processed: 18112
monitoring packets processed: 19456
nat-tcp-v4 packets processed: 18176
monitoring packets processed: 19520
nat-tcp-v4 packets processed: 18240
monitoring packets processed: 19584
nat-tcp-v4 packets processed: 18304
monitoring packets processed: 19648
monitoring packets processed: 19712
nat-tcp-v4 packets processed: 18368
monitoring packets processed: 19776
nat-tcp-v4 packets processed: 18432
monitoring packets processed: 19840
nat-tcp-v4 packets processed: 18496
monitoring packets processed: 19904
nat-tcp-v4 packets processed: 18560
monitoring packets processed: 19968
nat-tcp-v4 packets processed: 18624
monitoring packets processed: 20032
nat-tcp-v4 packets processed: 18688
monitoring packets processed: 20096
nat-tcp-v4 packets processed: 18752
monitoring packets processed: 20160
nat-tcp-v4 packets processed: 18816
monitoring packets processed: 20224
nat-tcp-v4 packets processed: 18880
monitoring packets processed: 20288
nat-tcp-v4 packets processed: 18944
monitoring packets processed: 20352
nat-tcp-v4 packets processed: 19008
monitoring packets processed: 20416
nat-tcp-v4 packets processed: 19072
monitoring packets processed: 20480
nat-tcp-v4 packets processed: 19136
monitoring packets processed: 20544
monitoring packets processed: 20608
nat-tcp-v4 packets processed: 19200
monitoring packets processed: 20672
nat-tcp-v4 packets processed: 19264
monitoring packets processed: 20736
nat-tcp-v4 packets processed: 19328
monitoring packets processed: 20800
nat-tcp-v4 packets processed: 19392
monitoring packets processed: 20864
nat-tcp-v4 packets processed: 19456
monitoring packets processed: 20928
nat-tcp-v4 packets processed: 19520
monitoring packets processed: 20992
nat-tcp-v4 packets processed: 19584
monitoring packets processed: 21056
nat-tcp-v4 packets processed: 19648
monitoring packets processed: 21120
nat-tcp-v4 packets processed: 19712
monitoring packets processed: 21184
nat-tcp-v4 packets processed: 19776
monitoring packets processed: 21248
nat-tcp-v4 packets processed: 19840
monitoring packets processed: 21312
nat-tcp-v4 packets processed: 19904
monitoring packets processed: 21376
nat-tcp-v4 packets processed: 19968
monitoring packets processed: 21440
monitoring packets processed: 21504
nat-tcp-v4 packets processed: 20032
monitoring packets processed: 21568
nat-tcp-v4 packets processed: 20096
monitoring packets processed: 21632
nat-tcp-v4 packets processed: 20160
monitoring packets processed: 21696
nat-tcp-v4 packets processed: 20224
monitoring packets processed: 21760
nat-tcp-v4 packets processed: 20288
monitoring packets processed: 21824
nat-tcp-v4 packets processed: 20352
monitoring packets processed: 21888
nat-tcp-v4 packets processed: 20416
monitoring packets processed: 21952
nat-tcp-v4 packets processed: 20480
monitoring packets processed: 22016
nat-tcp-v4 packets processed: 20544
monitoring packets processed: 22080
nat-tcp-v4 packets processed: 20608
monitoring packets processed: 22144
nat-tcp-v4 packets processed: 20672
monitoring packets processed: 22208
nat-tcp-v4 packets processed: 20736
monitoring packets processed: 22272
nat-tcp-v4 packets processed: 20800
monitoring packets processed: 22336
monitoring packets processed: 22400
nat-tcp-v4 packets processed: 20864
monitoring packets processed: 22464
nat-tcp-v4 packets processed: 20928
monitoring packets processed: 22528
nat-tcp-v4 packets processed: 20992
monitoring packets processed: 22592
nat-tcp-v4 packets processed: 21056
monitoring packets processed: 22656
nat-tcp-v4 packets processed: 21120
monitoring packets processed: 22720
nat-tcp-v4 packets processed: 21184
monitoring packets processed: 22784
nat-tcp-v4 packets processed: 21248
monitoring packets processed: 22848
nat-tcp-v4 packets processed: 21312
monitoring packets processed: 22912
nat-tcp-v4 packets processed: 21376
monitoring packets processed: 22976
nat-tcp-v4 packets processed: 21440
monitoring packets processed: 23040
nat-tcp-v4 packets processed: 21504
monitoring packets processed: 23104
nat-tcp-v4 packets processed: 21568
monitoring packets processed: 23168
nat-tcp-v4 packets processed: 21632
monitoring packets processed: 23232
monitoring packets processed: 23296
nat-tcp-v4 packets processed: 21696
monitoring packets processed: 23360
nat-tcp-v4 packets processed: 21760
monitoring packets processed: 23424
nat-tcp-v4 packets processed: 21824
monitoring packets processed: 23488
nat-tcp-v4 packets processed: 21888
monitoring packets processed: 23552
nat-tcp-v4 packets processed: 21952
monitoring packets processed: 23616
nat-tcp-v4 packets processed: 22016
monitoring packets processed: 23680
nat-tcp-v4 packets processed: 22080
monitoring packets processed: 23744
nat-tcp-v4 packets processed: 22144
monitoring packets processed: 23808
nat-tcp-v4 packets processed: 22208
monitoring packets processed: 23872
nat-tcp-v4 packets processed: 22272
monitoring packets processed: 23936
nat-tcp-v4 packets processed: 22336
monitoring packets processed: 24000
nat-tcp-v4 packets processed: 22400
monitoring packets processed: 24064
nat-tcp-v4 packets processed: 22464
monitoring packets processed: 24128
monitoring packets processed: 24192
nat-tcp-v4 packets processed: 22528
monitoring packets processed: 24256
nat-tcp-v4 packets processed: 22592
monitoring packets processed: 24320
nat-tcp-v4 packets processed: 22656
monitoring packets processed: 24384
nat-tcp-v4 packets processed: 22720
monitoring packets processed: 24448
nat-tcp-v4 packets processed: 22784
monitoring packets processed: 24512
nat-tcp-v4 packets processed: 22848
monitoring packets processed: 24576
nat-tcp-v4 packets processed: 22912
monitoring packets processed: 24640
nat-tcp-v4 packets processed: 22976
monitoring packets processed: 24704
nat-tcp-v4 packets processed: 23040
monitoring packets processed: 24768
nat-tcp-v4 packets processed: 23104
monitoring packets processed: 24832
nat-tcp-v4 packets processed: 23168
monitoring packets processed: 24896
nat-tcp-v4 packets processed: 23232
monitoring packets processed: 24960
nat-tcp-v4 packets processed: 23296
monitoring packets processed: 25024
monitoring packets processed: 25088
nat-tcp-v4 packets processed: 23360
monitoring packets processed: 25152
nat-tcp-v4 packets processed: 23424
monitoring packets processed: 25216
nat-tcp-v4 packets processed: 23488
monitoring packets processed: 25280
nat-tcp-v4 packets processed: 23552
monitoring packets processed: 25344
nat-tcp-v4 packets processed: 23616
monitoring packets processed: 25408
nat-tcp-v4 packets processed: 23680
monitoring packets processed: 25472
nat-tcp-v4 packets processed: 23744
monitoring packets processed: 25536
nat-tcp-v4 packets processed: 23808
monitoring packets processed: 25600
nat-tcp-v4 packets processed: 23872
monitoring packets processed: 25664
nat-tcp-v4 packets processed: 23936
monitoring packets processed: 25728
nat-tcp-v4 packets processed: 24000
monitoring packets processed: 25792
nat-tcp-v4 packets processed: 24064
monitoring packets processed: 25856
monitoring packets processed: 25920
nat-tcp-v4 packets processed: 24128
monitoring packets processed: 25984
nat-tcp-v4 packets processed: 24192
monitoring packets processed: 26048
nat-tcp-v4 packets processed: 24256
monitoring packets processed: 26112
nat-tcp-v4 packets processed: 24320
monitoring packets processed: 26176
nat-tcp-v4 packets processed: 24384
monitoring packets processed: 26240
nat-tcp-v4 packets processed: 24448
monitoring packets processed: 26304
nat-tcp-v4 packets processed: 24512
monitoring packets processed: 26368
nat-tcp-v4 packets processed: 24576
monitoring packets processed: 26432
nat-tcp-v4 packets processed: 24640
monitoring packets processed: 26496
nat-tcp-v4 packets processed: 24704
monitoring packets processed: 26560
nat-tcp-v4 packets processed: 24768
monitoring packets processed: 26624
nat-tcp-v4 packets processed: 24832
monitoring packets processed: 26688
nat-tcp-v4 packets processed: 24896
monitoring packets processed: 26752
monitoring packets processed: 26816
nat-tcp-v4 packets processed: 24960
monitoring packets processed: 26880
nat-tcp-v4 packets processed: 25024
monitoring packets processed: 26944
nat-tcp-v4 packets processed: 25088
monitoring packets processed: 27008
nat-tcp-v4 packets processed: 25152
monitoring packets processed: 27072
nat-tcp-v4 packets processed: 25216
monitoring packets processed: 27136
nat-tcp-v4 packets processed: 25280
monitoring packets processed: 27200
nat-tcp-v4 packets processed: 25344
monitoring packets processed: 27264
nat-tcp-v4 packets processed: 25408
monitoring packets processed: 27328
nat-tcp-v4 packets processed: 25472
monitoring packets processed: 27392
nat-tcp-v4 packets processed: 25536
monitoring packets processed: 27456
nat-tcp-v4 packets processed: 25600
monitoring packets processed: 27520
nat-tcp-v4 packets processed: 25664
monitoring packets processed: 27584
nat-tcp-v4 packets processed: 25728
monitoring packets processed: 27648
monitoring packets processed: 27712
nat-tcp-v4 packets processed: 25792
monitoring packets processed: 27776
nat-tcp-v4 packets processed: 25856
monitoring packets processed: 27840
nat-tcp-v4 packets processed: 25920
monitoring packets processed: 27904
nat-tcp-v4 packets processed: 25984
monitoring packets processed: 27968
nat-tcp-v4 packets processed: 26048
monitoring packets processed: 28032
nat-tcp-v4 packets processed: 26112
monitoring packets processed: 28096
nat-tcp-v4 packets processed: 26176
monitoring packets processed: 28160
nat-tcp-v4 packets processed: 26240
monitoring packets processed: 28224
nat-tcp-v4 packets processed: 26304
monitoring packets processed: 28288
nat-tcp-v4 packets processed: 26368
monitoring packets processed: 28352
nat-tcp-v4 packets processed: 26432
monitoring packets processed: 28416
nat-tcp-v4 packets processed: 26496
monitoring packets processed: 28480
nat-tcp-v4 packets processed: 26560
monitoring packets processed: 28544
monitoring packets processed: 28608
nat-tcp-v4 packets processed: 26624
monitoring packets processed: 28672
nat-tcp-v4 packets processed: 26688
monitoring packets processed: 28736
nat-tcp-v4 packets processed: 26752
monitoring packets processed: 28800
nat-tcp-v4 packets processed: 26816
monitoring packets processed: 28864
nat-tcp-v4 packets processed: 26880
monitoring packets processed: 28928
nat-tcp-v4 packets processed: 26944
monitoring packets processed: 28992
nat-tcp-v4 packets processed: 27008
monitoring packets processed: 29056
nat-tcp-v4 packets processed: 27072
monitoring packets processed: 29120
nat-tcp-v4 packets processed: 27136
monitoring packets processed: 29184
nat-tcp-v4 packets processed: 27200
monitoring packets processed: 29248
nat-tcp-v4 packets processed: 27264
monitoring packets processed: 29312
nat-tcp-v4 packets processed: 27328
monitoring packets processed: 29376
nat-tcp-v4 packets processed: 27392
monitoring packets processed: 29440
monitoring packets processed: 29504
nat-tcp-v4 packets processed: 27456
monitoring packets processed: 29568
nat-tcp-v4 packets processed: 27520
monitoring packets processed: 29632
nat-tcp-v4 packets processed: 27584
monitoring packets processed: 29696
nat-tcp-v4 packets processed: 27648
monitoring packets processed: 29760
nat-tcp-v4 packets processed: 27712
monitoring packets processed: 29824
nat-tcp-v4 packets processed: 27776
monitoring packets processed: 29888
nat-tcp-v4 packets processed: 27840
monitoring packets processed: 29952
nat-tcp-v4 packets processed: 27904
monitoring packets processed: 30016
nat-tcp-v4 packets processed: 27968
monitoring packets processed: 30080
nat-tcp-v4 packets processed: 28032
monitoring packets processed: 30144
nat-tcp-v4 packets processed: 28096
monitoring packets processed: 30208
nat-tcp-v4 packets processed: 28160
monitoring packets processed: 30272
monitoring packets processed: 30336
nat-tcp-v4 packets processed: 28224
monitoring packets processed: 30400
nat-tcp-v4 packets processed: 28288
monitoring packets processed: 30464
nat-tcp-v4 packets processed: 28352
monitoring packets processed: 30528
nat-tcp-v4 packets processed: 28416
monitoring packets processed: 30592
nat-tcp-v4 packets processed: 28480
monitoring packets processed: 30656
nat-tcp-v4 packets processed: 28544
monitoring packets processed: 30720
nat-tcp-v4 packets processed: 28608
monitoring packets processed: 30784
nat-tcp-v4 packets processed: 28672
monitoring packets processed: 30848
nat-tcp-v4 packets processed: 28736
monitoring packets processed: 30912
nat-tcp-v4 packets processed: 28800
monitoring packets processed: 30976
nat-tcp-v4 packets processed: 28864
monitoring packets processed: 31040
nat-tcp-v4 packets processed: 28928
monitoring packets processed: 31104
nat-tcp-v4 packets processed: 28992
monitoring packets processed: 31168
monitoring packets processed: 31232
nat-tcp-v4 packets processed: 29056
monitoring packets processed: 31296
nat-tcp-v4 packets processed: 29120
monitoring packets processed: 31360
nat-tcp-v4 packets processed: 29184
monitoring packets processed: 31424
nat-tcp-v4 packets processed: 29248
monitoring packets processed: 31488
nat-tcp-v4 packets processed: 29312
monitoring packets processed: 31552
nat-tcp-v4 packets processed: 29376
monitoring packets processed: 31616
nat-tcp-v4 packets processed: 29440
monitoring packets processed: 31680
nat-tcp-v4 packets processed: 29504
monitoring packets processed: 31744
nat-tcp-v4 packets processed: 29568
monitoring packets processed: 31808
nat-tcp-v4 packets processed: 29632
monitoring packets processed: 31872
nat-tcp-v4 packets processed: 29696
monitoring packets processed: 31936
nat-tcp-v4 packets processed: 29760
monitoring packets processed: 32000
nat-tcp-v4 packets processed: 29824
monitoring packets processed: 32064
monitoring packets processed: 32128
nat-tcp-v4 packets processed: 29888
monitoring packets processed: 32192
nat-tcp-v4 packets processed: 29952
monitoring packets processed: 32256
nat-tcp-v4 packets processed: 30016
monitoring packets processed: 32320
nat-tcp-v4 packets processed: 30080
monitoring packets processed: 32384
nat-tcp-v4 packets processed: 30144
monitoring packets processed: 32448
nat-tcp-v4 packets processed: 30208
monitoring packets processed: 32512
nat-tcp-v4 packets processed: 30272
monitoring packets processed: 32576
nat-tcp-v4 packets processed: 30336
monitoring packets processed: 32640
nat-tcp-v4 packets processed: 30400
monitoring packets processed: 32704
nat-tcp-v4 packets processed: 30464
monitoring packets processed: 32768
nat-tcp-v4 packets processed: 30528
monitoring packets processed: 32832
nat-tcp-v4 packets processed: 30592
monitoring packets processed: 32896
monitoring packets processed: 32960
nat-tcp-v4 packets processed: 30656
monitoring packets processed: 33024
nat-tcp-v4 packets processed: 30720
monitoring packets processed: 33088
nat-tcp-v4 packets processed: 30784
monitoring packets processed: 33152
nat-tcp-v4 packets processed: 30848
monitoring packets processed: 33216
nat-tcp-v4 packets processed: 30912
monitoring packets processed: 33280
nat-tcp-v4 packets processed: 30976
monitoring packets processed: 33344
nat-tcp-v4 packets processed: 31040
monitoring packets processed: 33408
nat-tcp-v4 packets processed: 31104
monitoring packets processed: 33472
nat-tcp-v4 packets processed: 31168
monitoring packets processed: 33536
nat-tcp-v4 packets processed: 31232
monitoring packets processed: 33600
nat-tcp-v4 packets processed: 31296
monitoring packets processed: 33664
nat-tcp-v4 packets processed: 31360
monitoring packets processed: 33728
nat-tcp-v4 packets processed: 31424
monitoring packets processed: 33792
monitoring packets processed: 33856
nat-tcp-v4 packets processed: 31488
monitoring packets processed: 33920
nat-tcp-v4 packets processed: 31552
monitoring packets processed: 33984
nat-tcp-v4 packets processed: 31616
monitoring packets processed: 34048
nat-tcp-v4 packets processed: 31680
monitoring packets processed: 34112
nat-tcp-v4 packets processed: 31744
monitoring packets processed: 34176
nat-tcp-v4 packets processed: 31808
monitoring packets processed: 34240
nat-tcp-v4 packets processed: 31872
monitoring packets processed: 34304
nat-tcp-v4 packets processed: 31936
monitoring packets processed: 34368
nat-tcp-v4 packets processed: 32000
monitoring packets processed: 34432
nat-tcp-v4 packets processed: 32064
monitoring packets processed: 34496
nat-tcp-v4 packets processed: 32128
monitoring packets processed: 34560
nat-tcp-v4 packets processed: 32192
monitoring packets processed: 34624
nat-tcp-v4 packets processed: 32256
monitoring packets processed: 34688
monitoring packets processed: 34752
nat-tcp-v4 packets processed: 32320
monitoring packets processed: 34816
nat-tcp-v4 packets processed: 32384
monitoring packets processed: 34880
nat-tcp-v4 packets processed: 32448
monitoring packets processed: 34944
nat-tcp-v4 packets processed: 32512
monitoring packets processed: 35008
nat-tcp-v4 packets processed: 32576
monitoring packets processed: 35072
nat-tcp-v4 packets processed: 32640
monitoring packets processed: 35136
nat-tcp-v4 packets processed: 32704
monitoring packets processed: 35200
nat-tcp-v4 packets processed: 32768
monitoring packets processed: 35264
nat-tcp-v4 packets processed: 32832
monitoring packets processed: 35328
nat-tcp-v4 packets processed: 32896
monitoring packets processed: 35392
nat-tcp-v4 packets processed: 32960
monitoring packets processed: 35456
nat-tcp-v4 packets processed: 33024
monitoring packets processed: 35520
monitoring packets processed: 35584
nat-tcp-v4 packets processed: 33088
monitoring packets processed: 35648
nat-tcp-v4 packets processed: 33152
monitoring packets processed: 35712
nat-tcp-v4 packets processed: 33216
monitoring packets processed: 35776
nat-tcp-v4 packets processed: 33280
monitoring packets processed: 35840
nat-tcp-v4 packets processed: 33344
monitoring packets processed: 35904
nat-tcp-v4 packets processed: 33408
monitoring packets processed: 35968
nat-tcp-v4 packets processed: 33472
monitoring packets processed: 36032
nat-tcp-v4 packets processed: 33536
monitoring packets processed: 36096
nat-tcp-v4 packets processed: 33600
monitoring packets processed: 36160
nat-tcp-v4 packets processed: 33664
monitoring packets processed: 36224
nat-tcp-v4 packets processed: 33728
monitoring packets processed: 36288
nat-tcp-v4 packets processed: 33792
monitoring packets processed: 36352
nat-tcp-v4 packets processed: 33856
monitoring packets processed: 36416
monitoring packets processed: 36480
nat-tcp-v4 packets processed: 33920
monitoring packets processed: 36544
nat-tcp-v4 packets processed: 33984
monitoring packets processed: 36608
nat-tcp-v4 packets processed: 34048
monitoring packets processed: 36672
nat-tcp-v4 packets processed: 34112
monitoring packets processed: 36736
nat-tcp-v4 packets processed: 34176
monitoring packets processed: 36800
nat-tcp-v4 packets processed: 34240
monitoring packets processed: 36864
nat-tcp-v4 packets processed: 34304
monitoring packets processed: 36928
nat-tcp-v4 packets processed: 34368
monitoring packets processed: 36992
nat-tcp-v4 packets processed: 34432
monitoring packets processed: 37056
nat-tcp-v4 packets processed: 34496
monitoring packets processed: 37120
nat-tcp-v4 packets processed: 34560
monitoring packets processed: 37184
nat-tcp-v4 packets processed: 34624
monitoring packets processed: 37248
monitoring packets processed: 37312
nat-tcp-v4 packets processed: 34688
monitoring packets processed: 37376
nat-tcp-v4 packets processed: 34752
monitoring packets processed: 37440
nat-tcp-v4 packets processed: 34816
monitoring packets processed: 37504
nat-tcp-v4 packets processed: 34880
monitoring packets processed: 37568
nat-tcp-v4 packets processed: 34944
monitoring packets processed: 37632
nat-tcp-v4 packets processed: 35008
monitoring packets processed: 37696
nat-tcp-v4 packets processed: 35072
monitoring packets processed: 37760
nat-tcp-v4 packets processed: 35136
monitoring packets processed: 37824
nat-tcp-v4 packets processed: 35200
monitoring packets processed: 37888
nat-tcp-v4 packets processed: 35264
monitoring packets processed: 37952
nat-tcp-v4 packets processed: 35328
monitoring packets processed: 38016
nat-tcp-v4 packets processed: 35392
monitoring packets processed: 38080
monitoring packets processed: 38144
nat-tcp-v4 packets processed: 35456
monitoring packets processed: 38208
nat-tcp-v4 packets processed: 35520
monitoring packets processed: 38272
nat-tcp-v4 packets processed: 35584
monitoring packets processed: 38336
nat-tcp-v4 packets processed: 35648
monitoring packets processed: 38400
nat-tcp-v4 packets processed: 35712
monitoring packets processed: 38464
nat-tcp-v4 packets processed: 35776
monitoring packets processed: 38528
nat-tcp-v4 packets processed: 35840
monitoring packets processed: 38592
nat-tcp-v4 packets processed: 35904
monitoring packets processed: 38656
nat-tcp-v4 packets processed: 35968
monitoring packets processed: 38720
nat-tcp-v4 packets processed: 36032
monitoring packets processed: 38784
nat-tcp-v4 packets processed: 36096
monitoring packets processed: 38848
nat-tcp-v4 packets processed: 36160
monitoring packets processed: 38912
nat-tcp-v4 packets processed: 36224
monitoring packets processed: 38976
monitoring packets processed: 39040
nat-tcp-v4 packets processed: 36288
monitoring packets processed: 39104
nat-tcp-v4 packets processed: 36352
monitoring packets processed: 39168
nat-tcp-v4 packets processed: 36416
monitoring packets processed: 39232
nat-tcp-v4 packets processed: 36480
monitoring packets processed: 39296
nat-tcp-v4 packets processed: 36544
monitoring packets processed: 39360
nat-tcp-v4 packets processed: 36608
monitoring packets processed: 39424
nat-tcp-v4 packets processed: 36672
monitoring packets processed: 39488
nat-tcp-v4 packets processed: 36736
monitoring packets processed: 39552
nat-tcp-v4 packets processed: 36800
monitoring packets processed: 39616
nat-tcp-v4 packets processed: 36864
monitoring packets processed: 39680
nat-tcp-v4 packets processed: 36928
monitoring packets processed: 39744
nat-tcp-v4 packets processed: 36992
monitoring packets processed: 39808
monitoring packets processed: 39872
nat-tcp-v4 packets processed: 37056
monitoring packets processed: 39936
nat-tcp-v4 packets processed: 37120
monitoring packets processed: 40000
nat-tcp-v4 packets processed: 37184
monitoring packets processed: 40064
nat-tcp-v4 packets processed: 37248
monitoring packets processed: 40128
nat-tcp-v4 packets processed: 37312
monitoring packets processed: 40192
nat-tcp-v4 packets processed: 37376
monitoring packets processed: 40256
nat-tcp-v4 packets processed: 37440
monitoring packets processed: 40320
nat-tcp-v4 packets processed: 37504
monitoring packets processed: 40384
nat-tcp-v4 packets processed: 37568
monitoring packets processed: 40448
nat-tcp-v4 packets processed: 37632
monitoring packets processed: 40512
nat-tcp-v4 packets processed: 37696
monitoring packets processed: 40576
nat-tcp-v4 packets processed: 37760
monitoring packets processed: 40640
monitoring packets processed: 40704
nat-tcp-v4 packets processed: 37824
monitoring packets processed: 40768
nat-tcp-v4 packets processed: 37888
monitoring packets processed: 40832
nat-tcp-v4 packets processed: 37952
monitoring packets processed: 40896
nat-tcp-v4 packets processed: 38016
monitoring packets processed: 40960
nat-tcp-v4 packets processed: 38080
monitoring packets processed: 41024
nat-tcp-v4 packets processed: 38144
monitoring packets processed: 41088
nat-tcp-v4 packets processed: 38208
monitoring packets processed: 41152
nat-tcp-v4 packets processed: 38272
monitoring packets processed: 41216
nat-tcp-v4 packets processed: 38336
monitoring packets processed: 41280
nat-tcp-v4 packets processed: 38400
monitoring packets processed: 41344
nat-tcp-v4 packets processed: 38464
monitoring packets processed: 41408
nat-tcp-v4 packets processed: 38528
monitoring packets processed: 41472
nat-tcp-v4 packets processed: 38592
monitoring packets processed: 41536
nat-tcp-v4 packets processed: 38656
monitoring packets processed: 41600
nat-tcp-v4 packets processed: 38720
monitoring packets processed: 41664
monitoring packets processed: 41728
nat-tcp-v4 packets processed: 38784
monitoring packets processed: 41792
nat-tcp-v4 packets processed: 38848
monitoring packets processed: 41856
nat-tcp-v4 packets processed: 38912
monitoring packets processed: 41920
nat-tcp-v4 packets processed: 38976
monitoring packets processed: 41984
nat-tcp-v4 packets processed: 39040
monitoring packets processed: 42048
nat-tcp-v4 packets processed: 39104
monitoring packets processed: 42112
nat-tcp-v4 packets processed: 39168
monitoring packets processed: 42176
nat-tcp-v4 packets processed: 39232
monitoring packets processed: 42240
nat-tcp-v4 packets processed: 39296
monitoring packets processed: 42304
nat-tcp-v4 packets processed: 39360
monitoring packets processed: 42368
nat-tcp-v4 packets processed: 39424
monitoring packets processed: 42432
nat-tcp-v4 packets processed: 39488
monitoring packets processed: 42496
monitoring packets processed: 42560
nat-tcp-v4 packets processed: 39552
monitoring packets processed: 42624
nat-tcp-v4 packets processed: 39616
monitoring packets processed: 42688
nat-tcp-v4 packets processed: 39680
monitoring packets processed: 42752
nat-tcp-v4 packets processed: 39744
monitoring packets processed: 42816
nat-tcp-v4 packets processed: 39808
monitoring packets processed: 42880
nat-tcp-v4 packets processed: 39872
monitoring packets processed: 42944
nat-tcp-v4 packets processed: 39936
monitoring packets processed: 43008
nat-tcp-v4 packets processed: 40000
monitoring packets processed: 43072
nat-tcp-v4 packets processed: 40064
monitoring packets processed: 43136
nat-tcp-v4 packets processed: 40128
monitoring packets processed: 43200
nat-tcp-v4 packets processed: 40192
monitoring packets processed: 43264
nat-tcp-v4 packets processed: 40256
monitoring packets processed: 43328
nat-tcp-v4 packets processed: 40320
monitoring packets processed: 43392
monitoring packets processed: 43456
nat-tcp-v4 packets processed: 40384
monitoring packets processed: 43520
nat-tcp-v4 packets processed: 40448
monitoring packets processed: 43584
nat-tcp-v4 packets processed: 40512
monitoring packets processed: 43648
nat-tcp-v4 packets processed: 40576
monitoring packets processed: 43712
nat-tcp-v4 packets processed: 40640
monitoring packets processed: 43776
nat-tcp-v4 packets processed: 40704
monitoring packets processed: 43840
nat-tcp-v4 packets processed: 40768
monitoring packets processed: 43904
nat-tcp-v4 packets processed: 40832
monitoring packets processed: 43968
nat-tcp-v4 packets processed: 40896
monitoring packets processed: 44032
nat-tcp-v4 packets processed: 40960
monitoring packets processed: 44096
nat-tcp-v4 packets processed: 41024
monitoring packets processed: 44160
nat-tcp-v4 packets processed: 41088
monitoring packets processed: 44224
monitoring packets processed: 44288
nat-tcp-v4 packets processed: 41152
monitoring packets processed: 44352
nat-tcp-v4 packets processed: 41216
monitoring packets processed: 44416
nat-tcp-v4 packets processed: 41280
monitoring packets processed: 44480
nat-tcp-v4 packets processed: 41344
monitoring packets processed: 44544
nat-tcp-v4 packets processed: 41408
monitoring packets processed: 44608
nat-tcp-v4 packets processed: 41472
monitoring packets processed: 44672
nat-tcp-v4 packets processed: 41536
monitoring packets processed: 44736
nat-tcp-v4 packets processed: 41600
monitoring packets processed: 44800
nat-tcp-v4 packets processed: 41664
monitoring packets processed: 44864
nat-tcp-v4 packets processed: 41728
monitoring packets processed: 44928
monitoring packets processed: 44992
nat-tcp-v4 packets processed: 41792
monitoring packets processed: 45056
nat-tcp-v4 packets processed: 41856
monitoring packets processed: 45120
nat-tcp-v4 packets processed: 41920
monitoring packets processed: 45184
nat-tcp-v4 packets processed: 41984
monitoring packets processed: 45248
nat-tcp-v4 packets processed: 42048
monitoring packets processed: 45312
nat-tcp-v4 packets processed: 42112
monitoring packets processed: 45376
nat-tcp-v4 packets processed: 42176
monitoring packets processed: 45440
nat-tcp-v4 packets processed: 42240
monitoring packets processed: 45504
nat-tcp-v4 packets processed: 42304
monitoring packets processed: 45568
nat-tcp-v4 packets processed: 42368
monitoring packets processed: 45632
nat-tcp-v4 packets processed: 42432
monitoring packets processed: 45696
nat-tcp-v4 packets processed: 42496
monitoring packets processed: 45760
monitoring packets processed: 45824
nat-tcp-v4 packets processed: 42560
monitoring packets processed: 45888
nat-tcp-v4 packets processed: 42624
monitoring packets processed: 45952
nat-tcp-v4 packets processed: 42688
monitoring packets processed: 46016
nat-tcp-v4 packets processed: 42752
monitoring packets processed: 46080
nat-tcp-v4 packets processed: 42816
monitoring packets processed: 46144
nat-tcp-v4 packets processed: 42880
monitoring packets processed: 46208
nat-tcp-v4 packets processed: 42944
monitoring packets processed: 46272
nat-tcp-v4 packets processed: 43008
monitoring packets processed: 46336
nat-tcp-v4 packets processed: 43072
monitoring packets processed: 46400
nat-tcp-v4 packets processed: 43136
monitoring packets processed: 46464
nat-tcp-v4 packets processed: 43200
monitoring packets processed: 46528
nat-tcp-v4 packets processed: 43264
monitoring packets processed: 46592
monitoring packets processed: 46656
nat-tcp-v4 packets processed: 43328
monitoring packets processed: 46720
nat-tcp-v4 packets processed: 43392
monitoring packets processed: 46784
nat-tcp-v4 packets processed: 43456
monitoring packets processed: 46848
nat-tcp-v4 packets processed: 43520
monitoring packets processed: 46912
nat-tcp-v4 packets processed: 43584
monitoring packets processed: 46976
nat-tcp-v4 packets processed: 43648
monitoring packets processed: 47040
nat-tcp-v4 packets processed: 43712
monitoring packets processed: 47104
nat-tcp-v4 packets processed: 43776
monitoring packets processed: 47168
nat-tcp-v4 packets processed: 43840
monitoring packets processed: 47232
nat-tcp-v4 packets processed: 43904
monitoring packets processed: 47296
nat-tcp-v4 packets processed: 43968
monitoring packets processed: 47360
nat-tcp-v4 packets processed: 44032
monitoring packets processed: 47424
nat-tcp-v4 packets processed: 44096
monitoring packets processed: 47488
monitoring packets processed: 47552
nat-tcp-v4 packets processed: 44160
monitoring packets processed: 47616
nat-tcp-v4 packets processed: 44224
monitoring packets processed: 47680
nat-tcp-v4 packets processed: 44288
monitoring packets processed: 47744
nat-tcp-v4 packets processed: 44352
monitoring packets processed: 47808
nat-tcp-v4 packets processed: 44416
monitoring packets processed: 47872
nat-tcp-v4 packets processed: 44480
monitoring packets processed: 47936
nat-tcp-v4 packets processed: 44544
monitoring packets processed: 48000
nat-tcp-v4 packets processed: 44608
monitoring packets processed: 48064
nat-tcp-v4 packets processed: 44672
monitoring packets processed: 48128
nat-tcp-v4 packets processed: 44736
monitoring packets processed: 48192
nat-tcp-v4 packets processed: 44800
monitoring packets processed: 48256
nat-tcp-v4 packets processed: 44864
monitoring packets processed: 48320
monitoring packets processed: 48384
nat-tcp-v4 packets processed: 44928
monitoring packets processed: 48448
nat-tcp-v4 packets processed: 44992
monitoring packets processed: 48512
nat-tcp-v4 packets processed: 45056
monitoring packets processed: 48576
nat-tcp-v4 packets processed: 45120
monitoring packets processed: 48640
nat-tcp-v4 packets processed: 45184
monitoring packets processed: 48704
nat-tcp-v4 packets processed: 45248
monitoring packets processed: 48768
nat-tcp-v4 packets processed: 45312
monitoring packets processed: 48832
nat-tcp-v4 packets processed: 45376
monitoring packets processed: 48896
nat-tcp-v4 packets processed: 45440
monitoring packets processed: 48960
nat-tcp-v4 packets processed: 45504
monitoring packets processed: 49024
nat-tcp-v4 packets processed: 45568
monitoring packets processed: 49088
nat-tcp-v4 packets processed: 45632
monitoring packets processed: 49152
monitoring packets processed: 49216
nat-tcp-v4 packets processed: 45696
monitoring packets processed: 49280
nat-tcp-v4 packets processed: 45760
monitoring packets processed: 49344
nat-tcp-v4 packets processed: 45824
monitoring packets processed: 49408
nat-tcp-v4 packets processed: 45888
monitoring packets processed: 49472
nat-tcp-v4 packets processed: 45952
monitoring packets processed: 49536
nat-tcp-v4 packets processed: 46016
monitoring packets processed: 49600
nat-tcp-v4 packets processed: 46080
monitoring packets processed: 49664
nat-tcp-v4 packets processed: 46144
monitoring packets processed: 49728
nat-tcp-v4 packets processed: 46208
monitoring packets processed: 49792
nat-tcp-v4 packets processed: 46272
monitoring packets processed: 49856
nat-tcp-v4 packets processed: 46336
monitoring packets processed: 49920
nat-tcp-v4 packets processed: 46400
monitoring packets processed: 49984
monitoring packets processed: 50048
nat-tcp-v4 packets processed: 46464
monitoring packets processed: 50112
nat-tcp-v4 packets processed: 46528
monitoring packets processed: 50176
nat-tcp-v4 packets processed: 46592
monitoring packets processed: 50240
nat-tcp-v4 packets processed: 46656
monitoring packets processed: 50304
nat-tcp-v4 packets processed: 46720
monitoring packets processed: 50368
nat-tcp-v4 packets processed: 46784
monitoring packets processed: 50432
nat-tcp-v4 packets processed: 46848
monitoring packets processed: 50496
nat-tcp-v4 packets processed: 46912
monitoring packets processed: 50560
nat-tcp-v4 packets processed: 46976
monitoring packets processed: 50624
nat-tcp-v4 packets processed: 47040
monitoring packets processed: 50688
nat-tcp-v4 packets processed: 47104
monitoring packets processed: 50752
nat-tcp-v4 packets processed: 47168
monitoring packets processed: 50816
monitoring packets processed: 50880
nat-tcp-v4 packets processed: 47232
nat-tcp-v4 packets processed: 47296
monitoring packets processed: 50944
monitoring packets processed: 51008
nat-tcp-v4 packets processed: 47360
monitoring packets processed: 51072
nat-tcp-v4 packets processed: 47424
monitoring packets processed: 51136
nat-tcp-v4 packets processed: 47488
monitoring packets processed: 51200
nat-tcp-v4 packets processed: 47552
monitoring packets processed: 51264
nat-tcp-v4 packets processed: 47616
monitoring packets processed: 51328
nat-tcp-v4 packets processed: 47680
monitoring packets processed: 51392
nat-tcp-v4 packets processed: 47744
monitoring packets processed: 51456
nat-tcp-v4 packets processed: 47808
monitoring packets processed: 51520
nat-tcp-v4 packets processed: 47872
monitoring packets processed: 51584
nat-tcp-v4 packets processed: 47936
monitoring packets processed: 51648
nat-tcp-v4 packets processed: 48000
monitoring packets processed: 51712
nat-tcp-v4 packets processed: 48064
monitoring packets processed: 51776
monitoring packets processed: 51840
nat-tcp-v4 packets processed: 48128
monitoring packets processed: 51904
nat-tcp-v4 packets processed: 48192
monitoring packets processed: 51968
nat-tcp-v4 packets processed: 48256
monitoring packets processed: 52032
nat-tcp-v4 packets processed: 48320
monitoring packets processed: 52096
nat-tcp-v4 packets processed: 48384
monitoring packets processed: 52160
nat-tcp-v4 packets processed: 48448
monitoring packets processed: 52224
nat-tcp-v4 packets processed: 48512
monitoring packets processed: 52288
nat-tcp-v4 packets processed: 48576
monitoring packets processed: 52352
nat-tcp-v4 packets processed: 48640
monitoring packets processed: 52416
nat-tcp-v4 packets processed: 48704
monitoring packets processed: 52480
nat-tcp-v4 packets processed: 48768
monitoring packets processed: 52544
nat-tcp-v4 packets processed: 48832
monitoring packets processed: 52608
monitoring packets processed: 52672
nat-tcp-v4 packets processed: 48896
monitoring packets processed: 52736
nat-tcp-v4 packets processed: 48960
monitoring packets processed: 52800
nat-tcp-v4 packets processed: 49024
monitoring packets processed: 52864
nat-tcp-v4 packets processed: 49088
monitoring packets processed: 52928
nat-tcp-v4 packets processed: 49152
monitoring packets processed: 52992
nat-tcp-v4 packets processed: 49216
monitoring packets processed: 53056
nat-tcp-v4 packets processed: 49280
monitoring packets processed: 53120
nat-tcp-v4 packets processed: 49344
monitoring packets processed: 53184
nat-tcp-v4 packets processed: 49408
monitoring packets processed: 53248
nat-tcp-v4 packets processed: 49472
monitoring packets processed: 53312
nat-tcp-v4 packets processed: 49536
monitoring packets processed: 53376
nat-tcp-v4 packets processed: 49600
monitoring packets processed: 53440
monitoring packets processed: 53504
nat-tcp-v4 packets processed: 49664
monitoring packets processed: 53568
nat-tcp-v4 packets processed: 49728
monitoring packets processed: 53632
nat-tcp-v4 packets processed: 49792
monitoring packets processed: 53696
nat-tcp-v4 packets processed: 49856
monitoring packets processed: 53760
nat-tcp-v4 packets processed: 49920
monitoring packets processed: 53824
nat-tcp-v4 packets processed: 49984
monitoring packets processed: 53888
nat-tcp-v4 packets processed: 50048
monitoring packets processed: 53952
nat-tcp-v4 packets processed: 50112
monitoring packets processed: 54016
nat-tcp-v4 packets processed: 50176
monitoring packets processed: 54080
nat-tcp-v4 packets processed: 50240
monitoring packets processed: 54144
nat-tcp-v4 packets processed: 50304
monitoring packets processed: 54208
nat-tcp-v4 packets processed: 50368
monitoring packets processed: 54272
monitoring packets processed: 54336
nat-tcp-v4 packets processed: 50432
monitoring packets processed: 54400
nat-tcp-v4 packets processed: 50496
monitoring packets processed: 54464
nat-tcp-v4 packets processed: 50560
monitoring packets processed: 54528
nat-tcp-v4 packets processed: 50624
monitoring packets processed: 54592
nat-tcp-v4 packets processed: 50688
monitoring packets processed: 54656
nat-tcp-v4 packets processed: 50752
monitoring packets processed: 54720
nat-tcp-v4 packets processed: 50816
monitoring packets processed: 54784
nat-tcp-v4 packets processed: 50880
monitoring packets processed: 54848
nat-tcp-v4 packets processed: 50944
monitoring packets processed: 54912
nat-tcp-v4 packets processed: 51008
monitoring packets processed: 54976
monitoring packets processed: 55040
nat-tcp-v4 packets processed: 51072
monitoring packets processed: 55104
nat-tcp-v4 packets processed: 51136
monitoring packets processed: 55168
nat-tcp-v4 packets processed: 51200
monitoring packets processed: 55232
nat-tcp-v4 packets processed: 51264
monitoring packets processed: 55296
nat-tcp-v4 packets processed: 51328
monitoring packets processed: 55360
nat-tcp-v4 packets processed: 51392
monitoring packets processed: 55424
nat-tcp-v4 packets processed: 51456
monitoring packets processed: 55488
nat-tcp-v4 packets processed: 51520
monitoring packets processed: 55552
nat-tcp-v4 packets processed: 51584
monitoring packets processed: 55616
nat-tcp-v4 packets processed: 51648
monitoring packets processed: 55680
nat-tcp-v4 packets processed: 51712
monitoring packets processed: 55744
nat-tcp-v4 packets processed: 51776
monitoring packets processed: 55808
monitoring packets processed: 55872
nat-tcp-v4 packets processed: 51840
monitoring packets processed: 55936
nat-tcp-v4 packets processed: 51904
monitoring packets processed: 56000
nat-tcp-v4 packets processed: 51968
monitoring packets processed: 56064
nat-tcp-v4 packets processed: 52032
monitoring packets processed: 56128
nat-tcp-v4 packets processed: 52096
monitoring packets processed: 56192
nat-tcp-v4 packets processed: 52160
monitoring packets processed: 56256
nat-tcp-v4 packets processed: 52224
monitoring packets processed: 56320
nat-tcp-v4 packets processed: 52288
monitoring packets processed: 56384
nat-tcp-v4 packets processed: 52352
monitoring packets processed: 56448
nat-tcp-v4 packets processed: 52416
monitoring packets processed: 56512
nat-tcp-v4 packets processed: 52480
monitoring packets processed: 56576
nat-tcp-v4 packets processed: 52544
monitoring packets processed: 56640
monitoring packets processed: 56704
nat-tcp-v4 packets processed: 52608
monitoring packets processed: 56768
nat-tcp-v4 packets processed: 52672
monitoring packets processed: 56832
nat-tcp-v4 packets processed: 52736
monitoring packets processed: 56896
nat-tcp-v4 packets processed: 52800
monitoring packets processed: 56960
nat-tcp-v4 packets processed: 52864
monitoring packets processed: 57024
nat-tcp-v4 packets processed: 52928
monitoring packets processed: 57088
nat-tcp-v4 packets processed: 52992
monitoring packets processed: 57152
nat-tcp-v4 packets processed: 53056
monitoring packets processed: 57216
nat-tcp-v4 packets processed: 53120
monitoring packets processed: 57280
nat-tcp-v4 packets processed: 53184
monitoring packets processed: 57344
nat-tcp-v4 packets processed: 53248
monitoring packets processed: 57408
monitoring packets processed: 57472
nat-tcp-v4 packets processed: 53312
monitoring packets processed: 57536
nat-tcp-v4 packets processed: 53376
monitoring packets processed: 57600
nat-tcp-v4 packets processed: 53440
monitoring packets processed: 57664
nat-tcp-v4 packets processed: 53504
monitoring packets processed: 57728
nat-tcp-v4 packets processed: 53568
monitoring packets processed: 57792
nat-tcp-v4 packets processed: 53632
monitoring packets processed: 57856
nat-tcp-v4 packets processed: 53696
monitoring packets processed: 57920
nat-tcp-v4 packets processed: 53760
monitoring packets processed: 57984
nat-tcp-v4 packets processed: 53824
monitoring packets processed: 58048
nat-tcp-v4 packets processed: 53888
monitoring packets processed: 58112
nat-tcp-v4 packets processed: 53952
monitoring packets processed: 58176
nat-tcp-v4 packets processed: 54016
monitoring packets processed: 58240
monitoring packets processed: 58304
nat-tcp-v4 packets processed: 54080
monitoring packets processed: 58368
nat-tcp-v4 packets processed: 54144
monitoring packets processed: 58432
nat-tcp-v4 packets processed: 54208
monitoring packets processed: 58496
nat-tcp-v4 packets processed: 54272
monitoring packets processed: 58560
nat-tcp-v4 packets processed: 54336
monitoring packets processed: 58624
nat-tcp-v4 packets processed: 54400
monitoring packets processed: 58688
nat-tcp-v4 packets processed: 54464
monitoring packets processed: 58752
nat-tcp-v4 packets processed: 54528
monitoring packets processed: 58816
nat-tcp-v4 packets processed: 54592
monitoring packets processed: 58880
nat-tcp-v4 packets processed: 54656
monitoring packets processed: 58944
nat-tcp-v4 packets processed: 54720
monitoring packets processed: 59008
nat-tcp-v4 packets processed: 54784
monitoring packets processed: 59072
monitoring packets processed: 59136
nat-tcp-v4 packets processed: 54848
monitoring packets processed: 59200
nat-tcp-v4 packets processed: 54912
monitoring packets processed: 59264
nat-tcp-v4 packets processed: 54976
monitoring packets processed: 59328
nat-tcp-v4 packets processed: 55040
monitoring packets processed: 59392
nat-tcp-v4 packets processed: 55104
monitoring packets processed: 59456
nat-tcp-v4 packets processed: 55168
monitoring packets processed: 59520
nat-tcp-v4 packets processed: 55232
monitoring packets processed: 59584
nat-tcp-v4 packets processed: 55296
monitoring packets processed: 59648
nat-tcp-v4 packets processed: 55360
monitoring packets processed: 59712
nat-tcp-v4 packets processed: 55424
monitoring packets processed: 59776
nat-tcp-v4 packets processed: 55488
monitoring packets processed: 59840
nat-tcp-v4 packets processed: 55552
monitoring packets processed: 59904
monitoring packets processed: 59968
nat-tcp-v4 packets processed: 55616
monitoring packets processed: 60032
nat-tcp-v4 packets processed: 55680
monitoring packets processed: 60096
nat-tcp-v4 packets processed: 55744
monitoring packets processed: 60160
nat-tcp-v4 packets processed: 55808
monitoring packets processed: 60224
nat-tcp-v4 packets processed: 55872
monitoring packets processed: 60288
nat-tcp-v4 packets processed: 55936
monitoring packets processed: 60352
nat-tcp-v4 packets processed: 56000
monitoring packets processed: 60416
nat-tcp-v4 packets processed: 56064
monitoring packets processed: 60480
nat-tcp-v4 packets processed: 56128
monitoring packets processed: 60544
nat-tcp-v4 packets processed: 56192
monitoring packets processed: 60608
nat-tcp-v4 packets processed: 56256
monitoring packets processed: 60672
monitoring packets processed: 60736
nat-tcp-v4 packets processed: 56320
monitoring packets processed: 60800
nat-tcp-v4 packets processed: 56384
monitoring packets processed: 60864
nat-tcp-v4 packets processed: 56448
monitoring packets processed: 60928
nat-tcp-v4 packets processed: 56512
monitoring packets processed: 60992
nat-tcp-v4 packets processed: 56576
monitoring packets processed: 61056
nat-tcp-v4 packets processed: 56640
monitoring packets processed: 61120
nat-tcp-v4 packets processed: 56704
monitoring packets processed: 61184
nat-tcp-v4 packets processed: 56768
monitoring packets processed: 61248
nat-tcp-v4 packets processed: 56832
monitoring packets processed: 61312
nat-tcp-v4 packets processed: 56896
monitoring packets processed: 61376
nat-tcp-v4 packets processed: 56960
monitoring packets processed: 61440
nat-tcp-v4 packets processed: 57024
monitoring packets processed: 61504
monitoring packets processed: 61568
nat-tcp-v4 packets processed: 57088
monitoring packets processed: 61632
nat-tcp-v4 packets processed: 57152
monitoring packets processed: 61696
nat-tcp-v4 packets processed: 57216
monitoring packets processed: 61760
nat-tcp-v4 packets processed: 57280
monitoring packets processed: 61824
nat-tcp-v4 packets processed: 57344
monitoring packets processed: 61888
nat-tcp-v4 packets processed: 57408
monitoring packets processed: 61952
nat-tcp-v4 packets processed: 57472
monitoring packets processed: 62016
nat-tcp-v4 packets processed: 57536
monitoring packets processed: 62080
nat-tcp-v4 packets processed: 57600
monitoring packets processed: 62144
nat-tcp-v4 packets processed: 57664
monitoring packets processed: 62208
nat-tcp-v4 packets processed: 57728
monitoring packets processed: 62272
nat-tcp-v4 packets processed: 57792
monitoring packets processed: 62336
monitoring packets processed: 62400
nat-tcp-v4 packets processed: 57856
monitoring packets processed: 62464
nat-tcp-v4 packets processed: 57920
monitoring packets processed: 62528
nat-tcp-v4 packets processed: 57984
monitoring packets processed: 62592
nat-tcp-v4 packets processed: 58048
monitoring packets processed: 62656
nat-tcp-v4 packets processed: 58112
monitoring packets processed: 62720
nat-tcp-v4 packets processed: 58176
monitoring packets processed: 62784
nat-tcp-v4 packets processed: 58240
monitoring packets processed: 62848
nat-tcp-v4 packets processed: 58304
monitoring packets processed: 62912
nat-tcp-v4 packets processed: 58368
monitoring packets processed: 62976
nat-tcp-v4 packets processed: 58432
monitoring packets processed: 63040
nat-tcp-v4 packets processed: 58496
monitoring packets processed: 63104
nat-tcp-v4 packets processed: 58560
monitoring packets processed: 63168
monitoring packets processed: 63232
nat-tcp-v4 packets processed: 58624
monitoring packets processed: 63296
nat-tcp-v4 packets processed: 58688
monitoring packets processed: 63360
nat-tcp-v4 packets processed: 58752
monitoring packets processed: 63424
nat-tcp-v4 packets processed: 58816
monitoring packets processed: 63488
nat-tcp-v4 packets processed: 58880
monitoring packets processed: 63552
nat-tcp-v4 packets processed: 58944
monitoring packets processed: 63616
nat-tcp-v4 packets processed: 59008
monitoring packets processed: 63680
nat-tcp-v4 packets processed: 59072
monitoring packets processed: 63744
nat-tcp-v4 packets processed: 59136
monitoring packets processed: 63808
nat-tcp-v4 packets processed: 59200
monitoring packets processed: 63872
nat-tcp-v4 packets processed: 59264
monitoring packets processed: 63936
monitoring packets processed: 64000
nat-tcp-v4 packets processed: 59328
monitoring packets processed: 64064
nat-tcp-v4 packets processed: 59392
monitoring packets processed: 64128
nat-tcp-v4 packets processed: 59456
monitoring packets processed: 64192
nat-tcp-v4 packets processed: 59520
monitoring packets processed: 64256
nat-tcp-v4 packets processed: 59584
monitoring packets processed: 64320
nat-tcp-v4 packets processed: 59648
monitoring packets processed: 64384
nat-tcp-v4 packets processed: 59712
monitoring packets processed: 64448
nat-tcp-v4 packets processed: 59776
monitoring packets processed: 64512
nat-tcp-v4 packets processed: 59840
monitoring packets processed: 64576
nat-tcp-v4 packets processed: 59904
monitoring packets processed: 64640
nat-tcp-v4 packets processed: 59968
monitoring packets processed: 64704
nat-tcp-v4 packets processed: 60032
monitoring packets processed: 64768
monitoring packets processed: 64832
nat-tcp-v4 packets processed: 60096
monitoring packets processed: 64896
nat-tcp-v4 packets processed: 60160
monitoring packets processed: 64960
nat-tcp-v4 packets processed: 60224
monitoring packets processed: 65024
nat-tcp-v4 packets processed: 60288
monitoring packets processed: 65088
nat-tcp-v4 packets processed: 60352
monitoring packets processed: 65152
nat-tcp-v4 packets processed: 60416
monitoring packets processed: 65216
nat-tcp-v4 packets processed: 60480
monitoring packets processed: 65280
nat-tcp-v4 packets processed: 60544
monitoring packets processed: 65344
nat-tcp-v4 packets processed: 60608
monitoring packets processed: 65408
nat-tcp-v4 packets processed: 60672
monitoring packets processed: 65472
nat-tcp-v4 packets processed: 60736
monitoring packets processed: 65536
nat-tcp-v4 packets processed: 60800
monitoring packets processed: 65600
monitoring packets processed: 65664
nat-tcp-v4 packets processed: 60864
monitoring packets processed: 65728
nat-tcp-v4 packets processed: 60928
monitoring packets processed: 65792
nat-tcp-v4 packets processed: 60992
monitoring packets processed: 65856
nat-tcp-v4 packets processed: 61056
monitoring packets processed: 65920
nat-tcp-v4 packets processed: 61120
monitoring packets processed: 65984
nat-tcp-v4 packets processed: 61184
monitoring packets processed: 66048
nat-tcp-v4 packets processed: 61248
monitoring packets processed: 66112
nat-tcp-v4 packets processed: 61312
monitoring packets processed: 66176
nat-tcp-v4 packets processed: 61376
monitoring packets processed: 66240
nat-tcp-v4 packets processed: 61440
monitoring packets processed: 66304
nat-tcp-v4 packets processed: 61504
monitoring packets processed: 66368
monitoring packets processed: 66432
nat-tcp-v4 packets processed: 61568
monitoring packets processed: 66496
nat-tcp-v4 packets processed: 61632
monitoring packets processed: 66560
nat-tcp-v4 packets processed: 61696
monitoring packets processed: 66624
nat-tcp-v4 packets processed: 61760
monitoring packets processed: 66688
nat-tcp-v4 packets processed: 61824
monitoring packets processed: 66752
nat-tcp-v4 packets processed: 61888
monitoring packets processed: 66816
nat-tcp-v4 packets processed: 61952
monitoring packets processed: 66880
nat-tcp-v4 packets processed: 62016
monitoring packets processed: 66944
nat-tcp-v4 packets processed: 62080
monitoring packets processed: 67008
nat-tcp-v4 packets processed: 62144
monitoring packets processed: 67072
nat-tcp-v4 packets processed: 62208
monitoring packets processed: 67136
nat-tcp-v4 packets processed: 62272
monitoring packets processed: 67200
monitoring packets processed: 67264
nat-tcp-v4 packets processed: 62336
monitoring packets processed: 67328
nat-tcp-v4 packets processed: 62400
monitoring packets processed: 67392
nat-tcp-v4 packets processed: 62464
monitoring packets processed: 67456
nat-tcp-v4 packets processed: 62528
monitoring packets processed: 67520
nat-tcp-v4 packets processed: 62592
monitoring packets processed: 67584
nat-tcp-v4 packets processed: 62656
monitoring packets processed: 67648
nat-tcp-v4 packets processed: 62720
monitoring packets processed: 67712
nat-tcp-v4 packets processed: 62784
monitoring packets processed: 67776
nat-tcp-v4 packets processed: 62848
monitoring packets processed: 67840
nat-tcp-v4 packets processed: 62912
monitoring packets processed: 67904
nat-tcp-v4 packets processed: 62976
monitoring packets processed: 67968
nat-tcp-v4 packets processed: 63040
monitoring packets processed: 68032
monitoring packets processed: 68096
nat-tcp-v4 packets processed: 63104
monitoring packets processed: 68160
nat-tcp-v4 packets processed: 63168
monitoring packets processed: 68224
nat-tcp-v4 packets processed: 63232
monitoring packets processed: 68288
nat-tcp-v4 packets processed: 63296
monitoring packets processed: 68352
nat-tcp-v4 packets processed: 63360
monitoring packets processed: 68416
nat-tcp-v4 packets processed: 63424
monitoring packets processed: 68480
nat-tcp-v4 packets processed: 63488
monitoring packets processed: 68544
nat-tcp-v4 packets processed: 63552
monitoring packets processed: 68608
nat-tcp-v4 packets processed: 63616
monitoring packets processed: 68672
nat-tcp-v4 packets processed: 63680
monitoring packets processed: 68736
nat-tcp-v4 packets processed: 63744
monitoring packets processed: 68800
monitoring packets processed: 68864
nat-tcp-v4 packets processed: 63808
monitoring packets processed: 68928
nat-tcp-v4 packets processed: 63872
monitoring packets processed: 68992
nat-tcp-v4 packets processed: 63936
monitoring packets processed: 69056
nat-tcp-v4 packets processed: 64000
monitoring packets processed: 69120
nat-tcp-v4 packets processed: 64064
monitoring packets processed: 69184
nat-tcp-v4 packets processed: 64128
monitoring packets processed: 69248
nat-tcp-v4 packets processed: 64192
monitoring packets processed: 69312
nat-tcp-v4 packets processed: 64256
monitoring packets processed: 69376
nat-tcp-v4 packets processed: 64320
monitoring packets processed: 69440
nat-tcp-v4 packets processed: 64384
monitoring packets processed: 69504
nat-tcp-v4 packets processed: 64448
monitoring packets processed: 69568
nat-tcp-v4 packets processed: 64512
monitoring packets processed: 69632
monitoring packets processed: 69696
nat-tcp-v4 packets processed: 64576
monitoring packets processed: 69760
nat-tcp-v4 packets processed: 64640
monitoring packets processed: 69824
nat-tcp-v4 packets processed: 64704
monitoring packets processed: 69888
nat-tcp-v4 packets processed: 64768
monitoring packets processed: 69952
nat-tcp-v4 packets processed: 64832
monitoring packets processed: 70016
nat-tcp-v4 packets processed: 64896
monitoring packets processed: 70080
nat-tcp-v4 packets processed: 64960
monitoring packets processed: 70144
nat-tcp-v4 packets processed: 65024
monitoring packets processed: 70208
nat-tcp-v4 packets processed: 65088
monitoring packets processed: 70272
nat-tcp-v4 packets processed: 65152
monitoring packets processed: 70336
nat-tcp-v4 packets processed: 65216
monitoring packets processed: 70400
monitoring packets processed: 70464
nat-tcp-v4 packets processed: 65280
monitoring packets processed: 70528
nat-tcp-v4 packets processed: 65344
monitoring packets processed: 70592
nat-tcp-v4 packets processed: 65408
monitoring packets processed: 70656
nat-tcp-v4 packets processed: 65472
monitoring packets processed: 70720
nat-tcp-v4 packets processed: 65536
monitoring packets processed: 70784
nat-tcp-v4 packets processed: 65600
monitoring packets processed: 70848
nat-tcp-v4 packets processed: 65664
monitoring packets processed: 70912
nat-tcp-v4 packets processed: 65728
monitoring packets processed: 70976
nat-tcp-v4 packets processed: 65792
monitoring packets processed: 71040
nat-tcp-v4 packets processed: 65856
monitoring packets processed: 71104
nat-tcp-v4 packets processed: 65920
monitoring packets processed: 71168
nat-tcp-v4 packets processed: 65984
monitoring packets processed: 71232
nat-tcp-v4 packets processed: 66048
monitoring packets processed: 71296
nat-tcp-v4 packets processed: 66112
monitoring packets processed: 71360
nat-tcp-v4 packets processed: 66176
monitoring packets processed: 71424
nat-tcp-v4 packets processed: 66240
monitoring packets processed: 71488
nat-tcp-v4 packets processed: 66304
monitoring packets processed: 71552
nat-tcp-v4 packets processed: 66368
monitoring packets processed: 71616
nat-tcp-v4 packets processed: 66432
monitoring packets processed: 71680
nat-tcp-v4 packets processed: 66496
monitoring packets processed: 71744
nat-tcp-v4 packets processed: 66560
monitoring packets processed: 71808
nat-tcp-v4 packets processed: 66624
monitoring packets processed: 71872
nat-tcp-v4 packets processed: 66688
monitoring packets processed: 71936
nat-tcp-v4 packets processed: 66752
monitoring packets processed: 72000
nat-tcp-v4 packets processed: 66816
monitoring packets processed: 72064
nat-tcp-v4 packets processed: 66880
monitoring packets processed: 72128
nat-tcp-v4 packets processed: 66944
monitoring packets processed: 72192
nat-tcp-v4 packets processed: 67008
monitoring packets processed: 72256
nat-tcp-v4 packets processed: 67072
monitoring packets processed: 72320
nat-tcp-v4 packets processed: 67136
monitoring packets processed: 72384
nat-tcp-v4 packets processed: 67200
monitoring packets processed: 72448
nat-tcp-v4 packets processed: 67264
monitoring packets processed: 72512
nat-tcp-v4 packets processed: 67328
monitoring packets processed: 72576
nat-tcp-v4 packets processed: 67392
monitoring packets processed: 72640
nat-tcp-v4 packets processed: 67456
monitoring packets processed: 72704
nat-tcp-v4 packets processed: 67520
monitoring packets processed: 72768
nat-tcp-v4 packets processed: 67584
monitoring packets processed: 72832
nat-tcp-v4 packets processed: 67648
monitoring packets processed: 72896
nat-tcp-v4 packets processed: 67712
monitoring packets processed: 72960
nat-tcp-v4 packets processed: 67776
monitoring packets processed: 73024
nat-tcp-v4 packets processed: 67840
monitoring packets processed: 73088
nat-tcp-v4 packets processed: 67904
monitoring packets processed: 73152
nat-tcp-v4 packets processed: 67968
monitoring packets processed: 73216
nat-tcp-v4 packets processed: 68032
monitoring packets processed: 73280
nat-tcp-v4 packets processed: 68096
monitoring packets processed: 73344
nat-tcp-v4 packets processed: 68160
monitoring packets processed: 73408
nat-tcp-v4 packets processed: 68224
monitoring packets processed: 73472
nat-tcp-v4 packets processed: 68288
monitoring packets processed: 73536
nat-tcp-v4 packets processed: 68352
monitoring packets processed: 73600
nat-tcp-v4 packets processed: 68416
monitoring packets processed: 73664
nat-tcp-v4 packets processed: 68480
monitoring packets processed: 73728
nat-tcp-v4 packets processed: 68544
monitoring packets processed: 73792
nat-tcp-v4 packets processed: 68608
monitoring packets processed: 73856
nat-tcp-v4 packets processed: 68672
monitoring packets processed: 73920
nat-tcp-v4 packets processed: 68736
monitoring packets processed: 73984
nat-tcp-v4 packets processed: 68800
monitoring packets processed: 74048
nat-tcp-v4 packets processed: 68864
monitoring packets processed: 74112
nat-tcp-v4 packets processed: 68928
monitoring packets processed: 74176
nat-tcp-v4 packets processed: 68992
monitoring packets processed: 74240
nat-tcp-v4 packets processed: 69056
monitoring packets processed: 74304
nat-tcp-v4 packets processed: 69120
monitoring packets processed: 74368
nat-tcp-v4 packets processed: 69184
monitoring packets processed: 74432
nat-tcp-v4 packets processed: 69248
monitoring packets processed: 74496
nat-tcp-v4 packets processed: 69312
monitoring packets processed: 74560
nat-tcp-v4 packets processed: 69376
monitoring packets processed: 74624
nat-tcp-v4 packets processed: 69440
monitoring packets processed: 74688
nat-tcp-v4 packets processed: 69504
monitoring packets processed: 74752
nat-tcp-v4 packets processed: 69568
monitoring packets processed: 74816
nat-tcp-v4 packets processed: 69632
monitoring packets processed: 74880
nat-tcp-v4 packets processed: 69696
monitoring packets processed: 74944
nat-tcp-v4 packets processed: 69760
monitoring packets processed: 75008
nat-tcp-v4 packets processed: 69824
monitoring packets processed: 75072
nat-tcp-v4 packets processed: 69888
monitoring packets processed: 75136
nat-tcp-v4 packets processed: 69952
monitoring packets processed: 75200
nat-tcp-v4 packets processed: 70016
monitoring packets processed: 75264
nat-tcp-v4 packets processed: 70080
monitoring packets processed: 75328
nat-tcp-v4 packets processed: 70144
monitoring packets processed: 75392
nat-tcp-v4 packets processed: 70208
monitoring packets processed: 75456
nat-tcp-v4 packets processed: 70272
monitoring packets processed: 75520
nat-tcp-v4 packets processed: 70336
monitoring packets processed: 75584
a thread in cpu0 reached the max instruction count @ 526992438612
Switched CPUS @ tick 526992438612
Changing memory mode to timing
switching cpus
**** REAL SIMULATION ****
info: Entering event queue @ 526992438612.  Starting simulation...
nat-tcp-v4 packets processed: 70400
monitoring packets processed: 75648
nat-tcp-v4 packets processed: 70464
monitoring packets processed: 75712
nat-tcp-v4 packets processed: 70528
monitoring packets processed: 75776
monitoring packets processed: 75840
nat-tcp-v4 packets processed: 70592
monitoring packets processed: 75904
nat-tcp-v4 packets processed: 70656
monitoring packets processed: 75968
nat-tcp-v4 packets processed: 70720
monitoring packets processed: 76032
nat-tcp-v4 packets processed: 70784
monitoring packets processed: 76096
nat-tcp-v4 packets processed: 70848
monitoring packets processed: 76160
nat-tcp-v4 packets processed: 70912
monitoring packets processed: 76224
nat-tcp-v4 packets processed: 70976
monitoring packets processed: 76288
nat-tcp-v4 packets processed: 71040
monitoring packets processed: 76352
nat-tcp-v4 packets processed: 71104
monitoring packets processed: 76416
nat-tcp-v4 packets processed: 71168
a thread in cpu1 reached the max instruction count @ 530714157357
monitoring packets processed: 76480
Exiting @ tick 530775561024 because a thread in cpu0 reached the max instruction count
