gem5 Simulator System.  http://gem5.org
gem5 is copyrighted software; use the --copyright option for details.

gem5 compiled Jan 31 2020 21:24:53
gem5 started Jan 31 2020 21:26:13
gem5 executing on node-1.yangzhou-qv63856.lambda-mpi-pg0.clemson.cloudlab.us
command line: build/ARM/gem5.fast --remote-gdb-port=0 --outdir=/users/yangzhou/GEM5_DRAMSim2/sgx_nic/m5out/detailed_maglev.monitoring_4MB_tp --stats-file=detailed_maglev.monitoring_4MB_tp_stats.txt configs/dramsim2/dramsim2_se.py --cpu-type=detailed --clock=2.4GHz --cacheline_size=128 --caches --l2cache --l2config=private --l2_size=2MB --l2_assoc=16 --fixaddr --rr_nc --split_mshr --split_rport --dramsim2 --tpturnlength=6 --devicecfg=./ext/DRAMSim2/ini/DDR3_micron_16M_8B_x8_sg15.ini --systemcfg=./ext/DRAMSim2/system_tp.ini --outputfile=/dev/null --fast-forward=1000000000 --maxinsts=10000000 --maxtick=2000000000000 --numpids=2 --p0=/users/yangzhou/NF-GEM5/maglev --p1=/users/yangzhou/NF-GEM5/monitoring
Global frequency set at 1000000000000 ticks per second
device file: ./ext/DRAMSim2/ini/DDR3_micron_16M_8B_x8_sg15.ini
system file: ./ext/DRAMSim2/system_tp.ini
output file: /dev/null
DEBUGSTR My tpTurnLength is 6
genTrace is 0
finish initializing memory controller
CPU Clock = 2398MHz
DRAM Clock = 1600MHz
Memory Capacity = 16384MB
initialize the layer 2
initialize the layer 2
Switch at instruction count:1000000000
info: Entering event queue @ 0.  Starting simulation...
info: Increasing stack size by one page.
info: Increasing stack size by one page.
value_t size: 4B
memory size: 10.063114MB
trying to open file /users/yangzhou/ictf2010_100kflow.dat
opening succeeds
trying to open file /users/yangzhou/ictf2010_100kflow.dat
opening succeeds
Reading pkt trace done!
average pkt size = 607.092021
monitoring packets processed: 64
monitoring packets processed: 128
monitoring packets processed: 192
monitoring packets processed: 256
monitoring packets processed: 320
monitoring packets processed: 384
monitoring packets processed: 448
monitoring packets processed: 512
monitoring packets processed: 576
monitoring packets processed: 640
monitoring packets processed: 704
monitoring packets processed: 768
monitoring packets processed: 832
monitoring packets processed: 896
monitoring packets processed: 960
monitoring packets processed: 1024
monitoring packets processed: 1088
monitoring packets processed: 1152
monitoring packets processed: 1216
monitoring packets processed: 1280
Reading pkt trace done!
average pkt size = 607.092021
monitoring packets processed: 1344
maglev packets processed: 64
monitoring packets processed: 1408
maglev packets processed: 128
monitoring packets processed: 1472
maglev packets processed: 192
monitoring packets processed: 1536
maglev packets processed: 256
monitoring packets processed: 1600
maglev packets processed: 320
monitoring packets processed: 1664
maglev packets processed: 384
monitoring packets processed: 1728
maglev packets processed: 448
monitoring packets processed: 1792
maglev packets processed: 512
monitoring packets processed: 1856
maglev packets processed: 576
monitoring packets processed: 1920
maglev packets processed: 640
monitoring packets processed: 1984
maglev packets processed: 704
monitoring packets processed: 2048
maglev packets processed: 768
monitoring packets processed: 2112
maglev packets processed: 832
monitoring packets processed: 2176
maglev packets processed: 896
monitoring packets processed: 2240
maglev packets processed: 960
monitoring packets processed: 2304
maglev packets processed: 1024
monitoring packets processed: 2368
maglev packets processed: 1088
monitoring packets processed: 2432
maglev packets processed: 1152
monitoring packets processed: 2496
maglev packets processed: 1216
monitoring packets processed: 2560
maglev packets processed: 1280
monitoring packets processed: 2624
maglev packets processed: 1344
monitoring packets processed: 2688
maglev packets processed: 1408
monitoring packets processed: 2752
maglev packets processed: 1472
monitoring packets processed: 2816
maglev packets processed: 1536
monitoring packets processed: 2880
maglev packets processed: 1600
monitoring packets processed: 2944
maglev packets processed: 1664
monitoring packets processed: 3008
maglev packets processed: 1728
monitoring packets processed: 3072
maglev packets processed: 1792
monitoring packets processed: 3136
maglev packets processed: 1856
monitoring packets processed: 3200
maglev packets processed: 1920
monitoring packets processed: 3264
maglev packets processed: 1984
monitoring packets processed: 3328
maglev packets processed: 2048
monitoring packets processed: 3392
maglev packets processed: 2112
monitoring packets processed: 3456
maglev packets processed: 2176
monitoring packets processed: 3520
maglev packets processed: 2240
monitoring packets processed: 3584
maglev packets processed: 2304
monitoring packets processed: 3648
maglev packets processed: 2368
monitoring packets processed: 3712
maglev packets processed: 2432
monitoring packets processed: 3776
maglev packets processed: 2496
monitoring packets processed: 3840
maglev packets processed: 2560
monitoring packets processed: 3904
maglev packets processed: 2624
monitoring packets processed: 3968
maglev packets processed: 2688
monitoring packets processed: 4032
maglev packets processed: 2752
monitoring packets processed: 4096
maglev packets processed: 2816
monitoring packets processed: 4160
maglev packets processed: 2880
monitoring packets processed: 4224
maglev packets processed: 2944
monitoring packets processed: 4288
maglev packets processed: 3008
monitoring packets processed: 4352
maglev packets processed: 3072
monitoring packets processed: 4416
maglev packets processed: 3136
monitoring packets processed: 4480
maglev packets processed: 3200
monitoring packets processed: 4544
maglev packets processed: 3264
maglev packets processed: 3328
monitoring packets processed: 4608
maglev packets processed: 3392
monitoring packets processed: 4672
maglev packets processed: 3456
monitoring packets processed: 4736
maglev packets processed: 3520
monitoring packets processed: 4800
maglev packets processed: 3584
monitoring packets processed: 4864
maglev packets processed: 3648
monitoring packets processed: 4928
maglev packets processed: 3712
monitoring packets processed: 4992
maglev packets processed: 3776
monitoring packets processed: 5056
maglev packets processed: 3840
monitoring packets processed: 5120
maglev packets processed: 3904
monitoring packets processed: 5184
maglev packets processed: 3968
monitoring packets processed: 5248
maglev packets processed: 4032
monitoring packets processed: 5312
maglev packets processed: 4096
monitoring packets processed: 5376
maglev packets processed: 4160
monitoring packets processed: 5440
maglev packets processed: 4224
monitoring packets processed: 5504
maglev packets processed: 4288
monitoring packets processed: 5568
maglev packets processed: 4352
monitoring packets processed: 5632
maglev packets processed: 4416
monitoring packets processed: 5696
maglev packets processed: 4480
monitoring packets processed: 5760
maglev packets processed: 4544
monitoring packets processed: 5824
maglev packets processed: 4608
monitoring packets processed: 5888
maglev packets processed: 4672
monitoring packets processed: 5952
maglev packets processed: 4736
monitoring packets processed: 6016
maglev packets processed: 4800
monitoring packets processed: 6080
maglev packets processed: 4864
monitoring packets processed: 6144
maglev packets processed: 4928
monitoring packets processed: 6208
maglev packets processed: 4992
monitoring packets processed: 6272
maglev packets processed: 5056
monitoring packets processed: 6336
maglev packets processed: 5120
monitoring packets processed: 6400
maglev packets processed: 5184
monitoring packets processed: 6464
maglev packets processed: 5248
monitoring packets processed: 6528
maglev packets processed: 5312
monitoring packets processed: 6592
maglev packets processed: 5376
monitoring packets processed: 6656
maglev packets processed: 5440
monitoring packets processed: 6720
maglev packets processed: 5504
monitoring packets processed: 6784
maglev packets processed: 5568
monitoring packets processed: 6848
maglev packets processed: 5632
monitoring packets processed: 6912
maglev packets processed: 5696
monitoring packets processed: 6976
maglev packets processed: 5760
monitoring packets processed: 7040
maglev packets processed: 5824
monitoring packets processed: 7104
maglev packets processed: 5888
monitoring packets processed: 7168
maglev packets processed: 5952
monitoring packets processed: 7232
maglev packets processed: 6016
monitoring packets processed: 7296
maglev packets processed: 6080
monitoring packets processed: 7360
maglev packets processed: 6144
monitoring packets processed: 7424
maglev packets processed: 6208
monitoring packets processed: 7488
maglev packets processed: 6272
monitoring packets processed: 7552
maglev packets processed: 6336
monitoring packets processed: 7616
maglev packets processed: 6400
monitoring packets processed: 7680
maglev packets processed: 6464
monitoring packets processed: 7744
maglev packets processed: 6528
monitoring packets processed: 7808
maglev packets processed: 6592
monitoring packets processed: 7872
maglev packets processed: 6656
monitoring packets processed: 7936
maglev packets processed: 6720
monitoring packets processed: 8000
maglev packets processed: 6784
monitoring packets processed: 8064
maglev packets processed: 6848
monitoring packets processed: 8128
maglev packets processed: 6912
monitoring packets processed: 8192
maglev packets processed: 6976
monitoring packets processed: 8256
maglev packets processed: 7040
monitoring packets processed: 8320
maglev packets processed: 7104
monitoring packets processed: 8384
maglev packets processed: 7168
monitoring packets processed: 8448
maglev packets processed: 7232
monitoring packets processed: 8512
maglev packets processed: 7296
monitoring packets processed: 8576
maglev packets processed: 7360
monitoring packets processed: 8640
maglev packets processed: 7424
monitoring packets processed: 8704
maglev packets processed: 7488
monitoring packets processed: 8768
maglev packets processed: 7552
monitoring packets processed: 8832
maglev packets processed: 7616
monitoring packets processed: 8896
maglev packets processed: 7680
monitoring packets processed: 8960
maglev packets processed: 7744
monitoring packets processed: 9024
maglev packets processed: 7808
monitoring packets processed: 9088
maglev packets processed: 7872
monitoring packets processed: 9152
maglev packets processed: 7936
maglev packets processed: 8000
monitoring packets processed: 9216
maglev packets processed: 8064
monitoring packets processed: 9280
maglev packets processed: 8128
monitoring packets processed: 9344
maglev packets processed: 8192
monitoring packets processed: 9408
maglev packets processed: 8256
monitoring packets processed: 9472
maglev packets processed: 8320
monitoring packets processed: 9536
maglev packets processed: 8384
monitoring packets processed: 9600
maglev packets processed: 8448
monitoring packets processed: 9664
maglev packets processed: 8512
monitoring packets processed: 9728
maglev packets processed: 8576
monitoring packets processed: 9792
maglev packets processed: 8640
monitoring packets processed: 9856
maglev packets processed: 8704
monitoring packets processed: 9920
maglev packets processed: 8768
monitoring packets processed: 9984
maglev packets processed: 8832
monitoring packets processed: 10048
maglev packets processed: 8896
monitoring packets processed: 10112
maglev packets processed: 8960
monitoring packets processed: 10176
maglev packets processed: 9024
monitoring packets processed: 10240
maglev packets processed: 9088
monitoring packets processed: 10304
maglev packets processed: 9152
monitoring packets processed: 10368
maglev packets processed: 9216
monitoring packets processed: 10432
maglev packets processed: 9280
monitoring packets processed: 10496
maglev packets processed: 9344
monitoring packets processed: 10560
maglev packets processed: 9408
monitoring packets processed: 10624
maglev packets processed: 9472
monitoring packets processed: 10688
maglev packets processed: 9536
monitoring packets processed: 10752
maglev packets processed: 9600
monitoring packets processed: 10816
maglev packets processed: 9664
monitoring packets processed: 10880
maglev packets processed: 9728
monitoring packets processed: 10944
maglev packets processed: 9792
monitoring packets processed: 11008
maglev packets processed: 9856
monitoring packets processed: 11072
maglev packets processed: 9920
monitoring packets processed: 11136
maglev packets processed: 9984
monitoring packets processed: 11200
maglev packets processed: 10048
monitoring packets processed: 11264
maglev packets processed: 10112
monitoring packets processed: 11328
maglev packets processed: 10176
monitoring packets processed: 11392
maglev packets processed: 10240
monitoring packets processed: 11456
maglev packets processed: 10304
monitoring packets processed: 11520
maglev packets processed: 10368
monitoring packets processed: 11584
maglev packets processed: 10432
monitoring packets processed: 11648
maglev packets processed: 10496
monitoring packets processed: 11712
maglev packets processed: 10560
monitoring packets processed: 11776
maglev packets processed: 10624
monitoring packets processed: 11840
maglev packets processed: 10688
monitoring packets processed: 11904
maglev packets processed: 10752
monitoring packets processed: 11968
maglev packets processed: 10816
monitoring packets processed: 12032
maglev packets processed: 10880
monitoring packets processed: 12096
maglev packets processed: 10944
monitoring packets processed: 12160
maglev packets processed: 11008
monitoring packets processed: 12224
maglev packets processed: 11072
monitoring packets processed: 12288
maglev packets processed: 11136
monitoring packets processed: 12352
maglev packets processed: 11200
monitoring packets processed: 12416
maglev packets processed: 11264
monitoring packets processed: 12480
maglev packets processed: 11328
monitoring packets processed: 12544
maglev packets processed: 11392
monitoring packets processed: 12608
maglev packets processed: 11456
monitoring packets processed: 12672
maglev packets processed: 11520
monitoring packets processed: 12736
maglev packets processed: 11584
monitoring packets processed: 12800
maglev packets processed: 11648
monitoring packets processed: 12864
maglev packets processed: 11712
monitoring packets processed: 12928
maglev packets processed: 11776
monitoring packets processed: 12992
maglev packets processed: 11840
monitoring packets processed: 13056
maglev packets processed: 11904
monitoring packets processed: 13120
maglev packets processed: 11968
monitoring packets processed: 13184
maglev packets processed: 12032
monitoring packets processed: 13248
maglev packets processed: 12096
monitoring packets processed: 13312
maglev packets processed: 12160
monitoring packets processed: 13376
maglev packets processed: 12224
monitoring packets processed: 13440
maglev packets processed: 12288
monitoring packets processed: 13504
maglev packets processed: 12352
monitoring packets processed: 13568
maglev packets processed: 12416
monitoring packets processed: 13632
maglev packets processed: 12480
monitoring packets processed: 13696
maglev packets processed: 12544
monitoring packets processed: 13760
maglev packets processed: 12608
maglev packets processed: 12672
monitoring packets processed: 13824
maglev packets processed: 12736
monitoring packets processed: 13888
maglev packets processed: 12800
monitoring packets processed: 13952
maglev packets processed: 12864
monitoring packets processed: 14016
maglev packets processed: 12928
monitoring packets processed: 14080
maglev packets processed: 12992
monitoring packets processed: 14144
maglev packets processed: 13056
monitoring packets processed: 14208
maglev packets processed: 13120
monitoring packets processed: 14272
maglev packets processed: 13184
monitoring packets processed: 14336
maglev packets processed: 13248
monitoring packets processed: 14400
maglev packets processed: 13312
monitoring packets processed: 14464
maglev packets processed: 13376
monitoring packets processed: 14528
maglev packets processed: 13440
monitoring packets processed: 14592
maglev packets processed: 13504
monitoring packets processed: 14656
maglev packets processed: 13568
monitoring packets processed: 14720
maglev packets processed: 13632
monitoring packets processed: 14784
maglev packets processed: 13696
monitoring packets processed: 14848
maglev packets processed: 13760
monitoring packets processed: 14912
maglev packets processed: 13824
monitoring packets processed: 14976
maglev packets processed: 13888
monitoring packets processed: 15040
maglev packets processed: 13952
monitoring packets processed: 15104
maglev packets processed: 14016
monitoring packets processed: 15168
maglev packets processed: 14080
monitoring packets processed: 15232
maglev packets processed: 14144
monitoring packets processed: 15296
maglev packets processed: 14208
monitoring packets processed: 15360
maglev packets processed: 14272
monitoring packets processed: 15424
maglev packets processed: 14336
monitoring packets processed: 15488
maglev packets processed: 14400
monitoring packets processed: 15552
maglev packets processed: 14464
monitoring packets processed: 15616
maglev packets processed: 14528
monitoring packets processed: 15680
maglev packets processed: 14592
monitoring packets processed: 15744
maglev packets processed: 14656
monitoring packets processed: 15808
maglev packets processed: 14720
monitoring packets processed: 15872
maglev packets processed: 14784
monitoring packets processed: 15936
maglev packets processed: 14848
monitoring packets processed: 16000
maglev packets processed: 14912
monitoring packets processed: 16064
maglev packets processed: 14976
monitoring packets processed: 16128
maglev packets processed: 15040
monitoring packets processed: 16192
maglev packets processed: 15104
monitoring packets processed: 16256
maglev packets processed: 15168
monitoring packets processed: 16320
maglev packets processed: 15232
monitoring packets processed: 16384
maglev packets processed: 15296
monitoring packets processed: 16448
maglev packets processed: 15360
monitoring packets processed: 16512
maglev packets processed: 15424
monitoring packets processed: 16576
maglev packets processed: 15488
monitoring packets processed: 16640
maglev packets processed: 15552
monitoring packets processed: 16704
maglev packets processed: 15616
monitoring packets processed: 16768
maglev packets processed: 15680
monitoring packets processed: 16832
maglev packets processed: 15744
monitoring packets processed: 16896
maglev packets processed: 15808
monitoring packets processed: 16960
maglev packets processed: 15872
monitoring packets processed: 17024
maglev packets processed: 15936
monitoring packets processed: 17088
maglev packets processed: 16000
monitoring packets processed: 17152
maglev packets processed: 16064
monitoring packets processed: 17216
maglev packets processed: 16128
monitoring packets processed: 17280
maglev packets processed: 16192
monitoring packets processed: 17344
maglev packets processed: 16256
monitoring packets processed: 17408
maglev packets processed: 16320
monitoring packets processed: 17472
maglev packets processed: 16384
monitoring packets processed: 17536
maglev packets processed: 16448
monitoring packets processed: 17600
maglev packets processed: 16512
monitoring packets processed: 17664
maglev packets processed: 16576
monitoring packets processed: 17728
maglev packets processed: 16640
monitoring packets processed: 17792
maglev packets processed: 16704
monitoring packets processed: 17856
maglev packets processed: 16768
monitoring packets processed: 17920
maglev packets processed: 16832
monitoring packets processed: 17984
maglev packets processed: 16896
monitoring packets processed: 18048
maglev packets processed: 16960
monitoring packets processed: 18112
maglev packets processed: 17024
monitoring packets processed: 18176
maglev packets processed: 17088
monitoring packets processed: 18240
maglev packets processed: 17152
monitoring packets processed: 18304
maglev packets processed: 17216
monitoring packets processed: 18368
maglev packets processed: 17280
monitoring packets processed: 18432
maglev packets processed: 17344
monitoring packets processed: 18496
maglev packets processed: 17408
maglev packets processed: 17472
monitoring packets processed: 18560
maglev packets processed: 17536
monitoring packets processed: 18624
maglev packets processed: 17600
monitoring packets processed: 18688
maglev packets processed: 17664
monitoring packets processed: 18752
maglev packets processed: 17728
monitoring packets processed: 18816
maglev packets processed: 17792
monitoring packets processed: 18880
maglev packets processed: 17856
monitoring packets processed: 18944
maglev packets processed: 17920
monitoring packets processed: 19008
maglev packets processed: 17984
monitoring packets processed: 19072
maglev packets processed: 18048
monitoring packets processed: 19136
maglev packets processed: 18112
monitoring packets processed: 19200
maglev packets processed: 18176
monitoring packets processed: 19264
maglev packets processed: 18240
monitoring packets processed: 19328
maglev packets processed: 18304
monitoring packets processed: 19392
maglev packets processed: 18368
monitoring packets processed: 19456
maglev packets processed: 18432
monitoring packets processed: 19520
maglev packets processed: 18496
monitoring packets processed: 19584
maglev packets processed: 18560
monitoring packets processed: 19648
maglev packets processed: 18624
monitoring packets processed: 19712
maglev packets processed: 18688
monitoring packets processed: 19776
maglev packets processed: 18752
monitoring packets processed: 19840
maglev packets processed: 18816
monitoring packets processed: 19904
maglev packets processed: 18880
monitoring packets processed: 19968
maglev packets processed: 18944
monitoring packets processed: 20032
maglev packets processed: 19008
monitoring packets processed: 20096
maglev packets processed: 19072
monitoring packets processed: 20160
maglev packets processed: 19136
monitoring packets processed: 20224
maglev packets processed: 19200
monitoring packets processed: 20288
maglev packets processed: 19264
monitoring packets processed: 20352
maglev packets processed: 19328
monitoring packets processed: 20416
maglev packets processed: 19392
monitoring packets processed: 20480
maglev packets processed: 19456
monitoring packets processed: 20544
maglev packets processed: 19520
monitoring packets processed: 20608
maglev packets processed: 19584
monitoring packets processed: 20672
maglev packets processed: 19648
monitoring packets processed: 20736
maglev packets processed: 19712
monitoring packets processed: 20800
maglev packets processed: 19776
monitoring packets processed: 20864
maglev packets processed: 19840
monitoring packets processed: 20928
maglev packets processed: 19904
monitoring packets processed: 20992
maglev packets processed: 19968
monitoring packets processed: 21056
maglev packets processed: 20032
monitoring packets processed: 21120
maglev packets processed: 20096
monitoring packets processed: 21184
maglev packets processed: 20160
monitoring packets processed: 21248
maglev packets processed: 20224
monitoring packets processed: 21312
maglev packets processed: 20288
monitoring packets processed: 21376
maglev packets processed: 20352
monitoring packets processed: 21440
maglev packets processed: 20416
monitoring packets processed: 21504
maglev packets processed: 20480
monitoring packets processed: 21568
maglev packets processed: 20544
monitoring packets processed: 21632
maglev packets processed: 20608
monitoring packets processed: 21696
maglev packets processed: 20672
monitoring packets processed: 21760
maglev packets processed: 20736
monitoring packets processed: 21824
maglev packets processed: 20800
monitoring packets processed: 21888
maglev packets processed: 20864
monitoring packets processed: 21952
maglev packets processed: 20928
monitoring packets processed: 22016
maglev packets processed: 20992
monitoring packets processed: 22080
maglev packets processed: 21056
monitoring packets processed: 22144
maglev packets processed: 21120
monitoring packets processed: 22208
maglev packets processed: 21184
monitoring packets processed: 22272
maglev packets processed: 21248
monitoring packets processed: 22336
maglev packets processed: 21312
monitoring packets processed: 22400
maglev packets processed: 21376
monitoring packets processed: 22464
maglev packets processed: 21440
monitoring packets processed: 22528
maglev packets processed: 21504
monitoring packets processed: 22592
maglev packets processed: 21568
monitoring packets processed: 22656
maglev packets processed: 21632
monitoring packets processed: 22720
maglev packets processed: 21696
monitoring packets processed: 22784
maglev packets processed: 21760
monitoring packets processed: 22848
maglev packets processed: 21824
monitoring packets processed: 22912
maglev packets processed: 21888
monitoring packets processed: 22976
maglev packets processed: 21952
monitoring packets processed: 23040
maglev packets processed: 22016
monitoring packets processed: 23104
maglev packets processed: 22080
monitoring packets processed: 23168
maglev packets processed: 22144
monitoring packets processed: 23232
maglev packets processed: 22208
monitoring packets processed: 23296
maglev packets processed: 22272
maglev packets processed: 22336
monitoring packets processed: 23360
maglev packets processed: 22400
monitoring packets processed: 23424
maglev packets processed: 22464
monitoring packets processed: 23488
maglev packets processed: 22528
monitoring packets processed: 23552
maglev packets processed: 22592
monitoring packets processed: 23616
maglev packets processed: 22656
monitoring packets processed: 23680
maglev packets processed: 22720
monitoring packets processed: 23744
maglev packets processed: 22784
monitoring packets processed: 23808
maglev packets processed: 22848
monitoring packets processed: 23872
maglev packets processed: 22912
monitoring packets processed: 23936
maglev packets processed: 22976
monitoring packets processed: 24000
maglev packets processed: 23040
monitoring packets processed: 24064
maglev packets processed: 23104
monitoring packets processed: 24128
maglev packets processed: 23168
monitoring packets processed: 24192
maglev packets processed: 23232
monitoring packets processed: 24256
maglev packets processed: 23296
monitoring packets processed: 24320
maglev packets processed: 23360
monitoring packets processed: 24384
maglev packets processed: 23424
monitoring packets processed: 24448
maglev packets processed: 23488
monitoring packets processed: 24512
maglev packets processed: 23552
monitoring packets processed: 24576
maglev packets processed: 23616
monitoring packets processed: 24640
maglev packets processed: 23680
monitoring packets processed: 24704
maglev packets processed: 23744
monitoring packets processed: 24768
maglev packets processed: 23808
monitoring packets processed: 24832
maglev packets processed: 23872
monitoring packets processed: 24896
maglev packets processed: 23936
monitoring packets processed: 24960
maglev packets processed: 24000
monitoring packets processed: 25024
maglev packets processed: 24064
monitoring packets processed: 25088
maglev packets processed: 24128
monitoring packets processed: 25152
maglev packets processed: 24192
monitoring packets processed: 25216
maglev packets processed: 24256
monitoring packets processed: 25280
maglev packets processed: 24320
monitoring packets processed: 25344
maglev packets processed: 24384
monitoring packets processed: 25408
maglev packets processed: 24448
monitoring packets processed: 25472
maglev packets processed: 24512
monitoring packets processed: 25536
maglev packets processed: 24576
monitoring packets processed: 25600
maglev packets processed: 24640
monitoring packets processed: 25664
maglev packets processed: 24704
monitoring packets processed: 25728
maglev packets processed: 24768
monitoring packets processed: 25792
maglev packets processed: 24832
monitoring packets processed: 25856
maglev packets processed: 24896
monitoring packets processed: 25920
maglev packets processed: 24960
monitoring packets processed: 25984
maglev packets processed: 25024
monitoring packets processed: 26048
maglev packets processed: 25088
monitoring packets processed: 26112
maglev packets processed: 25152
monitoring packets processed: 26176
maglev packets processed: 25216
monitoring packets processed: 26240
maglev packets processed: 25280
monitoring packets processed: 26304
maglev packets processed: 25344
monitoring packets processed: 26368
maglev packets processed: 25408
monitoring packets processed: 26432
maglev packets processed: 25472
monitoring packets processed: 26496
maglev packets processed: 25536
monitoring packets processed: 26560
maglev packets processed: 25600
monitoring packets processed: 26624
maglev packets processed: 25664
monitoring packets processed: 26688
maglev packets processed: 25728
monitoring packets processed: 26752
maglev packets processed: 25792
monitoring packets processed: 26816
maglev packets processed: 25856
monitoring packets processed: 26880
maglev packets processed: 25920
monitoring packets processed: 26944
maglev packets processed: 25984
monitoring packets processed: 27008
maglev packets processed: 26048
monitoring packets processed: 27072
maglev packets processed: 26112
monitoring packets processed: 27136
maglev packets processed: 26176
monitoring packets processed: 27200
maglev packets processed: 26240
monitoring packets processed: 27264
maglev packets processed: 26304
monitoring packets processed: 27328
maglev packets processed: 26368
monitoring packets processed: 27392
maglev packets processed: 26432
monitoring packets processed: 27456
maglev packets processed: 26496
monitoring packets processed: 27520
maglev packets processed: 26560
monitoring packets processed: 27584
maglev packets processed: 26624
monitoring packets processed: 27648
maglev packets processed: 26688
monitoring packets processed: 27712
maglev packets processed: 26752
monitoring packets processed: 27776
maglev packets processed: 26816
monitoring packets processed: 27840
maglev packets processed: 26880
monitoring packets processed: 27904
maglev packets processed: 26944
monitoring packets processed: 27968
maglev packets processed: 27008
monitoring packets processed: 28032
maglev packets processed: 27072
monitoring packets processed: 28096
maglev packets processed: 27136
monitoring packets processed: 28160
maglev packets processed: 27200
maglev packets processed: 27264
monitoring packets processed: 28224
maglev packets processed: 27328
monitoring packets processed: 28288
maglev packets processed: 27392
monitoring packets processed: 28352
maglev packets processed: 27456
monitoring packets processed: 28416
maglev packets processed: 27520
monitoring packets processed: 28480
maglev packets processed: 27584
monitoring packets processed: 28544
maglev packets processed: 27648
monitoring packets processed: 28608
maglev packets processed: 27712
monitoring packets processed: 28672
maglev packets processed: 27776
monitoring packets processed: 28736
maglev packets processed: 27840
monitoring packets processed: 28800
maglev packets processed: 27904
monitoring packets processed: 28864
maglev packets processed: 27968
monitoring packets processed: 28928
maglev packets processed: 28032
monitoring packets processed: 28992
maglev packets processed: 28096
monitoring packets processed: 29056
maglev packets processed: 28160
monitoring packets processed: 29120
maglev packets processed: 28224
monitoring packets processed: 29184
maglev packets processed: 28288
monitoring packets processed: 29248
maglev packets processed: 28352
monitoring packets processed: 29312
maglev packets processed: 28416
monitoring packets processed: 29376
maglev packets processed: 28480
monitoring packets processed: 29440
maglev packets processed: 28544
monitoring packets processed: 29504
maglev packets processed: 28608
monitoring packets processed: 29568
maglev packets processed: 28672
monitoring packets processed: 29632
maglev packets processed: 28736
monitoring packets processed: 29696
maglev packets processed: 28800
monitoring packets processed: 29760
maglev packets processed: 28864
monitoring packets processed: 29824
maglev packets processed: 28928
monitoring packets processed: 29888
maglev packets processed: 28992
monitoring packets processed: 29952
maglev packets processed: 29056
monitoring packets processed: 30016
maglev packets processed: 29120
monitoring packets processed: 30080
maglev packets processed: 29184
monitoring packets processed: 30144
maglev packets processed: 29248
monitoring packets processed: 30208
maglev packets processed: 29312
monitoring packets processed: 30272
maglev packets processed: 29376
monitoring packets processed: 30336
maglev packets processed: 29440
monitoring packets processed: 30400
maglev packets processed: 29504
monitoring packets processed: 30464
maglev packets processed: 29568
monitoring packets processed: 30528
maglev packets processed: 29632
monitoring packets processed: 30592
maglev packets processed: 29696
monitoring packets processed: 30656
maglev packets processed: 29760
monitoring packets processed: 30720
maglev packets processed: 29824
monitoring packets processed: 30784
maglev packets processed: 29888
monitoring packets processed: 30848
maglev packets processed: 29952
monitoring packets processed: 30912
maglev packets processed: 30016
monitoring packets processed: 30976
maglev packets processed: 30080
monitoring packets processed: 31040
maglev packets processed: 30144
monitoring packets processed: 31104
maglev packets processed: 30208
monitoring packets processed: 31168
maglev packets processed: 30272
monitoring packets processed: 31232
maglev packets processed: 30336
monitoring packets processed: 31296
maglev packets processed: 30400
monitoring packets processed: 31360
maglev packets processed: 30464
monitoring packets processed: 31424
maglev packets processed: 30528
monitoring packets processed: 31488
maglev packets processed: 30592
monitoring packets processed: 31552
maglev packets processed: 30656
monitoring packets processed: 31616
maglev packets processed: 30720
monitoring packets processed: 31680
maglev packets processed: 30784
monitoring packets processed: 31744
maglev packets processed: 30848
monitoring packets processed: 31808
maglev packets processed: 30912
monitoring packets processed: 31872
maglev packets processed: 30976
monitoring packets processed: 31936
maglev packets processed: 31040
monitoring packets processed: 32000
maglev packets processed: 31104
monitoring packets processed: 32064
maglev packets processed: 31168
monitoring packets processed: 32128
maglev packets processed: 31232
monitoring packets processed: 32192
maglev packets processed: 31296
monitoring packets processed: 32256
maglev packets processed: 31360
monitoring packets processed: 32320
maglev packets processed: 31424
monitoring packets processed: 32384
maglev packets processed: 31488
monitoring packets processed: 32448
maglev packets processed: 31552
monitoring packets processed: 32512
maglev packets processed: 31616
monitoring packets processed: 32576
maglev packets processed: 31680
monitoring packets processed: 32640
maglev packets processed: 31744
monitoring packets processed: 32704
maglev packets processed: 31808
monitoring packets processed: 32768
maglev packets processed: 31872
monitoring packets processed: 32832
maglev packets processed: 31936
monitoring packets processed: 32896
maglev packets processed: 32000
monitoring packets processed: 32960
maglev packets processed: 32064
maglev packets processed: 32128
monitoring packets processed: 33024
maglev packets processed: 32192
monitoring packets processed: 33088
maglev packets processed: 32256
monitoring packets processed: 33152
maglev packets processed: 32320
monitoring packets processed: 33216
maglev packets processed: 32384
monitoring packets processed: 33280
maglev packets processed: 32448
monitoring packets processed: 33344
maglev packets processed: 32512
monitoring packets processed: 33408
maglev packets processed: 32576
monitoring packets processed: 33472
maglev packets processed: 32640
monitoring packets processed: 33536
maglev packets processed: 32704
monitoring packets processed: 33600
maglev packets processed: 32768
monitoring packets processed: 33664
maglev packets processed: 32832
monitoring packets processed: 33728
maglev packets processed: 32896
monitoring packets processed: 33792
maglev packets processed: 32960
monitoring packets processed: 33856
maglev packets processed: 33024
monitoring packets processed: 33920
maglev packets processed: 33088
monitoring packets processed: 33984
maglev packets processed: 33152
monitoring packets processed: 34048
maglev packets processed: 33216
monitoring packets processed: 34112
maglev packets processed: 33280
monitoring packets processed: 34176
maglev packets processed: 33344
monitoring packets processed: 34240
maglev packets processed: 33408
monitoring packets processed: 34304
maglev packets processed: 33472
monitoring packets processed: 34368
maglev packets processed: 33536
monitoring packets processed: 34432
maglev packets processed: 33600
monitoring packets processed: 34496
maglev packets processed: 33664
monitoring packets processed: 34560
maglev packets processed: 33728
monitoring packets processed: 34624
maglev packets processed: 33792
monitoring packets processed: 34688
maglev packets processed: 33856
monitoring packets processed: 34752
maglev packets processed: 33920
monitoring packets processed: 34816
maglev packets processed: 33984
monitoring packets processed: 34880
maglev packets processed: 34048
monitoring packets processed: 34944
maglev packets processed: 34112
monitoring packets processed: 35008
maglev packets processed: 34176
monitoring packets processed: 35072
maglev packets processed: 34240
monitoring packets processed: 35136
maglev packets processed: 34304
monitoring packets processed: 35200
maglev packets processed: 34368
monitoring packets processed: 35264
maglev packets processed: 34432
monitoring packets processed: 35328
maglev packets processed: 34496
monitoring packets processed: 35392
maglev packets processed: 34560
monitoring packets processed: 35456
maglev packets processed: 34624
monitoring packets processed: 35520
maglev packets processed: 34688
monitoring packets processed: 35584
maglev packets processed: 34752
monitoring packets processed: 35648
maglev packets processed: 34816
monitoring packets processed: 35712
maglev packets processed: 34880
monitoring packets processed: 35776
maglev packets processed: 34944
monitoring packets processed: 35840
maglev packets processed: 35008
monitoring packets processed: 35904
maglev packets processed: 35072
monitoring packets processed: 35968
maglev packets processed: 35136
monitoring packets processed: 36032
maglev packets processed: 35200
monitoring packets processed: 36096
maglev packets processed: 35264
monitoring packets processed: 36160
maglev packets processed: 35328
monitoring packets processed: 36224
maglev packets processed: 35392
monitoring packets processed: 36288
maglev packets processed: 35456
monitoring packets processed: 36352
maglev packets processed: 35520
monitoring packets processed: 36416
maglev packets processed: 35584
monitoring packets processed: 36480
maglev packets processed: 35648
monitoring packets processed: 36544
maglev packets processed: 35712
monitoring packets processed: 36608
maglev packets processed: 35776
monitoring packets processed: 36672
maglev packets processed: 35840
monitoring packets processed: 36736
maglev packets processed: 35904
monitoring packets processed: 36800
maglev packets processed: 35968
monitoring packets processed: 36864
maglev packets processed: 36032
monitoring packets processed: 36928
maglev packets processed: 36096
monitoring packets processed: 36992
maglev packets processed: 36160
monitoring packets processed: 37056
maglev packets processed: 36224
monitoring packets processed: 37120
maglev packets processed: 36288
monitoring packets processed: 37184
maglev packets processed: 36352
monitoring packets processed: 37248
maglev packets processed: 36416
monitoring packets processed: 37312
maglev packets processed: 36480
monitoring packets processed: 37376
maglev packets processed: 36544
monitoring packets processed: 37440
maglev packets processed: 36608
monitoring packets processed: 37504
maglev packets processed: 36672
monitoring packets processed: 37568
maglev packets processed: 36736
monitoring packets processed: 37632
maglev packets processed: 36800
monitoring packets processed: 37696
maglev packets processed: 36864
monitoring packets processed: 37760
maglev packets processed: 36928
monitoring packets processed: 37824
maglev packets processed: 36992
monitoring packets processed: 37888
maglev packets processed: 37056
maglev packets processed: 37120
monitoring packets processed: 37952
maglev packets processed: 37184
monitoring packets processed: 38016
maglev packets processed: 37248
monitoring packets processed: 38080
maglev packets processed: 37312
monitoring packets processed: 38144
maglev packets processed: 37376
monitoring packets processed: 38208
maglev packets processed: 37440
monitoring packets processed: 38272
maglev packets processed: 37504
monitoring packets processed: 38336
maglev packets processed: 37568
monitoring packets processed: 38400
maglev packets processed: 37632
monitoring packets processed: 38464
maglev packets processed: 37696
monitoring packets processed: 38528
maglev packets processed: 37760
monitoring packets processed: 38592
maglev packets processed: 37824
monitoring packets processed: 38656
maglev packets processed: 37888
monitoring packets processed: 38720
maglev packets processed: 37952
monitoring packets processed: 38784
maglev packets processed: 38016
monitoring packets processed: 38848
maglev packets processed: 38080
monitoring packets processed: 38912
maglev packets processed: 38144
monitoring packets processed: 38976
maglev packets processed: 38208
monitoring packets processed: 39040
maglev packets processed: 38272
monitoring packets processed: 39104
maglev packets processed: 38336
monitoring packets processed: 39168
maglev packets processed: 38400
monitoring packets processed: 39232
maglev packets processed: 38464
monitoring packets processed: 39296
maglev packets processed: 38528
monitoring packets processed: 39360
maglev packets processed: 38592
monitoring packets processed: 39424
maglev packets processed: 38656
monitoring packets processed: 39488
maglev packets processed: 38720
monitoring packets processed: 39552
maglev packets processed: 38784
monitoring packets processed: 39616
maglev packets processed: 38848
monitoring packets processed: 39680
maglev packets processed: 38912
monitoring packets processed: 39744
maglev packets processed: 38976
monitoring packets processed: 39808
maglev packets processed: 39040
monitoring packets processed: 39872
maglev packets processed: 39104
monitoring packets processed: 39936
maglev packets processed: 39168
monitoring packets processed: 40000
maglev packets processed: 39232
monitoring packets processed: 40064
maglev packets processed: 39296
monitoring packets processed: 40128
maglev packets processed: 39360
monitoring packets processed: 40192
maglev packets processed: 39424
monitoring packets processed: 40256
maglev packets processed: 39488
monitoring packets processed: 40320
maglev packets processed: 39552
monitoring packets processed: 40384
maglev packets processed: 39616
monitoring packets processed: 40448
maglev packets processed: 39680
monitoring packets processed: 40512
maglev packets processed: 39744
monitoring packets processed: 40576
maglev packets processed: 39808
monitoring packets processed: 40640
maglev packets processed: 39872
monitoring packets processed: 40704
maglev packets processed: 39936
monitoring packets processed: 40768
maglev packets processed: 40000
monitoring packets processed: 40832
maglev packets processed: 40064
monitoring packets processed: 40896
maglev packets processed: 40128
monitoring packets processed: 40960
maglev packets processed: 40192
monitoring packets processed: 41024
maglev packets processed: 40256
monitoring packets processed: 41088
maglev packets processed: 40320
monitoring packets processed: 41152
maglev packets processed: 40384
monitoring packets processed: 41216
maglev packets processed: 40448
monitoring packets processed: 41280
maglev packets processed: 40512
monitoring packets processed: 41344
maglev packets processed: 40576
monitoring packets processed: 41408
maglev packets processed: 40640
monitoring packets processed: 41472
maglev packets processed: 40704
monitoring packets processed: 41536
maglev packets processed: 40768
monitoring packets processed: 41600
maglev packets processed: 40832
monitoring packets processed: 41664
maglev packets processed: 40896
monitoring packets processed: 41728
maglev packets processed: 40960
monitoring packets processed: 41792
maglev packets processed: 41024
maglev packets processed: 41088
monitoring packets processed: 41856
maglev packets processed: 41152
monitoring packets processed: 41920
maglev packets processed: 41216
monitoring packets processed: 41984
maglev packets processed: 41280
monitoring packets processed: 42048
maglev packets processed: 41344
monitoring packets processed: 42112
monitoring packets processed: 42176
maglev packets processed: 41408
monitoring packets processed: 42240
maglev packets processed: 41472
monitoring packets processed: 42304
maglev packets processed: 41536
monitoring packets processed: 42368
maglev packets processed: 41600
monitoring packets processed: 42432
maglev packets processed: 41664
monitoring packets processed: 42496
maglev packets processed: 41728
monitoring packets processed: 42560
maglev packets processed: 41792
monitoring packets processed: 42624
maglev packets processed: 41856
monitoring packets processed: 42688
maglev packets processed: 41920
monitoring packets processed: 42752
maglev packets processed: 41984
maglev packets processed: 42048
monitoring packets processed: 42816
maglev packets processed: 42112
monitoring packets processed: 42880
maglev packets processed: 42176
monitoring packets processed: 42944
maglev packets processed: 42240
monitoring packets processed: 43008
maglev packets processed: 42304
monitoring packets processed: 43072
maglev packets processed: 42368
monitoring packets processed: 43136
maglev packets processed: 42432
monitoring packets processed: 43200
maglev packets processed: 42496
monitoring packets processed: 43264
maglev packets processed: 42560
monitoring packets processed: 43328
maglev packets processed: 42624
monitoring packets processed: 43392
maglev packets processed: 42688
monitoring packets processed: 43456
maglev packets processed: 42752
monitoring packets processed: 43520
maglev packets processed: 42816
monitoring packets processed: 43584
maglev packets processed: 42880
monitoring packets processed: 43648
maglev packets processed: 42944
monitoring packets processed: 43712
maglev packets processed: 43008
monitoring packets processed: 43776
maglev packets processed: 43072
monitoring packets processed: 43840
maglev packets processed: 43136
monitoring packets processed: 43904
maglev packets processed: 43200
monitoring packets processed: 43968
maglev packets processed: 43264
monitoring packets processed: 44032
maglev packets processed: 43328
monitoring packets processed: 44096
maglev packets processed: 43392
monitoring packets processed: 44160
maglev packets processed: 43456
monitoring packets processed: 44224
maglev packets processed: 43520
monitoring packets processed: 44288
maglev packets processed: 43584
monitoring packets processed: 44352
maglev packets processed: 43648
monitoring packets processed: 44416
maglev packets processed: 43712
monitoring packets processed: 44480
maglev packets processed: 43776
monitoring packets processed: 44544
maglev packets processed: 43840
monitoring packets processed: 44608
maglev packets processed: 43904
monitoring packets processed: 44672
maglev packets processed: 43968
monitoring packets processed: 44736
maglev packets processed: 44032
monitoring packets processed: 44800
maglev packets processed: 44096
monitoring packets processed: 44864
maglev packets processed: 44160
monitoring packets processed: 44928
maglev packets processed: 44224
monitoring packets processed: 44992
maglev packets processed: 44288
monitoring packets processed: 45056
maglev packets processed: 44352
monitoring packets processed: 45120
maglev packets processed: 44416
monitoring packets processed: 45184
maglev packets processed: 44480
monitoring packets processed: 45248
maglev packets processed: 44544
monitoring packets processed: 45312
maglev packets processed: 44608
monitoring packets processed: 45376
maglev packets processed: 44672
monitoring packets processed: 45440
maglev packets processed: 44736
monitoring packets processed: 45504
maglev packets processed: 44800
monitoring packets processed: 45568
maglev packets processed: 44864
monitoring packets processed: 45632
maglev packets processed: 44928
monitoring packets processed: 45696
maglev packets processed: 44992
monitoring packets processed: 45760
maglev packets processed: 45056
monitoring packets processed: 45824
maglev packets processed: 45120
monitoring packets processed: 45888
maglev packets processed: 45184
monitoring packets processed: 45952
maglev packets processed: 45248
monitoring packets processed: 46016
maglev packets processed: 45312
monitoring packets processed: 46080
maglev packets processed: 45376
monitoring packets processed: 46144
maglev packets processed: 45440
monitoring packets processed: 46208
maglev packets processed: 45504
monitoring packets processed: 46272
maglev packets processed: 45568
monitoring packets processed: 46336
maglev packets processed: 45632
monitoring packets processed: 46400
maglev packets processed: 45696
monitoring packets processed: 46464
maglev packets processed: 45760
monitoring packets processed: 46528
maglev packets processed: 45824
monitoring packets processed: 46592
maglev packets processed: 45888
monitoring packets processed: 46656
maglev packets processed: 45952
monitoring packets processed: 46720
maglev packets processed: 46016
monitoring packets processed: 46784
maglev packets processed: 46080
monitoring packets processed: 46848
maglev packets processed: 46144
monitoring packets processed: 46912
maglev packets processed: 46208
monitoring packets processed: 46976
maglev packets processed: 46272
monitoring packets processed: 47040
maglev packets processed: 46336
monitoring packets processed: 47104
maglev packets processed: 46400
monitoring packets processed: 47168
maglev packets processed: 46464
monitoring packets processed: 47232
maglev packets processed: 46528
monitoring packets processed: 47296
maglev packets processed: 46592
monitoring packets processed: 47360
maglev packets processed: 46656
monitoring packets processed: 47424
maglev packets processed: 46720
monitoring packets processed: 47488
maglev packets processed: 46784
monitoring packets processed: 47552
maglev packets processed: 46848
monitoring packets processed: 47616
maglev packets processed: 46912
maglev packets processed: 46976
monitoring packets processed: 47680
maglev packets processed: 47040
monitoring packets processed: 47744
maglev packets processed: 47104
monitoring packets processed: 47808
maglev packets processed: 47168
monitoring packets processed: 47872
maglev packets processed: 47232
monitoring packets processed: 47936
maglev packets processed: 47296
monitoring packets processed: 48000
maglev packets processed: 47360
monitoring packets processed: 48064
maglev packets processed: 47424
monitoring packets processed: 48128
maglev packets processed: 47488
monitoring packets processed: 48192
maglev packets processed: 47552
monitoring packets processed: 48256
maglev packets processed: 47616
monitoring packets processed: 48320
maglev packets processed: 47680
monitoring packets processed: 48384
maglev packets processed: 47744
monitoring packets processed: 48448
maglev packets processed: 47808
monitoring packets processed: 48512
maglev packets processed: 47872
monitoring packets processed: 48576
maglev packets processed: 47936
monitoring packets processed: 48640
maglev packets processed: 48000
monitoring packets processed: 48704
maglev packets processed: 48064
monitoring packets processed: 48768
maglev packets processed: 48128
monitoring packets processed: 48832
maglev packets processed: 48192
monitoring packets processed: 48896
maglev packets processed: 48256
monitoring packets processed: 48960
maglev packets processed: 48320
monitoring packets processed: 49024
maglev packets processed: 48384
monitoring packets processed: 49088
maglev packets processed: 48448
monitoring packets processed: 49152
maglev packets processed: 48512
monitoring packets processed: 49216
maglev packets processed: 48576
monitoring packets processed: 49280
maglev packets processed: 48640
monitoring packets processed: 49344
maglev packets processed: 48704
monitoring packets processed: 49408
maglev packets processed: 48768
monitoring packets processed: 49472
maglev packets processed: 48832
monitoring packets processed: 49536
maglev packets processed: 48896
monitoring packets processed: 49600
maglev packets processed: 48960
monitoring packets processed: 49664
maglev packets processed: 49024
monitoring packets processed: 49728
maglev packets processed: 49088
monitoring packets processed: 49792
maglev packets processed: 49152
monitoring packets processed: 49856
maglev packets processed: 49216
monitoring packets processed: 49920
maglev packets processed: 49280
monitoring packets processed: 49984
maglev packets processed: 49344
monitoring packets processed: 50048
maglev packets processed: 49408
monitoring packets processed: 50112
maglev packets processed: 49472
monitoring packets processed: 50176
maglev packets processed: 49536
monitoring packets processed: 50240
maglev packets processed: 49600
monitoring packets processed: 50304
maglev packets processed: 49664
monitoring packets processed: 50368
maglev packets processed: 49728
monitoring packets processed: 50432
maglev packets processed: 49792
monitoring packets processed: 50496
maglev packets processed: 49856
monitoring packets processed: 50560
maglev packets processed: 49920
monitoring packets processed: 50624
maglev packets processed: 49984
monitoring packets processed: 50688
maglev packets processed: 50048
monitoring packets processed: 50752
maglev packets processed: 50112
monitoring packets processed: 50816
maglev packets processed: 50176
monitoring packets processed: 50880
maglev packets processed: 50240
monitoring packets processed: 50944
maglev packets processed: 50304
monitoring packets processed: 51008
maglev packets processed: 50368
monitoring packets processed: 51072
maglev packets processed: 50432
monitoring packets processed: 51136
maglev packets processed: 50496
monitoring packets processed: 51200
maglev packets processed: 50560
monitoring packets processed: 51264
maglev packets processed: 50624
monitoring packets processed: 51328
maglev packets processed: 50688
monitoring packets processed: 51392
maglev packets processed: 50752
monitoring packets processed: 51456
maglev packets processed: 50816
monitoring packets processed: 51520
maglev packets processed: 50880
monitoring packets processed: 51584
maglev packets processed: 50944
monitoring packets processed: 51648
maglev packets processed: 51008
monitoring packets processed: 51712
maglev packets processed: 51072
monitoring packets processed: 51776
maglev packets processed: 51136
monitoring packets processed: 51840
maglev packets processed: 51200
monitoring packets processed: 51904
maglev packets processed: 51264
monitoring packets processed: 51968
maglev packets processed: 51328
monitoring packets processed: 52032
maglev packets processed: 51392
monitoring packets processed: 52096
maglev packets processed: 51456
monitoring packets processed: 52160
maglev packets processed: 51520
monitoring packets processed: 52224
maglev packets processed: 51584
monitoring packets processed: 52288
maglev packets processed: 51648
monitoring packets processed: 52352
maglev packets processed: 51712
monitoring packets processed: 52416
maglev packets processed: 51776
monitoring packets processed: 52480
maglev packets processed: 51840
monitoring packets processed: 52544
maglev packets processed: 51904
monitoring packets processed: 52608
maglev packets processed: 51968
maglev packets processed: 52032
monitoring packets processed: 52672
maglev packets processed: 52096
monitoring packets processed: 52736
maglev packets processed: 52160
monitoring packets processed: 52800
maglev packets processed: 52224
monitoring packets processed: 52864
maglev packets processed: 52288
monitoring packets processed: 52928
maglev packets processed: 52352
monitoring packets processed: 52992
maglev packets processed: 52416
monitoring packets processed: 53056
maglev packets processed: 52480
monitoring packets processed: 53120
maglev packets processed: 52544
monitoring packets processed: 53184
maglev packets processed: 52608
monitoring packets processed: 53248
maglev packets processed: 52672
monitoring packets processed: 53312
maglev packets processed: 52736
monitoring packets processed: 53376
maglev packets processed: 52800
monitoring packets processed: 53440
maglev packets processed: 52864
monitoring packets processed: 53504
maglev packets processed: 52928
monitoring packets processed: 53568
maglev packets processed: 52992
monitoring packets processed: 53632
maglev packets processed: 53056
monitoring packets processed: 53696
maglev packets processed: 53120
monitoring packets processed: 53760
maglev packets processed: 53184
monitoring packets processed: 53824
maglev packets processed: 53248
monitoring packets processed: 53888
maglev packets processed: 53312
monitoring packets processed: 53952
maglev packets processed: 53376
monitoring packets processed: 54016
maglev packets processed: 53440
monitoring packets processed: 54080
maglev packets processed: 53504
monitoring packets processed: 54144
maglev packets processed: 53568
monitoring packets processed: 54208
maglev packets processed: 53632
monitoring packets processed: 54272
maglev packets processed: 53696
monitoring packets processed: 54336
maglev packets processed: 53760
monitoring packets processed: 54400
maglev packets processed: 53824
monitoring packets processed: 54464
maglev packets processed: 53888
monitoring packets processed: 54528
maglev packets processed: 53952
monitoring packets processed: 54592
maglev packets processed: 54016
monitoring packets processed: 54656
maglev packets processed: 54080
monitoring packets processed: 54720
maglev packets processed: 54144
monitoring packets processed: 54784
maglev packets processed: 54208
monitoring packets processed: 54848
maglev packets processed: 54272
monitoring packets processed: 54912
maglev packets processed: 54336
monitoring packets processed: 54976
maglev packets processed: 54400
monitoring packets processed: 55040
maglev packets processed: 54464
monitoring packets processed: 55104
maglev packets processed: 54528
monitoring packets processed: 55168
maglev packets processed: 54592
monitoring packets processed: 55232
maglev packets processed: 54656
monitoring packets processed: 55296
maglev packets processed: 54720
monitoring packets processed: 55360
maglev packets processed: 54784
monitoring packets processed: 55424
maglev packets processed: 54848
monitoring packets processed: 55488
maglev packets processed: 54912
monitoring packets processed: 55552
maglev packets processed: 54976
monitoring packets processed: 55616
maglev packets processed: 55040
monitoring packets processed: 55680
maglev packets processed: 55104
monitoring packets processed: 55744
maglev packets processed: 55168
monitoring packets processed: 55808
maglev packets processed: 55232
monitoring packets processed: 55872
maglev packets processed: 55296
monitoring packets processed: 55936
maglev packets processed: 55360
monitoring packets processed: 56000
maglev packets processed: 55424
monitoring packets processed: 56064
maglev packets processed: 55488
monitoring packets processed: 56128
maglev packets processed: 55552
monitoring packets processed: 56192
maglev packets processed: 55616
monitoring packets processed: 56256
maglev packets processed: 55680
monitoring packets processed: 56320
maglev packets processed: 55744
monitoring packets processed: 56384
maglev packets processed: 55808
monitoring packets processed: 56448
maglev packets processed: 55872
monitoring packets processed: 56512
maglev packets processed: 55936
monitoring packets processed: 56576
maglev packets processed: 56000
monitoring packets processed: 56640
maglev packets processed: 56064
monitoring packets processed: 56704
maglev packets processed: 56128
monitoring packets processed: 56768
maglev packets processed: 56192
monitoring packets processed: 56832
maglev packets processed: 56256
monitoring packets processed: 56896
maglev packets processed: 56320
monitoring packets processed: 56960
maglev packets processed: 56384
monitoring packets processed: 57024
maglev packets processed: 56448
monitoring packets processed: 57088
maglev packets processed: 56512
monitoring packets processed: 57152
maglev packets processed: 56576
monitoring packets processed: 57216
maglev packets processed: 56640
monitoring packets processed: 57280
maglev packets processed: 56704
monitoring packets processed: 57344
maglev packets processed: 56768
monitoring packets processed: 57408
maglev packets processed: 56832
monitoring packets processed: 57472
maglev packets processed: 56896
monitoring packets processed: 57536
maglev packets processed: 56960
monitoring packets processed: 57600
maglev packets processed: 57024
maglev packets processed: 57088
monitoring packets processed: 57664
maglev packets processed: 57152
monitoring packets processed: 57728
maglev packets processed: 57216
monitoring packets processed: 57792
maglev packets processed: 57280
monitoring packets processed: 57856
maglev packets processed: 57344
monitoring packets processed: 57920
maglev packets processed: 57408
monitoring packets processed: 57984
maglev packets processed: 57472
monitoring packets processed: 58048
maglev packets processed: 57536
monitoring packets processed: 58112
maglev packets processed: 57600
monitoring packets processed: 58176
maglev packets processed: 57664
monitoring packets processed: 58240
maglev packets processed: 57728
monitoring packets processed: 58304
maglev packets processed: 57792
monitoring packets processed: 58368
maglev packets processed: 57856
monitoring packets processed: 58432
maglev packets processed: 57920
monitoring packets processed: 58496
maglev packets processed: 57984
monitoring packets processed: 58560
maglev packets processed: 58048
monitoring packets processed: 58624
maglev packets processed: 58112
monitoring packets processed: 58688
maglev packets processed: 58176
monitoring packets processed: 58752
maglev packets processed: 58240
monitoring packets processed: 58816
maglev packets processed: 58304
monitoring packets processed: 58880
maglev packets processed: 58368
monitoring packets processed: 58944
maglev packets processed: 58432
monitoring packets processed: 59008
maglev packets processed: 58496
monitoring packets processed: 59072
maglev packets processed: 58560
monitoring packets processed: 59136
maglev packets processed: 58624
monitoring packets processed: 59200
maglev packets processed: 58688
monitoring packets processed: 59264
maglev packets processed: 58752
monitoring packets processed: 59328
maglev packets processed: 58816
monitoring packets processed: 59392
maglev packets processed: 58880
monitoring packets processed: 59456
maglev packets processed: 58944
monitoring packets processed: 59520
maglev packets processed: 59008
monitoring packets processed: 59584
maglev packets processed: 59072
monitoring packets processed: 59648
maglev packets processed: 59136
monitoring packets processed: 59712
maglev packets processed: 59200
monitoring packets processed: 59776
maglev packets processed: 59264
monitoring packets processed: 59840
maglev packets processed: 59328
monitoring packets processed: 59904
maglev packets processed: 59392
monitoring packets processed: 59968
maglev packets processed: 59456
monitoring packets processed: 60032
maglev packets processed: 59520
monitoring packets processed: 60096
maglev packets processed: 59584
monitoring packets processed: 60160
maglev packets processed: 59648
monitoring packets processed: 60224
maglev packets processed: 59712
monitoring packets processed: 60288
maglev packets processed: 59776
monitoring packets processed: 60352
maglev packets processed: 59840
monitoring packets processed: 60416
maglev packets processed: 59904
monitoring packets processed: 60480
maglev packets processed: 59968
monitoring packets processed: 60544
maglev packets processed: 60032
monitoring packets processed: 60608
maglev packets processed: 60096
monitoring packets processed: 60672
maglev packets processed: 60160
monitoring packets processed: 60736
maglev packets processed: 60224
monitoring packets processed: 60800
maglev packets processed: 60288
monitoring packets processed: 60864
maglev packets processed: 60352
monitoring packets processed: 60928
maglev packets processed: 60416
monitoring packets processed: 60992
maglev packets processed: 60480
monitoring packets processed: 61056
maglev packets processed: 60544
monitoring packets processed: 61120
maglev packets processed: 60608
monitoring packets processed: 61184
maglev packets processed: 60672
monitoring packets processed: 61248
maglev packets processed: 60736
monitoring packets processed: 61312
maglev packets processed: 60800
monitoring packets processed: 61376
maglev packets processed: 60864
monitoring packets processed: 61440
maglev packets processed: 60928
monitoring packets processed: 61504
maglev packets processed: 60992
monitoring packets processed: 61568
maglev packets processed: 61056
monitoring packets processed: 61632
maglev packets processed: 61120
monitoring packets processed: 61696
maglev packets processed: 61184
monitoring packets processed: 61760
maglev packets processed: 61248
monitoring packets processed: 61824
maglev packets processed: 61312
monitoring packets processed: 61888
maglev packets processed: 61376
monitoring packets processed: 61952
maglev packets processed: 61440
monitoring packets processed: 62016
maglev packets processed: 61504
monitoring packets processed: 62080
maglev packets processed: 61568
monitoring packets processed: 62144
maglev packets processed: 61632
monitoring packets processed: 62208
maglev packets processed: 61696
monitoring packets processed: 62272
maglev packets processed: 61760
monitoring packets processed: 62336
maglev packets processed: 61824
monitoring packets processed: 62400
maglev packets processed: 61888
monitoring packets processed: 62464
maglev packets processed: 61952
monitoring packets processed: 62528
maglev packets processed: 62016
monitoring packets processed: 62592
maglev packets processed: 62080
maglev packets processed: 62144
monitoring packets processed: 62656
maglev packets processed: 62208
monitoring packets processed: 62720
maglev packets processed: 62272
monitoring packets processed: 62784
maglev packets processed: 62336
monitoring packets processed: 62848
maglev packets processed: 62400
monitoring packets processed: 62912
maglev packets processed: 62464
monitoring packets processed: 62976
maglev packets processed: 62528
monitoring packets processed: 63040
maglev packets processed: 62592
monitoring packets processed: 63104
maglev packets processed: 62656
monitoring packets processed: 63168
maglev packets processed: 62720
monitoring packets processed: 63232
maglev packets processed: 62784
monitoring packets processed: 63296
maglev packets processed: 62848
monitoring packets processed: 63360
maglev packets processed: 62912
monitoring packets processed: 63424
maglev packets processed: 62976
monitoring packets processed: 63488
maglev packets processed: 63040
monitoring packets processed: 63552
maglev packets processed: 63104
monitoring packets processed: 63616
maglev packets processed: 63168
monitoring packets processed: 63680
maglev packets processed: 63232
monitoring packets processed: 63744
maglev packets processed: 63296
monitoring packets processed: 63808
maglev packets processed: 63360
monitoring packets processed: 63872
maglev packets processed: 63424
monitoring packets processed: 63936
maglev packets processed: 63488
monitoring packets processed: 64000
maglev packets processed: 63552
monitoring packets processed: 64064
maglev packets processed: 63616
monitoring packets processed: 64128
maglev packets processed: 63680
monitoring packets processed: 64192
maglev packets processed: 63744
monitoring packets processed: 64256
maglev packets processed: 63808
monitoring packets processed: 64320
maglev packets processed: 63872
monitoring packets processed: 64384
maglev packets processed: 63936
monitoring packets processed: 64448
maglev packets processed: 64000
monitoring packets processed: 64512
maglev packets processed: 64064
monitoring packets processed: 64576
maglev packets processed: 64128
monitoring packets processed: 64640
maglev packets processed: 64192
monitoring packets processed: 64704
maglev packets processed: 64256
monitoring packets processed: 64768
maglev packets processed: 64320
monitoring packets processed: 64832
maglev packets processed: 64384
monitoring packets processed: 64896
maglev packets processed: 64448
monitoring packets processed: 64960
maglev packets processed: 64512
monitoring packets processed: 65024
maglev packets processed: 64576
monitoring packets processed: 65088
maglev packets processed: 64640
monitoring packets processed: 65152
maglev packets processed: 64704
monitoring packets processed: 65216
maglev packets processed: 64768
monitoring packets processed: 65280
maglev packets processed: 64832
monitoring packets processed: 65344
maglev packets processed: 64896
monitoring packets processed: 65408
maglev packets processed: 64960
monitoring packets processed: 65472
maglev packets processed: 65024
monitoring packets processed: 65536
maglev packets processed: 65088
monitoring packets processed: 65600
maglev packets processed: 65152
monitoring packets processed: 65664
maglev packets processed: 65216
monitoring packets processed: 65728
maglev packets processed: 65280
monitoring packets processed: 65792
maglev packets processed: 65344
monitoring packets processed: 65856
maglev packets processed: 65408
monitoring packets processed: 65920
maglev packets processed: 65472
monitoring packets processed: 65984
maglev packets processed: 65536
monitoring packets processed: 66048
maglev packets processed: 65600
monitoring packets processed: 66112
maglev packets processed: 65664
monitoring packets processed: 66176
maglev packets processed: 65728
monitoring packets processed: 66240
maglev packets processed: 65792
monitoring packets processed: 66304
maglev packets processed: 65856
monitoring packets processed: 66368
maglev packets processed: 65920
monitoring packets processed: 66432
maglev packets processed: 65984
monitoring packets processed: 66496
maglev packets processed: 66048
monitoring packets processed: 66560
maglev packets processed: 66112
monitoring packets processed: 66624
maglev packets processed: 66176
monitoring packets processed: 66688
maglev packets processed: 66240
monitoring packets processed: 66752
maglev packets processed: 66304
monitoring packets processed: 66816
maglev packets processed: 66368
monitoring packets processed: 66880
maglev packets processed: 66432
monitoring packets processed: 66944
maglev packets processed: 66496
monitoring packets processed: 67008
maglev packets processed: 66560
monitoring packets processed: 67072
maglev packets processed: 66624
monitoring packets processed: 67136
maglev packets processed: 66688
monitoring packets processed: 67200
maglev packets processed: 66752
monitoring packets processed: 67264
maglev packets processed: 66816
monitoring packets processed: 67328
maglev packets processed: 66880
monitoring packets processed: 67392
maglev packets processed: 66944
monitoring packets processed: 67456
maglev packets processed: 67008
monitoring packets processed: 67520
maglev packets processed: 67072
maglev packets processed: 67136
monitoring packets processed: 67584
maglev packets processed: 67200
monitoring packets processed: 67648
maglev packets processed: 67264
monitoring packets processed: 67712
maglev packets processed: 67328
monitoring packets processed: 67776
maglev packets processed: 67392
monitoring packets processed: 67840
maglev packets processed: 67456
monitoring packets processed: 67904
maglev packets processed: 67520
monitoring packets processed: 67968
maglev packets processed: 67584
monitoring packets processed: 68032
maglev packets processed: 67648
monitoring packets processed: 68096
maglev packets processed: 67712
monitoring packets processed: 68160
maglev packets processed: 67776
monitoring packets processed: 68224
maglev packets processed: 67840
monitoring packets processed: 68288
maglev packets processed: 67904
monitoring packets processed: 68352
maglev packets processed: 67968
monitoring packets processed: 68416
maglev packets processed: 68032
monitoring packets processed: 68480
maglev packets processed: 68096
monitoring packets processed: 68544
maglev packets processed: 68160
monitoring packets processed: 68608
maglev packets processed: 68224
monitoring packets processed: 68672
maglev packets processed: 68288
monitoring packets processed: 68736
maglev packets processed: 68352
monitoring packets processed: 68800
maglev packets processed: 68416
monitoring packets processed: 68864
maglev packets processed: 68480
monitoring packets processed: 68928
maglev packets processed: 68544
monitoring packets processed: 68992
maglev packets processed: 68608
monitoring packets processed: 69056
maglev packets processed: 68672
monitoring packets processed: 69120
maglev packets processed: 68736
monitoring packets processed: 69184
maglev packets processed: 68800
monitoring packets processed: 69248
maglev packets processed: 68864
monitoring packets processed: 69312
maglev packets processed: 68928
monitoring packets processed: 69376
maglev packets processed: 68992
monitoring packets processed: 69440
maglev packets processed: 69056
monitoring packets processed: 69504
maglev packets processed: 69120
monitoring packets processed: 69568
maglev packets processed: 69184
monitoring packets processed: 69632
maglev packets processed: 69248
monitoring packets processed: 69696
maglev packets processed: 69312
monitoring packets processed: 69760
maglev packets processed: 69376
monitoring packets processed: 69824
maglev packets processed: 69440
monitoring packets processed: 69888
maglev packets processed: 69504
monitoring packets processed: 69952
maglev packets processed: 69568
monitoring packets processed: 70016
maglev packets processed: 69632
monitoring packets processed: 70080
maglev packets processed: 69696
monitoring packets processed: 70144
maglev packets processed: 69760
monitoring packets processed: 70208
maglev packets processed: 69824
monitoring packets processed: 70272
maglev packets processed: 69888
monitoring packets processed: 70336
maglev packets processed: 69952
monitoring packets processed: 70400
maglev packets processed: 70016
monitoring packets processed: 70464
maglev packets processed: 70080
monitoring packets processed: 70528
maglev packets processed: 70144
monitoring packets processed: 70592
maglev packets processed: 70208
monitoring packets processed: 70656
maglev packets processed: 70272
monitoring packets processed: 70720
maglev packets processed: 70336
monitoring packets processed: 70784
maglev packets processed: 70400
monitoring packets processed: 70848
maglev packets processed: 70464
monitoring packets processed: 70912
maglev packets processed: 70528
monitoring packets processed: 70976
maglev packets processed: 70592
monitoring packets processed: 71040
maglev packets processed: 70656
monitoring packets processed: 71104
maglev packets processed: 70720
monitoring packets processed: 71168
maglev packets processed: 70784
monitoring packets processed: 71232
maglev packets processed: 70848
monitoring packets processed: 71296
maglev packets processed: 70912
monitoring packets processed: 71360
maglev packets processed: 70976
monitoring packets processed: 71424
maglev packets processed: 71040
monitoring packets processed: 71488
maglev packets processed: 71104
monitoring packets processed: 71552
maglev packets processed: 71168
monitoring packets processed: 71616
maglev packets processed: 71232
monitoring packets processed: 71680
maglev packets processed: 71296
monitoring packets processed: 71744
maglev packets processed: 71360
monitoring packets processed: 71808
maglev packets processed: 71424
monitoring packets processed: 71872
maglev packets processed: 71488
monitoring packets processed: 71936
maglev packets processed: 71552
monitoring packets processed: 72000
maglev packets processed: 71616
monitoring packets processed: 72064
maglev packets processed: 71680
monitoring packets processed: 72128
maglev packets processed: 71744
monitoring packets processed: 72192
maglev packets processed: 71808
monitoring packets processed: 72256
maglev packets processed: 71872
monitoring packets processed: 72320
maglev packets processed: 71936
monitoring packets processed: 72384
maglev packets processed: 72000
monitoring packets processed: 72448
maglev packets processed: 72064
maglev packets processed: 72128
monitoring packets processed: 72512
maglev packets processed: 72192
monitoring packets processed: 72576
maglev packets processed: 72256
monitoring packets processed: 72640
maglev packets processed: 72320
monitoring packets processed: 72704
maglev packets processed: 72384
monitoring packets processed: 72768
maglev packets processed: 72448
monitoring packets processed: 72832
maglev packets processed: 72512
monitoring packets processed: 72896
maglev packets processed: 72576
monitoring packets processed: 72960
maglev packets processed: 72640
monitoring packets processed: 73024
maglev packets processed: 72704
monitoring packets processed: 73088
maglev packets processed: 72768
monitoring packets processed: 73152
maglev packets processed: 72832
monitoring packets processed: 73216
maglev packets processed: 72896
monitoring packets processed: 73280
maglev packets processed: 72960
monitoring packets processed: 73344
maglev packets processed: 73024
monitoring packets processed: 73408
maglev packets processed: 73088
monitoring packets processed: 73472
maglev packets processed: 73152
monitoring packets processed: 73536
maglev packets processed: 73216
monitoring packets processed: 73600
maglev packets processed: 73280
monitoring packets processed: 73664
maglev packets processed: 73344
monitoring packets processed: 73728
maglev packets processed: 73408
monitoring packets processed: 73792
maglev packets processed: 73472
monitoring packets processed: 73856
maglev packets processed: 73536
monitoring packets processed: 73920
maglev packets processed: 73600
monitoring packets processed: 73984
maglev packets processed: 73664
monitoring packets processed: 74048
maglev packets processed: 73728
monitoring packets processed: 74112
maglev packets processed: 73792
monitoring packets processed: 74176
maglev packets processed: 73856
monitoring packets processed: 74240
maglev packets processed: 73920
monitoring packets processed: 74304
maglev packets processed: 73984
monitoring packets processed: 74368
maglev packets processed: 74048
monitoring packets processed: 74432
maglev packets processed: 74112
monitoring packets processed: 74496
maglev packets processed: 74176
monitoring packets processed: 74560
maglev packets processed: 74240
monitoring packets processed: 74624
maglev packets processed: 74304
monitoring packets processed: 74688
maglev packets processed: 74368
monitoring packets processed: 74752
maglev packets processed: 74432
monitoring packets processed: 74816
maglev packets processed: 74496
monitoring packets processed: 74880
maglev packets processed: 74560
monitoring packets processed: 74944
maglev packets processed: 74624
monitoring packets processed: 75008
maglev packets processed: 74688
monitoring packets processed: 75072
maglev packets processed: 74752
monitoring packets processed: 75136
maglev packets processed: 74816
monitoring packets processed: 75200
maglev packets processed: 74880
monitoring packets processed: 75264
maglev packets processed: 74944
monitoring packets processed: 75328
maglev packets processed: 75008
monitoring packets processed: 75392
maglev packets processed: 75072
monitoring packets processed: 75456
maglev packets processed: 75136
monitoring packets processed: 75520
maglev packets processed: 75200
monitoring packets processed: 75584
maglev packets processed: 75264
monitoring packets processed: 75648
maglev packets processed: 75328
monitoring packets processed: 75712
maglev packets processed: 75392
monitoring packets processed: 75776
a thread in cpu1 reached the max instruction count @ 527927101995
maglev packets processed: 75456
a thread in cpu0 reached the max instruction count @ 528010779300
Switched CPUS @ tick 528010779300
Changing memory mode to timing
switching cpus
**** REAL SIMULATION ****
info: Entering event queue @ 528010779300.  Starting simulation...
monitoring packets processed: 75840
maglev packets processed: 75520
monitoring packets processed: 75904
maglev packets processed: 75584
monitoring packets processed: 75968
maglev packets processed: 75648
monitoring packets processed: 76032
maglev packets processed: 75712
monitoring packets processed: 76096
maglev packets processed: 75776
monitoring packets processed: 76160
maglev packets processed: 75840
monitoring packets processed: 76224
maglev packets processed: 75904
monitoring packets processed: 76288
maglev packets processed: 75968
monitoring packets processed: 76352
maglev packets processed: 76032
monitoring packets processed: 76416
maglev packets processed: 76096
monitoring packets processed: 76480
maglev packets processed: 76160
monitoring packets processed: 76544
maglev packets processed: 76224
maglev packets processed: 76288
monitoring packets processed: 76608
Exiting @ tick 531518687967 because a thread in cpu0 reached the max instruction count
