gem5 Simulator System.  http://gem5.org
gem5 is copyrighted software; use the --copyright option for details.

gem5 compiled Jan 31 2020 21:24:01
gem5 started Jan 31 2020 21:25:53
gem5 executing on node-0.yangzhou-qv63200.lambda-mpi-pg0.clemson.cloudlab.us
command line: build/ARM/gem5.fast --remote-gdb-port=0 --outdir=/users/yangzhou/GEM5_DRAMSim2/sgx_nic/m5out/detailed_acl-fw_4MB_none --stats-file=detailed_acl-fw_4MB_none_stats.txt configs/dramsim2/dramsim2_se.py --cpu-type=detailed --clock=2.4GHz --cacheline_size=128 --caches --l2cache --l2config=shared --l2_size=4MB --l2_assoc=16 --dramsim2 --tpturnlength=6 --devicecfg=./ext/DRAMSim2/ini/DDR3_micron_16M_8B_x8_sg15.ini --systemcfg=./ext/DRAMSim2/system_none.ini --outputfile=/dev/null --fast-forward=1000000000 --maxinsts=10000000 --maxtick=2000000000000 --numpids=1 --p0=/users/yangzhou/NF-GEM5/acl-fw
Global frequency set at 1000000000000 ticks per second
device file: ./ext/DRAMSim2/ini/DDR3_micron_16M_8B_x8_sg15.ini
system file: ./ext/DRAMSim2/system_none.ini
output file: /dev/null
DEBUGSTR My tpTurnLength is 6
genTrace is 0
finish initializing memory controller
CPU Clock = 2398MHz
DRAM Clock = 1600MHz
Memory Capacity = 16384MB
Switch at instruction count:1000000000
info: Entering event queue @ 0.  Starting simulation...
info: Increasing stack size by one page.
value_t size: 1B
memory size: 4.386990MB
value_t size: 1B
memory size: 4.386990MB
trying to open file /users/yangzhou/ictf2010_100kflow.dat
opening succeeds
Reading pkt trace done!
average pkt size = 607.092021
recover down
acl-fw packets processed: 0
acl-fw packets processed: 32
acl-fw packets processed: 64
acl-fw packets processed: 96
acl-fw packets processed: 128
acl-fw packets processed: 160
acl-fw packets processed: 192
acl-fw packets processed: 224
acl-fw packets processed: 256
acl-fw packets processed: 288
acl-fw packets processed: 320
acl-fw packets processed: 352
acl-fw packets processed: 384
acl-fw packets processed: 416
acl-fw packets processed: 448
acl-fw packets processed: 480
acl-fw packets processed: 512
acl-fw packets processed: 544
acl-fw packets processed: 576
acl-fw packets processed: 608
acl-fw packets processed: 640
acl-fw packets processed: 672
acl-fw packets processed: 704
acl-fw packets processed: 736
acl-fw packets processed: 768
acl-fw packets processed: 800
acl-fw packets processed: 832
acl-fw packets processed: 864
acl-fw packets processed: 896
acl-fw packets processed: 928
acl-fw packets processed: 960
acl-fw packets processed: 992
acl-fw packets processed: 1024
acl-fw packets processed: 1056
acl-fw packets processed: 1088
acl-fw packets processed: 1120
acl-fw packets processed: 1152
acl-fw packets processed: 1184
acl-fw packets processed: 1216
acl-fw packets processed: 1248
acl-fw packets processed: 1280
acl-fw packets processed: 1312
acl-fw packets processed: 1344
acl-fw packets processed: 1376
acl-fw packets processed: 1408
acl-fw packets processed: 1440
acl-fw packets processed: 1472
acl-fw packets processed: 1504
acl-fw packets processed: 1536
acl-fw packets processed: 1568
acl-fw packets processed: 1600
acl-fw packets processed: 1632
acl-fw packets processed: 1664
acl-fw packets processed: 1696
acl-fw packets processed: 1728
acl-fw packets processed: 1760
acl-fw packets processed: 1792
acl-fw packets processed: 1824
acl-fw packets processed: 1856
acl-fw packets processed: 1888
acl-fw packets processed: 1920
acl-fw packets processed: 1952
acl-fw packets processed: 1984
acl-fw packets processed: 2016
acl-fw packets processed: 2048
acl-fw packets processed: 2080
acl-fw packets processed: 2112
acl-fw packets processed: 2144
acl-fw packets processed: 2176
acl-fw packets processed: 2208
acl-fw packets processed: 2240
acl-fw packets processed: 2272
acl-fw packets processed: 2304
acl-fw packets processed: 2336
acl-fw packets processed: 2368
acl-fw packets processed: 2400
acl-fw packets processed: 2432
acl-fw packets processed: 2464
acl-fw packets processed: 2496
acl-fw packets processed: 2528
acl-fw packets processed: 2560
acl-fw packets processed: 2592
acl-fw packets processed: 2624
acl-fw packets processed: 2656
acl-fw packets processed: 2688
acl-fw packets processed: 2720
acl-fw packets processed: 2752
acl-fw packets processed: 2784
acl-fw packets processed: 2816
acl-fw packets processed: 2848
acl-fw packets processed: 2880
acl-fw packets processed: 2912
acl-fw packets processed: 2944
acl-fw packets processed: 2976
acl-fw packets processed: 3008
acl-fw packets processed: 3040
acl-fw packets processed: 3072
acl-fw packets processed: 3104
acl-fw packets processed: 3136
acl-fw packets processed: 3168
acl-fw packets processed: 3200
acl-fw packets processed: 3232
acl-fw packets processed: 3264
acl-fw packets processed: 3296
acl-fw packets processed: 3328
acl-fw packets processed: 3360
acl-fw packets processed: 3392
acl-fw packets processed: 3424
acl-fw packets processed: 3456
acl-fw packets processed: 3488
acl-fw packets processed: 3520
acl-fw packets processed: 3552
acl-fw packets processed: 3584
acl-fw packets processed: 3616
acl-fw packets processed: 3648
acl-fw packets processed: 3680
acl-fw packets processed: 3712
acl-fw packets processed: 3744
acl-fw packets processed: 3776
acl-fw packets processed: 3808
acl-fw packets processed: 3840
acl-fw packets processed: 3872
acl-fw packets processed: 3904
acl-fw packets processed: 3936
acl-fw packets processed: 3968
acl-fw packets processed: 4000
acl-fw packets processed: 4032
acl-fw packets processed: 4064
acl-fw packets processed: 4096
acl-fw packets processed: 4128
acl-fw packets processed: 4160
acl-fw packets processed: 4192
acl-fw packets processed: 4224
acl-fw packets processed: 4256
acl-fw packets processed: 4288
acl-fw packets processed: 4320
acl-fw packets processed: 4352
acl-fw packets processed: 4384
acl-fw packets processed: 4416
acl-fw packets processed: 4448
acl-fw packets processed: 4480
acl-fw packets processed: 4512
acl-fw packets processed: 4544
acl-fw packets processed: 4576
acl-fw packets processed: 4608
acl-fw packets processed: 4640
acl-fw packets processed: 4672
acl-fw packets processed: 4704
acl-fw packets processed: 4736
acl-fw packets processed: 4768
acl-fw packets processed: 4800
acl-fw packets processed: 4832
acl-fw packets processed: 4864
acl-fw packets processed: 4896
acl-fw packets processed: 4928
acl-fw packets processed: 4960
acl-fw packets processed: 4992
acl-fw packets processed: 5024
acl-fw packets processed: 5056
acl-fw packets processed: 5088
acl-fw packets processed: 5120
acl-fw packets processed: 5152
acl-fw packets processed: 5184
acl-fw packets processed: 5216
acl-fw packets processed: 5248
acl-fw packets processed: 5280
acl-fw packets processed: 5312
acl-fw packets processed: 5344
acl-fw packets processed: 5376
acl-fw packets processed: 5408
acl-fw packets processed: 5440
acl-fw packets processed: 5472
acl-fw packets processed: 5504
acl-fw packets processed: 5536
acl-fw packets processed: 5568
acl-fw packets processed: 5600
acl-fw packets processed: 5632
acl-fw packets processed: 5664
acl-fw packets processed: 5696
acl-fw packets processed: 5728
acl-fw packets processed: 5760
acl-fw packets processed: 5792
acl-fw packets processed: 5824
acl-fw packets processed: 5856
acl-fw packets processed: 5888
acl-fw packets processed: 5920
acl-fw packets processed: 5952
acl-fw packets processed: 5984
acl-fw packets processed: 6016
acl-fw packets processed: 6048
acl-fw packets processed: 6080
acl-fw packets processed: 6112
acl-fw packets processed: 6144
acl-fw packets processed: 6176
acl-fw packets processed: 6208
acl-fw packets processed: 6240
acl-fw packets processed: 6272
acl-fw packets processed: 6304
acl-fw packets processed: 6336
acl-fw packets processed: 6368
acl-fw packets processed: 6400
acl-fw packets processed: 6432
acl-fw packets processed: 6464
acl-fw packets processed: 6496
acl-fw packets processed: 6528
acl-fw packets processed: 6560
acl-fw packets processed: 6592
acl-fw packets processed: 6624
acl-fw packets processed: 6656
acl-fw packets processed: 6688
acl-fw packets processed: 6720
acl-fw packets processed: 6752
acl-fw packets processed: 6784
acl-fw packets processed: 6816
acl-fw packets processed: 6848
acl-fw packets processed: 6880
acl-fw packets processed: 6912
acl-fw packets processed: 6944
acl-fw packets processed: 6976
acl-fw packets processed: 7008
acl-fw packets processed: 7040
acl-fw packets processed: 7072
acl-fw packets processed: 7104
acl-fw packets processed: 7136
acl-fw packets processed: 7168
acl-fw packets processed: 7200
acl-fw packets processed: 7232
acl-fw packets processed: 7264
acl-fw packets processed: 7296
acl-fw packets processed: 7328
acl-fw packets processed: 7360
acl-fw packets processed: 7392
acl-fw packets processed: 7424
acl-fw packets processed: 7456
acl-fw packets processed: 7488
acl-fw packets processed: 7520
acl-fw packets processed: 7552
acl-fw packets processed: 7584
acl-fw packets processed: 7616
acl-fw packets processed: 7648
acl-fw packets processed: 7680
acl-fw packets processed: 7712
acl-fw packets processed: 7744
acl-fw packets processed: 7776
acl-fw packets processed: 7808
acl-fw packets processed: 7840
acl-fw packets processed: 7872
acl-fw packets processed: 7904
acl-fw packets processed: 7936
acl-fw packets processed: 7968
acl-fw packets processed: 8000
acl-fw packets processed: 8032
acl-fw packets processed: 8064
acl-fw packets processed: 8096
acl-fw packets processed: 8128
acl-fw packets processed: 8160
acl-fw packets processed: 8192
acl-fw packets processed: 8224
acl-fw packets processed: 8256
acl-fw packets processed: 8288
acl-fw packets processed: 8320
acl-fw packets processed: 8352
acl-fw packets processed: 8384
acl-fw packets processed: 8416
acl-fw packets processed: 8448
acl-fw packets processed: 8480
acl-fw packets processed: 8512
acl-fw packets processed: 8544
acl-fw packets processed: 8576
acl-fw packets processed: 8608
acl-fw packets processed: 8640
acl-fw packets processed: 8672
acl-fw packets processed: 8704
acl-fw packets processed: 8736
acl-fw packets processed: 8768
acl-fw packets processed: 8800
acl-fw packets processed: 8832
acl-fw packets processed: 8864
acl-fw packets processed: 8896
acl-fw packets processed: 8928
acl-fw packets processed: 8960
acl-fw packets processed: 8992
acl-fw packets processed: 9024
acl-fw packets processed: 9056
acl-fw packets processed: 9088
acl-fw packets processed: 9120
acl-fw packets processed: 9152
acl-fw packets processed: 9184
acl-fw packets processed: 9216
acl-fw packets processed: 9248
acl-fw packets processed: 9280
acl-fw packets processed: 9312
acl-fw packets processed: 9344
acl-fw packets processed: 9376
acl-fw packets processed: 9408
acl-fw packets processed: 9440
acl-fw packets processed: 9472
acl-fw packets processed: 9504
acl-fw packets processed: 9536
acl-fw packets processed: 9568
acl-fw packets processed: 9600
acl-fw packets processed: 9632
acl-fw packets processed: 9664
acl-fw packets processed: 9696
acl-fw packets processed: 9728
acl-fw packets processed: 9760
acl-fw packets processed: 9792
acl-fw packets processed: 9824
acl-fw packets processed: 9856
acl-fw packets processed: 9888
acl-fw packets processed: 9920
acl-fw packets processed: 9952
acl-fw packets processed: 9984
acl-fw packets processed: 10016
acl-fw packets processed: 10048
acl-fw packets processed: 10080
acl-fw packets processed: 10112
acl-fw packets processed: 10144
acl-fw packets processed: 10176
acl-fw packets processed: 10208
acl-fw packets processed: 10240
acl-fw packets processed: 10272
acl-fw packets processed: 10304
acl-fw packets processed: 10336
acl-fw packets processed: 10368
acl-fw packets processed: 10400
acl-fw packets processed: 10432
acl-fw packets processed: 10464
acl-fw packets processed: 10496
acl-fw packets processed: 10528
acl-fw packets processed: 10560
acl-fw packets processed: 10592
acl-fw packets processed: 10624
acl-fw packets processed: 10656
acl-fw packets processed: 10688
acl-fw packets processed: 10720
acl-fw packets processed: 10752
acl-fw packets processed: 10784
acl-fw packets processed: 10816
acl-fw packets processed: 10848
acl-fw packets processed: 10880
acl-fw packets processed: 10912
acl-fw packets processed: 10944
acl-fw packets processed: 10976
acl-fw packets processed: 11008
acl-fw packets processed: 11040
acl-fw packets processed: 11072
acl-fw packets processed: 11104
acl-fw packets processed: 11136
acl-fw packets processed: 11168
acl-fw packets processed: 11200
acl-fw packets processed: 11232
acl-fw packets processed: 11264
acl-fw packets processed: 11296
acl-fw packets processed: 11328
acl-fw packets processed: 11360
acl-fw packets processed: 11392
acl-fw packets processed: 11424
acl-fw packets processed: 11456
acl-fw packets processed: 11488
acl-fw packets processed: 11520
acl-fw packets processed: 11552
acl-fw packets processed: 11584
acl-fw packets processed: 11616
acl-fw packets processed: 11648
acl-fw packets processed: 11680
acl-fw packets processed: 11712
acl-fw packets processed: 11744
acl-fw packets processed: 11776
acl-fw packets processed: 11808
acl-fw packets processed: 11840
acl-fw packets processed: 11872
acl-fw packets processed: 11904
acl-fw packets processed: 11936
acl-fw packets processed: 11968
acl-fw packets processed: 12000
acl-fw packets processed: 12032
acl-fw packets processed: 12064
acl-fw packets processed: 12096
acl-fw packets processed: 12128
acl-fw packets processed: 12160
acl-fw packets processed: 12192
acl-fw packets processed: 12224
acl-fw packets processed: 12256
acl-fw packets processed: 12288
acl-fw packets processed: 12320
acl-fw packets processed: 12352
acl-fw packets processed: 12384
acl-fw packets processed: 12416
acl-fw packets processed: 12448
acl-fw packets processed: 12480
acl-fw packets processed: 12512
acl-fw packets processed: 12544
acl-fw packets processed: 12576
acl-fw packets processed: 12608
acl-fw packets processed: 12640
acl-fw packets processed: 12672
acl-fw packets processed: 12704
acl-fw packets processed: 12736
acl-fw packets processed: 12768
acl-fw packets processed: 12800
acl-fw packets processed: 12832
acl-fw packets processed: 12864
acl-fw packets processed: 12896
acl-fw packets processed: 12928
acl-fw packets processed: 12960
acl-fw packets processed: 12992
acl-fw packets processed: 13024
acl-fw packets processed: 13056
acl-fw packets processed: 13088
acl-fw packets processed: 13120
acl-fw packets processed: 13152
acl-fw packets processed: 13184
acl-fw packets processed: 13216
acl-fw packets processed: 13248
acl-fw packets processed: 13280
acl-fw packets processed: 13312
acl-fw packets processed: 13344
acl-fw packets processed: 13376
acl-fw packets processed: 13408
acl-fw packets processed: 13440
acl-fw packets processed: 13472
acl-fw packets processed: 13504
acl-fw packets processed: 13536
acl-fw packets processed: 13568
acl-fw packets processed: 13600
acl-fw packets processed: 13632
acl-fw packets processed: 13664
acl-fw packets processed: 13696
acl-fw packets processed: 13728
acl-fw packets processed: 13760
acl-fw packets processed: 13792
acl-fw packets processed: 13824
acl-fw packets processed: 13856
acl-fw packets processed: 13888
acl-fw packets processed: 13920
acl-fw packets processed: 13952
acl-fw packets processed: 13984
acl-fw packets processed: 14016
acl-fw packets processed: 14048
acl-fw packets processed: 14080
acl-fw packets processed: 14112
acl-fw packets processed: 14144
acl-fw packets processed: 14176
acl-fw packets processed: 14208
acl-fw packets processed: 14240
acl-fw packets processed: 14272
acl-fw packets processed: 14304
acl-fw packets processed: 14336
acl-fw packets processed: 14368
acl-fw packets processed: 14400
acl-fw packets processed: 14432
acl-fw packets processed: 14464
acl-fw packets processed: 14496
acl-fw packets processed: 14528
acl-fw packets processed: 14560
acl-fw packets processed: 14592
acl-fw packets processed: 14624
acl-fw packets processed: 14656
acl-fw packets processed: 14688
acl-fw packets processed: 14720
acl-fw packets processed: 14752
acl-fw packets processed: 14784
acl-fw packets processed: 14816
acl-fw packets processed: 14848
acl-fw packets processed: 14880
acl-fw packets processed: 14912
acl-fw packets processed: 14944
acl-fw packets processed: 14976
acl-fw packets processed: 15008
acl-fw packets processed: 15040
acl-fw packets processed: 15072
acl-fw packets processed: 15104
acl-fw packets processed: 15136
acl-fw packets processed: 15168
acl-fw packets processed: 15200
acl-fw packets processed: 15232
acl-fw packets processed: 15264
acl-fw packets processed: 15296
acl-fw packets processed: 15328
acl-fw packets processed: 15360
acl-fw packets processed: 15392
acl-fw packets processed: 15424
acl-fw packets processed: 15456
acl-fw packets processed: 15488
acl-fw packets processed: 15520
acl-fw packets processed: 15552
acl-fw packets processed: 15584
acl-fw packets processed: 15616
acl-fw packets processed: 15648
acl-fw packets processed: 15680
acl-fw packets processed: 15712
acl-fw packets processed: 15744
acl-fw packets processed: 15776
acl-fw packets processed: 15808
acl-fw packets processed: 15840
acl-fw packets processed: 15872
acl-fw packets processed: 15904
acl-fw packets processed: 15936
acl-fw packets processed: 15968
acl-fw packets processed: 16000
acl-fw packets processed: 16032
acl-fw packets processed: 16064
acl-fw packets processed: 16096
acl-fw packets processed: 16128
acl-fw packets processed: 16160
acl-fw packets processed: 16192
acl-fw packets processed: 16224
acl-fw packets processed: 16256
acl-fw packets processed: 16288
acl-fw packets processed: 16320
acl-fw packets processed: 16352
acl-fw packets processed: 16384
acl-fw packets processed: 16416
acl-fw packets processed: 16448
acl-fw packets processed: 16480
acl-fw packets processed: 16512
acl-fw packets processed: 16544
acl-fw packets processed: 16576
acl-fw packets processed: 16608
acl-fw packets processed: 16640
acl-fw packets processed: 16672
acl-fw packets processed: 16704
acl-fw packets processed: 16736
acl-fw packets processed: 16768
acl-fw packets processed: 16800
acl-fw packets processed: 16832
acl-fw packets processed: 16864
acl-fw packets processed: 16896
acl-fw packets processed: 16928
acl-fw packets processed: 16960
acl-fw packets processed: 16992
acl-fw packets processed: 17024
acl-fw packets processed: 17056
acl-fw packets processed: 17088
acl-fw packets processed: 17120
acl-fw packets processed: 17152
acl-fw packets processed: 17184
acl-fw packets processed: 17216
acl-fw packets processed: 17248
acl-fw packets processed: 17280
acl-fw packets processed: 17312
acl-fw packets processed: 17344
acl-fw packets processed: 17376
acl-fw packets processed: 17408
acl-fw packets processed: 17440
acl-fw packets processed: 17472
acl-fw packets processed: 17504
acl-fw packets processed: 17536
acl-fw packets processed: 17568
acl-fw packets processed: 17600
acl-fw packets processed: 17632
acl-fw packets processed: 17664
acl-fw packets processed: 17696
acl-fw packets processed: 17728
acl-fw packets processed: 17760
acl-fw packets processed: 17792
acl-fw packets processed: 17824
acl-fw packets processed: 17856
acl-fw packets processed: 17888
acl-fw packets processed: 17920
acl-fw packets processed: 17952
acl-fw packets processed: 17984
acl-fw packets processed: 18016
acl-fw packets processed: 18048
acl-fw packets processed: 18080
acl-fw packets processed: 18112
acl-fw packets processed: 18144
acl-fw packets processed: 18176
acl-fw packets processed: 18208
acl-fw packets processed: 18240
acl-fw packets processed: 18272
acl-fw packets processed: 18304
acl-fw packets processed: 18336
acl-fw packets processed: 18368
acl-fw packets processed: 18400
acl-fw packets processed: 18432
acl-fw packets processed: 18464
acl-fw packets processed: 18496
acl-fw packets processed: 18528
acl-fw packets processed: 18560
acl-fw packets processed: 18592
acl-fw packets processed: 18624
acl-fw packets processed: 18656
acl-fw packets processed: 18688
acl-fw packets processed: 18720
acl-fw packets processed: 18752
acl-fw packets processed: 18784
acl-fw packets processed: 18816
acl-fw packets processed: 18848
acl-fw packets processed: 18880
acl-fw packets processed: 18912
acl-fw packets processed: 18944
acl-fw packets processed: 18976
acl-fw packets processed: 19008
acl-fw packets processed: 19040
acl-fw packets processed: 19072
acl-fw packets processed: 19104
acl-fw packets processed: 19136
acl-fw packets processed: 19168
acl-fw packets processed: 19200
acl-fw packets processed: 19232
acl-fw packets processed: 19264
acl-fw packets processed: 19296
acl-fw packets processed: 19328
acl-fw packets processed: 19360
acl-fw packets processed: 19392
acl-fw packets processed: 19424
acl-fw packets processed: 19456
acl-fw packets processed: 19488
acl-fw packets processed: 19520
acl-fw packets processed: 19552
acl-fw packets processed: 19584
acl-fw packets processed: 19616
acl-fw packets processed: 19648
acl-fw packets processed: 19680
acl-fw packets processed: 19712
acl-fw packets processed: 19744
acl-fw packets processed: 19776
acl-fw packets processed: 19808
acl-fw packets processed: 19840
acl-fw packets processed: 19872
acl-fw packets processed: 19904
acl-fw packets processed: 19936
acl-fw packets processed: 19968
acl-fw packets processed: 20000
acl-fw packets processed: 20032
acl-fw packets processed: 20064
acl-fw packets processed: 20096
acl-fw packets processed: 20128
acl-fw packets processed: 20160
acl-fw packets processed: 20192
acl-fw packets processed: 20224
acl-fw packets processed: 20256
acl-fw packets processed: 20288
acl-fw packets processed: 20320
acl-fw packets processed: 20352
acl-fw packets processed: 20384
acl-fw packets processed: 20416
acl-fw packets processed: 20448
acl-fw packets processed: 20480
acl-fw packets processed: 20512
acl-fw packets processed: 20544
acl-fw packets processed: 20576
acl-fw packets processed: 20608
acl-fw packets processed: 20640
acl-fw packets processed: 20672
acl-fw packets processed: 20704
acl-fw packets processed: 20736
acl-fw packets processed: 20768
acl-fw packets processed: 20800
acl-fw packets processed: 20832
acl-fw packets processed: 20864
acl-fw packets processed: 20896
acl-fw packets processed: 20928
acl-fw packets processed: 20960
acl-fw packets processed: 20992
acl-fw packets processed: 21024
acl-fw packets processed: 21056
acl-fw packets processed: 21088
acl-fw packets processed: 21120
acl-fw packets processed: 21152
acl-fw packets processed: 21184
acl-fw packets processed: 21216
acl-fw packets processed: 21248
acl-fw packets processed: 21280
acl-fw packets processed: 21312
acl-fw packets processed: 21344
acl-fw packets processed: 21376
acl-fw packets processed: 21408
acl-fw packets processed: 21440
acl-fw packets processed: 21472
acl-fw packets processed: 21504
acl-fw packets processed: 21536
acl-fw packets processed: 21568
acl-fw packets processed: 21600
acl-fw packets processed: 21632
acl-fw packets processed: 21664
acl-fw packets processed: 21696
acl-fw packets processed: 21728
acl-fw packets processed: 21760
acl-fw packets processed: 21792
acl-fw packets processed: 21824
acl-fw packets processed: 21856
acl-fw packets processed: 21888
acl-fw packets processed: 21920
acl-fw packets processed: 21952
acl-fw packets processed: 21984
acl-fw packets processed: 22016
acl-fw packets processed: 22048
acl-fw packets processed: 22080
acl-fw packets processed: 22112
acl-fw packets processed: 22144
acl-fw packets processed: 22176
acl-fw packets processed: 22208
acl-fw packets processed: 22240
acl-fw packets processed: 22272
acl-fw packets processed: 22304
acl-fw packets processed: 22336
acl-fw packets processed: 22368
acl-fw packets processed: 22400
acl-fw packets processed: 22432
acl-fw packets processed: 22464
acl-fw packets processed: 22496
acl-fw packets processed: 22528
acl-fw packets processed: 22560
acl-fw packets processed: 22592
acl-fw packets processed: 22624
acl-fw packets processed: 22656
acl-fw packets processed: 22688
acl-fw packets processed: 22720
acl-fw packets processed: 22752
acl-fw packets processed: 22784
acl-fw packets processed: 22816
acl-fw packets processed: 22848
acl-fw packets processed: 22880
acl-fw packets processed: 22912
acl-fw packets processed: 22944
acl-fw packets processed: 22976
acl-fw packets processed: 23008
acl-fw packets processed: 23040
acl-fw packets processed: 23072
acl-fw packets processed: 23104
acl-fw packets processed: 23136
acl-fw packets processed: 23168
acl-fw packets processed: 23200
acl-fw packets processed: 23232
acl-fw packets processed: 23264
acl-fw packets processed: 23296
acl-fw packets processed: 23328
acl-fw packets processed: 23360
acl-fw packets processed: 23392
acl-fw packets processed: 23424
acl-fw packets processed: 23456
acl-fw packets processed: 23488
acl-fw packets processed: 23520
acl-fw packets processed: 23552
acl-fw packets processed: 23584
acl-fw packets processed: 23616
acl-fw packets processed: 23648
acl-fw packets processed: 23680
acl-fw packets processed: 23712
acl-fw packets processed: 23744
acl-fw packets processed: 23776
acl-fw packets processed: 23808
acl-fw packets processed: 23840
acl-fw packets processed: 23872
acl-fw packets processed: 23904
acl-fw packets processed: 23936
acl-fw packets processed: 23968
acl-fw packets processed: 24000
acl-fw packets processed: 24032
acl-fw packets processed: 24064
acl-fw packets processed: 24096
acl-fw packets processed: 24128
acl-fw packets processed: 24160
acl-fw packets processed: 24192
acl-fw packets processed: 24224
acl-fw packets processed: 24256
acl-fw packets processed: 24288
acl-fw packets processed: 24320
acl-fw packets processed: 24352
acl-fw packets processed: 24384
acl-fw packets processed: 24416
acl-fw packets processed: 24448
acl-fw packets processed: 24480
acl-fw packets processed: 24512
acl-fw packets processed: 24544
acl-fw packets processed: 24576
acl-fw packets processed: 24608
acl-fw packets processed: 24640
acl-fw packets processed: 24672
acl-fw packets processed: 24704
acl-fw packets processed: 24736
acl-fw packets processed: 24768
acl-fw packets processed: 24800
acl-fw packets processed: 24832
acl-fw packets processed: 24864
acl-fw packets processed: 24896
acl-fw packets processed: 24928
acl-fw packets processed: 24960
acl-fw packets processed: 24992
acl-fw packets processed: 25024
acl-fw packets processed: 25056
acl-fw packets processed: 25088
acl-fw packets processed: 25120
acl-fw packets processed: 25152
acl-fw packets processed: 25184
acl-fw packets processed: 25216
acl-fw packets processed: 25248
acl-fw packets processed: 25280
acl-fw packets processed: 25312
acl-fw packets processed: 25344
acl-fw packets processed: 25376
acl-fw packets processed: 25408
acl-fw packets processed: 25440
acl-fw packets processed: 25472
acl-fw packets processed: 25504
acl-fw packets processed: 25536
acl-fw packets processed: 25568
acl-fw packets processed: 25600
acl-fw packets processed: 25632
acl-fw packets processed: 25664
acl-fw packets processed: 25696
acl-fw packets processed: 25728
acl-fw packets processed: 25760
acl-fw packets processed: 25792
acl-fw packets processed: 25824
acl-fw packets processed: 25856
acl-fw packets processed: 25888
acl-fw packets processed: 25920
acl-fw packets processed: 25952
acl-fw packets processed: 25984
acl-fw packets processed: 26016
acl-fw packets processed: 26048
acl-fw packets processed: 26080
acl-fw packets processed: 26112
acl-fw packets processed: 26144
acl-fw packets processed: 26176
acl-fw packets processed: 26208
acl-fw packets processed: 26240
acl-fw packets processed: 26272
acl-fw packets processed: 26304
acl-fw packets processed: 26336
acl-fw packets processed: 26368
acl-fw packets processed: 26400
acl-fw packets processed: 26432
acl-fw packets processed: 26464
acl-fw packets processed: 26496
acl-fw packets processed: 26528
acl-fw packets processed: 26560
acl-fw packets processed: 26592
acl-fw packets processed: 26624
acl-fw packets processed: 26656
acl-fw packets processed: 26688
acl-fw packets processed: 26720
acl-fw packets processed: 26752
acl-fw packets processed: 26784
acl-fw packets processed: 26816
acl-fw packets processed: 26848
acl-fw packets processed: 26880
acl-fw packets processed: 26912
acl-fw packets processed: 26944
acl-fw packets processed: 26976
acl-fw packets processed: 27008
acl-fw packets processed: 27040
acl-fw packets processed: 27072
acl-fw packets processed: 27104
acl-fw packets processed: 27136
acl-fw packets processed: 27168
acl-fw packets processed: 27200
acl-fw packets processed: 27232
acl-fw packets processed: 27264
acl-fw packets processed: 27296
acl-fw packets processed: 27328
acl-fw packets processed: 27360
acl-fw packets processed: 27392
acl-fw packets processed: 27424
acl-fw packets processed: 27456
acl-fw packets processed: 27488
acl-fw packets processed: 27520
acl-fw packets processed: 27552
acl-fw packets processed: 27584
acl-fw packets processed: 27616
acl-fw packets processed: 27648
acl-fw packets processed: 27680
acl-fw packets processed: 27712
acl-fw packets processed: 27744
acl-fw packets processed: 27776
acl-fw packets processed: 27808
acl-fw packets processed: 27840
acl-fw packets processed: 27872
acl-fw packets processed: 27904
acl-fw packets processed: 27936
acl-fw packets processed: 27968
acl-fw packets processed: 28000
acl-fw packets processed: 28032
acl-fw packets processed: 28064
acl-fw packets processed: 28096
acl-fw packets processed: 28128
acl-fw packets processed: 28160
acl-fw packets processed: 28192
acl-fw packets processed: 28224
acl-fw packets processed: 28256
acl-fw packets processed: 28288
acl-fw packets processed: 28320
acl-fw packets processed: 28352
acl-fw packets processed: 28384
acl-fw packets processed: 28416
acl-fw packets processed: 28448
acl-fw packets processed: 28480
acl-fw packets processed: 28512
acl-fw packets processed: 28544
acl-fw packets processed: 28576
acl-fw packets processed: 28608
acl-fw packets processed: 28640
acl-fw packets processed: 28672
acl-fw packets processed: 28704
acl-fw packets processed: 28736
acl-fw packets processed: 28768
acl-fw packets processed: 28800
acl-fw packets processed: 28832
acl-fw packets processed: 28864
acl-fw packets processed: 28896
acl-fw packets processed: 28928
acl-fw packets processed: 28960
acl-fw packets processed: 28992
acl-fw packets processed: 29024
acl-fw packets processed: 29056
acl-fw packets processed: 29088
acl-fw packets processed: 29120
acl-fw packets processed: 29152
acl-fw packets processed: 29184
acl-fw packets processed: 29216
acl-fw packets processed: 29248
acl-fw packets processed: 29280
acl-fw packets processed: 29312
acl-fw packets processed: 29344
acl-fw packets processed: 29376
acl-fw packets processed: 29408
acl-fw packets processed: 29440
acl-fw packets processed: 29472
acl-fw packets processed: 29504
acl-fw packets processed: 29536
acl-fw packets processed: 29568
acl-fw packets processed: 29600
acl-fw packets processed: 29632
acl-fw packets processed: 29664
acl-fw packets processed: 29696
acl-fw packets processed: 29728
acl-fw packets processed: 29760
acl-fw packets processed: 29792
acl-fw packets processed: 29824
acl-fw packets processed: 29856
acl-fw packets processed: 29888
acl-fw packets processed: 29920
acl-fw packets processed: 29952
acl-fw packets processed: 29984
acl-fw packets processed: 30016
acl-fw packets processed: 30048
acl-fw packets processed: 30080
acl-fw packets processed: 30112
acl-fw packets processed: 30144
acl-fw packets processed: 30176
acl-fw packets processed: 30208
acl-fw packets processed: 30240
acl-fw packets processed: 30272
acl-fw packets processed: 30304
acl-fw packets processed: 30336
acl-fw packets processed: 30368
acl-fw packets processed: 30400
acl-fw packets processed: 30432
acl-fw packets processed: 30464
acl-fw packets processed: 30496
acl-fw packets processed: 30528
acl-fw packets processed: 30560
acl-fw packets processed: 30592
acl-fw packets processed: 30624
acl-fw packets processed: 30656
acl-fw packets processed: 30688
acl-fw packets processed: 30720
acl-fw packets processed: 30752
acl-fw packets processed: 30784
acl-fw packets processed: 30816
acl-fw packets processed: 30848
acl-fw packets processed: 30880
acl-fw packets processed: 30912
acl-fw packets processed: 30944
acl-fw packets processed: 30976
acl-fw packets processed: 31008
acl-fw packets processed: 31040
acl-fw packets processed: 31072
acl-fw packets processed: 31104
acl-fw packets processed: 31136
acl-fw packets processed: 31168
acl-fw packets processed: 31200
acl-fw packets processed: 31232
acl-fw packets processed: 31264
acl-fw packets processed: 31296
acl-fw packets processed: 31328
acl-fw packets processed: 31360
acl-fw packets processed: 31392
acl-fw packets processed: 31424
acl-fw packets processed: 31456
acl-fw packets processed: 31488
acl-fw packets processed: 31520
acl-fw packets processed: 31552
acl-fw packets processed: 31584
acl-fw packets processed: 31616
acl-fw packets processed: 31648
acl-fw packets processed: 31680
acl-fw packets processed: 31712
acl-fw packets processed: 31744
acl-fw packets processed: 31776
acl-fw packets processed: 31808
acl-fw packets processed: 31840
acl-fw packets processed: 31872
acl-fw packets processed: 31904
acl-fw packets processed: 31936
acl-fw packets processed: 31968
acl-fw packets processed: 32000
acl-fw packets processed: 32032
acl-fw packets processed: 32064
acl-fw packets processed: 32096
acl-fw packets processed: 32128
acl-fw packets processed: 32160
acl-fw packets processed: 32192
acl-fw packets processed: 32224
acl-fw packets processed: 32256
acl-fw packets processed: 32288
acl-fw packets processed: 32320
acl-fw packets processed: 32352
acl-fw packets processed: 32384
acl-fw packets processed: 32416
acl-fw packets processed: 32448
acl-fw packets processed: 32480
acl-fw packets processed: 32512
acl-fw packets processed: 32544
acl-fw packets processed: 32576
acl-fw packets processed: 32608
acl-fw packets processed: 32640
acl-fw packets processed: 32672
acl-fw packets processed: 32704
acl-fw packets processed: 32736
acl-fw packets processed: 32768
acl-fw packets processed: 32800
acl-fw packets processed: 32832
acl-fw packets processed: 32864
acl-fw packets processed: 32896
acl-fw packets processed: 32928
acl-fw packets processed: 32960
acl-fw packets processed: 32992
acl-fw packets processed: 33024
acl-fw packets processed: 33056
acl-fw packets processed: 33088
acl-fw packets processed: 33120
acl-fw packets processed: 33152
acl-fw packets processed: 33184
acl-fw packets processed: 33216
acl-fw packets processed: 33248
acl-fw packets processed: 33280
acl-fw packets processed: 33312
acl-fw packets processed: 33344
acl-fw packets processed: 33376
acl-fw packets processed: 33408
acl-fw packets processed: 33440
acl-fw packets processed: 33472
acl-fw packets processed: 33504
acl-fw packets processed: 33536
acl-fw packets processed: 33568
acl-fw packets processed: 33600
acl-fw packets processed: 33632
acl-fw packets processed: 33664
acl-fw packets processed: 33696
acl-fw packets processed: 33728
acl-fw packets processed: 33760
acl-fw packets processed: 33792
acl-fw packets processed: 33824
acl-fw packets processed: 33856
acl-fw packets processed: 33888
acl-fw packets processed: 33920
acl-fw packets processed: 33952
acl-fw packets processed: 33984
acl-fw packets processed: 34016
acl-fw packets processed: 34048
acl-fw packets processed: 34080
acl-fw packets processed: 34112
acl-fw packets processed: 34144
acl-fw packets processed: 34176
acl-fw packets processed: 34208
acl-fw packets processed: 34240
acl-fw packets processed: 34272
acl-fw packets processed: 34304
acl-fw packets processed: 34336
acl-fw packets processed: 34368
acl-fw packets processed: 34400
acl-fw packets processed: 34432
acl-fw packets processed: 34464
acl-fw packets processed: 34496
acl-fw packets processed: 34528
acl-fw packets processed: 34560
acl-fw packets processed: 34592
acl-fw packets processed: 34624
acl-fw packets processed: 34656
acl-fw packets processed: 34688
acl-fw packets processed: 34720
acl-fw packets processed: 34752
acl-fw packets processed: 34784
acl-fw packets processed: 34816
acl-fw packets processed: 34848
acl-fw packets processed: 34880
acl-fw packets processed: 34912
acl-fw packets processed: 34944
acl-fw packets processed: 34976
acl-fw packets processed: 35008
acl-fw packets processed: 35040
acl-fw packets processed: 35072
acl-fw packets processed: 35104
acl-fw packets processed: 35136
acl-fw packets processed: 35168
acl-fw packets processed: 35200
acl-fw packets processed: 35232
acl-fw packets processed: 35264
acl-fw packets processed: 35296
acl-fw packets processed: 35328
acl-fw packets processed: 35360
acl-fw packets processed: 35392
acl-fw packets processed: 35424
acl-fw packets processed: 35456
acl-fw packets processed: 35488
acl-fw packets processed: 35520
acl-fw packets processed: 35552
acl-fw packets processed: 35584
acl-fw packets processed: 35616
acl-fw packets processed: 35648
acl-fw packets processed: 35680
acl-fw packets processed: 35712
acl-fw packets processed: 35744
acl-fw packets processed: 35776
acl-fw packets processed: 35808
acl-fw packets processed: 35840
acl-fw packets processed: 35872
acl-fw packets processed: 35904
acl-fw packets processed: 35936
acl-fw packets processed: 35968
acl-fw packets processed: 36000
acl-fw packets processed: 36032
acl-fw packets processed: 36064
acl-fw packets processed: 36096
acl-fw packets processed: 36128
acl-fw packets processed: 36160
acl-fw packets processed: 36192
acl-fw packets processed: 36224
acl-fw packets processed: 36256
acl-fw packets processed: 36288
acl-fw packets processed: 36320
acl-fw packets processed: 36352
acl-fw packets processed: 36384
acl-fw packets processed: 36416
acl-fw packets processed: 36448
acl-fw packets processed: 36480
acl-fw packets processed: 36512
acl-fw packets processed: 36544
acl-fw packets processed: 36576
acl-fw packets processed: 36608
acl-fw packets processed: 36640
acl-fw packets processed: 36672
acl-fw packets processed: 36704
acl-fw packets processed: 36736
acl-fw packets processed: 36768
acl-fw packets processed: 36800
acl-fw packets processed: 36832
acl-fw packets processed: 36864
acl-fw packets processed: 36896
acl-fw packets processed: 36928
acl-fw packets processed: 36960
acl-fw packets processed: 36992
acl-fw packets processed: 37024
acl-fw packets processed: 37056
acl-fw packets processed: 37088
acl-fw packets processed: 37120
acl-fw packets processed: 37152
acl-fw packets processed: 37184
acl-fw packets processed: 37216
acl-fw packets processed: 37248
acl-fw packets processed: 37280
acl-fw packets processed: 37312
acl-fw packets processed: 37344
acl-fw packets processed: 37376
acl-fw packets processed: 37408
acl-fw packets processed: 37440
acl-fw packets processed: 37472
acl-fw packets processed: 37504
acl-fw packets processed: 37536
acl-fw packets processed: 37568
acl-fw packets processed: 37600
acl-fw packets processed: 37632
acl-fw packets processed: 37664
acl-fw packets processed: 37696
acl-fw packets processed: 37728
acl-fw packets processed: 37760
acl-fw packets processed: 37792
acl-fw packets processed: 37824
acl-fw packets processed: 37856
acl-fw packets processed: 37888
acl-fw packets processed: 37920
acl-fw packets processed: 37952
acl-fw packets processed: 37984
acl-fw packets processed: 38016
acl-fw packets processed: 38048
acl-fw packets processed: 38080
acl-fw packets processed: 38112
acl-fw packets processed: 38144
acl-fw packets processed: 38176
acl-fw packets processed: 38208
acl-fw packets processed: 38240
acl-fw packets processed: 38272
acl-fw packets processed: 38304
acl-fw packets processed: 38336
acl-fw packets processed: 38368
acl-fw packets processed: 38400
acl-fw packets processed: 38432
acl-fw packets processed: 38464
acl-fw packets processed: 38496
acl-fw packets processed: 38528
acl-fw packets processed: 38560
acl-fw packets processed: 38592
acl-fw packets processed: 38624
acl-fw packets processed: 38656
acl-fw packets processed: 38688
acl-fw packets processed: 38720
acl-fw packets processed: 38752
acl-fw packets processed: 38784
acl-fw packets processed: 38816
acl-fw packets processed: 38848
acl-fw packets processed: 38880
acl-fw packets processed: 38912
acl-fw packets processed: 38944
acl-fw packets processed: 38976
acl-fw packets processed: 39008
acl-fw packets processed: 39040
acl-fw packets processed: 39072
acl-fw packets processed: 39104
acl-fw packets processed: 39136
acl-fw packets processed: 39168
acl-fw packets processed: 39200
acl-fw packets processed: 39232
acl-fw packets processed: 39264
acl-fw packets processed: 39296
acl-fw packets processed: 39328
acl-fw packets processed: 39360
acl-fw packets processed: 39392
acl-fw packets processed: 39424
acl-fw packets processed: 39456
acl-fw packets processed: 39488
acl-fw packets processed: 39520
acl-fw packets processed: 39552
acl-fw packets processed: 39584
acl-fw packets processed: 39616
acl-fw packets processed: 39648
acl-fw packets processed: 39680
acl-fw packets processed: 39712
acl-fw packets processed: 39744
acl-fw packets processed: 39776
acl-fw packets processed: 39808
acl-fw packets processed: 39840
acl-fw packets processed: 39872
acl-fw packets processed: 39904
acl-fw packets processed: 39936
acl-fw packets processed: 39968
acl-fw packets processed: 40000
acl-fw packets processed: 40032
acl-fw packets processed: 40064
acl-fw packets processed: 40096
acl-fw packets processed: 40128
acl-fw packets processed: 40160
acl-fw packets processed: 40192
acl-fw packets processed: 40224
acl-fw packets processed: 40256
acl-fw packets processed: 40288
acl-fw packets processed: 40320
acl-fw packets processed: 40352
acl-fw packets processed: 40384
acl-fw packets processed: 40416
acl-fw packets processed: 40448
acl-fw packets processed: 40480
acl-fw packets processed: 40512
acl-fw packets processed: 40544
acl-fw packets processed: 40576
acl-fw packets processed: 40608
acl-fw packets processed: 40640
acl-fw packets processed: 40672
acl-fw packets processed: 40704
acl-fw packets processed: 40736
acl-fw packets processed: 40768
acl-fw packets processed: 40800
acl-fw packets processed: 40832
acl-fw packets processed: 40864
acl-fw packets processed: 40896
acl-fw packets processed: 40928
acl-fw packets processed: 40960
acl-fw packets processed: 40992
acl-fw packets processed: 41024
acl-fw packets processed: 41056
acl-fw packets processed: 41088
acl-fw packets processed: 41120
acl-fw packets processed: 41152
acl-fw packets processed: 41184
acl-fw packets processed: 41216
acl-fw packets processed: 41248
acl-fw packets processed: 41280
acl-fw packets processed: 41312
acl-fw packets processed: 41344
acl-fw packets processed: 41376
acl-fw packets processed: 41408
acl-fw packets processed: 41440
acl-fw packets processed: 41472
acl-fw packets processed: 41504
acl-fw packets processed: 41536
acl-fw packets processed: 41568
acl-fw packets processed: 41600
acl-fw packets processed: 41632
acl-fw packets processed: 41664
acl-fw packets processed: 41696
acl-fw packets processed: 41728
acl-fw packets processed: 41760
acl-fw packets processed: 41792
acl-fw packets processed: 41824
acl-fw packets processed: 41856
acl-fw packets processed: 41888
acl-fw packets processed: 41920
acl-fw packets processed: 41952
acl-fw packets processed: 41984
acl-fw packets processed: 42016
acl-fw packets processed: 42048
acl-fw packets processed: 42080
acl-fw packets processed: 42112
acl-fw packets processed: 42144
acl-fw packets processed: 42176
acl-fw packets processed: 42208
acl-fw packets processed: 42240
acl-fw packets processed: 42272
acl-fw packets processed: 42304
acl-fw packets processed: 42336
acl-fw packets processed: 42368
acl-fw packets processed: 42400
acl-fw packets processed: 42432
acl-fw packets processed: 42464
acl-fw packets processed: 42496
acl-fw packets processed: 42528
acl-fw packets processed: 42560
acl-fw packets processed: 42592
acl-fw packets processed: 42624
acl-fw packets processed: 42656
acl-fw packets processed: 42688
acl-fw packets processed: 42720
acl-fw packets processed: 42752
acl-fw packets processed: 42784
acl-fw packets processed: 42816
acl-fw packets processed: 42848
acl-fw packets processed: 42880
acl-fw packets processed: 42912
acl-fw packets processed: 42944
acl-fw packets processed: 42976
acl-fw packets processed: 43008
acl-fw packets processed: 43040
acl-fw packets processed: 43072
acl-fw packets processed: 43104
acl-fw packets processed: 43136
acl-fw packets processed: 43168
acl-fw packets processed: 43200
acl-fw packets processed: 43232
acl-fw packets processed: 43264
acl-fw packets processed: 43296
acl-fw packets processed: 43328
acl-fw packets processed: 43360
acl-fw packets processed: 43392
acl-fw packets processed: 43424
acl-fw packets processed: 43456
acl-fw packets processed: 43488
acl-fw packets processed: 43520
acl-fw packets processed: 43552
acl-fw packets processed: 43584
acl-fw packets processed: 43616
acl-fw packets processed: 43648
acl-fw packets processed: 43680
acl-fw packets processed: 43712
acl-fw packets processed: 43744
acl-fw packets processed: 43776
acl-fw packets processed: 43808
acl-fw packets processed: 43840
acl-fw packets processed: 43872
acl-fw packets processed: 43904
acl-fw packets processed: 43936
acl-fw packets processed: 43968
acl-fw packets processed: 44000
acl-fw packets processed: 44032
acl-fw packets processed: 44064
acl-fw packets processed: 44096
acl-fw packets processed: 44128
acl-fw packets processed: 44160
acl-fw packets processed: 44192
acl-fw packets processed: 44224
acl-fw packets processed: 44256
acl-fw packets processed: 44288
acl-fw packets processed: 44320
acl-fw packets processed: 44352
acl-fw packets processed: 44384
acl-fw packets processed: 44416
acl-fw packets processed: 44448
acl-fw packets processed: 44480
acl-fw packets processed: 44512
acl-fw packets processed: 44544
acl-fw packets processed: 44576
acl-fw packets processed: 44608
acl-fw packets processed: 44640
acl-fw packets processed: 44672
acl-fw packets processed: 44704
acl-fw packets processed: 44736
acl-fw packets processed: 44768
acl-fw packets processed: 44800
acl-fw packets processed: 44832
acl-fw packets processed: 44864
acl-fw packets processed: 44896
acl-fw packets processed: 44928
acl-fw packets processed: 44960
acl-fw packets processed: 44992
acl-fw packets processed: 45024
acl-fw packets processed: 45056
acl-fw packets processed: 45088
acl-fw packets processed: 45120
acl-fw packets processed: 45152
acl-fw packets processed: 45184
acl-fw packets processed: 45216
acl-fw packets processed: 45248
acl-fw packets processed: 45280
acl-fw packets processed: 45312
acl-fw packets processed: 45344
acl-fw packets processed: 45376
acl-fw packets processed: 45408
acl-fw packets processed: 45440
acl-fw packets processed: 45472
acl-fw packets processed: 45504
acl-fw packets processed: 45536
acl-fw packets processed: 45568
acl-fw packets processed: 45600
acl-fw packets processed: 45632
acl-fw packets processed: 45664
acl-fw packets processed: 45696
acl-fw packets processed: 45728
acl-fw packets processed: 45760
acl-fw packets processed: 45792
acl-fw packets processed: 45824
acl-fw packets processed: 45856
acl-fw packets processed: 45888
acl-fw packets processed: 45920
acl-fw packets processed: 45952
acl-fw packets processed: 45984
acl-fw packets processed: 46016
acl-fw packets processed: 46048
acl-fw packets processed: 46080
acl-fw packets processed: 46112
acl-fw packets processed: 46144
acl-fw packets processed: 46176
acl-fw packets processed: 46208
acl-fw packets processed: 46240
acl-fw packets processed: 46272
acl-fw packets processed: 46304
acl-fw packets processed: 46336
acl-fw packets processed: 46368
acl-fw packets processed: 46400
acl-fw packets processed: 46432
acl-fw packets processed: 46464
acl-fw packets processed: 46496
acl-fw packets processed: 46528
acl-fw packets processed: 46560
acl-fw packets processed: 46592
acl-fw packets processed: 46624
acl-fw packets processed: 46656
acl-fw packets processed: 46688
acl-fw packets processed: 46720
acl-fw packets processed: 46752
acl-fw packets processed: 46784
acl-fw packets processed: 46816
acl-fw packets processed: 46848
acl-fw packets processed: 46880
acl-fw packets processed: 46912
acl-fw packets processed: 46944
acl-fw packets processed: 46976
acl-fw packets processed: 47008
acl-fw packets processed: 47040
acl-fw packets processed: 47072
acl-fw packets processed: 47104
acl-fw packets processed: 47136
acl-fw packets processed: 47168
acl-fw packets processed: 47200
acl-fw packets processed: 47232
acl-fw packets processed: 47264
acl-fw packets processed: 47296
acl-fw packets processed: 47328
acl-fw packets processed: 47360
acl-fw packets processed: 47392
acl-fw packets processed: 47424
acl-fw packets processed: 47456
acl-fw packets processed: 47488
acl-fw packets processed: 47520
acl-fw packets processed: 47552
acl-fw packets processed: 47584
acl-fw packets processed: 47616
acl-fw packets processed: 47648
acl-fw packets processed: 47680
acl-fw packets processed: 47712
acl-fw packets processed: 47744
acl-fw packets processed: 47776
acl-fw packets processed: 47808
acl-fw packets processed: 47840
acl-fw packets processed: 47872
acl-fw packets processed: 47904
acl-fw packets processed: 47936
acl-fw packets processed: 47968
acl-fw packets processed: 48000
acl-fw packets processed: 48032
acl-fw packets processed: 48064
acl-fw packets processed: 48096
acl-fw packets processed: 48128
acl-fw packets processed: 48160
acl-fw packets processed: 48192
acl-fw packets processed: 48224
acl-fw packets processed: 48256
acl-fw packets processed: 48288
acl-fw packets processed: 48320
acl-fw packets processed: 48352
acl-fw packets processed: 48384
acl-fw packets processed: 48416
acl-fw packets processed: 48448
acl-fw packets processed: 48480
acl-fw packets processed: 48512
acl-fw packets processed: 48544
acl-fw packets processed: 48576
acl-fw packets processed: 48608
acl-fw packets processed: 48640
acl-fw packets processed: 48672
acl-fw packets processed: 48704
acl-fw packets processed: 48736
acl-fw packets processed: 48768
acl-fw packets processed: 48800
acl-fw packets processed: 48832
acl-fw packets processed: 48864
acl-fw packets processed: 48896
acl-fw packets processed: 48928
acl-fw packets processed: 48960
acl-fw packets processed: 48992
acl-fw packets processed: 49024
acl-fw packets processed: 49056
acl-fw packets processed: 49088
acl-fw packets processed: 49120
acl-fw packets processed: 49152
acl-fw packets processed: 49184
acl-fw packets processed: 49216
acl-fw packets processed: 49248
acl-fw packets processed: 49280
acl-fw packets processed: 49312
acl-fw packets processed: 49344
acl-fw packets processed: 49376
acl-fw packets processed: 49408
acl-fw packets processed: 49440
acl-fw packets processed: 49472
acl-fw packets processed: 49504
acl-fw packets processed: 49536
acl-fw packets processed: 49568
acl-fw packets processed: 49600
acl-fw packets processed: 49632
acl-fw packets processed: 49664
acl-fw packets processed: 49696
acl-fw packets processed: 49728
acl-fw packets processed: 49760
acl-fw packets processed: 49792
acl-fw packets processed: 49824
acl-fw packets processed: 49856
acl-fw packets processed: 49888
acl-fw packets processed: 49920
acl-fw packets processed: 49952
acl-fw packets processed: 49984
acl-fw packets processed: 50016
acl-fw packets processed: 50048
acl-fw packets processed: 50080
acl-fw packets processed: 50112
acl-fw packets processed: 50144
acl-fw packets processed: 50176
acl-fw packets processed: 50208
acl-fw packets processed: 50240
acl-fw packets processed: 50272
acl-fw packets processed: 50304
acl-fw packets processed: 50336
acl-fw packets processed: 50368
acl-fw packets processed: 50400
acl-fw packets processed: 50432
acl-fw packets processed: 50464
acl-fw packets processed: 50496
acl-fw packets processed: 50528
acl-fw packets processed: 50560
acl-fw packets processed: 50592
acl-fw packets processed: 50624
acl-fw packets processed: 50656
acl-fw packets processed: 50688
acl-fw packets processed: 50720
acl-fw packets processed: 50752
acl-fw packets processed: 50784
acl-fw packets processed: 50816
acl-fw packets processed: 50848
acl-fw packets processed: 50880
acl-fw packets processed: 50912
acl-fw packets processed: 50944
acl-fw packets processed: 50976
acl-fw packets processed: 51008
acl-fw packets processed: 51040
acl-fw packets processed: 51072
acl-fw packets processed: 51104
acl-fw packets processed: 51136
acl-fw packets processed: 51168
acl-fw packets processed: 51200
acl-fw packets processed: 51232
acl-fw packets processed: 51264
acl-fw packets processed: 51296
acl-fw packets processed: 51328
acl-fw packets processed: 51360
acl-fw packets processed: 51392
acl-fw packets processed: 51424
acl-fw packets processed: 51456
acl-fw packets processed: 51488
acl-fw packets processed: 51520
acl-fw packets processed: 51552
acl-fw packets processed: 51584
acl-fw packets processed: 51616
acl-fw packets processed: 51648
acl-fw packets processed: 51680
acl-fw packets processed: 51712
acl-fw packets processed: 51744
acl-fw packets processed: 51776
acl-fw packets processed: 51808
acl-fw packets processed: 51840
acl-fw packets processed: 51872
acl-fw packets processed: 51904
acl-fw packets processed: 51936
acl-fw packets processed: 51968
acl-fw packets processed: 52000
acl-fw packets processed: 52032
acl-fw packets processed: 52064
acl-fw packets processed: 52096
acl-fw packets processed: 52128
acl-fw packets processed: 52160
acl-fw packets processed: 52192
acl-fw packets processed: 52224
acl-fw packets processed: 52256
acl-fw packets processed: 52288
acl-fw packets processed: 52320
acl-fw packets processed: 52352
acl-fw packets processed: 52384
acl-fw packets processed: 52416
acl-fw packets processed: 52448
acl-fw packets processed: 52480
acl-fw packets processed: 52512
acl-fw packets processed: 52544
acl-fw packets processed: 52576
acl-fw packets processed: 52608
acl-fw packets processed: 52640
acl-fw packets processed: 52672
acl-fw packets processed: 52704
acl-fw packets processed: 52736
acl-fw packets processed: 52768
acl-fw packets processed: 52800
acl-fw packets processed: 52832
acl-fw packets processed: 52864
acl-fw packets processed: 52896
acl-fw packets processed: 52928
acl-fw packets processed: 52960
acl-fw packets processed: 52992
acl-fw packets processed: 53024
acl-fw packets processed: 53056
acl-fw packets processed: 53088
acl-fw packets processed: 53120
acl-fw packets processed: 53152
acl-fw packets processed: 53184
acl-fw packets processed: 53216
acl-fw packets processed: 53248
acl-fw packets processed: 53280
acl-fw packets processed: 53312
acl-fw packets processed: 53344
acl-fw packets processed: 53376
acl-fw packets processed: 53408
acl-fw packets processed: 53440
acl-fw packets processed: 53472
acl-fw packets processed: 53504
acl-fw packets processed: 53536
acl-fw packets processed: 53568
acl-fw packets processed: 53600
acl-fw packets processed: 53632
acl-fw packets processed: 53664
acl-fw packets processed: 53696
acl-fw packets processed: 53728
acl-fw packets processed: 53760
acl-fw packets processed: 53792
acl-fw packets processed: 53824
acl-fw packets processed: 53856
acl-fw packets processed: 53888
acl-fw packets processed: 53920
acl-fw packets processed: 53952
acl-fw packets processed: 53984
acl-fw packets processed: 54016
acl-fw packets processed: 54048
acl-fw packets processed: 54080
acl-fw packets processed: 54112
acl-fw packets processed: 54144
acl-fw packets processed: 54176
acl-fw packets processed: 54208
acl-fw packets processed: 54240
acl-fw packets processed: 54272
acl-fw packets processed: 54304
acl-fw packets processed: 54336
acl-fw packets processed: 54368
acl-fw packets processed: 54400
acl-fw packets processed: 54432
acl-fw packets processed: 54464
acl-fw packets processed: 54496
acl-fw packets processed: 54528
acl-fw packets processed: 54560
acl-fw packets processed: 54592
acl-fw packets processed: 54624
acl-fw packets processed: 54656
acl-fw packets processed: 54688
acl-fw packets processed: 54720
acl-fw packets processed: 54752
acl-fw packets processed: 54784
acl-fw packets processed: 54816
acl-fw packets processed: 54848
acl-fw packets processed: 54880
acl-fw packets processed: 54912
acl-fw packets processed: 54944
acl-fw packets processed: 54976
acl-fw packets processed: 55008
acl-fw packets processed: 55040
acl-fw packets processed: 55072
acl-fw packets processed: 55104
acl-fw packets processed: 55136
acl-fw packets processed: 55168
acl-fw packets processed: 55200
acl-fw packets processed: 55232
acl-fw packets processed: 55264
acl-fw packets processed: 55296
acl-fw packets processed: 55328
acl-fw packets processed: 55360
acl-fw packets processed: 55392
acl-fw packets processed: 55424
acl-fw packets processed: 55456
acl-fw packets processed: 55488
acl-fw packets processed: 55520
acl-fw packets processed: 55552
acl-fw packets processed: 55584
acl-fw packets processed: 55616
acl-fw packets processed: 55648
acl-fw packets processed: 55680
acl-fw packets processed: 55712
acl-fw packets processed: 55744
acl-fw packets processed: 55776
acl-fw packets processed: 55808
acl-fw packets processed: 55840
acl-fw packets processed: 55872
acl-fw packets processed: 55904
acl-fw packets processed: 55936
acl-fw packets processed: 55968
acl-fw packets processed: 56000
acl-fw packets processed: 56032
acl-fw packets processed: 56064
acl-fw packets processed: 56096
acl-fw packets processed: 56128
acl-fw packets processed: 56160
acl-fw packets processed: 56192
acl-fw packets processed: 56224
acl-fw packets processed: 56256
acl-fw packets processed: 56288
acl-fw packets processed: 56320
acl-fw packets processed: 56352
acl-fw packets processed: 56384
acl-fw packets processed: 56416
acl-fw packets processed: 56448
acl-fw packets processed: 56480
acl-fw packets processed: 56512
acl-fw packets processed: 56544
acl-fw packets processed: 56576
acl-fw packets processed: 56608
acl-fw packets processed: 56640
acl-fw packets processed: 56672
acl-fw packets processed: 56704
acl-fw packets processed: 56736
acl-fw packets processed: 56768
acl-fw packets processed: 56800
acl-fw packets processed: 56832
acl-fw packets processed: 56864
acl-fw packets processed: 56896
acl-fw packets processed: 56928
acl-fw packets processed: 56960
acl-fw packets processed: 56992
acl-fw packets processed: 57024
acl-fw packets processed: 57056
acl-fw packets processed: 57088
acl-fw packets processed: 57120
acl-fw packets processed: 57152
acl-fw packets processed: 57184
acl-fw packets processed: 57216
acl-fw packets processed: 57248
acl-fw packets processed: 57280
acl-fw packets processed: 57312
acl-fw packets processed: 57344
acl-fw packets processed: 57376
acl-fw packets processed: 57408
acl-fw packets processed: 57440
acl-fw packets processed: 57472
acl-fw packets processed: 57504
acl-fw packets processed: 57536
acl-fw packets processed: 57568
acl-fw packets processed: 57600
acl-fw packets processed: 57632
acl-fw packets processed: 57664
acl-fw packets processed: 57696
acl-fw packets processed: 57728
acl-fw packets processed: 57760
acl-fw packets processed: 57792
acl-fw packets processed: 57824
acl-fw packets processed: 57856
acl-fw packets processed: 57888
acl-fw packets processed: 57920
acl-fw packets processed: 57952
acl-fw packets processed: 57984
acl-fw packets processed: 58016
acl-fw packets processed: 58048
acl-fw packets processed: 58080
acl-fw packets processed: 58112
acl-fw packets processed: 58144
acl-fw packets processed: 58176
acl-fw packets processed: 58208
acl-fw packets processed: 58240
acl-fw packets processed: 58272
acl-fw packets processed: 58304
acl-fw packets processed: 58336
acl-fw packets processed: 58368
acl-fw packets processed: 58400
acl-fw packets processed: 58432
acl-fw packets processed: 58464
acl-fw packets processed: 58496
acl-fw packets processed: 58528
acl-fw packets processed: 58560
acl-fw packets processed: 58592
acl-fw packets processed: 58624
acl-fw packets processed: 58656
acl-fw packets processed: 58688
acl-fw packets processed: 58720
acl-fw packets processed: 58752
acl-fw packets processed: 58784
acl-fw packets processed: 58816
acl-fw packets processed: 58848
acl-fw packets processed: 58880
acl-fw packets processed: 58912
acl-fw packets processed: 58944
acl-fw packets processed: 58976
acl-fw packets processed: 59008
acl-fw packets processed: 59040
acl-fw packets processed: 59072
acl-fw packets processed: 59104
acl-fw packets processed: 59136
acl-fw packets processed: 59168
acl-fw packets processed: 59200
acl-fw packets processed: 59232
acl-fw packets processed: 59264
acl-fw packets processed: 59296
acl-fw packets processed: 59328
acl-fw packets processed: 59360
acl-fw packets processed: 59392
acl-fw packets processed: 59424
acl-fw packets processed: 59456
acl-fw packets processed: 59488
acl-fw packets processed: 59520
acl-fw packets processed: 59552
acl-fw packets processed: 59584
acl-fw packets processed: 59616
acl-fw packets processed: 59648
acl-fw packets processed: 59680
acl-fw packets processed: 59712
acl-fw packets processed: 59744
acl-fw packets processed: 59776
acl-fw packets processed: 59808
acl-fw packets processed: 59840
acl-fw packets processed: 59872
acl-fw packets processed: 59904
acl-fw packets processed: 59936
acl-fw packets processed: 59968
acl-fw packets processed: 60000
acl-fw packets processed: 60032
acl-fw packets processed: 60064
acl-fw packets processed: 60096
acl-fw packets processed: 60128
acl-fw packets processed: 60160
acl-fw packets processed: 60192
acl-fw packets processed: 60224
acl-fw packets processed: 60256
acl-fw packets processed: 60288
acl-fw packets processed: 60320
acl-fw packets processed: 60352
acl-fw packets processed: 60384
acl-fw packets processed: 60416
acl-fw packets processed: 60448
acl-fw packets processed: 60480
acl-fw packets processed: 60512
acl-fw packets processed: 60544
acl-fw packets processed: 60576
acl-fw packets processed: 60608
acl-fw packets processed: 60640
acl-fw packets processed: 60672
acl-fw packets processed: 60704
acl-fw packets processed: 60736
acl-fw packets processed: 60768
acl-fw packets processed: 60800
acl-fw packets processed: 60832
acl-fw packets processed: 60864
acl-fw packets processed: 60896
acl-fw packets processed: 60928
acl-fw packets processed: 60960
acl-fw packets processed: 60992
acl-fw packets processed: 61024
acl-fw packets processed: 61056
acl-fw packets processed: 61088
acl-fw packets processed: 61120
acl-fw packets processed: 61152
acl-fw packets processed: 61184
acl-fw packets processed: 61216
acl-fw packets processed: 61248
acl-fw packets processed: 61280
acl-fw packets processed: 61312
acl-fw packets processed: 61344
acl-fw packets processed: 61376
acl-fw packets processed: 61408
acl-fw packets processed: 61440
acl-fw packets processed: 61472
acl-fw packets processed: 61504
acl-fw packets processed: 61536
acl-fw packets processed: 61568
acl-fw packets processed: 61600
acl-fw packets processed: 61632
acl-fw packets processed: 61664
acl-fw packets processed: 61696
acl-fw packets processed: 61728
acl-fw packets processed: 61760
acl-fw packets processed: 61792
acl-fw packets processed: 61824
acl-fw packets processed: 61856
acl-fw packets processed: 61888
acl-fw packets processed: 61920
acl-fw packets processed: 61952
acl-fw packets processed: 61984
acl-fw packets processed: 62016
acl-fw packets processed: 62048
acl-fw packets processed: 62080
acl-fw packets processed: 62112
acl-fw packets processed: 62144
acl-fw packets processed: 62176
acl-fw packets processed: 62208
acl-fw packets processed: 62240
acl-fw packets processed: 62272
acl-fw packets processed: 62304
acl-fw packets processed: 62336
acl-fw packets processed: 62368
acl-fw packets processed: 62400
acl-fw packets processed: 62432
acl-fw packets processed: 62464
acl-fw packets processed: 62496
acl-fw packets processed: 62528
acl-fw packets processed: 62560
acl-fw packets processed: 62592
acl-fw packets processed: 62624
acl-fw packets processed: 62656
acl-fw packets processed: 62688
acl-fw packets processed: 62720
acl-fw packets processed: 62752
acl-fw packets processed: 62784
acl-fw packets processed: 62816
acl-fw packets processed: 62848
acl-fw packets processed: 62880
acl-fw packets processed: 62912
acl-fw packets processed: 62944
acl-fw packets processed: 62976
acl-fw packets processed: 63008
a thread in cpu0 reached the max instruction count @ 529609518936
Switched CPUS @ tick 529609518936
Changing memory mode to timing
switching cpus
**** REAL SIMULATION ****
info: Entering event queue @ 529609518936.  Starting simulation...
acl-fw packets processed: 63040
acl-fw packets processed: 63072
acl-fw packets processed: 63104
acl-fw packets processed: 63136
acl-fw packets processed: 63168
acl-fw packets processed: 63200
acl-fw packets processed: 63232
acl-fw packets processed: 63264
acl-fw packets processed: 63296
acl-fw packets processed: 63328
acl-fw packets processed: 63360
acl-fw packets processed: 63392
acl-fw packets processed: 63424
acl-fw packets processed: 63456
acl-fw packets processed: 63488
acl-fw packets processed: 63520
acl-fw packets processed: 63552
acl-fw packets processed: 63584
acl-fw packets processed: 63616
acl-fw packets processed: 63648
acl-fw packets processed: 63680
acl-fw packets processed: 63712
acl-fw packets processed: 63744
acl-fw packets processed: 63776
acl-fw packets processed: 63808
Exiting @ tick 533149991967 because a thread in cpu0 reached the max instruction count
