gem5 Simulator System.  http://gem5.org
gem5 is copyrighted software; use the --copyright option for details.

gem5 compiled Jan 31 2020 21:25:07
gem5 started Jan 31 2020 21:26:03
gem5 executing on node-0.yangzhou-qv63708.lambda-mpi-pg0.clemson.cloudlab.us
command line: build/ARM/gem5.fast --remote-gdb-port=0 --outdir=/users/yangzhou/GEM5_DRAMSim2/sgx_nic/m5out/detailed_nat-tcp-v4.maglev_512kB_none --stats-file=detailed_nat-tcp-v4.maglev_512kB_none_stats.txt configs/dramsim2/dramsim2_se.py --cpu-type=detailed --clock=2.4GHz --cacheline_size=128 --caches --l2cache --l2config=shared --l2_size=512kB --l2_assoc=16 --dramsim2 --tpturnlength=6 --devicecfg=./ext/DRAMSim2/ini/DDR3_micron_16M_8B_x8_sg15.ini --systemcfg=./ext/DRAMSim2/system_none.ini --outputfile=/dev/null --fast-forward=1000000000 --maxinsts=10000000 --maxtick=2000000000000 --numpids=2 --p0=/users/yangzhou/NF-GEM5/nat-tcp-v4 --p1=/users/yangzhou/NF-GEM5/maglev
Global frequency set at 1000000000000 ticks per second
device file: ./ext/DRAMSim2/ini/DDR3_micron_16M_8B_x8_sg15.ini
system file: ./ext/DRAMSim2/system_none.ini
output file: /dev/null
DEBUGSTR My tpTurnLength is 6
genTrace is 0
finish initializing memory controller
CPU Clock = 2398MHz
DRAM Clock = 1600MHz
Memory Capacity = 16384MB
Switch at instruction count:1000000000
info: Entering event queue @ 0.  Starting simulation...
info: Increasing stack size by one page.
info: Increasing stack size by one page.
value_t size: 16B
memory size: 51.400196MB
trying to open file /users/yangzhou/ictf2010_100kflow.dat
opening succeeds
trying to open file /users/yangzhou/ictf2010_100kflow.dat
opening succeeds
Reading pkt trace done!
average pkt size = 607.092021
nat-tcp-v4 packets processed: 64
nat-tcp-v4 packets processed: 128
nat-tcp-v4 packets processed: 192
nat-tcp-v4 packets processed: 256
nat-tcp-v4 packets processed: 320
nat-tcp-v4 packets processed: 384
nat-tcp-v4 packets processed: 448
nat-tcp-v4 packets processed: 512
nat-tcp-v4 packets processed: 576
nat-tcp-v4 packets processed: 640
nat-tcp-v4 packets processed: 704
nat-tcp-v4 packets processed: 768
nat-tcp-v4 packets processed: 832
nat-tcp-v4 packets processed: 896
nat-tcp-v4 packets processed: 960
nat-tcp-v4 packets processed: 1024
nat-tcp-v4 packets processed: 1088
nat-tcp-v4 packets processed: 1152
nat-tcp-v4 packets processed: 1216
Reading pkt trace done!
average pkt size = 607.092021
nat-tcp-v4 packets processed: 1280
maglev packets processed: 64
nat-tcp-v4 packets processed: 1344
maglev packets processed: 128
nat-tcp-v4 packets processed: 1408
maglev packets processed: 192
nat-tcp-v4 packets processed: 1472
maglev packets processed: 256
nat-tcp-v4 packets processed: 1536
maglev packets processed: 320
maglev packets processed: 384
nat-tcp-v4 packets processed: 1600
maglev packets processed: 448
nat-tcp-v4 packets processed: 1664
maglev packets processed: 512
nat-tcp-v4 packets processed: 1728
maglev packets processed: 576
nat-tcp-v4 packets processed: 1792
maglev packets processed: 640
nat-tcp-v4 packets processed: 1856
maglev packets processed: 704
nat-tcp-v4 packets processed: 1920
maglev packets processed: 768
nat-tcp-v4 packets processed: 1984
maglev packets processed: 832
nat-tcp-v4 packets processed: 2048
maglev packets processed: 896
nat-tcp-v4 packets processed: 2112
maglev packets processed: 960
maglev packets processed: 1024
nat-tcp-v4 packets processed: 2176
maglev packets processed: 1088
nat-tcp-v4 packets processed: 2240
maglev packets processed: 1152
nat-tcp-v4 packets processed: 2304
maglev packets processed: 1216
nat-tcp-v4 packets processed: 2368
maglev packets processed: 1280
nat-tcp-v4 packets processed: 2432
maglev packets processed: 1344
nat-tcp-v4 packets processed: 2496
maglev packets processed: 1408
nat-tcp-v4 packets processed: 2560
maglev packets processed: 1472
nat-tcp-v4 packets processed: 2624
maglev packets processed: 1536
nat-tcp-v4 packets processed: 2688
maglev packets processed: 1600
nat-tcp-v4 packets processed: 2752
maglev packets processed: 1664
nat-tcp-v4 packets processed: 2816
maglev packets processed: 1728
nat-tcp-v4 packets processed: 2880
maglev packets processed: 1792
nat-tcp-v4 packets processed: 2944
maglev packets processed: 1856
nat-tcp-v4 packets processed: 3008
maglev packets processed: 1920
maglev packets processed: 1984
nat-tcp-v4 packets processed: 3072
maglev packets processed: 2048
nat-tcp-v4 packets processed: 3136
maglev packets processed: 2112
nat-tcp-v4 packets processed: 3200
maglev packets processed: 2176
nat-tcp-v4 packets processed: 3264
maglev packets processed: 2240
nat-tcp-v4 packets processed: 3328
maglev packets processed: 2304
nat-tcp-v4 packets processed: 3392
maglev packets processed: 2368
nat-tcp-v4 packets processed: 3456
maglev packets processed: 2432
nat-tcp-v4 packets processed: 3520
maglev packets processed: 2496
nat-tcp-v4 packets processed: 3584
maglev packets processed: 2560
nat-tcp-v4 packets processed: 3648
maglev packets processed: 2624
nat-tcp-v4 packets processed: 3712
maglev packets processed: 2688
maglev packets processed: 2752
nat-tcp-v4 packets processed: 3776
maglev packets processed: 2816
nat-tcp-v4 packets processed: 3840
maglev packets processed: 2880
nat-tcp-v4 packets processed: 3904
maglev packets processed: 2944
nat-tcp-v4 packets processed: 3968
maglev packets processed: 3008
nat-tcp-v4 packets processed: 4032
maglev packets processed: 3072
nat-tcp-v4 packets processed: 4096
maglev packets processed: 3136
nat-tcp-v4 packets processed: 4160
maglev packets processed: 3200
nat-tcp-v4 packets processed: 4224
maglev packets processed: 3264
nat-tcp-v4 packets processed: 4288
maglev packets processed: 3328
nat-tcp-v4 packets processed: 4352
maglev packets processed: 3392
nat-tcp-v4 packets processed: 4416
maglev packets processed: 3456
nat-tcp-v4 packets processed: 4480
maglev packets processed: 3520
maglev packets processed: 3584
nat-tcp-v4 packets processed: 4544
maglev packets processed: 3648
nat-tcp-v4 packets processed: 4608
maglev packets processed: 3712
nat-tcp-v4 packets processed: 4672
maglev packets processed: 3776
nat-tcp-v4 packets processed: 4736
maglev packets processed: 3840
nat-tcp-v4 packets processed: 4800
maglev packets processed: 3904
nat-tcp-v4 packets processed: 4864
maglev packets processed: 3968
nat-tcp-v4 packets processed: 4928
maglev packets processed: 4032
nat-tcp-v4 packets processed: 4992
maglev packets processed: 4096
nat-tcp-v4 packets processed: 5056
maglev packets processed: 4160
nat-tcp-v4 packets processed: 5120
maglev packets processed: 4224
nat-tcp-v4 packets processed: 5184
maglev packets processed: 4288
maglev packets processed: 4352
nat-tcp-v4 packets processed: 5248
maglev packets processed: 4416
nat-tcp-v4 packets processed: 5312
maglev packets processed: 4480
nat-tcp-v4 packets processed: 5376
maglev packets processed: 4544
nat-tcp-v4 packets processed: 5440
maglev packets processed: 4608
nat-tcp-v4 packets processed: 5504
maglev packets processed: 4672
nat-tcp-v4 packets processed: 5568
maglev packets processed: 4736
nat-tcp-v4 packets processed: 5632
maglev packets processed: 4800
nat-tcp-v4 packets processed: 5696
maglev packets processed: 4864
nat-tcp-v4 packets processed: 5760
maglev packets processed: 4928
nat-tcp-v4 packets processed: 5824
maglev packets processed: 4992
nat-tcp-v4 packets processed: 5888
maglev packets processed: 5056
maglev packets processed: 5120
nat-tcp-v4 packets processed: 5952
maglev packets processed: 5184
nat-tcp-v4 packets processed: 6016
maglev packets processed: 5248
nat-tcp-v4 packets processed: 6080
maglev packets processed: 5312
nat-tcp-v4 packets processed: 6144
maglev packets processed: 5376
nat-tcp-v4 packets processed: 6208
maglev packets processed: 5440
nat-tcp-v4 packets processed: 6272
maglev packets processed: 5504
nat-tcp-v4 packets processed: 6336
maglev packets processed: 5568
nat-tcp-v4 packets processed: 6400
maglev packets processed: 5632
nat-tcp-v4 packets processed: 6464
maglev packets processed: 5696
nat-tcp-v4 packets processed: 6528
maglev packets processed: 5760
nat-tcp-v4 packets processed: 6592
maglev packets processed: 5824
nat-tcp-v4 packets processed: 6656
maglev packets processed: 5888
maglev packets processed: 5952
nat-tcp-v4 packets processed: 6720
maglev packets processed: 6016
nat-tcp-v4 packets processed: 6784
maglev packets processed: 6080
nat-tcp-v4 packets processed: 6848
maglev packets processed: 6144
nat-tcp-v4 packets processed: 6912
maglev packets processed: 6208
nat-tcp-v4 packets processed: 6976
maglev packets processed: 6272
nat-tcp-v4 packets processed: 7040
maglev packets processed: 6336
nat-tcp-v4 packets processed: 7104
maglev packets processed: 6400
nat-tcp-v4 packets processed: 7168
maglev packets processed: 6464
nat-tcp-v4 packets processed: 7232
maglev packets processed: 6528
nat-tcp-v4 packets processed: 7296
maglev packets processed: 6592
nat-tcp-v4 packets processed: 7360
maglev packets processed: 6656
maglev packets processed: 6720
nat-tcp-v4 packets processed: 7424
maglev packets processed: 6784
nat-tcp-v4 packets processed: 7488
maglev packets processed: 6848
nat-tcp-v4 packets processed: 7552
maglev packets processed: 6912
nat-tcp-v4 packets processed: 7616
maglev packets processed: 6976
nat-tcp-v4 packets processed: 7680
maglev packets processed: 7040
nat-tcp-v4 packets processed: 7744
maglev packets processed: 7104
nat-tcp-v4 packets processed: 7808
maglev packets processed: 7168
nat-tcp-v4 packets processed: 7872
maglev packets processed: 7232
nat-tcp-v4 packets processed: 7936
maglev packets processed: 7296
nat-tcp-v4 packets processed: 8000
maglev packets processed: 7360
nat-tcp-v4 packets processed: 8064
maglev packets processed: 7424
nat-tcp-v4 packets processed: 8128
maglev packets processed: 7488
maglev packets processed: 7552
nat-tcp-v4 packets processed: 8192
maglev packets processed: 7616
nat-tcp-v4 packets processed: 8256
maglev packets processed: 7680
nat-tcp-v4 packets processed: 8320
maglev packets processed: 7744
nat-tcp-v4 packets processed: 8384
maglev packets processed: 7808
nat-tcp-v4 packets processed: 8448
maglev packets processed: 7872
nat-tcp-v4 packets processed: 8512
maglev packets processed: 7936
nat-tcp-v4 packets processed: 8576
maglev packets processed: 8000
nat-tcp-v4 packets processed: 8640
maglev packets processed: 8064
nat-tcp-v4 packets processed: 8704
maglev packets processed: 8128
nat-tcp-v4 packets processed: 8768
maglev packets processed: 8192
nat-tcp-v4 packets processed: 8832
maglev packets processed: 8256
maglev packets processed: 8320
nat-tcp-v4 packets processed: 8896
maglev packets processed: 8384
nat-tcp-v4 packets processed: 8960
maglev packets processed: 8448
nat-tcp-v4 packets processed: 9024
maglev packets processed: 8512
nat-tcp-v4 packets processed: 9088
maglev packets processed: 8576
nat-tcp-v4 packets processed: 9152
maglev packets processed: 8640
nat-tcp-v4 packets processed: 9216
maglev packets processed: 8704
nat-tcp-v4 packets processed: 9280
maglev packets processed: 8768
nat-tcp-v4 packets processed: 9344
maglev packets processed: 8832
nat-tcp-v4 packets processed: 9408
maglev packets processed: 8896
nat-tcp-v4 packets processed: 9472
maglev packets processed: 8960
nat-tcp-v4 packets processed: 9536
maglev packets processed: 9024
maglev packets processed: 9088
nat-tcp-v4 packets processed: 9600
maglev packets processed: 9152
nat-tcp-v4 packets processed: 9664
maglev packets processed: 9216
nat-tcp-v4 packets processed: 9728
maglev packets processed: 9280
nat-tcp-v4 packets processed: 9792
maglev packets processed: 9344
nat-tcp-v4 packets processed: 9856
maglev packets processed: 9408
nat-tcp-v4 packets processed: 9920
maglev packets processed: 9472
nat-tcp-v4 packets processed: 9984
maglev packets processed: 9536
nat-tcp-v4 packets processed: 10048
maglev packets processed: 9600
nat-tcp-v4 packets processed: 10112
maglev packets processed: 9664
nat-tcp-v4 packets processed: 10176
maglev packets processed: 9728
nat-tcp-v4 packets processed: 10240
maglev packets processed: 9792
nat-tcp-v4 packets processed: 10304
maglev packets processed: 9856
maglev packets processed: 9920
nat-tcp-v4 packets processed: 10368
maglev packets processed: 9984
nat-tcp-v4 packets processed: 10432
maglev packets processed: 10048
nat-tcp-v4 packets processed: 10496
maglev packets processed: 10112
nat-tcp-v4 packets processed: 10560
maglev packets processed: 10176
nat-tcp-v4 packets processed: 10624
maglev packets processed: 10240
nat-tcp-v4 packets processed: 10688
maglev packets processed: 10304
nat-tcp-v4 packets processed: 10752
maglev packets processed: 10368
nat-tcp-v4 packets processed: 10816
maglev packets processed: 10432
nat-tcp-v4 packets processed: 10880
maglev packets processed: 10496
maglev packets processed: 10560
nat-tcp-v4 packets processed: 10944
maglev packets processed: 10624
nat-tcp-v4 packets processed: 11008
maglev packets processed: 10688
nat-tcp-v4 packets processed: 11072
maglev packets processed: 10752
nat-tcp-v4 packets processed: 11136
maglev packets processed: 10816
nat-tcp-v4 packets processed: 11200
maglev packets processed: 10880
nat-tcp-v4 packets processed: 11264
maglev packets processed: 10944
nat-tcp-v4 packets processed: 11328
maglev packets processed: 11008
nat-tcp-v4 packets processed: 11392
maglev packets processed: 11072
nat-tcp-v4 packets processed: 11456
maglev packets processed: 11136
nat-tcp-v4 packets processed: 11520
maglev packets processed: 11200
nat-tcp-v4 packets processed: 11584
maglev packets processed: 11264
nat-tcp-v4 packets processed: 11648
maglev packets processed: 11328
nat-tcp-v4 packets processed: 11712
maglev packets processed: 11392
maglev packets processed: 11456
nat-tcp-v4 packets processed: 11776
maglev packets processed: 11520
nat-tcp-v4 packets processed: 11840
maglev packets processed: 11584
nat-tcp-v4 packets processed: 11904
maglev packets processed: 11648
nat-tcp-v4 packets processed: 11968
maglev packets processed: 11712
nat-tcp-v4 packets processed: 12032
maglev packets processed: 11776
nat-tcp-v4 packets processed: 12096
maglev packets processed: 11840
nat-tcp-v4 packets processed: 12160
maglev packets processed: 11904
nat-tcp-v4 packets processed: 12224
maglev packets processed: 11968
nat-tcp-v4 packets processed: 12288
maglev packets processed: 12032
nat-tcp-v4 packets processed: 12352
maglev packets processed: 12096
nat-tcp-v4 packets processed: 12416
maglev packets processed: 12160
maglev packets processed: 12224
nat-tcp-v4 packets processed: 12480
maglev packets processed: 12288
nat-tcp-v4 packets processed: 12544
maglev packets processed: 12352
nat-tcp-v4 packets processed: 12608
maglev packets processed: 12416
nat-tcp-v4 packets processed: 12672
maglev packets processed: 12480
nat-tcp-v4 packets processed: 12736
maglev packets processed: 12544
nat-tcp-v4 packets processed: 12800
maglev packets processed: 12608
nat-tcp-v4 packets processed: 12864
maglev packets processed: 12672
nat-tcp-v4 packets processed: 12928
maglev packets processed: 12736
nat-tcp-v4 packets processed: 12992
maglev packets processed: 12800
nat-tcp-v4 packets processed: 13056
maglev packets processed: 12864
nat-tcp-v4 packets processed: 13120
maglev packets processed: 12928
maglev packets processed: 12992
nat-tcp-v4 packets processed: 13184
maglev packets processed: 13056
nat-tcp-v4 packets processed: 13248
maglev packets processed: 13120
nat-tcp-v4 packets processed: 13312
maglev packets processed: 13184
nat-tcp-v4 packets processed: 13376
maglev packets processed: 13248
nat-tcp-v4 packets processed: 13440
maglev packets processed: 13312
nat-tcp-v4 packets processed: 13504
maglev packets processed: 13376
nat-tcp-v4 packets processed: 13568
maglev packets processed: 13440
nat-tcp-v4 packets processed: 13632
maglev packets processed: 13504
nat-tcp-v4 packets processed: 13696
maglev packets processed: 13568
nat-tcp-v4 packets processed: 13760
maglev packets processed: 13632
nat-tcp-v4 packets processed: 13824
maglev packets processed: 13696
nat-tcp-v4 packets processed: 13888
maglev packets processed: 13760
maglev packets processed: 13824
nat-tcp-v4 packets processed: 13952
maglev packets processed: 13888
nat-tcp-v4 packets processed: 14016
maglev packets processed: 13952
nat-tcp-v4 packets processed: 14080
maglev packets processed: 14016
nat-tcp-v4 packets processed: 14144
maglev packets processed: 14080
nat-tcp-v4 packets processed: 14208
maglev packets processed: 14144
nat-tcp-v4 packets processed: 14272
maglev packets processed: 14208
nat-tcp-v4 packets processed: 14336
maglev packets processed: 14272
nat-tcp-v4 packets processed: 14400
maglev packets processed: 14336
nat-tcp-v4 packets processed: 14464
maglev packets processed: 14400
nat-tcp-v4 packets processed: 14528
maglev packets processed: 14464
nat-tcp-v4 packets processed: 14592
maglev packets processed: 14528
maglev packets processed: 14592
nat-tcp-v4 packets processed: 14656
maglev packets processed: 14656
nat-tcp-v4 packets processed: 14720
maglev packets processed: 14720
nat-tcp-v4 packets processed: 14784
maglev packets processed: 14784
nat-tcp-v4 packets processed: 14848
maglev packets processed: 14848
nat-tcp-v4 packets processed: 14912
maglev packets processed: 14912
nat-tcp-v4 packets processed: 14976
maglev packets processed: 14976
nat-tcp-v4 packets processed: 15040
maglev packets processed: 15040
nat-tcp-v4 packets processed: 15104
maglev packets processed: 15104
nat-tcp-v4 packets processed: 15168
maglev packets processed: 15168
nat-tcp-v4 packets processed: 15232
maglev packets processed: 15232
nat-tcp-v4 packets processed: 15296
maglev packets processed: 15296
maglev packets processed: 15360
nat-tcp-v4 packets processed: 15360
maglev packets processed: 15424
nat-tcp-v4 packets processed: 15424
maglev packets processed: 15488
nat-tcp-v4 packets processed: 15488
maglev packets processed: 15552
nat-tcp-v4 packets processed: 15552
maglev packets processed: 15616
nat-tcp-v4 packets processed: 15616
maglev packets processed: 15680
nat-tcp-v4 packets processed: 15680
maglev packets processed: 15744
nat-tcp-v4 packets processed: 15744
maglev packets processed: 15808
nat-tcp-v4 packets processed: 15808
maglev packets processed: 15872
nat-tcp-v4 packets processed: 15872
maglev packets processed: 15936
nat-tcp-v4 packets processed: 15936
maglev packets processed: 16000
nat-tcp-v4 packets processed: 16000
maglev packets processed: 16064
maglev packets processed: 16128
nat-tcp-v4 packets processed: 16064
maglev packets processed: 16192
nat-tcp-v4 packets processed: 16128
maglev packets processed: 16256
nat-tcp-v4 packets processed: 16192
maglev packets processed: 16320
nat-tcp-v4 packets processed: 16256
maglev packets processed: 16384
nat-tcp-v4 packets processed: 16320
maglev packets processed: 16448
nat-tcp-v4 packets processed: 16384
maglev packets processed: 16512
nat-tcp-v4 packets processed: 16448
maglev packets processed: 16576
nat-tcp-v4 packets processed: 16512
maglev packets processed: 16640
nat-tcp-v4 packets processed: 16576
maglev packets processed: 16704
nat-tcp-v4 packets processed: 16640
maglev packets processed: 16768
nat-tcp-v4 packets processed: 16704
maglev packets processed: 16832
maglev packets processed: 16896
nat-tcp-v4 packets processed: 16768
maglev packets processed: 16960
nat-tcp-v4 packets processed: 16832
maglev packets processed: 17024
nat-tcp-v4 packets processed: 16896
maglev packets processed: 17088
nat-tcp-v4 packets processed: 16960
maglev packets processed: 17152
nat-tcp-v4 packets processed: 17024
maglev packets processed: 17216
nat-tcp-v4 packets processed: 17088
maglev packets processed: 17280
nat-tcp-v4 packets processed: 17152
maglev packets processed: 17344
nat-tcp-v4 packets processed: 17216
maglev packets processed: 17408
nat-tcp-v4 packets processed: 17280
maglev packets processed: 17472
nat-tcp-v4 packets processed: 17344
maglev packets processed: 17536
nat-tcp-v4 packets processed: 17408
maglev packets processed: 17600
maglev packets processed: 17664
nat-tcp-v4 packets processed: 17472
maglev packets processed: 17728
nat-tcp-v4 packets processed: 17536
maglev packets processed: 17792
nat-tcp-v4 packets processed: 17600
maglev packets processed: 17856
nat-tcp-v4 packets processed: 17664
maglev packets processed: 17920
nat-tcp-v4 packets processed: 17728
maglev packets processed: 17984
nat-tcp-v4 packets processed: 17792
maglev packets processed: 18048
nat-tcp-v4 packets processed: 17856
maglev packets processed: 18112
nat-tcp-v4 packets processed: 17920
maglev packets processed: 18176
nat-tcp-v4 packets processed: 17984
maglev packets processed: 18240
nat-tcp-v4 packets processed: 18048
maglev packets processed: 18304
nat-tcp-v4 packets processed: 18112
maglev packets processed: 18368
maglev packets processed: 18432
nat-tcp-v4 packets processed: 18176
maglev packets processed: 18496
nat-tcp-v4 packets processed: 18240
maglev packets processed: 18560
nat-tcp-v4 packets processed: 18304
maglev packets processed: 18624
nat-tcp-v4 packets processed: 18368
maglev packets processed: 18688
nat-tcp-v4 packets processed: 18432
maglev packets processed: 18752
nat-tcp-v4 packets processed: 18496
maglev packets processed: 18816
nat-tcp-v4 packets processed: 18560
maglev packets processed: 18880
nat-tcp-v4 packets processed: 18624
maglev packets processed: 18944
nat-tcp-v4 packets processed: 18688
maglev packets processed: 19008
nat-tcp-v4 packets processed: 18752
maglev packets processed: 19072
nat-tcp-v4 packets processed: 18816
maglev packets processed: 19136
maglev packets processed: 19200
nat-tcp-v4 packets processed: 18880
maglev packets processed: 19264
nat-tcp-v4 packets processed: 18944
maglev packets processed: 19328
nat-tcp-v4 packets processed: 19008
maglev packets processed: 19392
nat-tcp-v4 packets processed: 19072
maglev packets processed: 19456
nat-tcp-v4 packets processed: 19136
maglev packets processed: 19520
nat-tcp-v4 packets processed: 19200
maglev packets processed: 19584
nat-tcp-v4 packets processed: 19264
maglev packets processed: 19648
nat-tcp-v4 packets processed: 19328
maglev packets processed: 19712
nat-tcp-v4 packets processed: 19392
maglev packets processed: 19776
nat-tcp-v4 packets processed: 19456
maglev packets processed: 19840
nat-tcp-v4 packets processed: 19520
maglev packets processed: 19904
maglev packets processed: 19968
nat-tcp-v4 packets processed: 19584
maglev packets processed: 20032
nat-tcp-v4 packets processed: 19648
maglev packets processed: 20096
nat-tcp-v4 packets processed: 19712
maglev packets processed: 20160
nat-tcp-v4 packets processed: 19776
maglev packets processed: 20224
nat-tcp-v4 packets processed: 19840
maglev packets processed: 20288
nat-tcp-v4 packets processed: 19904
maglev packets processed: 20352
nat-tcp-v4 packets processed: 19968
maglev packets processed: 20416
nat-tcp-v4 packets processed: 20032
maglev packets processed: 20480
nat-tcp-v4 packets processed: 20096
maglev packets processed: 20544
nat-tcp-v4 packets processed: 20160
maglev packets processed: 20608
nat-tcp-v4 packets processed: 20224
maglev packets processed: 20672
maglev packets processed: 20736
nat-tcp-v4 packets processed: 20288
maglev packets processed: 20800
nat-tcp-v4 packets processed: 20352
maglev packets processed: 20864
nat-tcp-v4 packets processed: 20416
maglev packets processed: 20928
nat-tcp-v4 packets processed: 20480
maglev packets processed: 20992
nat-tcp-v4 packets processed: 20544
maglev packets processed: 21056
nat-tcp-v4 packets processed: 20608
maglev packets processed: 21120
nat-tcp-v4 packets processed: 20672
maglev packets processed: 21184
nat-tcp-v4 packets processed: 20736
maglev packets processed: 21248
nat-tcp-v4 packets processed: 20800
maglev packets processed: 21312
nat-tcp-v4 packets processed: 20864
maglev packets processed: 21376
nat-tcp-v4 packets processed: 20928
maglev packets processed: 21440
maglev packets processed: 21504
nat-tcp-v4 packets processed: 20992
maglev packets processed: 21568
nat-tcp-v4 packets processed: 21056
maglev packets processed: 21632
nat-tcp-v4 packets processed: 21120
maglev packets processed: 21696
nat-tcp-v4 packets processed: 21184
maglev packets processed: 21760
nat-tcp-v4 packets processed: 21248
maglev packets processed: 21824
nat-tcp-v4 packets processed: 21312
maglev packets processed: 21888
nat-tcp-v4 packets processed: 21376
maglev packets processed: 21952
nat-tcp-v4 packets processed: 21440
maglev packets processed: 22016
nat-tcp-v4 packets processed: 21504
maglev packets processed: 22080
nat-tcp-v4 packets processed: 21568
maglev packets processed: 22144
nat-tcp-v4 packets processed: 21632
maglev packets processed: 22208
maglev packets processed: 22272
nat-tcp-v4 packets processed: 21696
maglev packets processed: 22336
nat-tcp-v4 packets processed: 21760
maglev packets processed: 22400
nat-tcp-v4 packets processed: 21824
maglev packets processed: 22464
nat-tcp-v4 packets processed: 21888
maglev packets processed: 22528
nat-tcp-v4 packets processed: 21952
maglev packets processed: 22592
nat-tcp-v4 packets processed: 22016
maglev packets processed: 22656
nat-tcp-v4 packets processed: 22080
maglev packets processed: 22720
nat-tcp-v4 packets processed: 22144
maglev packets processed: 22784
nat-tcp-v4 packets processed: 22208
maglev packets processed: 22848
nat-tcp-v4 packets processed: 22272
maglev packets processed: 22912
nat-tcp-v4 packets processed: 22336
maglev packets processed: 22976
maglev packets processed: 23040
nat-tcp-v4 packets processed: 22400
maglev packets processed: 23104
nat-tcp-v4 packets processed: 22464
maglev packets processed: 23168
nat-tcp-v4 packets processed: 22528
maglev packets processed: 23232
nat-tcp-v4 packets processed: 22592
maglev packets processed: 23296
nat-tcp-v4 packets processed: 22656
maglev packets processed: 23360
nat-tcp-v4 packets processed: 22720
maglev packets processed: 23424
nat-tcp-v4 packets processed: 22784
maglev packets processed: 23488
nat-tcp-v4 packets processed: 22848
maglev packets processed: 23552
nat-tcp-v4 packets processed: 22912
maglev packets processed: 23616
nat-tcp-v4 packets processed: 22976
maglev packets processed: 23680
nat-tcp-v4 packets processed: 23040
maglev packets processed: 23744
maglev packets processed: 23808
nat-tcp-v4 packets processed: 23104
maglev packets processed: 23872
nat-tcp-v4 packets processed: 23168
maglev packets processed: 23936
nat-tcp-v4 packets processed: 23232
maglev packets processed: 24000
nat-tcp-v4 packets processed: 23296
maglev packets processed: 24064
nat-tcp-v4 packets processed: 23360
maglev packets processed: 24128
nat-tcp-v4 packets processed: 23424
maglev packets processed: 24192
nat-tcp-v4 packets processed: 23488
maglev packets processed: 24256
nat-tcp-v4 packets processed: 23552
maglev packets processed: 24320
nat-tcp-v4 packets processed: 23616
maglev packets processed: 24384
nat-tcp-v4 packets processed: 23680
maglev packets processed: 24448
nat-tcp-v4 packets processed: 23744
maglev packets processed: 24512
maglev packets processed: 24576
nat-tcp-v4 packets processed: 23808
maglev packets processed: 24640
nat-tcp-v4 packets processed: 23872
maglev packets processed: 24704
nat-tcp-v4 packets processed: 23936
maglev packets processed: 24768
nat-tcp-v4 packets processed: 24000
maglev packets processed: 24832
nat-tcp-v4 packets processed: 24064
maglev packets processed: 24896
nat-tcp-v4 packets processed: 24128
maglev packets processed: 24960
nat-tcp-v4 packets processed: 24192
maglev packets processed: 25024
nat-tcp-v4 packets processed: 24256
maglev packets processed: 25088
nat-tcp-v4 packets processed: 24320
maglev packets processed: 25152
nat-tcp-v4 packets processed: 24384
maglev packets processed: 25216
nat-tcp-v4 packets processed: 24448
maglev packets processed: 25280
maglev packets processed: 25344
nat-tcp-v4 packets processed: 24512
maglev packets processed: 25408
nat-tcp-v4 packets processed: 24576
maglev packets processed: 25472
nat-tcp-v4 packets processed: 24640
maglev packets processed: 25536
nat-tcp-v4 packets processed: 24704
maglev packets processed: 25600
nat-tcp-v4 packets processed: 24768
maglev packets processed: 25664
nat-tcp-v4 packets processed: 24832
maglev packets processed: 25728
nat-tcp-v4 packets processed: 24896
maglev packets processed: 25792
nat-tcp-v4 packets processed: 24960
maglev packets processed: 25856
nat-tcp-v4 packets processed: 25024
maglev packets processed: 25920
nat-tcp-v4 packets processed: 25088
maglev packets processed: 25984
maglev packets processed: 26048
nat-tcp-v4 packets processed: 25152
maglev packets processed: 26112
nat-tcp-v4 packets processed: 25216
maglev packets processed: 26176
nat-tcp-v4 packets processed: 25280
maglev packets processed: 26240
nat-tcp-v4 packets processed: 25344
maglev packets processed: 26304
nat-tcp-v4 packets processed: 25408
maglev packets processed: 26368
nat-tcp-v4 packets processed: 25472
maglev packets processed: 26432
nat-tcp-v4 packets processed: 25536
maglev packets processed: 26496
nat-tcp-v4 packets processed: 25600
maglev packets processed: 26560
nat-tcp-v4 packets processed: 25664
maglev packets processed: 26624
nat-tcp-v4 packets processed: 25728
maglev packets processed: 26688
nat-tcp-v4 packets processed: 25792
maglev packets processed: 26752
maglev packets processed: 26816
nat-tcp-v4 packets processed: 25856
maglev packets processed: 26880
nat-tcp-v4 packets processed: 25920
maglev packets processed: 26944
nat-tcp-v4 packets processed: 25984
maglev packets processed: 27008
nat-tcp-v4 packets processed: 26048
maglev packets processed: 27072
nat-tcp-v4 packets processed: 26112
maglev packets processed: 27136
nat-tcp-v4 packets processed: 26176
maglev packets processed: 27200
nat-tcp-v4 packets processed: 26240
maglev packets processed: 27264
nat-tcp-v4 packets processed: 26304
maglev packets processed: 27328
nat-tcp-v4 packets processed: 26368
maglev packets processed: 27392
nat-tcp-v4 packets processed: 26432
maglev packets processed: 27456
nat-tcp-v4 packets processed: 26496
maglev packets processed: 27520
maglev packets processed: 27584
nat-tcp-v4 packets processed: 26560
maglev packets processed: 27648
nat-tcp-v4 packets processed: 26624
maglev packets processed: 27712
nat-tcp-v4 packets processed: 26688
maglev packets processed: 27776
nat-tcp-v4 packets processed: 26752
maglev packets processed: 27840
nat-tcp-v4 packets processed: 26816
maglev packets processed: 27904
nat-tcp-v4 packets processed: 26880
maglev packets processed: 27968
nat-tcp-v4 packets processed: 26944
maglev packets processed: 28032
nat-tcp-v4 packets processed: 27008
maglev packets processed: 28096
nat-tcp-v4 packets processed: 27072
maglev packets processed: 28160
nat-tcp-v4 packets processed: 27136
maglev packets processed: 28224
nat-tcp-v4 packets processed: 27200
maglev packets processed: 28288
maglev packets processed: 28352
nat-tcp-v4 packets processed: 27264
maglev packets processed: 28416
nat-tcp-v4 packets processed: 27328
maglev packets processed: 28480
nat-tcp-v4 packets processed: 27392
maglev packets processed: 28544
nat-tcp-v4 packets processed: 27456
maglev packets processed: 28608
nat-tcp-v4 packets processed: 27520
maglev packets processed: 28672
nat-tcp-v4 packets processed: 27584
maglev packets processed: 28736
nat-tcp-v4 packets processed: 27648
maglev packets processed: 28800
nat-tcp-v4 packets processed: 27712
maglev packets processed: 28864
nat-tcp-v4 packets processed: 27776
maglev packets processed: 28928
nat-tcp-v4 packets processed: 27840
maglev packets processed: 28992
nat-tcp-v4 packets processed: 27904
maglev packets processed: 29056
maglev packets processed: 29120
nat-tcp-v4 packets processed: 27968
maglev packets processed: 29184
nat-tcp-v4 packets processed: 28032
maglev packets processed: 29248
nat-tcp-v4 packets processed: 28096
maglev packets processed: 29312
nat-tcp-v4 packets processed: 28160
maglev packets processed: 29376
nat-tcp-v4 packets processed: 28224
maglev packets processed: 29440
nat-tcp-v4 packets processed: 28288
maglev packets processed: 29504
nat-tcp-v4 packets processed: 28352
maglev packets processed: 29568
nat-tcp-v4 packets processed: 28416
maglev packets processed: 29632
nat-tcp-v4 packets processed: 28480
maglev packets processed: 29696
nat-tcp-v4 packets processed: 28544
maglev packets processed: 29760
maglev packets processed: 29824
nat-tcp-v4 packets processed: 28608
maglev packets processed: 29888
nat-tcp-v4 packets processed: 28672
maglev packets processed: 29952
nat-tcp-v4 packets processed: 28736
maglev packets processed: 30016
nat-tcp-v4 packets processed: 28800
maglev packets processed: 30080
nat-tcp-v4 packets processed: 28864
maglev packets processed: 30144
nat-tcp-v4 packets processed: 28928
maglev packets processed: 30208
nat-tcp-v4 packets processed: 28992
maglev packets processed: 30272
nat-tcp-v4 packets processed: 29056
maglev packets processed: 30336
nat-tcp-v4 packets processed: 29120
maglev packets processed: 30400
nat-tcp-v4 packets processed: 29184
maglev packets processed: 30464
nat-tcp-v4 packets processed: 29248
maglev packets processed: 30528
maglev packets processed: 30592
nat-tcp-v4 packets processed: 29312
maglev packets processed: 30656
nat-tcp-v4 packets processed: 29376
maglev packets processed: 30720
nat-tcp-v4 packets processed: 29440
maglev packets processed: 30784
nat-tcp-v4 packets processed: 29504
maglev packets processed: 30848
nat-tcp-v4 packets processed: 29568
maglev packets processed: 30912
nat-tcp-v4 packets processed: 29632
maglev packets processed: 30976
nat-tcp-v4 packets processed: 29696
maglev packets processed: 31040
nat-tcp-v4 packets processed: 29760
maglev packets processed: 31104
nat-tcp-v4 packets processed: 29824
maglev packets processed: 31168
nat-tcp-v4 packets processed: 29888
maglev packets processed: 31232
nat-tcp-v4 packets processed: 29952
maglev packets processed: 31296
maglev packets processed: 31360
nat-tcp-v4 packets processed: 30016
maglev packets processed: 31424
nat-tcp-v4 packets processed: 30080
maglev packets processed: 31488
nat-tcp-v4 packets processed: 30144
maglev packets processed: 31552
nat-tcp-v4 packets processed: 30208
maglev packets processed: 31616
nat-tcp-v4 packets processed: 30272
maglev packets processed: 31680
nat-tcp-v4 packets processed: 30336
maglev packets processed: 31744
nat-tcp-v4 packets processed: 30400
maglev packets processed: 31808
nat-tcp-v4 packets processed: 30464
maglev packets processed: 31872
nat-tcp-v4 packets processed: 30528
maglev packets processed: 31936
nat-tcp-v4 packets processed: 30592
maglev packets processed: 32000
maglev packets processed: 32064
nat-tcp-v4 packets processed: 30656
maglev packets processed: 32128
nat-tcp-v4 packets processed: 30720
maglev packets processed: 32192
nat-tcp-v4 packets processed: 30784
maglev packets processed: 32256
nat-tcp-v4 packets processed: 30848
maglev packets processed: 32320
nat-tcp-v4 packets processed: 30912
maglev packets processed: 32384
nat-tcp-v4 packets processed: 30976
maglev packets processed: 32448
nat-tcp-v4 packets processed: 31040
maglev packets processed: 32512
nat-tcp-v4 packets processed: 31104
maglev packets processed: 32576
nat-tcp-v4 packets processed: 31168
maglev packets processed: 32640
nat-tcp-v4 packets processed: 31232
maglev packets processed: 32704
nat-tcp-v4 packets processed: 31296
maglev packets processed: 32768
maglev packets processed: 32832
nat-tcp-v4 packets processed: 31360
maglev packets processed: 32896
nat-tcp-v4 packets processed: 31424
maglev packets processed: 32960
nat-tcp-v4 packets processed: 31488
maglev packets processed: 33024
nat-tcp-v4 packets processed: 31552
maglev packets processed: 33088
nat-tcp-v4 packets processed: 31616
maglev packets processed: 33152
nat-tcp-v4 packets processed: 31680
maglev packets processed: 33216
nat-tcp-v4 packets processed: 31744
maglev packets processed: 33280
nat-tcp-v4 packets processed: 31808
maglev packets processed: 33344
nat-tcp-v4 packets processed: 31872
maglev packets processed: 33408
nat-tcp-v4 packets processed: 31936
maglev packets processed: 33472
nat-tcp-v4 packets processed: 32000
maglev packets processed: 33536
maglev packets processed: 33600
nat-tcp-v4 packets processed: 32064
maglev packets processed: 33664
nat-tcp-v4 packets processed: 32128
maglev packets processed: 33728
nat-tcp-v4 packets processed: 32192
maglev packets processed: 33792
nat-tcp-v4 packets processed: 32256
maglev packets processed: 33856
nat-tcp-v4 packets processed: 32320
maglev packets processed: 33920
nat-tcp-v4 packets processed: 32384
maglev packets processed: 33984
nat-tcp-v4 packets processed: 32448
maglev packets processed: 34048
nat-tcp-v4 packets processed: 32512
maglev packets processed: 34112
nat-tcp-v4 packets processed: 32576
maglev packets processed: 34176
nat-tcp-v4 packets processed: 32640
maglev packets processed: 34240
maglev packets processed: 34304
nat-tcp-v4 packets processed: 32704
maglev packets processed: 34368
nat-tcp-v4 packets processed: 32768
maglev packets processed: 34432
nat-tcp-v4 packets processed: 32832
maglev packets processed: 34496
nat-tcp-v4 packets processed: 32896
maglev packets processed: 34560
nat-tcp-v4 packets processed: 32960
maglev packets processed: 34624
nat-tcp-v4 packets processed: 33024
maglev packets processed: 34688
nat-tcp-v4 packets processed: 33088
maglev packets processed: 34752
nat-tcp-v4 packets processed: 33152
maglev packets processed: 34816
nat-tcp-v4 packets processed: 33216
maglev packets processed: 34880
nat-tcp-v4 packets processed: 33280
maglev packets processed: 34944
nat-tcp-v4 packets processed: 33344
maglev packets processed: 35008
maglev packets processed: 35072
nat-tcp-v4 packets processed: 33408
maglev packets processed: 35136
nat-tcp-v4 packets processed: 33472
maglev packets processed: 35200
nat-tcp-v4 packets processed: 33536
maglev packets processed: 35264
nat-tcp-v4 packets processed: 33600
maglev packets processed: 35328
nat-tcp-v4 packets processed: 33664
maglev packets processed: 35392
nat-tcp-v4 packets processed: 33728
maglev packets processed: 35456
nat-tcp-v4 packets processed: 33792
maglev packets processed: 35520
nat-tcp-v4 packets processed: 33856
maglev packets processed: 35584
nat-tcp-v4 packets processed: 33920
maglev packets processed: 35648
nat-tcp-v4 packets processed: 33984
maglev packets processed: 35712
nat-tcp-v4 packets processed: 34048
maglev packets processed: 35776
maglev packets processed: 35840
nat-tcp-v4 packets processed: 34112
maglev packets processed: 35904
nat-tcp-v4 packets processed: 34176
maglev packets processed: 35968
nat-tcp-v4 packets processed: 34240
maglev packets processed: 36032
nat-tcp-v4 packets processed: 34304
maglev packets processed: 36096
nat-tcp-v4 packets processed: 34368
maglev packets processed: 36160
nat-tcp-v4 packets processed: 34432
maglev packets processed: 36224
nat-tcp-v4 packets processed: 34496
maglev packets processed: 36288
nat-tcp-v4 packets processed: 34560
maglev packets processed: 36352
nat-tcp-v4 packets processed: 34624
maglev packets processed: 36416
nat-tcp-v4 packets processed: 34688
maglev packets processed: 36480
maglev packets processed: 36544
nat-tcp-v4 packets processed: 34752
maglev packets processed: 36608
nat-tcp-v4 packets processed: 34816
maglev packets processed: 36672
nat-tcp-v4 packets processed: 34880
maglev packets processed: 36736
nat-tcp-v4 packets processed: 34944
maglev packets processed: 36800
nat-tcp-v4 packets processed: 35008
maglev packets processed: 36864
nat-tcp-v4 packets processed: 35072
maglev packets processed: 36928
nat-tcp-v4 packets processed: 35136
maglev packets processed: 36992
nat-tcp-v4 packets processed: 35200
maglev packets processed: 37056
nat-tcp-v4 packets processed: 35264
maglev packets processed: 37120
nat-tcp-v4 packets processed: 35328
maglev packets processed: 37184
nat-tcp-v4 packets processed: 35392
maglev packets processed: 37248
maglev packets processed: 37312
nat-tcp-v4 packets processed: 35456
maglev packets processed: 37376
nat-tcp-v4 packets processed: 35520
maglev packets processed: 37440
nat-tcp-v4 packets processed: 35584
maglev packets processed: 37504
nat-tcp-v4 packets processed: 35648
maglev packets processed: 37568
nat-tcp-v4 packets processed: 35712
maglev packets processed: 37632
nat-tcp-v4 packets processed: 35776
maglev packets processed: 37696
nat-tcp-v4 packets processed: 35840
maglev packets processed: 37760
nat-tcp-v4 packets processed: 35904
maglev packets processed: 37824
nat-tcp-v4 packets processed: 35968
maglev packets processed: 37888
nat-tcp-v4 packets processed: 36032
maglev packets processed: 37952
maglev packets processed: 38016
nat-tcp-v4 packets processed: 36096
maglev packets processed: 38080
nat-tcp-v4 packets processed: 36160
maglev packets processed: 38144
nat-tcp-v4 packets processed: 36224
maglev packets processed: 38208
nat-tcp-v4 packets processed: 36288
maglev packets processed: 38272
nat-tcp-v4 packets processed: 36352
maglev packets processed: 38336
nat-tcp-v4 packets processed: 36416
maglev packets processed: 38400
nat-tcp-v4 packets processed: 36480
maglev packets processed: 38464
nat-tcp-v4 packets processed: 36544
maglev packets processed: 38528
nat-tcp-v4 packets processed: 36608
maglev packets processed: 38592
nat-tcp-v4 packets processed: 36672
maglev packets processed: 38656
nat-tcp-v4 packets processed: 36736
maglev packets processed: 38720
maglev packets processed: 38784
nat-tcp-v4 packets processed: 36800
maglev packets processed: 38848
nat-tcp-v4 packets processed: 36864
maglev packets processed: 38912
nat-tcp-v4 packets processed: 36928
maglev packets processed: 38976
nat-tcp-v4 packets processed: 36992
maglev packets processed: 39040
nat-tcp-v4 packets processed: 37056
maglev packets processed: 39104
nat-tcp-v4 packets processed: 37120
maglev packets processed: 39168
nat-tcp-v4 packets processed: 37184
maglev packets processed: 39232
nat-tcp-v4 packets processed: 37248
maglev packets processed: 39296
nat-tcp-v4 packets processed: 37312
maglev packets processed: 39360
nat-tcp-v4 packets processed: 37376
maglev packets processed: 39424
maglev packets processed: 39488
nat-tcp-v4 packets processed: 37440
maglev packets processed: 39552
nat-tcp-v4 packets processed: 37504
maglev packets processed: 39616
nat-tcp-v4 packets processed: 37568
maglev packets processed: 39680
nat-tcp-v4 packets processed: 37632
maglev packets processed: 39744
nat-tcp-v4 packets processed: 37696
maglev packets processed: 39808
nat-tcp-v4 packets processed: 37760
maglev packets processed: 39872
nat-tcp-v4 packets processed: 37824
maglev packets processed: 39936
nat-tcp-v4 packets processed: 37888
maglev packets processed: 40000
nat-tcp-v4 packets processed: 37952
maglev packets processed: 40064
nat-tcp-v4 packets processed: 38016
maglev packets processed: 40128
nat-tcp-v4 packets processed: 38080
maglev packets processed: 40192
maglev packets processed: 40256
nat-tcp-v4 packets processed: 38144
maglev packets processed: 40320
nat-tcp-v4 packets processed: 38208
maglev packets processed: 40384
nat-tcp-v4 packets processed: 38272
maglev packets processed: 40448
nat-tcp-v4 packets processed: 38336
maglev packets processed: 40512
nat-tcp-v4 packets processed: 38400
maglev packets processed: 40576
nat-tcp-v4 packets processed: 38464
maglev packets processed: 40640
nat-tcp-v4 packets processed: 38528
maglev packets processed: 40704
nat-tcp-v4 packets processed: 38592
maglev packets processed: 40768
nat-tcp-v4 packets processed: 38656
maglev packets processed: 40832
nat-tcp-v4 packets processed: 38720
maglev packets processed: 40896
maglev packets processed: 40960
nat-tcp-v4 packets processed: 38784
maglev packets processed: 41024
nat-tcp-v4 packets processed: 38848
maglev packets processed: 41088
nat-tcp-v4 packets processed: 38912
maglev packets processed: 41152
nat-tcp-v4 packets processed: 38976
maglev packets processed: 41216
nat-tcp-v4 packets processed: 39040
maglev packets processed: 41280
nat-tcp-v4 packets processed: 39104
maglev packets processed: 41344
nat-tcp-v4 packets processed: 39168
maglev packets processed: 41408
nat-tcp-v4 packets processed: 39232
maglev packets processed: 41472
nat-tcp-v4 packets processed: 39296
maglev packets processed: 41536
nat-tcp-v4 packets processed: 39360
maglev packets processed: 41600
nat-tcp-v4 packets processed: 39424
maglev packets processed: 41664
nat-tcp-v4 packets processed: 39488
maglev packets processed: 41728
nat-tcp-v4 packets processed: 39552
maglev packets processed: 41792
maglev packets processed: 41856
nat-tcp-v4 packets processed: 39616
maglev packets processed: 41920
nat-tcp-v4 packets processed: 39680
maglev packets processed: 41984
nat-tcp-v4 packets processed: 39744
maglev packets processed: 42048
nat-tcp-v4 packets processed: 39808
maglev packets processed: 42112
nat-tcp-v4 packets processed: 39872
maglev packets processed: 42176
nat-tcp-v4 packets processed: 39936
maglev packets processed: 42240
nat-tcp-v4 packets processed: 40000
maglev packets processed: 42304
nat-tcp-v4 packets processed: 40064
maglev packets processed: 42368
nat-tcp-v4 packets processed: 40128
maglev packets processed: 42432
nat-tcp-v4 packets processed: 40192
maglev packets processed: 42496
maglev packets processed: 42560
nat-tcp-v4 packets processed: 40256
maglev packets processed: 42624
nat-tcp-v4 packets processed: 40320
maglev packets processed: 42688
nat-tcp-v4 packets processed: 40384
maglev packets processed: 42752
nat-tcp-v4 packets processed: 40448
maglev packets processed: 42816
nat-tcp-v4 packets processed: 40512
maglev packets processed: 42880
nat-tcp-v4 packets processed: 40576
maglev packets processed: 42944
nat-tcp-v4 packets processed: 40640
maglev packets processed: 43008
nat-tcp-v4 packets processed: 40704
maglev packets processed: 43072
nat-tcp-v4 packets processed: 40768
maglev packets processed: 43136
nat-tcp-v4 packets processed: 40832
maglev packets processed: 43200
nat-tcp-v4 packets processed: 40896
maglev packets processed: 43264
maglev packets processed: 43328
nat-tcp-v4 packets processed: 40960
maglev packets processed: 43392
nat-tcp-v4 packets processed: 41024
maglev packets processed: 43456
nat-tcp-v4 packets processed: 41088
maglev packets processed: 43520
nat-tcp-v4 packets processed: 41152
maglev packets processed: 43584
nat-tcp-v4 packets processed: 41216
maglev packets processed: 43648
nat-tcp-v4 packets processed: 41280
maglev packets processed: 43712
nat-tcp-v4 packets processed: 41344
maglev packets processed: 43776
nat-tcp-v4 packets processed: 41408
maglev packets processed: 43840
maglev packets processed: 43904
nat-tcp-v4 packets processed: 41472
maglev packets processed: 43968
nat-tcp-v4 packets processed: 41536
maglev packets processed: 44032
nat-tcp-v4 packets processed: 41600
maglev packets processed: 44096
nat-tcp-v4 packets processed: 41664
maglev packets processed: 44160
nat-tcp-v4 packets processed: 41728
maglev packets processed: 44224
nat-tcp-v4 packets processed: 41792
maglev packets processed: 44288
nat-tcp-v4 packets processed: 41856
maglev packets processed: 44352
nat-tcp-v4 packets processed: 41920
maglev packets processed: 44416
nat-tcp-v4 packets processed: 41984
maglev packets processed: 44480
nat-tcp-v4 packets processed: 42048
maglev packets processed: 44544
nat-tcp-v4 packets processed: 42112
maglev packets processed: 44608
maglev packets processed: 44672
nat-tcp-v4 packets processed: 42176
maglev packets processed: 44736
nat-tcp-v4 packets processed: 42240
maglev packets processed: 44800
nat-tcp-v4 packets processed: 42304
maglev packets processed: 44864
nat-tcp-v4 packets processed: 42368
maglev packets processed: 44928
nat-tcp-v4 packets processed: 42432
maglev packets processed: 44992
nat-tcp-v4 packets processed: 42496
maglev packets processed: 45056
nat-tcp-v4 packets processed: 42560
maglev packets processed: 45120
nat-tcp-v4 packets processed: 42624
maglev packets processed: 45184
nat-tcp-v4 packets processed: 42688
maglev packets processed: 45248
nat-tcp-v4 packets processed: 42752
maglev packets processed: 45312
maglev packets processed: 45376
nat-tcp-v4 packets processed: 42816
maglev packets processed: 45440
nat-tcp-v4 packets processed: 42880
maglev packets processed: 45504
nat-tcp-v4 packets processed: 42944
maglev packets processed: 45568
nat-tcp-v4 packets processed: 43008
maglev packets processed: 45632
nat-tcp-v4 packets processed: 43072
maglev packets processed: 45696
nat-tcp-v4 packets processed: 43136
maglev packets processed: 45760
nat-tcp-v4 packets processed: 43200
maglev packets processed: 45824
nat-tcp-v4 packets processed: 43264
maglev packets processed: 45888
nat-tcp-v4 packets processed: 43328
maglev packets processed: 45952
nat-tcp-v4 packets processed: 43392
maglev packets processed: 46016
maglev packets processed: 46080
nat-tcp-v4 packets processed: 43456
maglev packets processed: 46144
nat-tcp-v4 packets processed: 43520
maglev packets processed: 46208
nat-tcp-v4 packets processed: 43584
maglev packets processed: 46272
nat-tcp-v4 packets processed: 43648
maglev packets processed: 46336
nat-tcp-v4 packets processed: 43712
maglev packets processed: 46400
nat-tcp-v4 packets processed: 43776
maglev packets processed: 46464
nat-tcp-v4 packets processed: 43840
maglev packets processed: 46528
nat-tcp-v4 packets processed: 43904
maglev packets processed: 46592
nat-tcp-v4 packets processed: 43968
maglev packets processed: 46656
nat-tcp-v4 packets processed: 44032
maglev packets processed: 46720
nat-tcp-v4 packets processed: 44096
maglev packets processed: 46784
maglev packets processed: 46848
nat-tcp-v4 packets processed: 44160
maglev packets processed: 46912
nat-tcp-v4 packets processed: 44224
maglev packets processed: 46976
nat-tcp-v4 packets processed: 44288
maglev packets processed: 47040
nat-tcp-v4 packets processed: 44352
maglev packets processed: 47104
nat-tcp-v4 packets processed: 44416
maglev packets processed: 47168
nat-tcp-v4 packets processed: 44480
maglev packets processed: 47232
nat-tcp-v4 packets processed: 44544
maglev packets processed: 47296
nat-tcp-v4 packets processed: 44608
maglev packets processed: 47360
nat-tcp-v4 packets processed: 44672
maglev packets processed: 47424
nat-tcp-v4 packets processed: 44736
maglev packets processed: 47488
maglev packets processed: 47552
nat-tcp-v4 packets processed: 44800
maglev packets processed: 47616
nat-tcp-v4 packets processed: 44864
maglev packets processed: 47680
nat-tcp-v4 packets processed: 44928
maglev packets processed: 47744
nat-tcp-v4 packets processed: 44992
maglev packets processed: 47808
nat-tcp-v4 packets processed: 45056
maglev packets processed: 47872
nat-tcp-v4 packets processed: 45120
maglev packets processed: 47936
nat-tcp-v4 packets processed: 45184
maglev packets processed: 48000
nat-tcp-v4 packets processed: 45248
maglev packets processed: 48064
nat-tcp-v4 packets processed: 45312
maglev packets processed: 48128
nat-tcp-v4 packets processed: 45376
maglev packets processed: 48192
nat-tcp-v4 packets processed: 45440
maglev packets processed: 48256
maglev packets processed: 48320
nat-tcp-v4 packets processed: 45504
maglev packets processed: 48384
nat-tcp-v4 packets processed: 45568
maglev packets processed: 48448
nat-tcp-v4 packets processed: 45632
maglev packets processed: 48512
nat-tcp-v4 packets processed: 45696
maglev packets processed: 48576
nat-tcp-v4 packets processed: 45760
maglev packets processed: 48640
nat-tcp-v4 packets processed: 45824
maglev packets processed: 48704
nat-tcp-v4 packets processed: 45888
maglev packets processed: 48768
nat-tcp-v4 packets processed: 45952
maglev packets processed: 48832
nat-tcp-v4 packets processed: 46016
maglev packets processed: 48896
nat-tcp-v4 packets processed: 46080
maglev packets processed: 48960
maglev packets processed: 49024
nat-tcp-v4 packets processed: 46144
maglev packets processed: 49088
nat-tcp-v4 packets processed: 46208
maglev packets processed: 49152
nat-tcp-v4 packets processed: 46272
maglev packets processed: 49216
nat-tcp-v4 packets processed: 46336
maglev packets processed: 49280
nat-tcp-v4 packets processed: 46400
maglev packets processed: 49344
nat-tcp-v4 packets processed: 46464
maglev packets processed: 49408
nat-tcp-v4 packets processed: 46528
maglev packets processed: 49472
nat-tcp-v4 packets processed: 46592
maglev packets processed: 49536
nat-tcp-v4 packets processed: 46656
maglev packets processed: 49600
nat-tcp-v4 packets processed: 46720
maglev packets processed: 49664
maglev packets processed: 49728
nat-tcp-v4 packets processed: 46784
maglev packets processed: 49792
nat-tcp-v4 packets processed: 46848
maglev packets processed: 49856
nat-tcp-v4 packets processed: 46912
maglev packets processed: 49920
nat-tcp-v4 packets processed: 46976
maglev packets processed: 49984
nat-tcp-v4 packets processed: 47040
maglev packets processed: 50048
nat-tcp-v4 packets processed: 47104
maglev packets processed: 50112
nat-tcp-v4 packets processed: 47168
maglev packets processed: 50176
nat-tcp-v4 packets processed: 47232
maglev packets processed: 50240
nat-tcp-v4 packets processed: 47296
maglev packets processed: 50304
nat-tcp-v4 packets processed: 47360
maglev packets processed: 50368
nat-tcp-v4 packets processed: 47424
maglev packets processed: 50432
maglev packets processed: 50496
nat-tcp-v4 packets processed: 47488
maglev packets processed: 50560
nat-tcp-v4 packets processed: 47552
maglev packets processed: 50624
nat-tcp-v4 packets processed: 47616
maglev packets processed: 50688
nat-tcp-v4 packets processed: 47680
maglev packets processed: 50752
nat-tcp-v4 packets processed: 47744
maglev packets processed: 50816
nat-tcp-v4 packets processed: 47808
maglev packets processed: 50880
nat-tcp-v4 packets processed: 47872
maglev packets processed: 50944
nat-tcp-v4 packets processed: 47936
maglev packets processed: 51008
nat-tcp-v4 packets processed: 48000
maglev packets processed: 51072
nat-tcp-v4 packets processed: 48064
maglev packets processed: 51136
nat-tcp-v4 packets processed: 48128
maglev packets processed: 51200
nat-tcp-v4 packets processed: 48192
maglev packets processed: 51264
maglev packets processed: 51328
nat-tcp-v4 packets processed: 48256
maglev packets processed: 51392
nat-tcp-v4 packets processed: 48320
maglev packets processed: 51456
nat-tcp-v4 packets processed: 48384
maglev packets processed: 51520
nat-tcp-v4 packets processed: 48448
maglev packets processed: 51584
nat-tcp-v4 packets processed: 48512
maglev packets processed: 51648
nat-tcp-v4 packets processed: 48576
maglev packets processed: 51712
nat-tcp-v4 packets processed: 48640
maglev packets processed: 51776
nat-tcp-v4 packets processed: 48704
maglev packets processed: 51840
nat-tcp-v4 packets processed: 48768
maglev packets processed: 51904
nat-tcp-v4 packets processed: 48832
maglev packets processed: 51968
maglev packets processed: 52032
nat-tcp-v4 packets processed: 48896
maglev packets processed: 52096
nat-tcp-v4 packets processed: 48960
maglev packets processed: 52160
nat-tcp-v4 packets processed: 49024
maglev packets processed: 52224
nat-tcp-v4 packets processed: 49088
maglev packets processed: 52288
nat-tcp-v4 packets processed: 49152
maglev packets processed: 52352
nat-tcp-v4 packets processed: 49216
maglev packets processed: 52416
nat-tcp-v4 packets processed: 49280
maglev packets processed: 52480
nat-tcp-v4 packets processed: 49344
maglev packets processed: 52544
nat-tcp-v4 packets processed: 49408
maglev packets processed: 52608
nat-tcp-v4 packets processed: 49472
maglev packets processed: 52672
maglev packets processed: 52736
nat-tcp-v4 packets processed: 49536
maglev packets processed: 52800
nat-tcp-v4 packets processed: 49600
maglev packets processed: 52864
nat-tcp-v4 packets processed: 49664
maglev packets processed: 52928
nat-tcp-v4 packets processed: 49728
maglev packets processed: 52992
nat-tcp-v4 packets processed: 49792
maglev packets processed: 53056
nat-tcp-v4 packets processed: 49856
maglev packets processed: 53120
nat-tcp-v4 packets processed: 49920
maglev packets processed: 53184
nat-tcp-v4 packets processed: 49984
maglev packets processed: 53248
nat-tcp-v4 packets processed: 50048
maglev packets processed: 53312
nat-tcp-v4 packets processed: 50112
maglev packets processed: 53376
maglev packets processed: 53440
nat-tcp-v4 packets processed: 50176
maglev packets processed: 53504
nat-tcp-v4 packets processed: 50240
maglev packets processed: 53568
nat-tcp-v4 packets processed: 50304
maglev packets processed: 53632
nat-tcp-v4 packets processed: 50368
maglev packets processed: 53696
nat-tcp-v4 packets processed: 50432
maglev packets processed: 53760
nat-tcp-v4 packets processed: 50496
maglev packets processed: 53824
nat-tcp-v4 packets processed: 50560
maglev packets processed: 53888
nat-tcp-v4 packets processed: 50624
maglev packets processed: 53952
nat-tcp-v4 packets processed: 50688
maglev packets processed: 54016
nat-tcp-v4 packets processed: 50752
maglev packets processed: 54080
nat-tcp-v4 packets processed: 50816
maglev packets processed: 54144
maglev packets processed: 54208
nat-tcp-v4 packets processed: 50880
maglev packets processed: 54272
nat-tcp-v4 packets processed: 50944
maglev packets processed: 54336
nat-tcp-v4 packets processed: 51008
maglev packets processed: 54400
nat-tcp-v4 packets processed: 51072
maglev packets processed: 54464
nat-tcp-v4 packets processed: 51136
maglev packets processed: 54528
nat-tcp-v4 packets processed: 51200
maglev packets processed: 54592
nat-tcp-v4 packets processed: 51264
maglev packets processed: 54656
nat-tcp-v4 packets processed: 51328
maglev packets processed: 54720
maglev packets processed: 54784
nat-tcp-v4 packets processed: 51392
maglev packets processed: 54848
nat-tcp-v4 packets processed: 51456
maglev packets processed: 54912
nat-tcp-v4 packets processed: 51520
maglev packets processed: 54976
nat-tcp-v4 packets processed: 51584
maglev packets processed: 55040
nat-tcp-v4 packets processed: 51648
maglev packets processed: 55104
nat-tcp-v4 packets processed: 51712
maglev packets processed: 55168
nat-tcp-v4 packets processed: 51776
maglev packets processed: 55232
nat-tcp-v4 packets processed: 51840
maglev packets processed: 55296
nat-tcp-v4 packets processed: 51904
maglev packets processed: 55360
nat-tcp-v4 packets processed: 51968
maglev packets processed: 55424
maglev packets processed: 55488
nat-tcp-v4 packets processed: 52032
maglev packets processed: 55552
nat-tcp-v4 packets processed: 52096
maglev packets processed: 55616
nat-tcp-v4 packets processed: 52160
maglev packets processed: 55680
nat-tcp-v4 packets processed: 52224
maglev packets processed: 55744
nat-tcp-v4 packets processed: 52288
maglev packets processed: 55808
nat-tcp-v4 packets processed: 52352
maglev packets processed: 55872
nat-tcp-v4 packets processed: 52416
maglev packets processed: 55936
nat-tcp-v4 packets processed: 52480
maglev packets processed: 56000
nat-tcp-v4 packets processed: 52544
maglev packets processed: 56064
nat-tcp-v4 packets processed: 52608
maglev packets processed: 56128
nat-tcp-v4 packets processed: 52672
maglev packets processed: 56192
maglev packets processed: 56256
nat-tcp-v4 packets processed: 52736
maglev packets processed: 56320
nat-tcp-v4 packets processed: 52800
maglev packets processed: 56384
nat-tcp-v4 packets processed: 52864
maglev packets processed: 56448
nat-tcp-v4 packets processed: 52928
maglev packets processed: 56512
nat-tcp-v4 packets processed: 52992
maglev packets processed: 56576
nat-tcp-v4 packets processed: 53056
maglev packets processed: 56640
nat-tcp-v4 packets processed: 53120
maglev packets processed: 56704
nat-tcp-v4 packets processed: 53184
maglev packets processed: 56768
nat-tcp-v4 packets processed: 53248
maglev packets processed: 56832
nat-tcp-v4 packets processed: 53312
maglev packets processed: 56896
maglev packets processed: 56960
nat-tcp-v4 packets processed: 53376
maglev packets processed: 57024
nat-tcp-v4 packets processed: 53440
maglev packets processed: 57088
nat-tcp-v4 packets processed: 53504
maglev packets processed: 57152
nat-tcp-v4 packets processed: 53568
maglev packets processed: 57216
nat-tcp-v4 packets processed: 53632
maglev packets processed: 57280
nat-tcp-v4 packets processed: 53696
maglev packets processed: 57344
nat-tcp-v4 packets processed: 53760
maglev packets processed: 57408
nat-tcp-v4 packets processed: 53824
maglev packets processed: 57472
nat-tcp-v4 packets processed: 53888
maglev packets processed: 57536
nat-tcp-v4 packets processed: 53952
maglev packets processed: 57600
maglev packets processed: 57664
nat-tcp-v4 packets processed: 54016
maglev packets processed: 57728
nat-tcp-v4 packets processed: 54080
maglev packets processed: 57792
nat-tcp-v4 packets processed: 54144
maglev packets processed: 57856
nat-tcp-v4 packets processed: 54208
maglev packets processed: 57920
nat-tcp-v4 packets processed: 54272
maglev packets processed: 57984
nat-tcp-v4 packets processed: 54336
maglev packets processed: 58048
nat-tcp-v4 packets processed: 54400
maglev packets processed: 58112
nat-tcp-v4 packets processed: 54464
maglev packets processed: 58176
nat-tcp-v4 packets processed: 54528
maglev packets processed: 58240
nat-tcp-v4 packets processed: 54592
maglev packets processed: 58304
maglev packets processed: 58368
nat-tcp-v4 packets processed: 54656
maglev packets processed: 58432
nat-tcp-v4 packets processed: 54720
maglev packets processed: 58496
nat-tcp-v4 packets processed: 54784
maglev packets processed: 58560
nat-tcp-v4 packets processed: 54848
maglev packets processed: 58624
nat-tcp-v4 packets processed: 54912
maglev packets processed: 58688
nat-tcp-v4 packets processed: 54976
maglev packets processed: 58752
nat-tcp-v4 packets processed: 55040
maglev packets processed: 58816
nat-tcp-v4 packets processed: 55104
maglev packets processed: 58880
nat-tcp-v4 packets processed: 55168
maglev packets processed: 58944
nat-tcp-v4 packets processed: 55232
maglev packets processed: 59008
maglev packets processed: 59072
nat-tcp-v4 packets processed: 55296
maglev packets processed: 59136
nat-tcp-v4 packets processed: 55360
maglev packets processed: 59200
nat-tcp-v4 packets processed: 55424
maglev packets processed: 59264
nat-tcp-v4 packets processed: 55488
maglev packets processed: 59328
nat-tcp-v4 packets processed: 55552
maglev packets processed: 59392
nat-tcp-v4 packets processed: 55616
maglev packets processed: 59456
nat-tcp-v4 packets processed: 55680
maglev packets processed: 59520
nat-tcp-v4 packets processed: 55744
maglev packets processed: 59584
nat-tcp-v4 packets processed: 55808
maglev packets processed: 59648
nat-tcp-v4 packets processed: 55872
maglev packets processed: 59712
maglev packets processed: 59776
nat-tcp-v4 packets processed: 55936
maglev packets processed: 59840
nat-tcp-v4 packets processed: 56000
maglev packets processed: 59904
nat-tcp-v4 packets processed: 56064
maglev packets processed: 59968
nat-tcp-v4 packets processed: 56128
maglev packets processed: 60032
nat-tcp-v4 packets processed: 56192
maglev packets processed: 60096
nat-tcp-v4 packets processed: 56256
maglev packets processed: 60160
nat-tcp-v4 packets processed: 56320
maglev packets processed: 60224
nat-tcp-v4 packets processed: 56384
maglev packets processed: 60288
nat-tcp-v4 packets processed: 56448
maglev packets processed: 60352
nat-tcp-v4 packets processed: 56512
maglev packets processed: 60416
maglev packets processed: 60480
nat-tcp-v4 packets processed: 56576
maglev packets processed: 60544
nat-tcp-v4 packets processed: 56640
maglev packets processed: 60608
nat-tcp-v4 packets processed: 56704
maglev packets processed: 60672
nat-tcp-v4 packets processed: 56768
maglev packets processed: 60736
nat-tcp-v4 packets processed: 56832
maglev packets processed: 60800
nat-tcp-v4 packets processed: 56896
maglev packets processed: 60864
nat-tcp-v4 packets processed: 56960
maglev packets processed: 60928
nat-tcp-v4 packets processed: 57024
maglev packets processed: 60992
nat-tcp-v4 packets processed: 57088
maglev packets processed: 61056
nat-tcp-v4 packets processed: 57152
maglev packets processed: 61120
maglev packets processed: 61184
nat-tcp-v4 packets processed: 57216
maglev packets processed: 61248
nat-tcp-v4 packets processed: 57280
maglev packets processed: 61312
nat-tcp-v4 packets processed: 57344
maglev packets processed: 61376
nat-tcp-v4 packets processed: 57408
maglev packets processed: 61440
nat-tcp-v4 packets processed: 57472
maglev packets processed: 61504
nat-tcp-v4 packets processed: 57536
maglev packets processed: 61568
nat-tcp-v4 packets processed: 57600
maglev packets processed: 61632
nat-tcp-v4 packets processed: 57664
maglev packets processed: 61696
nat-tcp-v4 packets processed: 57728
maglev packets processed: 61760
nat-tcp-v4 packets processed: 57792
maglev packets processed: 61824
nat-tcp-v4 packets processed: 57856
maglev packets processed: 61888
maglev packets processed: 61952
nat-tcp-v4 packets processed: 57920
maglev packets processed: 62016
nat-tcp-v4 packets processed: 57984
maglev packets processed: 62080
nat-tcp-v4 packets processed: 58048
maglev packets processed: 62144
nat-tcp-v4 packets processed: 58112
maglev packets processed: 62208
nat-tcp-v4 packets processed: 58176
maglev packets processed: 62272
nat-tcp-v4 packets processed: 58240
maglev packets processed: 62336
nat-tcp-v4 packets processed: 58304
maglev packets processed: 62400
nat-tcp-v4 packets processed: 58368
maglev packets processed: 62464
nat-tcp-v4 packets processed: 58432
maglev packets processed: 62528
nat-tcp-v4 packets processed: 58496
maglev packets processed: 62592
maglev packets processed: 62656
nat-tcp-v4 packets processed: 58560
maglev packets processed: 62720
nat-tcp-v4 packets processed: 58624
maglev packets processed: 62784
nat-tcp-v4 packets processed: 58688
maglev packets processed: 62848
nat-tcp-v4 packets processed: 58752
maglev packets processed: 62912
nat-tcp-v4 packets processed: 58816
maglev packets processed: 62976
nat-tcp-v4 packets processed: 58880
maglev packets processed: 63040
nat-tcp-v4 packets processed: 58944
maglev packets processed: 63104
nat-tcp-v4 packets processed: 59008
maglev packets processed: 63168
nat-tcp-v4 packets processed: 59072
maglev packets processed: 63232
nat-tcp-v4 packets processed: 59136
maglev packets processed: 63296
maglev packets processed: 63360
nat-tcp-v4 packets processed: 59200
maglev packets processed: 63424
nat-tcp-v4 packets processed: 59264
maglev packets processed: 63488
nat-tcp-v4 packets processed: 59328
maglev packets processed: 63552
nat-tcp-v4 packets processed: 59392
maglev packets processed: 63616
nat-tcp-v4 packets processed: 59456
maglev packets processed: 63680
nat-tcp-v4 packets processed: 59520
maglev packets processed: 63744
nat-tcp-v4 packets processed: 59584
maglev packets processed: 63808
nat-tcp-v4 packets processed: 59648
maglev packets processed: 63872
nat-tcp-v4 packets processed: 59712
maglev packets processed: 63936
nat-tcp-v4 packets processed: 59776
maglev packets processed: 64000
maglev packets processed: 64064
nat-tcp-v4 packets processed: 59840
maglev packets processed: 64128
nat-tcp-v4 packets processed: 59904
maglev packets processed: 64192
nat-tcp-v4 packets processed: 59968
maglev packets processed: 64256
nat-tcp-v4 packets processed: 60032
maglev packets processed: 64320
nat-tcp-v4 packets processed: 60096
maglev packets processed: 64384
nat-tcp-v4 packets processed: 60160
maglev packets processed: 64448
nat-tcp-v4 packets processed: 60224
maglev packets processed: 64512
nat-tcp-v4 packets processed: 60288
maglev packets processed: 64576
nat-tcp-v4 packets processed: 60352
maglev packets processed: 64640
nat-tcp-v4 packets processed: 60416
maglev packets processed: 64704
maglev packets processed: 64768
nat-tcp-v4 packets processed: 60480
maglev packets processed: 64832
nat-tcp-v4 packets processed: 60544
maglev packets processed: 64896
nat-tcp-v4 packets processed: 60608
maglev packets processed: 64960
nat-tcp-v4 packets processed: 60672
maglev packets processed: 65024
nat-tcp-v4 packets processed: 60736
maglev packets processed: 65088
nat-tcp-v4 packets processed: 60800
maglev packets processed: 65152
nat-tcp-v4 packets processed: 60864
maglev packets processed: 65216
nat-tcp-v4 packets processed: 60928
maglev packets processed: 65280
nat-tcp-v4 packets processed: 60992
maglev packets processed: 65344
nat-tcp-v4 packets processed: 61056
maglev packets processed: 65408
maglev packets processed: 65472
nat-tcp-v4 packets processed: 61120
maglev packets processed: 65536
nat-tcp-v4 packets processed: 61184
maglev packets processed: 65600
nat-tcp-v4 packets processed: 61248
maglev packets processed: 65664
nat-tcp-v4 packets processed: 61312
maglev packets processed: 65728
nat-tcp-v4 packets processed: 61376
maglev packets processed: 65792
nat-tcp-v4 packets processed: 61440
maglev packets processed: 65856
nat-tcp-v4 packets processed: 61504
maglev packets processed: 65920
nat-tcp-v4 packets processed: 61568
maglev packets processed: 65984
nat-tcp-v4 packets processed: 61632
maglev packets processed: 66048
nat-tcp-v4 packets processed: 61696
maglev packets processed: 66112
maglev packets processed: 66176
nat-tcp-v4 packets processed: 61760
maglev packets processed: 66240
nat-tcp-v4 packets processed: 61824
maglev packets processed: 66304
nat-tcp-v4 packets processed: 61888
maglev packets processed: 66368
nat-tcp-v4 packets processed: 61952
maglev packets processed: 66432
nat-tcp-v4 packets processed: 62016
maglev packets processed: 66496
nat-tcp-v4 packets processed: 62080
maglev packets processed: 66560
nat-tcp-v4 packets processed: 62144
maglev packets processed: 66624
nat-tcp-v4 packets processed: 62208
maglev packets processed: 66688
nat-tcp-v4 packets processed: 62272
maglev packets processed: 66752
nat-tcp-v4 packets processed: 62336
maglev packets processed: 66816
maglev packets processed: 66880
nat-tcp-v4 packets processed: 62400
maglev packets processed: 66944
nat-tcp-v4 packets processed: 62464
maglev packets processed: 67008
nat-tcp-v4 packets processed: 62528
maglev packets processed: 67072
nat-tcp-v4 packets processed: 62592
maglev packets processed: 67136
nat-tcp-v4 packets processed: 62656
maglev packets processed: 67200
nat-tcp-v4 packets processed: 62720
maglev packets processed: 67264
nat-tcp-v4 packets processed: 62784
maglev packets processed: 67328
nat-tcp-v4 packets processed: 62848
maglev packets processed: 67392
nat-tcp-v4 packets processed: 62912
maglev packets processed: 67456
nat-tcp-v4 packets processed: 62976
maglev packets processed: 67520
maglev packets processed: 67584
nat-tcp-v4 packets processed: 63040
maglev packets processed: 67648
nat-tcp-v4 packets processed: 63104
maglev packets processed: 67712
nat-tcp-v4 packets processed: 63168
maglev packets processed: 67776
nat-tcp-v4 packets processed: 63232
maglev packets processed: 67840
nat-tcp-v4 packets processed: 63296
maglev packets processed: 67904
nat-tcp-v4 packets processed: 63360
maglev packets processed: 67968
nat-tcp-v4 packets processed: 63424
maglev packets processed: 68032
nat-tcp-v4 packets processed: 63488
maglev packets processed: 68096
nat-tcp-v4 packets processed: 63552
maglev packets processed: 68160
nat-tcp-v4 packets processed: 63616
maglev packets processed: 68224
maglev packets processed: 68288
nat-tcp-v4 packets processed: 63680
maglev packets processed: 68352
nat-tcp-v4 packets processed: 63744
maglev packets processed: 68416
nat-tcp-v4 packets processed: 63808
maglev packets processed: 68480
nat-tcp-v4 packets processed: 63872
maglev packets processed: 68544
nat-tcp-v4 packets processed: 63936
maglev packets processed: 68608
nat-tcp-v4 packets processed: 64000
maglev packets processed: 68672
nat-tcp-v4 packets processed: 64064
maglev packets processed: 68736
nat-tcp-v4 packets processed: 64128
maglev packets processed: 68800
nat-tcp-v4 packets processed: 64192
maglev packets processed: 68864
nat-tcp-v4 packets processed: 64256
maglev packets processed: 68928
maglev packets processed: 68992
nat-tcp-v4 packets processed: 64320
maglev packets processed: 69056
nat-tcp-v4 packets processed: 64384
maglev packets processed: 69120
nat-tcp-v4 packets processed: 64448
maglev packets processed: 69184
nat-tcp-v4 packets processed: 64512
maglev packets processed: 69248
nat-tcp-v4 packets processed: 64576
maglev packets processed: 69312
nat-tcp-v4 packets processed: 64640
maglev packets processed: 69376
nat-tcp-v4 packets processed: 64704
maglev packets processed: 69440
nat-tcp-v4 packets processed: 64768
maglev packets processed: 69504
nat-tcp-v4 packets processed: 64832
maglev packets processed: 69568
nat-tcp-v4 packets processed: 64896
maglev packets processed: 69632
maglev packets processed: 69696
nat-tcp-v4 packets processed: 64960
maglev packets processed: 69760
nat-tcp-v4 packets processed: 65024
maglev packets processed: 69824
nat-tcp-v4 packets processed: 65088
maglev packets processed: 69888
nat-tcp-v4 packets processed: 65152
maglev packets processed: 69952
nat-tcp-v4 packets processed: 65216
maglev packets processed: 70016
nat-tcp-v4 packets processed: 65280
maglev packets processed: 70080
nat-tcp-v4 packets processed: 65344
maglev packets processed: 70144
nat-tcp-v4 packets processed: 65408
maglev packets processed: 70208
nat-tcp-v4 packets processed: 65472
maglev packets processed: 70272
maglev packets processed: 70336
nat-tcp-v4 packets processed: 65536
maglev packets processed: 70400
nat-tcp-v4 packets processed: 65600
maglev packets processed: 70464
nat-tcp-v4 packets processed: 65664
maglev packets processed: 70528
nat-tcp-v4 packets processed: 65728
maglev packets processed: 70592
nat-tcp-v4 packets processed: 65792
maglev packets processed: 70656
nat-tcp-v4 packets processed: 65856
maglev packets processed: 70720
nat-tcp-v4 packets processed: 65920
maglev packets processed: 70784
nat-tcp-v4 packets processed: 65984
maglev packets processed: 70848
nat-tcp-v4 packets processed: 66048
maglev packets processed: 70912
nat-tcp-v4 packets processed: 66112
maglev packets processed: 70976
nat-tcp-v4 packets processed: 66176
maglev packets processed: 71040
nat-tcp-v4 packets processed: 66240
maglev packets processed: 71104
nat-tcp-v4 packets processed: 66304
maglev packets processed: 71168
nat-tcp-v4 packets processed: 66368
maglev packets processed: 71232
nat-tcp-v4 packets processed: 66432
maglev packets processed: 71296
nat-tcp-v4 packets processed: 66496
maglev packets processed: 71360
nat-tcp-v4 packets processed: 66560
maglev packets processed: 71424
nat-tcp-v4 packets processed: 66624
maglev packets processed: 71488
nat-tcp-v4 packets processed: 66688
maglev packets processed: 71552
nat-tcp-v4 packets processed: 66752
maglev packets processed: 71616
nat-tcp-v4 packets processed: 66816
maglev packets processed: 71680
nat-tcp-v4 packets processed: 66880
maglev packets processed: 71744
nat-tcp-v4 packets processed: 66944
maglev packets processed: 71808
nat-tcp-v4 packets processed: 67008
maglev packets processed: 71872
nat-tcp-v4 packets processed: 67072
maglev packets processed: 71936
nat-tcp-v4 packets processed: 67136
maglev packets processed: 72000
nat-tcp-v4 packets processed: 67200
maglev packets processed: 72064
nat-tcp-v4 packets processed: 67264
maglev packets processed: 72128
nat-tcp-v4 packets processed: 67328
maglev packets processed: 72192
nat-tcp-v4 packets processed: 67392
maglev packets processed: 72256
nat-tcp-v4 packets processed: 67456
maglev packets processed: 72320
nat-tcp-v4 packets processed: 67520
maglev packets processed: 72384
nat-tcp-v4 packets processed: 67584
maglev packets processed: 72448
nat-tcp-v4 packets processed: 67648
maglev packets processed: 72512
nat-tcp-v4 packets processed: 67712
maglev packets processed: 72576
nat-tcp-v4 packets processed: 67776
maglev packets processed: 72640
nat-tcp-v4 packets processed: 67840
maglev packets processed: 72704
nat-tcp-v4 packets processed: 67904
maglev packets processed: 72768
nat-tcp-v4 packets processed: 67968
maglev packets processed: 72832
nat-tcp-v4 packets processed: 68032
maglev packets processed: 72896
nat-tcp-v4 packets processed: 68096
maglev packets processed: 72960
nat-tcp-v4 packets processed: 68160
maglev packets processed: 73024
nat-tcp-v4 packets processed: 68224
maglev packets processed: 73088
nat-tcp-v4 packets processed: 68288
maglev packets processed: 73152
nat-tcp-v4 packets processed: 68352
maglev packets processed: 73216
nat-tcp-v4 packets processed: 68416
maglev packets processed: 73280
nat-tcp-v4 packets processed: 68480
maglev packets processed: 73344
nat-tcp-v4 packets processed: 68544
maglev packets processed: 73408
nat-tcp-v4 packets processed: 68608
maglev packets processed: 73472
nat-tcp-v4 packets processed: 68672
maglev packets processed: 73536
maglev packets processed: 73600
nat-tcp-v4 packets processed: 68736
maglev packets processed: 73664
nat-tcp-v4 packets processed: 68800
maglev packets processed: 73728
nat-tcp-v4 packets processed: 68864
maglev packets processed: 73792
nat-tcp-v4 packets processed: 68928
maglev packets processed: 73856
nat-tcp-v4 packets processed: 68992
maglev packets processed: 73920
nat-tcp-v4 packets processed: 69056
maglev packets processed: 73984
nat-tcp-v4 packets processed: 69120
maglev packets processed: 74048
nat-tcp-v4 packets processed: 69184
maglev packets processed: 74112
nat-tcp-v4 packets processed: 69248
maglev packets processed: 74176
nat-tcp-v4 packets processed: 69312
maglev packets processed: 74240
nat-tcp-v4 packets processed: 69376
maglev packets processed: 74304
nat-tcp-v4 packets processed: 69440
maglev packets processed: 74368
nat-tcp-v4 packets processed: 69504
maglev packets processed: 74432
nat-tcp-v4 packets processed: 69568
maglev packets processed: 74496
nat-tcp-v4 packets processed: 69632
maglev packets processed: 74560
nat-tcp-v4 packets processed: 69696
maglev packets processed: 74624
nat-tcp-v4 packets processed: 69760
maglev packets processed: 74688
nat-tcp-v4 packets processed: 69824
maglev packets processed: 74752
nat-tcp-v4 packets processed: 69888
maglev packets processed: 74816
nat-tcp-v4 packets processed: 69952
maglev packets processed: 74880
nat-tcp-v4 packets processed: 70016
maglev packets processed: 74944
nat-tcp-v4 packets processed: 70080
maglev packets processed: 75008
nat-tcp-v4 packets processed: 70144
maglev packets processed: 75072
nat-tcp-v4 packets processed: 70208
maglev packets processed: 75136
nat-tcp-v4 packets processed: 70272
maglev packets processed: 75200
nat-tcp-v4 packets processed: 70336
maglev packets processed: 75264
a thread in cpu0 reached the max instruction count @ 526992438612
Switched CPUS @ tick 526992438612
Changing memory mode to timing
switching cpus
**** REAL SIMULATION ****
info: Entering event queue @ 526992438612.  Starting simulation...
nat-tcp-v4 packets processed: 70400
maglev packets processed: 75328
nat-tcp-v4 packets processed: 70464
maglev packets processed: 75392
nat-tcp-v4 packets processed: 70528
maglev packets processed: 75456
nat-tcp-v4 packets processed: 70592
maglev packets processed: 75520
nat-tcp-v4 packets processed: 70656
maglev packets processed: 75584
nat-tcp-v4 packets processed: 70720
maglev packets processed: 75648
nat-tcp-v4 packets processed: 70784
maglev packets processed: 75712
nat-tcp-v4 packets processed: 70848
maglev packets processed: 75776
nat-tcp-v4 packets processed: 70912
maglev packets processed: 75840
nat-tcp-v4 packets processed: 70976
maglev packets processed: 75904
nat-tcp-v4 packets processed: 71040
maglev packets processed: 75968
nat-tcp-v4 packets processed: 71104
maglev packets processed: 76032
nat-tcp-v4 packets processed: 71168
maglev packets processed: 76096
a thread in cpu1 reached the max instruction count @ 530532793632
Exiting @ tick 530586204243 because a thread in cpu0 reached the max instruction count
