gem5 Simulator System.  http://gem5.org
gem5 is copyrighted software; use the --copyright option for details.

gem5 compiled Jan 31 2020 21:24:01
gem5 started Jan 31 2020 21:25:53
gem5 executing on node-0.yangzhou-qv63200.lambda-mpi-pg0.clemson.cloudlab.us
command line: build/ARM/gem5.fast --remote-gdb-port=0 --outdir=/users/yangzhou/GEM5_DRAMSim2/sgx_nic/m5out/detailed_dpi_512kB_none --stats-file=detailed_dpi_512kB_none_stats.txt configs/dramsim2/dramsim2_se.py --cpu-type=detailed --clock=2.4GHz --cacheline_size=128 --caches --l2cache --l2config=shared --l2_size=512kB --l2_assoc=16 --dramsim2 --tpturnlength=6 --devicecfg=./ext/DRAMSim2/ini/DDR3_micron_16M_8B_x8_sg15.ini --systemcfg=./ext/DRAMSim2/system_none.ini --outputfile=/dev/null --fast-forward=1000000000 --maxinsts=10000000 --maxtick=2000000000000 --numpids=1 --p0=/users/yangzhou/NF-GEM5/dpi
Global frequency set at 1000000000000 ticks per second
device file: ./ext/DRAMSim2/ini/DDR3_micron_16M_8B_x8_sg15.ini
system file: ./ext/DRAMSim2/system_none.ini
output file: /dev/null
DEBUGSTR My tpTurnLength is 6
genTrace is 0
finish initializing memory controller
CPU Clock = 2398MHz
DRAM Clock = 1600MHz
Memory Capacity = 16384MB
Switch at instruction count:1000000000
info: Entering event queue @ 0.  Starting simulation...
info: Increasing stack size by one page.
acsmMaxStates: 724071
acsmNumStates: 467695
ac restore done!
trying to open file /users/yangzhou/ictf2010_100kflow.dat
opening succeeds
Reading pkt trace done!
average pkt size = 607.092021
dpi packets processed: 32
dpi packets processed: 64
dpi packets processed: 96
dpi packets processed: 128
dpi packets processed: 160
dpi packets processed: 192
dpi packets processed: 224
dpi packets processed: 256
dpi packets processed: 288
dpi packets processed: 320
dpi packets processed: 352
dpi packets processed: 384
dpi packets processed: 416
dpi packets processed: 448
dpi packets processed: 480
dpi packets processed: 512
dpi packets processed: 544
dpi packets processed: 576
dpi packets processed: 608
dpi packets processed: 640
dpi packets processed: 672
dpi packets processed: 704
dpi packets processed: 736
dpi packets processed: 768
dpi packets processed: 800
dpi packets processed: 832
dpi packets processed: 864
dpi packets processed: 896
dpi packets processed: 928
dpi packets processed: 960
dpi packets processed: 992
dpi packets processed: 1024
dpi packets processed: 1056
dpi packets processed: 1088
dpi packets processed: 1120
dpi packets processed: 1152
dpi packets processed: 1184
dpi packets processed: 1216
dpi packets processed: 1248
dpi packets processed: 1280
dpi packets processed: 1312
dpi packets processed: 1344
dpi packets processed: 1376
dpi packets processed: 1408
dpi packets processed: 1440
dpi packets processed: 1472
dpi packets processed: 1504
dpi packets processed: 1536
dpi packets processed: 1568
dpi packets processed: 1600
dpi packets processed: 1632
dpi packets processed: 1664
dpi packets processed: 1696
dpi packets processed: 1728
dpi packets processed: 1760
dpi packets processed: 1792
dpi packets processed: 1824
dpi packets processed: 1856
dpi packets processed: 1888
dpi packets processed: 1920
dpi packets processed: 1952
dpi packets processed: 1984
dpi packets processed: 2016
dpi packets processed: 2048
dpi packets processed: 2080
dpi packets processed: 2112
dpi packets processed: 2144
dpi packets processed: 2176
dpi packets processed: 2208
dpi packets processed: 2240
dpi packets processed: 2272
dpi packets processed: 2304
dpi packets processed: 2336
dpi packets processed: 2368
dpi packets processed: 2400
dpi packets processed: 2432
dpi packets processed: 2464
dpi packets processed: 2496
dpi packets processed: 2528
dpi packets processed: 2560
dpi packets processed: 2592
dpi packets processed: 2624
dpi packets processed: 2656
dpi packets processed: 2688
dpi packets processed: 2720
dpi packets processed: 2752
dpi packets processed: 2784
dpi packets processed: 2816
dpi packets processed: 2848
dpi packets processed: 2880
dpi packets processed: 2912
dpi packets processed: 2944
dpi packets processed: 2976
dpi packets processed: 3008
dpi packets processed: 3040
dpi packets processed: 3072
dpi packets processed: 3104
dpi packets processed: 3136
dpi packets processed: 3168
dpi packets processed: 3200
dpi packets processed: 3232
dpi packets processed: 3264
dpi packets processed: 3296
dpi packets processed: 3328
dpi packets processed: 3360
dpi packets processed: 3392
dpi packets processed: 3424
dpi packets processed: 3456
dpi packets processed: 3488
dpi packets processed: 3520
dpi packets processed: 3552
dpi packets processed: 3584
dpi packets processed: 3616
dpi packets processed: 3648
dpi packets processed: 3680
dpi packets processed: 3712
dpi packets processed: 3744
dpi packets processed: 3776
dpi packets processed: 3808
dpi packets processed: 3840
dpi packets processed: 3872
dpi packets processed: 3904
dpi packets processed: 3936
dpi packets processed: 3968
dpi packets processed: 4000
dpi packets processed: 4032
dpi packets processed: 4064
dpi packets processed: 4096
dpi packets processed: 4128
dpi packets processed: 4160
dpi packets processed: 4192
dpi packets processed: 4224
dpi packets processed: 4256
dpi packets processed: 4288
dpi packets processed: 4320
dpi packets processed: 4352
dpi packets processed: 4384
dpi packets processed: 4416
dpi packets processed: 4448
dpi packets processed: 4480
dpi packets processed: 4512
dpi packets processed: 4544
dpi packets processed: 4576
dpi packets processed: 4608
dpi packets processed: 4640
dpi packets processed: 4672
dpi packets processed: 4704
dpi packets processed: 4736
dpi packets processed: 4768
dpi packets processed: 4800
dpi packets processed: 4832
dpi packets processed: 4864
dpi packets processed: 4896
dpi packets processed: 4928
dpi packets processed: 4960
dpi packets processed: 4992
dpi packets processed: 5024
dpi packets processed: 5056
dpi packets processed: 5088
dpi packets processed: 5120
dpi packets processed: 5152
dpi packets processed: 5184
dpi packets processed: 5216
dpi packets processed: 5248
dpi packets processed: 5280
dpi packets processed: 5312
dpi packets processed: 5344
dpi packets processed: 5376
dpi packets processed: 5408
dpi packets processed: 5440
dpi packets processed: 5472
dpi packets processed: 5504
dpi packets processed: 5536
dpi packets processed: 5568
dpi packets processed: 5600
dpi packets processed: 5632
dpi packets processed: 5664
dpi packets processed: 5696
dpi packets processed: 5728
dpi packets processed: 5760
dpi packets processed: 5792
dpi packets processed: 5824
dpi packets processed: 5856
dpi packets processed: 5888
dpi packets processed: 5920
dpi packets processed: 5952
dpi packets processed: 5984
dpi packets processed: 6016
dpi packets processed: 6048
dpi packets processed: 6080
dpi packets processed: 6112
dpi packets processed: 6144
dpi packets processed: 6176
dpi packets processed: 6208
dpi packets processed: 6240
dpi packets processed: 6272
dpi packets processed: 6304
dpi packets processed: 6336
dpi packets processed: 6368
dpi packets processed: 6400
dpi packets processed: 6432
dpi packets processed: 6464
dpi packets processed: 6496
dpi packets processed: 6528
dpi packets processed: 6560
dpi packets processed: 6592
dpi packets processed: 6624
dpi packets processed: 6656
dpi packets processed: 6688
dpi packets processed: 6720
dpi packets processed: 6752
dpi packets processed: 6784
dpi packets processed: 6816
dpi packets processed: 6848
dpi packets processed: 6880
dpi packets processed: 6912
dpi packets processed: 6944
dpi packets processed: 6976
dpi packets processed: 7008
dpi packets processed: 7040
dpi packets processed: 7072
dpi packets processed: 7104
dpi packets processed: 7136
dpi packets processed: 7168
dpi packets processed: 7200
dpi packets processed: 7232
dpi packets processed: 7264
dpi packets processed: 7296
dpi packets processed: 7328
dpi packets processed: 7360
dpi packets processed: 7392
dpi packets processed: 7424
dpi packets processed: 7456
dpi packets processed: 7488
dpi packets processed: 7520
dpi packets processed: 7552
dpi packets processed: 7584
dpi packets processed: 7616
dpi packets processed: 7648
dpi packets processed: 7680
dpi packets processed: 7712
dpi packets processed: 7744
dpi packets processed: 7776
dpi packets processed: 7808
dpi packets processed: 7840
dpi packets processed: 7872
dpi packets processed: 7904
dpi packets processed: 7936
dpi packets processed: 7968
dpi packets processed: 8000
dpi packets processed: 8032
dpi packets processed: 8064
dpi packets processed: 8096
dpi packets processed: 8128
dpi packets processed: 8160
dpi packets processed: 8192
dpi packets processed: 8224
dpi packets processed: 8256
dpi packets processed: 8288
dpi packets processed: 8320
dpi packets processed: 8352
dpi packets processed: 8384
dpi packets processed: 8416
dpi packets processed: 8448
dpi packets processed: 8480
dpi packets processed: 8512
dpi packets processed: 8544
dpi packets processed: 8576
dpi packets processed: 8608
dpi packets processed: 8640
dpi packets processed: 8672
dpi packets processed: 8704
dpi packets processed: 8736
dpi packets processed: 8768
dpi packets processed: 8800
dpi packets processed: 8832
dpi packets processed: 8864
dpi packets processed: 8896
dpi packets processed: 8928
dpi packets processed: 8960
dpi packets processed: 8992
dpi packets processed: 9024
dpi packets processed: 9056
dpi packets processed: 9088
dpi packets processed: 9120
dpi packets processed: 9152
dpi packets processed: 9184
dpi packets processed: 9216
dpi packets processed: 9248
dpi packets processed: 9280
dpi packets processed: 9312
dpi packets processed: 9344
dpi packets processed: 9376
dpi packets processed: 9408
dpi packets processed: 9440
dpi packets processed: 9472
dpi packets processed: 9504
dpi packets processed: 9536
dpi packets processed: 9568
dpi packets processed: 9600
dpi packets processed: 9632
dpi packets processed: 9664
dpi packets processed: 9696
dpi packets processed: 9728
dpi packets processed: 9760
dpi packets processed: 9792
dpi packets processed: 9824
dpi packets processed: 9856
dpi packets processed: 9888
dpi packets processed: 9920
dpi packets processed: 9952
dpi packets processed: 9984
dpi packets processed: 10016
dpi packets processed: 10048
dpi packets processed: 10080
dpi packets processed: 10112
dpi packets processed: 10144
dpi packets processed: 10176
dpi packets processed: 10208
dpi packets processed: 10240
dpi packets processed: 10272
dpi packets processed: 10304
dpi packets processed: 10336
dpi packets processed: 10368
dpi packets processed: 10400
dpi packets processed: 10432
dpi packets processed: 10464
dpi packets processed: 10496
dpi packets processed: 10528
dpi packets processed: 10560
dpi packets processed: 10592
dpi packets processed: 10624
dpi packets processed: 10656
dpi packets processed: 10688
dpi packets processed: 10720
dpi packets processed: 10752
dpi packets processed: 10784
dpi packets processed: 10816
dpi packets processed: 10848
dpi packets processed: 10880
dpi packets processed: 10912
dpi packets processed: 10944
dpi packets processed: 10976
dpi packets processed: 11008
dpi packets processed: 11040
dpi packets processed: 11072
dpi packets processed: 11104
dpi packets processed: 11136
dpi packets processed: 11168
dpi packets processed: 11200
dpi packets processed: 11232
dpi packets processed: 11264
dpi packets processed: 11296
dpi packets processed: 11328
dpi packets processed: 11360
dpi packets processed: 11392
dpi packets processed: 11424
dpi packets processed: 11456
dpi packets processed: 11488
dpi packets processed: 11520
dpi packets processed: 11552
dpi packets processed: 11584
dpi packets processed: 11616
dpi packets processed: 11648
dpi packets processed: 11680
dpi packets processed: 11712
dpi packets processed: 11744
dpi packets processed: 11776
dpi packets processed: 11808
dpi packets processed: 11840
dpi packets processed: 11872
dpi packets processed: 11904
dpi packets processed: 11936
dpi packets processed: 11968
dpi packets processed: 12000
dpi packets processed: 12032
dpi packets processed: 12064
dpi packets processed: 12096
dpi packets processed: 12128
dpi packets processed: 12160
dpi packets processed: 12192
dpi packets processed: 12224
dpi packets processed: 12256
dpi packets processed: 12288
dpi packets processed: 12320
dpi packets processed: 12352
dpi packets processed: 12384
dpi packets processed: 12416
dpi packets processed: 12448
dpi packets processed: 12480
dpi packets processed: 12512
dpi packets processed: 12544
dpi packets processed: 12576
dpi packets processed: 12608
dpi packets processed: 12640
dpi packets processed: 12672
dpi packets processed: 12704
dpi packets processed: 12736
dpi packets processed: 12768
dpi packets processed: 12800
dpi packets processed: 12832
dpi packets processed: 12864
dpi packets processed: 12896
dpi packets processed: 12928
dpi packets processed: 12960
dpi packets processed: 12992
dpi packets processed: 13024
dpi packets processed: 13056
dpi packets processed: 13088
dpi packets processed: 13120
dpi packets processed: 13152
dpi packets processed: 13184
dpi packets processed: 13216
dpi packets processed: 13248
dpi packets processed: 13280
dpi packets processed: 13312
dpi packets processed: 13344
dpi packets processed: 13376
dpi packets processed: 13408
dpi packets processed: 13440
dpi packets processed: 13472
dpi packets processed: 13504
dpi packets processed: 13536
dpi packets processed: 13568
dpi packets processed: 13600
dpi packets processed: 13632
dpi packets processed: 13664
dpi packets processed: 13696
dpi packets processed: 13728
dpi packets processed: 13760
dpi packets processed: 13792
dpi packets processed: 13824
dpi packets processed: 13856
dpi packets processed: 13888
dpi packets processed: 13920
dpi packets processed: 13952
dpi packets processed: 13984
dpi packets processed: 14016
dpi packets processed: 14048
dpi packets processed: 14080
dpi packets processed: 14112
dpi packets processed: 14144
dpi packets processed: 14176
dpi packets processed: 14208
dpi packets processed: 14240
dpi packets processed: 14272
dpi packets processed: 14304
dpi packets processed: 14336
dpi packets processed: 14368
dpi packets processed: 14400
dpi packets processed: 14432
dpi packets processed: 14464
dpi packets processed: 14496
dpi packets processed: 14528
dpi packets processed: 14560
dpi packets processed: 14592
dpi packets processed: 14624
dpi packets processed: 14656
dpi packets processed: 14688
dpi packets processed: 14720
dpi packets processed: 14752
dpi packets processed: 14784
dpi packets processed: 14816
dpi packets processed: 14848
dpi packets processed: 14880
dpi packets processed: 14912
dpi packets processed: 14944
dpi packets processed: 14976
dpi packets processed: 15008
dpi packets processed: 15040
dpi packets processed: 15072
dpi packets processed: 15104
dpi packets processed: 15136
dpi packets processed: 15168
dpi packets processed: 15200
dpi packets processed: 15232
dpi packets processed: 15264
dpi packets processed: 15296
dpi packets processed: 15328
dpi packets processed: 15360
dpi packets processed: 15392
dpi packets processed: 15424
dpi packets processed: 15456
dpi packets processed: 15488
dpi packets processed: 15520
dpi packets processed: 15552
dpi packets processed: 15584
dpi packets processed: 15616
dpi packets processed: 15648
dpi packets processed: 15680
dpi packets processed: 15712
dpi packets processed: 15744
dpi packets processed: 15776
dpi packets processed: 15808
dpi packets processed: 15840
dpi packets processed: 15872
dpi packets processed: 15904
dpi packets processed: 15936
dpi packets processed: 15968
dpi packets processed: 16000
dpi packets processed: 16032
dpi packets processed: 16064
dpi packets processed: 16096
dpi packets processed: 16128
dpi packets processed: 16160
dpi packets processed: 16192
dpi packets processed: 16224
dpi packets processed: 16256
dpi packets processed: 16288
dpi packets processed: 16320
dpi packets processed: 16352
dpi packets processed: 16384
dpi packets processed: 16416
dpi packets processed: 16448
dpi packets processed: 16480
dpi packets processed: 16512
dpi packets processed: 16544
dpi packets processed: 16576
dpi packets processed: 16608
dpi packets processed: 16640
dpi packets processed: 16672
dpi packets processed: 16704
dpi packets processed: 16736
dpi packets processed: 16768
dpi packets processed: 16800
dpi packets processed: 16832
dpi packets processed: 16864
dpi packets processed: 16896
dpi packets processed: 16928
dpi packets processed: 16960
dpi packets processed: 16992
dpi packets processed: 17024
dpi packets processed: 17056
dpi packets processed: 17088
dpi packets processed: 17120
dpi packets processed: 17152
dpi packets processed: 17184
dpi packets processed: 17216
dpi packets processed: 17248
dpi packets processed: 17280
dpi packets processed: 17312
dpi packets processed: 17344
dpi packets processed: 17376
dpi packets processed: 17408
dpi packets processed: 17440
dpi packets processed: 17472
dpi packets processed: 17504
dpi packets processed: 17536
dpi packets processed: 17568
dpi packets processed: 17600
dpi packets processed: 17632
dpi packets processed: 17664
dpi packets processed: 17696
dpi packets processed: 17728
dpi packets processed: 17760
dpi packets processed: 17792
dpi packets processed: 17824
dpi packets processed: 17856
dpi packets processed: 17888
dpi packets processed: 17920
dpi packets processed: 17952
dpi packets processed: 17984
dpi packets processed: 18016
dpi packets processed: 18048
dpi packets processed: 18080
dpi packets processed: 18112
dpi packets processed: 18144
dpi packets processed: 18176
dpi packets processed: 18208
dpi packets processed: 18240
dpi packets processed: 18272
dpi packets processed: 18304
dpi packets processed: 18336
dpi packets processed: 18368
dpi packets processed: 18400
dpi packets processed: 18432
dpi packets processed: 18464
dpi packets processed: 18496
dpi packets processed: 18528
dpi packets processed: 18560
dpi packets processed: 18592
dpi packets processed: 18624
dpi packets processed: 18656
dpi packets processed: 18688
dpi packets processed: 18720
dpi packets processed: 18752
dpi packets processed: 18784
dpi packets processed: 18816
dpi packets processed: 18848
dpi packets processed: 18880
dpi packets processed: 18912
dpi packets processed: 18944
dpi packets processed: 18976
dpi packets processed: 19008
dpi packets processed: 19040
dpi packets processed: 19072
dpi packets processed: 19104
dpi packets processed: 19136
dpi packets processed: 19168
dpi packets processed: 19200
dpi packets processed: 19232
dpi packets processed: 19264
dpi packets processed: 19296
dpi packets processed: 19328
dpi packets processed: 19360
dpi packets processed: 19392
dpi packets processed: 19424
dpi packets processed: 19456
dpi packets processed: 19488
dpi packets processed: 19520
dpi packets processed: 19552
dpi packets processed: 19584
dpi packets processed: 19616
dpi packets processed: 19648
dpi packets processed: 19680
dpi packets processed: 19712
dpi packets processed: 19744
dpi packets processed: 19776
dpi packets processed: 19808
dpi packets processed: 19840
dpi packets processed: 19872
dpi packets processed: 19904
dpi packets processed: 19936
dpi packets processed: 19968
dpi packets processed: 20000
dpi packets processed: 20032
dpi packets processed: 20064
dpi packets processed: 20096
dpi packets processed: 20128
dpi packets processed: 20160
dpi packets processed: 20192
dpi packets processed: 20224
dpi packets processed: 20256
dpi packets processed: 20288
dpi packets processed: 20320
dpi packets processed: 20352
dpi packets processed: 20384
dpi packets processed: 20416
dpi packets processed: 20448
dpi packets processed: 20480
dpi packets processed: 20512
dpi packets processed: 20544
dpi packets processed: 20576
dpi packets processed: 20608
dpi packets processed: 20640
dpi packets processed: 20672
dpi packets processed: 20704
dpi packets processed: 20736
dpi packets processed: 20768
dpi packets processed: 20800
dpi packets processed: 20832
dpi packets processed: 20864
dpi packets processed: 20896
dpi packets processed: 20928
dpi packets processed: 20960
dpi packets processed: 20992
dpi packets processed: 21024
dpi packets processed: 21056
dpi packets processed: 21088
dpi packets processed: 21120
dpi packets processed: 21152
dpi packets processed: 21184
dpi packets processed: 21216
dpi packets processed: 21248
dpi packets processed: 21280
dpi packets processed: 21312
dpi packets processed: 21344
dpi packets processed: 21376
dpi packets processed: 21408
dpi packets processed: 21440
dpi packets processed: 21472
dpi packets processed: 21504
dpi packets processed: 21536
dpi packets processed: 21568
dpi packets processed: 21600
dpi packets processed: 21632
dpi packets processed: 21664
dpi packets processed: 21696
dpi packets processed: 21728
dpi packets processed: 21760
dpi packets processed: 21792
dpi packets processed: 21824
dpi packets processed: 21856
dpi packets processed: 21888
dpi packets processed: 21920
dpi packets processed: 21952
dpi packets processed: 21984
dpi packets processed: 22016
dpi packets processed: 22048
dpi packets processed: 22080
dpi packets processed: 22112
dpi packets processed: 22144
dpi packets processed: 22176
dpi packets processed: 22208
dpi packets processed: 22240
dpi packets processed: 22272
dpi packets processed: 22304
dpi packets processed: 22336
dpi packets processed: 22368
dpi packets processed: 22400
dpi packets processed: 22432
dpi packets processed: 22464
dpi packets processed: 22496
dpi packets processed: 22528
dpi packets processed: 22560
dpi packets processed: 22592
dpi packets processed: 22624
dpi packets processed: 22656
dpi packets processed: 22688
dpi packets processed: 22720
dpi packets processed: 22752
dpi packets processed: 22784
dpi packets processed: 22816
dpi packets processed: 22848
dpi packets processed: 22880
dpi packets processed: 22912
dpi packets processed: 22944
dpi packets processed: 22976
dpi packets processed: 23008
dpi packets processed: 23040
dpi packets processed: 23072
dpi packets processed: 23104
dpi packets processed: 23136
dpi packets processed: 23168
dpi packets processed: 23200
dpi packets processed: 23232
dpi packets processed: 23264
dpi packets processed: 23296
dpi packets processed: 23328
dpi packets processed: 23360
dpi packets processed: 23392
dpi packets processed: 23424
dpi packets processed: 23456
dpi packets processed: 23488
dpi packets processed: 23520
dpi packets processed: 23552
dpi packets processed: 23584
dpi packets processed: 23616
dpi packets processed: 23648
dpi packets processed: 23680
dpi packets processed: 23712
dpi packets processed: 23744
dpi packets processed: 23776
dpi packets processed: 23808
dpi packets processed: 23840
dpi packets processed: 23872
dpi packets processed: 23904
dpi packets processed: 23936
dpi packets processed: 23968
dpi packets processed: 24000
dpi packets processed: 24032
dpi packets processed: 24064
dpi packets processed: 24096
dpi packets processed: 24128
dpi packets processed: 24160
dpi packets processed: 24192
dpi packets processed: 24224
dpi packets processed: 24256
dpi packets processed: 24288
dpi packets processed: 24320
dpi packets processed: 24352
dpi packets processed: 24384
dpi packets processed: 24416
dpi packets processed: 24448
dpi packets processed: 24480
dpi packets processed: 24512
dpi packets processed: 24544
dpi packets processed: 24576
dpi packets processed: 24608
dpi packets processed: 24640
dpi packets processed: 24672
dpi packets processed: 24704
dpi packets processed: 24736
dpi packets processed: 24768
dpi packets processed: 24800
dpi packets processed: 24832
dpi packets processed: 24864
dpi packets processed: 24896
dpi packets processed: 24928
dpi packets processed: 24960
dpi packets processed: 24992
dpi packets processed: 25024
dpi packets processed: 25056
dpi packets processed: 25088
dpi packets processed: 25120
dpi packets processed: 25152
dpi packets processed: 25184
dpi packets processed: 25216
dpi packets processed: 25248
dpi packets processed: 25280
dpi packets processed: 25312
dpi packets processed: 25344
dpi packets processed: 25376
dpi packets processed: 25408
dpi packets processed: 25440
dpi packets processed: 25472
a thread in cpu0 reached the max instruction count @ 571559572152
Switched CPUS @ tick 571559572152
Changing memory mode to timing
switching cpus
**** REAL SIMULATION ****
info: Entering event queue @ 571559572152.  Starting simulation...
dpi packets processed: 25504
dpi packets processed: 25536
dpi packets processed: 25568
dpi packets processed: 25600
dpi packets processed: 25632
dpi packets processed: 25664
dpi packets processed: 25696
dpi packets processed: 25728
dpi packets processed: 25760
dpi packets processed: 25792
dpi packets processed: 25824
dpi packets processed: 25856
dpi packets processed: 25888
dpi packets processed: 25920
dpi packets processed: 25952
dpi packets processed: 25984
Exiting @ tick 574882602618 because a thread in cpu0 reached the max instruction count
