gem5 Simulator System.  http://gem5.org
gem5 is copyrighted software; use the --copyright option for details.

gem5 compiled Jan 31 2020 21:24:43
gem5 started Jan 31 2020 21:26:10
gem5 executing on node-0.yangzhou-qv63856.lambda-mpi-pg0.clemson.cloudlab.us
command line: build/ARM/gem5.fast --remote-gdb-port=0 --outdir=/users/yangzhou/GEM5_DRAMSim2/sgx_nic/m5out/detailed_dpi.monitoring_256kB_none --stats-file=detailed_dpi.monitoring_256kB_none_stats.txt configs/dramsim2/dramsim2_se.py --cpu-type=detailed --clock=2.4GHz --cacheline_size=128 --caches --l2cache --l2config=shared --l2_size=256kB --l2_assoc=16 --dramsim2 --tpturnlength=6 --devicecfg=./ext/DRAMSim2/ini/DDR3_micron_16M_8B_x8_sg15.ini --systemcfg=./ext/DRAMSim2/system_none.ini --outputfile=/dev/null --fast-forward=1000000000 --maxinsts=10000000 --maxtick=2000000000000 --numpids=2 --p0=/users/yangzhou/NF-GEM5/dpi --p1=/users/yangzhou/NF-GEM5/monitoring
Global frequency set at 1000000000000 ticks per second
device file: ./ext/DRAMSim2/ini/DDR3_micron_16M_8B_x8_sg15.ini
system file: ./ext/DRAMSim2/system_none.ini
output file: /dev/null
DEBUGSTR My tpTurnLength is 6
genTrace is 0
finish initializing memory controller
CPU Clock = 2398MHz
DRAM Clock = 1600MHz
Memory Capacity = 16384MB
Switch at instruction count:1000000000
info: Entering event queue @ 0.  Starting simulation...
info: Increasing stack size by one page.
info: Increasing stack size by one page.
value_t size: 4B
acsmMaxStates: 724071
memory size: 10.063114MB
acsmNumStates: 467695
trying to open file /users/yangzhou/ictf2010_100kflow.dat
opening succeeds
Reading pkt trace done!
average pkt size = 607.092021
monitoring packets processed: 64
monitoring packets processed: 128
monitoring packets processed: 192
monitoring packets processed: 256
monitoring packets processed: 320
monitoring packets processed: 384
monitoring packets processed: 448
monitoring packets processed: 512
monitoring packets processed: 576
monitoring packets processed: 640
monitoring packets processed: 704
monitoring packets processed: 768
monitoring packets processed: 832
monitoring packets processed: 896
monitoring packets processed: 960
monitoring packets processed: 1024
monitoring packets processed: 1088
monitoring packets processed: 1152
monitoring packets processed: 1216
monitoring packets processed: 1280
monitoring packets processed: 1344
monitoring packets processed: 1408
monitoring packets processed: 1472
monitoring packets processed: 1536
monitoring packets processed: 1600
monitoring packets processed: 1664
monitoring packets processed: 1728
monitoring packets processed: 1792
monitoring packets processed: 1856
monitoring packets processed: 1920
monitoring packets processed: 1984
monitoring packets processed: 2048
monitoring packets processed: 2112
monitoring packets processed: 2176
monitoring packets processed: 2240
monitoring packets processed: 2304
monitoring packets processed: 2368
monitoring packets processed: 2432
monitoring packets processed: 2496
monitoring packets processed: 2560
monitoring packets processed: 2624
monitoring packets processed: 2688
monitoring packets processed: 2752
monitoring packets processed: 2816
monitoring packets processed: 2880
monitoring packets processed: 2944
monitoring packets processed: 3008
monitoring packets processed: 3072
monitoring packets processed: 3136
monitoring packets processed: 3200
monitoring packets processed: 3264
monitoring packets processed: 3328
monitoring packets processed: 3392
monitoring packets processed: 3456
monitoring packets processed: 3520
monitoring packets processed: 3584
monitoring packets processed: 3648
monitoring packets processed: 3712
monitoring packets processed: 3776
monitoring packets processed: 3840
monitoring packets processed: 3904
monitoring packets processed: 3968
monitoring packets processed: 4032
monitoring packets processed: 4096
monitoring packets processed: 4160
monitoring packets processed: 4224
monitoring packets processed: 4288
monitoring packets processed: 4352
monitoring packets processed: 4416
monitoring packets processed: 4480
monitoring packets processed: 4544
monitoring packets processed: 4608
monitoring packets processed: 4672
monitoring packets processed: 4736
monitoring packets processed: 4800
monitoring packets processed: 4864
monitoring packets processed: 4928
monitoring packets processed: 4992
monitoring packets processed: 5056
monitoring packets processed: 5120
monitoring packets processed: 5184
monitoring packets processed: 5248
monitoring packets processed: 5312
monitoring packets processed: 5376
monitoring packets processed: 5440
monitoring packets processed: 5504
monitoring packets processed: 5568
monitoring packets processed: 5632
monitoring packets processed: 5696
monitoring packets processed: 5760
monitoring packets processed: 5824
monitoring packets processed: 5888
monitoring packets processed: 5952
monitoring packets processed: 6016
monitoring packets processed: 6080
monitoring packets processed: 6144
monitoring packets processed: 6208
monitoring packets processed: 6272
monitoring packets processed: 6336
monitoring packets processed: 6400
monitoring packets processed: 6464
monitoring packets processed: 6528
monitoring packets processed: 6592
monitoring packets processed: 6656
monitoring packets processed: 6720
monitoring packets processed: 6784
monitoring packets processed: 6848
monitoring packets processed: 6912
monitoring packets processed: 6976
monitoring packets processed: 7040
monitoring packets processed: 7104
monitoring packets processed: 7168
monitoring packets processed: 7232
monitoring packets processed: 7296
monitoring packets processed: 7360
monitoring packets processed: 7424
monitoring packets processed: 7488
monitoring packets processed: 7552
monitoring packets processed: 7616
monitoring packets processed: 7680
monitoring packets processed: 7744
monitoring packets processed: 7808
monitoring packets processed: 7872
monitoring packets processed: 7936
monitoring packets processed: 8000
monitoring packets processed: 8064
monitoring packets processed: 8128
monitoring packets processed: 8192
monitoring packets processed: 8256
monitoring packets processed: 8320
monitoring packets processed: 8384
monitoring packets processed: 8448
monitoring packets processed: 8512
monitoring packets processed: 8576
monitoring packets processed: 8640
monitoring packets processed: 8704
monitoring packets processed: 8768
monitoring packets processed: 8832
monitoring packets processed: 8896
monitoring packets processed: 8960
monitoring packets processed: 9024
monitoring packets processed: 9088
monitoring packets processed: 9152
monitoring packets processed: 9216
monitoring packets processed: 9280
monitoring packets processed: 9344
monitoring packets processed: 9408
monitoring packets processed: 9472
monitoring packets processed: 9536
monitoring packets processed: 9600
monitoring packets processed: 9664
monitoring packets processed: 9728
monitoring packets processed: 9792
monitoring packets processed: 9856
monitoring packets processed: 9920
monitoring packets processed: 9984
monitoring packets processed: 10048
monitoring packets processed: 10112
monitoring packets processed: 10176
monitoring packets processed: 10240
monitoring packets processed: 10304
monitoring packets processed: 10368
monitoring packets processed: 10432
monitoring packets processed: 10496
monitoring packets processed: 10560
monitoring packets processed: 10624
monitoring packets processed: 10688
monitoring packets processed: 10752
monitoring packets processed: 10816
monitoring packets processed: 10880
monitoring packets processed: 10944
monitoring packets processed: 11008
monitoring packets processed: 11072
monitoring packets processed: 11136
monitoring packets processed: 11200
monitoring packets processed: 11264
monitoring packets processed: 11328
monitoring packets processed: 11392
monitoring packets processed: 11456
monitoring packets processed: 11520
monitoring packets processed: 11584
monitoring packets processed: 11648
monitoring packets processed: 11712
monitoring packets processed: 11776
monitoring packets processed: 11840
monitoring packets processed: 11904
monitoring packets processed: 11968
monitoring packets processed: 12032
monitoring packets processed: 12096
monitoring packets processed: 12160
monitoring packets processed: 12224
monitoring packets processed: 12288
monitoring packets processed: 12352
monitoring packets processed: 12416
monitoring packets processed: 12480
monitoring packets processed: 12544
monitoring packets processed: 12608
monitoring packets processed: 12672
monitoring packets processed: 12736
monitoring packets processed: 12800
monitoring packets processed: 12864
monitoring packets processed: 12928
monitoring packets processed: 12992
monitoring packets processed: 13056
monitoring packets processed: 13120
monitoring packets processed: 13184
monitoring packets processed: 13248
monitoring packets processed: 13312
monitoring packets processed: 13376
monitoring packets processed: 13440
monitoring packets processed: 13504
monitoring packets processed: 13568
monitoring packets processed: 13632
monitoring packets processed: 13696
monitoring packets processed: 13760
monitoring packets processed: 13824
monitoring packets processed: 13888
monitoring packets processed: 13952
monitoring packets processed: 14016
monitoring packets processed: 14080
monitoring packets processed: 14144
monitoring packets processed: 14208
monitoring packets processed: 14272
monitoring packets processed: 14336
monitoring packets processed: 14400
monitoring packets processed: 14464
monitoring packets processed: 14528
monitoring packets processed: 14592
monitoring packets processed: 14656
monitoring packets processed: 14720
monitoring packets processed: 14784
monitoring packets processed: 14848
monitoring packets processed: 14912
monitoring packets processed: 14976
monitoring packets processed: 15040
monitoring packets processed: 15104
monitoring packets processed: 15168
monitoring packets processed: 15232
monitoring packets processed: 15296
monitoring packets processed: 15360
monitoring packets processed: 15424
monitoring packets processed: 15488
monitoring packets processed: 15552
monitoring packets processed: 15616
monitoring packets processed: 15680
monitoring packets processed: 15744
monitoring packets processed: 15808
monitoring packets processed: 15872
monitoring packets processed: 15936
monitoring packets processed: 16000
monitoring packets processed: 16064
monitoring packets processed: 16128
monitoring packets processed: 16192
monitoring packets processed: 16256
monitoring packets processed: 16320
monitoring packets processed: 16384
monitoring packets processed: 16448
monitoring packets processed: 16512
monitoring packets processed: 16576
monitoring packets processed: 16640
monitoring packets processed: 16704
monitoring packets processed: 16768
monitoring packets processed: 16832
monitoring packets processed: 16896
monitoring packets processed: 16960
monitoring packets processed: 17024
monitoring packets processed: 17088
monitoring packets processed: 17152
monitoring packets processed: 17216
monitoring packets processed: 17280
monitoring packets processed: 17344
monitoring packets processed: 17408
monitoring packets processed: 17472
monitoring packets processed: 17536
monitoring packets processed: 17600
monitoring packets processed: 17664
monitoring packets processed: 17728
monitoring packets processed: 17792
monitoring packets processed: 17856
monitoring packets processed: 17920
monitoring packets processed: 17984
monitoring packets processed: 18048
monitoring packets processed: 18112
monitoring packets processed: 18176
monitoring packets processed: 18240
monitoring packets processed: 18304
monitoring packets processed: 18368
monitoring packets processed: 18432
monitoring packets processed: 18496
monitoring packets processed: 18560
monitoring packets processed: 18624
monitoring packets processed: 18688
monitoring packets processed: 18752
monitoring packets processed: 18816
monitoring packets processed: 18880
monitoring packets processed: 18944
monitoring packets processed: 19008
monitoring packets processed: 19072
monitoring packets processed: 19136
monitoring packets processed: 19200
monitoring packets processed: 19264
monitoring packets processed: 19328
monitoring packets processed: 19392
monitoring packets processed: 19456
monitoring packets processed: 19520
monitoring packets processed: 19584
monitoring packets processed: 19648
monitoring packets processed: 19712
monitoring packets processed: 19776
monitoring packets processed: 19840
monitoring packets processed: 19904
monitoring packets processed: 19968
monitoring packets processed: 20032
monitoring packets processed: 20096
monitoring packets processed: 20160
monitoring packets processed: 20224
monitoring packets processed: 20288
monitoring packets processed: 20352
monitoring packets processed: 20416
monitoring packets processed: 20480
monitoring packets processed: 20544
monitoring packets processed: 20608
monitoring packets processed: 20672
monitoring packets processed: 20736
monitoring packets processed: 20800
monitoring packets processed: 20864
monitoring packets processed: 20928
monitoring packets processed: 20992
monitoring packets processed: 21056
monitoring packets processed: 21120
monitoring packets processed: 21184
monitoring packets processed: 21248
monitoring packets processed: 21312
monitoring packets processed: 21376
monitoring packets processed: 21440
monitoring packets processed: 21504
monitoring packets processed: 21568
monitoring packets processed: 21632
monitoring packets processed: 21696
monitoring packets processed: 21760
monitoring packets processed: 21824
monitoring packets processed: 21888
monitoring packets processed: 21952
monitoring packets processed: 22016
monitoring packets processed: 22080
monitoring packets processed: 22144
monitoring packets processed: 22208
monitoring packets processed: 22272
monitoring packets processed: 22336
monitoring packets processed: 22400
monitoring packets processed: 22464
monitoring packets processed: 22528
monitoring packets processed: 22592
monitoring packets processed: 22656
monitoring packets processed: 22720
monitoring packets processed: 22784
monitoring packets processed: 22848
monitoring packets processed: 22912
monitoring packets processed: 22976
monitoring packets processed: 23040
monitoring packets processed: 23104
monitoring packets processed: 23168
monitoring packets processed: 23232
monitoring packets processed: 23296
monitoring packets processed: 23360
monitoring packets processed: 23424
monitoring packets processed: 23488
monitoring packets processed: 23552
monitoring packets processed: 23616
monitoring packets processed: 23680
monitoring packets processed: 23744
monitoring packets processed: 23808
monitoring packets processed: 23872
monitoring packets processed: 23936
monitoring packets processed: 24000
monitoring packets processed: 24064
monitoring packets processed: 24128
monitoring packets processed: 24192
monitoring packets processed: 24256
monitoring packets processed: 24320
monitoring packets processed: 24384
monitoring packets processed: 24448
monitoring packets processed: 24512
monitoring packets processed: 24576
monitoring packets processed: 24640
monitoring packets processed: 24704
monitoring packets processed: 24768
monitoring packets processed: 24832
monitoring packets processed: 24896
monitoring packets processed: 24960
monitoring packets processed: 25024
monitoring packets processed: 25088
monitoring packets processed: 25152
monitoring packets processed: 25216
monitoring packets processed: 25280
monitoring packets processed: 25344
monitoring packets processed: 25408
monitoring packets processed: 25472
monitoring packets processed: 25536
monitoring packets processed: 25600
monitoring packets processed: 25664
monitoring packets processed: 25728
monitoring packets processed: 25792
monitoring packets processed: 25856
monitoring packets processed: 25920
monitoring packets processed: 25984
monitoring packets processed: 26048
monitoring packets processed: 26112
monitoring packets processed: 26176
monitoring packets processed: 26240
monitoring packets processed: 26304
monitoring packets processed: 26368
monitoring packets processed: 26432
monitoring packets processed: 26496
monitoring packets processed: 26560
monitoring packets processed: 26624
monitoring packets processed: 26688
monitoring packets processed: 26752
monitoring packets processed: 26816
monitoring packets processed: 26880
monitoring packets processed: 26944
monitoring packets processed: 27008
monitoring packets processed: 27072
monitoring packets processed: 27136
monitoring packets processed: 27200
monitoring packets processed: 27264
monitoring packets processed: 27328
monitoring packets processed: 27392
monitoring packets processed: 27456
monitoring packets processed: 27520
monitoring packets processed: 27584
monitoring packets processed: 27648
monitoring packets processed: 27712
monitoring packets processed: 27776
monitoring packets processed: 27840
monitoring packets processed: 27904
monitoring packets processed: 27968
monitoring packets processed: 28032
monitoring packets processed: 28096
monitoring packets processed: 28160
monitoring packets processed: 28224
monitoring packets processed: 28288
monitoring packets processed: 28352
monitoring packets processed: 28416
monitoring packets processed: 28480
monitoring packets processed: 28544
monitoring packets processed: 28608
monitoring packets processed: 28672
monitoring packets processed: 28736
monitoring packets processed: 28800
monitoring packets processed: 28864
monitoring packets processed: 28928
monitoring packets processed: 28992
monitoring packets processed: 29056
monitoring packets processed: 29120
monitoring packets processed: 29184
monitoring packets processed: 29248
monitoring packets processed: 29312
monitoring packets processed: 29376
monitoring packets processed: 29440
monitoring packets processed: 29504
monitoring packets processed: 29568
monitoring packets processed: 29632
monitoring packets processed: 29696
monitoring packets processed: 29760
monitoring packets processed: 29824
monitoring packets processed: 29888
monitoring packets processed: 29952
monitoring packets processed: 30016
monitoring packets processed: 30080
monitoring packets processed: 30144
monitoring packets processed: 30208
monitoring packets processed: 30272
monitoring packets processed: 30336
monitoring packets processed: 30400
monitoring packets processed: 30464
monitoring packets processed: 30528
monitoring packets processed: 30592
monitoring packets processed: 30656
monitoring packets processed: 30720
monitoring packets processed: 30784
monitoring packets processed: 30848
monitoring packets processed: 30912
monitoring packets processed: 30976
monitoring packets processed: 31040
monitoring packets processed: 31104
monitoring packets processed: 31168
monitoring packets processed: 31232
monitoring packets processed: 31296
monitoring packets processed: 31360
monitoring packets processed: 31424
monitoring packets processed: 31488
monitoring packets processed: 31552
monitoring packets processed: 31616
monitoring packets processed: 31680
monitoring packets processed: 31744
monitoring packets processed: 31808
monitoring packets processed: 31872
monitoring packets processed: 31936
monitoring packets processed: 32000
monitoring packets processed: 32064
monitoring packets processed: 32128
monitoring packets processed: 32192
monitoring packets processed: 32256
monitoring packets processed: 32320
monitoring packets processed: 32384
monitoring packets processed: 32448
monitoring packets processed: 32512
monitoring packets processed: 32576
monitoring packets processed: 32640
monitoring packets processed: 32704
monitoring packets processed: 32768
monitoring packets processed: 32832
monitoring packets processed: 32896
monitoring packets processed: 32960
monitoring packets processed: 33024
monitoring packets processed: 33088
monitoring packets processed: 33152
monitoring packets processed: 33216
monitoring packets processed: 33280
ac restore done!
trying to open file /users/yangzhou/ictf2010_100kflow.dat
opening succeeds
monitoring packets processed: 33344
monitoring packets processed: 33408
monitoring packets processed: 33472
monitoring packets processed: 33536
monitoring packets processed: 33600
monitoring packets processed: 33664
monitoring packets processed: 33728
monitoring packets processed: 33792
monitoring packets processed: 33856
monitoring packets processed: 33920
monitoring packets processed: 33984
monitoring packets processed: 34048
monitoring packets processed: 34112
monitoring packets processed: 34176
monitoring packets processed: 34240
monitoring packets processed: 34304
monitoring packets processed: 34368
monitoring packets processed: 34432
monitoring packets processed: 34496
monitoring packets processed: 34560
monitoring packets processed: 34624
monitoring packets processed: 34688
monitoring packets processed: 34752
monitoring packets processed: 34816
monitoring packets processed: 34880
monitoring packets processed: 34944
monitoring packets processed: 35008
monitoring packets processed: 35072
monitoring packets processed: 35136
monitoring packets processed: 35200
monitoring packets processed: 35264
monitoring packets processed: 35328
monitoring packets processed: 35392
monitoring packets processed: 35456
monitoring packets processed: 35520
monitoring packets processed: 35584
monitoring packets processed: 35648
monitoring packets processed: 35712
monitoring packets processed: 35776
monitoring packets processed: 35840
monitoring packets processed: 35904
monitoring packets processed: 35968
monitoring packets processed: 36032
monitoring packets processed: 36096
monitoring packets processed: 36160
monitoring packets processed: 36224
monitoring packets processed: 36288
monitoring packets processed: 36352
monitoring packets processed: 36416
monitoring packets processed: 36480
monitoring packets processed: 36544
monitoring packets processed: 36608
monitoring packets processed: 36672
monitoring packets processed: 36736
monitoring packets processed: 36800
monitoring packets processed: 36864
monitoring packets processed: 36928
monitoring packets processed: 36992
monitoring packets processed: 37056
monitoring packets processed: 37120
monitoring packets processed: 37184
monitoring packets processed: 37248
monitoring packets processed: 37312
monitoring packets processed: 37376
monitoring packets processed: 37440
monitoring packets processed: 37504
monitoring packets processed: 37568
monitoring packets processed: 37632
monitoring packets processed: 37696
monitoring packets processed: 37760
monitoring packets processed: 37824
monitoring packets processed: 37888
monitoring packets processed: 37952
monitoring packets processed: 38016
monitoring packets processed: 38080
monitoring packets processed: 38144
monitoring packets processed: 38208
monitoring packets processed: 38272
monitoring packets processed: 38336
monitoring packets processed: 38400
monitoring packets processed: 38464
monitoring packets processed: 38528
monitoring packets processed: 38592
monitoring packets processed: 38656
monitoring packets processed: 38720
monitoring packets processed: 38784
monitoring packets processed: 38848
monitoring packets processed: 38912
monitoring packets processed: 38976
monitoring packets processed: 39040
monitoring packets processed: 39104
monitoring packets processed: 39168
monitoring packets processed: 39232
monitoring packets processed: 39296
monitoring packets processed: 39360
monitoring packets processed: 39424
monitoring packets processed: 39488
monitoring packets processed: 39552
monitoring packets processed: 39616
monitoring packets processed: 39680
monitoring packets processed: 39744
monitoring packets processed: 39808
monitoring packets processed: 39872
monitoring packets processed: 39936
monitoring packets processed: 40000
monitoring packets processed: 40064
monitoring packets processed: 40128
monitoring packets processed: 40192
monitoring packets processed: 40256
monitoring packets processed: 40320
monitoring packets processed: 40384
monitoring packets processed: 40448
monitoring packets processed: 40512
monitoring packets processed: 40576
monitoring packets processed: 40640
monitoring packets processed: 40704
monitoring packets processed: 40768
monitoring packets processed: 40832
monitoring packets processed: 40896
monitoring packets processed: 40960
monitoring packets processed: 41024
monitoring packets processed: 41088
monitoring packets processed: 41152
monitoring packets processed: 41216
monitoring packets processed: 41280
monitoring packets processed: 41344
monitoring packets processed: 41408
monitoring packets processed: 41472
monitoring packets processed: 41536
monitoring packets processed: 41600
monitoring packets processed: 41664
monitoring packets processed: 41728
monitoring packets processed: 41792
monitoring packets processed: 41856
monitoring packets processed: 41920
monitoring packets processed: 41984
monitoring packets processed: 42048
monitoring packets processed: 42112
monitoring packets processed: 42176
monitoring packets processed: 42240
monitoring packets processed: 42304
monitoring packets processed: 42368
monitoring packets processed: 42432
monitoring packets processed: 42496
monitoring packets processed: 42560
monitoring packets processed: 42624
monitoring packets processed: 42688
monitoring packets processed: 42752
monitoring packets processed: 42816
monitoring packets processed: 42880
monitoring packets processed: 42944
monitoring packets processed: 43008
Reading pkt trace done!
average pkt size = 607.092021
monitoring packets processed: 43072
monitoring packets processed: 43136
dpi packets processed: 64
monitoring packets processed: 43200
dpi packets processed: 128
monitoring packets processed: 43264
monitoring packets processed: 43328
dpi packets processed: 192
monitoring packets processed: 43392
dpi packets processed: 256
monitoring packets processed: 43456
monitoring packets processed: 43520
dpi packets processed: 320
monitoring packets processed: 43584
monitoring packets processed: 43648
dpi packets processed: 384
monitoring packets processed: 43712
dpi packets processed: 448
monitoring packets processed: 43776
monitoring packets processed: 43840
dpi packets processed: 512
monitoring packets processed: 43904
dpi packets processed: 576
monitoring packets processed: 43968
monitoring packets processed: 44032
dpi packets processed: 640
monitoring packets processed: 44096
monitoring packets processed: 44160
dpi packets processed: 704
monitoring packets processed: 44224
dpi packets processed: 768
monitoring packets processed: 44288
monitoring packets processed: 44352
dpi packets processed: 832
monitoring packets processed: 44416
dpi packets processed: 896
monitoring packets processed: 44480
monitoring packets processed: 44544
dpi packets processed: 960
monitoring packets processed: 44608
monitoring packets processed: 44672
dpi packets processed: 1024
monitoring packets processed: 44736
dpi packets processed: 1088
monitoring packets processed: 44800
monitoring packets processed: 44864
dpi packets processed: 1152
monitoring packets processed: 44928
dpi packets processed: 1216
monitoring packets processed: 44992
monitoring packets processed: 45056
dpi packets processed: 1280
monitoring packets processed: 45120
dpi packets processed: 1344
monitoring packets processed: 45184
monitoring packets processed: 45248
dpi packets processed: 1408
monitoring packets processed: 45312
dpi packets processed: 1472
monitoring packets processed: 45376
monitoring packets processed: 45440
dpi packets processed: 1536
monitoring packets processed: 45504
monitoring packets processed: 45568
dpi packets processed: 1600
monitoring packets processed: 45632
dpi packets processed: 1664
monitoring packets processed: 45696
monitoring packets processed: 45760
dpi packets processed: 1728
monitoring packets processed: 45824
monitoring packets processed: 45888
dpi packets processed: 1792
monitoring packets processed: 45952
dpi packets processed: 1856
monitoring packets processed: 46016
monitoring packets processed: 46080
dpi packets processed: 1920
monitoring packets processed: 46144
dpi packets processed: 1984
monitoring packets processed: 46208
monitoring packets processed: 46272
dpi packets processed: 2048
monitoring packets processed: 46336
dpi packets processed: 2112
monitoring packets processed: 46400
monitoring packets processed: 46464
dpi packets processed: 2176
monitoring packets processed: 46528
monitoring packets processed: 46592
dpi packets processed: 2240
monitoring packets processed: 46656
dpi packets processed: 2304
monitoring packets processed: 46720
monitoring packets processed: 46784
dpi packets processed: 2368
monitoring packets processed: 46848
dpi packets processed: 2432
monitoring packets processed: 46912
monitoring packets processed: 46976
dpi packets processed: 2496
monitoring packets processed: 47040
dpi packets processed: 2560
monitoring packets processed: 47104
monitoring packets processed: 47168
dpi packets processed: 2624
monitoring packets processed: 47232
dpi packets processed: 2688
monitoring packets processed: 47296
monitoring packets processed: 47360
dpi packets processed: 2752
monitoring packets processed: 47424
dpi packets processed: 2816
monitoring packets processed: 47488
monitoring packets processed: 47552
dpi packets processed: 2880
monitoring packets processed: 47616
dpi packets processed: 2944
monitoring packets processed: 47680
monitoring packets processed: 47744
dpi packets processed: 3008
monitoring packets processed: 47808
dpi packets processed: 3072
monitoring packets processed: 47872
monitoring packets processed: 47936
dpi packets processed: 3136
monitoring packets processed: 48000
dpi packets processed: 3200
monitoring packets processed: 48064
monitoring packets processed: 48128
dpi packets processed: 3264
monitoring packets processed: 48192
dpi packets processed: 3328
monitoring packets processed: 48256
monitoring packets processed: 48320
dpi packets processed: 3392
monitoring packets processed: 48384
dpi packets processed: 3456
monitoring packets processed: 48448
monitoring packets processed: 48512
dpi packets processed: 3520
monitoring packets processed: 48576
dpi packets processed: 3584
monitoring packets processed: 48640
monitoring packets processed: 48704
dpi packets processed: 3648
monitoring packets processed: 48768
dpi packets processed: 3712
monitoring packets processed: 48832
monitoring packets processed: 48896
dpi packets processed: 3776
monitoring packets processed: 48960
monitoring packets processed: 49024
dpi packets processed: 3840
monitoring packets processed: 49088
dpi packets processed: 3904
monitoring packets processed: 49152
monitoring packets processed: 49216
dpi packets processed: 3968
monitoring packets processed: 49280
dpi packets processed: 4032
monitoring packets processed: 49344
monitoring packets processed: 49408
dpi packets processed: 4096
monitoring packets processed: 49472
monitoring packets processed: 49536
dpi packets processed: 4160
monitoring packets processed: 49600
dpi packets processed: 4224
monitoring packets processed: 49664
monitoring packets processed: 49728
dpi packets processed: 4288
monitoring packets processed: 49792
dpi packets processed: 4352
monitoring packets processed: 49856
monitoring packets processed: 49920
dpi packets processed: 4416
monitoring packets processed: 49984
dpi packets processed: 4480
monitoring packets processed: 50048
monitoring packets processed: 50112
dpi packets processed: 4544
monitoring packets processed: 50176
dpi packets processed: 4608
monitoring packets processed: 50240
monitoring packets processed: 50304
dpi packets processed: 4672
monitoring packets processed: 50368
monitoring packets processed: 50432
dpi packets processed: 4736
monitoring packets processed: 50496
dpi packets processed: 4800
monitoring packets processed: 50560
monitoring packets processed: 50624
dpi packets processed: 4864
monitoring packets processed: 50688
dpi packets processed: 4928
monitoring packets processed: 50752
monitoring packets processed: 50816
dpi packets processed: 4992
monitoring packets processed: 50880
dpi packets processed: 5056
monitoring packets processed: 50944
monitoring packets processed: 51008
dpi packets processed: 5120
monitoring packets processed: 51072
dpi packets processed: 5184
monitoring packets processed: 51136
monitoring packets processed: 51200
dpi packets processed: 5248
monitoring packets processed: 51264
monitoring packets processed: 51328
dpi packets processed: 5312
monitoring packets processed: 51392
dpi packets processed: 5376
monitoring packets processed: 51456
monitoring packets processed: 51520
dpi packets processed: 5440
monitoring packets processed: 51584
dpi packets processed: 5504
monitoring packets processed: 51648
monitoring packets processed: 51712
dpi packets processed: 5568
monitoring packets processed: 51776
monitoring packets processed: 51840
dpi packets processed: 5632
monitoring packets processed: 51904
dpi packets processed: 5696
monitoring packets processed: 51968
dpi packets processed: 5760
monitoring packets processed: 52032
monitoring packets processed: 52096
dpi packets processed: 5824
monitoring packets processed: 52160
dpi packets processed: 5888
monitoring packets processed: 52224
monitoring packets processed: 52288
dpi packets processed: 5952
monitoring packets processed: 52352
dpi packets processed: 6016
monitoring packets processed: 52416
monitoring packets processed: 52480
dpi packets processed: 6080
monitoring packets processed: 52544
dpi packets processed: 6144
monitoring packets processed: 52608
monitoring packets processed: 52672
dpi packets processed: 6208
monitoring packets processed: 52736
monitoring packets processed: 52800
dpi packets processed: 6272
monitoring packets processed: 52864
dpi packets processed: 6336
monitoring packets processed: 52928
monitoring packets processed: 52992
dpi packets processed: 6400
monitoring packets processed: 53056
monitoring packets processed: 53120
dpi packets processed: 6464
monitoring packets processed: 53184
dpi packets processed: 6528
monitoring packets processed: 53248
monitoring packets processed: 53312
dpi packets processed: 6592
monitoring packets processed: 53376
dpi packets processed: 6656
monitoring packets processed: 53440
monitoring packets processed: 53504
dpi packets processed: 6720
monitoring packets processed: 53568
monitoring packets processed: 53632
dpi packets processed: 6784
monitoring packets processed: 53696
dpi packets processed: 6848
monitoring packets processed: 53760
monitoring packets processed: 53824
dpi packets processed: 6912
monitoring packets processed: 53888
dpi packets processed: 6976
monitoring packets processed: 53952
monitoring packets processed: 54016
dpi packets processed: 7040
monitoring packets processed: 54080
dpi packets processed: 7104
monitoring packets processed: 54144
monitoring packets processed: 54208
dpi packets processed: 7168
monitoring packets processed: 54272
dpi packets processed: 7232
monitoring packets processed: 54336
monitoring packets processed: 54400
dpi packets processed: 7296
monitoring packets processed: 54464
dpi packets processed: 7360
monitoring packets processed: 54528
monitoring packets processed: 54592
dpi packets processed: 7424
monitoring packets processed: 54656
monitoring packets processed: 54720
dpi packets processed: 7488
monitoring packets processed: 54784
dpi packets processed: 7552
monitoring packets processed: 54848
monitoring packets processed: 54912
dpi packets processed: 7616
monitoring packets processed: 54976
dpi packets processed: 7680
monitoring packets processed: 55040
monitoring packets processed: 55104
dpi packets processed: 7744
monitoring packets processed: 55168
dpi packets processed: 7808
monitoring packets processed: 55232
monitoring packets processed: 55296
dpi packets processed: 7872
monitoring packets processed: 55360
dpi packets processed: 7936
monitoring packets processed: 55424
monitoring packets processed: 55488
dpi packets processed: 8000
monitoring packets processed: 55552
dpi packets processed: 8064
monitoring packets processed: 55616
monitoring packets processed: 55680
dpi packets processed: 8128
monitoring packets processed: 55744
dpi packets processed: 8192
monitoring packets processed: 55808
monitoring packets processed: 55872
dpi packets processed: 8256
monitoring packets processed: 55936
monitoring packets processed: 56000
dpi packets processed: 8320
monitoring packets processed: 56064
dpi packets processed: 8384
monitoring packets processed: 56128
dpi packets processed: 8448
monitoring packets processed: 56192
monitoring packets processed: 56256
dpi packets processed: 8512
monitoring packets processed: 56320
dpi packets processed: 8576
monitoring packets processed: 56384
monitoring packets processed: 56448
dpi packets processed: 8640
monitoring packets processed: 56512
dpi packets processed: 8704
monitoring packets processed: 56576
monitoring packets processed: 56640
dpi packets processed: 8768
monitoring packets processed: 56704
dpi packets processed: 8832
monitoring packets processed: 56768
monitoring packets processed: 56832
dpi packets processed: 8896
monitoring packets processed: 56896
dpi packets processed: 8960
monitoring packets processed: 56960
monitoring packets processed: 57024
dpi packets processed: 9024
monitoring packets processed: 57088
dpi packets processed: 9088
monitoring packets processed: 57152
monitoring packets processed: 57216
dpi packets processed: 9152
monitoring packets processed: 57280
monitoring packets processed: 57344
dpi packets processed: 9216
monitoring packets processed: 57408
dpi packets processed: 9280
monitoring packets processed: 57472
monitoring packets processed: 57536
dpi packets processed: 9344
monitoring packets processed: 57600
dpi packets processed: 9408
monitoring packets processed: 57664
monitoring packets processed: 57728
dpi packets processed: 9472
monitoring packets processed: 57792
monitoring packets processed: 57856
dpi packets processed: 9536
monitoring packets processed: 57920
dpi packets processed: 9600
monitoring packets processed: 57984
dpi packets processed: 9664
monitoring packets processed: 58048
monitoring packets processed: 58112
dpi packets processed: 9728
monitoring packets processed: 58176
monitoring packets processed: 58240
dpi packets processed: 9792
monitoring packets processed: 58304
dpi packets processed: 9856
monitoring packets processed: 58368
monitoring packets processed: 58432
dpi packets processed: 9920
monitoring packets processed: 58496
monitoring packets processed: 58560
dpi packets processed: 9984
monitoring packets processed: 58624
dpi packets processed: 10048
monitoring packets processed: 58688
monitoring packets processed: 58752
dpi packets processed: 10112
monitoring packets processed: 58816
dpi packets processed: 10176
monitoring packets processed: 58880
monitoring packets processed: 58944
dpi packets processed: 10240
monitoring packets processed: 59008
monitoring packets processed: 59072
dpi packets processed: 10304
monitoring packets processed: 59136
dpi packets processed: 10368
monitoring packets processed: 59200
monitoring packets processed: 59264
dpi packets processed: 10432
monitoring packets processed: 59328
dpi packets processed: 10496
monitoring packets processed: 59392
monitoring packets processed: 59456
dpi packets processed: 10560
monitoring packets processed: 59520
monitoring packets processed: 59584
dpi packets processed: 10624
monitoring packets processed: 59648
dpi packets processed: 10688
monitoring packets processed: 59712
monitoring packets processed: 59776
dpi packets processed: 10752
monitoring packets processed: 59840
dpi packets processed: 10816
monitoring packets processed: 59904
monitoring packets processed: 59968
dpi packets processed: 10880
monitoring packets processed: 60032
monitoring packets processed: 60096
dpi packets processed: 10944
monitoring packets processed: 60160
dpi packets processed: 11008
monitoring packets processed: 60224
monitoring packets processed: 60288
dpi packets processed: 11072
monitoring packets processed: 60352
dpi packets processed: 11136
monitoring packets processed: 60416
monitoring packets processed: 60480
dpi packets processed: 11200
monitoring packets processed: 60544
dpi packets processed: 11264
monitoring packets processed: 60608
monitoring packets processed: 60672
dpi packets processed: 11328
monitoring packets processed: 60736
dpi packets processed: 11392
monitoring packets processed: 60800
monitoring packets processed: 60864
dpi packets processed: 11456
monitoring packets processed: 60928
dpi packets processed: 11520
monitoring packets processed: 60992
monitoring packets processed: 61056
dpi packets processed: 11584
monitoring packets processed: 61120
dpi packets processed: 11648
monitoring packets processed: 61184
monitoring packets processed: 61248
dpi packets processed: 11712
monitoring packets processed: 61312
dpi packets processed: 11776
monitoring packets processed: 61376
monitoring packets processed: 61440
dpi packets processed: 11840
monitoring packets processed: 61504
dpi packets processed: 11904
monitoring packets processed: 61568
monitoring packets processed: 61632
dpi packets processed: 11968
monitoring packets processed: 61696
monitoring packets processed: 61760
dpi packets processed: 12032
monitoring packets processed: 61824
dpi packets processed: 12096
monitoring packets processed: 61888
monitoring packets processed: 61952
dpi packets processed: 12160
monitoring packets processed: 62016
dpi packets processed: 12224
monitoring packets processed: 62080
monitoring packets processed: 62144
dpi packets processed: 12288
monitoring packets processed: 62208
dpi packets processed: 12352
monitoring packets processed: 62272
monitoring packets processed: 62336
dpi packets processed: 12416
monitoring packets processed: 62400
dpi packets processed: 12480
monitoring packets processed: 62464
monitoring packets processed: 62528
dpi packets processed: 12544
monitoring packets processed: 62592
monitoring packets processed: 62656
dpi packets processed: 12608
monitoring packets processed: 62720
dpi packets processed: 12672
monitoring packets processed: 62784
monitoring packets processed: 62848
dpi packets processed: 12736
monitoring packets processed: 62912
monitoring packets processed: 62976
dpi packets processed: 12800
monitoring packets processed: 63040
dpi packets processed: 12864
monitoring packets processed: 63104
monitoring packets processed: 63168
dpi packets processed: 12928
monitoring packets processed: 63232
dpi packets processed: 12992
monitoring packets processed: 63296
monitoring packets processed: 63360
dpi packets processed: 13056
monitoring packets processed: 63424
monitoring packets processed: 63488
dpi packets processed: 13120
monitoring packets processed: 63552
dpi packets processed: 13184
monitoring packets processed: 63616
monitoring packets processed: 63680
dpi packets processed: 13248
monitoring packets processed: 63744
dpi packets processed: 13312
monitoring packets processed: 63808
monitoring packets processed: 63872
dpi packets processed: 13376
monitoring packets processed: 63936
dpi packets processed: 13440
monitoring packets processed: 64000
monitoring packets processed: 64064
dpi packets processed: 13504
monitoring packets processed: 64128
dpi packets processed: 13568
monitoring packets processed: 64192
monitoring packets processed: 64256
dpi packets processed: 13632
monitoring packets processed: 64320
monitoring packets processed: 64384
dpi packets processed: 13696
monitoring packets processed: 64448
dpi packets processed: 13760
monitoring packets processed: 64512
monitoring packets processed: 64576
dpi packets processed: 13824
monitoring packets processed: 64640
dpi packets processed: 13888
monitoring packets processed: 64704
monitoring packets processed: 64768
dpi packets processed: 13952
monitoring packets processed: 64832
dpi packets processed: 14016
monitoring packets processed: 64896
monitoring packets processed: 64960
dpi packets processed: 14080
monitoring packets processed: 65024
dpi packets processed: 14144
monitoring packets processed: 65088
monitoring packets processed: 65152
dpi packets processed: 14208
monitoring packets processed: 65216
dpi packets processed: 14272
monitoring packets processed: 65280
monitoring packets processed: 65344
dpi packets processed: 14336
monitoring packets processed: 65408
monitoring packets processed: 65472
dpi packets processed: 14400
monitoring packets processed: 65536
dpi packets processed: 14464
monitoring packets processed: 65600
monitoring packets processed: 65664
dpi packets processed: 14528
monitoring packets processed: 65728
dpi packets processed: 14592
monitoring packets processed: 65792
monitoring packets processed: 65856
dpi packets processed: 14656
monitoring packets processed: 65920
dpi packets processed: 14720
monitoring packets processed: 65984
monitoring packets processed: 66048
dpi packets processed: 14784
monitoring packets processed: 66112
monitoring packets processed: 66176
dpi packets processed: 14848
monitoring packets processed: 66240
dpi packets processed: 14912
monitoring packets processed: 66304
monitoring packets processed: 66368
dpi packets processed: 14976
monitoring packets processed: 66432
monitoring packets processed: 66496
dpi packets processed: 15040
monitoring packets processed: 66560
dpi packets processed: 15104
monitoring packets processed: 66624
monitoring packets processed: 66688
dpi packets processed: 15168
monitoring packets processed: 66752
dpi packets processed: 15232
monitoring packets processed: 66816
monitoring packets processed: 66880
dpi packets processed: 15296
monitoring packets processed: 66944
monitoring packets processed: 67008
dpi packets processed: 15360
monitoring packets processed: 67072
dpi packets processed: 15424
monitoring packets processed: 67136
monitoring packets processed: 67200
dpi packets processed: 15488
monitoring packets processed: 67264
dpi packets processed: 15552
monitoring packets processed: 67328
monitoring packets processed: 67392
dpi packets processed: 15616
monitoring packets processed: 67456
dpi packets processed: 15680
monitoring packets processed: 67520
monitoring packets processed: 67584
dpi packets processed: 15744
monitoring packets processed: 67648
dpi packets processed: 15808
monitoring packets processed: 67712
monitoring packets processed: 67776
dpi packets processed: 15872
monitoring packets processed: 67840
monitoring packets processed: 67904
dpi packets processed: 15936
monitoring packets processed: 67968
dpi packets processed: 16000
monitoring packets processed: 68032
monitoring packets processed: 68096
dpi packets processed: 16064
monitoring packets processed: 68160
dpi packets processed: 16128
monitoring packets processed: 68224
monitoring packets processed: 68288
dpi packets processed: 16192
monitoring packets processed: 68352
dpi packets processed: 16256
monitoring packets processed: 68416
monitoring packets processed: 68480
dpi packets processed: 16320
monitoring packets processed: 68544
dpi packets processed: 16384
monitoring packets processed: 68608
monitoring packets processed: 68672
dpi packets processed: 16448
monitoring packets processed: 68736
monitoring packets processed: 68800
dpi packets processed: 16512
monitoring packets processed: 68864
dpi packets processed: 16576
monitoring packets processed: 68928
monitoring packets processed: 68992
dpi packets processed: 16640
monitoring packets processed: 69056
dpi packets processed: 16704
monitoring packets processed: 69120
monitoring packets processed: 69184
dpi packets processed: 16768
monitoring packets processed: 69248
monitoring packets processed: 69312
dpi packets processed: 16832
monitoring packets processed: 69376
dpi packets processed: 16896
monitoring packets processed: 69440
dpi packets processed: 16960
monitoring packets processed: 69504
monitoring packets processed: 69568
dpi packets processed: 17024
monitoring packets processed: 69632
dpi packets processed: 17088
monitoring packets processed: 69696
monitoring packets processed: 69760
dpi packets processed: 17152
monitoring packets processed: 69824
dpi packets processed: 17216
monitoring packets processed: 69888
monitoring packets processed: 69952
dpi packets processed: 17280
monitoring packets processed: 70016
dpi packets processed: 17344
monitoring packets processed: 70080
monitoring packets processed: 70144
dpi packets processed: 17408
monitoring packets processed: 70208
dpi packets processed: 17472
monitoring packets processed: 70272
monitoring packets processed: 70336
dpi packets processed: 17536
monitoring packets processed: 70400
monitoring packets processed: 70464
dpi packets processed: 17600
monitoring packets processed: 70528
dpi packets processed: 17664
monitoring packets processed: 70592
monitoring packets processed: 70656
dpi packets processed: 17728
monitoring packets processed: 70720
dpi packets processed: 17792
monitoring packets processed: 70784
monitoring packets processed: 70848
dpi packets processed: 17856
monitoring packets processed: 70912
monitoring packets processed: 70976
dpi packets processed: 17920
monitoring packets processed: 71040
dpi packets processed: 17984
monitoring packets processed: 71104
dpi packets processed: 18048
monitoring packets processed: 71168
monitoring packets processed: 71232
dpi packets processed: 18112
monitoring packets processed: 71296
monitoring packets processed: 71360
dpi packets processed: 18176
monitoring packets processed: 71424
dpi packets processed: 18240
monitoring packets processed: 71488
monitoring packets processed: 71552
dpi packets processed: 18304
monitoring packets processed: 71616
dpi packets processed: 18368
monitoring packets processed: 71680
monitoring packets processed: 71744
dpi packets processed: 18432
monitoring packets processed: 71808
dpi packets processed: 18496
monitoring packets processed: 71872
monitoring packets processed: 71936
dpi packets processed: 18560
monitoring packets processed: 72000
monitoring packets processed: 72064
dpi packets processed: 18624
monitoring packets processed: 72128
dpi packets processed: 18688
monitoring packets processed: 72192
monitoring packets processed: 72256
dpi packets processed: 18752
monitoring packets processed: 72320
dpi packets processed: 18816
monitoring packets processed: 72384
monitoring packets processed: 72448
dpi packets processed: 18880
monitoring packets processed: 72512
dpi packets processed: 18944
monitoring packets processed: 72576
monitoring packets processed: 72640
dpi packets processed: 19008
monitoring packets processed: 72704
monitoring packets processed: 72768
dpi packets processed: 19072
monitoring packets processed: 72832
dpi packets processed: 19136
monitoring packets processed: 72896
monitoring packets processed: 72960
dpi packets processed: 19200
monitoring packets processed: 73024
dpi packets processed: 19264
monitoring packets processed: 73088
monitoring packets processed: 73152
dpi packets processed: 19328
monitoring packets processed: 73216
dpi packets processed: 19392
monitoring packets processed: 73280
monitoring packets processed: 73344
dpi packets processed: 19456
monitoring packets processed: 73408
monitoring packets processed: 73472
dpi packets processed: 19520
monitoring packets processed: 73536
dpi packets processed: 19584
monitoring packets processed: 73600
monitoring packets processed: 73664
dpi packets processed: 19648
monitoring packets processed: 73728
dpi packets processed: 19712
monitoring packets processed: 73792
monitoring packets processed: 73856
dpi packets processed: 19776
monitoring packets processed: 73920
monitoring packets processed: 73984
dpi packets processed: 19840
monitoring packets processed: 74048
dpi packets processed: 19904
monitoring packets processed: 74112
monitoring packets processed: 74176
dpi packets processed: 19968
monitoring packets processed: 74240
monitoring packets processed: 74304
dpi packets processed: 20032
monitoring packets processed: 74368
dpi packets processed: 20096
monitoring packets processed: 74432
monitoring packets processed: 74496
dpi packets processed: 20160
monitoring packets processed: 74560
dpi packets processed: 20224
monitoring packets processed: 74624
monitoring packets processed: 74688
dpi packets processed: 20288
monitoring packets processed: 74752
monitoring packets processed: 74816
dpi packets processed: 20352
monitoring packets processed: 74880
dpi packets processed: 20416
monitoring packets processed: 74944
monitoring packets processed: 75008
dpi packets processed: 20480
monitoring packets processed: 75072
dpi packets processed: 20544
monitoring packets processed: 75136
monitoring packets processed: 75200
dpi packets processed: 20608
monitoring packets processed: 75264
dpi packets processed: 20672
monitoring packets processed: 75328
monitoring packets processed: 75392
dpi packets processed: 20736
monitoring packets processed: 75456
monitoring packets processed: 75520
dpi packets processed: 20800
monitoring packets processed: 75584
dpi packets processed: 20864
monitoring packets processed: 75648
monitoring packets processed: 75712
dpi packets processed: 20928
monitoring packets processed: 75776
a thread in cpu1 reached the max instruction count @ 527927101995
dpi packets processed: 20992
monitoring packets processed: 75840
monitoring packets processed: 75904
dpi packets processed: 21056
monitoring packets processed: 75968
dpi packets processed: 21120
monitoring packets processed: 76032
monitoring packets processed: 76096
dpi packets processed: 21184
monitoring packets processed: 76160
dpi packets processed: 21248
monitoring packets processed: 76224
monitoring packets processed: 76288
dpi packets processed: 21312
monitoring packets processed: 76352
monitoring packets processed: 76416
dpi packets processed: 21376
monitoring packets processed: 76480
dpi packets processed: 21440
monitoring packets processed: 76544
monitoring packets processed: 76608
dpi packets processed: 21504
monitoring packets processed: 76672
dpi packets processed: 21568
monitoring packets processed: 76736
monitoring packets processed: 76800
dpi packets processed: 21632
monitoring packets processed: 76864
dpi packets processed: 21696
monitoring packets processed: 76928
monitoring packets processed: 76992
dpi packets processed: 21760
monitoring packets processed: 77056
dpi packets processed: 21824
monitoring packets processed: 77120
monitoring packets processed: 77184
dpi packets processed: 21888
monitoring packets processed: 77248
dpi packets processed: 21952
monitoring packets processed: 77312
monitoring packets processed: 77376
dpi packets processed: 22016
monitoring packets processed: 77440
dpi packets processed: 22080
monitoring packets processed: 77504
monitoring packets processed: 77568
dpi packets processed: 22144
monitoring packets processed: 77632
dpi packets processed: 22208
monitoring packets processed: 77696
monitoring packets processed: 77760
dpi packets processed: 22272
monitoring packets processed: 77824
dpi packets processed: 22336
monitoring packets processed: 77888
monitoring packets processed: 77952
dpi packets processed: 22400
monitoring packets processed: 78016
dpi packets processed: 22464
monitoring packets processed: 78080
monitoring packets processed: 78144
dpi packets processed: 22528
monitoring packets processed: 78208
monitoring packets processed: 78272
dpi packets processed: 22592
monitoring packets processed: 78336
dpi packets processed: 22656
monitoring packets processed: 78400
monitoring packets processed: 78464
dpi packets processed: 22720
monitoring packets processed: 78528
monitoring packets processed: 78592
dpi packets processed: 22784
monitoring packets processed: 78656
dpi packets processed: 22848
monitoring packets processed: 78720
monitoring packets processed: 78784
dpi packets processed: 22912
monitoring packets processed: 78848
dpi packets processed: 22976
monitoring packets processed: 78912
monitoring packets processed: 78976
dpi packets processed: 23040
monitoring packets processed: 79040
monitoring packets processed: 79104
dpi packets processed: 23104
monitoring packets processed: 79168
dpi packets processed: 23168
monitoring packets processed: 79232
monitoring packets processed: 79296
dpi packets processed: 23232
monitoring packets processed: 79360
dpi packets processed: 23296
monitoring packets processed: 79424
monitoring packets processed: 79488
dpi packets processed: 23360
monitoring packets processed: 79552
dpi packets processed: 23424
monitoring packets processed: 79616
monitoring packets processed: 79680
dpi packets processed: 23488
monitoring packets processed: 79744
monitoring packets processed: 79808
dpi packets processed: 23552
monitoring packets processed: 79872
dpi packets processed: 23616
monitoring packets processed: 79936
monitoring packets processed: 80000
dpi packets processed: 23680
monitoring packets processed: 80064
dpi packets processed: 23744
monitoring packets processed: 80128
monitoring packets processed: 80192
dpi packets processed: 23808
monitoring packets processed: 80256
dpi packets processed: 23872
monitoring packets processed: 80320
monitoring packets processed: 80384
dpi packets processed: 23936
monitoring packets processed: 80448
monitoring packets processed: 80512
dpi packets processed: 24000
monitoring packets processed: 80576
dpi packets processed: 24064
monitoring packets processed: 80640
monitoring packets processed: 80704
dpi packets processed: 24128
monitoring packets processed: 80768
dpi packets processed: 24192
monitoring packets processed: 80832
monitoring packets processed: 80896
dpi packets processed: 24256
monitoring packets processed: 80960
dpi packets processed: 24320
monitoring packets processed: 81024
monitoring packets processed: 81088
dpi packets processed: 24384
monitoring packets processed: 81152
dpi packets processed: 24448
monitoring packets processed: 81216
monitoring packets processed: 81280
dpi packets processed: 24512
monitoring packets processed: 81344
dpi packets processed: 24576
monitoring packets processed: 81408
monitoring packets processed: 81472
dpi packets processed: 24640
monitoring packets processed: 81536
dpi packets processed: 24704
monitoring packets processed: 81600
monitoring packets processed: 81664
dpi packets processed: 24768
monitoring packets processed: 81728
dpi packets processed: 24832
monitoring packets processed: 81792
monitoring packets processed: 81856
dpi packets processed: 24896
monitoring packets processed: 81920
monitoring packets processed: 81984
dpi packets processed: 24960
monitoring packets processed: 82048
dpi packets processed: 25024
monitoring packets processed: 82112
monitoring packets processed: 82176
dpi packets processed: 25088
monitoring packets processed: 82240
dpi packets processed: 25152
monitoring packets processed: 82304
monitoring packets processed: 82368
dpi packets processed: 25216
monitoring packets processed: 82432
monitoring packets processed: 82496
dpi packets processed: 25280
monitoring packets processed: 82560
dpi packets processed: 25344
monitoring packets processed: 82624
monitoring packets processed: 82688
dpi packets processed: 25408
monitoring packets processed: 82752
dpi packets processed: 25472
monitoring packets processed: 82816
a thread in cpu0 reached the max instruction count @ 571531037676
Switched CPUS @ tick 571531037676
Changing memory mode to timing
switching cpus
**** REAL SIMULATION ****
info: Entering event queue @ 571531037676.  Starting simulation...
monitoring packets processed: 82880
dpi packets processed: 25536
monitoring packets processed: 82944
dpi packets processed: 25600
monitoring packets processed: 83008
monitoring packets processed: 83072
dpi packets processed: 25664
monitoring packets processed: 83136
dpi packets processed: 25728
monitoring packets processed: 83200
monitoring packets processed: 83264
dpi packets processed: 25792
monitoring packets processed: 83328
dpi packets processed: 25856
monitoring packets processed: 83392
monitoring packets processed: 83456
dpi packets processed: 25920
monitoring packets processed: 83520
monitoring packets processed: 83584
dpi packets processed: 25984
Exiting @ tick 574933924893 because a thread in cpu0 reached the max instruction count
