gem5 Simulator System.  http://gem5.org
gem5 is copyrighted software; use the --copyright option for details.

gem5 compiled Jan 31 2020 21:24:40
gem5 started Jan 31 2020 21:26:06
gem5 executing on node-1.yangzhou-qv63708.lambda-mpi-pg0.clemson.cloudlab.us
command line: build/ARM/gem5.fast --remote-gdb-port=0 --outdir=/users/yangzhou/GEM5_DRAMSim2/sgx_nic/m5out/detailed_nat-tcp-v4.lpm_256kB_none --stats-file=detailed_nat-tcp-v4.lpm_256kB_none_stats.txt configs/dramsim2/dramsim2_se.py --cpu-type=detailed --clock=2.4GHz --cacheline_size=128 --caches --l2cache --l2config=shared --l2_size=256kB --l2_assoc=16 --dramsim2 --tpturnlength=6 --devicecfg=./ext/DRAMSim2/ini/DDR3_micron_16M_8B_x8_sg15.ini --systemcfg=./ext/DRAMSim2/system_none.ini --outputfile=/dev/null --fast-forward=1000000000 --maxinsts=10000000 --maxtick=2000000000000 --numpids=2 --p0=/users/yangzhou/NF-GEM5/nat-tcp-v4 --p1=/users/yangzhou/NF-GEM5/lpm
Global frequency set at 1000000000000 ticks per second
device file: ./ext/DRAMSim2/ini/DDR3_micron_16M_8B_x8_sg15.ini
system file: ./ext/DRAMSim2/system_none.ini
output file: /dev/null
DEBUGSTR My tpTurnLength is 6
genTrace is 0
finish initializing memory controller
CPU Clock = 2398MHz
DRAM Clock = 1600MHz
Memory Capacity = 16384MB
Switch at instruction count:1000000000
info: Entering event queue @ 0.  Starting simulation...
info: Increasing stack size by one page.
info: Increasing stack size by one page.
value_t size: 16B
memory size: 51.400196MB
trying to open file /users/yangzhou/ictf2010_100kflow.dat
opening succeeds
trying to open file /users/yangzhou/ictf2010_100kflow.dat
opening succeeds
Reading pkt trace done!
average pkt size = 607.092021
nat-tcp-v4 packets processed: 64
nat-tcp-v4 packets processed: 128
nat-tcp-v4 packets processed: 192
nat-tcp-v4 packets processed: 256
nat-tcp-v4 packets processed: 320
nat-tcp-v4 packets processed: 384
nat-tcp-v4 packets processed: 448
nat-tcp-v4 packets processed: 512
nat-tcp-v4 packets processed: 576
nat-tcp-v4 packets processed: 640
nat-tcp-v4 packets processed: 704
nat-tcp-v4 packets processed: 768
nat-tcp-v4 packets processed: 832
nat-tcp-v4 packets processed: 896
nat-tcp-v4 packets processed: 960
nat-tcp-v4 packets processed: 1024
nat-tcp-v4 packets processed: 1088
nat-tcp-v4 packets processed: 1152
nat-tcp-v4 packets processed: 1216
nat-tcp-v4 packets processed: 1280
nat-tcp-v4 packets processed: 1344
nat-tcp-v4 packets processed: 1408
nat-tcp-v4 packets processed: 1472
nat-tcp-v4 packets processed: 1536
nat-tcp-v4 packets processed: 1600
nat-tcp-v4 packets processed: 1664
nat-tcp-v4 packets processed: 1728
nat-tcp-v4 packets processed: 1792
nat-tcp-v4 packets processed: 1856
nat-tcp-v4 packets processed: 1920
nat-tcp-v4 packets processed: 1984
nat-tcp-v4 packets processed: 2048
nat-tcp-v4 packets processed: 2112
nat-tcp-v4 packets processed: 2176
nat-tcp-v4 packets processed: 2240
nat-tcp-v4 packets processed: 2304
nat-tcp-v4 packets processed: 2368
nat-tcp-v4 packets processed: 2432
nat-tcp-v4 packets processed: 2496
nat-tcp-v4 packets processed: 2560
nat-tcp-v4 packets processed: 2624
nat-tcp-v4 packets processed: 2688
nat-tcp-v4 packets processed: 2752
nat-tcp-v4 packets processed: 2816
nat-tcp-v4 packets processed: 2880
nat-tcp-v4 packets processed: 2944
nat-tcp-v4 packets processed: 3008
nat-tcp-v4 packets processed: 3072
nat-tcp-v4 packets processed: 3136
nat-tcp-v4 packets processed: 3200
nat-tcp-v4 packets processed: 3264
nat-tcp-v4 packets processed: 3328
nat-tcp-v4 packets processed: 3392
nat-tcp-v4 packets processed: 3456
nat-tcp-v4 packets processed: 3520
nat-tcp-v4 packets processed: 3584
nat-tcp-v4 packets processed: 3648
nat-tcp-v4 packets processed: 3712
nat-tcp-v4 packets processed: 3776
nat-tcp-v4 packets processed: 3840
nat-tcp-v4 packets processed: 3904
nat-tcp-v4 packets processed: 3968
Reading pkt trace done!
average pkt size = 607.092021
nat-tcp-v4 packets processed: 4032
lpm packets processed: 64
lpm packets processed: 128
nat-tcp-v4 packets processed: 4096
lpm packets processed: 192
nat-tcp-v4 packets processed: 4160
lpm packets processed: 256
nat-tcp-v4 packets processed: 4224
lpm packets processed: 320
nat-tcp-v4 packets processed: 4288
lpm packets processed: 384
nat-tcp-v4 packets processed: 4352
lpm packets processed: 448
nat-tcp-v4 packets processed: 4416
lpm packets processed: 512
nat-tcp-v4 packets processed: 4480
lpm packets processed: 576
nat-tcp-v4 packets processed: 4544
lpm packets processed: 640
nat-tcp-v4 packets processed: 4608
lpm packets processed: 704
nat-tcp-v4 packets processed: 4672
lpm packets processed: 768
lpm packets processed: 832
nat-tcp-v4 packets processed: 4736
lpm packets processed: 896
nat-tcp-v4 packets processed: 4800
lpm packets processed: 960
nat-tcp-v4 packets processed: 4864
lpm packets processed: 1024
nat-tcp-v4 packets processed: 4928
lpm packets processed: 1088
nat-tcp-v4 packets processed: 4992
lpm packets processed: 1152
nat-tcp-v4 packets processed: 5056
lpm packets processed: 1216
nat-tcp-v4 packets processed: 5120
lpm packets processed: 1280
nat-tcp-v4 packets processed: 5184
lpm packets processed: 1344
nat-tcp-v4 packets processed: 5248
lpm packets processed: 1408
nat-tcp-v4 packets processed: 5312
lpm packets processed: 1472
lpm packets processed: 1536
nat-tcp-v4 packets processed: 5376
lpm packets processed: 1600
nat-tcp-v4 packets processed: 5440
lpm packets processed: 1664
nat-tcp-v4 packets processed: 5504
lpm packets processed: 1728
nat-tcp-v4 packets processed: 5568
lpm packets processed: 1792
nat-tcp-v4 packets processed: 5632
lpm packets processed: 1856
nat-tcp-v4 packets processed: 5696
lpm packets processed: 1920
nat-tcp-v4 packets processed: 5760
lpm packets processed: 1984
nat-tcp-v4 packets processed: 5824
lpm packets processed: 2048
nat-tcp-v4 packets processed: 5888
lpm packets processed: 2112
nat-tcp-v4 packets processed: 5952
lpm packets processed: 2176
lpm packets processed: 2240
nat-tcp-v4 packets processed: 6016
lpm packets processed: 2304
nat-tcp-v4 packets processed: 6080
lpm packets processed: 2368
nat-tcp-v4 packets processed: 6144
lpm packets processed: 2432
nat-tcp-v4 packets processed: 6208
lpm packets processed: 2496
nat-tcp-v4 packets processed: 6272
lpm packets processed: 2560
nat-tcp-v4 packets processed: 6336
lpm packets processed: 2624
nat-tcp-v4 packets processed: 6400
lpm packets processed: 2688
nat-tcp-v4 packets processed: 6464
lpm packets processed: 2752
nat-tcp-v4 packets processed: 6528
lpm packets processed: 2816
nat-tcp-v4 packets processed: 6592
lpm packets processed: 2880
nat-tcp-v4 packets processed: 6656
lpm packets processed: 2944
lpm packets processed: 3008
nat-tcp-v4 packets processed: 6720
lpm packets processed: 3072
nat-tcp-v4 packets processed: 6784
lpm packets processed: 3136
nat-tcp-v4 packets processed: 6848
lpm packets processed: 3200
nat-tcp-v4 packets processed: 6912
lpm packets processed: 3264
nat-tcp-v4 packets processed: 6976
lpm packets processed: 3328
nat-tcp-v4 packets processed: 7040
lpm packets processed: 3392
nat-tcp-v4 packets processed: 7104
lpm packets processed: 3456
nat-tcp-v4 packets processed: 7168
lpm packets processed: 3520
nat-tcp-v4 packets processed: 7232
lpm packets processed: 3584
nat-tcp-v4 packets processed: 7296
lpm packets processed: 3648
lpm packets processed: 3712
nat-tcp-v4 packets processed: 7360
lpm packets processed: 3776
nat-tcp-v4 packets processed: 7424
lpm packets processed: 3840
nat-tcp-v4 packets processed: 7488
lpm packets processed: 3904
nat-tcp-v4 packets processed: 7552
lpm packets processed: 3968
nat-tcp-v4 packets processed: 7616
lpm packets processed: 4032
nat-tcp-v4 packets processed: 7680
lpm packets processed: 4096
nat-tcp-v4 packets processed: 7744
lpm packets processed: 4160
nat-tcp-v4 packets processed: 7808
lpm packets processed: 4224
nat-tcp-v4 packets processed: 7872
lpm packets processed: 4288
nat-tcp-v4 packets processed: 7936
lpm packets processed: 4352
lpm packets processed: 4416
nat-tcp-v4 packets processed: 8000
lpm packets processed: 4480
nat-tcp-v4 packets processed: 8064
lpm packets processed: 4544
nat-tcp-v4 packets processed: 8128
lpm packets processed: 4608
nat-tcp-v4 packets processed: 8192
lpm packets processed: 4672
nat-tcp-v4 packets processed: 8256
lpm packets processed: 4736
nat-tcp-v4 packets processed: 8320
lpm packets processed: 4800
nat-tcp-v4 packets processed: 8384
lpm packets processed: 4864
nat-tcp-v4 packets processed: 8448
lpm packets processed: 4928
nat-tcp-v4 packets processed: 8512
lpm packets processed: 4992
nat-tcp-v4 packets processed: 8576
lpm packets processed: 5056
lpm packets processed: 5120
nat-tcp-v4 packets processed: 8640
lpm packets processed: 5184
nat-tcp-v4 packets processed: 8704
lpm packets processed: 5248
nat-tcp-v4 packets processed: 8768
lpm packets processed: 5312
nat-tcp-v4 packets processed: 8832
lpm packets processed: 5376
nat-tcp-v4 packets processed: 8896
lpm packets processed: 5440
nat-tcp-v4 packets processed: 8960
lpm packets processed: 5504
nat-tcp-v4 packets processed: 9024
lpm packets processed: 5568
nat-tcp-v4 packets processed: 9088
lpm packets processed: 5632
nat-tcp-v4 packets processed: 9152
lpm packets processed: 5696
nat-tcp-v4 packets processed: 9216
lpm packets processed: 5760
lpm packets processed: 5824
nat-tcp-v4 packets processed: 9280
lpm packets processed: 5888
nat-tcp-v4 packets processed: 9344
lpm packets processed: 5952
nat-tcp-v4 packets processed: 9408
lpm packets processed: 6016
nat-tcp-v4 packets processed: 9472
lpm packets processed: 6080
nat-tcp-v4 packets processed: 9536
lpm packets processed: 6144
nat-tcp-v4 packets processed: 9600
lpm packets processed: 6208
nat-tcp-v4 packets processed: 9664
lpm packets processed: 6272
nat-tcp-v4 packets processed: 9728
lpm packets processed: 6336
nat-tcp-v4 packets processed: 9792
lpm packets processed: 6400
nat-tcp-v4 packets processed: 9856
lpm packets processed: 6464
lpm packets processed: 6528
nat-tcp-v4 packets processed: 9920
lpm packets processed: 6592
nat-tcp-v4 packets processed: 9984
lpm packets processed: 6656
nat-tcp-v4 packets processed: 10048
lpm packets processed: 6720
nat-tcp-v4 packets processed: 10112
lpm packets processed: 6784
nat-tcp-v4 packets processed: 10176
lpm packets processed: 6848
nat-tcp-v4 packets processed: 10240
lpm packets processed: 6912
nat-tcp-v4 packets processed: 10304
lpm packets processed: 6976
nat-tcp-v4 packets processed: 10368
lpm packets processed: 7040
nat-tcp-v4 packets processed: 10432
lpm packets processed: 7104
nat-tcp-v4 packets processed: 10496
lpm packets processed: 7168
nat-tcp-v4 packets processed: 10560
lpm packets processed: 7232
lpm packets processed: 7296
nat-tcp-v4 packets processed: 10624
lpm packets processed: 7360
nat-tcp-v4 packets processed: 10688
lpm packets processed: 7424
nat-tcp-v4 packets processed: 10752
lpm packets processed: 7488
nat-tcp-v4 packets processed: 10816
lpm packets processed: 7552
nat-tcp-v4 packets processed: 10880
lpm packets processed: 7616
nat-tcp-v4 packets processed: 10944
lpm packets processed: 7680
nat-tcp-v4 packets processed: 11008
lpm packets processed: 7744
nat-tcp-v4 packets processed: 11072
lpm packets processed: 7808
lpm packets processed: 7872
nat-tcp-v4 packets processed: 11136
lpm packets processed: 7936
nat-tcp-v4 packets processed: 11200
lpm packets processed: 8000
nat-tcp-v4 packets processed: 11264
lpm packets processed: 8064
nat-tcp-v4 packets processed: 11328
lpm packets processed: 8128
nat-tcp-v4 packets processed: 11392
lpm packets processed: 8192
nat-tcp-v4 packets processed: 11456
lpm packets processed: 8256
nat-tcp-v4 packets processed: 11520
lpm packets processed: 8320
nat-tcp-v4 packets processed: 11584
lpm packets processed: 8384
nat-tcp-v4 packets processed: 11648
lpm packets processed: 8448
nat-tcp-v4 packets processed: 11712
lpm packets processed: 8512
lpm packets processed: 8576
nat-tcp-v4 packets processed: 11776
lpm packets processed: 8640
nat-tcp-v4 packets processed: 11840
lpm packets processed: 8704
nat-tcp-v4 packets processed: 11904
lpm packets processed: 8768
nat-tcp-v4 packets processed: 11968
lpm packets processed: 8832
nat-tcp-v4 packets processed: 12032
lpm packets processed: 8896
nat-tcp-v4 packets processed: 12096
lpm packets processed: 8960
nat-tcp-v4 packets processed: 12160
lpm packets processed: 9024
nat-tcp-v4 packets processed: 12224
lpm packets processed: 9088
nat-tcp-v4 packets processed: 12288
lpm packets processed: 9152
nat-tcp-v4 packets processed: 12352
lpm packets processed: 9216
lpm packets processed: 9280
nat-tcp-v4 packets processed: 12416
lpm packets processed: 9344
nat-tcp-v4 packets processed: 12480
lpm packets processed: 9408
nat-tcp-v4 packets processed: 12544
lpm packets processed: 9472
nat-tcp-v4 packets processed: 12608
lpm packets processed: 9536
nat-tcp-v4 packets processed: 12672
lpm packets processed: 9600
nat-tcp-v4 packets processed: 12736
lpm packets processed: 9664
nat-tcp-v4 packets processed: 12800
lpm packets processed: 9728
nat-tcp-v4 packets processed: 12864
lpm packets processed: 9792
nat-tcp-v4 packets processed: 12928
lpm packets processed: 9856
nat-tcp-v4 packets processed: 12992
lpm packets processed: 9920
lpm packets processed: 9984
nat-tcp-v4 packets processed: 13056
lpm packets processed: 10048
nat-tcp-v4 packets processed: 13120
lpm packets processed: 10112
nat-tcp-v4 packets processed: 13184
lpm packets processed: 10176
nat-tcp-v4 packets processed: 13248
lpm packets processed: 10240
nat-tcp-v4 packets processed: 13312
lpm packets processed: 10304
nat-tcp-v4 packets processed: 13376
lpm packets processed: 10368
nat-tcp-v4 packets processed: 13440
lpm packets processed: 10432
nat-tcp-v4 packets processed: 13504
lpm packets processed: 10496
nat-tcp-v4 packets processed: 13568
lpm packets processed: 10560
nat-tcp-v4 packets processed: 13632
lpm packets processed: 10624
lpm packets processed: 10688
nat-tcp-v4 packets processed: 13696
lpm packets processed: 10752
nat-tcp-v4 packets processed: 13760
lpm packets processed: 10816
nat-tcp-v4 packets processed: 13824
lpm packets processed: 10880
nat-tcp-v4 packets processed: 13888
lpm packets processed: 10944
nat-tcp-v4 packets processed: 13952
lpm packets processed: 11008
nat-tcp-v4 packets processed: 14016
lpm packets processed: 11072
nat-tcp-v4 packets processed: 14080
lpm packets processed: 11136
nat-tcp-v4 packets processed: 14144
lpm packets processed: 11200
nat-tcp-v4 packets processed: 14208
lpm packets processed: 11264
nat-tcp-v4 packets processed: 14272
lpm packets processed: 11328
lpm packets processed: 11392
nat-tcp-v4 packets processed: 14336
lpm packets processed: 11456
nat-tcp-v4 packets processed: 14400
lpm packets processed: 11520
nat-tcp-v4 packets processed: 14464
lpm packets processed: 11584
nat-tcp-v4 packets processed: 14528
lpm packets processed: 11648
nat-tcp-v4 packets processed: 14592
lpm packets processed: 11712
nat-tcp-v4 packets processed: 14656
lpm packets processed: 11776
nat-tcp-v4 packets processed: 14720
lpm packets processed: 11840
nat-tcp-v4 packets processed: 14784
lpm packets processed: 11904
nat-tcp-v4 packets processed: 14848
lpm packets processed: 11968
nat-tcp-v4 packets processed: 14912
lpm packets processed: 12032
lpm packets processed: 12096
nat-tcp-v4 packets processed: 14976
lpm packets processed: 12160
nat-tcp-v4 packets processed: 15040
lpm packets processed: 12224
nat-tcp-v4 packets processed: 15104
lpm packets processed: 12288
nat-tcp-v4 packets processed: 15168
lpm packets processed: 12352
nat-tcp-v4 packets processed: 15232
lpm packets processed: 12416
nat-tcp-v4 packets processed: 15296
lpm packets processed: 12480
nat-tcp-v4 packets processed: 15360
lpm packets processed: 12544
nat-tcp-v4 packets processed: 15424
lpm packets processed: 12608
lpm packets processed: 12672
nat-tcp-v4 packets processed: 15488
lpm packets processed: 12736
nat-tcp-v4 packets processed: 15552
lpm packets processed: 12800
nat-tcp-v4 packets processed: 15616
lpm packets processed: 12864
nat-tcp-v4 packets processed: 15680
lpm packets processed: 12928
nat-tcp-v4 packets processed: 15744
lpm packets processed: 12992
nat-tcp-v4 packets processed: 15808
lpm packets processed: 13056
nat-tcp-v4 packets processed: 15872
lpm packets processed: 13120
nat-tcp-v4 packets processed: 15936
lpm packets processed: 13184
nat-tcp-v4 packets processed: 16000
lpm packets processed: 13248
nat-tcp-v4 packets processed: 16064
lpm packets processed: 13312
lpm packets processed: 13376
nat-tcp-v4 packets processed: 16128
lpm packets processed: 13440
nat-tcp-v4 packets processed: 16192
lpm packets processed: 13504
nat-tcp-v4 packets processed: 16256
lpm packets processed: 13568
nat-tcp-v4 packets processed: 16320
lpm packets processed: 13632
nat-tcp-v4 packets processed: 16384
lpm packets processed: 13696
nat-tcp-v4 packets processed: 16448
lpm packets processed: 13760
nat-tcp-v4 packets processed: 16512
lpm packets processed: 13824
nat-tcp-v4 packets processed: 16576
lpm packets processed: 13888
nat-tcp-v4 packets processed: 16640
lpm packets processed: 13952
nat-tcp-v4 packets processed: 16704
lpm packets processed: 14016
lpm packets processed: 14080
nat-tcp-v4 packets processed: 16768
lpm packets processed: 14144
nat-tcp-v4 packets processed: 16832
lpm packets processed: 14208
nat-tcp-v4 packets processed: 16896
lpm packets processed: 14272
nat-tcp-v4 packets processed: 16960
lpm packets processed: 14336
nat-tcp-v4 packets processed: 17024
lpm packets processed: 14400
nat-tcp-v4 packets processed: 17088
lpm packets processed: 14464
nat-tcp-v4 packets processed: 17152
lpm packets processed: 14528
nat-tcp-v4 packets processed: 17216
lpm packets processed: 14592
nat-tcp-v4 packets processed: 17280
lpm packets processed: 14656
nat-tcp-v4 packets processed: 17344
lpm packets processed: 14720
lpm packets processed: 14784
nat-tcp-v4 packets processed: 17408
lpm packets processed: 14848
nat-tcp-v4 packets processed: 17472
lpm packets processed: 14912
nat-tcp-v4 packets processed: 17536
lpm packets processed: 14976
nat-tcp-v4 packets processed: 17600
lpm packets processed: 15040
nat-tcp-v4 packets processed: 17664
lpm packets processed: 15104
nat-tcp-v4 packets processed: 17728
lpm packets processed: 15168
nat-tcp-v4 packets processed: 17792
lpm packets processed: 15232
nat-tcp-v4 packets processed: 17856
lpm packets processed: 15296
nat-tcp-v4 packets processed: 17920
lpm packets processed: 15360
nat-tcp-v4 packets processed: 17984
lpm packets processed: 15424
lpm packets processed: 15488
nat-tcp-v4 packets processed: 18048
lpm packets processed: 15552
nat-tcp-v4 packets processed: 18112
lpm packets processed: 15616
nat-tcp-v4 packets processed: 18176
lpm packets processed: 15680
nat-tcp-v4 packets processed: 18240
lpm packets processed: 15744
nat-tcp-v4 packets processed: 18304
lpm packets processed: 15808
nat-tcp-v4 packets processed: 18368
lpm packets processed: 15872
nat-tcp-v4 packets processed: 18432
lpm packets processed: 15936
nat-tcp-v4 packets processed: 18496
lpm packets processed: 16000
nat-tcp-v4 packets processed: 18560
lpm packets processed: 16064
nat-tcp-v4 packets processed: 18624
lpm packets processed: 16128
lpm packets processed: 16192
nat-tcp-v4 packets processed: 18688
lpm packets processed: 16256
nat-tcp-v4 packets processed: 18752
lpm packets processed: 16320
nat-tcp-v4 packets processed: 18816
lpm packets processed: 16384
nat-tcp-v4 packets processed: 18880
lpm packets processed: 16448
nat-tcp-v4 packets processed: 18944
lpm packets processed: 16512
nat-tcp-v4 packets processed: 19008
lpm packets processed: 16576
nat-tcp-v4 packets processed: 19072
lpm packets processed: 16640
nat-tcp-v4 packets processed: 19136
lpm packets processed: 16704
nat-tcp-v4 packets processed: 19200
lpm packets processed: 16768
nat-tcp-v4 packets processed: 19264
lpm packets processed: 16832
lpm packets processed: 16896
nat-tcp-v4 packets processed: 19328
lpm packets processed: 16960
nat-tcp-v4 packets processed: 19392
lpm packets processed: 17024
nat-tcp-v4 packets processed: 19456
lpm packets processed: 17088
nat-tcp-v4 packets processed: 19520
lpm packets processed: 17152
nat-tcp-v4 packets processed: 19584
lpm packets processed: 17216
nat-tcp-v4 packets processed: 19648
lpm packets processed: 17280
nat-tcp-v4 packets processed: 19712
lpm packets processed: 17344
nat-tcp-v4 packets processed: 19776
lpm packets processed: 17408
nat-tcp-v4 packets processed: 19840
lpm packets processed: 17472
nat-tcp-v4 packets processed: 19904
lpm packets processed: 17536
lpm packets processed: 17600
nat-tcp-v4 packets processed: 19968
lpm packets processed: 17664
nat-tcp-v4 packets processed: 20032
lpm packets processed: 17728
nat-tcp-v4 packets processed: 20096
lpm packets processed: 17792
nat-tcp-v4 packets processed: 20160
lpm packets processed: 17856
nat-tcp-v4 packets processed: 20224
lpm packets processed: 17920
nat-tcp-v4 packets processed: 20288
lpm packets processed: 17984
nat-tcp-v4 packets processed: 20352
lpm packets processed: 18048
nat-tcp-v4 packets processed: 20416
lpm packets processed: 18112
nat-tcp-v4 packets processed: 20480
lpm packets processed: 18176
lpm packets processed: 18240
nat-tcp-v4 packets processed: 20544
lpm packets processed: 18304
nat-tcp-v4 packets processed: 20608
lpm packets processed: 18368
nat-tcp-v4 packets processed: 20672
lpm packets processed: 18432
nat-tcp-v4 packets processed: 20736
lpm packets processed: 18496
nat-tcp-v4 packets processed: 20800
lpm packets processed: 18560
nat-tcp-v4 packets processed: 20864
lpm packets processed: 18624
nat-tcp-v4 packets processed: 20928
lpm packets processed: 18688
nat-tcp-v4 packets processed: 20992
lpm packets processed: 18752
nat-tcp-v4 packets processed: 21056
lpm packets processed: 18816
nat-tcp-v4 packets processed: 21120
lpm packets processed: 18880
lpm packets processed: 18944
nat-tcp-v4 packets processed: 21184
lpm packets processed: 19008
nat-tcp-v4 packets processed: 21248
lpm packets processed: 19072
nat-tcp-v4 packets processed: 21312
lpm packets processed: 19136
nat-tcp-v4 packets processed: 21376
lpm packets processed: 19200
nat-tcp-v4 packets processed: 21440
lpm packets processed: 19264
nat-tcp-v4 packets processed: 21504
lpm packets processed: 19328
nat-tcp-v4 packets processed: 21568
lpm packets processed: 19392
nat-tcp-v4 packets processed: 21632
lpm packets processed: 19456
nat-tcp-v4 packets processed: 21696
lpm packets processed: 19520
nat-tcp-v4 packets processed: 21760
lpm packets processed: 19584
lpm packets processed: 19648
nat-tcp-v4 packets processed: 21824
lpm packets processed: 19712
nat-tcp-v4 packets processed: 21888
lpm packets processed: 19776
nat-tcp-v4 packets processed: 21952
lpm packets processed: 19840
nat-tcp-v4 packets processed: 22016
lpm packets processed: 19904
nat-tcp-v4 packets processed: 22080
lpm packets processed: 19968
nat-tcp-v4 packets processed: 22144
lpm packets processed: 20032
nat-tcp-v4 packets processed: 22208
lpm packets processed: 20096
nat-tcp-v4 packets processed: 22272
lpm packets processed: 20160
nat-tcp-v4 packets processed: 22336
lpm packets processed: 20224
nat-tcp-v4 packets processed: 22400
lpm packets processed: 20288
lpm packets processed: 20352
nat-tcp-v4 packets processed: 22464
lpm packets processed: 20416
nat-tcp-v4 packets processed: 22528
lpm packets processed: 20480
nat-tcp-v4 packets processed: 22592
lpm packets processed: 20544
nat-tcp-v4 packets processed: 22656
lpm packets processed: 20608
nat-tcp-v4 packets processed: 22720
lpm packets processed: 20672
nat-tcp-v4 packets processed: 22784
lpm packets processed: 20736
nat-tcp-v4 packets processed: 22848
lpm packets processed: 20800
nat-tcp-v4 packets processed: 22912
lpm packets processed: 20864
nat-tcp-v4 packets processed: 22976
lpm packets processed: 20928
nat-tcp-v4 packets processed: 23040
lpm packets processed: 20992
lpm packets processed: 21056
nat-tcp-v4 packets processed: 23104
lpm packets processed: 21120
nat-tcp-v4 packets processed: 23168
lpm packets processed: 21184
nat-tcp-v4 packets processed: 23232
lpm packets processed: 21248
nat-tcp-v4 packets processed: 23296
lpm packets processed: 21312
nat-tcp-v4 packets processed: 23360
lpm packets processed: 21376
nat-tcp-v4 packets processed: 23424
lpm packets processed: 21440
nat-tcp-v4 packets processed: 23488
lpm packets processed: 21504
nat-tcp-v4 packets processed: 23552
lpm packets processed: 21568
nat-tcp-v4 packets processed: 23616
lpm packets processed: 21632
nat-tcp-v4 packets processed: 23680
lpm packets processed: 21696
lpm packets processed: 21760
nat-tcp-v4 packets processed: 23744
lpm packets processed: 21824
nat-tcp-v4 packets processed: 23808
lpm packets processed: 21888
nat-tcp-v4 packets processed: 23872
lpm packets processed: 21952
nat-tcp-v4 packets processed: 23936
lpm packets processed: 22016
nat-tcp-v4 packets processed: 24000
lpm packets processed: 22080
nat-tcp-v4 packets processed: 24064
lpm packets processed: 22144
nat-tcp-v4 packets processed: 24128
lpm packets processed: 22208
nat-tcp-v4 packets processed: 24192
lpm packets processed: 22272
nat-tcp-v4 packets processed: 24256
lpm packets processed: 22336
lpm packets processed: 22400
nat-tcp-v4 packets processed: 24320
lpm packets processed: 22464
nat-tcp-v4 packets processed: 24384
lpm packets processed: 22528
nat-tcp-v4 packets processed: 24448
lpm packets processed: 22592
nat-tcp-v4 packets processed: 24512
lpm packets processed: 22656
nat-tcp-v4 packets processed: 24576
lpm packets processed: 22720
nat-tcp-v4 packets processed: 24640
lpm packets processed: 22784
nat-tcp-v4 packets processed: 24704
lpm packets processed: 22848
nat-tcp-v4 packets processed: 24768
lpm packets processed: 22912
nat-tcp-v4 packets processed: 24832
lpm packets processed: 22976
nat-tcp-v4 packets processed: 24896
lpm packets processed: 23040
lpm packets processed: 23104
nat-tcp-v4 packets processed: 24960
lpm packets processed: 23168
nat-tcp-v4 packets processed: 25024
lpm packets processed: 23232
nat-tcp-v4 packets processed: 25088
lpm packets processed: 23296
nat-tcp-v4 packets processed: 25152
lpm packets processed: 23360
nat-tcp-v4 packets processed: 25216
lpm packets processed: 23424
nat-tcp-v4 packets processed: 25280
lpm packets processed: 23488
nat-tcp-v4 packets processed: 25344
lpm packets processed: 23552
nat-tcp-v4 packets processed: 25408
lpm packets processed: 23616
nat-tcp-v4 packets processed: 25472
lpm packets processed: 23680
nat-tcp-v4 packets processed: 25536
lpm packets processed: 23744
lpm packets processed: 23808
nat-tcp-v4 packets processed: 25600
lpm packets processed: 23872
nat-tcp-v4 packets processed: 25664
lpm packets processed: 23936
nat-tcp-v4 packets processed: 25728
lpm packets processed: 24000
nat-tcp-v4 packets processed: 25792
lpm packets processed: 24064
nat-tcp-v4 packets processed: 25856
lpm packets processed: 24128
nat-tcp-v4 packets processed: 25920
lpm packets processed: 24192
nat-tcp-v4 packets processed: 25984
lpm packets processed: 24256
nat-tcp-v4 packets processed: 26048
lpm packets processed: 24320
nat-tcp-v4 packets processed: 26112
lpm packets processed: 24384
nat-tcp-v4 packets processed: 26176
lpm packets processed: 24448
lpm packets processed: 24512
nat-tcp-v4 packets processed: 26240
lpm packets processed: 24576
nat-tcp-v4 packets processed: 26304
lpm packets processed: 24640
nat-tcp-v4 packets processed: 26368
lpm packets processed: 24704
nat-tcp-v4 packets processed: 26432
lpm packets processed: 24768
nat-tcp-v4 packets processed: 26496
lpm packets processed: 24832
nat-tcp-v4 packets processed: 26560
lpm packets processed: 24896
nat-tcp-v4 packets processed: 26624
lpm packets processed: 24960
nat-tcp-v4 packets processed: 26688
lpm packets processed: 25024
nat-tcp-v4 packets processed: 26752
lpm packets processed: 25088
lpm packets processed: 25152
nat-tcp-v4 packets processed: 26816
lpm packets processed: 25216
nat-tcp-v4 packets processed: 26880
lpm packets processed: 25280
nat-tcp-v4 packets processed: 26944
lpm packets processed: 25344
nat-tcp-v4 packets processed: 27008
lpm packets processed: 25408
nat-tcp-v4 packets processed: 27072
lpm packets processed: 25472
nat-tcp-v4 packets processed: 27136
lpm packets processed: 25536
nat-tcp-v4 packets processed: 27200
lpm packets processed: 25600
nat-tcp-v4 packets processed: 27264
lpm packets processed: 25664
nat-tcp-v4 packets processed: 27328
lpm packets processed: 25728
nat-tcp-v4 packets processed: 27392
lpm packets processed: 25792
lpm packets processed: 25856
nat-tcp-v4 packets processed: 27456
lpm packets processed: 25920
nat-tcp-v4 packets processed: 27520
lpm packets processed: 25984
nat-tcp-v4 packets processed: 27584
lpm packets processed: 26048
nat-tcp-v4 packets processed: 27648
lpm packets processed: 26112
nat-tcp-v4 packets processed: 27712
lpm packets processed: 26176
nat-tcp-v4 packets processed: 27776
lpm packets processed: 26240
nat-tcp-v4 packets processed: 27840
lpm packets processed: 26304
nat-tcp-v4 packets processed: 27904
lpm packets processed: 26368
nat-tcp-v4 packets processed: 27968
lpm packets processed: 26432
nat-tcp-v4 packets processed: 28032
lpm packets processed: 26496
lpm packets processed: 26560
nat-tcp-v4 packets processed: 28096
lpm packets processed: 26624
nat-tcp-v4 packets processed: 28160
lpm packets processed: 26688
nat-tcp-v4 packets processed: 28224
lpm packets processed: 26752
nat-tcp-v4 packets processed: 28288
lpm packets processed: 26816
nat-tcp-v4 packets processed: 28352
lpm packets processed: 26880
nat-tcp-v4 packets processed: 28416
lpm packets processed: 26944
nat-tcp-v4 packets processed: 28480
lpm packets processed: 27008
nat-tcp-v4 packets processed: 28544
lpm packets processed: 27072
nat-tcp-v4 packets processed: 28608
lpm packets processed: 27136
lpm packets processed: 27200
nat-tcp-v4 packets processed: 28672
lpm packets processed: 27264
nat-tcp-v4 packets processed: 28736
lpm packets processed: 27328
nat-tcp-v4 packets processed: 28800
lpm packets processed: 27392
nat-tcp-v4 packets processed: 28864
lpm packets processed: 27456
nat-tcp-v4 packets processed: 28928
lpm packets processed: 27520
nat-tcp-v4 packets processed: 28992
lpm packets processed: 27584
nat-tcp-v4 packets processed: 29056
lpm packets processed: 27648
nat-tcp-v4 packets processed: 29120
lpm packets processed: 27712
nat-tcp-v4 packets processed: 29184
lpm packets processed: 27776
nat-tcp-v4 packets processed: 29248
lpm packets processed: 27840
lpm packets processed: 27904
nat-tcp-v4 packets processed: 29312
lpm packets processed: 27968
nat-tcp-v4 packets processed: 29376
lpm packets processed: 28032
nat-tcp-v4 packets processed: 29440
lpm packets processed: 28096
nat-tcp-v4 packets processed: 29504
lpm packets processed: 28160
nat-tcp-v4 packets processed: 29568
lpm packets processed: 28224
nat-tcp-v4 packets processed: 29632
lpm packets processed: 28288
nat-tcp-v4 packets processed: 29696
lpm packets processed: 28352
nat-tcp-v4 packets processed: 29760
lpm packets processed: 28416
nat-tcp-v4 packets processed: 29824
lpm packets processed: 28480
nat-tcp-v4 packets processed: 29888
lpm packets processed: 28544
lpm packets processed: 28608
nat-tcp-v4 packets processed: 29952
lpm packets processed: 28672
nat-tcp-v4 packets processed: 30016
lpm packets processed: 28736
nat-tcp-v4 packets processed: 30080
lpm packets processed: 28800
nat-tcp-v4 packets processed: 30144
lpm packets processed: 28864
nat-tcp-v4 packets processed: 30208
lpm packets processed: 28928
nat-tcp-v4 packets processed: 30272
lpm packets processed: 28992
nat-tcp-v4 packets processed: 30336
lpm packets processed: 29056
nat-tcp-v4 packets processed: 30400
lpm packets processed: 29120
nat-tcp-v4 packets processed: 30464
lpm packets processed: 29184
nat-tcp-v4 packets processed: 30528
lpm packets processed: 29248
lpm packets processed: 29312
nat-tcp-v4 packets processed: 30592
lpm packets processed: 29376
nat-tcp-v4 packets processed: 30656
lpm packets processed: 29440
nat-tcp-v4 packets processed: 30720
lpm packets processed: 29504
nat-tcp-v4 packets processed: 30784
lpm packets processed: 29568
nat-tcp-v4 packets processed: 30848
lpm packets processed: 29632
nat-tcp-v4 packets processed: 30912
lpm packets processed: 29696
nat-tcp-v4 packets processed: 30976
lpm packets processed: 29760
nat-tcp-v4 packets processed: 31040
lpm packets processed: 29824
nat-tcp-v4 packets processed: 31104
lpm packets processed: 29888
lpm packets processed: 29952
nat-tcp-v4 packets processed: 31168
lpm packets processed: 30016
nat-tcp-v4 packets processed: 31232
lpm packets processed: 30080
nat-tcp-v4 packets processed: 31296
lpm packets processed: 30144
nat-tcp-v4 packets processed: 31360
lpm packets processed: 30208
nat-tcp-v4 packets processed: 31424
lpm packets processed: 30272
nat-tcp-v4 packets processed: 31488
lpm packets processed: 30336
nat-tcp-v4 packets processed: 31552
lpm packets processed: 30400
nat-tcp-v4 packets processed: 31616
lpm packets processed: 30464
nat-tcp-v4 packets processed: 31680
lpm packets processed: 30528
nat-tcp-v4 packets processed: 31744
lpm packets processed: 30592
lpm packets processed: 30656
nat-tcp-v4 packets processed: 31808
lpm packets processed: 30720
nat-tcp-v4 packets processed: 31872
lpm packets processed: 30784
nat-tcp-v4 packets processed: 31936
lpm packets processed: 30848
nat-tcp-v4 packets processed: 32000
lpm packets processed: 30912
nat-tcp-v4 packets processed: 32064
lpm packets processed: 30976
nat-tcp-v4 packets processed: 32128
lpm packets processed: 31040
nat-tcp-v4 packets processed: 32192
lpm packets processed: 31104
nat-tcp-v4 packets processed: 32256
lpm packets processed: 31168
nat-tcp-v4 packets processed: 32320
lpm packets processed: 31232
lpm packets processed: 31296
nat-tcp-v4 packets processed: 32384
lpm packets processed: 31360
nat-tcp-v4 packets processed: 32448
lpm packets processed: 31424
nat-tcp-v4 packets processed: 32512
lpm packets processed: 31488
nat-tcp-v4 packets processed: 32576
lpm packets processed: 31552
nat-tcp-v4 packets processed: 32640
lpm packets processed: 31616
nat-tcp-v4 packets processed: 32704
lpm packets processed: 31680
nat-tcp-v4 packets processed: 32768
lpm packets processed: 31744
nat-tcp-v4 packets processed: 32832
lpm packets processed: 31808
nat-tcp-v4 packets processed: 32896
lpm packets processed: 31872
nat-tcp-v4 packets processed: 32960
lpm packets processed: 31936
lpm packets processed: 32000
nat-tcp-v4 packets processed: 33024
lpm packets processed: 32064
nat-tcp-v4 packets processed: 33088
lpm packets processed: 32128
nat-tcp-v4 packets processed: 33152
lpm packets processed: 32192
nat-tcp-v4 packets processed: 33216
lpm packets processed: 32256
nat-tcp-v4 packets processed: 33280
lpm packets processed: 32320
nat-tcp-v4 packets processed: 33344
lpm packets processed: 32384
nat-tcp-v4 packets processed: 33408
lpm packets processed: 32448
nat-tcp-v4 packets processed: 33472
lpm packets processed: 32512
nat-tcp-v4 packets processed: 33536
lpm packets processed: 32576
lpm packets processed: 32640
nat-tcp-v4 packets processed: 33600
lpm packets processed: 32704
nat-tcp-v4 packets processed: 33664
lpm packets processed: 32768
nat-tcp-v4 packets processed: 33728
lpm packets processed: 32832
nat-tcp-v4 packets processed: 33792
lpm packets processed: 32896
nat-tcp-v4 packets processed: 33856
lpm packets processed: 32960
nat-tcp-v4 packets processed: 33920
lpm packets processed: 33024
nat-tcp-v4 packets processed: 33984
lpm packets processed: 33088
nat-tcp-v4 packets processed: 34048
lpm packets processed: 33152
nat-tcp-v4 packets processed: 34112
lpm packets processed: 33216
nat-tcp-v4 packets processed: 34176
lpm packets processed: 33280
lpm packets processed: 33344
nat-tcp-v4 packets processed: 34240
lpm packets processed: 33408
nat-tcp-v4 packets processed: 34304
lpm packets processed: 33472
nat-tcp-v4 packets processed: 34368
lpm packets processed: 33536
nat-tcp-v4 packets processed: 34432
lpm packets processed: 33600
nat-tcp-v4 packets processed: 34496
lpm packets processed: 33664
nat-tcp-v4 packets processed: 34560
lpm packets processed: 33728
nat-tcp-v4 packets processed: 34624
lpm packets processed: 33792
nat-tcp-v4 packets processed: 34688
lpm packets processed: 33856
nat-tcp-v4 packets processed: 34752
lpm packets processed: 33920
nat-tcp-v4 packets processed: 34816
lpm packets processed: 33984
lpm packets processed: 34048
nat-tcp-v4 packets processed: 34880
lpm packets processed: 34112
nat-tcp-v4 packets processed: 34944
lpm packets processed: 34176
nat-tcp-v4 packets processed: 35008
lpm packets processed: 34240
nat-tcp-v4 packets processed: 35072
lpm packets processed: 34304
nat-tcp-v4 packets processed: 35136
lpm packets processed: 34368
nat-tcp-v4 packets processed: 35200
lpm packets processed: 34432
nat-tcp-v4 packets processed: 35264
lpm packets processed: 34496
nat-tcp-v4 packets processed: 35328
lpm packets processed: 34560
nat-tcp-v4 packets processed: 35392
lpm packets processed: 34624
lpm packets processed: 34688
nat-tcp-v4 packets processed: 35456
nat-tcp-v4 packets processed: 35520
lpm packets processed: 34752
lpm packets processed: 34816
nat-tcp-v4 packets processed: 35584
lpm packets processed: 34880
nat-tcp-v4 packets processed: 35648
lpm packets processed: 34944
nat-tcp-v4 packets processed: 35712
lpm packets processed: 35008
nat-tcp-v4 packets processed: 35776
lpm packets processed: 35072
nat-tcp-v4 packets processed: 35840
lpm packets processed: 35136
nat-tcp-v4 packets processed: 35904
lpm packets processed: 35200
nat-tcp-v4 packets processed: 35968
lpm packets processed: 35264
nat-tcp-v4 packets processed: 36032
lpm packets processed: 35328
nat-tcp-v4 packets processed: 36096
lpm packets processed: 35392
lpm packets processed: 35456
nat-tcp-v4 packets processed: 36160
lpm packets processed: 35520
nat-tcp-v4 packets processed: 36224
lpm packets processed: 35584
nat-tcp-v4 packets processed: 36288
lpm packets processed: 35648
nat-tcp-v4 packets processed: 36352
lpm packets processed: 35712
nat-tcp-v4 packets processed: 36416
lpm packets processed: 35776
nat-tcp-v4 packets processed: 36480
lpm packets processed: 35840
nat-tcp-v4 packets processed: 36544
lpm packets processed: 35904
nat-tcp-v4 packets processed: 36608
lpm packets processed: 35968
nat-tcp-v4 packets processed: 36672
lpm packets processed: 36032
nat-tcp-v4 packets processed: 36736
lpm packets processed: 36096
lpm packets processed: 36160
nat-tcp-v4 packets processed: 36800
lpm packets processed: 36224
nat-tcp-v4 packets processed: 36864
lpm packets processed: 36288
nat-tcp-v4 packets processed: 36928
lpm packets processed: 36352
nat-tcp-v4 packets processed: 36992
lpm packets processed: 36416
nat-tcp-v4 packets processed: 37056
lpm packets processed: 36480
nat-tcp-v4 packets processed: 37120
lpm packets processed: 36544
nat-tcp-v4 packets processed: 37184
lpm packets processed: 36608
nat-tcp-v4 packets processed: 37248
lpm packets processed: 36672
nat-tcp-v4 packets processed: 37312
lpm packets processed: 36736
lpm packets processed: 36800
nat-tcp-v4 packets processed: 37376
lpm packets processed: 36864
nat-tcp-v4 packets processed: 37440
lpm packets processed: 36928
nat-tcp-v4 packets processed: 37504
lpm packets processed: 36992
nat-tcp-v4 packets processed: 37568
lpm packets processed: 37056
nat-tcp-v4 packets processed: 37632
lpm packets processed: 37120
nat-tcp-v4 packets processed: 37696
lpm packets processed: 37184
nat-tcp-v4 packets processed: 37760
lpm packets processed: 37248
nat-tcp-v4 packets processed: 37824
lpm packets processed: 37312
nat-tcp-v4 packets processed: 37888
lpm packets processed: 37376
nat-tcp-v4 packets processed: 37952
lpm packets processed: 37440
lpm packets processed: 37504
nat-tcp-v4 packets processed: 38016
lpm packets processed: 37568
nat-tcp-v4 packets processed: 38080
lpm packets processed: 37632
nat-tcp-v4 packets processed: 38144
lpm packets processed: 37696
nat-tcp-v4 packets processed: 38208
lpm packets processed: 37760
nat-tcp-v4 packets processed: 38272
lpm packets processed: 37824
nat-tcp-v4 packets processed: 38336
lpm packets processed: 37888
nat-tcp-v4 packets processed: 38400
lpm packets processed: 37952
nat-tcp-v4 packets processed: 38464
lpm packets processed: 38016
nat-tcp-v4 packets processed: 38528
lpm packets processed: 38080
lpm packets processed: 38144
nat-tcp-v4 packets processed: 38592
lpm packets processed: 38208
nat-tcp-v4 packets processed: 38656
lpm packets processed: 38272
nat-tcp-v4 packets processed: 38720
lpm packets processed: 38336
nat-tcp-v4 packets processed: 38784
lpm packets processed: 38400
nat-tcp-v4 packets processed: 38848
lpm packets processed: 38464
nat-tcp-v4 packets processed: 38912
lpm packets processed: 38528
nat-tcp-v4 packets processed: 38976
lpm packets processed: 38592
nat-tcp-v4 packets processed: 39040
lpm packets processed: 38656
nat-tcp-v4 packets processed: 39104
lpm packets processed: 38720
nat-tcp-v4 packets processed: 39168
lpm packets processed: 38784
lpm packets processed: 38848
nat-tcp-v4 packets processed: 39232
lpm packets processed: 38912
nat-tcp-v4 packets processed: 39296
lpm packets processed: 38976
nat-tcp-v4 packets processed: 39360
lpm packets processed: 39040
nat-tcp-v4 packets processed: 39424
lpm packets processed: 39104
nat-tcp-v4 packets processed: 39488
lpm packets processed: 39168
nat-tcp-v4 packets processed: 39552
lpm packets processed: 39232
nat-tcp-v4 packets processed: 39616
lpm packets processed: 39296
nat-tcp-v4 packets processed: 39680
lpm packets processed: 39360
nat-tcp-v4 packets processed: 39744
lpm packets processed: 39424
lpm packets processed: 39488
nat-tcp-v4 packets processed: 39808
lpm packets processed: 39552
nat-tcp-v4 packets processed: 39872
lpm packets processed: 39616
nat-tcp-v4 packets processed: 39936
lpm packets processed: 39680
nat-tcp-v4 packets processed: 40000
lpm packets processed: 39744
nat-tcp-v4 packets processed: 40064
lpm packets processed: 39808
nat-tcp-v4 packets processed: 40128
lpm packets processed: 39872
nat-tcp-v4 packets processed: 40192
lpm packets processed: 39936
nat-tcp-v4 packets processed: 40256
lpm packets processed: 40000
nat-tcp-v4 packets processed: 40320
lpm packets processed: 40064
nat-tcp-v4 packets processed: 40384
lpm packets processed: 40128
lpm packets processed: 40192
nat-tcp-v4 packets processed: 40448
lpm packets processed: 40256
nat-tcp-v4 packets processed: 40512
lpm packets processed: 40320
nat-tcp-v4 packets processed: 40576
lpm packets processed: 40384
nat-tcp-v4 packets processed: 40640
lpm packets processed: 40448
nat-tcp-v4 packets processed: 40704
lpm packets processed: 40512
nat-tcp-v4 packets processed: 40768
lpm packets processed: 40576
nat-tcp-v4 packets processed: 40832
lpm packets processed: 40640
nat-tcp-v4 packets processed: 40896
lpm packets processed: 40704
nat-tcp-v4 packets processed: 40960
lpm packets processed: 40768
lpm packets processed: 40832
nat-tcp-v4 packets processed: 41024
lpm packets processed: 40896
nat-tcp-v4 packets processed: 41088
lpm packets processed: 40960
nat-tcp-v4 packets processed: 41152
lpm packets processed: 41024
nat-tcp-v4 packets processed: 41216
lpm packets processed: 41088
nat-tcp-v4 packets processed: 41280
lpm packets processed: 41152
nat-tcp-v4 packets processed: 41344
lpm packets processed: 41216
nat-tcp-v4 packets processed: 41408
lpm packets processed: 41280
nat-tcp-v4 packets processed: 41472
lpm packets processed: 41344
lpm packets processed: 41408
nat-tcp-v4 packets processed: 41536
lpm packets processed: 41472
nat-tcp-v4 packets processed: 41600
lpm packets processed: 41536
nat-tcp-v4 packets processed: 41664
lpm packets processed: 41600
nat-tcp-v4 packets processed: 41728
lpm packets processed: 41664
nat-tcp-v4 packets processed: 41792
lpm packets processed: 41728
nat-tcp-v4 packets processed: 41856
lpm packets processed: 41792
nat-tcp-v4 packets processed: 41920
lpm packets processed: 41856
nat-tcp-v4 packets processed: 41984
lpm packets processed: 41920
nat-tcp-v4 packets processed: 42048
lpm packets processed: 41984
lpm packets processed: 42048
nat-tcp-v4 packets processed: 42112
lpm packets processed: 42112
nat-tcp-v4 packets processed: 42176
lpm packets processed: 42176
nat-tcp-v4 packets processed: 42240
lpm packets processed: 42240
nat-tcp-v4 packets processed: 42304
lpm packets processed: 42304
nat-tcp-v4 packets processed: 42368
lpm packets processed: 42368
nat-tcp-v4 packets processed: 42432
lpm packets processed: 42432
nat-tcp-v4 packets processed: 42496
lpm packets processed: 42496
nat-tcp-v4 packets processed: 42560
lpm packets processed: 42560
nat-tcp-v4 packets processed: 42624
lpm packets processed: 42624
nat-tcp-v4 packets processed: 42688
lpm packets processed: 42688
lpm packets processed: 42752
nat-tcp-v4 packets processed: 42752
lpm packets processed: 42816
nat-tcp-v4 packets processed: 42816
lpm packets processed: 42880
nat-tcp-v4 packets processed: 42880
lpm packets processed: 42944
nat-tcp-v4 packets processed: 42944
lpm packets processed: 43008
nat-tcp-v4 packets processed: 43008
lpm packets processed: 43072
nat-tcp-v4 packets processed: 43072
lpm packets processed: 43136
nat-tcp-v4 packets processed: 43136
lpm packets processed: 43200
nat-tcp-v4 packets processed: 43200
lpm packets processed: 43264
nat-tcp-v4 packets processed: 43264
lpm packets processed: 43328
lpm packets processed: 43392
nat-tcp-v4 packets processed: 43328
lpm packets processed: 43456
nat-tcp-v4 packets processed: 43392
lpm packets processed: 43520
nat-tcp-v4 packets processed: 43456
lpm packets processed: 43584
nat-tcp-v4 packets processed: 43520
lpm packets processed: 43648
nat-tcp-v4 packets processed: 43584
lpm packets processed: 43712
nat-tcp-v4 packets processed: 43648
lpm packets processed: 43776
nat-tcp-v4 packets processed: 43712
lpm packets processed: 43840
nat-tcp-v4 packets processed: 43776
lpm packets processed: 43904
nat-tcp-v4 packets processed: 43840
lpm packets processed: 43968
lpm packets processed: 44032
nat-tcp-v4 packets processed: 43904
lpm packets processed: 44096
nat-tcp-v4 packets processed: 43968
lpm packets processed: 44160
nat-tcp-v4 packets processed: 44032
lpm packets processed: 44224
nat-tcp-v4 packets processed: 44096
lpm packets processed: 44288
nat-tcp-v4 packets processed: 44160
lpm packets processed: 44352
nat-tcp-v4 packets processed: 44224
lpm packets processed: 44416
nat-tcp-v4 packets processed: 44288
lpm packets processed: 44480
nat-tcp-v4 packets processed: 44352
lpm packets processed: 44544
nat-tcp-v4 packets processed: 44416
lpm packets processed: 44608
nat-tcp-v4 packets processed: 44480
lpm packets processed: 44672
lpm packets processed: 44736
nat-tcp-v4 packets processed: 44544
lpm packets processed: 44800
nat-tcp-v4 packets processed: 44608
lpm packets processed: 44864
nat-tcp-v4 packets processed: 44672
lpm packets processed: 44928
nat-tcp-v4 packets processed: 44736
lpm packets processed: 44992
nat-tcp-v4 packets processed: 44800
lpm packets processed: 45056
nat-tcp-v4 packets processed: 44864
lpm packets processed: 45120
nat-tcp-v4 packets processed: 44928
lpm packets processed: 45184
nat-tcp-v4 packets processed: 44992
lpm packets processed: 45248
nat-tcp-v4 packets processed: 45056
lpm packets processed: 45312
lpm packets processed: 45376
nat-tcp-v4 packets processed: 45120
lpm packets processed: 45440
nat-tcp-v4 packets processed: 45184
lpm packets processed: 45504
nat-tcp-v4 packets processed: 45248
lpm packets processed: 45568
nat-tcp-v4 packets processed: 45312
lpm packets processed: 45632
nat-tcp-v4 packets processed: 45376
lpm packets processed: 45696
nat-tcp-v4 packets processed: 45440
lpm packets processed: 45760
nat-tcp-v4 packets processed: 45504
lpm packets processed: 45824
nat-tcp-v4 packets processed: 45568
lpm packets processed: 45888
nat-tcp-v4 packets processed: 45632
lpm packets processed: 45952
lpm packets processed: 46016
nat-tcp-v4 packets processed: 45696
lpm packets processed: 46080
nat-tcp-v4 packets processed: 45760
lpm packets processed: 46144
nat-tcp-v4 packets processed: 45824
lpm packets processed: 46208
nat-tcp-v4 packets processed: 45888
lpm packets processed: 46272
nat-tcp-v4 packets processed: 45952
lpm packets processed: 46336
nat-tcp-v4 packets processed: 46016
lpm packets processed: 46400
nat-tcp-v4 packets processed: 46080
lpm packets processed: 46464
nat-tcp-v4 packets processed: 46144
lpm packets processed: 46528
nat-tcp-v4 packets processed: 46208
lpm packets processed: 46592
nat-tcp-v4 packets processed: 46272
lpm packets processed: 46656
lpm packets processed: 46720
nat-tcp-v4 packets processed: 46336
lpm packets processed: 46784
nat-tcp-v4 packets processed: 46400
lpm packets processed: 46848
nat-tcp-v4 packets processed: 46464
lpm packets processed: 46912
nat-tcp-v4 packets processed: 46528
lpm packets processed: 46976
nat-tcp-v4 packets processed: 46592
lpm packets processed: 47040
nat-tcp-v4 packets processed: 46656
lpm packets processed: 47104
nat-tcp-v4 packets processed: 46720
lpm packets processed: 47168
nat-tcp-v4 packets processed: 46784
lpm packets processed: 47232
nat-tcp-v4 packets processed: 46848
lpm packets processed: 47296
lpm packets processed: 47360
nat-tcp-v4 packets processed: 46912
lpm packets processed: 47424
nat-tcp-v4 packets processed: 46976
lpm packets processed: 47488
nat-tcp-v4 packets processed: 47040
lpm packets processed: 47552
nat-tcp-v4 packets processed: 47104
lpm packets processed: 47616
nat-tcp-v4 packets processed: 47168
lpm packets processed: 47680
nat-tcp-v4 packets processed: 47232
lpm packets processed: 47744
nat-tcp-v4 packets processed: 47296
lpm packets processed: 47808
nat-tcp-v4 packets processed: 47360
lpm packets processed: 47872
nat-tcp-v4 packets processed: 47424
lpm packets processed: 47936
lpm packets processed: 48000
nat-tcp-v4 packets processed: 47488
lpm packets processed: 48064
nat-tcp-v4 packets processed: 47552
lpm packets processed: 48128
nat-tcp-v4 packets processed: 47616
lpm packets processed: 48192
nat-tcp-v4 packets processed: 47680
lpm packets processed: 48256
nat-tcp-v4 packets processed: 47744
lpm packets processed: 48320
nat-tcp-v4 packets processed: 47808
lpm packets processed: 48384
nat-tcp-v4 packets processed: 47872
lpm packets processed: 48448
nat-tcp-v4 packets processed: 47936
lpm packets processed: 48512
nat-tcp-v4 packets processed: 48000
lpm packets processed: 48576
nat-tcp-v4 packets processed: 48064
lpm packets processed: 48640
lpm packets processed: 48704
nat-tcp-v4 packets processed: 48128
lpm packets processed: 48768
nat-tcp-v4 packets processed: 48192
lpm packets processed: 48832
nat-tcp-v4 packets processed: 48256
lpm packets processed: 48896
nat-tcp-v4 packets processed: 48320
lpm packets processed: 48960
nat-tcp-v4 packets processed: 48384
lpm packets processed: 49024
nat-tcp-v4 packets processed: 48448
lpm packets processed: 49088
nat-tcp-v4 packets processed: 48512
lpm packets processed: 49152
nat-tcp-v4 packets processed: 48576
lpm packets processed: 49216
nat-tcp-v4 packets processed: 48640
lpm packets processed: 49280
lpm packets processed: 49344
nat-tcp-v4 packets processed: 48704
lpm packets processed: 49408
nat-tcp-v4 packets processed: 48768
lpm packets processed: 49472
nat-tcp-v4 packets processed: 48832
lpm packets processed: 49536
nat-tcp-v4 packets processed: 48896
lpm packets processed: 49600
nat-tcp-v4 packets processed: 48960
lpm packets processed: 49664
nat-tcp-v4 packets processed: 49024
lpm packets processed: 49728
nat-tcp-v4 packets processed: 49088
lpm packets processed: 49792
nat-tcp-v4 packets processed: 49152
lpm packets processed: 49856
nat-tcp-v4 packets processed: 49216
lpm packets processed: 49920
lpm packets processed: 49984
nat-tcp-v4 packets processed: 49280
lpm packets processed: 50048
nat-tcp-v4 packets processed: 49344
lpm packets processed: 50112
nat-tcp-v4 packets processed: 49408
lpm packets processed: 50176
nat-tcp-v4 packets processed: 49472
lpm packets processed: 50240
nat-tcp-v4 packets processed: 49536
lpm packets processed: 50304
nat-tcp-v4 packets processed: 49600
lpm packets processed: 50368
nat-tcp-v4 packets processed: 49664
lpm packets processed: 50432
nat-tcp-v4 packets processed: 49728
lpm packets processed: 50496
nat-tcp-v4 packets processed: 49792
lpm packets processed: 50560
nat-tcp-v4 packets processed: 49856
lpm packets processed: 50624
lpm packets processed: 50688
nat-tcp-v4 packets processed: 49920
lpm packets processed: 50752
nat-tcp-v4 packets processed: 49984
lpm packets processed: 50816
nat-tcp-v4 packets processed: 50048
lpm packets processed: 50880
nat-tcp-v4 packets processed: 50112
lpm packets processed: 50944
nat-tcp-v4 packets processed: 50176
lpm packets processed: 51008
nat-tcp-v4 packets processed: 50240
lpm packets processed: 51072
nat-tcp-v4 packets processed: 50304
lpm packets processed: 51136
nat-tcp-v4 packets processed: 50368
lpm packets processed: 51200
nat-tcp-v4 packets processed: 50432
lpm packets processed: 51264
lpm packets processed: 51328
nat-tcp-v4 packets processed: 50496
lpm packets processed: 51392
nat-tcp-v4 packets processed: 50560
lpm packets processed: 51456
nat-tcp-v4 packets processed: 50624
lpm packets processed: 51520
nat-tcp-v4 packets processed: 50688
lpm packets processed: 51584
nat-tcp-v4 packets processed: 50752
lpm packets processed: 51648
nat-tcp-v4 packets processed: 50816
lpm packets processed: 51712
nat-tcp-v4 packets processed: 50880
lpm packets processed: 51776
lpm packets processed: 51840
nat-tcp-v4 packets processed: 50944
lpm packets processed: 51904
nat-tcp-v4 packets processed: 51008
lpm packets processed: 51968
nat-tcp-v4 packets processed: 51072
lpm packets processed: 52032
nat-tcp-v4 packets processed: 51136
lpm packets processed: 52096
nat-tcp-v4 packets processed: 51200
lpm packets processed: 52160
nat-tcp-v4 packets processed: 51264
lpm packets processed: 52224
nat-tcp-v4 packets processed: 51328
lpm packets processed: 52288
nat-tcp-v4 packets processed: 51392
lpm packets processed: 52352
nat-tcp-v4 packets processed: 51456
lpm packets processed: 52416
nat-tcp-v4 packets processed: 51520
lpm packets processed: 52480
lpm packets processed: 52544
nat-tcp-v4 packets processed: 51584
lpm packets processed: 52608
nat-tcp-v4 packets processed: 51648
lpm packets processed: 52672
nat-tcp-v4 packets processed: 51712
lpm packets processed: 52736
nat-tcp-v4 packets processed: 51776
lpm packets processed: 52800
nat-tcp-v4 packets processed: 51840
lpm packets processed: 52864
nat-tcp-v4 packets processed: 51904
lpm packets processed: 52928
nat-tcp-v4 packets processed: 51968
lpm packets processed: 52992
nat-tcp-v4 packets processed: 52032
lpm packets processed: 53056
nat-tcp-v4 packets processed: 52096
lpm packets processed: 53120
lpm packets processed: 53184
nat-tcp-v4 packets processed: 52160
lpm packets processed: 53248
nat-tcp-v4 packets processed: 52224
lpm packets processed: 53312
nat-tcp-v4 packets processed: 52288
lpm packets processed: 53376
nat-tcp-v4 packets processed: 52352
lpm packets processed: 53440
nat-tcp-v4 packets processed: 52416
lpm packets processed: 53504
nat-tcp-v4 packets processed: 52480
lpm packets processed: 53568
nat-tcp-v4 packets processed: 52544
lpm packets processed: 53632
nat-tcp-v4 packets processed: 52608
lpm packets processed: 53696
nat-tcp-v4 packets processed: 52672
lpm packets processed: 53760
lpm packets processed: 53824
nat-tcp-v4 packets processed: 52736
lpm packets processed: 53888
nat-tcp-v4 packets processed: 52800
lpm packets processed: 53952
nat-tcp-v4 packets processed: 52864
lpm packets processed: 54016
nat-tcp-v4 packets processed: 52928
lpm packets processed: 54080
nat-tcp-v4 packets processed: 52992
lpm packets processed: 54144
nat-tcp-v4 packets processed: 53056
lpm packets processed: 54208
nat-tcp-v4 packets processed: 53120
lpm packets processed: 54272
nat-tcp-v4 packets processed: 53184
lpm packets processed: 54336
nat-tcp-v4 packets processed: 53248
lpm packets processed: 54400
lpm packets processed: 54464
nat-tcp-v4 packets processed: 53312
lpm packets processed: 54528
nat-tcp-v4 packets processed: 53376
lpm packets processed: 54592
nat-tcp-v4 packets processed: 53440
lpm packets processed: 54656
nat-tcp-v4 packets processed: 53504
lpm packets processed: 54720
nat-tcp-v4 packets processed: 53568
lpm packets processed: 54784
nat-tcp-v4 packets processed: 53632
lpm packets processed: 54848
nat-tcp-v4 packets processed: 53696
lpm packets processed: 54912
nat-tcp-v4 packets processed: 53760
lpm packets processed: 54976
nat-tcp-v4 packets processed: 53824
lpm packets processed: 55040
nat-tcp-v4 packets processed: 53888
lpm packets processed: 55104
lpm packets processed: 55168
nat-tcp-v4 packets processed: 53952
lpm packets processed: 55232
nat-tcp-v4 packets processed: 54016
lpm packets processed: 55296
nat-tcp-v4 packets processed: 54080
lpm packets processed: 55360
nat-tcp-v4 packets processed: 54144
lpm packets processed: 55424
nat-tcp-v4 packets processed: 54208
lpm packets processed: 55488
nat-tcp-v4 packets processed: 54272
lpm packets processed: 55552
nat-tcp-v4 packets processed: 54336
lpm packets processed: 55616
nat-tcp-v4 packets processed: 54400
lpm packets processed: 55680
nat-tcp-v4 packets processed: 54464
lpm packets processed: 55744
lpm packets processed: 55808
nat-tcp-v4 packets processed: 54528
lpm packets processed: 55872
nat-tcp-v4 packets processed: 54592
lpm packets processed: 55936
nat-tcp-v4 packets processed: 54656
lpm packets processed: 56000
nat-tcp-v4 packets processed: 54720
lpm packets processed: 56064
nat-tcp-v4 packets processed: 54784
lpm packets processed: 56128
nat-tcp-v4 packets processed: 54848
lpm packets processed: 56192
nat-tcp-v4 packets processed: 54912
lpm packets processed: 56256
nat-tcp-v4 packets processed: 54976
lpm packets processed: 56320
nat-tcp-v4 packets processed: 55040
lpm packets processed: 56384
lpm packets processed: 56448
nat-tcp-v4 packets processed: 55104
lpm packets processed: 56512
nat-tcp-v4 packets processed: 55168
lpm packets processed: 56576
nat-tcp-v4 packets processed: 55232
lpm packets processed: 56640
nat-tcp-v4 packets processed: 55296
lpm packets processed: 56704
nat-tcp-v4 packets processed: 55360
lpm packets processed: 56768
nat-tcp-v4 packets processed: 55424
lpm packets processed: 56832
nat-tcp-v4 packets processed: 55488
lpm packets processed: 56896
nat-tcp-v4 packets processed: 55552
lpm packets processed: 56960
nat-tcp-v4 packets processed: 55616
lpm packets processed: 57024
lpm packets processed: 57088
nat-tcp-v4 packets processed: 55680
lpm packets processed: 57152
nat-tcp-v4 packets processed: 55744
lpm packets processed: 57216
nat-tcp-v4 packets processed: 55808
lpm packets processed: 57280
nat-tcp-v4 packets processed: 55872
lpm packets processed: 57344
nat-tcp-v4 packets processed: 55936
lpm packets processed: 57408
nat-tcp-v4 packets processed: 56000
lpm packets processed: 57472
nat-tcp-v4 packets processed: 56064
lpm packets processed: 57536
nat-tcp-v4 packets processed: 56128
lpm packets processed: 57600
nat-tcp-v4 packets processed: 56192
lpm packets processed: 57664
lpm packets processed: 57728
nat-tcp-v4 packets processed: 56256
lpm packets processed: 57792
nat-tcp-v4 packets processed: 56320
lpm packets processed: 57856
nat-tcp-v4 packets processed: 56384
lpm packets processed: 57920
nat-tcp-v4 packets processed: 56448
lpm packets processed: 57984
nat-tcp-v4 packets processed: 56512
lpm packets processed: 58048
nat-tcp-v4 packets processed: 56576
lpm packets processed: 58112
nat-tcp-v4 packets processed: 56640
lpm packets processed: 58176
nat-tcp-v4 packets processed: 56704
lpm packets processed: 58240
nat-tcp-v4 packets processed: 56768
lpm packets processed: 58304
lpm packets processed: 58368
nat-tcp-v4 packets processed: 56832
lpm packets processed: 58432
nat-tcp-v4 packets processed: 56896
lpm packets processed: 58496
nat-tcp-v4 packets processed: 56960
lpm packets processed: 58560
nat-tcp-v4 packets processed: 57024
lpm packets processed: 58624
nat-tcp-v4 packets processed: 57088
lpm packets processed: 58688
nat-tcp-v4 packets processed: 57152
lpm packets processed: 58752
nat-tcp-v4 packets processed: 57216
lpm packets processed: 58816
nat-tcp-v4 packets processed: 57280
lpm packets processed: 58880
nat-tcp-v4 packets processed: 57344
lpm packets processed: 58944
nat-tcp-v4 packets processed: 57408
lpm packets processed: 59008
lpm packets processed: 59072
nat-tcp-v4 packets processed: 57472
lpm packets processed: 59136
nat-tcp-v4 packets processed: 57536
lpm packets processed: 59200
nat-tcp-v4 packets processed: 57600
lpm packets processed: 59264
nat-tcp-v4 packets processed: 57664
lpm packets processed: 59328
nat-tcp-v4 packets processed: 57728
lpm packets processed: 59392
nat-tcp-v4 packets processed: 57792
lpm packets processed: 59456
nat-tcp-v4 packets processed: 57856
lpm packets processed: 59520
nat-tcp-v4 packets processed: 57920
lpm packets processed: 59584
nat-tcp-v4 packets processed: 57984
lpm packets processed: 59648
lpm packets processed: 59712
nat-tcp-v4 packets processed: 58048
lpm packets processed: 59776
nat-tcp-v4 packets processed: 58112
lpm packets processed: 59840
nat-tcp-v4 packets processed: 58176
lpm packets processed: 59904
nat-tcp-v4 packets processed: 58240
lpm packets processed: 59968
nat-tcp-v4 packets processed: 58304
lpm packets processed: 60032
nat-tcp-v4 packets processed: 58368
lpm packets processed: 60096
nat-tcp-v4 packets processed: 58432
lpm packets processed: 60160
nat-tcp-v4 packets processed: 58496
lpm packets processed: 60224
nat-tcp-v4 packets processed: 58560
lpm packets processed: 60288
lpm packets processed: 60352
nat-tcp-v4 packets processed: 58624
lpm packets processed: 60416
nat-tcp-v4 packets processed: 58688
lpm packets processed: 60480
nat-tcp-v4 packets processed: 58752
lpm packets processed: 60544
nat-tcp-v4 packets processed: 58816
lpm packets processed: 60608
nat-tcp-v4 packets processed: 58880
lpm packets processed: 60672
nat-tcp-v4 packets processed: 58944
lpm packets processed: 60736
nat-tcp-v4 packets processed: 59008
lpm packets processed: 60800
nat-tcp-v4 packets processed: 59072
lpm packets processed: 60864
nat-tcp-v4 packets processed: 59136
lpm packets processed: 60928
lpm packets processed: 60992
nat-tcp-v4 packets processed: 59200
lpm packets processed: 61056
nat-tcp-v4 packets processed: 59264
lpm packets processed: 61120
nat-tcp-v4 packets processed: 59328
lpm packets processed: 61184
nat-tcp-v4 packets processed: 59392
lpm packets processed: 61248
nat-tcp-v4 packets processed: 59456
lpm packets processed: 61312
nat-tcp-v4 packets processed: 59520
lpm packets processed: 61376
nat-tcp-v4 packets processed: 59584
lpm packets processed: 61440
nat-tcp-v4 packets processed: 59648
lpm packets processed: 61504
nat-tcp-v4 packets processed: 59712
lpm packets processed: 61568
lpm packets processed: 61632
nat-tcp-v4 packets processed: 59776
lpm packets processed: 61696
nat-tcp-v4 packets processed: 59840
lpm packets processed: 61760
nat-tcp-v4 packets processed: 59904
lpm packets processed: 61824
nat-tcp-v4 packets processed: 59968
lpm packets processed: 61888
nat-tcp-v4 packets processed: 60032
lpm packets processed: 61952
nat-tcp-v4 packets processed: 60096
lpm packets processed: 62016
nat-tcp-v4 packets processed: 60160
lpm packets processed: 62080
nat-tcp-v4 packets processed: 60224
lpm packets processed: 62144
nat-tcp-v4 packets processed: 60288
lpm packets processed: 62208
lpm packets processed: 62272
nat-tcp-v4 packets processed: 60352
lpm packets processed: 62336
nat-tcp-v4 packets processed: 60416
lpm packets processed: 62400
nat-tcp-v4 packets processed: 60480
lpm packets processed: 62464
nat-tcp-v4 packets processed: 60544
lpm packets processed: 62528
nat-tcp-v4 packets processed: 60608
lpm packets processed: 62592
nat-tcp-v4 packets processed: 60672
lpm packets processed: 62656
nat-tcp-v4 packets processed: 60736
lpm packets processed: 62720
nat-tcp-v4 packets processed: 60800
lpm packets processed: 62784
nat-tcp-v4 packets processed: 60864
lpm packets processed: 62848
lpm packets processed: 62912
nat-tcp-v4 packets processed: 60928
lpm packets processed: 62976
nat-tcp-v4 packets processed: 60992
lpm packets processed: 63040
nat-tcp-v4 packets processed: 61056
lpm packets processed: 63104
nat-tcp-v4 packets processed: 61120
lpm packets processed: 63168
nat-tcp-v4 packets processed: 61184
lpm packets processed: 63232
nat-tcp-v4 packets processed: 61248
lpm packets processed: 63296
nat-tcp-v4 packets processed: 61312
lpm packets processed: 63360
nat-tcp-v4 packets processed: 61376
lpm packets processed: 63424
nat-tcp-v4 packets processed: 61440
lpm packets processed: 63488
lpm packets processed: 63552
nat-tcp-v4 packets processed: 61504
lpm packets processed: 63616
nat-tcp-v4 packets processed: 61568
lpm packets processed: 63680
nat-tcp-v4 packets processed: 61632
lpm packets processed: 63744
nat-tcp-v4 packets processed: 61696
lpm packets processed: 63808
nat-tcp-v4 packets processed: 61760
lpm packets processed: 63872
nat-tcp-v4 packets processed: 61824
lpm packets processed: 63936
nat-tcp-v4 packets processed: 61888
lpm packets processed: 64000
nat-tcp-v4 packets processed: 61952
lpm packets processed: 64064
nat-tcp-v4 packets processed: 62016
lpm packets processed: 64128
lpm packets processed: 64192
nat-tcp-v4 packets processed: 62080
lpm packets processed: 64256
nat-tcp-v4 packets processed: 62144
lpm packets processed: 64320
nat-tcp-v4 packets processed: 62208
lpm packets processed: 64384
nat-tcp-v4 packets processed: 62272
lpm packets processed: 64448
nat-tcp-v4 packets processed: 62336
lpm packets processed: 64512
nat-tcp-v4 packets processed: 62400
lpm packets processed: 64576
nat-tcp-v4 packets processed: 62464
lpm packets processed: 64640
nat-tcp-v4 packets processed: 62528
lpm packets processed: 64704
nat-tcp-v4 packets processed: 62592
lpm packets processed: 64768
lpm packets processed: 64832
nat-tcp-v4 packets processed: 62656
lpm packets processed: 64896
nat-tcp-v4 packets processed: 62720
lpm packets processed: 64960
nat-tcp-v4 packets processed: 62784
lpm packets processed: 65024
nat-tcp-v4 packets processed: 62848
lpm packets processed: 65088
nat-tcp-v4 packets processed: 62912
lpm packets processed: 65152
nat-tcp-v4 packets processed: 62976
lpm packets processed: 65216
nat-tcp-v4 packets processed: 63040
lpm packets processed: 65280
nat-tcp-v4 packets processed: 63104
lpm packets processed: 65344
nat-tcp-v4 packets processed: 63168
lpm packets processed: 65408
lpm packets processed: 65472
nat-tcp-v4 packets processed: 63232
lpm packets processed: 65536
nat-tcp-v4 packets processed: 63296
lpm packets processed: 65600
nat-tcp-v4 packets processed: 63360
lpm packets processed: 65664
nat-tcp-v4 packets processed: 63424
lpm packets processed: 65728
nat-tcp-v4 packets processed: 63488
lpm packets processed: 65792
nat-tcp-v4 packets processed: 63552
lpm packets processed: 65856
nat-tcp-v4 packets processed: 63616
lpm packets processed: 65920
nat-tcp-v4 packets processed: 63680
lpm packets processed: 65984
nat-tcp-v4 packets processed: 63744
lpm packets processed: 66048
lpm packets processed: 66112
nat-tcp-v4 packets processed: 63808
lpm packets processed: 66176
nat-tcp-v4 packets processed: 63872
lpm packets processed: 66240
nat-tcp-v4 packets processed: 63936
lpm packets processed: 66304
nat-tcp-v4 packets processed: 64000
lpm packets processed: 66368
nat-tcp-v4 packets processed: 64064
lpm packets processed: 66432
nat-tcp-v4 packets processed: 64128
lpm packets processed: 66496
nat-tcp-v4 packets processed: 64192
lpm packets processed: 66560
nat-tcp-v4 packets processed: 64256
lpm packets processed: 66624
nat-tcp-v4 packets processed: 64320
lpm packets processed: 66688
lpm packets processed: 66752
nat-tcp-v4 packets processed: 64384
lpm packets processed: 66816
nat-tcp-v4 packets processed: 64448
lpm packets processed: 66880
nat-tcp-v4 packets processed: 64512
lpm packets processed: 66944
nat-tcp-v4 packets processed: 64576
lpm packets processed: 67008
nat-tcp-v4 packets processed: 64640
lpm packets processed: 67072
nat-tcp-v4 packets processed: 64704
lpm packets processed: 67136
nat-tcp-v4 packets processed: 64768
lpm packets processed: 67200
nat-tcp-v4 packets processed: 64832
lpm packets processed: 67264
nat-tcp-v4 packets processed: 64896
lpm packets processed: 67328
lpm packets processed: 67392
nat-tcp-v4 packets processed: 64960
lpm packets processed: 67456
nat-tcp-v4 packets processed: 65024
lpm packets processed: 67520
nat-tcp-v4 packets processed: 65088
lpm packets processed: 67584
nat-tcp-v4 packets processed: 65152
lpm packets processed: 67648
nat-tcp-v4 packets processed: 65216
lpm packets processed: 67712
nat-tcp-v4 packets processed: 65280
lpm packets processed: 67776
nat-tcp-v4 packets processed: 65344
lpm packets processed: 67840
nat-tcp-v4 packets processed: 65408
lpm packets processed: 67904
nat-tcp-v4 packets processed: 65472
lpm packets processed: 67968
nat-tcp-v4 packets processed: 65536
lpm packets processed: 68032
lpm packets processed: 68096
nat-tcp-v4 packets processed: 65600
lpm packets processed: 68160
nat-tcp-v4 packets processed: 65664
lpm packets processed: 68224
nat-tcp-v4 packets processed: 65728
lpm packets processed: 68288
nat-tcp-v4 packets processed: 65792
lpm packets processed: 68352
nat-tcp-v4 packets processed: 65856
lpm packets processed: 68416
nat-tcp-v4 packets processed: 65920
lpm packets processed: 68480
nat-tcp-v4 packets processed: 65984
lpm packets processed: 68544
nat-tcp-v4 packets processed: 66048
lpm packets processed: 68608
nat-tcp-v4 packets processed: 66112
lpm packets processed: 68672
nat-tcp-v4 packets processed: 66176
lpm packets processed: 68736
nat-tcp-v4 packets processed: 66240
lpm packets processed: 68800
nat-tcp-v4 packets processed: 66304
lpm packets processed: 68864
nat-tcp-v4 packets processed: 66368
lpm packets processed: 68928
nat-tcp-v4 packets processed: 66432
lpm packets processed: 68992
nat-tcp-v4 packets processed: 66496
lpm packets processed: 69056
nat-tcp-v4 packets processed: 66560
lpm packets processed: 69120
nat-tcp-v4 packets processed: 66624
lpm packets processed: 69184
nat-tcp-v4 packets processed: 66688
lpm packets processed: 69248
nat-tcp-v4 packets processed: 66752
lpm packets processed: 69312
nat-tcp-v4 packets processed: 66816
lpm packets processed: 69376
nat-tcp-v4 packets processed: 66880
lpm packets processed: 69440
nat-tcp-v4 packets processed: 66944
lpm packets processed: 69504
nat-tcp-v4 packets processed: 67008
lpm packets processed: 69568
nat-tcp-v4 packets processed: 67072
lpm packets processed: 69632
nat-tcp-v4 packets processed: 67136
lpm packets processed: 69696
nat-tcp-v4 packets processed: 67200
lpm packets processed: 69760
nat-tcp-v4 packets processed: 67264
lpm packets processed: 69824
nat-tcp-v4 packets processed: 67328
lpm packets processed: 69888
nat-tcp-v4 packets processed: 67392
lpm packets processed: 69952
nat-tcp-v4 packets processed: 67456
lpm packets processed: 70016
nat-tcp-v4 packets processed: 67520
lpm packets processed: 70080
nat-tcp-v4 packets processed: 67584
lpm packets processed: 70144
nat-tcp-v4 packets processed: 67648
lpm packets processed: 70208
lpm packets processed: 70272
nat-tcp-v4 packets processed: 67712
lpm packets processed: 70336
nat-tcp-v4 packets processed: 67776
lpm packets processed: 70400
nat-tcp-v4 packets processed: 67840
lpm packets processed: 70464
nat-tcp-v4 packets processed: 67904
lpm packets processed: 70528
nat-tcp-v4 packets processed: 67968
lpm packets processed: 70592
nat-tcp-v4 packets processed: 68032
lpm packets processed: 70656
nat-tcp-v4 packets processed: 68096
lpm packets processed: 70720
nat-tcp-v4 packets processed: 68160
lpm packets processed: 70784
nat-tcp-v4 packets processed: 68224
lpm packets processed: 70848
nat-tcp-v4 packets processed: 68288
lpm packets processed: 70912
nat-tcp-v4 packets processed: 68352
lpm packets processed: 70976
nat-tcp-v4 packets processed: 68416
lpm packets processed: 71040
nat-tcp-v4 packets processed: 68480
lpm packets processed: 71104
nat-tcp-v4 packets processed: 68544
lpm packets processed: 71168
nat-tcp-v4 packets processed: 68608
lpm packets processed: 71232
nat-tcp-v4 packets processed: 68672
lpm packets processed: 71296
nat-tcp-v4 packets processed: 68736
lpm packets processed: 71360
nat-tcp-v4 packets processed: 68800
lpm packets processed: 71424
nat-tcp-v4 packets processed: 68864
lpm packets processed: 71488
nat-tcp-v4 packets processed: 68928
lpm packets processed: 71552
nat-tcp-v4 packets processed: 68992
lpm packets processed: 71616
nat-tcp-v4 packets processed: 69056
lpm packets processed: 71680
nat-tcp-v4 packets processed: 69120
lpm packets processed: 71744
nat-tcp-v4 packets processed: 69184
lpm packets processed: 71808
nat-tcp-v4 packets processed: 69248
lpm packets processed: 71872
nat-tcp-v4 packets processed: 69312
lpm packets processed: 71936
nat-tcp-v4 packets processed: 69376
lpm packets processed: 72000
nat-tcp-v4 packets processed: 69440
lpm packets processed: 72064
nat-tcp-v4 packets processed: 69504
lpm packets processed: 72128
nat-tcp-v4 packets processed: 69568
lpm packets processed: 72192
nat-tcp-v4 packets processed: 69632
lpm packets processed: 72256
nat-tcp-v4 packets processed: 69696
lpm packets processed: 72320
nat-tcp-v4 packets processed: 69760
lpm packets processed: 72384
nat-tcp-v4 packets processed: 69824
lpm packets processed: 72448
lpm packets processed: 72512
nat-tcp-v4 packets processed: 69888
lpm packets processed: 72576
nat-tcp-v4 packets processed: 69952
lpm packets processed: 72640
nat-tcp-v4 packets processed: 70016
lpm packets processed: 72704
nat-tcp-v4 packets processed: 70080
lpm packets processed: 72768
nat-tcp-v4 packets processed: 70144
lpm packets processed: 72832
nat-tcp-v4 packets processed: 70208
lpm packets processed: 72896
nat-tcp-v4 packets processed: 70272
a thread in cpu1 reached the max instruction count @ 526320634098
lpm packets processed: 72960
nat-tcp-v4 packets processed: 70336
lpm packets processed: 73024
a thread in cpu0 reached the max instruction count @ 526992438612
Switched CPUS @ tick 526992438612
Changing memory mode to timing
switching cpus
**** REAL SIMULATION ****
info: Entering event queue @ 526992438612.  Starting simulation...
nat-tcp-v4 packets processed: 70400
lpm packets processed: 73088
nat-tcp-v4 packets processed: 70464
lpm packets processed: 73152
nat-tcp-v4 packets processed: 70528
lpm packets processed: 73216
nat-tcp-v4 packets processed: 70592
lpm packets processed: 73280
nat-tcp-v4 packets processed: 70656
lpm packets processed: 73344
nat-tcp-v4 packets processed: 70720
lpm packets processed: 73408
nat-tcp-v4 packets processed: 70784
lpm packets processed: 73472
nat-tcp-v4 packets processed: 70848
lpm packets processed: 73536
nat-tcp-v4 packets processed: 70912
lpm packets processed: 73600
nat-tcp-v4 packets processed: 70976
lpm packets processed: 73664
nat-tcp-v4 packets processed: 71040
lpm packets processed: 73728
nat-tcp-v4 packets processed: 71104
lpm packets processed: 73792
nat-tcp-v4 packets processed: 71168
lpm packets processed: 73856
a thread in cpu1 reached the max instruction count @ 530537024097
Exiting @ tick 530618820315 because a thread in cpu0 reached the max instruction count
