gem5 Simulator System.  http://gem5.org
gem5 is copyrighted software; use the --copyright option for details.

gem5 compiled Jan 31 2020 21:24:01
gem5 started Jan 31 2020 21:25:53
gem5 executing on node-0.yangzhou-qv63200.lambda-mpi-pg0.clemson.cloudlab.us
command line: build/ARM/gem5.fast --remote-gdb-port=0 --outdir=/users/yangzhou/GEM5_DRAMSim2/sgx_nic/m5out/detailed_nat-tcp-v4_512kB_none --stats-file=detailed_nat-tcp-v4_512kB_none_stats.txt configs/dramsim2/dramsim2_se.py --cpu-type=detailed --clock=2.4GHz --cacheline_size=128 --caches --l2cache --l2config=shared --l2_size=512kB --l2_assoc=16 --dramsim2 --tpturnlength=6 --devicecfg=./ext/DRAMSim2/ini/DDR3_micron_16M_8B_x8_sg15.ini --systemcfg=./ext/DRAMSim2/system_none.ini --outputfile=/dev/null --fast-forward=1000000000 --maxinsts=10000000 --maxtick=2000000000000 --numpids=1 --p0=/users/yangzhou/NF-GEM5/nat-tcp-v4
Global frequency set at 1000000000000 ticks per second
device file: ./ext/DRAMSim2/ini/DDR3_micron_16M_8B_x8_sg15.ini
system file: ./ext/DRAMSim2/system_none.ini
output file: /dev/null
DEBUGSTR My tpTurnLength is 6
genTrace is 0
finish initializing memory controller
CPU Clock = 2398MHz
DRAM Clock = 1600MHz
Memory Capacity = 16384MB
Switch at instruction count:1000000000
info: Entering event queue @ 0.  Starting simulation...
info: Increasing stack size by one page.
value_t size: 16B
memory size: 51.400196MB
trying to open file /users/yangzhou/ictf2010_100kflow.dat
opening succeeds
Reading pkt trace done!
average pkt size = 607.092021
nat-tcp-v4 packets processed: 32
nat-tcp-v4 packets processed: 64
nat-tcp-v4 packets processed: 96
nat-tcp-v4 packets processed: 128
nat-tcp-v4 packets processed: 160
nat-tcp-v4 packets processed: 192
nat-tcp-v4 packets processed: 224
nat-tcp-v4 packets processed: 256
nat-tcp-v4 packets processed: 288
nat-tcp-v4 packets processed: 320
nat-tcp-v4 packets processed: 352
nat-tcp-v4 packets processed: 384
nat-tcp-v4 packets processed: 416
nat-tcp-v4 packets processed: 448
nat-tcp-v4 packets processed: 480
nat-tcp-v4 packets processed: 512
nat-tcp-v4 packets processed: 544
nat-tcp-v4 packets processed: 576
nat-tcp-v4 packets processed: 608
nat-tcp-v4 packets processed: 640
nat-tcp-v4 packets processed: 672
nat-tcp-v4 packets processed: 704
nat-tcp-v4 packets processed: 736
nat-tcp-v4 packets processed: 768
nat-tcp-v4 packets processed: 800
nat-tcp-v4 packets processed: 832
nat-tcp-v4 packets processed: 864
nat-tcp-v4 packets processed: 896
nat-tcp-v4 packets processed: 928
nat-tcp-v4 packets processed: 960
nat-tcp-v4 packets processed: 992
nat-tcp-v4 packets processed: 1024
nat-tcp-v4 packets processed: 1056
nat-tcp-v4 packets processed: 1088
nat-tcp-v4 packets processed: 1120
nat-tcp-v4 packets processed: 1152
nat-tcp-v4 packets processed: 1184
nat-tcp-v4 packets processed: 1216
nat-tcp-v4 packets processed: 1248
nat-tcp-v4 packets processed: 1280
nat-tcp-v4 packets processed: 1312
nat-tcp-v4 packets processed: 1344
nat-tcp-v4 packets processed: 1376
nat-tcp-v4 packets processed: 1408
nat-tcp-v4 packets processed: 1440
nat-tcp-v4 packets processed: 1472
nat-tcp-v4 packets processed: 1504
nat-tcp-v4 packets processed: 1536
nat-tcp-v4 packets processed: 1568
nat-tcp-v4 packets processed: 1600
nat-tcp-v4 packets processed: 1632
nat-tcp-v4 packets processed: 1664
nat-tcp-v4 packets processed: 1696
nat-tcp-v4 packets processed: 1728
nat-tcp-v4 packets processed: 1760
nat-tcp-v4 packets processed: 1792
nat-tcp-v4 packets processed: 1824
nat-tcp-v4 packets processed: 1856
nat-tcp-v4 packets processed: 1888
nat-tcp-v4 packets processed: 1920
nat-tcp-v4 packets processed: 1952
nat-tcp-v4 packets processed: 1984
nat-tcp-v4 packets processed: 2016
nat-tcp-v4 packets processed: 2048
nat-tcp-v4 packets processed: 2080
nat-tcp-v4 packets processed: 2112
nat-tcp-v4 packets processed: 2144
nat-tcp-v4 packets processed: 2176
nat-tcp-v4 packets processed: 2208
nat-tcp-v4 packets processed: 2240
nat-tcp-v4 packets processed: 2272
nat-tcp-v4 packets processed: 2304
nat-tcp-v4 packets processed: 2336
nat-tcp-v4 packets processed: 2368
nat-tcp-v4 packets processed: 2400
nat-tcp-v4 packets processed: 2432
nat-tcp-v4 packets processed: 2464
nat-tcp-v4 packets processed: 2496
nat-tcp-v4 packets processed: 2528
nat-tcp-v4 packets processed: 2560
nat-tcp-v4 packets processed: 2592
nat-tcp-v4 packets processed: 2624
nat-tcp-v4 packets processed: 2656
nat-tcp-v4 packets processed: 2688
nat-tcp-v4 packets processed: 2720
nat-tcp-v4 packets processed: 2752
nat-tcp-v4 packets processed: 2784
nat-tcp-v4 packets processed: 2816
nat-tcp-v4 packets processed: 2848
nat-tcp-v4 packets processed: 2880
nat-tcp-v4 packets processed: 2912
nat-tcp-v4 packets processed: 2944
nat-tcp-v4 packets processed: 2976
nat-tcp-v4 packets processed: 3008
nat-tcp-v4 packets processed: 3040
nat-tcp-v4 packets processed: 3072
nat-tcp-v4 packets processed: 3104
nat-tcp-v4 packets processed: 3136
nat-tcp-v4 packets processed: 3168
nat-tcp-v4 packets processed: 3200
nat-tcp-v4 packets processed: 3232
nat-tcp-v4 packets processed: 3264
nat-tcp-v4 packets processed: 3296
nat-tcp-v4 packets processed: 3328
nat-tcp-v4 packets processed: 3360
nat-tcp-v4 packets processed: 3392
nat-tcp-v4 packets processed: 3424
nat-tcp-v4 packets processed: 3456
nat-tcp-v4 packets processed: 3488
nat-tcp-v4 packets processed: 3520
nat-tcp-v4 packets processed: 3552
nat-tcp-v4 packets processed: 3584
nat-tcp-v4 packets processed: 3616
nat-tcp-v4 packets processed: 3648
nat-tcp-v4 packets processed: 3680
nat-tcp-v4 packets processed: 3712
nat-tcp-v4 packets processed: 3744
nat-tcp-v4 packets processed: 3776
nat-tcp-v4 packets processed: 3808
nat-tcp-v4 packets processed: 3840
nat-tcp-v4 packets processed: 3872
nat-tcp-v4 packets processed: 3904
nat-tcp-v4 packets processed: 3936
nat-tcp-v4 packets processed: 3968
nat-tcp-v4 packets processed: 4000
nat-tcp-v4 packets processed: 4032
nat-tcp-v4 packets processed: 4064
nat-tcp-v4 packets processed: 4096
nat-tcp-v4 packets processed: 4128
nat-tcp-v4 packets processed: 4160
nat-tcp-v4 packets processed: 4192
nat-tcp-v4 packets processed: 4224
nat-tcp-v4 packets processed: 4256
nat-tcp-v4 packets processed: 4288
nat-tcp-v4 packets processed: 4320
nat-tcp-v4 packets processed: 4352
nat-tcp-v4 packets processed: 4384
nat-tcp-v4 packets processed: 4416
nat-tcp-v4 packets processed: 4448
nat-tcp-v4 packets processed: 4480
nat-tcp-v4 packets processed: 4512
nat-tcp-v4 packets processed: 4544
nat-tcp-v4 packets processed: 4576
nat-tcp-v4 packets processed: 4608
nat-tcp-v4 packets processed: 4640
nat-tcp-v4 packets processed: 4672
nat-tcp-v4 packets processed: 4704
nat-tcp-v4 packets processed: 4736
nat-tcp-v4 packets processed: 4768
nat-tcp-v4 packets processed: 4800
nat-tcp-v4 packets processed: 4832
nat-tcp-v4 packets processed: 4864
nat-tcp-v4 packets processed: 4896
nat-tcp-v4 packets processed: 4928
nat-tcp-v4 packets processed: 4960
nat-tcp-v4 packets processed: 4992
nat-tcp-v4 packets processed: 5024
nat-tcp-v4 packets processed: 5056
nat-tcp-v4 packets processed: 5088
nat-tcp-v4 packets processed: 5120
nat-tcp-v4 packets processed: 5152
nat-tcp-v4 packets processed: 5184
nat-tcp-v4 packets processed: 5216
nat-tcp-v4 packets processed: 5248
nat-tcp-v4 packets processed: 5280
nat-tcp-v4 packets processed: 5312
nat-tcp-v4 packets processed: 5344
nat-tcp-v4 packets processed: 5376
nat-tcp-v4 packets processed: 5408
nat-tcp-v4 packets processed: 5440
nat-tcp-v4 packets processed: 5472
nat-tcp-v4 packets processed: 5504
nat-tcp-v4 packets processed: 5536
nat-tcp-v4 packets processed: 5568
nat-tcp-v4 packets processed: 5600
nat-tcp-v4 packets processed: 5632
nat-tcp-v4 packets processed: 5664
nat-tcp-v4 packets processed: 5696
nat-tcp-v4 packets processed: 5728
nat-tcp-v4 packets processed: 5760
nat-tcp-v4 packets processed: 5792
nat-tcp-v4 packets processed: 5824
nat-tcp-v4 packets processed: 5856
nat-tcp-v4 packets processed: 5888
nat-tcp-v4 packets processed: 5920
nat-tcp-v4 packets processed: 5952
nat-tcp-v4 packets processed: 5984
nat-tcp-v4 packets processed: 6016
nat-tcp-v4 packets processed: 6048
nat-tcp-v4 packets processed: 6080
nat-tcp-v4 packets processed: 6112
nat-tcp-v4 packets processed: 6144
nat-tcp-v4 packets processed: 6176
nat-tcp-v4 packets processed: 6208
nat-tcp-v4 packets processed: 6240
nat-tcp-v4 packets processed: 6272
nat-tcp-v4 packets processed: 6304
nat-tcp-v4 packets processed: 6336
nat-tcp-v4 packets processed: 6368
nat-tcp-v4 packets processed: 6400
nat-tcp-v4 packets processed: 6432
nat-tcp-v4 packets processed: 6464
nat-tcp-v4 packets processed: 6496
nat-tcp-v4 packets processed: 6528
nat-tcp-v4 packets processed: 6560
nat-tcp-v4 packets processed: 6592
nat-tcp-v4 packets processed: 6624
nat-tcp-v4 packets processed: 6656
nat-tcp-v4 packets processed: 6688
nat-tcp-v4 packets processed: 6720
nat-tcp-v4 packets processed: 6752
nat-tcp-v4 packets processed: 6784
nat-tcp-v4 packets processed: 6816
nat-tcp-v4 packets processed: 6848
nat-tcp-v4 packets processed: 6880
nat-tcp-v4 packets processed: 6912
nat-tcp-v4 packets processed: 6944
nat-tcp-v4 packets processed: 6976
nat-tcp-v4 packets processed: 7008
nat-tcp-v4 packets processed: 7040
nat-tcp-v4 packets processed: 7072
nat-tcp-v4 packets processed: 7104
nat-tcp-v4 packets processed: 7136
nat-tcp-v4 packets processed: 7168
nat-tcp-v4 packets processed: 7200
nat-tcp-v4 packets processed: 7232
nat-tcp-v4 packets processed: 7264
nat-tcp-v4 packets processed: 7296
nat-tcp-v4 packets processed: 7328
nat-tcp-v4 packets processed: 7360
nat-tcp-v4 packets processed: 7392
nat-tcp-v4 packets processed: 7424
nat-tcp-v4 packets processed: 7456
nat-tcp-v4 packets processed: 7488
nat-tcp-v4 packets processed: 7520
nat-tcp-v4 packets processed: 7552
nat-tcp-v4 packets processed: 7584
nat-tcp-v4 packets processed: 7616
nat-tcp-v4 packets processed: 7648
nat-tcp-v4 packets processed: 7680
nat-tcp-v4 packets processed: 7712
nat-tcp-v4 packets processed: 7744
nat-tcp-v4 packets processed: 7776
nat-tcp-v4 packets processed: 7808
nat-tcp-v4 packets processed: 7840
nat-tcp-v4 packets processed: 7872
nat-tcp-v4 packets processed: 7904
nat-tcp-v4 packets processed: 7936
nat-tcp-v4 packets processed: 7968
nat-tcp-v4 packets processed: 8000
nat-tcp-v4 packets processed: 8032
nat-tcp-v4 packets processed: 8064
nat-tcp-v4 packets processed: 8096
nat-tcp-v4 packets processed: 8128
nat-tcp-v4 packets processed: 8160
nat-tcp-v4 packets processed: 8192
nat-tcp-v4 packets processed: 8224
nat-tcp-v4 packets processed: 8256
nat-tcp-v4 packets processed: 8288
nat-tcp-v4 packets processed: 8320
nat-tcp-v4 packets processed: 8352
nat-tcp-v4 packets processed: 8384
nat-tcp-v4 packets processed: 8416
nat-tcp-v4 packets processed: 8448
nat-tcp-v4 packets processed: 8480
nat-tcp-v4 packets processed: 8512
nat-tcp-v4 packets processed: 8544
nat-tcp-v4 packets processed: 8576
nat-tcp-v4 packets processed: 8608
nat-tcp-v4 packets processed: 8640
nat-tcp-v4 packets processed: 8672
nat-tcp-v4 packets processed: 8704
nat-tcp-v4 packets processed: 8736
nat-tcp-v4 packets processed: 8768
nat-tcp-v4 packets processed: 8800
nat-tcp-v4 packets processed: 8832
nat-tcp-v4 packets processed: 8864
nat-tcp-v4 packets processed: 8896
nat-tcp-v4 packets processed: 8928
nat-tcp-v4 packets processed: 8960
nat-tcp-v4 packets processed: 8992
nat-tcp-v4 packets processed: 9024
nat-tcp-v4 packets processed: 9056
nat-tcp-v4 packets processed: 9088
nat-tcp-v4 packets processed: 9120
nat-tcp-v4 packets processed: 9152
nat-tcp-v4 packets processed: 9184
nat-tcp-v4 packets processed: 9216
nat-tcp-v4 packets processed: 9248
nat-tcp-v4 packets processed: 9280
nat-tcp-v4 packets processed: 9312
nat-tcp-v4 packets processed: 9344
nat-tcp-v4 packets processed: 9376
nat-tcp-v4 packets processed: 9408
nat-tcp-v4 packets processed: 9440
nat-tcp-v4 packets processed: 9472
nat-tcp-v4 packets processed: 9504
nat-tcp-v4 packets processed: 9536
nat-tcp-v4 packets processed: 9568
nat-tcp-v4 packets processed: 9600
nat-tcp-v4 packets processed: 9632
nat-tcp-v4 packets processed: 9664
nat-tcp-v4 packets processed: 9696
nat-tcp-v4 packets processed: 9728
nat-tcp-v4 packets processed: 9760
nat-tcp-v4 packets processed: 9792
nat-tcp-v4 packets processed: 9824
nat-tcp-v4 packets processed: 9856
nat-tcp-v4 packets processed: 9888
nat-tcp-v4 packets processed: 9920
nat-tcp-v4 packets processed: 9952
nat-tcp-v4 packets processed: 9984
nat-tcp-v4 packets processed: 10016
nat-tcp-v4 packets processed: 10048
nat-tcp-v4 packets processed: 10080
nat-tcp-v4 packets processed: 10112
nat-tcp-v4 packets processed: 10144
nat-tcp-v4 packets processed: 10176
nat-tcp-v4 packets processed: 10208
nat-tcp-v4 packets processed: 10240
nat-tcp-v4 packets processed: 10272
nat-tcp-v4 packets processed: 10304
nat-tcp-v4 packets processed: 10336
nat-tcp-v4 packets processed: 10368
nat-tcp-v4 packets processed: 10400
nat-tcp-v4 packets processed: 10432
nat-tcp-v4 packets processed: 10464
nat-tcp-v4 packets processed: 10496
nat-tcp-v4 packets processed: 10528
nat-tcp-v4 packets processed: 10560
nat-tcp-v4 packets processed: 10592
nat-tcp-v4 packets processed: 10624
nat-tcp-v4 packets processed: 10656
nat-tcp-v4 packets processed: 10688
nat-tcp-v4 packets processed: 10720
nat-tcp-v4 packets processed: 10752
nat-tcp-v4 packets processed: 10784
nat-tcp-v4 packets processed: 10816
nat-tcp-v4 packets processed: 10848
nat-tcp-v4 packets processed: 10880
nat-tcp-v4 packets processed: 10912
nat-tcp-v4 packets processed: 10944
nat-tcp-v4 packets processed: 10976
nat-tcp-v4 packets processed: 11008
nat-tcp-v4 packets processed: 11040
nat-tcp-v4 packets processed: 11072
nat-tcp-v4 packets processed: 11104
nat-tcp-v4 packets processed: 11136
nat-tcp-v4 packets processed: 11168
nat-tcp-v4 packets processed: 11200
nat-tcp-v4 packets processed: 11232
nat-tcp-v4 packets processed: 11264
nat-tcp-v4 packets processed: 11296
nat-tcp-v4 packets processed: 11328
nat-tcp-v4 packets processed: 11360
nat-tcp-v4 packets processed: 11392
nat-tcp-v4 packets processed: 11424
nat-tcp-v4 packets processed: 11456
nat-tcp-v4 packets processed: 11488
nat-tcp-v4 packets processed: 11520
nat-tcp-v4 packets processed: 11552
nat-tcp-v4 packets processed: 11584
nat-tcp-v4 packets processed: 11616
nat-tcp-v4 packets processed: 11648
nat-tcp-v4 packets processed: 11680
nat-tcp-v4 packets processed: 11712
nat-tcp-v4 packets processed: 11744
nat-tcp-v4 packets processed: 11776
nat-tcp-v4 packets processed: 11808
nat-tcp-v4 packets processed: 11840
nat-tcp-v4 packets processed: 11872
nat-tcp-v4 packets processed: 11904
nat-tcp-v4 packets processed: 11936
nat-tcp-v4 packets processed: 11968
nat-tcp-v4 packets processed: 12000
nat-tcp-v4 packets processed: 12032
nat-tcp-v4 packets processed: 12064
nat-tcp-v4 packets processed: 12096
nat-tcp-v4 packets processed: 12128
nat-tcp-v4 packets processed: 12160
nat-tcp-v4 packets processed: 12192
nat-tcp-v4 packets processed: 12224
nat-tcp-v4 packets processed: 12256
nat-tcp-v4 packets processed: 12288
nat-tcp-v4 packets processed: 12320
nat-tcp-v4 packets processed: 12352
nat-tcp-v4 packets processed: 12384
nat-tcp-v4 packets processed: 12416
nat-tcp-v4 packets processed: 12448
nat-tcp-v4 packets processed: 12480
nat-tcp-v4 packets processed: 12512
nat-tcp-v4 packets processed: 12544
nat-tcp-v4 packets processed: 12576
nat-tcp-v4 packets processed: 12608
nat-tcp-v4 packets processed: 12640
nat-tcp-v4 packets processed: 12672
nat-tcp-v4 packets processed: 12704
nat-tcp-v4 packets processed: 12736
nat-tcp-v4 packets processed: 12768
nat-tcp-v4 packets processed: 12800
nat-tcp-v4 packets processed: 12832
nat-tcp-v4 packets processed: 12864
nat-tcp-v4 packets processed: 12896
nat-tcp-v4 packets processed: 12928
nat-tcp-v4 packets processed: 12960
nat-tcp-v4 packets processed: 12992
nat-tcp-v4 packets processed: 13024
nat-tcp-v4 packets processed: 13056
nat-tcp-v4 packets processed: 13088
nat-tcp-v4 packets processed: 13120
nat-tcp-v4 packets processed: 13152
nat-tcp-v4 packets processed: 13184
nat-tcp-v4 packets processed: 13216
nat-tcp-v4 packets processed: 13248
nat-tcp-v4 packets processed: 13280
nat-tcp-v4 packets processed: 13312
nat-tcp-v4 packets processed: 13344
nat-tcp-v4 packets processed: 13376
nat-tcp-v4 packets processed: 13408
nat-tcp-v4 packets processed: 13440
nat-tcp-v4 packets processed: 13472
nat-tcp-v4 packets processed: 13504
nat-tcp-v4 packets processed: 13536
nat-tcp-v4 packets processed: 13568
nat-tcp-v4 packets processed: 13600
nat-tcp-v4 packets processed: 13632
nat-tcp-v4 packets processed: 13664
nat-tcp-v4 packets processed: 13696
nat-tcp-v4 packets processed: 13728
nat-tcp-v4 packets processed: 13760
nat-tcp-v4 packets processed: 13792
nat-tcp-v4 packets processed: 13824
nat-tcp-v4 packets processed: 13856
nat-tcp-v4 packets processed: 13888
nat-tcp-v4 packets processed: 13920
nat-tcp-v4 packets processed: 13952
nat-tcp-v4 packets processed: 13984
nat-tcp-v4 packets processed: 14016
nat-tcp-v4 packets processed: 14048
nat-tcp-v4 packets processed: 14080
nat-tcp-v4 packets processed: 14112
nat-tcp-v4 packets processed: 14144
nat-tcp-v4 packets processed: 14176
nat-tcp-v4 packets processed: 14208
nat-tcp-v4 packets processed: 14240
nat-tcp-v4 packets processed: 14272
nat-tcp-v4 packets processed: 14304
nat-tcp-v4 packets processed: 14336
nat-tcp-v4 packets processed: 14368
nat-tcp-v4 packets processed: 14400
nat-tcp-v4 packets processed: 14432
nat-tcp-v4 packets processed: 14464
nat-tcp-v4 packets processed: 14496
nat-tcp-v4 packets processed: 14528
nat-tcp-v4 packets processed: 14560
nat-tcp-v4 packets processed: 14592
nat-tcp-v4 packets processed: 14624
nat-tcp-v4 packets processed: 14656
nat-tcp-v4 packets processed: 14688
nat-tcp-v4 packets processed: 14720
nat-tcp-v4 packets processed: 14752
nat-tcp-v4 packets processed: 14784
nat-tcp-v4 packets processed: 14816
nat-tcp-v4 packets processed: 14848
nat-tcp-v4 packets processed: 14880
nat-tcp-v4 packets processed: 14912
nat-tcp-v4 packets processed: 14944
nat-tcp-v4 packets processed: 14976
nat-tcp-v4 packets processed: 15008
nat-tcp-v4 packets processed: 15040
nat-tcp-v4 packets processed: 15072
nat-tcp-v4 packets processed: 15104
nat-tcp-v4 packets processed: 15136
nat-tcp-v4 packets processed: 15168
nat-tcp-v4 packets processed: 15200
nat-tcp-v4 packets processed: 15232
nat-tcp-v4 packets processed: 15264
nat-tcp-v4 packets processed: 15296
nat-tcp-v4 packets processed: 15328
nat-tcp-v4 packets processed: 15360
nat-tcp-v4 packets processed: 15392
nat-tcp-v4 packets processed: 15424
nat-tcp-v4 packets processed: 15456
nat-tcp-v4 packets processed: 15488
nat-tcp-v4 packets processed: 15520
nat-tcp-v4 packets processed: 15552
nat-tcp-v4 packets processed: 15584
nat-tcp-v4 packets processed: 15616
nat-tcp-v4 packets processed: 15648
nat-tcp-v4 packets processed: 15680
nat-tcp-v4 packets processed: 15712
nat-tcp-v4 packets processed: 15744
nat-tcp-v4 packets processed: 15776
nat-tcp-v4 packets processed: 15808
nat-tcp-v4 packets processed: 15840
nat-tcp-v4 packets processed: 15872
nat-tcp-v4 packets processed: 15904
nat-tcp-v4 packets processed: 15936
nat-tcp-v4 packets processed: 15968
nat-tcp-v4 packets processed: 16000
nat-tcp-v4 packets processed: 16032
nat-tcp-v4 packets processed: 16064
nat-tcp-v4 packets processed: 16096
nat-tcp-v4 packets processed: 16128
nat-tcp-v4 packets processed: 16160
nat-tcp-v4 packets processed: 16192
nat-tcp-v4 packets processed: 16224
nat-tcp-v4 packets processed: 16256
nat-tcp-v4 packets processed: 16288
nat-tcp-v4 packets processed: 16320
nat-tcp-v4 packets processed: 16352
nat-tcp-v4 packets processed: 16384
nat-tcp-v4 packets processed: 16416
nat-tcp-v4 packets processed: 16448
nat-tcp-v4 packets processed: 16480
nat-tcp-v4 packets processed: 16512
nat-tcp-v4 packets processed: 16544
nat-tcp-v4 packets processed: 16576
nat-tcp-v4 packets processed: 16608
nat-tcp-v4 packets processed: 16640
nat-tcp-v4 packets processed: 16672
nat-tcp-v4 packets processed: 16704
nat-tcp-v4 packets processed: 16736
nat-tcp-v4 packets processed: 16768
nat-tcp-v4 packets processed: 16800
nat-tcp-v4 packets processed: 16832
nat-tcp-v4 packets processed: 16864
nat-tcp-v4 packets processed: 16896
nat-tcp-v4 packets processed: 16928
nat-tcp-v4 packets processed: 16960
nat-tcp-v4 packets processed: 16992
nat-tcp-v4 packets processed: 17024
nat-tcp-v4 packets processed: 17056
nat-tcp-v4 packets processed: 17088
nat-tcp-v4 packets processed: 17120
nat-tcp-v4 packets processed: 17152
nat-tcp-v4 packets processed: 17184
nat-tcp-v4 packets processed: 17216
nat-tcp-v4 packets processed: 17248
nat-tcp-v4 packets processed: 17280
nat-tcp-v4 packets processed: 17312
nat-tcp-v4 packets processed: 17344
nat-tcp-v4 packets processed: 17376
nat-tcp-v4 packets processed: 17408
nat-tcp-v4 packets processed: 17440
nat-tcp-v4 packets processed: 17472
nat-tcp-v4 packets processed: 17504
nat-tcp-v4 packets processed: 17536
nat-tcp-v4 packets processed: 17568
nat-tcp-v4 packets processed: 17600
nat-tcp-v4 packets processed: 17632
nat-tcp-v4 packets processed: 17664
nat-tcp-v4 packets processed: 17696
nat-tcp-v4 packets processed: 17728
nat-tcp-v4 packets processed: 17760
nat-tcp-v4 packets processed: 17792
nat-tcp-v4 packets processed: 17824
nat-tcp-v4 packets processed: 17856
nat-tcp-v4 packets processed: 17888
nat-tcp-v4 packets processed: 17920
nat-tcp-v4 packets processed: 17952
nat-tcp-v4 packets processed: 17984
nat-tcp-v4 packets processed: 18016
nat-tcp-v4 packets processed: 18048
nat-tcp-v4 packets processed: 18080
nat-tcp-v4 packets processed: 18112
nat-tcp-v4 packets processed: 18144
nat-tcp-v4 packets processed: 18176
nat-tcp-v4 packets processed: 18208
nat-tcp-v4 packets processed: 18240
nat-tcp-v4 packets processed: 18272
nat-tcp-v4 packets processed: 18304
nat-tcp-v4 packets processed: 18336
nat-tcp-v4 packets processed: 18368
nat-tcp-v4 packets processed: 18400
nat-tcp-v4 packets processed: 18432
nat-tcp-v4 packets processed: 18464
nat-tcp-v4 packets processed: 18496
nat-tcp-v4 packets processed: 18528
nat-tcp-v4 packets processed: 18560
nat-tcp-v4 packets processed: 18592
nat-tcp-v4 packets processed: 18624
nat-tcp-v4 packets processed: 18656
nat-tcp-v4 packets processed: 18688
nat-tcp-v4 packets processed: 18720
nat-tcp-v4 packets processed: 18752
nat-tcp-v4 packets processed: 18784
nat-tcp-v4 packets processed: 18816
nat-tcp-v4 packets processed: 18848
nat-tcp-v4 packets processed: 18880
nat-tcp-v4 packets processed: 18912
nat-tcp-v4 packets processed: 18944
nat-tcp-v4 packets processed: 18976
nat-tcp-v4 packets processed: 19008
nat-tcp-v4 packets processed: 19040
nat-tcp-v4 packets processed: 19072
nat-tcp-v4 packets processed: 19104
nat-tcp-v4 packets processed: 19136
nat-tcp-v4 packets processed: 19168
nat-tcp-v4 packets processed: 19200
nat-tcp-v4 packets processed: 19232
nat-tcp-v4 packets processed: 19264
nat-tcp-v4 packets processed: 19296
nat-tcp-v4 packets processed: 19328
nat-tcp-v4 packets processed: 19360
nat-tcp-v4 packets processed: 19392
nat-tcp-v4 packets processed: 19424
nat-tcp-v4 packets processed: 19456
nat-tcp-v4 packets processed: 19488
nat-tcp-v4 packets processed: 19520
nat-tcp-v4 packets processed: 19552
nat-tcp-v4 packets processed: 19584
nat-tcp-v4 packets processed: 19616
nat-tcp-v4 packets processed: 19648
nat-tcp-v4 packets processed: 19680
nat-tcp-v4 packets processed: 19712
nat-tcp-v4 packets processed: 19744
nat-tcp-v4 packets processed: 19776
nat-tcp-v4 packets processed: 19808
nat-tcp-v4 packets processed: 19840
nat-tcp-v4 packets processed: 19872
nat-tcp-v4 packets processed: 19904
nat-tcp-v4 packets processed: 19936
nat-tcp-v4 packets processed: 19968
nat-tcp-v4 packets processed: 20000
nat-tcp-v4 packets processed: 20032
nat-tcp-v4 packets processed: 20064
nat-tcp-v4 packets processed: 20096
nat-tcp-v4 packets processed: 20128
nat-tcp-v4 packets processed: 20160
nat-tcp-v4 packets processed: 20192
nat-tcp-v4 packets processed: 20224
nat-tcp-v4 packets processed: 20256
nat-tcp-v4 packets processed: 20288
nat-tcp-v4 packets processed: 20320
nat-tcp-v4 packets processed: 20352
nat-tcp-v4 packets processed: 20384
nat-tcp-v4 packets processed: 20416
nat-tcp-v4 packets processed: 20448
nat-tcp-v4 packets processed: 20480
nat-tcp-v4 packets processed: 20512
nat-tcp-v4 packets processed: 20544
nat-tcp-v4 packets processed: 20576
nat-tcp-v4 packets processed: 20608
nat-tcp-v4 packets processed: 20640
nat-tcp-v4 packets processed: 20672
nat-tcp-v4 packets processed: 20704
nat-tcp-v4 packets processed: 20736
nat-tcp-v4 packets processed: 20768
nat-tcp-v4 packets processed: 20800
nat-tcp-v4 packets processed: 20832
nat-tcp-v4 packets processed: 20864
nat-tcp-v4 packets processed: 20896
nat-tcp-v4 packets processed: 20928
nat-tcp-v4 packets processed: 20960
nat-tcp-v4 packets processed: 20992
nat-tcp-v4 packets processed: 21024
nat-tcp-v4 packets processed: 21056
nat-tcp-v4 packets processed: 21088
nat-tcp-v4 packets processed: 21120
nat-tcp-v4 packets processed: 21152
nat-tcp-v4 packets processed: 21184
nat-tcp-v4 packets processed: 21216
nat-tcp-v4 packets processed: 21248
nat-tcp-v4 packets processed: 21280
nat-tcp-v4 packets processed: 21312
nat-tcp-v4 packets processed: 21344
nat-tcp-v4 packets processed: 21376
nat-tcp-v4 packets processed: 21408
nat-tcp-v4 packets processed: 21440
nat-tcp-v4 packets processed: 21472
nat-tcp-v4 packets processed: 21504
nat-tcp-v4 packets processed: 21536
nat-tcp-v4 packets processed: 21568
nat-tcp-v4 packets processed: 21600
nat-tcp-v4 packets processed: 21632
nat-tcp-v4 packets processed: 21664
nat-tcp-v4 packets processed: 21696
nat-tcp-v4 packets processed: 21728
nat-tcp-v4 packets processed: 21760
nat-tcp-v4 packets processed: 21792
nat-tcp-v4 packets processed: 21824
nat-tcp-v4 packets processed: 21856
nat-tcp-v4 packets processed: 21888
nat-tcp-v4 packets processed: 21920
nat-tcp-v4 packets processed: 21952
nat-tcp-v4 packets processed: 21984
nat-tcp-v4 packets processed: 22016
nat-tcp-v4 packets processed: 22048
nat-tcp-v4 packets processed: 22080
nat-tcp-v4 packets processed: 22112
nat-tcp-v4 packets processed: 22144
nat-tcp-v4 packets processed: 22176
nat-tcp-v4 packets processed: 22208
nat-tcp-v4 packets processed: 22240
nat-tcp-v4 packets processed: 22272
nat-tcp-v4 packets processed: 22304
nat-tcp-v4 packets processed: 22336
nat-tcp-v4 packets processed: 22368
nat-tcp-v4 packets processed: 22400
nat-tcp-v4 packets processed: 22432
nat-tcp-v4 packets processed: 22464
nat-tcp-v4 packets processed: 22496
nat-tcp-v4 packets processed: 22528
nat-tcp-v4 packets processed: 22560
nat-tcp-v4 packets processed: 22592
nat-tcp-v4 packets processed: 22624
nat-tcp-v4 packets processed: 22656
nat-tcp-v4 packets processed: 22688
nat-tcp-v4 packets processed: 22720
nat-tcp-v4 packets processed: 22752
nat-tcp-v4 packets processed: 22784
nat-tcp-v4 packets processed: 22816
nat-tcp-v4 packets processed: 22848
nat-tcp-v4 packets processed: 22880
nat-tcp-v4 packets processed: 22912
nat-tcp-v4 packets processed: 22944
nat-tcp-v4 packets processed: 22976
nat-tcp-v4 packets processed: 23008
nat-tcp-v4 packets processed: 23040
nat-tcp-v4 packets processed: 23072
nat-tcp-v4 packets processed: 23104
nat-tcp-v4 packets processed: 23136
nat-tcp-v4 packets processed: 23168
nat-tcp-v4 packets processed: 23200
nat-tcp-v4 packets processed: 23232
nat-tcp-v4 packets processed: 23264
nat-tcp-v4 packets processed: 23296
nat-tcp-v4 packets processed: 23328
nat-tcp-v4 packets processed: 23360
nat-tcp-v4 packets processed: 23392
nat-tcp-v4 packets processed: 23424
nat-tcp-v4 packets processed: 23456
nat-tcp-v4 packets processed: 23488
nat-tcp-v4 packets processed: 23520
nat-tcp-v4 packets processed: 23552
nat-tcp-v4 packets processed: 23584
nat-tcp-v4 packets processed: 23616
nat-tcp-v4 packets processed: 23648
nat-tcp-v4 packets processed: 23680
nat-tcp-v4 packets processed: 23712
nat-tcp-v4 packets processed: 23744
nat-tcp-v4 packets processed: 23776
nat-tcp-v4 packets processed: 23808
nat-tcp-v4 packets processed: 23840
nat-tcp-v4 packets processed: 23872
nat-tcp-v4 packets processed: 23904
nat-tcp-v4 packets processed: 23936
nat-tcp-v4 packets processed: 23968
nat-tcp-v4 packets processed: 24000
nat-tcp-v4 packets processed: 24032
nat-tcp-v4 packets processed: 24064
nat-tcp-v4 packets processed: 24096
nat-tcp-v4 packets processed: 24128
nat-tcp-v4 packets processed: 24160
nat-tcp-v4 packets processed: 24192
nat-tcp-v4 packets processed: 24224
nat-tcp-v4 packets processed: 24256
nat-tcp-v4 packets processed: 24288
nat-tcp-v4 packets processed: 24320
nat-tcp-v4 packets processed: 24352
nat-tcp-v4 packets processed: 24384
nat-tcp-v4 packets processed: 24416
nat-tcp-v4 packets processed: 24448
nat-tcp-v4 packets processed: 24480
nat-tcp-v4 packets processed: 24512
nat-tcp-v4 packets processed: 24544
nat-tcp-v4 packets processed: 24576
nat-tcp-v4 packets processed: 24608
nat-tcp-v4 packets processed: 24640
nat-tcp-v4 packets processed: 24672
nat-tcp-v4 packets processed: 24704
nat-tcp-v4 packets processed: 24736
nat-tcp-v4 packets processed: 24768
nat-tcp-v4 packets processed: 24800
nat-tcp-v4 packets processed: 24832
nat-tcp-v4 packets processed: 24864
nat-tcp-v4 packets processed: 24896
nat-tcp-v4 packets processed: 24928
nat-tcp-v4 packets processed: 24960
nat-tcp-v4 packets processed: 24992
nat-tcp-v4 packets processed: 25024
nat-tcp-v4 packets processed: 25056
nat-tcp-v4 packets processed: 25088
nat-tcp-v4 packets processed: 25120
nat-tcp-v4 packets processed: 25152
nat-tcp-v4 packets processed: 25184
nat-tcp-v4 packets processed: 25216
nat-tcp-v4 packets processed: 25248
nat-tcp-v4 packets processed: 25280
nat-tcp-v4 packets processed: 25312
nat-tcp-v4 packets processed: 25344
nat-tcp-v4 packets processed: 25376
nat-tcp-v4 packets processed: 25408
nat-tcp-v4 packets processed: 25440
nat-tcp-v4 packets processed: 25472
nat-tcp-v4 packets processed: 25504
nat-tcp-v4 packets processed: 25536
nat-tcp-v4 packets processed: 25568
nat-tcp-v4 packets processed: 25600
nat-tcp-v4 packets processed: 25632
nat-tcp-v4 packets processed: 25664
nat-tcp-v4 packets processed: 25696
nat-tcp-v4 packets processed: 25728
nat-tcp-v4 packets processed: 25760
nat-tcp-v4 packets processed: 25792
nat-tcp-v4 packets processed: 25824
nat-tcp-v4 packets processed: 25856
nat-tcp-v4 packets processed: 25888
nat-tcp-v4 packets processed: 25920
nat-tcp-v4 packets processed: 25952
nat-tcp-v4 packets processed: 25984
nat-tcp-v4 packets processed: 26016
nat-tcp-v4 packets processed: 26048
nat-tcp-v4 packets processed: 26080
nat-tcp-v4 packets processed: 26112
nat-tcp-v4 packets processed: 26144
nat-tcp-v4 packets processed: 26176
nat-tcp-v4 packets processed: 26208
nat-tcp-v4 packets processed: 26240
nat-tcp-v4 packets processed: 26272
nat-tcp-v4 packets processed: 26304
nat-tcp-v4 packets processed: 26336
nat-tcp-v4 packets processed: 26368
nat-tcp-v4 packets processed: 26400
nat-tcp-v4 packets processed: 26432
nat-tcp-v4 packets processed: 26464
nat-tcp-v4 packets processed: 26496
nat-tcp-v4 packets processed: 26528
nat-tcp-v4 packets processed: 26560
nat-tcp-v4 packets processed: 26592
nat-tcp-v4 packets processed: 26624
nat-tcp-v4 packets processed: 26656
nat-tcp-v4 packets processed: 26688
nat-tcp-v4 packets processed: 26720
nat-tcp-v4 packets processed: 26752
nat-tcp-v4 packets processed: 26784
nat-tcp-v4 packets processed: 26816
nat-tcp-v4 packets processed: 26848
nat-tcp-v4 packets processed: 26880
nat-tcp-v4 packets processed: 26912
nat-tcp-v4 packets processed: 26944
nat-tcp-v4 packets processed: 26976
nat-tcp-v4 packets processed: 27008
nat-tcp-v4 packets processed: 27040
nat-tcp-v4 packets processed: 27072
nat-tcp-v4 packets processed: 27104
nat-tcp-v4 packets processed: 27136
nat-tcp-v4 packets processed: 27168
nat-tcp-v4 packets processed: 27200
nat-tcp-v4 packets processed: 27232
nat-tcp-v4 packets processed: 27264
nat-tcp-v4 packets processed: 27296
nat-tcp-v4 packets processed: 27328
nat-tcp-v4 packets processed: 27360
nat-tcp-v4 packets processed: 27392
nat-tcp-v4 packets processed: 27424
nat-tcp-v4 packets processed: 27456
nat-tcp-v4 packets processed: 27488
nat-tcp-v4 packets processed: 27520
nat-tcp-v4 packets processed: 27552
nat-tcp-v4 packets processed: 27584
nat-tcp-v4 packets processed: 27616
nat-tcp-v4 packets processed: 27648
nat-tcp-v4 packets processed: 27680
nat-tcp-v4 packets processed: 27712
nat-tcp-v4 packets processed: 27744
nat-tcp-v4 packets processed: 27776
nat-tcp-v4 packets processed: 27808
nat-tcp-v4 packets processed: 27840
nat-tcp-v4 packets processed: 27872
nat-tcp-v4 packets processed: 27904
nat-tcp-v4 packets processed: 27936
nat-tcp-v4 packets processed: 27968
nat-tcp-v4 packets processed: 28000
nat-tcp-v4 packets processed: 28032
nat-tcp-v4 packets processed: 28064
nat-tcp-v4 packets processed: 28096
nat-tcp-v4 packets processed: 28128
nat-tcp-v4 packets processed: 28160
nat-tcp-v4 packets processed: 28192
nat-tcp-v4 packets processed: 28224
nat-tcp-v4 packets processed: 28256
nat-tcp-v4 packets processed: 28288
nat-tcp-v4 packets processed: 28320
nat-tcp-v4 packets processed: 28352
nat-tcp-v4 packets processed: 28384
nat-tcp-v4 packets processed: 28416
nat-tcp-v4 packets processed: 28448
nat-tcp-v4 packets processed: 28480
nat-tcp-v4 packets processed: 28512
nat-tcp-v4 packets processed: 28544
nat-tcp-v4 packets processed: 28576
nat-tcp-v4 packets processed: 28608
nat-tcp-v4 packets processed: 28640
nat-tcp-v4 packets processed: 28672
nat-tcp-v4 packets processed: 28704
nat-tcp-v4 packets processed: 28736
nat-tcp-v4 packets processed: 28768
nat-tcp-v4 packets processed: 28800
nat-tcp-v4 packets processed: 28832
nat-tcp-v4 packets processed: 28864
nat-tcp-v4 packets processed: 28896
nat-tcp-v4 packets processed: 28928
nat-tcp-v4 packets processed: 28960
nat-tcp-v4 packets processed: 28992
nat-tcp-v4 packets processed: 29024
nat-tcp-v4 packets processed: 29056
nat-tcp-v4 packets processed: 29088
nat-tcp-v4 packets processed: 29120
nat-tcp-v4 packets processed: 29152
nat-tcp-v4 packets processed: 29184
nat-tcp-v4 packets processed: 29216
nat-tcp-v4 packets processed: 29248
nat-tcp-v4 packets processed: 29280
nat-tcp-v4 packets processed: 29312
nat-tcp-v4 packets processed: 29344
nat-tcp-v4 packets processed: 29376
nat-tcp-v4 packets processed: 29408
nat-tcp-v4 packets processed: 29440
nat-tcp-v4 packets processed: 29472
nat-tcp-v4 packets processed: 29504
nat-tcp-v4 packets processed: 29536
nat-tcp-v4 packets processed: 29568
nat-tcp-v4 packets processed: 29600
nat-tcp-v4 packets processed: 29632
nat-tcp-v4 packets processed: 29664
nat-tcp-v4 packets processed: 29696
nat-tcp-v4 packets processed: 29728
nat-tcp-v4 packets processed: 29760
nat-tcp-v4 packets processed: 29792
nat-tcp-v4 packets processed: 29824
nat-tcp-v4 packets processed: 29856
nat-tcp-v4 packets processed: 29888
nat-tcp-v4 packets processed: 29920
nat-tcp-v4 packets processed: 29952
nat-tcp-v4 packets processed: 29984
nat-tcp-v4 packets processed: 30016
nat-tcp-v4 packets processed: 30048
nat-tcp-v4 packets processed: 30080
nat-tcp-v4 packets processed: 30112
nat-tcp-v4 packets processed: 30144
nat-tcp-v4 packets processed: 30176
nat-tcp-v4 packets processed: 30208
nat-tcp-v4 packets processed: 30240
nat-tcp-v4 packets processed: 30272
nat-tcp-v4 packets processed: 30304
nat-tcp-v4 packets processed: 30336
nat-tcp-v4 packets processed: 30368
nat-tcp-v4 packets processed: 30400
nat-tcp-v4 packets processed: 30432
nat-tcp-v4 packets processed: 30464
nat-tcp-v4 packets processed: 30496
nat-tcp-v4 packets processed: 30528
nat-tcp-v4 packets processed: 30560
nat-tcp-v4 packets processed: 30592
nat-tcp-v4 packets processed: 30624
nat-tcp-v4 packets processed: 30656
nat-tcp-v4 packets processed: 30688
nat-tcp-v4 packets processed: 30720
nat-tcp-v4 packets processed: 30752
nat-tcp-v4 packets processed: 30784
nat-tcp-v4 packets processed: 30816
nat-tcp-v4 packets processed: 30848
nat-tcp-v4 packets processed: 30880
nat-tcp-v4 packets processed: 30912
nat-tcp-v4 packets processed: 30944
nat-tcp-v4 packets processed: 30976
nat-tcp-v4 packets processed: 31008
nat-tcp-v4 packets processed: 31040
nat-tcp-v4 packets processed: 31072
nat-tcp-v4 packets processed: 31104
nat-tcp-v4 packets processed: 31136
nat-tcp-v4 packets processed: 31168
nat-tcp-v4 packets processed: 31200
nat-tcp-v4 packets processed: 31232
nat-tcp-v4 packets processed: 31264
nat-tcp-v4 packets processed: 31296
nat-tcp-v4 packets processed: 31328
nat-tcp-v4 packets processed: 31360
nat-tcp-v4 packets processed: 31392
nat-tcp-v4 packets processed: 31424
nat-tcp-v4 packets processed: 31456
nat-tcp-v4 packets processed: 31488
nat-tcp-v4 packets processed: 31520
nat-tcp-v4 packets processed: 31552
nat-tcp-v4 packets processed: 31584
nat-tcp-v4 packets processed: 31616
nat-tcp-v4 packets processed: 31648
nat-tcp-v4 packets processed: 31680
nat-tcp-v4 packets processed: 31712
nat-tcp-v4 packets processed: 31744
nat-tcp-v4 packets processed: 31776
nat-tcp-v4 packets processed: 31808
nat-tcp-v4 packets processed: 31840
nat-tcp-v4 packets processed: 31872
nat-tcp-v4 packets processed: 31904
nat-tcp-v4 packets processed: 31936
nat-tcp-v4 packets processed: 31968
nat-tcp-v4 packets processed: 32000
nat-tcp-v4 packets processed: 32032
nat-tcp-v4 packets processed: 32064
nat-tcp-v4 packets processed: 32096
nat-tcp-v4 packets processed: 32128
nat-tcp-v4 packets processed: 32160
nat-tcp-v4 packets processed: 32192
nat-tcp-v4 packets processed: 32224
nat-tcp-v4 packets processed: 32256
nat-tcp-v4 packets processed: 32288
nat-tcp-v4 packets processed: 32320
nat-tcp-v4 packets processed: 32352
nat-tcp-v4 packets processed: 32384
nat-tcp-v4 packets processed: 32416
nat-tcp-v4 packets processed: 32448
nat-tcp-v4 packets processed: 32480
nat-tcp-v4 packets processed: 32512
nat-tcp-v4 packets processed: 32544
nat-tcp-v4 packets processed: 32576
nat-tcp-v4 packets processed: 32608
nat-tcp-v4 packets processed: 32640
nat-tcp-v4 packets processed: 32672
nat-tcp-v4 packets processed: 32704
nat-tcp-v4 packets processed: 32736
nat-tcp-v4 packets processed: 32768
nat-tcp-v4 packets processed: 32800
nat-tcp-v4 packets processed: 32832
nat-tcp-v4 packets processed: 32864
nat-tcp-v4 packets processed: 32896
nat-tcp-v4 packets processed: 32928
nat-tcp-v4 packets processed: 32960
nat-tcp-v4 packets processed: 32992
nat-tcp-v4 packets processed: 33024
nat-tcp-v4 packets processed: 33056
nat-tcp-v4 packets processed: 33088
nat-tcp-v4 packets processed: 33120
nat-tcp-v4 packets processed: 33152
nat-tcp-v4 packets processed: 33184
nat-tcp-v4 packets processed: 33216
nat-tcp-v4 packets processed: 33248
nat-tcp-v4 packets processed: 33280
nat-tcp-v4 packets processed: 33312
nat-tcp-v4 packets processed: 33344
nat-tcp-v4 packets processed: 33376
nat-tcp-v4 packets processed: 33408
nat-tcp-v4 packets processed: 33440
nat-tcp-v4 packets processed: 33472
nat-tcp-v4 packets processed: 33504
nat-tcp-v4 packets processed: 33536
nat-tcp-v4 packets processed: 33568
nat-tcp-v4 packets processed: 33600
nat-tcp-v4 packets processed: 33632
nat-tcp-v4 packets processed: 33664
nat-tcp-v4 packets processed: 33696
nat-tcp-v4 packets processed: 33728
nat-tcp-v4 packets processed: 33760
nat-tcp-v4 packets processed: 33792
nat-tcp-v4 packets processed: 33824
nat-tcp-v4 packets processed: 33856
nat-tcp-v4 packets processed: 33888
nat-tcp-v4 packets processed: 33920
nat-tcp-v4 packets processed: 33952
nat-tcp-v4 packets processed: 33984
nat-tcp-v4 packets processed: 34016
nat-tcp-v4 packets processed: 34048
nat-tcp-v4 packets processed: 34080
nat-tcp-v4 packets processed: 34112
nat-tcp-v4 packets processed: 34144
nat-tcp-v4 packets processed: 34176
nat-tcp-v4 packets processed: 34208
nat-tcp-v4 packets processed: 34240
nat-tcp-v4 packets processed: 34272
nat-tcp-v4 packets processed: 34304
nat-tcp-v4 packets processed: 34336
nat-tcp-v4 packets processed: 34368
nat-tcp-v4 packets processed: 34400
nat-tcp-v4 packets processed: 34432
nat-tcp-v4 packets processed: 34464
nat-tcp-v4 packets processed: 34496
nat-tcp-v4 packets processed: 34528
nat-tcp-v4 packets processed: 34560
nat-tcp-v4 packets processed: 34592
nat-tcp-v4 packets processed: 34624
nat-tcp-v4 packets processed: 34656
nat-tcp-v4 packets processed: 34688
nat-tcp-v4 packets processed: 34720
nat-tcp-v4 packets processed: 34752
nat-tcp-v4 packets processed: 34784
nat-tcp-v4 packets processed: 34816
nat-tcp-v4 packets processed: 34848
nat-tcp-v4 packets processed: 34880
nat-tcp-v4 packets processed: 34912
nat-tcp-v4 packets processed: 34944
nat-tcp-v4 packets processed: 34976
nat-tcp-v4 packets processed: 35008
nat-tcp-v4 packets processed: 35040
nat-tcp-v4 packets processed: 35072
nat-tcp-v4 packets processed: 35104
nat-tcp-v4 packets processed: 35136
nat-tcp-v4 packets processed: 35168
nat-tcp-v4 packets processed: 35200
nat-tcp-v4 packets processed: 35232
nat-tcp-v4 packets processed: 35264
nat-tcp-v4 packets processed: 35296
nat-tcp-v4 packets processed: 35328
nat-tcp-v4 packets processed: 35360
nat-tcp-v4 packets processed: 35392
nat-tcp-v4 packets processed: 35424
nat-tcp-v4 packets processed: 35456
nat-tcp-v4 packets processed: 35488
nat-tcp-v4 packets processed: 35520
nat-tcp-v4 packets processed: 35552
nat-tcp-v4 packets processed: 35584
nat-tcp-v4 packets processed: 35616
nat-tcp-v4 packets processed: 35648
nat-tcp-v4 packets processed: 35680
nat-tcp-v4 packets processed: 35712
nat-tcp-v4 packets processed: 35744
nat-tcp-v4 packets processed: 35776
nat-tcp-v4 packets processed: 35808
nat-tcp-v4 packets processed: 35840
nat-tcp-v4 packets processed: 35872
nat-tcp-v4 packets processed: 35904
nat-tcp-v4 packets processed: 35936
nat-tcp-v4 packets processed: 35968
nat-tcp-v4 packets processed: 36000
nat-tcp-v4 packets processed: 36032
nat-tcp-v4 packets processed: 36064
nat-tcp-v4 packets processed: 36096
nat-tcp-v4 packets processed: 36128
nat-tcp-v4 packets processed: 36160
nat-tcp-v4 packets processed: 36192
nat-tcp-v4 packets processed: 36224
nat-tcp-v4 packets processed: 36256
nat-tcp-v4 packets processed: 36288
nat-tcp-v4 packets processed: 36320
nat-tcp-v4 packets processed: 36352
nat-tcp-v4 packets processed: 36384
nat-tcp-v4 packets processed: 36416
nat-tcp-v4 packets processed: 36448
nat-tcp-v4 packets processed: 36480
nat-tcp-v4 packets processed: 36512
nat-tcp-v4 packets processed: 36544
nat-tcp-v4 packets processed: 36576
nat-tcp-v4 packets processed: 36608
nat-tcp-v4 packets processed: 36640
nat-tcp-v4 packets processed: 36672
nat-tcp-v4 packets processed: 36704
nat-tcp-v4 packets processed: 36736
nat-tcp-v4 packets processed: 36768
nat-tcp-v4 packets processed: 36800
nat-tcp-v4 packets processed: 36832
nat-tcp-v4 packets processed: 36864
nat-tcp-v4 packets processed: 36896
nat-tcp-v4 packets processed: 36928
nat-tcp-v4 packets processed: 36960
nat-tcp-v4 packets processed: 36992
nat-tcp-v4 packets processed: 37024
nat-tcp-v4 packets processed: 37056
nat-tcp-v4 packets processed: 37088
nat-tcp-v4 packets processed: 37120
nat-tcp-v4 packets processed: 37152
nat-tcp-v4 packets processed: 37184
nat-tcp-v4 packets processed: 37216
nat-tcp-v4 packets processed: 37248
nat-tcp-v4 packets processed: 37280
nat-tcp-v4 packets processed: 37312
nat-tcp-v4 packets processed: 37344
nat-tcp-v4 packets processed: 37376
nat-tcp-v4 packets processed: 37408
nat-tcp-v4 packets processed: 37440
nat-tcp-v4 packets processed: 37472
nat-tcp-v4 packets processed: 37504
nat-tcp-v4 packets processed: 37536
nat-tcp-v4 packets processed: 37568
nat-tcp-v4 packets processed: 37600
nat-tcp-v4 packets processed: 37632
nat-tcp-v4 packets processed: 37664
nat-tcp-v4 packets processed: 37696
nat-tcp-v4 packets processed: 37728
nat-tcp-v4 packets processed: 37760
nat-tcp-v4 packets processed: 37792
nat-tcp-v4 packets processed: 37824
nat-tcp-v4 packets processed: 37856
nat-tcp-v4 packets processed: 37888
nat-tcp-v4 packets processed: 37920
nat-tcp-v4 packets processed: 37952
nat-tcp-v4 packets processed: 37984
nat-tcp-v4 packets processed: 38016
nat-tcp-v4 packets processed: 38048
nat-tcp-v4 packets processed: 38080
nat-tcp-v4 packets processed: 38112
nat-tcp-v4 packets processed: 38144
nat-tcp-v4 packets processed: 38176
nat-tcp-v4 packets processed: 38208
nat-tcp-v4 packets processed: 38240
nat-tcp-v4 packets processed: 38272
nat-tcp-v4 packets processed: 38304
nat-tcp-v4 packets processed: 38336
nat-tcp-v4 packets processed: 38368
nat-tcp-v4 packets processed: 38400
nat-tcp-v4 packets processed: 38432
nat-tcp-v4 packets processed: 38464
nat-tcp-v4 packets processed: 38496
nat-tcp-v4 packets processed: 38528
nat-tcp-v4 packets processed: 38560
nat-tcp-v4 packets processed: 38592
nat-tcp-v4 packets processed: 38624
nat-tcp-v4 packets processed: 38656
nat-tcp-v4 packets processed: 38688
nat-tcp-v4 packets processed: 38720
nat-tcp-v4 packets processed: 38752
nat-tcp-v4 packets processed: 38784
nat-tcp-v4 packets processed: 38816
nat-tcp-v4 packets processed: 38848
nat-tcp-v4 packets processed: 38880
nat-tcp-v4 packets processed: 38912
nat-tcp-v4 packets processed: 38944
nat-tcp-v4 packets processed: 38976
nat-tcp-v4 packets processed: 39008
nat-tcp-v4 packets processed: 39040
nat-tcp-v4 packets processed: 39072
nat-tcp-v4 packets processed: 39104
nat-tcp-v4 packets processed: 39136
nat-tcp-v4 packets processed: 39168
nat-tcp-v4 packets processed: 39200
nat-tcp-v4 packets processed: 39232
nat-tcp-v4 packets processed: 39264
nat-tcp-v4 packets processed: 39296
nat-tcp-v4 packets processed: 39328
nat-tcp-v4 packets processed: 39360
nat-tcp-v4 packets processed: 39392
nat-tcp-v4 packets processed: 39424
nat-tcp-v4 packets processed: 39456
nat-tcp-v4 packets processed: 39488
nat-tcp-v4 packets processed: 39520
nat-tcp-v4 packets processed: 39552
nat-tcp-v4 packets processed: 39584
nat-tcp-v4 packets processed: 39616
nat-tcp-v4 packets processed: 39648
nat-tcp-v4 packets processed: 39680
nat-tcp-v4 packets processed: 39712
nat-tcp-v4 packets processed: 39744
nat-tcp-v4 packets processed: 39776
nat-tcp-v4 packets processed: 39808
nat-tcp-v4 packets processed: 39840
nat-tcp-v4 packets processed: 39872
nat-tcp-v4 packets processed: 39904
nat-tcp-v4 packets processed: 39936
nat-tcp-v4 packets processed: 39968
nat-tcp-v4 packets processed: 40000
nat-tcp-v4 packets processed: 40032
nat-tcp-v4 packets processed: 40064
nat-tcp-v4 packets processed: 40096
nat-tcp-v4 packets processed: 40128
nat-tcp-v4 packets processed: 40160
nat-tcp-v4 packets processed: 40192
nat-tcp-v4 packets processed: 40224
nat-tcp-v4 packets processed: 40256
nat-tcp-v4 packets processed: 40288
nat-tcp-v4 packets processed: 40320
nat-tcp-v4 packets processed: 40352
nat-tcp-v4 packets processed: 40384
nat-tcp-v4 packets processed: 40416
nat-tcp-v4 packets processed: 40448
nat-tcp-v4 packets processed: 40480
nat-tcp-v4 packets processed: 40512
nat-tcp-v4 packets processed: 40544
nat-tcp-v4 packets processed: 40576
nat-tcp-v4 packets processed: 40608
nat-tcp-v4 packets processed: 40640
nat-tcp-v4 packets processed: 40672
nat-tcp-v4 packets processed: 40704
nat-tcp-v4 packets processed: 40736
nat-tcp-v4 packets processed: 40768
nat-tcp-v4 packets processed: 40800
nat-tcp-v4 packets processed: 40832
nat-tcp-v4 packets processed: 40864
nat-tcp-v4 packets processed: 40896
nat-tcp-v4 packets processed: 40928
nat-tcp-v4 packets processed: 40960
nat-tcp-v4 packets processed: 40992
nat-tcp-v4 packets processed: 41024
nat-tcp-v4 packets processed: 41056
nat-tcp-v4 packets processed: 41088
nat-tcp-v4 packets processed: 41120
nat-tcp-v4 packets processed: 41152
nat-tcp-v4 packets processed: 41184
nat-tcp-v4 packets processed: 41216
nat-tcp-v4 packets processed: 41248
nat-tcp-v4 packets processed: 41280
nat-tcp-v4 packets processed: 41312
nat-tcp-v4 packets processed: 41344
nat-tcp-v4 packets processed: 41376
nat-tcp-v4 packets processed: 41408
nat-tcp-v4 packets processed: 41440
nat-tcp-v4 packets processed: 41472
nat-tcp-v4 packets processed: 41504
nat-tcp-v4 packets processed: 41536
nat-tcp-v4 packets processed: 41568
nat-tcp-v4 packets processed: 41600
nat-tcp-v4 packets processed: 41632
nat-tcp-v4 packets processed: 41664
nat-tcp-v4 packets processed: 41696
nat-tcp-v4 packets processed: 41728
nat-tcp-v4 packets processed: 41760
nat-tcp-v4 packets processed: 41792
nat-tcp-v4 packets processed: 41824
nat-tcp-v4 packets processed: 41856
nat-tcp-v4 packets processed: 41888
nat-tcp-v4 packets processed: 41920
nat-tcp-v4 packets processed: 41952
nat-tcp-v4 packets processed: 41984
nat-tcp-v4 packets processed: 42016
nat-tcp-v4 packets processed: 42048
nat-tcp-v4 packets processed: 42080
nat-tcp-v4 packets processed: 42112
nat-tcp-v4 packets processed: 42144
nat-tcp-v4 packets processed: 42176
nat-tcp-v4 packets processed: 42208
nat-tcp-v4 packets processed: 42240
nat-tcp-v4 packets processed: 42272
nat-tcp-v4 packets processed: 42304
nat-tcp-v4 packets processed: 42336
nat-tcp-v4 packets processed: 42368
nat-tcp-v4 packets processed: 42400
nat-tcp-v4 packets processed: 42432
nat-tcp-v4 packets processed: 42464
nat-tcp-v4 packets processed: 42496
nat-tcp-v4 packets processed: 42528
nat-tcp-v4 packets processed: 42560
nat-tcp-v4 packets processed: 42592
nat-tcp-v4 packets processed: 42624
nat-tcp-v4 packets processed: 42656
nat-tcp-v4 packets processed: 42688
nat-tcp-v4 packets processed: 42720
nat-tcp-v4 packets processed: 42752
nat-tcp-v4 packets processed: 42784
nat-tcp-v4 packets processed: 42816
nat-tcp-v4 packets processed: 42848
nat-tcp-v4 packets processed: 42880
nat-tcp-v4 packets processed: 42912
nat-tcp-v4 packets processed: 42944
nat-tcp-v4 packets processed: 42976
nat-tcp-v4 packets processed: 43008
nat-tcp-v4 packets processed: 43040
nat-tcp-v4 packets processed: 43072
nat-tcp-v4 packets processed: 43104
nat-tcp-v4 packets processed: 43136
nat-tcp-v4 packets processed: 43168
nat-tcp-v4 packets processed: 43200
nat-tcp-v4 packets processed: 43232
nat-tcp-v4 packets processed: 43264
nat-tcp-v4 packets processed: 43296
nat-tcp-v4 packets processed: 43328
nat-tcp-v4 packets processed: 43360
nat-tcp-v4 packets processed: 43392
nat-tcp-v4 packets processed: 43424
nat-tcp-v4 packets processed: 43456
nat-tcp-v4 packets processed: 43488
nat-tcp-v4 packets processed: 43520
nat-tcp-v4 packets processed: 43552
nat-tcp-v4 packets processed: 43584
nat-tcp-v4 packets processed: 43616
nat-tcp-v4 packets processed: 43648
nat-tcp-v4 packets processed: 43680
nat-tcp-v4 packets processed: 43712
nat-tcp-v4 packets processed: 43744
nat-tcp-v4 packets processed: 43776
nat-tcp-v4 packets processed: 43808
nat-tcp-v4 packets processed: 43840
nat-tcp-v4 packets processed: 43872
nat-tcp-v4 packets processed: 43904
nat-tcp-v4 packets processed: 43936
nat-tcp-v4 packets processed: 43968
nat-tcp-v4 packets processed: 44000
nat-tcp-v4 packets processed: 44032
nat-tcp-v4 packets processed: 44064
nat-tcp-v4 packets processed: 44096
nat-tcp-v4 packets processed: 44128
nat-tcp-v4 packets processed: 44160
nat-tcp-v4 packets processed: 44192
nat-tcp-v4 packets processed: 44224
nat-tcp-v4 packets processed: 44256
nat-tcp-v4 packets processed: 44288
nat-tcp-v4 packets processed: 44320
nat-tcp-v4 packets processed: 44352
nat-tcp-v4 packets processed: 44384
nat-tcp-v4 packets processed: 44416
nat-tcp-v4 packets processed: 44448
nat-tcp-v4 packets processed: 44480
nat-tcp-v4 packets processed: 44512
nat-tcp-v4 packets processed: 44544
nat-tcp-v4 packets processed: 44576
nat-tcp-v4 packets processed: 44608
nat-tcp-v4 packets processed: 44640
nat-tcp-v4 packets processed: 44672
nat-tcp-v4 packets processed: 44704
nat-tcp-v4 packets processed: 44736
nat-tcp-v4 packets processed: 44768
nat-tcp-v4 packets processed: 44800
nat-tcp-v4 packets processed: 44832
nat-tcp-v4 packets processed: 44864
nat-tcp-v4 packets processed: 44896
nat-tcp-v4 packets processed: 44928
nat-tcp-v4 packets processed: 44960
nat-tcp-v4 packets processed: 44992
nat-tcp-v4 packets processed: 45024
nat-tcp-v4 packets processed: 45056
nat-tcp-v4 packets processed: 45088
nat-tcp-v4 packets processed: 45120
nat-tcp-v4 packets processed: 45152
nat-tcp-v4 packets processed: 45184
nat-tcp-v4 packets processed: 45216
nat-tcp-v4 packets processed: 45248
nat-tcp-v4 packets processed: 45280
nat-tcp-v4 packets processed: 45312
nat-tcp-v4 packets processed: 45344
nat-tcp-v4 packets processed: 45376
nat-tcp-v4 packets processed: 45408
nat-tcp-v4 packets processed: 45440
nat-tcp-v4 packets processed: 45472
nat-tcp-v4 packets processed: 45504
nat-tcp-v4 packets processed: 45536
nat-tcp-v4 packets processed: 45568
nat-tcp-v4 packets processed: 45600
nat-tcp-v4 packets processed: 45632
nat-tcp-v4 packets processed: 45664
nat-tcp-v4 packets processed: 45696
nat-tcp-v4 packets processed: 45728
nat-tcp-v4 packets processed: 45760
nat-tcp-v4 packets processed: 45792
nat-tcp-v4 packets processed: 45824
nat-tcp-v4 packets processed: 45856
nat-tcp-v4 packets processed: 45888
nat-tcp-v4 packets processed: 45920
nat-tcp-v4 packets processed: 45952
nat-tcp-v4 packets processed: 45984
nat-tcp-v4 packets processed: 46016
nat-tcp-v4 packets processed: 46048
nat-tcp-v4 packets processed: 46080
nat-tcp-v4 packets processed: 46112
nat-tcp-v4 packets processed: 46144
nat-tcp-v4 packets processed: 46176
nat-tcp-v4 packets processed: 46208
nat-tcp-v4 packets processed: 46240
nat-tcp-v4 packets processed: 46272
nat-tcp-v4 packets processed: 46304
nat-tcp-v4 packets processed: 46336
nat-tcp-v4 packets processed: 46368
nat-tcp-v4 packets processed: 46400
nat-tcp-v4 packets processed: 46432
nat-tcp-v4 packets processed: 46464
nat-tcp-v4 packets processed: 46496
nat-tcp-v4 packets processed: 46528
nat-tcp-v4 packets processed: 46560
nat-tcp-v4 packets processed: 46592
nat-tcp-v4 packets processed: 46624
nat-tcp-v4 packets processed: 46656
nat-tcp-v4 packets processed: 46688
nat-tcp-v4 packets processed: 46720
nat-tcp-v4 packets processed: 46752
nat-tcp-v4 packets processed: 46784
nat-tcp-v4 packets processed: 46816
nat-tcp-v4 packets processed: 46848
nat-tcp-v4 packets processed: 46880
nat-tcp-v4 packets processed: 46912
nat-tcp-v4 packets processed: 46944
nat-tcp-v4 packets processed: 46976
nat-tcp-v4 packets processed: 47008
nat-tcp-v4 packets processed: 47040
nat-tcp-v4 packets processed: 47072
nat-tcp-v4 packets processed: 47104
nat-tcp-v4 packets processed: 47136
nat-tcp-v4 packets processed: 47168
nat-tcp-v4 packets processed: 47200
nat-tcp-v4 packets processed: 47232
nat-tcp-v4 packets processed: 47264
nat-tcp-v4 packets processed: 47296
nat-tcp-v4 packets processed: 47328
nat-tcp-v4 packets processed: 47360
nat-tcp-v4 packets processed: 47392
nat-tcp-v4 packets processed: 47424
nat-tcp-v4 packets processed: 47456
nat-tcp-v4 packets processed: 47488
nat-tcp-v4 packets processed: 47520
nat-tcp-v4 packets processed: 47552
nat-tcp-v4 packets processed: 47584
nat-tcp-v4 packets processed: 47616
nat-tcp-v4 packets processed: 47648
nat-tcp-v4 packets processed: 47680
nat-tcp-v4 packets processed: 47712
nat-tcp-v4 packets processed: 47744
nat-tcp-v4 packets processed: 47776
nat-tcp-v4 packets processed: 47808
nat-tcp-v4 packets processed: 47840
nat-tcp-v4 packets processed: 47872
nat-tcp-v4 packets processed: 47904
nat-tcp-v4 packets processed: 47936
nat-tcp-v4 packets processed: 47968
nat-tcp-v4 packets processed: 48000
nat-tcp-v4 packets processed: 48032
nat-tcp-v4 packets processed: 48064
nat-tcp-v4 packets processed: 48096
nat-tcp-v4 packets processed: 48128
nat-tcp-v4 packets processed: 48160
nat-tcp-v4 packets processed: 48192
nat-tcp-v4 packets processed: 48224
nat-tcp-v4 packets processed: 48256
nat-tcp-v4 packets processed: 48288
nat-tcp-v4 packets processed: 48320
nat-tcp-v4 packets processed: 48352
nat-tcp-v4 packets processed: 48384
nat-tcp-v4 packets processed: 48416
nat-tcp-v4 packets processed: 48448
nat-tcp-v4 packets processed: 48480
nat-tcp-v4 packets processed: 48512
nat-tcp-v4 packets processed: 48544
nat-tcp-v4 packets processed: 48576
nat-tcp-v4 packets processed: 48608
nat-tcp-v4 packets processed: 48640
nat-tcp-v4 packets processed: 48672
nat-tcp-v4 packets processed: 48704
nat-tcp-v4 packets processed: 48736
nat-tcp-v4 packets processed: 48768
nat-tcp-v4 packets processed: 48800
nat-tcp-v4 packets processed: 48832
nat-tcp-v4 packets processed: 48864
nat-tcp-v4 packets processed: 48896
nat-tcp-v4 packets processed: 48928
nat-tcp-v4 packets processed: 48960
nat-tcp-v4 packets processed: 48992
nat-tcp-v4 packets processed: 49024
nat-tcp-v4 packets processed: 49056
nat-tcp-v4 packets processed: 49088
nat-tcp-v4 packets processed: 49120
nat-tcp-v4 packets processed: 49152
nat-tcp-v4 packets processed: 49184
nat-tcp-v4 packets processed: 49216
nat-tcp-v4 packets processed: 49248
nat-tcp-v4 packets processed: 49280
nat-tcp-v4 packets processed: 49312
nat-tcp-v4 packets processed: 49344
nat-tcp-v4 packets processed: 49376
nat-tcp-v4 packets processed: 49408
nat-tcp-v4 packets processed: 49440
nat-tcp-v4 packets processed: 49472
nat-tcp-v4 packets processed: 49504
nat-tcp-v4 packets processed: 49536
nat-tcp-v4 packets processed: 49568
nat-tcp-v4 packets processed: 49600
nat-tcp-v4 packets processed: 49632
nat-tcp-v4 packets processed: 49664
nat-tcp-v4 packets processed: 49696
nat-tcp-v4 packets processed: 49728
nat-tcp-v4 packets processed: 49760
nat-tcp-v4 packets processed: 49792
nat-tcp-v4 packets processed: 49824
nat-tcp-v4 packets processed: 49856
nat-tcp-v4 packets processed: 49888
nat-tcp-v4 packets processed: 49920
nat-tcp-v4 packets processed: 49952
nat-tcp-v4 packets processed: 49984
nat-tcp-v4 packets processed: 50016
nat-tcp-v4 packets processed: 50048
nat-tcp-v4 packets processed: 50080
nat-tcp-v4 packets processed: 50112
nat-tcp-v4 packets processed: 50144
nat-tcp-v4 packets processed: 50176
nat-tcp-v4 packets processed: 50208
nat-tcp-v4 packets processed: 50240
nat-tcp-v4 packets processed: 50272
nat-tcp-v4 packets processed: 50304
nat-tcp-v4 packets processed: 50336
nat-tcp-v4 packets processed: 50368
nat-tcp-v4 packets processed: 50400
nat-tcp-v4 packets processed: 50432
nat-tcp-v4 packets processed: 50464
nat-tcp-v4 packets processed: 50496
nat-tcp-v4 packets processed: 50528
nat-tcp-v4 packets processed: 50560
nat-tcp-v4 packets processed: 50592
nat-tcp-v4 packets processed: 50624
nat-tcp-v4 packets processed: 50656
nat-tcp-v4 packets processed: 50688
nat-tcp-v4 packets processed: 50720
nat-tcp-v4 packets processed: 50752
nat-tcp-v4 packets processed: 50784
nat-tcp-v4 packets processed: 50816
nat-tcp-v4 packets processed: 50848
nat-tcp-v4 packets processed: 50880
nat-tcp-v4 packets processed: 50912
nat-tcp-v4 packets processed: 50944
nat-tcp-v4 packets processed: 50976
nat-tcp-v4 packets processed: 51008
nat-tcp-v4 packets processed: 51040
nat-tcp-v4 packets processed: 51072
nat-tcp-v4 packets processed: 51104
nat-tcp-v4 packets processed: 51136
nat-tcp-v4 packets processed: 51168
nat-tcp-v4 packets processed: 51200
nat-tcp-v4 packets processed: 51232
nat-tcp-v4 packets processed: 51264
nat-tcp-v4 packets processed: 51296
nat-tcp-v4 packets processed: 51328
nat-tcp-v4 packets processed: 51360
nat-tcp-v4 packets processed: 51392
nat-tcp-v4 packets processed: 51424
nat-tcp-v4 packets processed: 51456
nat-tcp-v4 packets processed: 51488
nat-tcp-v4 packets processed: 51520
nat-tcp-v4 packets processed: 51552
nat-tcp-v4 packets processed: 51584
nat-tcp-v4 packets processed: 51616
nat-tcp-v4 packets processed: 51648
nat-tcp-v4 packets processed: 51680
nat-tcp-v4 packets processed: 51712
nat-tcp-v4 packets processed: 51744
nat-tcp-v4 packets processed: 51776
nat-tcp-v4 packets processed: 51808
nat-tcp-v4 packets processed: 51840
nat-tcp-v4 packets processed: 51872
nat-tcp-v4 packets processed: 51904
nat-tcp-v4 packets processed: 51936
nat-tcp-v4 packets processed: 51968
nat-tcp-v4 packets processed: 52000
nat-tcp-v4 packets processed: 52032
nat-tcp-v4 packets processed: 52064
nat-tcp-v4 packets processed: 52096
nat-tcp-v4 packets processed: 52128
nat-tcp-v4 packets processed: 52160
nat-tcp-v4 packets processed: 52192
nat-tcp-v4 packets processed: 52224
nat-tcp-v4 packets processed: 52256
nat-tcp-v4 packets processed: 52288
nat-tcp-v4 packets processed: 52320
nat-tcp-v4 packets processed: 52352
nat-tcp-v4 packets processed: 52384
nat-tcp-v4 packets processed: 52416
nat-tcp-v4 packets processed: 52448
nat-tcp-v4 packets processed: 52480
nat-tcp-v4 packets processed: 52512
nat-tcp-v4 packets processed: 52544
nat-tcp-v4 packets processed: 52576
nat-tcp-v4 packets processed: 52608
nat-tcp-v4 packets processed: 52640
nat-tcp-v4 packets processed: 52672
nat-tcp-v4 packets processed: 52704
nat-tcp-v4 packets processed: 52736
nat-tcp-v4 packets processed: 52768
nat-tcp-v4 packets processed: 52800
nat-tcp-v4 packets processed: 52832
nat-tcp-v4 packets processed: 52864
nat-tcp-v4 packets processed: 52896
nat-tcp-v4 packets processed: 52928
nat-tcp-v4 packets processed: 52960
nat-tcp-v4 packets processed: 52992
nat-tcp-v4 packets processed: 53024
nat-tcp-v4 packets processed: 53056
nat-tcp-v4 packets processed: 53088
nat-tcp-v4 packets processed: 53120
nat-tcp-v4 packets processed: 53152
nat-tcp-v4 packets processed: 53184
nat-tcp-v4 packets processed: 53216
nat-tcp-v4 packets processed: 53248
nat-tcp-v4 packets processed: 53280
nat-tcp-v4 packets processed: 53312
nat-tcp-v4 packets processed: 53344
nat-tcp-v4 packets processed: 53376
nat-tcp-v4 packets processed: 53408
nat-tcp-v4 packets processed: 53440
nat-tcp-v4 packets processed: 53472
nat-tcp-v4 packets processed: 53504
nat-tcp-v4 packets processed: 53536
nat-tcp-v4 packets processed: 53568
nat-tcp-v4 packets processed: 53600
nat-tcp-v4 packets processed: 53632
nat-tcp-v4 packets processed: 53664
nat-tcp-v4 packets processed: 53696
nat-tcp-v4 packets processed: 53728
nat-tcp-v4 packets processed: 53760
nat-tcp-v4 packets processed: 53792
nat-tcp-v4 packets processed: 53824
nat-tcp-v4 packets processed: 53856
nat-tcp-v4 packets processed: 53888
nat-tcp-v4 packets processed: 53920
nat-tcp-v4 packets processed: 53952
nat-tcp-v4 packets processed: 53984
nat-tcp-v4 packets processed: 54016
nat-tcp-v4 packets processed: 54048
nat-tcp-v4 packets processed: 54080
nat-tcp-v4 packets processed: 54112
nat-tcp-v4 packets processed: 54144
nat-tcp-v4 packets processed: 54176
nat-tcp-v4 packets processed: 54208
nat-tcp-v4 packets processed: 54240
nat-tcp-v4 packets processed: 54272
nat-tcp-v4 packets processed: 54304
nat-tcp-v4 packets processed: 54336
nat-tcp-v4 packets processed: 54368
nat-tcp-v4 packets processed: 54400
nat-tcp-v4 packets processed: 54432
nat-tcp-v4 packets processed: 54464
nat-tcp-v4 packets processed: 54496
nat-tcp-v4 packets processed: 54528
nat-tcp-v4 packets processed: 54560
nat-tcp-v4 packets processed: 54592
nat-tcp-v4 packets processed: 54624
nat-tcp-v4 packets processed: 54656
nat-tcp-v4 packets processed: 54688
nat-tcp-v4 packets processed: 54720
nat-tcp-v4 packets processed: 54752
nat-tcp-v4 packets processed: 54784
nat-tcp-v4 packets processed: 54816
nat-tcp-v4 packets processed: 54848
nat-tcp-v4 packets processed: 54880
nat-tcp-v4 packets processed: 54912
nat-tcp-v4 packets processed: 54944
nat-tcp-v4 packets processed: 54976
nat-tcp-v4 packets processed: 55008
nat-tcp-v4 packets processed: 55040
nat-tcp-v4 packets processed: 55072
nat-tcp-v4 packets processed: 55104
nat-tcp-v4 packets processed: 55136
nat-tcp-v4 packets processed: 55168
nat-tcp-v4 packets processed: 55200
nat-tcp-v4 packets processed: 55232
nat-tcp-v4 packets processed: 55264
nat-tcp-v4 packets processed: 55296
nat-tcp-v4 packets processed: 55328
nat-tcp-v4 packets processed: 55360
nat-tcp-v4 packets processed: 55392
nat-tcp-v4 packets processed: 55424
nat-tcp-v4 packets processed: 55456
nat-tcp-v4 packets processed: 55488
nat-tcp-v4 packets processed: 55520
nat-tcp-v4 packets processed: 55552
nat-tcp-v4 packets processed: 55584
nat-tcp-v4 packets processed: 55616
nat-tcp-v4 packets processed: 55648
nat-tcp-v4 packets processed: 55680
nat-tcp-v4 packets processed: 55712
nat-tcp-v4 packets processed: 55744
nat-tcp-v4 packets processed: 55776
nat-tcp-v4 packets processed: 55808
nat-tcp-v4 packets processed: 55840
nat-tcp-v4 packets processed: 55872
nat-tcp-v4 packets processed: 55904
nat-tcp-v4 packets processed: 55936
nat-tcp-v4 packets processed: 55968
nat-tcp-v4 packets processed: 56000
nat-tcp-v4 packets processed: 56032
nat-tcp-v4 packets processed: 56064
nat-tcp-v4 packets processed: 56096
nat-tcp-v4 packets processed: 56128
nat-tcp-v4 packets processed: 56160
nat-tcp-v4 packets processed: 56192
nat-tcp-v4 packets processed: 56224
nat-tcp-v4 packets processed: 56256
nat-tcp-v4 packets processed: 56288
nat-tcp-v4 packets processed: 56320
nat-tcp-v4 packets processed: 56352
nat-tcp-v4 packets processed: 56384
nat-tcp-v4 packets processed: 56416
nat-tcp-v4 packets processed: 56448
nat-tcp-v4 packets processed: 56480
nat-tcp-v4 packets processed: 56512
nat-tcp-v4 packets processed: 56544
nat-tcp-v4 packets processed: 56576
nat-tcp-v4 packets processed: 56608
nat-tcp-v4 packets processed: 56640
nat-tcp-v4 packets processed: 56672
nat-tcp-v4 packets processed: 56704
nat-tcp-v4 packets processed: 56736
nat-tcp-v4 packets processed: 56768
nat-tcp-v4 packets processed: 56800
nat-tcp-v4 packets processed: 56832
nat-tcp-v4 packets processed: 56864
nat-tcp-v4 packets processed: 56896
nat-tcp-v4 packets processed: 56928
nat-tcp-v4 packets processed: 56960
nat-tcp-v4 packets processed: 56992
nat-tcp-v4 packets processed: 57024
nat-tcp-v4 packets processed: 57056
nat-tcp-v4 packets processed: 57088
nat-tcp-v4 packets processed: 57120
nat-tcp-v4 packets processed: 57152
nat-tcp-v4 packets processed: 57184
nat-tcp-v4 packets processed: 57216
nat-tcp-v4 packets processed: 57248
nat-tcp-v4 packets processed: 57280
nat-tcp-v4 packets processed: 57312
nat-tcp-v4 packets processed: 57344
nat-tcp-v4 packets processed: 57376
nat-tcp-v4 packets processed: 57408
nat-tcp-v4 packets processed: 57440
nat-tcp-v4 packets processed: 57472
nat-tcp-v4 packets processed: 57504
nat-tcp-v4 packets processed: 57536
nat-tcp-v4 packets processed: 57568
nat-tcp-v4 packets processed: 57600
nat-tcp-v4 packets processed: 57632
nat-tcp-v4 packets processed: 57664
nat-tcp-v4 packets processed: 57696
nat-tcp-v4 packets processed: 57728
nat-tcp-v4 packets processed: 57760
nat-tcp-v4 packets processed: 57792
nat-tcp-v4 packets processed: 57824
nat-tcp-v4 packets processed: 57856
nat-tcp-v4 packets processed: 57888
nat-tcp-v4 packets processed: 57920
nat-tcp-v4 packets processed: 57952
nat-tcp-v4 packets processed: 57984
nat-tcp-v4 packets processed: 58016
nat-tcp-v4 packets processed: 58048
nat-tcp-v4 packets processed: 58080
nat-tcp-v4 packets processed: 58112
nat-tcp-v4 packets processed: 58144
nat-tcp-v4 packets processed: 58176
nat-tcp-v4 packets processed: 58208
nat-tcp-v4 packets processed: 58240
nat-tcp-v4 packets processed: 58272
nat-tcp-v4 packets processed: 58304
nat-tcp-v4 packets processed: 58336
nat-tcp-v4 packets processed: 58368
nat-tcp-v4 packets processed: 58400
nat-tcp-v4 packets processed: 58432
nat-tcp-v4 packets processed: 58464
nat-tcp-v4 packets processed: 58496
nat-tcp-v4 packets processed: 58528
nat-tcp-v4 packets processed: 58560
nat-tcp-v4 packets processed: 58592
nat-tcp-v4 packets processed: 58624
nat-tcp-v4 packets processed: 58656
nat-tcp-v4 packets processed: 58688
nat-tcp-v4 packets processed: 58720
nat-tcp-v4 packets processed: 58752
nat-tcp-v4 packets processed: 58784
nat-tcp-v4 packets processed: 58816
nat-tcp-v4 packets processed: 58848
nat-tcp-v4 packets processed: 58880
nat-tcp-v4 packets processed: 58912
nat-tcp-v4 packets processed: 58944
nat-tcp-v4 packets processed: 58976
nat-tcp-v4 packets processed: 59008
nat-tcp-v4 packets processed: 59040
nat-tcp-v4 packets processed: 59072
nat-tcp-v4 packets processed: 59104
nat-tcp-v4 packets processed: 59136
nat-tcp-v4 packets processed: 59168
nat-tcp-v4 packets processed: 59200
nat-tcp-v4 packets processed: 59232
nat-tcp-v4 packets processed: 59264
nat-tcp-v4 packets processed: 59296
nat-tcp-v4 packets processed: 59328
nat-tcp-v4 packets processed: 59360
nat-tcp-v4 packets processed: 59392
nat-tcp-v4 packets processed: 59424
nat-tcp-v4 packets processed: 59456
nat-tcp-v4 packets processed: 59488
nat-tcp-v4 packets processed: 59520
nat-tcp-v4 packets processed: 59552
nat-tcp-v4 packets processed: 59584
nat-tcp-v4 packets processed: 59616
nat-tcp-v4 packets processed: 59648
nat-tcp-v4 packets processed: 59680
nat-tcp-v4 packets processed: 59712
nat-tcp-v4 packets processed: 59744
nat-tcp-v4 packets processed: 59776
nat-tcp-v4 packets processed: 59808
nat-tcp-v4 packets processed: 59840
nat-tcp-v4 packets processed: 59872
nat-tcp-v4 packets processed: 59904
nat-tcp-v4 packets processed: 59936
nat-tcp-v4 packets processed: 59968
nat-tcp-v4 packets processed: 60000
nat-tcp-v4 packets processed: 60032
nat-tcp-v4 packets processed: 60064
nat-tcp-v4 packets processed: 60096
nat-tcp-v4 packets processed: 60128
nat-tcp-v4 packets processed: 60160
nat-tcp-v4 packets processed: 60192
nat-tcp-v4 packets processed: 60224
nat-tcp-v4 packets processed: 60256
nat-tcp-v4 packets processed: 60288
nat-tcp-v4 packets processed: 60320
nat-tcp-v4 packets processed: 60352
nat-tcp-v4 packets processed: 60384
nat-tcp-v4 packets processed: 60416
nat-tcp-v4 packets processed: 60448
nat-tcp-v4 packets processed: 60480
nat-tcp-v4 packets processed: 60512
nat-tcp-v4 packets processed: 60544
nat-tcp-v4 packets processed: 60576
nat-tcp-v4 packets processed: 60608
nat-tcp-v4 packets processed: 60640
nat-tcp-v4 packets processed: 60672
nat-tcp-v4 packets processed: 60704
nat-tcp-v4 packets processed: 60736
nat-tcp-v4 packets processed: 60768
nat-tcp-v4 packets processed: 60800
nat-tcp-v4 packets processed: 60832
nat-tcp-v4 packets processed: 60864
nat-tcp-v4 packets processed: 60896
nat-tcp-v4 packets processed: 60928
nat-tcp-v4 packets processed: 60960
nat-tcp-v4 packets processed: 60992
nat-tcp-v4 packets processed: 61024
nat-tcp-v4 packets processed: 61056
nat-tcp-v4 packets processed: 61088
nat-tcp-v4 packets processed: 61120
nat-tcp-v4 packets processed: 61152
nat-tcp-v4 packets processed: 61184
nat-tcp-v4 packets processed: 61216
nat-tcp-v4 packets processed: 61248
nat-tcp-v4 packets processed: 61280
nat-tcp-v4 packets processed: 61312
nat-tcp-v4 packets processed: 61344
nat-tcp-v4 packets processed: 61376
nat-tcp-v4 packets processed: 61408
nat-tcp-v4 packets processed: 61440
nat-tcp-v4 packets processed: 61472
nat-tcp-v4 packets processed: 61504
nat-tcp-v4 packets processed: 61536
nat-tcp-v4 packets processed: 61568
nat-tcp-v4 packets processed: 61600
nat-tcp-v4 packets processed: 61632
nat-tcp-v4 packets processed: 61664
nat-tcp-v4 packets processed: 61696
nat-tcp-v4 packets processed: 61728
nat-tcp-v4 packets processed: 61760
nat-tcp-v4 packets processed: 61792
nat-tcp-v4 packets processed: 61824
nat-tcp-v4 packets processed: 61856
nat-tcp-v4 packets processed: 61888
nat-tcp-v4 packets processed: 61920
nat-tcp-v4 packets processed: 61952
nat-tcp-v4 packets processed: 61984
nat-tcp-v4 packets processed: 62016
nat-tcp-v4 packets processed: 62048
nat-tcp-v4 packets processed: 62080
nat-tcp-v4 packets processed: 62112
nat-tcp-v4 packets processed: 62144
nat-tcp-v4 packets processed: 62176
nat-tcp-v4 packets processed: 62208
nat-tcp-v4 packets processed: 62240
nat-tcp-v4 packets processed: 62272
nat-tcp-v4 packets processed: 62304
nat-tcp-v4 packets processed: 62336
nat-tcp-v4 packets processed: 62368
nat-tcp-v4 packets processed: 62400
nat-tcp-v4 packets processed: 62432
nat-tcp-v4 packets processed: 62464
nat-tcp-v4 packets processed: 62496
nat-tcp-v4 packets processed: 62528
nat-tcp-v4 packets processed: 62560
nat-tcp-v4 packets processed: 62592
nat-tcp-v4 packets processed: 62624
nat-tcp-v4 packets processed: 62656
nat-tcp-v4 packets processed: 62688
nat-tcp-v4 packets processed: 62720
nat-tcp-v4 packets processed: 62752
nat-tcp-v4 packets processed: 62784
nat-tcp-v4 packets processed: 62816
nat-tcp-v4 packets processed: 62848
nat-tcp-v4 packets processed: 62880
nat-tcp-v4 packets processed: 62912
nat-tcp-v4 packets processed: 62944
nat-tcp-v4 packets processed: 62976
nat-tcp-v4 packets processed: 63008
nat-tcp-v4 packets processed: 63040
nat-tcp-v4 packets processed: 63072
nat-tcp-v4 packets processed: 63104
nat-tcp-v4 packets processed: 63136
nat-tcp-v4 packets processed: 63168
nat-tcp-v4 packets processed: 63200
nat-tcp-v4 packets processed: 63232
nat-tcp-v4 packets processed: 63264
nat-tcp-v4 packets processed: 63296
nat-tcp-v4 packets processed: 63328
nat-tcp-v4 packets processed: 63360
nat-tcp-v4 packets processed: 63392
nat-tcp-v4 packets processed: 63424
nat-tcp-v4 packets processed: 63456
nat-tcp-v4 packets processed: 63488
nat-tcp-v4 packets processed: 63520
nat-tcp-v4 packets processed: 63552
nat-tcp-v4 packets processed: 63584
nat-tcp-v4 packets processed: 63616
nat-tcp-v4 packets processed: 63648
nat-tcp-v4 packets processed: 63680
nat-tcp-v4 packets processed: 63712
nat-tcp-v4 packets processed: 63744
nat-tcp-v4 packets processed: 63776
nat-tcp-v4 packets processed: 63808
nat-tcp-v4 packets processed: 63840
nat-tcp-v4 packets processed: 63872
nat-tcp-v4 packets processed: 63904
nat-tcp-v4 packets processed: 63936
nat-tcp-v4 packets processed: 63968
nat-tcp-v4 packets processed: 64000
nat-tcp-v4 packets processed: 64032
nat-tcp-v4 packets processed: 64064
nat-tcp-v4 packets processed: 64096
nat-tcp-v4 packets processed: 64128
nat-tcp-v4 packets processed: 64160
nat-tcp-v4 packets processed: 64192
nat-tcp-v4 packets processed: 64224
nat-tcp-v4 packets processed: 64256
nat-tcp-v4 packets processed: 64288
nat-tcp-v4 packets processed: 64320
nat-tcp-v4 packets processed: 64352
nat-tcp-v4 packets processed: 64384
nat-tcp-v4 packets processed: 64416
nat-tcp-v4 packets processed: 64448
nat-tcp-v4 packets processed: 64480
nat-tcp-v4 packets processed: 64512
nat-tcp-v4 packets processed: 64544
nat-tcp-v4 packets processed: 64576
nat-tcp-v4 packets processed: 64608
nat-tcp-v4 packets processed: 64640
nat-tcp-v4 packets processed: 64672
nat-tcp-v4 packets processed: 64704
nat-tcp-v4 packets processed: 64736
nat-tcp-v4 packets processed: 64768
nat-tcp-v4 packets processed: 64800
nat-tcp-v4 packets processed: 64832
nat-tcp-v4 packets processed: 64864
nat-tcp-v4 packets processed: 64896
nat-tcp-v4 packets processed: 64928
nat-tcp-v4 packets processed: 64960
nat-tcp-v4 packets processed: 64992
nat-tcp-v4 packets processed: 65024
nat-tcp-v4 packets processed: 65056
nat-tcp-v4 packets processed: 65088
nat-tcp-v4 packets processed: 65120
nat-tcp-v4 packets processed: 65152
nat-tcp-v4 packets processed: 65184
nat-tcp-v4 packets processed: 65216
nat-tcp-v4 packets processed: 65248
nat-tcp-v4 packets processed: 65280
nat-tcp-v4 packets processed: 65312
nat-tcp-v4 packets processed: 65344
nat-tcp-v4 packets processed: 65376
nat-tcp-v4 packets processed: 65408
nat-tcp-v4 packets processed: 65440
nat-tcp-v4 packets processed: 65472
nat-tcp-v4 packets processed: 65504
nat-tcp-v4 packets processed: 65536
nat-tcp-v4 packets processed: 65568
nat-tcp-v4 packets processed: 65600
nat-tcp-v4 packets processed: 65632
nat-tcp-v4 packets processed: 65664
nat-tcp-v4 packets processed: 65696
nat-tcp-v4 packets processed: 65728
nat-tcp-v4 packets processed: 65760
nat-tcp-v4 packets processed: 65792
nat-tcp-v4 packets processed: 65824
nat-tcp-v4 packets processed: 65856
nat-tcp-v4 packets processed: 65888
nat-tcp-v4 packets processed: 65920
nat-tcp-v4 packets processed: 65952
nat-tcp-v4 packets processed: 65984
nat-tcp-v4 packets processed: 66016
nat-tcp-v4 packets processed: 66048
nat-tcp-v4 packets processed: 66080
nat-tcp-v4 packets processed: 66112
nat-tcp-v4 packets processed: 66144
nat-tcp-v4 packets processed: 66176
nat-tcp-v4 packets processed: 66208
nat-tcp-v4 packets processed: 66240
nat-tcp-v4 packets processed: 66272
nat-tcp-v4 packets processed: 66304
nat-tcp-v4 packets processed: 66336
nat-tcp-v4 packets processed: 66368
nat-tcp-v4 packets processed: 66400
nat-tcp-v4 packets processed: 66432
nat-tcp-v4 packets processed: 66464
nat-tcp-v4 packets processed: 66496
nat-tcp-v4 packets processed: 66528
nat-tcp-v4 packets processed: 66560
nat-tcp-v4 packets processed: 66592
nat-tcp-v4 packets processed: 66624
nat-tcp-v4 packets processed: 66656
nat-tcp-v4 packets processed: 66688
nat-tcp-v4 packets processed: 66720
nat-tcp-v4 packets processed: 66752
nat-tcp-v4 packets processed: 66784
nat-tcp-v4 packets processed: 66816
nat-tcp-v4 packets processed: 66848
nat-tcp-v4 packets processed: 66880
nat-tcp-v4 packets processed: 66912
nat-tcp-v4 packets processed: 66944
nat-tcp-v4 packets processed: 66976
nat-tcp-v4 packets processed: 67008
nat-tcp-v4 packets processed: 67040
nat-tcp-v4 packets processed: 67072
nat-tcp-v4 packets processed: 67104
nat-tcp-v4 packets processed: 67136
nat-tcp-v4 packets processed: 67168
nat-tcp-v4 packets processed: 67200
nat-tcp-v4 packets processed: 67232
nat-tcp-v4 packets processed: 67264
nat-tcp-v4 packets processed: 67296
nat-tcp-v4 packets processed: 67328
nat-tcp-v4 packets processed: 67360
nat-tcp-v4 packets processed: 67392
nat-tcp-v4 packets processed: 67424
nat-tcp-v4 packets processed: 67456
nat-tcp-v4 packets processed: 67488
nat-tcp-v4 packets processed: 67520
nat-tcp-v4 packets processed: 67552
nat-tcp-v4 packets processed: 67584
nat-tcp-v4 packets processed: 67616
nat-tcp-v4 packets processed: 67648
nat-tcp-v4 packets processed: 67680
nat-tcp-v4 packets processed: 67712
nat-tcp-v4 packets processed: 67744
nat-tcp-v4 packets processed: 67776
nat-tcp-v4 packets processed: 67808
nat-tcp-v4 packets processed: 67840
nat-tcp-v4 packets processed: 67872
nat-tcp-v4 packets processed: 67904
nat-tcp-v4 packets processed: 67936
nat-tcp-v4 packets processed: 67968
nat-tcp-v4 packets processed: 68000
nat-tcp-v4 packets processed: 68032
nat-tcp-v4 packets processed: 68064
nat-tcp-v4 packets processed: 68096
nat-tcp-v4 packets processed: 68128
nat-tcp-v4 packets processed: 68160
nat-tcp-v4 packets processed: 68192
nat-tcp-v4 packets processed: 68224
nat-tcp-v4 packets processed: 68256
nat-tcp-v4 packets processed: 68288
nat-tcp-v4 packets processed: 68320
nat-tcp-v4 packets processed: 68352
nat-tcp-v4 packets processed: 68384
nat-tcp-v4 packets processed: 68416
nat-tcp-v4 packets processed: 68448
nat-tcp-v4 packets processed: 68480
nat-tcp-v4 packets processed: 68512
nat-tcp-v4 packets processed: 68544
nat-tcp-v4 packets processed: 68576
nat-tcp-v4 packets processed: 68608
nat-tcp-v4 packets processed: 68640
nat-tcp-v4 packets processed: 68672
nat-tcp-v4 packets processed: 68704
nat-tcp-v4 packets processed: 68736
nat-tcp-v4 packets processed: 68768
nat-tcp-v4 packets processed: 68800
nat-tcp-v4 packets processed: 68832
nat-tcp-v4 packets processed: 68864
nat-tcp-v4 packets processed: 68896
nat-tcp-v4 packets processed: 68928
nat-tcp-v4 packets processed: 68960
nat-tcp-v4 packets processed: 68992
nat-tcp-v4 packets processed: 69024
nat-tcp-v4 packets processed: 69056
nat-tcp-v4 packets processed: 69088
nat-tcp-v4 packets processed: 69120
nat-tcp-v4 packets processed: 69152
nat-tcp-v4 packets processed: 69184
nat-tcp-v4 packets processed: 69216
nat-tcp-v4 packets processed: 69248
nat-tcp-v4 packets processed: 69280
nat-tcp-v4 packets processed: 69312
nat-tcp-v4 packets processed: 69344
nat-tcp-v4 packets processed: 69376
nat-tcp-v4 packets processed: 69408
nat-tcp-v4 packets processed: 69440
nat-tcp-v4 packets processed: 69472
nat-tcp-v4 packets processed: 69504
nat-tcp-v4 packets processed: 69536
nat-tcp-v4 packets processed: 69568
nat-tcp-v4 packets processed: 69600
nat-tcp-v4 packets processed: 69632
nat-tcp-v4 packets processed: 69664
nat-tcp-v4 packets processed: 69696
nat-tcp-v4 packets processed: 69728
nat-tcp-v4 packets processed: 69760
nat-tcp-v4 packets processed: 69792
nat-tcp-v4 packets processed: 69824
nat-tcp-v4 packets processed: 69856
nat-tcp-v4 packets processed: 69888
nat-tcp-v4 packets processed: 69920
nat-tcp-v4 packets processed: 69952
nat-tcp-v4 packets processed: 69984
nat-tcp-v4 packets processed: 70016
nat-tcp-v4 packets processed: 70048
nat-tcp-v4 packets processed: 70080
nat-tcp-v4 packets processed: 70112
nat-tcp-v4 packets processed: 70144
nat-tcp-v4 packets processed: 70176
nat-tcp-v4 packets processed: 70208
nat-tcp-v4 packets processed: 70240
nat-tcp-v4 packets processed: 70272
a thread in cpu0 reached the max instruction count @ 527031779643
Switched CPUS @ tick 527031779643
Changing memory mode to timing
switching cpus
**** REAL SIMULATION ****
info: Entering event queue @ 527031779643.  Starting simulation...
nat-tcp-v4 packets processed: 70304
nat-tcp-v4 packets processed: 70336
nat-tcp-v4 packets processed: 70368
nat-tcp-v4 packets processed: 70400
nat-tcp-v4 packets processed: 70432
nat-tcp-v4 packets processed: 70464
nat-tcp-v4 packets processed: 70496
nat-tcp-v4 packets processed: 70528
nat-tcp-v4 packets processed: 70560
nat-tcp-v4 packets processed: 70592
nat-tcp-v4 packets processed: 70624
nat-tcp-v4 packets processed: 70656
nat-tcp-v4 packets processed: 70688
nat-tcp-v4 packets processed: 70720
nat-tcp-v4 packets processed: 70752
nat-tcp-v4 packets processed: 70784
nat-tcp-v4 packets processed: 70816
nat-tcp-v4 packets processed: 70848
nat-tcp-v4 packets processed: 70880
nat-tcp-v4 packets processed: 70912
nat-tcp-v4 packets processed: 70944
nat-tcp-v4 packets processed: 70976
nat-tcp-v4 packets processed: 71008
nat-tcp-v4 packets processed: 71040
nat-tcp-v4 packets processed: 71072
Exiting @ tick 530596670526 because a thread in cpu0 reached the max instruction count
