gem5 Simulator System.  http://gem5.org
gem5 is copyrighted software; use the --copyright option for details.

gem5 compiled Feb 10 2024 00:41:27
gem5 started Feb 11 2024 11:35:52
gem5 executing on node-2.yangzhou-190861.lambda-mpi-pg0.clemson.cloudlab.us
command line: build/ARM/gem5.fast --remote-gdb-port=0 --outdir=/users/yangzhou/GEM5_DRAMSim2/sgx_nic/m5out/detailed_monitoring.nat-tcp-v4.maglev.maglev.maglev.dpi.acl-fw.nat-tcp-v4_4MB_tp --stats-file=detailed_monitoring.nat-tcp-v4.maglev.maglev.maglev.dpi.acl-fw.nat-tcp-v4_4MB_tp_stats.txt configs/dramsim2/dramsim2_se.py --cpu-type=detailed --clock=2.4GHz --cacheline_size=128 --caches --l2cache --l2config=setpartition --l2_size=512kB --l2_assoc=16 --fixaddr --rr_nc --split_mshr --split_rport --dramsim2 --tpturnlength=6 --devicecfg=./ext/DRAMSim2/ini/DDR3_micron_16M_8B_x8_sg15.ini --systemcfg=./ext/DRAMSim2/system_tp.ini --outputfile=/dev/null --fast-forward=1000000000 --maxinsts=10000000 --maxtick=2000000000000 --numpids=8 --p0=/users/yangzhou/NFShield/monitoring --p1=/users/yangzhou/NFShield/nat-tcp-v4 --p2=/users/yangzhou/NFShield/maglev --p3=/users/yangzhou/NFShield/maglev --p4=/users/yangzhou/NFShield/maglev --p5=/users/yangzhou/NFShield/dpi --p6=/users/yangzhou/NFShield/acl-fw --p7=/users/yangzhou/NFShield/nat-tcp-v4
Global frequency set at 1000000000000 ticks per second
device file: ./ext/DRAMSim2/ini/DDR3_micron_16M_8B_x8_sg15.ini
system file: ./ext/DRAMSim2/system_tp.ini
output file: /dev/null
DEBUGSTR My tpTurnLength is 6
genTrace is 0
finish initializing memory controller
CPU Clock = 2398MHz
DRAM Clock = 1600MHz
Memory Capacity = 65536MB
initialize the layer 8
initialize the layer 8
Switch at instruction count:1000000000
info: Entering event queue @ 0.  Starting simulation...
info: Increasing stack size by one page.
info: Increasing stack size by one page.
info: Increasing stack size by one page.
info: Increasing stack size by one page.
info: Increasing stack size by one page.
info: Increasing stack size by one page.
info: Increasing stack size by one page.
info: Increasing stack size by one page.
value_t size: 1B
value_t size: 4B
value_t size: 16B
value_t size: 16B
memory size: 4.386990MB
acsmMaxStates: 724071
memory size: 10.063114MB
value_t size: 1B
memory size: 51.400196MB
memory size: 51.400196MB
acsmNumStates: 467695
memory size: 4.386990MB
trying to open file /users/yangzhou/NFShield/data/ictf2010_100kflow.dat
trying to open file /users/yangzhou/NFShield/data/ictf2010_100kflow.dat
trying to open file /users/yangzhou/NFShield/data/ictf2010_100kflow.dat
opening succeeds
opening succeeds
opening succeeds
trying to open file /users/yangzhou/NFShield/data/ictf2010_100kflow.dat
opening succeeds
trying to open file /users/yangzhou/NFShield/data/ictf2010_100kflow.dat
trying to open file /users/yangzhou/NFShield/data/ictf2010_100kflow.dat
trying to open file /users/yangzhou/NFShield/data/ictf2010_100kflow.dat
opening succeeds
opening succeeds
opening succeeds
Reading pkt trace done!
Reading pkt trace done!
Reading pkt trace done!
average pkt size = 607.274170
average pkt size = 607.274170
average pkt size = 607.274170
monitoring 160
nat-tcp-v4 160
nat-tcp-v4 160
monitoring 320
nat-tcp-v4 320
nat-tcp-v4 320
Reading pkt trace done!
average pkt size = 607.274170
monitoring 480
nat-tcp-v4 480
nat-tcp-v4 480
monitoring 640
nat-tcp-v4 640
nat-tcp-v4 640
monitoring 800
nat-tcp-v4 800
nat-tcp-v4 800
monitoring 960
nat-tcp-v4 960
nat-tcp-v4 960
monitoring 1120
nat-tcp-v4 1120
nat-tcp-v4 1120
monitoring 1280
Reading pkt trace done!
Reading pkt trace done!
Reading pkt trace done!
average pkt size = 607.274170
average pkt size = 607.274170
average pkt size = 607.274170
nat-tcp-v4 1280
nat-tcp-v4 1280
monitoring 1440
maglev 160
maglev 160
maglev 160
nat-tcp-v4 1440
nat-tcp-v4 1440
monitoring 1600
maglev 320
maglev 320
maglev 320
nat-tcp-v4 1600
nat-tcp-v4 1600
monitoring 1760
maglev 480
maglev 480
maglev 480
nat-tcp-v4 1760
nat-tcp-v4 1760
monitoring 1920
maglev 640
maglev 640
maglev 640
nat-tcp-v4 1920
nat-tcp-v4 1920
monitoring 2080
maglev 800
maglev 800
maglev 800
nat-tcp-v4 2080
nat-tcp-v4 2080
monitoring 2240
maglev 960
maglev 960
maglev 960
nat-tcp-v4 2240
nat-tcp-v4 2240
monitoring 2400
maglev 1120
maglev 1120
maglev 1120
monitoring 2560
nat-tcp-v4 2400
nat-tcp-v4 2400
maglev 1280
maglev 1280
maglev 1280
monitoring 2720
maglev 1440
maglev 1440
maglev 1440
nat-tcp-v4 2560
nat-tcp-v4 2560
monitoring 2880
maglev 1600
maglev 1600
maglev 1600
nat-tcp-v4 2720
nat-tcp-v4 2720
monitoring 3040
maglev 1760
maglev 1760
maglev 1760
nat-tcp-v4 2880
nat-tcp-v4 2880
monitoring 3200
maglev 1920
maglev 1920
maglev 1920
nat-tcp-v4 3040
nat-tcp-v4 3040
monitoring 3360
maglev 2080
maglev 2080
maglev 2080
nat-tcp-v4 3200
nat-tcp-v4 3200
monitoring 3520
maglev 2240
maglev 2240
maglev 2240
nat-tcp-v4 3360
nat-tcp-v4 3360
monitoring 3680
maglev 2400
maglev 2400
maglev 2400
nat-tcp-v4 3520
nat-tcp-v4 3520
monitoring 3840
maglev 2560
maglev 2560
maglev 2560
nat-tcp-v4 3680
nat-tcp-v4 3680
monitoring 4000
maglev 2720
maglev 2720
maglev 2720
nat-tcp-v4 3840
nat-tcp-v4 3840
monitoring 4160
maglev 2880
maglev 2880
maglev 2880
nat-tcp-v4 4000
nat-tcp-v4 4000
maglev 3040
maglev 3040
maglev 3040
monitoring 4320
nat-tcp-v4 4160
nat-tcp-v4 4160
maglev 3200
maglev 3200
maglev 3200
monitoring 4480
nat-tcp-v4 4320
nat-tcp-v4 4320
maglev 3360
maglev 3360
maglev 3360
monitoring 4640
nat-tcp-v4 4480
nat-tcp-v4 4480
maglev 3520
maglev 3520
maglev 3520
monitoring 4800
maglev 3680
maglev 3680
maglev 3680
monitoring 4960
nat-tcp-v4 4640
nat-tcp-v4 4640
maglev 3840
maglev 3840
maglev 3840
monitoring 5120
nat-tcp-v4 4800
nat-tcp-v4 4800
maglev 4000
maglev 4000
maglev 4000
monitoring 5280
nat-tcp-v4 4960
nat-tcp-v4 4960
maglev 4160
maglev 4160
maglev 4160
monitoring 5440
nat-tcp-v4 5120
nat-tcp-v4 5120
maglev 4320
maglev 4320
maglev 4320
monitoring 5600
nat-tcp-v4 5280
nat-tcp-v4 5280
maglev 4480
maglev 4480
maglev 4480
monitoring 5760
nat-tcp-v4 5440
nat-tcp-v4 5440
maglev 4640
maglev 4640
maglev 4640
monitoring 5920
nat-tcp-v4 5600
nat-tcp-v4 5600
maglev 4800
maglev 4800
maglev 4800
monitoring 6080
nat-tcp-v4 5760
nat-tcp-v4 5760
maglev 4960
maglev 4960
maglev 4960
monitoring 6240
nat-tcp-v4 5920
nat-tcp-v4 5920
maglev 5120
maglev 5120
maglev 5120
monitoring 6400
nat-tcp-v4 6080
nat-tcp-v4 6080
maglev 5280
maglev 5280
maglev 5280
monitoring 6560
nat-tcp-v4 6240
nat-tcp-v4 6240
maglev 5440
maglev 5440
maglev 5440
monitoring 6720
maglev 5600
maglev 5600
maglev 5600
nat-tcp-v4 6400
nat-tcp-v4 6400
monitoring 6880
maglev 5760
maglev 5760
maglev 5760
nat-tcp-v4 6560
nat-tcp-v4 6560
monitoring 7040
maglev 5920
maglev 5920
maglev 5920
nat-tcp-v4 6720
nat-tcp-v4 6720
monitoring 7200
maglev 6080
maglev 6080
maglev 6080
monitoring 7360
nat-tcp-v4 6880
nat-tcp-v4 6880
maglev 6240
maglev 6240
maglev 6240
monitoring 7520
nat-tcp-v4 7040
nat-tcp-v4 7040
maglev 6400
maglev 6400
maglev 6400
monitoring 7680
nat-tcp-v4 7200
nat-tcp-v4 7200
maglev 6560
maglev 6560
maglev 6560
monitoring 7840
nat-tcp-v4 7360
nat-tcp-v4 7360
maglev 6720
maglev 6720
maglev 6720
monitoring 8000
nat-tcp-v4 7520
nat-tcp-v4 7520
maglev 6880
maglev 6880
maglev 6880
monitoring 8160
nat-tcp-v4 7680
nat-tcp-v4 7680
maglev 7040
maglev 7040
maglev 7040
monitoring 8320
nat-tcp-v4 7840
nat-tcp-v4 7840
maglev 7200
maglev 7200
maglev 7200
monitoring 8480
nat-tcp-v4 8000
nat-tcp-v4 8000
maglev 7360
maglev 7360
maglev 7360
monitoring 8640
maglev 7520
maglev 7520
maglev 7520
nat-tcp-v4 8160
nat-tcp-v4 8160
monitoring 8800
maglev 7680
maglev 7680
maglev 7680
nat-tcp-v4 8320
nat-tcp-v4 8320
monitoring 8960
maglev 7840
maglev 7840
maglev 7840
nat-tcp-v4 8480
nat-tcp-v4 8480
monitoring 9120
maglev 8000
maglev 8000
maglev 8000
nat-tcp-v4 8640
nat-tcp-v4 8640
monitoring 9280
maglev 8160
maglev 8160
maglev 8160
nat-tcp-v4 8800
nat-tcp-v4 8800
monitoring 9440
maglev 8320
maglev 8320
maglev 8320
nat-tcp-v4 8960
nat-tcp-v4 8960
monitoring 9600
maglev 8480
maglev 8480
maglev 8480
monitoring 9760
nat-tcp-v4 9120
nat-tcp-v4 9120
maglev 8640
maglev 8640
maglev 8640
monitoring 9920
nat-tcp-v4 9280
nat-tcp-v4 9280
maglev 8800
maglev 8800
maglev 8800
monitoring 10080
nat-tcp-v4 9440
nat-tcp-v4 9440
maglev 8960
maglev 8960
maglev 8960
monitoring 10240
nat-tcp-v4 9600
nat-tcp-v4 9600
maglev 9120
maglev 9120
maglev 9120
monitoring 10400
nat-tcp-v4 9760
nat-tcp-v4 9760
maglev 9280
maglev 9280
maglev 9280
monitoring 10560
nat-tcp-v4 9920
nat-tcp-v4 9920
maglev 9440
maglev 9440
maglev 9440
monitoring 10720
maglev 9600
maglev 9600
maglev 9600
nat-tcp-v4 10080
nat-tcp-v4 10080
recover done
acl-fw 0
monitoring 10880
maglev 9760
maglev 9760
maglev 9760
nat-tcp-v4 10240
nat-tcp-v4 10240
monitoring 11040
maglev 9920
maglev 9920
maglev 9920
nat-tcp-v4 10400
nat-tcp-v4 10400
acl-fw 160
monitoring 11200
maglev 10080
maglev 10080
maglev 10080
nat-tcp-v4 10560
nat-tcp-v4 10560
monitoring 11360
maglev 10240
maglev 10240
maglev 10240
nat-tcp-v4 10720
nat-tcp-v4 10720
acl-fw 320
monitoring 11520
maglev 10400
maglev 10400
maglev 10400
nat-tcp-v4 10880
nat-tcp-v4 10880
monitoring 11680
maglev 10560
maglev 10560
maglev 10560
nat-tcp-v4 11040
nat-tcp-v4 11040
monitoring 11840
acl-fw 480
maglev 10720
maglev 10720
maglev 10720
nat-tcp-v4 11200
nat-tcp-v4 11200
monitoring 12000
maglev 10880
maglev 10880
maglev 10880
monitoring 12160
nat-tcp-v4 11360
nat-tcp-v4 11360
acl-fw 640
maglev 11040
maglev 11040
maglev 11040
monitoring 12320
nat-tcp-v4 11520
nat-tcp-v4 11520
maglev 11200
maglev 11200
maglev 11200
monitoring 12480
nat-tcp-v4 11680
nat-tcp-v4 11680
maglev 11360
maglev 11360
maglev 11360
acl-fw 800
monitoring 12640
maglev 11520
maglev 11520
maglev 11520
nat-tcp-v4 11840
nat-tcp-v4 11840
monitoring 12800
maglev 11680
maglev 11680
maglev 11680
nat-tcp-v4 12000
nat-tcp-v4 12000
acl-fw 960
monitoring 12960
maglev 11840
maglev 11840
maglev 11840
nat-tcp-v4 12160
nat-tcp-v4 12160
monitoring 13120
maglev 12000
maglev 12000
maglev 12000
nat-tcp-v4 12320
nat-tcp-v4 12320
acl-fw 1120
monitoring 13280
maglev 12160
maglev 12160
maglev 12160
nat-tcp-v4 12480
nat-tcp-v4 12480
monitoring 13440
maglev 12320
maglev 12320
maglev 12320
nat-tcp-v4 12640
nat-tcp-v4 12640
acl-fw 1280
monitoring 13600
maglev 12480
maglev 12480
maglev 12480
nat-tcp-v4 12800
nat-tcp-v4 12800
monitoring 13760
maglev 12640
maglev 12640
maglev 12640
nat-tcp-v4 12960
nat-tcp-v4 12960
acl-fw 1440
monitoring 13920
maglev 12800
maglev 12800
maglev 12800
nat-tcp-v4 13120
nat-tcp-v4 13120
monitoring 14080
maglev 12960
maglev 12960
maglev 12960
nat-tcp-v4 13280
nat-tcp-v4 13280
acl-fw 1600
monitoring 14240
maglev 13120
maglev 13120
maglev 13120
monitoring 14400
nat-tcp-v4 13440
nat-tcp-v4 13440
maglev 13280
maglev 13280
maglev 13280
monitoring 14560
maglev 13440
maglev 13440
maglev 13440
nat-tcp-v4 13600
nat-tcp-v4 13600
acl-fw 1760
monitoring 14720
maglev 13600
maglev 13600
maglev 13600
nat-tcp-v4 13760
nat-tcp-v4 13760
monitoring 14880
maglev 13760
maglev 13760
maglev 13760
nat-tcp-v4 13920
nat-tcp-v4 13920
acl-fw 1920
monitoring 15040
maglev 13920
maglev 13920
maglev 13920
nat-tcp-v4 14080
nat-tcp-v4 14080
maglev 14080
maglev 14080
maglev 14080
monitoring 15200
nat-tcp-v4 14240
nat-tcp-v4 14240
acl-fw 2080
maglev 14240
maglev 14240
maglev 14240
monitoring 15360
nat-tcp-v4 14400
nat-tcp-v4 14400
maglev 14400
maglev 14400
maglev 14400
monitoring 15520
nat-tcp-v4 14560
nat-tcp-v4 14560
acl-fw 2240
maglev 14560
maglev 14560
maglev 14560
monitoring 15680
nat-tcp-v4 14720
nat-tcp-v4 14720
maglev 14720
maglev 14720
maglev 14720
monitoring 15840
nat-tcp-v4 14880
nat-tcp-v4 14880
acl-fw 2400
maglev 14880
maglev 14880
maglev 14880
monitoring 16000
nat-tcp-v4 15040
nat-tcp-v4 15040
maglev 15040
maglev 15040
maglev 15040
monitoring 16160
nat-tcp-v4 15200
nat-tcp-v4 15200
acl-fw 2560
maglev 15200
maglev 15200
maglev 15200
monitoring 16320
maglev 15360
maglev 15360
maglev 15360
nat-tcp-v4 15360
nat-tcp-v4 15360
monitoring 16480
maglev 15520
maglev 15520
maglev 15520
acl-fw 2720
nat-tcp-v4 15520
nat-tcp-v4 15520
monitoring 16640
maglev 15680
maglev 15680
maglev 15680
monitoring 16800
nat-tcp-v4 15680
nat-tcp-v4 15680
maglev 15840
maglev 15840
maglev 15840
monitoring 16960
acl-fw 2880
nat-tcp-v4 15840
nat-tcp-v4 15840
maglev 16000
maglev 16000
maglev 16000
monitoring 17120
nat-tcp-v4 16000
nat-tcp-v4 16000
maglev 16160
maglev 16160
maglev 16160
monitoring 17280
acl-fw 3040
nat-tcp-v4 16160
nat-tcp-v4 16160
maglev 16320
maglev 16320
maglev 16320
monitoring 17440
nat-tcp-v4 16320
nat-tcp-v4 16320
maglev 16480
maglev 16480
maglev 16480
monitoring 17600
acl-fw 3200
nat-tcp-v4 16480
nat-tcp-v4 16480
maglev 16640
maglev 16640
maglev 16640
monitoring 17760
nat-tcp-v4 16640
nat-tcp-v4 16640
maglev 16800
maglev 16800
maglev 16800
monitoring 17920
acl-fw 3360
nat-tcp-v4 16800
nat-tcp-v4 16800
maglev 16960
maglev 16960
maglev 16960
monitoring 18080
nat-tcp-v4 16960
nat-tcp-v4 16960
maglev 17120
maglev 17120
maglev 17120
monitoring 18240
acl-fw 3520
maglev 17280
maglev 17280
maglev 17280
nat-tcp-v4 17120
nat-tcp-v4 17120
monitoring 18400
maglev 17440
maglev 17440
maglev 17440
nat-tcp-v4 17280
nat-tcp-v4 17280
monitoring 18560
maglev 17600
maglev 17600
maglev 17600
acl-fw 3680
nat-tcp-v4 17440
nat-tcp-v4 17440
monitoring 18720
maglev 17760
maglev 17760
maglev 17760
nat-tcp-v4 17600
nat-tcp-v4 17600
monitoring 18880
maglev 17920
maglev 17920
maglev 17920
acl-fw 3840
monitoring 19040
nat-tcp-v4 17760
nat-tcp-v4 17760
maglev 18080
maglev 18080
maglev 18080
monitoring 19200
nat-tcp-v4 17920
nat-tcp-v4 17920
maglev 18240
maglev 18240
maglev 18240
acl-fw 4000
monitoring 19360
nat-tcp-v4 18080
nat-tcp-v4 18080
maglev 18400
maglev 18400
maglev 18400
monitoring 19520
nat-tcp-v4 18240
nat-tcp-v4 18240
maglev 18560
maglev 18560
maglev 18560
monitoring 19680
acl-fw 4160
nat-tcp-v4 18400
nat-tcp-v4 18400
maglev 18720
maglev 18720
maglev 18720
monitoring 19840
nat-tcp-v4 18560
nat-tcp-v4 18560
maglev 18880
maglev 18880
maglev 18880
monitoring 20000
acl-fw 4320
nat-tcp-v4 18720
nat-tcp-v4 18720
maglev 19040
maglev 19040
maglev 19040
monitoring 20160
maglev 19200
maglev 19200
maglev 19200
nat-tcp-v4 18880
nat-tcp-v4 18880
monitoring 20320
acl-fw 4480
maglev 19360
maglev 19360
maglev 19360
nat-tcp-v4 19040
nat-tcp-v4 19040
monitoring 20480
maglev 19520
maglev 19520
maglev 19520
nat-tcp-v4 19200
nat-tcp-v4 19200
monitoring 20640
maglev 19680
maglev 19680
maglev 19680
acl-fw 4640
nat-tcp-v4 19360
nat-tcp-v4 19360
monitoring 20800
maglev 19840
maglev 19840
maglev 19840
nat-tcp-v4 19520
nat-tcp-v4 19520
monitoring 20960
maglev 20000
maglev 20000
maglev 20000
acl-fw 4800
nat-tcp-v4 19680
nat-tcp-v4 19680
monitoring 21120
maglev 20160
maglev 20160
maglev 20160
monitoring 21280
nat-tcp-v4 19840
nat-tcp-v4 19840
maglev 20320
maglev 20320
maglev 20320
acl-fw 4960
monitoring 21440
nat-tcp-v4 20000
nat-tcp-v4 20000
maglev 20480
maglev 20480
maglev 20480
monitoring 21600
nat-tcp-v4 20160
nat-tcp-v4 20160
maglev 20640
maglev 20640
maglev 20640
acl-fw 5120
monitoring 21760
nat-tcp-v4 20320
nat-tcp-v4 20320
maglev 20800
maglev 20800
maglev 20800
monitoring 21920
nat-tcp-v4 20480
nat-tcp-v4 20480
maglev 20960
maglev 20960
maglev 20960
monitoring 22080
acl-fw 5280
maglev 21120
maglev 21120
maglev 21120
nat-tcp-v4 20640
nat-tcp-v4 20640
monitoring 22240
maglev 21280
maglev 21280
maglev 21280
nat-tcp-v4 20800
nat-tcp-v4 20800
monitoring 22400
acl-fw 5440
maglev 21440
maglev 21440
maglev 21440
nat-tcp-v4 20960
nat-tcp-v4 20960
monitoring 22560
maglev 21600
maglev 21600
maglev 21600
nat-tcp-v4 21120
nat-tcp-v4 21120
monitoring 22720
maglev 21760
maglev 21760
maglev 21760
acl-fw 5600
nat-tcp-v4 21280
nat-tcp-v4 21280
monitoring 22880
maglev 21920
maglev 21920
maglev 21920
nat-tcp-v4 21440
nat-tcp-v4 21440
monitoring 23040
maglev 22080
maglev 22080
maglev 22080
acl-fw 5760
nat-tcp-v4 21600
nat-tcp-v4 21600
monitoring 23200
maglev 22240
maglev 22240
maglev 22240
nat-tcp-v4 21760
nat-tcp-v4 21760
monitoring 23360
maglev 22400
maglev 22400
maglev 22400
acl-fw 5920
nat-tcp-v4 21920
nat-tcp-v4 21920
monitoring 23520
maglev 22560
maglev 22560
maglev 22560
monitoring 23680
nat-tcp-v4 22080
nat-tcp-v4 22080
maglev 22720
maglev 22720
maglev 22720
acl-fw 6080
monitoring 23840
nat-tcp-v4 22240
nat-tcp-v4 22240
maglev 22880
maglev 22880
maglev 22880
monitoring 24000
maglev 23040
maglev 23040
maglev 23040
nat-tcp-v4 22400
nat-tcp-v4 22400
acl-fw 6240
monitoring 24160
maglev 23200
maglev 23200
maglev 23200
nat-tcp-v4 22560
nat-tcp-v4 22560
monitoring 24320
maglev 23360
maglev 23360
maglev 23360
nat-tcp-v4 22720
nat-tcp-v4 22720
monitoring 24480
acl-fw 6400
maglev 23520
maglev 23520
maglev 23520
nat-tcp-v4 22880
nat-tcp-v4 22880
monitoring 24640
maglev 23680
maglev 23680
maglev 23680
nat-tcp-v4 23040
nat-tcp-v4 23040
monitoring 24800
maglev 23840
maglev 23840
maglev 23840
acl-fw 6560
nat-tcp-v4 23200
nat-tcp-v4 23200
monitoring 24960
maglev 24000
maglev 24000
maglev 24000
nat-tcp-v4 23360
nat-tcp-v4 23360
monitoring 25120
maglev 24160
maglev 24160
maglev 24160
acl-fw 6720
nat-tcp-v4 23520
nat-tcp-v4 23520
monitoring 25280
maglev 24320
maglev 24320
maglev 24320
nat-tcp-v4 23680
nat-tcp-v4 23680
monitoring 25440
maglev 24480
maglev 24480
maglev 24480
acl-fw 6880
nat-tcp-v4 23840
nat-tcp-v4 23840
monitoring 25600
maglev 24640
maglev 24640
maglev 24640
nat-tcp-v4 24000
nat-tcp-v4 24000
monitoring 25760
maglev 24800
maglev 24800
maglev 24800
acl-fw 7040
monitoring 25920
maglev 24960
maglev 24960
maglev 24960
nat-tcp-v4 24160
nat-tcp-v4 24160
monitoring 26080
maglev 25120
maglev 25120
maglev 25120
nat-tcp-v4 24320
nat-tcp-v4 24320
acl-fw 7200
maglev 25280
maglev 25280
maglev 25280
monitoring 26240
nat-tcp-v4 24480
nat-tcp-v4 24480
maglev 25440
maglev 25440
maglev 25440
monitoring 26400
nat-tcp-v4 24640
nat-tcp-v4 24640
acl-fw 7360
maglev 25600
maglev 25600
maglev 25600
monitoring 26560
nat-tcp-v4 24800
nat-tcp-v4 24800
maglev 25760
maglev 25760
maglev 25760
monitoring 26720
nat-tcp-v4 24960
nat-tcp-v4 24960
maglev 25920
maglev 25920
maglev 25920
acl-fw 7520
monitoring 26880
nat-tcp-v4 25120
nat-tcp-v4 25120
maglev 26080
maglev 26080
maglev 26080
monitoring 27040
nat-tcp-v4 25280
nat-tcp-v4 25280
maglev 26240
maglev 26240
maglev 26240
monitoring 27200
acl-fw 7680
nat-tcp-v4 25440
nat-tcp-v4 25440
maglev 26400
maglev 26400
maglev 26400
monitoring 27360
nat-tcp-v4 25600
nat-tcp-v4 25600
maglev 26560
maglev 26560
maglev 26560
monitoring 27520
acl-fw 7840
nat-tcp-v4 25760
nat-tcp-v4 25760
maglev 26720
maglev 26720
maglev 26720
monitoring 27680
maglev 26880
maglev 26880
maglev 26880
nat-tcp-v4 25920
nat-tcp-v4 25920
monitoring 27840
acl-fw 8000
maglev 27040
maglev 27040
maglev 27040
nat-tcp-v4 26080
nat-tcp-v4 26080
monitoring 28000
maglev 27200
maglev 27200
maglev 27200
monitoring 28160
nat-tcp-v4 26240
nat-tcp-v4 26240
acl-fw 8160
maglev 27360
maglev 27360
maglev 27360
monitoring 28320
nat-tcp-v4 26400
nat-tcp-v4 26400
maglev 27520
maglev 27520
maglev 27520
monitoring 28480
nat-tcp-v4 26560
nat-tcp-v4 26560
acl-fw 8320
maglev 27680
maglev 27680
maglev 27680
monitoring 28640
nat-tcp-v4 26720
nat-tcp-v4 26720
maglev 27840
maglev 27840
maglev 27840
monitoring 28800
nat-tcp-v4 26880
nat-tcp-v4 26880
maglev 28000
maglev 28000
maglev 28000
acl-fw 8480
monitoring 28960
nat-tcp-v4 27040
nat-tcp-v4 27040
maglev 28160
maglev 28160
maglev 28160
monitoring 29120
nat-tcp-v4 27200
nat-tcp-v4 27200
maglev 28320
maglev 28320
maglev 28320
acl-fw 8640
monitoring 29280
nat-tcp-v4 27360
nat-tcp-v4 27360
maglev 28480
maglev 28480
maglev 28480
monitoring 29440
nat-tcp-v4 27520
nat-tcp-v4 27520
maglev 28640
maglev 28640
maglev 28640
monitoring 29600
acl-fw 8800
maglev 28800
maglev 28800
maglev 28800
nat-tcp-v4 27680
nat-tcp-v4 27680
monitoring 29760
maglev 28960
maglev 28960
maglev 28960
nat-tcp-v4 27840
nat-tcp-v4 27840
monitoring 29920
acl-fw 8960
maglev 29120
maglev 29120
maglev 29120
nat-tcp-v4 28000
nat-tcp-v4 28000
monitoring 30080
maglev 29280
maglev 29280
maglev 29280
monitoring 30240
nat-tcp-v4 28160
nat-tcp-v4 28160
acl-fw 9120
maglev 29440
maglev 29440
maglev 29440
monitoring 30400
nat-tcp-v4 28320
nat-tcp-v4 28320
maglev 29600
maglev 29600
maglev 29600
monitoring 30560
nat-tcp-v4 28480
nat-tcp-v4 28480
acl-fw 9280
maglev 29760
maglev 29760
maglev 29760
monitoring 30720
nat-tcp-v4 28640
nat-tcp-v4 28640
maglev 29920
maglev 29920
maglev 29920
monitoring 30880
nat-tcp-v4 28800
nat-tcp-v4 28800
maglev 30080
maglev 30080
maglev 30080
acl-fw 9440
monitoring 31040
nat-tcp-v4 28960
nat-tcp-v4 28960
maglev 30240
maglev 30240
maglev 30240
monitoring 31200
nat-tcp-v4 29120
nat-tcp-v4 29120
maglev 30400
maglev 30400
maglev 30400
acl-fw 9600
monitoring 31360
maglev 30560
maglev 30560
maglev 30560
nat-tcp-v4 29280
nat-tcp-v4 29280
monitoring 31520
ac restore done!
trying to open file /users/yangzhou/NFShield/data/ictf2010_100kflow.dat
opening succeeds
maglev 30720
maglev 30720
maglev 30720
nat-tcp-v4 29440
nat-tcp-v4 29440
acl-fw 9760
monitoring 31680
maglev 30880
maglev 30880
maglev 30880
nat-tcp-v4 29600
nat-tcp-v4 29600
monitoring 31840
maglev 31040
maglev 31040
maglev 31040
nat-tcp-v4 29760
nat-tcp-v4 29760
monitoring 32000
acl-fw 9920
maglev 31200
maglev 31200
maglev 31200
nat-tcp-v4 29920
nat-tcp-v4 29920
monitoring 32160
maglev 31360
maglev 31360
maglev 31360
nat-tcp-v4 30080
nat-tcp-v4 30080
monitoring 32320
acl-fw 10080
maglev 31520
maglev 31520
maglev 31520
monitoring 32480
nat-tcp-v4 30240
nat-tcp-v4 30240
maglev 31680
maglev 31680
maglev 31680
monitoring 32640
nat-tcp-v4 30400
nat-tcp-v4 30400
acl-fw 10240
maglev 31840
maglev 31840
maglev 31840
monitoring 32800
nat-tcp-v4 30560
nat-tcp-v4 30560
maglev 32000
maglev 32000
maglev 32000
monitoring 32960
nat-tcp-v4 30720
nat-tcp-v4 30720
maglev 32160
maglev 32160
maglev 32160
acl-fw 10400
monitoring 33120
nat-tcp-v4 30880
nat-tcp-v4 30880
maglev 32320
maglev 32320
maglev 32320
monitoring 33280
maglev 32480
maglev 32480
maglev 32480
nat-tcp-v4 31040
nat-tcp-v4 31040
acl-fw 10560
monitoring 33440
maglev 32640
maglev 32640
maglev 32640
nat-tcp-v4 31200
nat-tcp-v4 31200
monitoring 33600
maglev 32800
maglev 32800
maglev 32800
nat-tcp-v4 31360
nat-tcp-v4 31360
acl-fw 10720
monitoring 33760
maglev 32960
maglev 32960
maglev 32960
nat-tcp-v4 31520
nat-tcp-v4 31520
monitoring 33920
maglev 33120
maglev 33120
maglev 33120
nat-tcp-v4 31680
nat-tcp-v4 31680
acl-fw 10880
monitoring 34080
maglev 33280
maglev 33280
maglev 33280
nat-tcp-v4 31840
nat-tcp-v4 31840
monitoring 34240
maglev 33440
maglev 33440
maglev 33440
nat-tcp-v4 32000
nat-tcp-v4 32000
monitoring 34400
acl-fw 11040
maglev 33600
maglev 33600
maglev 33600
nat-tcp-v4 32160
nat-tcp-v4 32160
monitoring 34560
maglev 33760
maglev 33760
maglev 33760
monitoring 34720
nat-tcp-v4 32320
nat-tcp-v4 32320
acl-fw 11200
maglev 33920
maglev 33920
maglev 33920
monitoring 34880
nat-tcp-v4 32480
nat-tcp-v4 32480
maglev 34080
maglev 34080
maglev 34080
monitoring 35040
nat-tcp-v4 32640
nat-tcp-v4 32640
maglev 34240
maglev 34240
maglev 34240
acl-fw 11360
monitoring 35200
maglev 34400
maglev 34400
maglev 34400
nat-tcp-v4 32800
nat-tcp-v4 32800
monitoring 35360
maglev 34560
maglev 34560
maglev 34560
nat-tcp-v4 32960
nat-tcp-v4 32960
acl-fw 11520
monitoring 35520
maglev 34720
maglev 34720
maglev 34720
nat-tcp-v4 33120
nat-tcp-v4 33120
monitoring 35680
maglev 34880
maglev 34880
maglev 34880
nat-tcp-v4 33280
nat-tcp-v4 33280
acl-fw 11680
monitoring 35840
maglev 35040
maglev 35040
maglev 35040
nat-tcp-v4 33440
nat-tcp-v4 33440
monitoring 36000
maglev 35200
maglev 35200
maglev 35200
nat-tcp-v4 33600
nat-tcp-v4 33600
acl-fw 11840
monitoring 36160
maglev 35360
maglev 35360
maglev 35360
nat-tcp-v4 33760
nat-tcp-v4 33760
monitoring 36320
maglev 35520
maglev 35520
maglev 35520
nat-tcp-v4 33920
nat-tcp-v4 33920
acl-fw 12000
monitoring 36480
maglev 35680
maglev 35680
maglev 35680
nat-tcp-v4 34080
nat-tcp-v4 34080
monitoring 36640
maglev 35840
maglev 35840
maglev 35840
acl-fw 12160
monitoring 36800
nat-tcp-v4 34240
nat-tcp-v4 34240
maglev 36000
maglev 36000
maglev 36000
monitoring 36960
maglev 36160
maglev 36160
maglev 36160
nat-tcp-v4 34400
nat-tcp-v4 34400
monitoring 37120
maglev 36320
maglev 36320
maglev 36320
acl-fw 12320
nat-tcp-v4 34560
nat-tcp-v4 34560
monitoring 37280
maglev 36480
maglev 36480
maglev 36480
nat-tcp-v4 34720
nat-tcp-v4 34720
monitoring 37440
maglev 36640
maglev 36640
maglev 36640
acl-fw 12480
nat-tcp-v4 34880
nat-tcp-v4 34880
maglev 36800
maglev 36800
maglev 36800
monitoring 37600
nat-tcp-v4 35040
nat-tcp-v4 35040
maglev 36960
maglev 36960
maglev 36960
monitoring 37760
acl-fw 12640
nat-tcp-v4 35200
nat-tcp-v4 35200
maglev 37120
maglev 37120
maglev 37120
monitoring 37920
nat-tcp-v4 35360
nat-tcp-v4 35360
maglev 37280
maglev 37280
maglev 37280
monitoring 38080
acl-fw 12800
nat-tcp-v4 35520
nat-tcp-v4 35520
maglev 37440
maglev 37440
maglev 37440
monitoring 38240
nat-tcp-v4 35680
nat-tcp-v4 35680
maglev 37600
maglev 37600
maglev 37600
monitoring 38400
acl-fw 12960
nat-tcp-v4 35840
nat-tcp-v4 35840
maglev 37760
maglev 37760
maglev 37760
monitoring 38560
nat-tcp-v4 36000
nat-tcp-v4 36000
maglev 37920
maglev 37920
maglev 37920
monitoring 38720
acl-fw 13120
maglev 38080
maglev 38080
maglev 38080
nat-tcp-v4 36160
nat-tcp-v4 36160
monitoring 38880
maglev 38240
maglev 38240
maglev 38240
monitoring 39040
nat-tcp-v4 36320
nat-tcp-v4 36320
maglev 38400
maglev 38400
maglev 38400
acl-fw 13280
monitoring 39200
nat-tcp-v4 36480
nat-tcp-v4 36480
maglev 38560
maglev 38560
maglev 38560
monitoring 39360
nat-tcp-v4 36640
nat-tcp-v4 36640
maglev 38720
maglev 38720
maglev 38720
monitoring 39520
acl-fw 13440
nat-tcp-v4 36800
nat-tcp-v4 36800
maglev 38880
maglev 38880
maglev 38880
monitoring 39680
nat-tcp-v4 36960
nat-tcp-v4 36960
maglev 39040
maglev 39040
maglev 39040
monitoring 39840
acl-fw 13600
nat-tcp-v4 37120
nat-tcp-v4 37120
maglev 39200
maglev 39200
maglev 39200
monitoring 40000
nat-tcp-v4 37280
nat-tcp-v4 37280
maglev 39360
maglev 39360
maglev 39360
monitoring 40160
acl-fw 13760
nat-tcp-v4 37440
nat-tcp-v4 37440
maglev 39520
maglev 39520
maglev 39520
monitoring 40320
nat-tcp-v4 37600
nat-tcp-v4 37600
maglev 39680
maglev 39680
maglev 39680
monitoring 40480
acl-fw 13920
maglev 39840
maglev 39840
maglev 39840
nat-tcp-v4 37760
nat-tcp-v4 37760
monitoring 40640
maglev 40000
maglev 40000
maglev 40000
nat-tcp-v4 37920
nat-tcp-v4 37920
monitoring 40800
acl-fw 14080
maglev 40160
maglev 40160
maglev 40160
nat-tcp-v4 38080
nat-tcp-v4 38080
monitoring 40960
maglev 40320
maglev 40320
maglev 40320
monitoring 41120
nat-tcp-v4 38240
nat-tcp-v4 38240
maglev 40480
maglev 40480
maglev 40480
acl-fw 14240
Reading pkt trace done!
average pkt size = 607.274170
monitoring 41280
nat-tcp-v4 38400
nat-tcp-v4 38400
maglev 40640
maglev 40640
maglev 40640
monitoring 41440
nat-tcp-v4 38560
nat-tcp-v4 38560
dpi 160
maglev 40800
maglev 40800
maglev 40800
acl-fw 14400
monitoring 41600
nat-tcp-v4 38720
nat-tcp-v4 38720
maglev 40960
maglev 40960
maglev 40960
monitoring 41760
dpi 320
nat-tcp-v4 38880
nat-tcp-v4 38880
maglev 41120
maglev 41120
maglev 41120
acl-fw 14560
monitoring 41920
nat-tcp-v4 39040
nat-tcp-v4 39040
maglev 41280
maglev 41280
maglev 41280
dpi 480
monitoring 42080
nat-tcp-v4 39200
nat-tcp-v4 39200
maglev 41440
maglev 41440
maglev 41440
monitoring 42240
acl-fw 14720
dpi 640
nat-tcp-v4 39360
nat-tcp-v4 39360
maglev 41600
maglev 41600
maglev 41600
monitoring 42400
maglev 41760
maglev 41760
maglev 41760
nat-tcp-v4 39520
nat-tcp-v4 39520
monitoring 42560
dpi 800
acl-fw 14880
maglev 41920
maglev 41920
maglev 41920
nat-tcp-v4 39680
nat-tcp-v4 39680
monitoring 42720
maglev 42080
maglev 42080
maglev 42080
nat-tcp-v4 39840
nat-tcp-v4 39840
dpi 960
monitoring 42880
acl-fw 15040
maglev 42240
maglev 42240
maglev 42240
nat-tcp-v4 40000
nat-tcp-v4 40000
monitoring 43040
dpi 1120
maglev 42400
maglev 42400
maglev 42400
nat-tcp-v4 40160
nat-tcp-v4 40160
monitoring 43200
maglev 42560
maglev 42560
maglev 42560
acl-fw 15200
nat-tcp-v4 40320
nat-tcp-v4 40320
monitoring 43360
dpi 1280
maglev 42720
maglev 42720
maglev 42720
monitoring 43520
nat-tcp-v4 40480
nat-tcp-v4 40480
maglev 42880
maglev 42880
maglev 42880
acl-fw 15360
dpi 1440
monitoring 43680
nat-tcp-v4 40640
nat-tcp-v4 40640
maglev 43040
maglev 43040
maglev 43040
monitoring 43840
nat-tcp-v4 40800
nat-tcp-v4 40800
maglev 43200
maglev 43200
maglev 43200
dpi 1600
acl-fw 15520
monitoring 44000
nat-tcp-v4 40960
nat-tcp-v4 40960
maglev 43360
maglev 43360
maglev 43360
monitoring 44160
dpi 1760
nat-tcp-v4 41120
nat-tcp-v4 41120
maglev 43520
maglev 43520
maglev 43520
monitoring 44320
acl-fw 15680
maglev 43680
maglev 43680
maglev 43680
nat-tcp-v4 41280
nat-tcp-v4 41280
dpi 1920
monitoring 44480
maglev 43840
maglev 43840
maglev 43840
nat-tcp-v4 41440
nat-tcp-v4 41440
monitoring 44640
acl-fw 15840
dpi 2080
maglev 44000
maglev 44000
maglev 44000
nat-tcp-v4 41600
nat-tcp-v4 41600
monitoring 44800
maglev 44160
maglev 44160
maglev 44160
nat-tcp-v4 41760
nat-tcp-v4 41760
dpi 2240
monitoring 44960
acl-fw 16000
maglev 44320
maglev 44320
maglev 44320
nat-tcp-v4 41920
nat-tcp-v4 41920
monitoring 45120
maglev 44480
maglev 44480
maglev 44480
dpi 2400
nat-tcp-v4 42080
nat-tcp-v4 42080
monitoring 45280
maglev 44640
maglev 44640
maglev 44640
acl-fw 16160
monitoring 45440
nat-tcp-v4 42240
nat-tcp-v4 42240
dpi 2560
maglev 44800
maglev 44800
maglev 44800
monitoring 45600
nat-tcp-v4 42400
nat-tcp-v4 42400
maglev 44960
maglev 44960
maglev 44960
acl-fw 16320
dpi 2720
monitoring 45760
nat-tcp-v4 42560
nat-tcp-v4 42560
maglev 45120
maglev 45120
maglev 45120
monitoring 45920
maglev 45280
maglev 45280
maglev 45280
nat-tcp-v4 42720
nat-tcp-v4 42720
dpi 2880
acl-fw 16480
monitoring 46080
maglev 45440
maglev 45440
maglev 45440
nat-tcp-v4 42880
nat-tcp-v4 42880
monitoring 46240
maglev 45600
maglev 45600
maglev 45600
dpi 3040
nat-tcp-v4 43040
nat-tcp-v4 43040
acl-fw 16640
monitoring 46400
maglev 45760
maglev 45760
maglev 45760
nat-tcp-v4 43200
nat-tcp-v4 43200
dpi 3200
monitoring 46560
maglev 45920
maglev 45920
maglev 45920
nat-tcp-v4 43360
nat-tcp-v4 43360
acl-fw 16800
monitoring 46720
maglev 46080
maglev 46080
maglev 46080
dpi 3360
nat-tcp-v4 43520
nat-tcp-v4 43520
monitoring 46880
maglev 46240
maglev 46240
maglev 46240
nat-tcp-v4 43680
nat-tcp-v4 43680
monitoring 47040
acl-fw 16960
maglev 46400
maglev 46400
maglev 46400
dpi 3520
nat-tcp-v4 43840
nat-tcp-v4 43840
monitoring 47200
maglev 46560
maglev 46560
maglev 46560
nat-tcp-v4 44000
nat-tcp-v4 44000
dpi 3680
monitoring 47360
maglev 46720
maglev 46720
maglev 46720
acl-fw 17120
nat-tcp-v4 44160
nat-tcp-v4 44160
monitoring 47520
maglev 46880
maglev 46880
maglev 46880
dpi 3840
monitoring 47680
nat-tcp-v4 44320
nat-tcp-v4 44320
maglev 47040
maglev 47040
maglev 47040
acl-fw 17280
monitoring 47840
maglev 47200
maglev 47200
maglev 47200
nat-tcp-v4 44480
nat-tcp-v4 44480
dpi 4000
monitoring 48000
maglev 47360
maglev 47360
maglev 47360
nat-tcp-v4 44640
nat-tcp-v4 44640
acl-fw 17440
dpi 4160
monitoring 48160
maglev 47520
maglev 47520
maglev 47520
nat-tcp-v4 44800
nat-tcp-v4 44800
monitoring 48320
maglev 47680
maglev 47680
maglev 47680
dpi 4320
nat-tcp-v4 44960
nat-tcp-v4 44960
acl-fw 17600
monitoring 48480
maglev 47840
maglev 47840
maglev 47840
nat-tcp-v4 45120
nat-tcp-v4 45120
dpi 4480
monitoring 48640
maglev 48000
maglev 48000
maglev 48000
nat-tcp-v4 45280
nat-tcp-v4 45280
acl-fw 17760
monitoring 48800
maglev 48160
maglev 48160
maglev 48160
dpi 4640
nat-tcp-v4 45440
nat-tcp-v4 45440
maglev 48320
maglev 48320
maglev 48320
monitoring 48960
nat-tcp-v4 45600
nat-tcp-v4 45600
acl-fw 17920
maglev 48480
maglev 48480
maglev 48480
monitoring 49120
dpi 4800
nat-tcp-v4 45760
nat-tcp-v4 45760
maglev 48640
maglev 48640
maglev 48640
monitoring 49280
dpi 4960
nat-tcp-v4 45920
nat-tcp-v4 45920
maglev 48800
maglev 48800
maglev 48800
monitoring 49440
acl-fw 18080
maglev 48960
maglev 48960
maglev 48960
nat-tcp-v4 46080
nat-tcp-v4 46080
monitoring 49600
dpi 5120
maglev 49120
maglev 49120
maglev 49120
monitoring 49760
nat-tcp-v4 46240
nat-tcp-v4 46240
acl-fw 18240
maglev 49280
maglev 49280
maglev 49280
monitoring 49920
nat-tcp-v4 46400
nat-tcp-v4 46400
dpi 5280
maglev 49440
maglev 49440
maglev 49440
monitoring 50080
nat-tcp-v4 46560
nat-tcp-v4 46560
acl-fw 18400
dpi 5440
maglev 49600
maglev 49600
maglev 49600
monitoring 50240
nat-tcp-v4 46720
nat-tcp-v4 46720
maglev 49760
maglev 49760
maglev 49760
monitoring 50400
dpi 5600
nat-tcp-v4 46880
nat-tcp-v4 46880
acl-fw 18560
maglev 49920
maglev 49920
maglev 49920
monitoring 50560
nat-tcp-v4 47040
nat-tcp-v4 47040
maglev 50080
maglev 50080
maglev 50080
monitoring 50720
dpi 5760
nat-tcp-v4 47200
nat-tcp-v4 47200
acl-fw 18720
maglev 50240
maglev 50240
maglev 50240
monitoring 50880
nat-tcp-v4 47360
nat-tcp-v4 47360
dpi 5920
maglev 50400
maglev 50400
maglev 50400
monitoring 51040
nat-tcp-v4 47520
nat-tcp-v4 47520
acl-fw 18880
maglev 50560
maglev 50560
maglev 50560
monitoring 51200
dpi 6080
maglev 50720
maglev 50720
maglev 50720
nat-tcp-v4 47680
nat-tcp-v4 47680
monitoring 51360
maglev 50880
maglev 50880
maglev 50880
acl-fw 19040
nat-tcp-v4 47840
nat-tcp-v4 47840
dpi 6240
monitoring 51520
maglev 51040
maglev 51040
maglev 51040
nat-tcp-v4 48000
nat-tcp-v4 48000
monitoring 51680
dpi 6400
maglev 51200
maglev 51200
maglev 51200
acl-fw 19200
nat-tcp-v4 48160
nat-tcp-v4 48160
monitoring 51840
maglev 51360
maglev 51360
maglev 51360
monitoring 52000
nat-tcp-v4 48320
nat-tcp-v4 48320
dpi 6560
maglev 51520
maglev 51520
maglev 51520
monitoring 52160
acl-fw 19360
nat-tcp-v4 48480
nat-tcp-v4 48480
maglev 51680
maglev 51680
maglev 51680
dpi 6720
monitoring 52320
nat-tcp-v4 48640
nat-tcp-v4 48640
maglev 51840
maglev 51840
maglev 51840
monitoring 52480
acl-fw 19520
nat-tcp-v4 48800
nat-tcp-v4 48800
dpi 6880
maglev 52000
maglev 52000
maglev 52000
monitoring 52640
nat-tcp-v4 48960
nat-tcp-v4 48960
maglev 52160
maglev 52160
maglev 52160
monitoring 52800
dpi 7040
acl-fw 19680
nat-tcp-v4 49120
nat-tcp-v4 49120
maglev 52320
maglev 52320
maglev 52320
monitoring 52960
nat-tcp-v4 49280
nat-tcp-v4 49280
maglev 52480
maglev 52480
maglev 52480
dpi 7200
monitoring 53120
acl-fw 19840
maglev 52640
maglev 52640
maglev 52640
nat-tcp-v4 49440
nat-tcp-v4 49440
monitoring 53280
dpi 7360
maglev 52800
maglev 52800
maglev 52800
nat-tcp-v4 49600
nat-tcp-v4 49600
monitoring 53440
maglev 52960
maglev 52960
maglev 52960
acl-fw 20000
nat-tcp-v4 49760
nat-tcp-v4 49760
dpi 7520
monitoring 53600
maglev 53120
maglev 53120
maglev 53120
nat-tcp-v4 49920
nat-tcp-v4 49920
monitoring 53760
dpi 7680
maglev 53280
maglev 53280
maglev 53280
acl-fw 20160
nat-tcp-v4 50080
nat-tcp-v4 50080
monitoring 53920
maglev 53440
maglev 53440
maglev 53440
monitoring 54080
nat-tcp-v4 50240
nat-tcp-v4 50240
dpi 7840
maglev 53600
maglev 53600
maglev 53600
acl-fw 20320
monitoring 54240
nat-tcp-v4 50400
nat-tcp-v4 50400
maglev 53760
maglev 53760
maglev 53760
dpi 8000
monitoring 54400
nat-tcp-v4 50560
nat-tcp-v4 50560
maglev 53920
maglev 53920
maglev 53920
monitoring 54560
acl-fw 20480
nat-tcp-v4 50720
nat-tcp-v4 50720
dpi 8160
maglev 54080
maglev 54080
maglev 54080
monitoring 54720
nat-tcp-v4 50880
nat-tcp-v4 50880
maglev 54240
maglev 54240
maglev 54240
monitoring 54880
dpi 8320
acl-fw 20640
maglev 54400
maglev 54400
maglev 54400
nat-tcp-v4 51040
nat-tcp-v4 51040
monitoring 55040
maglev 54560
maglev 54560
maglev 54560
nat-tcp-v4 51200
nat-tcp-v4 51200
dpi 8480
monitoring 55200
acl-fw 20800
maglev 54720
maglev 54720
maglev 54720
nat-tcp-v4 51360
nat-tcp-v4 51360
monitoring 55360
dpi 8640
maglev 54880
maglev 54880
maglev 54880
nat-tcp-v4 51520
nat-tcp-v4 51520
monitoring 55520
maglev 55040
maglev 55040
maglev 55040
acl-fw 20960
nat-tcp-v4 51680
nat-tcp-v4 51680
dpi 8800
monitoring 55680
maglev 55200
maglev 55200
maglev 55200
nat-tcp-v4 51840
nat-tcp-v4 51840
monitoring 55840
maglev 55360
maglev 55360
maglev 55360
dpi 8960
acl-fw 21120
monitoring 56000
nat-tcp-v4 52000
nat-tcp-v4 52000
maglev 55520
maglev 55520
maglev 55520
monitoring 56160
nat-tcp-v4 52160
nat-tcp-v4 52160
dpi 9120
maglev 55680
maglev 55680
maglev 55680
acl-fw 21280
monitoring 56320
nat-tcp-v4 52320
nat-tcp-v4 52320
maglev 55840
maglev 55840
maglev 55840
dpi 9280
monitoring 56480
nat-tcp-v4 52480
nat-tcp-v4 52480
maglev 56000
maglev 56000
maglev 56000
acl-fw 21440
monitoring 56640
maglev 56160
maglev 56160
maglev 56160
nat-tcp-v4 52640
nat-tcp-v4 52640
dpi 9440
monitoring 56800
maglev 56320
maglev 56320
maglev 56320
nat-tcp-v4 52800
nat-tcp-v4 52800
acl-fw 21600
monitoring 56960
dpi 9600
maglev 56480
maglev 56480
maglev 56480
nat-tcp-v4 52960
nat-tcp-v4 52960
monitoring 57120
maglev 56640
maglev 56640
maglev 56640
nat-tcp-v4 53120
nat-tcp-v4 53120
dpi 9760
monitoring 57280
acl-fw 21760
maglev 56800
maglev 56800
maglev 56800
nat-tcp-v4 53280
nat-tcp-v4 53280
monitoring 57440
maglev 56960
maglev 56960
maglev 56960
dpi 9920
nat-tcp-v4 53440
nat-tcp-v4 53440
monitoring 57600
maglev 57120
maglev 57120
maglev 57120
acl-fw 21920
nat-tcp-v4 53600
nat-tcp-v4 53600
monitoring 57760
dpi 10080
maglev 57280
maglev 57280
maglev 57280
nat-tcp-v4 53760
nat-tcp-v4 53760
monitoring 57920
maglev 57440
maglev 57440
maglev 57440
acl-fw 22080
dpi 10240
monitoring 58080
nat-tcp-v4 53920
nat-tcp-v4 53920
maglev 57600
maglev 57600
maglev 57600
monitoring 58240
nat-tcp-v4 54080
nat-tcp-v4 54080
maglev 57760
maglev 57760
maglev 57760
dpi 10400
acl-fw 22240
monitoring 58400
maglev 57920
maglev 57920
maglev 57920
nat-tcp-v4 54240
nat-tcp-v4 54240
monitoring 58560
maglev 58080
maglev 58080
maglev 58080
dpi 10560
nat-tcp-v4 54400
nat-tcp-v4 54400
acl-fw 22400
monitoring 58720
maglev 58240
maglev 58240
maglev 58240
nat-tcp-v4 54560
nat-tcp-v4 54560
dpi 10720
monitoring 58880
maglev 58400
maglev 58400
maglev 58400
nat-tcp-v4 54720
nat-tcp-v4 54720
acl-fw 22560
monitoring 59040
maglev 58560
maglev 58560
maglev 58560
dpi 10880
nat-tcp-v4 54880
nat-tcp-v4 54880
monitoring 59200
maglev 58720
maglev 58720
maglev 58720
nat-tcp-v4 55040
nat-tcp-v4 55040
acl-fw 22720
monitoring 59360
maglev 58880
maglev 58880
maglev 58880
dpi 11040
nat-tcp-v4 55200
nat-tcp-v4 55200
monitoring 59520
maglev 59040
maglev 59040
maglev 59040
nat-tcp-v4 55360
nat-tcp-v4 55360
dpi 11200
monitoring 59680
maglev 59200
maglev 59200
maglev 59200
acl-fw 22880
nat-tcp-v4 55520
nat-tcp-v4 55520
monitoring 59840
maglev 59360
maglev 59360
maglev 59360
dpi 11360
nat-tcp-v4 55680
nat-tcp-v4 55680
monitoring 60000
maglev 59520
maglev 59520
maglev 59520
acl-fw 23040
monitoring 60160
maglev 59680
maglev 59680
maglev 59680
nat-tcp-v4 55840
nat-tcp-v4 55840
dpi 11520
monitoring 60320
maglev 59840
maglev 59840
maglev 59840
nat-tcp-v4 56000
nat-tcp-v4 56000
acl-fw 23200
dpi 11680
maglev 60000
maglev 60000
maglev 60000
monitoring 60480
nat-tcp-v4 56160
nat-tcp-v4 56160
maglev 60160
maglev 60160
maglev 60160
monitoring 60640
nat-tcp-v4 56320
nat-tcp-v4 56320
dpi 11840
acl-fw 23360
maglev 60320
maglev 60320
maglev 60320
monitoring 60800
nat-tcp-v4 56480
nat-tcp-v4 56480
maglev 60480
maglev 60480
maglev 60480
monitoring 60960
dpi 12000
nat-tcp-v4 56640
nat-tcp-v4 56640
acl-fw 23520
maglev 60640
maglev 60640
maglev 60640
monitoring 61120
nat-tcp-v4 56800
nat-tcp-v4 56800
dpi 12160
maglev 60800
maglev 60800
maglev 60800
monitoring 61280
nat-tcp-v4 56960
nat-tcp-v4 56960
acl-fw 23680
maglev 60960
maglev 60960
maglev 60960
monitoring 61440
dpi 12320
nat-tcp-v4 57120
nat-tcp-v4 57120
maglev 61120
maglev 61120
maglev 61120
monitoring 61600
nat-tcp-v4 57280
nat-tcp-v4 57280
maglev 61280
maglev 61280
maglev 61280
acl-fw 23840
dpi 12480
monitoring 61760
maglev 61440
maglev 61440
maglev 61440
nat-tcp-v4 57440
nat-tcp-v4 57440
monitoring 61920
dpi 12640
maglev 61600
maglev 61600
maglev 61600
nat-tcp-v4 57600
nat-tcp-v4 57600
monitoring 62080
acl-fw 24000
maglev 61760
maglev 61760
maglev 61760
monitoring 62240
nat-tcp-v4 57760
nat-tcp-v4 57760
dpi 12800
maglev 61920
maglev 61920
maglev 61920
monitoring 62400
nat-tcp-v4 57920
nat-tcp-v4 57920
acl-fw 24160
maglev 62080
maglev 62080
maglev 62080
dpi 12960
monitoring 62560
nat-tcp-v4 58080
nat-tcp-v4 58080
maglev 62240
maglev 62240
maglev 62240
monitoring 62720
acl-fw 24320
nat-tcp-v4 58240
nat-tcp-v4 58240
dpi 13120
maglev 62400
maglev 62400
maglev 62400
monitoring 62880
nat-tcp-v4 58400
nat-tcp-v4 58400
maglev 62560
maglev 62560
maglev 62560
monitoring 63040
dpi 13280
acl-fw 24480
nat-tcp-v4 58560
nat-tcp-v4 58560
maglev 62720
maglev 62720
maglev 62720
monitoring 63200
nat-tcp-v4 58720
nat-tcp-v4 58720
maglev 62880
maglev 62880
maglev 62880
dpi 13440
monitoring 63360
acl-fw 24640
nat-tcp-v4 58880
nat-tcp-v4 58880
maglev 63040
maglev 63040
maglev 63040
monitoring 63520
dpi 13600
maglev 63200
maglev 63200
maglev 63200
nat-tcp-v4 59040
nat-tcp-v4 59040
monitoring 63680
maglev 63360
maglev 63360
maglev 63360
acl-fw 24800
nat-tcp-v4 59200
nat-tcp-v4 59200
monitoring 63840
dpi 13760
maglev 63520
maglev 63520
maglev 63520
nat-tcp-v4 59360
nat-tcp-v4 59360
monitoring 64000
maglev 63680
maglev 63680
maglev 63680
acl-fw 24960
dpi 13920
monitoring 64160
nat-tcp-v4 59520
nat-tcp-v4 59520
maglev 63840
maglev 63840
maglev 63840
monitoring 64320
nat-tcp-v4 59680
nat-tcp-v4 59680
dpi 14080
maglev 64000
maglev 64000
maglev 64000
monitoring 64480
acl-fw 25120
nat-tcp-v4 59840
nat-tcp-v4 59840
maglev 64160
maglev 64160
maglev 64160
monitoring 64640
dpi 14240
nat-tcp-v4 60000
nat-tcp-v4 60000
maglev 64320
maglev 64320
maglev 64320
monitoring 64800
acl-fw 25280
nat-tcp-v4 60160
nat-tcp-v4 60160
maglev 64480
maglev 64480
maglev 64480
dpi 14400
monitoring 64960
nat-tcp-v4 60320
nat-tcp-v4 60320
maglev 64640
maglev 64640
maglev 64640
monitoring 65120
acl-fw 25440
nat-tcp-v4 60480
nat-tcp-v4 60480
maglev 64800
maglev 64800
maglev 64800
dpi 14560
monitoring 65280
maglev 64960
maglev 64960
maglev 64960
nat-tcp-v4 60640
nat-tcp-v4 60640
monitoring 65440
dpi 14720
acl-fw 25600
maglev 65120
maglev 65120
maglev 65120
nat-tcp-v4 60800
nat-tcp-v4 60800
monitoring 65600
maglev 65280
maglev 65280
maglev 65280
nat-tcp-v4 60960
nat-tcp-v4 60960
dpi 14880
monitoring 65760
maglev 65440
maglev 65440
maglev 65440
acl-fw 25760
nat-tcp-v4 61120
nat-tcp-v4 61120
monitoring 65920
dpi 15040
maglev 65600
maglev 65600
maglev 65600
nat-tcp-v4 61280
nat-tcp-v4 61280
monitoring 66080
maglev 65760
maglev 65760
maglev 65760
acl-fw 25920
monitoring 66240
nat-tcp-v4 61440
nat-tcp-v4 61440
dpi 15200
maglev 65920
maglev 65920
maglev 65920
monitoring 66400
nat-tcp-v4 61600
nat-tcp-v4 61600
maglev 66080
maglev 66080
maglev 66080
acl-fw 26080
dpi 15360
monitoring 66560
nat-tcp-v4 61760
nat-tcp-v4 61760
maglev 66240
maglev 66240
maglev 66240
monitoring 66720
nat-tcp-v4 61920
nat-tcp-v4 61920
maglev 66400
maglev 66400
maglev 66400
dpi 15520
acl-fw 26240
monitoring 66880
nat-tcp-v4 62080
nat-tcp-v4 62080
maglev 66560
maglev 66560
maglev 66560
monitoring 67040
dpi 15680
maglev 66720
maglev 66720
maglev 66720
nat-tcp-v4 62240
nat-tcp-v4 62240
monitoring 67200
acl-fw 26400
maglev 66880
maglev 66880
maglev 66880
nat-tcp-v4 62400
nat-tcp-v4 62400
monitoring 67360
dpi 15840
maglev 67040
maglev 67040
maglev 67040
nat-tcp-v4 62560
nat-tcp-v4 62560
monitoring 67520
acl-fw 26560
maglev 67200
maglev 67200
maglev 67200
dpi 16000
nat-tcp-v4 62720
nat-tcp-v4 62720
monitoring 67680
maglev 67360
maglev 67360
maglev 67360
nat-tcp-v4 62880
nat-tcp-v4 62880
monitoring 67840
maglev 67520
maglev 67520
maglev 67520
dpi 16160
acl-fw 26720
nat-tcp-v4 63040
nat-tcp-v4 63040
monitoring 68000
maglev 67680
maglev 67680
maglev 67680
nat-tcp-v4 63200
nat-tcp-v4 63200
dpi 16320
monitoring 68160
maglev 67840
maglev 67840
maglev 67840
acl-fw 26880
monitoring 68320
nat-tcp-v4 63360
nat-tcp-v4 63360
maglev 68000
maglev 68000
maglev 68000
dpi 16480
monitoring 68480
nat-tcp-v4 63520
nat-tcp-v4 63520
maglev 68160
maglev 68160
maglev 68160
acl-fw 27040
monitoring 68640
nat-tcp-v4 63680
nat-tcp-v4 63680
maglev 68320
maglev 68320
maglev 68320
dpi 16640
monitoring 68800
maglev 68480
maglev 68480
maglev 68480
nat-tcp-v4 63840
nat-tcp-v4 63840
acl-fw 27200
dpi 16800
monitoring 68960
maglev 68640
maglev 68640
maglev 68640
nat-tcp-v4 64000
nat-tcp-v4 64000
monitoring 69120
maglev 68800
maglev 68800
maglev 68800
nat-tcp-v4 64160
nat-tcp-v4 64160
dpi 16960
acl-fw 27360
monitoring 69280
maglev 68960
maglev 68960
maglev 68960
nat-tcp-v4 64320
nat-tcp-v4 64320
monitoring 69440
dpi 17120
maglev 69120
maglev 69120
maglev 69120
nat-tcp-v4 64480
nat-tcp-v4 64480
monitoring 69600
acl-fw 27520
maglev 69280
maglev 69280
maglev 69280
nat-tcp-v4 64640
nat-tcp-v4 64640
dpi 17280
monitoring 69760
maglev 69440
maglev 69440
maglev 69440
nat-tcp-v4 64800
nat-tcp-v4 64800
monitoring 69920
maglev 69600
maglev 69600
maglev 69600
acl-fw 27680
dpi 17440
nat-tcp-v4 64960
nat-tcp-v4 64960
monitoring 70080
maglev 69760
maglev 69760
maglev 69760
nat-tcp-v4 65120
nat-tcp-v4 65120
monitoring 70240
dpi 17600
maglev 69920
maglev 69920
maglev 69920
acl-fw 27840
monitoring 70400
nat-tcp-v4 65280
nat-tcp-v4 65280
maglev 70080
maglev 70080
maglev 70080
dpi 17760
monitoring 70560
maglev 70240
maglev 70240
maglev 70240
nat-tcp-v4 65440
nat-tcp-v4 65440
acl-fw 28000
monitoring 70720
maglev 70400
maglev 70400
maglev 70400
dpi 17920
nat-tcp-v4 65600
nat-tcp-v4 65600
monitoring 70880
maglev 70560
maglev 70560
maglev 70560
nat-tcp-v4 65760
nat-tcp-v4 65760
acl-fw 28160
dpi 18080
monitoring 71040
maglev 70720
maglev 70720
maglev 70720
nat-tcp-v4 65920
nat-tcp-v4 65920
monitoring 71200
maglev 70880
maglev 70880
maglev 70880
nat-tcp-v4 66080
nat-tcp-v4 66080
dpi 18240
acl-fw 28320
monitoring 71360
maglev 71040
maglev 71040
maglev 71040
nat-tcp-v4 66240
nat-tcp-v4 66240
monitoring 71520
maglev 71200
maglev 71200
maglev 71200
nat-tcp-v4 66400
nat-tcp-v4 66400
dpi 18400
acl-fw 28480
monitoring 71680
maglev 71360
maglev 71360
maglev 71360
nat-tcp-v4 66560
nat-tcp-v4 66560
monitoring 71840
maglev 71520
maglev 71520
maglev 71520
dpi 18560
nat-tcp-v4 66720
nat-tcp-v4 66720
maglev 71680
maglev 71680
maglev 71680
monitoring 72000
acl-fw 28640
nat-tcp-v4 66880
nat-tcp-v4 66880
dpi 18720
maglev 71840
maglev 71840
maglev 71840
monitoring 72160
nat-tcp-v4 67040
nat-tcp-v4 67040
maglev 72000
maglev 72000
maglev 72000
monitoring 72320
acl-fw 28800
nat-tcp-v4 67200
nat-tcp-v4 67200
dpi 18880
maglev 72160
maglev 72160
maglev 72160
monitoring 72480
nat-tcp-v4 67360
nat-tcp-v4 67360
maglev 72320
maglev 72320
maglev 72320
monitoring 72640
dpi 19040
acl-fw 28960
nat-tcp-v4 67520
nat-tcp-v4 67520
maglev 72480
maglev 72480
maglev 72480
monitoring 72800
nat-tcp-v4 67680
nat-tcp-v4 67680
dpi 19200
maglev 72640
maglev 72640
maglev 72640
monitoring 72960
nat-tcp-v4 67840
nat-tcp-v4 67840
acl-fw 29120
maglev 72800
maglev 72800
maglev 72800
monitoring 73120
nat-tcp-v4 68000
nat-tcp-v4 68000
dpi 19360
a thread in cpu6 reached the max instruction count @ 512609202888
maglev 72960
maglev 72960
maglev 72960
monitoring 73280
nat-tcp-v4 68160
nat-tcp-v4 68160
acl-fw 29280
maglev 73120
maglev 73120
maglev 73120
monitoring 73440
dpi 19520
nat-tcp-v4 68320
nat-tcp-v4 68320
maglev 73280
maglev 73280
maglev 73280
monitoring 73600
nat-tcp-v4 68480
nat-tcp-v4 68480
acl-fw 29440
dpi 19680
maglev 73440
maglev 73440
maglev 73440
monitoring 73760
nat-tcp-v4 68640
nat-tcp-v4 68640
maglev 73600
maglev 73600
maglev 73600
monitoring 73920
nat-tcp-v4 68800
nat-tcp-v4 68800
dpi 19840
maglev 73760
maglev 73760
maglev 73760
acl-fw 29600
monitoring 74080
nat-tcp-v4 68960
nat-tcp-v4 68960
maglev 73920
maglev 73920
maglev 73920
dpi 20000
monitoring 74240
nat-tcp-v4 69120
nat-tcp-v4 69120
maglev 74080
maglev 74080
maglev 74080
acl-fw 29760
monitoring 74400
nat-tcp-v4 69280
nat-tcp-v4 69280
dpi 20160
maglev 74240
maglev 74240
maglev 74240
monitoring 74560
nat-tcp-v4 69440
nat-tcp-v4 69440
maglev 74400
maglev 74400
maglev 74400
monitoring 74720
acl-fw 29920
dpi 20320
nat-tcp-v4 69600
nat-tcp-v4 69600
maglev 74560
maglev 74560
maglev 74560
monitoring 74880
nat-tcp-v4 69760
nat-tcp-v4 69760
maglev 74720
maglev 74720
maglev 74720
dpi 20480
monitoring 75040
acl-fw 30080
nat-tcp-v4 69920
nat-tcp-v4 69920
maglev 74880
maglev 74880
maglev 74880
monitoring 75200
a thread in cpu1 reached the max instruction count @ 524827593537
a thread in cpu7 reached the max instruction count @ 524827593537
nat-tcp-v4 70080
nat-tcp-v4 70080
dpi 20640
maglev 75040
maglev 75040
maglev 75040
monitoring 75360
acl-fw 30240
nat-tcp-v4 70240
nat-tcp-v4 70240
maglev 75200
maglev 75200
maglev 75200
monitoring 75520
dpi 20800
nat-tcp-v4 70400
nat-tcp-v4 70400
a thread in cpu0 reached the max instruction count @ 527102062908
Switched CPUS @ tick 527102062908
Changing memory mode to timing
switching cpus
**** REAL SIMULATION ****
info: Entering event queue @ 527102062908.  Starting simulation...
maglev 75360
maglev 75360
maglev 75360
monitoring 75680
nat-tcp-v4 70560
nat-tcp-v4 70560
acl-fw 30400
maglev 75520
maglev 75520
maglev 75520
monitoring 75840
dpi 20960
nat-tcp-v4 70720
nat-tcp-v4 70720
maglev 75680
maglev 75680
maglev 75680
monitoring 76000
acl-fw 30560
nat-tcp-v4 70880
nat-tcp-v4 70880
maglev 75840
maglev 75840
maglev 75840
monitoring 76160
dpi 21120
maglev 76000
maglev 76000
maglev 76000
nat-tcp-v4 71040
nat-tcp-v4 71040
monitoring 76320
a thread in cpu6 reached the max instruction count @ 536940785928
maglev 76160
maglev 76160
maglev 76160
acl-fw 30720
a thread in cpu4 reached the max instruction count @ 537714962274
a thread in cpu2 reached the max instruction count @ 537722536245
a thread in cpu3 reached the max instruction count @ 537733886985
nat-tcp-v4 71200
nat-tcp-v4 71200
Exiting @ tick 538105027410 because a thread in cpu0 reached the max instruction count
