gem5 Simulator System.  http://gem5.org
gem5 is copyrighted software; use the --copyright option for details.

gem5 compiled Jan 22 2020 23:32:40
gem5 started Jan 22 2020 23:34:09
gem5 executing on node-1.yangzhou-qv63200.lambda-mpi-pg0.clemson.cloudlab.us, pid 104102
command line: build/ARM/gem5.fast --remote-gdb-port=0 --outdir=/users/yangzhou/gem5/sgx_nic/m5out/TimingSimpleCPU_acl-fw.maglev_4MB --stats-file=TimingSimpleCPU_acl-fw.maglev_4MB_stats.txt configs/example/se_nic.py --interp-dir /usr/aarch64-linux-gnu --redirects /lib=/usr/aarch64-linux-gnu/lib -c 'acl-fw;maglev' --cpu-type=TimingSimpleCPU --cpu-clock=2.4GHz --asic-clock=0.56GHz --cacheline_size=128 --caches --l2cache --l2_size=4MB --l2_assoc=16 --mem-size=128GB --mem-type=DDR3_1600_8x8 --mem-channels=2 --mem-ranks=2 --fast-forward=2000000000 --rel-max-tick=5000000000000

['acl-fw', 'maglev']
{'maglev': [1], 'acl-fw': [0]} 2 2
Setting the interpreter path to: /usr/aarch64-linux-gnu 
For dynamically linked applications you might still need to setup the --redirects so that libraries are found

Global frequency set at 1000000000000 ticks per second
Switch at instruction count:2000000000
Receiving started
Running 1 pipelines
trying to open file /users/yangzhou/ictf2010.dat
opening succeeds
Receiving port Simulate queue
Running 1 pipelines
trying to open file /users/yangzhou/ictf2010.dat
opening succeeds
Generating permutations
Generating LUT
number of rules in acls: 643
Done Generating LUT
maglev packets processed: 65536
maglev packets processed: 131072
maglev packets processed: 196608
acl-fw packets processed: 65536
maglev packets processed: 262144
acl-fw packets processed: 131072
maglev packets processed: 327680
acl-fw packets processed: 196608
maglev packets processed: 393216
acl-fw packets processed: 262144
maglev packets processed: 458752
acl-fw packets processed: 327680
maglev packets processed: 524288
acl-fw packets processed: 393216
maglev packets processed: 589824
acl-fw packets processed: 458752
maglev packets processed: 655360
acl-fw packets processed: 524288
maglev packets processed: 720896
acl-fw packets processed: 589824
maglev packets processed: 786432
acl-fw packets processed: 655360
maglev packets processed: 851968
acl-fw packets processed: 720896
maglev packets processed: 917504
acl-fw packets processed: 786432
maglev packets processed: 983040
acl-fw packets processed: 851968
maglev packets processed: 1048576
acl-fw packets processed: 917504
maglev packets processed: 1114112
acl-fw packets processed: 983040
maglev packets processed: 1179648
acl-fw packets processed: 1048576
maglev packets processed: 1245184
acl-fw packets processed: 1114112
maglev packets processed: 1310720
acl-fw packets processed: 1179648
maglev packets processed: 1376256
acl-fw packets processed: 1245184
maglev packets processed: 1441792
acl-fw packets processed: 1310720
maglev packets processed: 1507328
maglev packets processed: 1572864
acl-fw packets processed: 1376256
maglev packets processed: 1638400
acl-fw packets processed: 1441792
maglev packets processed: 1703936
acl-fw packets processed: 1507328
maglev packets processed: 1769472
acl-fw packets processed: 1572864
maglev packets processed: 1835008
acl-fw packets processed: 1638400
maglev packets processed: 1900544
acl-fw packets processed: 1703936
maglev packets processed: 1966080
acl-fw packets processed: 1769472
Switched CPUS @ tick 939543265869
switching cpus
**** REAL SIMULATION ****
maglev packets processed: 2031616
acl-fw packets processed: 1835008
maglev packets processed: 2097152
acl-fw packets processed: 1900544
maglev packets processed: 2162688
acl-fw packets processed: 1966080
maglev packets processed: 2228224
acl-fw packets processed: 2031616
maglev packets processed: 2293760
acl-fw packets processed: 2097152
maglev packets processed: 2359296
acl-fw packets processed: 2162688
maglev packets processed: 2424832
acl-fw packets processed: 2228224
maglev packets processed: 2490368
acl-fw packets processed: 2293760
maglev packets processed: 2555904
acl-fw packets processed: 2359296
maglev packets processed: 2621440
acl-fw packets processed: 2424832
maglev packets processed: 2686976
acl-fw packets processed: 2490368
maglev packets processed: 2752512
acl-fw packets processed: 2555904
maglev packets processed: 2818048
acl-fw packets processed: 2621440
maglev packets processed: 2883584
acl-fw packets processed: 2686976
maglev packets processed: 2949120
acl-fw packets processed: 2752512
maglev packets processed: 3014656
acl-fw packets processed: 2818048
maglev packets processed: 3080192
acl-fw packets processed: 2883584
maglev packets processed: 3145728
acl-fw packets processed: 2949120
maglev packets processed: 3211264
acl-fw packets processed: 3014656
maglev packets processed: 3276800
acl-fw packets processed: 3080192
maglev packets processed: 3342336
acl-fw packets processed: 3145728
maglev packets processed: 3407872
acl-fw packets processed: 3211264
maglev packets processed: 3473408
acl-fw packets processed: 3276800
maglev packets processed: 3538944
acl-fw packets processed: 3342336
maglev packets processed: 3604480
acl-fw packets processed: 3407872
maglev packets processed: 3670016
acl-fw packets processed: 3473408
maglev packets processed: 3735552
acl-fw packets processed: 3538944
maglev packets processed: 3801088
acl-fw packets processed: 3604480
maglev packets processed: 3866624
acl-fw packets processed: 3670016
maglev packets processed: 3932160
acl-fw packets processed: 3735552
maglev packets processed: 3997696
acl-fw packets processed: 3801088
maglev packets processed: 4063232
acl-fw packets processed: 3866624
maglev packets processed: 4128768
acl-fw packets processed: 3932160
maglev packets processed: 4194304
acl-fw packets processed: 3997696
maglev packets processed: 4259840
acl-fw packets processed: 4063232
maglev packets processed: 4325376
acl-fw packets processed: 4128768
maglev packets processed: 4390912
acl-fw packets processed: 4194304
maglev packets processed: 4456448
acl-fw packets processed: 4259840
maglev packets processed: 4521984
acl-fw packets processed: 4325376
maglev packets processed: 4587520
acl-fw packets processed: 4390912
maglev packets processed: 4653056
acl-fw packets processed: 4456448
maglev packets processed: 4718592
acl-fw packets processed: 4521984
maglev packets processed: 4784128
acl-fw packets processed: 4587520
maglev packets processed: 4849664
maglev packets processed: 4915200
acl-fw packets processed: 4653056
maglev packets processed: 4980736
acl-fw packets processed: 4718592
maglev packets processed: 5046272
acl-fw packets processed: 4784128
maglev packets processed: 5111808
acl-fw packets processed: 4849664
maglev packets processed: 5177344
acl-fw packets processed: 4915200
maglev packets processed: 5242880
acl-fw packets processed: 4980736
maglev packets processed: 5308416
acl-fw packets processed: 5046272
maglev packets processed: 5373952
acl-fw packets processed: 5111808
maglev packets processed: 5439488
acl-fw packets processed: 5177344
maglev packets processed: 5505024
acl-fw packets processed: 5242880
maglev packets processed: 5570560
acl-fw packets processed: 5308416
maglev packets processed: 5636096
acl-fw packets processed: 5373952
maglev packets processed: 5701632
acl-fw packets processed: 5439488
maglev packets processed: 5767168
acl-fw packets processed: 5505024
maglev packets processed: 5832704
acl-fw packets processed: 5570560
maglev packets processed: 5898240
acl-fw packets processed: 5636096
maglev packets processed: 5963776
acl-fw packets processed: 5701632
maglev packets processed: 6029312
acl-fw packets processed: 5767168
maglev packets processed: 6094848
acl-fw packets processed: 5832704
maglev packets processed: 6160384
acl-fw packets processed: 5898240
Exiting @ tick 5000000000000 because simulate() limit reached
