gem5 Simulator System.  http://gem5.org
gem5 is copyrighted software; use the --copyright option for details.

gem5 compiled Jan 22 2020 23:32:40
gem5 started Jan 22 2020 23:34:09
gem5 executing on node-1.yangzhou-qv63200.lambda-mpi-pg0.clemson.cloudlab.us, pid 104113
command line: build/ARM/gem5.fast --remote-gdb-port=0 --outdir=/users/yangzhou/gem5/sgx_nic/m5out/TimingSimpleCPU_nat-tcp-v4.lpm_4MB --stats-file=TimingSimpleCPU_nat-tcp-v4.lpm_4MB_stats.txt configs/example/se_nic.py --interp-dir /usr/aarch64-linux-gnu --redirects /lib=/usr/aarch64-linux-gnu/lib -c 'nat-tcp-v4;lpm' --cpu-type=TimingSimpleCPU --cpu-clock=2.4GHz --asic-clock=0.56GHz --cacheline_size=128 --caches --l2cache --l2_size=4MB --l2_assoc=16 --mem-size=128GB --mem-type=DDR3_1600_8x8 --mem-channels=2 --mem-ranks=2 --fast-forward=2000000000 --rel-max-tick=5000000000000

['nat-tcp-v4', 'lpm']
{'lpm': [1], 'nat-tcp-v4': [0]} 2 2
Setting the interpreter path to: /usr/aarch64-linux-gnu 
For dynamically linked applications you might still need to setup the --redirects so that libraries are found

Global frequency set at 1000000000000 ticks per second
Switch at instruction count:2000000000
Receiving started
Receiving started
Receiving port Simulate queue
Running 1 pipelines
Running 1 pipelines
trying to open file /users/yangzhou/ictf2010.dat
opening succeeds
trying to open file /users/yangzhou/ictf2010.dat
opening succeeds
nat-tcp-v4 packets processed: 65536
nat-tcp-v4 packets processed: 131072
lpm packets processed: 65536
lpm packets processed: 131072
nat-tcp-v4 packets processed: 196608
lpm packets processed: 196608
nat-tcp-v4 packets processed: 262144
lpm packets processed: 262144
nat-tcp-v4 packets processed: 327680
lpm packets processed: 327680
nat-tcp-v4 packets processed: 393216
lpm packets processed: 393216
lpm packets processed: 458752
nat-tcp-v4 packets processed: 458752
lpm packets processed: 524288
nat-tcp-v4 packets processed: 524288
lpm packets processed: 589824
nat-tcp-v4 packets processed: 589824
lpm packets processed: 655360
nat-tcp-v4 packets processed: 655360
lpm packets processed: 720896
lpm packets processed: 786432
nat-tcp-v4 packets processed: 720896
lpm packets processed: 851968
nat-tcp-v4 packets processed: 786432
lpm packets processed: 917504
nat-tcp-v4 packets processed: 851968
lpm packets processed: 983040
nat-tcp-v4 packets processed: 917504
lpm packets processed: 1048576
lpm packets processed: 1114112
nat-tcp-v4 packets processed: 983040
lpm packets processed: 1179648
nat-tcp-v4 packets processed: 1048576
lpm packets processed: 1245184
nat-tcp-v4 packets processed: 1114112
lpm packets processed: 1310720
lpm packets processed: 1376256
nat-tcp-v4 packets processed: 1179648
lpm packets processed: 1441792
nat-tcp-v4 packets processed: 1245184
lpm packets processed: 1507328
nat-tcp-v4 packets processed: 1310720
lpm packets processed: 1572864
nat-tcp-v4 packets processed: 1376256
lpm packets processed: 1638400
lpm packets processed: 1703936
nat-tcp-v4 packets processed: 1441792
lpm packets processed: 1769472
nat-tcp-v4 packets processed: 1507328
lpm packets processed: 1835008
nat-tcp-v4 packets processed: 1572864
lpm packets processed: 1900544
nat-tcp-v4 packets processed: 1638400
lpm packets processed: 1966080
lpm packets processed: 2031616
nat-tcp-v4 packets processed: 1703936
lpm packets processed: 2097152
nat-tcp-v4 packets processed: 1769472
lpm packets processed: 2162688
nat-tcp-v4 packets processed: 1835008
lpm packets processed: 2228224
nat-tcp-v4 packets processed: 1900544
lpm packets processed: 2293760
lpm packets processed: 2359296
nat-tcp-v4 packets processed: 1966080
lpm packets processed: 2424832
nat-tcp-v4 packets processed: 2031616
lpm packets processed: 2490368
nat-tcp-v4 packets processed: 2097152
lpm packets processed: 2555904
nat-tcp-v4 packets processed: 2162688
lpm packets processed: 2621440
lpm packets processed: 2686976
nat-tcp-v4 packets processed: 2228224
lpm packets processed: 2752512
nat-tcp-v4 packets processed: 2293760
lpm packets processed: 2818048
nat-tcp-v4 packets processed: 2359296
lpm packets processed: 2883584
Switched CPUS @ tick 957954550206
switching cpus
**** REAL SIMULATION ****
nat-tcp-v4 packets processed: 2424832
lpm packets processed: 2949120
lpm packets processed: 3014656
nat-tcp-v4 packets processed: 2490368
lpm packets processed: 3080192
nat-tcp-v4 packets processed: 2555904
lpm packets processed: 3145728
nat-tcp-v4 packets processed: 2621440
lpm packets processed: 3211264
lpm packets processed: 3276800
nat-tcp-v4 packets processed: 2686976
lpm packets processed: 3342336
nat-tcp-v4 packets processed: 2752512
lpm packets processed: 3407872
nat-tcp-v4 packets processed: 2818048
lpm packets processed: 3473408
nat-tcp-v4 packets processed: 2883584
lpm packets processed: 3538944
lpm packets processed: 3604480
nat-tcp-v4 packets processed: 2949120
lpm packets processed: 3670016
nat-tcp-v4 packets processed: 3014656
lpm packets processed: 3735552
nat-tcp-v4 packets processed: 3080192
lpm packets processed: 3801088
lpm packets processed: 3866624
nat-tcp-v4 packets processed: 3145728
lpm packets processed: 3932160
nat-tcp-v4 packets processed: 3211264
lpm packets processed: 3997696
nat-tcp-v4 packets processed: 3276800
lpm packets processed: 4063232
nat-tcp-v4 packets processed: 3342336
lpm packets processed: 4128768
lpm packets processed: 4194304
nat-tcp-v4 packets processed: 3407872
lpm packets processed: 4259840
nat-tcp-v4 packets processed: 3473408
lpm packets processed: 4325376
nat-tcp-v4 packets processed: 3538944
lpm packets processed: 4390912
lpm packets processed: 4456448
nat-tcp-v4 packets processed: 3604480
lpm packets processed: 4521984
nat-tcp-v4 packets processed: 3670016
lpm packets processed: 4587520
nat-tcp-v4 packets processed: 3735552
lpm packets processed: 4653056
nat-tcp-v4 packets processed: 3801088
lpm packets processed: 4718592
lpm packets processed: 4784128
nat-tcp-v4 packets processed: 3866624
lpm packets processed: 4849664
nat-tcp-v4 packets processed: 3932160
lpm packets processed: 4915200
nat-tcp-v4 packets processed: 3997696
lpm packets processed: 4980736
nat-tcp-v4 packets processed: 4063232
lpm packets processed: 5046272
lpm packets processed: 5111808
nat-tcp-v4 packets processed: 4128768
lpm packets processed: 5177344
nat-tcp-v4 packets processed: 4194304
lpm packets processed: 5242880
nat-tcp-v4 packets processed: 4259840
lpm packets processed: 5308416
lpm packets processed: 5373952
nat-tcp-v4 packets processed: 4325376
lpm packets processed: 5439488
nat-tcp-v4 packets processed: 4390912
lpm packets processed: 5505024
nat-tcp-v4 packets processed: 4456448
lpm packets processed: 5570560
nat-tcp-v4 packets processed: 4521984
lpm packets processed: 5636096
lpm packets processed: 5701632
nat-tcp-v4 packets processed: 4587520
lpm packets processed: 5767168
nat-tcp-v4 packets processed: 4653056
lpm packets processed: 5832704
nat-tcp-v4 packets processed: 4718592
lpm packets processed: 5898240
lpm packets processed: 5963776
nat-tcp-v4 packets processed: 4784128
lpm packets processed: 6029312
nat-tcp-v4 packets processed: 4849664
lpm packets processed: 6094848
nat-tcp-v4 packets processed: 4915200
lpm packets processed: 6160384
nat-tcp-v4 packets processed: 4980736
lpm packets processed: 6225920
lpm packets processed: 6291456
nat-tcp-v4 packets processed: 5046272
lpm packets processed: 6356992
nat-tcp-v4 packets processed: 5111808
lpm packets processed: 6422528
nat-tcp-v4 packets processed: 5177344
lpm packets processed: 6488064
nat-tcp-v4 packets processed: 5242880
lpm packets processed: 6553600
lpm packets processed: 6619136
nat-tcp-v4 packets processed: 5308416
lpm packets processed: 6684672
nat-tcp-v4 packets processed: 5373952
lpm packets processed: 6750208
nat-tcp-v4 packets processed: 5439488
lpm packets processed: 6815744
lpm packets processed: 6881280
nat-tcp-v4 packets processed: 5505024
lpm packets processed: 6946816
nat-tcp-v4 packets processed: 5570560
lpm packets processed: 7012352
nat-tcp-v4 packets processed: 5636096
lpm packets processed: 7077888
nat-tcp-v4 packets processed: 5701632
lpm packets processed: 7143424
lpm packets processed: 7208960
nat-tcp-v4 packets processed: 5767168
lpm packets processed: 7274496
nat-tcp-v4 packets processed: 5832704
lpm packets processed: 7340032
nat-tcp-v4 packets processed: 5898240
lpm packets processed: 7405568
lpm packets processed: 7471104
nat-tcp-v4 packets processed: 5963776
lpm packets processed: 7536640
nat-tcp-v4 packets processed: 6029312
lpm packets processed: 7602176
nat-tcp-v4 packets processed: 6094848
lpm packets processed: 7667712
nat-tcp-v4 packets processed: 6160384
lpm packets processed: 7733248
lpm packets processed: 7798784
nat-tcp-v4 packets processed: 6225920
lpm packets processed: 7864320
nat-tcp-v4 packets processed: 6291456
lpm packets processed: 7929856
nat-tcp-v4 packets processed: 6356992
lpm packets processed: 7995392
lpm packets processed: 8060928
nat-tcp-v4 packets processed: 6422528
lpm packets processed: 8126464
nat-tcp-v4 packets processed: 6488064
lpm packets processed: 8192000
nat-tcp-v4 packets processed: 6553600
lpm packets processed: 8257536
nat-tcp-v4 packets processed: 6619136
lpm packets processed: 8323072
lpm packets processed: 8388608
nat-tcp-v4 packets processed: 6684672
lpm packets processed: 8454144
nat-tcp-v4 packets processed: 6750208
lpm packets processed: 8519680
nat-tcp-v4 packets processed: 6815744
lpm packets processed: 8585216
nat-tcp-v4 packets processed: 6881280
lpm packets processed: 8650752
lpm packets processed: 8716288
nat-tcp-v4 packets processed: 6946816
lpm packets processed: 8781824
nat-tcp-v4 packets processed: 7012352
lpm packets processed: 8847360
nat-tcp-v4 packets processed: 7077888
lpm packets processed: 8912896
lpm packets processed: 8978432
nat-tcp-v4 packets processed: 7143424
lpm packets processed: 9043968
