gem5 Simulator System.  http://gem5.org
gem5 is copyrighted software; use the --copyright option for details.

gem5 compiled Jan 22 2020 23:27:30
gem5 started Jan 22 2020 23:34:15
gem5 executing on node-1.yangzhou-qv63708.lambda-mpi-pg0.clemson.cloudlab.us, pid 144752
command line: build/ARM/gem5.fast --remote-gdb-port=0 --outdir=/users/yangzhou/gem5/sgx_nic/m5out/DerivO3CPU_nat-tcp-v4.maglev.lpm.monitoring_4MB --stats-file=DerivO3CPU_nat-tcp-v4.maglev.lpm.monitoring_4MB_stats.txt configs/example/se_nic.py --interp-dir /usr/aarch64-linux-gnu --redirects /lib=/usr/aarch64-linux-gnu/lib -c 'nat-tcp-v4;maglev;lpm;monitoring' --cpu-type=DerivO3CPU --cpu-clock=2.4GHz --asic-clock=0.56GHz --cacheline_size=128 --caches --l2cache --l2_size=4MB --l2_assoc=16 --mem-size=128GB --mem-type=DDR3_1600_8x8 --mem-channels=2 --mem-ranks=2 --fast-forward=2000000000 --rel-max-tick=5000000000000

['nat-tcp-v4', 'maglev', 'lpm', 'monitoring']
{'maglev': [1], 'lpm': [2], 'monitoring': [3], 'nat-tcp-v4': [0]} 4 4
Setting the interpreter path to: /usr/aarch64-linux-gnu 
For dynamically linked applications you might still need to setup the --redirects so that libraries are found

Global frequency set at 1000000000000 ticks per second
Switch at instruction count:2000000000
Receiving started
Receiving started
Receiving started
Receiving started
Receiving port Simulate queue
Running 1 pipelines
Running 1 pipelines
Running 1 pipelines
Running 1 pipelines
trying to open file /users/yangzhou/ictf2010.dat
trying to open file /users/yangzhou/ictf2010.dat
trying to open file /users/yangzhou/ictf2010.dat
opening succeeds
opening succeeds
opening succeeds
trying to open file /users/yangzhou/ictf2010.dat
opening succeeds
Generating permutations
Generating LUT
Done Generating LUT
maglev packets processed: 65536
monitoring packets processed: 65536
nat-tcp-v4 packets processed: 65536
maglev packets processed: 131072
monitoring packets processed: 131072
maglev packets processed: 196608
nat-tcp-v4 packets processed: 131072
monitoring packets processed: 196608
lpm packets processed: 65536
lpm packets processed: 131072
maglev packets processed: 262144
nat-tcp-v4 packets processed: 196608
monitoring packets processed: 262144
lpm packets processed: 196608
nat-tcp-v4 packets processed: 262144
maglev packets processed: 327680
lpm packets processed: 262144
monitoring packets processed: 327680
nat-tcp-v4 packets processed: 327680
lpm packets processed: 327680
maglev packets processed: 393216
nat-tcp-v4 packets processed: 393216
lpm packets processed: 393216
monitoring packets processed: 393216
maglev packets processed: 458752
lpm packets processed: 458752
nat-tcp-v4 packets processed: 458752
lpm packets processed: 524288
monitoring packets processed: 458752
maglev packets processed: 524288
nat-tcp-v4 packets processed: 524288
lpm packets processed: 589824
nat-tcp-v4 packets processed: 589824
maglev packets processed: 589824
monitoring packets processed: 524288
lpm packets processed: 655360
nat-tcp-v4 packets processed: 655360
lpm packets processed: 720896
maglev packets processed: 655360
monitoring packets processed: 589824
lpm packets processed: 786432
nat-tcp-v4 packets processed: 720896
maglev packets processed: 720896
lpm packets processed: 851968
nat-tcp-v4 packets processed: 786432
monitoring packets processed: 655360
lpm packets processed: 917504
maglev packets processed: 786432
nat-tcp-v4 packets processed: 851968
lpm packets processed: 983040
monitoring packets processed: 720896
nat-tcp-v4 packets processed: 917504
lpm packets processed: 1048576
maglev packets processed: 851968
lpm packets processed: 1114112
monitoring packets processed: 786432
nat-tcp-v4 packets processed: 983040
maglev packets processed: 917504
lpm packets processed: 1179648
nat-tcp-v4 packets processed: 1048576
monitoring packets processed: 851968
lpm packets processed: 1245184
maglev packets processed: 983040
nat-tcp-v4 packets processed: 1114112
lpm packets processed: 1310720
monitoring packets processed: 917504
maglev packets processed: 1048576
lpm packets processed: 1376256
nat-tcp-v4 packets processed: 1179648
lpm packets processed: 1441792
nat-tcp-v4 packets processed: 1245184
maglev packets processed: 1114112
monitoring packets processed: 983040
lpm packets processed: 1507328
nat-tcp-v4 packets processed: 1310720
maglev packets processed: 1179648
lpm packets processed: 1572864
monitoring packets processed: 1048576
nat-tcp-v4 packets processed: 1376256
lpm packets processed: 1638400
maglev packets processed: 1245184
lpm packets processed: 1703936
monitoring packets processed: 1114112
nat-tcp-v4 packets processed: 1441792
maglev packets processed: 1310720
lpm packets processed: 1769472
nat-tcp-v4 packets processed: 1507328
monitoring packets processed: 1179648
lpm packets processed: 1835008
maglev packets processed: 1376256
nat-tcp-v4 packets processed: 1572864
lpm packets processed: 1900544
monitoring packets processed: 1245184
nat-tcp-v4 packets processed: 1638400
lpm packets processed: 1966080
maglev packets processed: 1441792
lpm packets processed: 2031616
nat-tcp-v4 packets processed: 1703936
monitoring packets processed: 1310720
maglev packets processed: 1507328
lpm packets processed: 2097152
nat-tcp-v4 packets processed: 1769472
lpm packets processed: 2162688
monitoring packets processed: 1376256
maglev packets processed: 1572864
nat-tcp-v4 packets processed: 1835008
lpm packets processed: 2228224
maglev packets processed: 1638400
nat-tcp-v4 packets processed: 1900544
monitoring packets processed: 1441792
lpm packets processed: 2293760
lpm packets processed: 2359296
nat-tcp-v4 packets processed: 1966080
maglev packets processed: 1703936
monitoring packets processed: 1507328
lpm packets processed: 2424832
nat-tcp-v4 packets processed: 2031616
maglev packets processed: 1769472
lpm packets processed: 2490368
monitoring packets processed: 1572864
nat-tcp-v4 packets processed: 2097152
lpm packets processed: 2555904
maglev packets processed: 1835008
nat-tcp-v4 packets processed: 2162688
lpm packets processed: 2621440
monitoring packets processed: 1638400
lpm packets processed: 2686976
maglev packets processed: 1900544
nat-tcp-v4 packets processed: 2228224
lpm packets processed: 2752512
monitoring packets processed: 1703936
nat-tcp-v4 packets processed: 2293760
maglev packets processed: 1966080
lpm packets processed: 2818048
Switched CPUS @ tick 939543264201
switching cpus
**** REAL SIMULATION ****
nat-tcp-v4 packets processed: 2359296
monitoring packets processed: 1769472
lpm packets processed: 2883584
maglev packets processed: 2031616
nat-tcp-v4 packets processed: 2424832
lpm packets processed: 2949120
monitoring packets processed: 1835008
lpm packets processed: 3014656
maglev packets processed: 2097152
nat-tcp-v4 packets processed: 2490368
monitoring packets processed: 1900544
lpm packets processed: 3080192
nat-tcp-v4 packets processed: 2555904
maglev packets processed: 2162688
lpm packets processed: 3145728
monitoring packets processed: 1966080
nat-tcp-v4 packets processed: 2621440
lpm packets processed: 3211264
maglev packets processed: 2228224
monitoring packets processed: 2031616
lpm packets processed: 3276800
nat-tcp-v4 packets processed: 2686976
lpm packets processed: 3342336
maglev packets processed: 2293760
nat-tcp-v4 packets processed: 2752512
monitoring packets processed: 2097152
lpm packets processed: 3407872
nat-tcp-v4 packets processed: 2818048
lpm packets processed: 3473408
monitoring packets processed: 2162688
maglev packets processed: 2359296
nat-tcp-v4 packets processed: 2883584
lpm packets processed: 3538944
monitoring packets processed: 2228224
maglev packets processed: 2424832
lpm packets processed: 3604480
nat-tcp-v4 packets processed: 2949120
lpm packets processed: 3670016
monitoring packets processed: 2293760
nat-tcp-v4 packets processed: 3014656
maglev packets processed: 2490368
lpm packets processed: 3735552
monitoring packets processed: 2359296
nat-tcp-v4 packets processed: 3080192
lpm packets processed: 3801088
maglev packets processed: 2555904
nat-tcp-v4 packets processed: 3145728
lpm packets processed: 3866624
monitoring packets processed: 2424832
lpm packets processed: 3932160
maglev packets processed: 2621440
nat-tcp-v4 packets processed: 3211264
monitoring packets processed: 2490368
lpm packets processed: 3997696
nat-tcp-v4 packets processed: 3276800
maglev packets processed: 2686976
lpm packets processed: 4063232
monitoring packets processed: 2555904
nat-tcp-v4 packets processed: 3342336
lpm packets processed: 4128768
maglev packets processed: 2752512
monitoring packets processed: 2621440
lpm packets processed: 4194304
nat-tcp-v4 packets processed: 3407872
lpm packets processed: 4259840
monitoring packets processed: 2686976
maglev packets processed: 2818048
nat-tcp-v4 packets processed: 3473408
lpm packets processed: 4325376
nat-tcp-v4 packets processed: 3538944
monitoring packets processed: 2752512
lpm packets processed: 4390912
maglev packets processed: 2883584
nat-tcp-v4 packets processed: 3604480
lpm packets processed: 4456448
monitoring packets processed: 2818048
maglev packets processed: 2949120
lpm packets processed: 4521984
nat-tcp-v4 packets processed: 3670016
monitoring packets processed: 2883584
lpm packets processed: 4587520
nat-tcp-v4 packets processed: 3735552
maglev packets processed: 3014656
lpm packets processed: 4653056
monitoring packets processed: 2949120
nat-tcp-v4 packets processed: 3801088
lpm packets processed: 4718592
maglev packets processed: 3080192
monitoring packets processed: 3014656
nat-tcp-v4 packets processed: 3866624
lpm packets processed: 4784128
lpm packets processed: 4849664
maglev packets processed: 3145728
nat-tcp-v4 packets processed: 3932160
monitoring packets processed: 3080192
lpm packets processed: 4915200
nat-tcp-v4 packets processed: 3997696
maglev packets processed: 3211264
lpm packets processed: 4980736
monitoring packets processed: 3145728
nat-tcp-v4 packets processed: 4063232
lpm packets processed: 5046272
monitoring packets processed: 3211264
maglev packets processed: 3276800
lpm packets processed: 5111808
nat-tcp-v4 packets processed: 4128768
lpm packets processed: 5177344
monitoring packets processed: 3276800
nat-tcp-v4 packets processed: 4194304
maglev packets processed: 3342336
lpm packets processed: 5242880
nat-tcp-v4 packets processed: 4259840
monitoring packets processed: 3342336
lpm packets processed: 5308416
maglev packets processed: 3407872
nat-tcp-v4 packets processed: 4325376
lpm packets processed: 5373952
monitoring packets processed: 3407872
maglev packets processed: 3473408
lpm packets processed: 5439488
nat-tcp-v4 packets processed: 4390912
monitoring packets processed: 3473408
lpm packets processed: 5505024
Exiting @ tick 1340827980774 because user interrupt received
