gem5 Simulator System.  http://gem5.org
gem5 is copyrighted software; use the --copyright option for details.

gem5 compiled Jan 22 2020 23:32:40
gem5 started Jan 23 2020 10:46:40
gem5 executing on node-1.yangzhou-qv63200.lambda-mpi-pg0.clemson.cloudlab.us, pid 79303
command line: build/ARM/gem5.fast --remote-gdb-port=0 --outdir=/users/yangzhou/gem5/sgx_nic/m5out/DerivO3CPU_acl-fw_4kB --stats-file=DerivO3CPU_acl-fw_4kB_stats.txt configs/example/se_nic.py --interp-dir /usr/aarch64-linux-gnu --redirects /lib=/usr/aarch64-linux-gnu/lib -c acl-fw --cpu-type=DerivO3CPU --cpu-clock=2.4GHz --asic-clock=0.56GHz --cacheline_size=128 --caches --l2cache --l2_size=4kB --l2_assoc=16 --mem-size=128GB --mem-type=DDR3_1600_8x8 --mem-channels=2 --mem-ranks=2 --fast-forward=2000000000 --rel-max-tick=5000000000000

['acl-fw']
{'acl-fw': [0]} 1 1
Setting the interpreter path to: /usr/aarch64-linux-gnu 
For dynamically linked applications you might still need to setup the --redirects so that libraries are found

Global frequency set at 1000000000000 ticks per second
Switch at instruction count:2000000000
Receiving port Simulate queue
Running 1 pipelines
trying to open file /users/yangzhou/ictf2010.dat
opening succeeds
number of rules in acls: 643
acl-fw packets processed: 65536
acl-fw packets processed: 131072
acl-fw packets processed: 196608
acl-fw packets processed: 262144
acl-fw packets processed: 327680
acl-fw packets processed: 393216
acl-fw packets processed: 458752
acl-fw packets processed: 524288
acl-fw packets processed: 589824
acl-fw packets processed: 655360
acl-fw packets processed: 720896
acl-fw packets processed: 786432
acl-fw packets processed: 851968
acl-fw packets processed: 917504
acl-fw packets processed: 983040
acl-fw packets processed: 1048576
acl-fw packets processed: 1114112
acl-fw packets processed: 1179648
acl-fw packets processed: 1245184
acl-fw packets processed: 1310720
acl-fw packets processed: 1376256
acl-fw packets processed: 1441792
acl-fw packets processed: 1507328
acl-fw packets processed: 1572864
acl-fw packets processed: 1638400
acl-fw packets processed: 1703936
acl-fw packets processed: 1769472
acl-fw packets processed: 1835008
Switched CPUS @ tick 967245164256
switching cpus
**** REAL SIMULATION ****
acl-fw packets processed: 1900544
acl-fw packets processed: 1966080
acl-fw packets processed: 2031616
acl-fw packets processed: 2097152
acl-fw packets processed: 2162688
acl-fw packets processed: 2228224
acl-fw packets processed: 2293760
Exiting @ tick 1163500523040 because user interrupt received
