gem5 Simulator System.  http://gem5.org
gem5 is copyrighted software; use the --copyright option for details.

gem5 compiled Jan 22 2020 23:27:30
gem5 started Jan 22 2020 23:34:15
gem5 executing on node-1.yangzhou-qv63708.lambda-mpi-pg0.clemson.cloudlab.us, pid 144724
command line: build/ARM/gem5.fast --remote-gdb-port=0 --outdir=/users/yangzhou/gem5/sgx_nic/m5out/DerivO3CPU_maglev.monitoring_4MB --stats-file=DerivO3CPU_maglev.monitoring_4MB_stats.txt configs/example/se_nic.py --interp-dir /usr/aarch64-linux-gnu --redirects /lib=/usr/aarch64-linux-gnu/lib -c 'maglev;monitoring' --cpu-type=DerivO3CPU --cpu-clock=2.4GHz --asic-clock=0.56GHz --cacheline_size=128 --caches --l2cache --l2_size=4MB --l2_assoc=16 --mem-size=128GB --mem-type=DDR3_1600_8x8 --mem-channels=2 --mem-ranks=2 --fast-forward=2000000000 --rel-max-tick=5000000000000

['maglev', 'monitoring']
{'monitoring': [1], 'maglev': [0]} 2 2
Setting the interpreter path to: /usr/aarch64-linux-gnu 
For dynamically linked applications you might still need to setup the --redirects so that libraries are found

Global frequency set at 1000000000000 ticks per second
Switch at instruction count:2000000000
Receiving started
Receiving started
Running 1 pipelines
Running 1 pipelines
trying to open file /users/yangzhou/ictf2010.dat
trying to open file /users/yangzhou/ictf2010.dat
opening succeeds
opening succeeds
Generating permutations
Generating LUT
Done Generating LUT
maglev packets processed: 65536
monitoring packets processed: 65536
maglev packets processed: 131072
monitoring packets processed: 131072
maglev packets processed: 196608
monitoring packets processed: 196608
maglev packets processed: 262144
monitoring packets processed: 262144
maglev packets processed: 327680
monitoring packets processed: 327680
maglev packets processed: 393216
monitoring packets processed: 393216
maglev packets processed: 458752
monitoring packets processed: 458752
maglev packets processed: 524288
maglev packets processed: 589824
monitoring packets processed: 524288
maglev packets processed: 655360
monitoring packets processed: 589824
maglev packets processed: 720896
monitoring packets processed: 655360
maglev packets processed: 786432
monitoring packets processed: 720896
maglev packets processed: 851968
monitoring packets processed: 786432
maglev packets processed: 917504
monitoring packets processed: 851968
maglev packets processed: 983040
monitoring packets processed: 917504
maglev packets processed: 1048576
maglev packets processed: 1114112
monitoring packets processed: 983040
maglev packets processed: 1179648
monitoring packets processed: 1048576
maglev packets processed: 1245184
monitoring packets processed: 1114112
maglev packets processed: 1310720
monitoring packets processed: 1179648
maglev packets processed: 1376256
monitoring packets processed: 1245184
maglev packets processed: 1441792
monitoring packets processed: 1310720
maglev packets processed: 1507328
monitoring packets processed: 1376256
maglev packets processed: 1572864
maglev packets processed: 1638400
monitoring packets processed: 1441792
maglev packets processed: 1703936
monitoring packets processed: 1507328
maglev packets processed: 1769472
monitoring packets processed: 1572864
maglev packets processed: 1835008
monitoring packets processed: 1638400
maglev packets processed: 1900544
monitoring packets processed: 1703936
maglev packets processed: 1966080
Switched CPUS @ tick 939543264201
switching cpus
**** REAL SIMULATION ****
monitoring packets processed: 1769472
maglev packets processed: 2031616
monitoring packets processed: 1835008
maglev packets processed: 2097152
monitoring packets processed: 1900544
maglev packets processed: 2162688
monitoring packets processed: 1966080
maglev packets processed: 2228224
monitoring packets processed: 2031616
maglev packets processed: 2293760
monitoring packets processed: 2097152
monitoring packets processed: 2162688
maglev packets processed: 2359296
monitoring packets processed: 2228224
maglev packets processed: 2424832
monitoring packets processed: 2293760
maglev packets processed: 2490368
monitoring packets processed: 2359296
maglev packets processed: 2555904
monitoring packets processed: 2424832
maglev packets processed: 2621440
monitoring packets processed: 2490368
maglev packets processed: 2686976
monitoring packets processed: 2555904
maglev packets processed: 2752512
monitoring packets processed: 2621440
monitoring packets processed: 2686976
maglev packets processed: 2818048
monitoring packets processed: 2752512
maglev packets processed: 2883584
monitoring packets processed: 2818048
maglev packets processed: 2949120
monitoring packets processed: 2883584
maglev packets processed: 3014656
monitoring packets processed: 2949120
maglev packets processed: 3080192
monitoring packets processed: 3014656
maglev packets processed: 3145728
monitoring packets processed: 3080192
maglev packets processed: 3211264
monitoring packets processed: 3145728
monitoring packets processed: 3211264
maglev packets processed: 3276800
monitoring packets processed: 3276800
maglev packets processed: 3342336
monitoring packets processed: 3342336
maglev packets processed: 3407872
monitoring packets processed: 3407872
maglev packets processed: 3473408
monitoring packets processed: 3473408
maglev packets processed: 3538944
monitoring packets processed: 3538944
maglev packets processed: 3604480
monitoring packets processed: 3604480
maglev packets processed: 3670016
monitoring packets processed: 3670016
monitoring packets processed: 3735552
maglev packets processed: 3735552
monitoring packets processed: 3801088
maglev packets processed: 3801088
monitoring packets processed: 3866624
maglev packets processed: 3866624
monitoring packets processed: 3932160
maglev packets processed: 3932160
monitoring packets processed: 3997696
maglev packets processed: 3997696
monitoring packets processed: 4063232
maglev packets processed: 4063232
monitoring packets processed: 4128768
maglev packets processed: 4128768
monitoring packets processed: 4194304
monitoring packets processed: 4259840
maglev packets processed: 4194304
monitoring packets processed: 4325376
maglev packets processed: 4259840
monitoring packets processed: 4390912
maglev packets processed: 4325376
monitoring packets processed: 4456448
maglev packets processed: 4390912
monitoring packets processed: 4521984
maglev packets processed: 4456448
monitoring packets processed: 4587520
maglev packets processed: 4521984
monitoring packets processed: 4653056
maglev packets processed: 4587520
monitoring packets processed: 4718592
monitoring packets processed: 4784128
maglev packets processed: 4653056
monitoring packets processed: 4849664
maglev packets processed: 4718592
monitoring packets processed: 4915200
maglev packets processed: 4784128
monitoring packets processed: 4980736
maglev packets processed: 4849664
monitoring packets processed: 5046272
maglev packets processed: 4915200
monitoring packets processed: 5111808
maglev packets processed: 4980736
monitoring packets processed: 5177344
maglev packets processed: 5046272
monitoring packets processed: 5242880
monitoring packets processed: 5308416
maglev packets processed: 5111808
monitoring packets processed: 5373952
maglev packets processed: 5177344
monitoring packets processed: 5439488
maglev packets processed: 5242880
monitoring packets processed: 5505024
maglev packets processed: 5308416
monitoring packets processed: 5570560
maglev packets processed: 5373952
monitoring packets processed: 5636096
maglev packets processed: 5439488
monitoring packets processed: 5701632
maglev packets processed: 5505024
monitoring packets processed: 5767168
monitoring packets processed: 5832704
maglev packets processed: 5570560
monitoring packets processed: 5898240
maglev packets processed: 5636096
monitoring packets processed: 5963776
maglev packets processed: 5701632
monitoring packets processed: 6029312
maglev packets processed: 5767168
monitoring packets processed: 6094848
maglev packets processed: 5832704
monitoring packets processed: 6160384
maglev packets processed: 5898240
monitoring packets processed: 6225920
maglev packets processed: 5963776
monitoring packets processed: 6291456
monitoring packets processed: 6356992
maglev packets processed: 6029312
monitoring packets processed: 6422528
maglev packets processed: 6094848
monitoring packets processed: 6488064
Exiting @ tick 2036139626697 because user interrupt received
