gem5 Simulator System.  http://gem5.org
gem5 is copyrighted software; use the --copyright option for details.

gem5 compiled Jan 22 2020 23:32:40
gem5 started Jan 22 2020 23:34:09
gem5 executing on node-1.yangzhou-qv63200.lambda-mpi-pg0.clemson.cloudlab.us, pid 104163
command line: build/ARM/gem5.fast --remote-gdb-port=0 --outdir=/users/yangzhou/gem5/sgx_nic/m5out/TimingSimpleCPU_dpi-queue.nat-tcp-v4_4MB --stats-file=TimingSimpleCPU_dpi-queue.nat-tcp-v4_4MB_stats.txt configs/example/se_nic.py --interp-dir /usr/aarch64-linux-gnu --redirects /lib=/usr/aarch64-linux-gnu/lib -c 'dpi-queue;nat-tcp-v4' --cpu-type=TimingSimpleCPU --cpu-clock=2.4GHz --asic-clock=0.56GHz --cacheline_size=128 --caches --l2cache --l2_size=4MB --l2_assoc=16 --mem-size=128GB --mem-type=DDR3_1600_8x8 --mem-channels=2 --mem-ranks=2 --fast-forward=2000000000 --rel-max-tick=5000000000000

['dpi-queue', 'nat-tcp-v4']
{'dpi-queue': [0, 1, 2, 3, 4, 5, 6, 7, 8, 9, 10, 11, 12, 13, 14, 15, 16], 'nat-tcp-v4': [17]} 2 18
Setting the interpreter path to: /usr/aarch64-linux-gnu 
For dynamically linked applications you might still need to setup the --redirects so that libraries are found

Global frequency set at 1000000000000 ticks per second
Switch at instruction count:2000000000
Receiving started
Running 1 pipelines
trying to open file /users/yangzhou/ictf2010.dat
opening succeeds
pkt_num: 1048576
dpi rules length: 33471
dpi AhoCorasick graph built up!
trying to open file /users/yangzhou/ictf2010.dat
opening succeeds
nat-tcp-v4 packets processed: 65536
nat-tcp-v4 packets processed: 131072
nat-tcp-v4 packets processed: 196608
nat-tcp-v4 packets processed: 262144
nat-tcp-v4 packets processed: 327680
nat-tcp-v4 packets processed: 393216
nat-tcp-v4 packets processed: 458752
nat-tcp-v4 packets processed: 524288
nat-tcp-v4 packets processed: 589824
nat-tcp-v4 packets processed: 655360
nat-tcp-v4 packets processed: 720896
nat-tcp-v4 packets processed: 786432
dpi packets processed: 65536
nat-tcp-v4 packets processed: 851968
dpi packets processed: 131072
dpi packets processed: 196608
nat-tcp-v4 packets processed: 917504
dpi packets processed: 262144
nat-tcp-v4 packets processed: 983040
dpi packets processed: 327680
nat-tcp-v4 packets processed: 1048576
dpi packets processed: 393216
nat-tcp-v4 packets processed: 1114112
dpi packets processed: 458752
dpi packets processed: 524288
nat-tcp-v4 packets processed: 1179648
dpi packets processed: 589824
nat-tcp-v4 packets processed: 1245184
dpi packets processed: 655360
nat-tcp-v4 packets processed: 1310720
dpi packets processed: 720896
nat-tcp-v4 packets processed: 1376256
dpi packets processed: 786432
dpi packets processed: 851968
nat-tcp-v4 packets processed: 1441792
dpi packets processed: 917504
nat-tcp-v4 packets processed: 1507328
dpi packets processed: 983040
nat-tcp-v4 packets processed: 1572864
dpi packets processed: 1048576
nat-tcp-v4 packets processed: 1638400
dpi packets processed: 1114112
dpi packets processed: 1179648
nat-tcp-v4 packets processed: 1703936
dpi packets processed: 1245184
nat-tcp-v4 packets processed: 1769472
dpi packets processed: 1310720
nat-tcp-v4 packets processed: 1835008
dpi packets processed: 1376256
nat-tcp-v4 packets processed: 1900544
dpi packets processed: 1441792
dpi packets processed: 1507328
nat-tcp-v4 packets processed: 1966080
dpi packets processed: 1572864
nat-tcp-v4 packets processed: 2031616
dpi packets processed: 1638400
nat-tcp-v4 packets processed: 2097152
dpi packets processed: 1703936
nat-tcp-v4 packets processed: 2162688
dpi packets processed: 1769472
dpi packets processed: 1835008
nat-tcp-v4 packets processed: 2228224
dpi packets processed: 1900544
nat-tcp-v4 packets processed: 2293760
dpi packets processed: 1966080
nat-tcp-v4 packets processed: 2359296
dpi packets processed: 2031616
Switched CPUS @ tick 958105336572
switching cpus
**** REAL SIMULATION ****
nat-tcp-v4 packets processed: 2424832
dpi packets processed: 2097152
dpi packets processed: 2162688
nat-tcp-v4 packets processed: 2490368
dpi packets processed: 2228224
nat-tcp-v4 packets processed: 2555904
