gem5 Simulator System.  http://gem5.org
gem5 is copyrighted software; use the --copyright option for details.

gem5 compiled Jan 22 2020 23:27:20
gem5 started Jan 22 2020 23:34:13
gem5 executing on node-0.yangzhou-qv63708.lambda-mpi-pg0.clemson.cloudlab.us, pid 140303
command line: build/ARM/gem5.fast --remote-gdb-port=0 --outdir=/users/yangzhou/gem5/sgx_nic/m5out/TimingSimpleCPU_acl-fw.nat-tcp-v4.monitoring_4MB --stats-file=TimingSimpleCPU_acl-fw.nat-tcp-v4.monitoring_4MB_stats.txt configs/example/se_nic.py --interp-dir /usr/aarch64-linux-gnu --redirects /lib=/usr/aarch64-linux-gnu/lib -c 'acl-fw;nat-tcp-v4;monitoring' --cpu-type=TimingSimpleCPU --cpu-clock=2.4GHz --asic-clock=0.56GHz --cacheline_size=128 --caches --l2cache --l2_size=4MB --l2_assoc=16 --mem-size=128GB --mem-type=DDR3_1600_8x8 --mem-channels=2 --mem-ranks=2 --fast-forward=2000000000 --rel-max-tick=5000000000000

['acl-fw', 'nat-tcp-v4', 'monitoring']
{'monitoring': [2], 'nat-tcp-v4': [1], 'acl-fw': [0]} 3 3
Setting the interpreter path to: /usr/aarch64-linux-gnu 
For dynamically linked applications you might still need to setup the --redirects so that libraries are found

Global frequency set at 1000000000000 ticks per second
Switch at instruction count:2000000000
Receiving started
Receiving started
Running 1 pipelines
Running 1 pipelines
trying to open file /users/yangzhou/ictf2010.dat
trying to open file /users/yangzhou/ictf2010.dat
opening succeeds
opening succeeds
Receiving port Simulate queue
Running 1 pipelines
trying to open file /users/yangzhou/ictf2010.dat
opening succeeds
number of rules in acls: 643
monitoring packets processed: 65536
nat-tcp-v4 packets processed: 65536
monitoring packets processed: 131072
nat-tcp-v4 packets processed: 131072
acl-fw packets processed: 65536
monitoring packets processed: 196608
nat-tcp-v4 packets processed: 196608
acl-fw packets processed: 131072
monitoring packets processed: 262144
nat-tcp-v4 packets processed: 262144
acl-fw packets processed: 196608
monitoring packets processed: 327680
nat-tcp-v4 packets processed: 327680
acl-fw packets processed: 262144
nat-tcp-v4 packets processed: 393216
monitoring packets processed: 393216
nat-tcp-v4 packets processed: 458752
acl-fw packets processed: 327680
monitoring packets processed: 458752
nat-tcp-v4 packets processed: 524288
acl-fw packets processed: 393216
nat-tcp-v4 packets processed: 589824
monitoring packets processed: 524288
acl-fw packets processed: 458752
nat-tcp-v4 packets processed: 655360
monitoring packets processed: 589824
acl-fw packets processed: 524288
nat-tcp-v4 packets processed: 720896
nat-tcp-v4 packets processed: 786432
monitoring packets processed: 655360
acl-fw packets processed: 589824
nat-tcp-v4 packets processed: 851968
monitoring packets processed: 720896
acl-fw packets processed: 655360
nat-tcp-v4 packets processed: 917504
acl-fw packets processed: 720896
monitoring packets processed: 786432
nat-tcp-v4 packets processed: 983040
nat-tcp-v4 packets processed: 1048576
acl-fw packets processed: 786432
monitoring packets processed: 851968
nat-tcp-v4 packets processed: 1114112
acl-fw packets processed: 851968
monitoring packets processed: 917504
nat-tcp-v4 packets processed: 1179648
acl-fw packets processed: 917504
nat-tcp-v4 packets processed: 1245184
monitoring packets processed: 983040
acl-fw packets processed: 983040
nat-tcp-v4 packets processed: 1310720
monitoring packets processed: 1048576
nat-tcp-v4 packets processed: 1376256
acl-fw packets processed: 1048576
monitoring packets processed: 1114112
nat-tcp-v4 packets processed: 1441792
acl-fw packets processed: 1114112
nat-tcp-v4 packets processed: 1507328
monitoring packets processed: 1179648
acl-fw packets processed: 1179648
nat-tcp-v4 packets processed: 1572864
monitoring packets processed: 1245184
nat-tcp-v4 packets processed: 1638400
acl-fw packets processed: 1245184
nat-tcp-v4 packets processed: 1703936
monitoring packets processed: 1310720
acl-fw packets processed: 1310720
nat-tcp-v4 packets processed: 1769472
monitoring packets processed: 1376256
acl-fw packets processed: 1376256
nat-tcp-v4 packets processed: 1835008
acl-fw packets processed: 1441792
nat-tcp-v4 packets processed: 1900544
monitoring packets processed: 1441792
nat-tcp-v4 packets processed: 1966080
acl-fw packets processed: 1507328
monitoring packets processed: 1507328
nat-tcp-v4 packets processed: 2031616
acl-fw packets processed: 1572864
monitoring packets processed: 1572864
nat-tcp-v4 packets processed: 2097152
acl-fw packets processed: 1638400
nat-tcp-v4 packets processed: 2162688
monitoring packets processed: 1638400
nat-tcp-v4 packets processed: 2228224
acl-fw packets processed: 1703936
monitoring packets processed: 1703936
nat-tcp-v4 packets processed: 2293760
acl-fw packets processed: 1769472
nat-tcp-v4 packets processed: 2359296
monitoring packets processed: 1769472
acl-fw packets processed: 1835008
nat-tcp-v4 packets processed: 2424832
Switched CPUS @ tick 967245160086
switching cpus
**** REAL SIMULATION ****
monitoring packets processed: 1835008
acl-fw packets processed: 1900544
nat-tcp-v4 packets processed: 2490368
monitoring packets processed: 1900544
nat-tcp-v4 packets processed: 2555904
acl-fw packets processed: 1966080
nat-tcp-v4 packets processed: 2621440
monitoring packets processed: 1966080
acl-fw packets processed: 2031616
nat-tcp-v4 packets processed: 2686976
monitoring packets processed: 2031616
acl-fw packets processed: 2097152
nat-tcp-v4 packets processed: 2752512
acl-fw packets processed: 2162688
nat-tcp-v4 packets processed: 2818048
monitoring packets processed: 2097152
nat-tcp-v4 packets processed: 2883584
acl-fw packets processed: 2228224
monitoring packets processed: 2162688
nat-tcp-v4 packets processed: 2949120
acl-fw packets processed: 2293760
monitoring packets processed: 2228224
nat-tcp-v4 packets processed: 3014656
acl-fw packets processed: 2359296
nat-tcp-v4 packets processed: 3080192
monitoring packets processed: 2293760
acl-fw packets processed: 2424832
nat-tcp-v4 packets processed: 3145728
monitoring packets processed: 2359296
nat-tcp-v4 packets processed: 3211264
acl-fw packets processed: 2490368
monitoring packets processed: 2424832
nat-tcp-v4 packets processed: 3276800
acl-fw packets processed: 2555904
nat-tcp-v4 packets processed: 3342336
monitoring packets processed: 2490368
acl-fw packets processed: 2621440
nat-tcp-v4 packets processed: 3407872
monitoring packets processed: 2555904
acl-fw packets processed: 2686976
nat-tcp-v4 packets processed: 3473408
monitoring packets processed: 2621440
nat-tcp-v4 packets processed: 3538944
acl-fw packets processed: 2752512
nat-tcp-v4 packets processed: 3604480
monitoring packets processed: 2686976
acl-fw packets processed: 2818048
nat-tcp-v4 packets processed: 3670016
acl-fw packets processed: 2883584
monitoring packets processed: 2752512
nat-tcp-v4 packets processed: 3735552
acl-fw packets processed: 2949120
nat-tcp-v4 packets processed: 3801088
monitoring packets processed: 2818048
nat-tcp-v4 packets processed: 3866624
acl-fw packets processed: 3014656
monitoring packets processed: 2883584
nat-tcp-v4 packets processed: 3932160
acl-fw packets processed: 3080192
monitoring packets processed: 2949120
nat-tcp-v4 packets processed: 3997696
acl-fw packets processed: 3145728
nat-tcp-v4 packets processed: 4063232
monitoring packets processed: 3014656
acl-fw packets processed: 3211264
nat-tcp-v4 packets processed: 4128768
monitoring packets processed: 3080192
nat-tcp-v4 packets processed: 4194304
acl-fw packets processed: 3276800
monitoring packets processed: 3145728
nat-tcp-v4 packets processed: 4259840
acl-fw packets processed: 3342336
nat-tcp-v4 packets processed: 4325376
monitoring packets processed: 3211264
acl-fw packets processed: 3407872
nat-tcp-v4 packets processed: 4390912
monitoring packets processed: 3276800
acl-fw packets processed: 3473408
nat-tcp-v4 packets processed: 4456448
monitoring packets processed: 3342336
nat-tcp-v4 packets processed: 4521984
acl-fw packets processed: 3538944
nat-tcp-v4 packets processed: 4587520
monitoring packets processed: 3407872
acl-fw packets processed: 3604480
nat-tcp-v4 packets processed: 4653056
acl-fw packets processed: 3670016
monitoring packets processed: 3473408
nat-tcp-v4 packets processed: 4718592
acl-fw packets processed: 3735552
nat-tcp-v4 packets processed: 4784128
monitoring packets processed: 3538944
nat-tcp-v4 packets processed: 4849664
acl-fw packets processed: 3801088
monitoring packets processed: 3604480
nat-tcp-v4 packets processed: 4915200
acl-fw packets processed: 3866624
monitoring packets processed: 3670016
nat-tcp-v4 packets processed: 4980736
acl-fw packets processed: 3932160
nat-tcp-v4 packets processed: 5046272
monitoring packets processed: 3735552
acl-fw packets processed: 3997696
nat-tcp-v4 packets processed: 5111808
monitoring packets processed: 3801088
nat-tcp-v4 packets processed: 5177344
acl-fw packets processed: 4063232
monitoring packets processed: 3866624
nat-tcp-v4 packets processed: 5242880
acl-fw packets processed: 4128768
nat-tcp-v4 packets processed: 5308416
monitoring packets processed: 3932160
acl-fw packets processed: 4194304
nat-tcp-v4 packets processed: 5373952
monitoring packets processed: 3997696
acl-fw packets processed: 4259840
nat-tcp-v4 packets processed: 5439488
monitoring packets processed: 4063232
nat-tcp-v4 packets processed: 5505024
acl-fw packets processed: 4325376
nat-tcp-v4 packets processed: 5570560
acl-fw packets processed: 4390912
monitoring packets processed: 4128768
nat-tcp-v4 packets processed: 5636096
acl-fw packets processed: 4456448
monitoring packets processed: 4194304
nat-tcp-v4 packets processed: 5701632
acl-fw packets processed: 4521984
nat-tcp-v4 packets processed: 5767168
monitoring packets processed: 4259840
nat-tcp-v4 packets processed: 5832704
acl-fw packets processed: 4587520
monitoring packets processed: 4325376
nat-tcp-v4 packets processed: 5898240
acl-fw packets processed: 4653056
monitoring packets processed: 4390912
nat-tcp-v4 packets processed: 5963776
acl-fw packets processed: 4718592
nat-tcp-v4 packets processed: 6029312
monitoring packets processed: 4456448
acl-fw packets processed: 4784128
nat-tcp-v4 packets processed: 6094848
monitoring packets processed: 4521984
nat-tcp-v4 packets processed: 6160384
acl-fw packets processed: 4849664
monitoring packets processed: 4587520
nat-tcp-v4 packets processed: 6225920
acl-fw packets processed: 4915200
nat-tcp-v4 packets processed: 6291456
monitoring packets processed: 4653056
acl-fw packets processed: 4980736
nat-tcp-v4 packets processed: 6356992
monitoring packets processed: 4718592
acl-fw packets processed: 5046272
nat-tcp-v4 packets processed: 6422528
acl-fw packets processed: 5111808
nat-tcp-v4 packets processed: 6488064
monitoring packets processed: 4784128
nat-tcp-v4 packets processed: 6553600
acl-fw packets processed: 5177344
monitoring packets processed: 4849664
nat-tcp-v4 packets processed: 6619136
acl-fw packets processed: 5242880
monitoring packets processed: 4915200
nat-tcp-v4 packets processed: 6684672
acl-fw packets processed: 5308416
nat-tcp-v4 packets processed: 6750208
monitoring packets processed: 4980736
acl-fw packets processed: 5373952
nat-tcp-v4 packets processed: 6815744
monitoring packets processed: 5046272
Exiting @ tick 4467401116125 because user interrupt received
