gem5 Simulator System.  http://gem5.org
gem5 is copyrighted software; use the --copyright option for details.

gem5 compiled Jan 22 2020 23:25:24
gem5 started Jan 22 2020 23:34:03
gem5 executing on node-0.yangzhou-qv63200.lambda-mpi-pg0.clemson.cloudlab.us, pid 22438
command line: build/ARM/gem5.fast --remote-gdb-port=0 --outdir=/users/yangzhou/gem5/sgx_nic/m5out/DerivO3CPU_nat-tcp-v4_2MB --stats-file=DerivO3CPU_nat-tcp-v4_2MB_stats.txt configs/example/se_nic.py --interp-dir /usr/aarch64-linux-gnu --redirects /lib=/usr/aarch64-linux-gnu/lib -c nat-tcp-v4 --cpu-type=DerivO3CPU --cpu-clock=2.4GHz --asic-clock=0.56GHz --cacheline_size=128 --caches --l2cache --l2_size=2MB --l2_assoc=16 --mem-size=128GB --mem-type=DDR3_1600_8x8 --mem-channels=2 --mem-ranks=2 --fast-forward=2000000000 --rel-max-tick=5000000000000

['nat-tcp-v4']
{'nat-tcp-v4': [0]} 1 1
Setting the interpreter path to: /usr/aarch64-linux-gnu 
For dynamically linked applications you might still need to setup the --redirects so that libraries are found

Global frequency set at 1000000000000 ticks per second
Switch at instruction count:2000000000
Receiving started
Running 1 pipelines
trying to open file /users/yangzhou/ictf2010.dat
opening succeeds
nat-tcp-v4 packets processed: 65536
nat-tcp-v4 packets processed: 131072
nat-tcp-v4 packets processed: 196608
nat-tcp-v4 packets processed: 262144
nat-tcp-v4 packets processed: 327680
nat-tcp-v4 packets processed: 393216
nat-tcp-v4 packets processed: 458752
nat-tcp-v4 packets processed: 524288
nat-tcp-v4 packets processed: 589824
nat-tcp-v4 packets processed: 655360
nat-tcp-v4 packets processed: 720896
nat-tcp-v4 packets processed: 786432
nat-tcp-v4 packets processed: 851968
nat-tcp-v4 packets processed: 917504
nat-tcp-v4 packets processed: 983040
nat-tcp-v4 packets processed: 1048576
nat-tcp-v4 packets processed: 1114112
nat-tcp-v4 packets processed: 1179648
nat-tcp-v4 packets processed: 1245184
nat-tcp-v4 packets processed: 1310720
nat-tcp-v4 packets processed: 1376256
nat-tcp-v4 packets processed: 1441792
nat-tcp-v4 packets processed: 1507328
nat-tcp-v4 packets processed: 1572864
nat-tcp-v4 packets processed: 1638400
nat-tcp-v4 packets processed: 1703936
nat-tcp-v4 packets processed: 1769472
nat-tcp-v4 packets processed: 1835008
nat-tcp-v4 packets processed: 1900544
Switched CPUS @ tick 947922271215
switching cpus
**** REAL SIMULATION ****
nat-tcp-v4 packets processed: 1966080
nat-tcp-v4 packets processed: 2031616
nat-tcp-v4 packets processed: 2097152
nat-tcp-v4 packets processed: 2162688
nat-tcp-v4 packets processed: 2228224
nat-tcp-v4 packets processed: 2293760
nat-tcp-v4 packets processed: 2359296
nat-tcp-v4 packets processed: 2424832
nat-tcp-v4 packets processed: 2490368
nat-tcp-v4 packets processed: 2555904
nat-tcp-v4 packets processed: 2621440
nat-tcp-v4 packets processed: 2686976
nat-tcp-v4 packets processed: 2752512
nat-tcp-v4 packets processed: 2818048
nat-tcp-v4 packets processed: 2883584
nat-tcp-v4 packets processed: 2949120
nat-tcp-v4 packets processed: 3014656
nat-tcp-v4 packets processed: 3080192
nat-tcp-v4 packets processed: 3145728
nat-tcp-v4 packets processed: 3211264
nat-tcp-v4 packets processed: 3276800
nat-tcp-v4 packets processed: 3342336
nat-tcp-v4 packets processed: 3407872
nat-tcp-v4 packets processed: 3473408
nat-tcp-v4 packets processed: 3538944
nat-tcp-v4 packets processed: 3604480
nat-tcp-v4 packets processed: 3670016
nat-tcp-v4 packets processed: 3735552
nat-tcp-v4 packets processed: 3801088
nat-tcp-v4 packets processed: 3866624
nat-tcp-v4 packets processed: 3932160
nat-tcp-v4 packets processed: 3997696
nat-tcp-v4 packets processed: 4063232
nat-tcp-v4 packets processed: 4128768
nat-tcp-v4 packets processed: 4194304
nat-tcp-v4 packets processed: 4259840
nat-tcp-v4 packets processed: 4325376
nat-tcp-v4 packets processed: 4390912
nat-tcp-v4 packets processed: 4456448
nat-tcp-v4 packets processed: 4521984
nat-tcp-v4 packets processed: 4587520
nat-tcp-v4 packets processed: 4653056
nat-tcp-v4 packets processed: 4718592
nat-tcp-v4 packets processed: 4784128
nat-tcp-v4 packets processed: 4849664
nat-tcp-v4 packets processed: 4915200
nat-tcp-v4 packets processed: 4980736
nat-tcp-v4 packets processed: 5046272
nat-tcp-v4 packets processed: 5111808
nat-tcp-v4 packets processed: 5177344
nat-tcp-v4 packets processed: 5242880
nat-tcp-v4 packets processed: 5308416
nat-tcp-v4 packets processed: 5373952
nat-tcp-v4 packets processed: 5439488
nat-tcp-v4 packets processed: 5505024
nat-tcp-v4 packets processed: 5570560
nat-tcp-v4 packets processed: 5636096
nat-tcp-v4 packets processed: 5701632
nat-tcp-v4 packets processed: 5767168
nat-tcp-v4 packets processed: 5832704
nat-tcp-v4 packets processed: 5898240
nat-tcp-v4 packets processed: 5963776
nat-tcp-v4 packets processed: 6029312
nat-tcp-v4 packets processed: 6094848
nat-tcp-v4 packets processed: 6160384
nat-tcp-v4 packets processed: 6225920
nat-tcp-v4 packets processed: 6291456
nat-tcp-v4 packets processed: 6356992
nat-tcp-v4 packets processed: 6422528
nat-tcp-v4 packets processed: 6488064
nat-tcp-v4 packets processed: 6553600
nat-tcp-v4 packets processed: 6619136
nat-tcp-v4 packets processed: 6684672
nat-tcp-v4 packets processed: 6750208
nat-tcp-v4 packets processed: 6815744
nat-tcp-v4 packets processed: 6881280
nat-tcp-v4 packets processed: 6946816
nat-tcp-v4 packets processed: 7012352
nat-tcp-v4 packets processed: 7077888
nat-tcp-v4 packets processed: 7143424
nat-tcp-v4 packets processed: 7208960
nat-tcp-v4 packets processed: 7274496
nat-tcp-v4 packets processed: 7340032
nat-tcp-v4 packets processed: 7405568
nat-tcp-v4 packets processed: 7471104
nat-tcp-v4 packets processed: 7536640
nat-tcp-v4 packets processed: 7602176
nat-tcp-v4 packets processed: 7667712
nat-tcp-v4 packets processed: 7733248
nat-tcp-v4 packets processed: 7798784
nat-tcp-v4 packets processed: 7864320
nat-tcp-v4 packets processed: 7929856
nat-tcp-v4 packets processed: 7995392
nat-tcp-v4 packets processed: 8060928
nat-tcp-v4 packets processed: 8126464
nat-tcp-v4 packets processed: 8192000
nat-tcp-v4 packets processed: 8257536
nat-tcp-v4 packets processed: 8323072
nat-tcp-v4 packets processed: 8388608
nat-tcp-v4 packets processed: 8454144
nat-tcp-v4 packets processed: 8519680
nat-tcp-v4 packets processed: 8585216
nat-tcp-v4 packets processed: 8650752
nat-tcp-v4 packets processed: 8716288
nat-tcp-v4 packets processed: 8781824
nat-tcp-v4 packets processed: 8847360
nat-tcp-v4 packets processed: 8912896
nat-tcp-v4 packets processed: 8978432
nat-tcp-v4 packets processed: 9043968
nat-tcp-v4 packets processed: 9109504
nat-tcp-v4 packets processed: 9175040
nat-tcp-v4 packets processed: 9240576
nat-tcp-v4 packets processed: 9306112
nat-tcp-v4 packets processed: 9371648
nat-tcp-v4 packets processed: 9437184
nat-tcp-v4 packets processed: 9502720
nat-tcp-v4 packets processed: 9568256
nat-tcp-v4 packets processed: 9633792
nat-tcp-v4 packets processed: 9699328
nat-tcp-v4 packets processed: 9764864
nat-tcp-v4 packets processed: 9830400
nat-tcp-v4 packets processed: 9895936
nat-tcp-v4 packets processed: 9961472
nat-tcp-v4 packets processed: 10027008
nat-tcp-v4 packets processed: 10092544
nat-tcp-v4 packets processed: 10158080
nat-tcp-v4 packets processed: 10223616
nat-tcp-v4 packets processed: 10289152
nat-tcp-v4 packets processed: 10354688
nat-tcp-v4 packets processed: 10420224
nat-tcp-v4 packets processed: 10485760
nat-tcp-v4 packets processed: 10551296
nat-tcp-v4 packets processed: 10616832
nat-tcp-v4 packets processed: 10682368
nat-tcp-v4 packets processed: 10747904
nat-tcp-v4 packets processed: 10813440
nat-tcp-v4 packets processed: 10878976
nat-tcp-v4 packets processed: 10944512
nat-tcp-v4 packets processed: 11010048
nat-tcp-v4 packets processed: 11075584
nat-tcp-v4 packets processed: 11141120
nat-tcp-v4 packets processed: 11206656
nat-tcp-v4 packets processed: 11272192
nat-tcp-v4 packets processed: 11337728
nat-tcp-v4 packets processed: 11403264
nat-tcp-v4 packets processed: 11468800
nat-tcp-v4 packets processed: 11534336
nat-tcp-v4 packets processed: 11599872
nat-tcp-v4 packets processed: 11665408
nat-tcp-v4 packets processed: 11730944
nat-tcp-v4 packets processed: 11796480
nat-tcp-v4 packets processed: 11862016
nat-tcp-v4 packets processed: 11927552
nat-tcp-v4 packets processed: 11993088
nat-tcp-v4 packets processed: 12058624
nat-tcp-v4 packets processed: 12124160
nat-tcp-v4 packets processed: 12189696
nat-tcp-v4 packets processed: 12255232
nat-tcp-v4 packets processed: 12320768
nat-tcp-v4 packets processed: 12386304
nat-tcp-v4 packets processed: 12451840
nat-tcp-v4 packets processed: 12517376
nat-tcp-v4 packets processed: 12582912
nat-tcp-v4 packets processed: 12648448
nat-tcp-v4 packets processed: 12713984
nat-tcp-v4 packets processed: 12779520
nat-tcp-v4 packets processed: 12845056
nat-tcp-v4 packets processed: 12910592
nat-tcp-v4 packets processed: 12976128
nat-tcp-v4 packets processed: 13041664
nat-tcp-v4 packets processed: 13107200
nat-tcp-v4 packets processed: 13172736
nat-tcp-v4 packets processed: 13238272
nat-tcp-v4 packets processed: 13303808
nat-tcp-v4 packets processed: 13369344
nat-tcp-v4 packets processed: 13434880
nat-tcp-v4 packets processed: 13500416
nat-tcp-v4 packets processed: 13565952
nat-tcp-v4 packets processed: 13631488
nat-tcp-v4 packets processed: 13697024
nat-tcp-v4 packets processed: 13762560
nat-tcp-v4 packets processed: 13828096
nat-tcp-v4 packets processed: 13893632
nat-tcp-v4 packets processed: 13959168
nat-tcp-v4 packets processed: 14024704
nat-tcp-v4 packets processed: 14090240
nat-tcp-v4 packets processed: 14155776
nat-tcp-v4 packets processed: 14221312
nat-tcp-v4 packets processed: 14286848
nat-tcp-v4 packets processed: 14352384
nat-tcp-v4 packets processed: 14417920
nat-tcp-v4 packets processed: 14483456
nat-tcp-v4 packets processed: 14548992
nat-tcp-v4 packets processed: 14614528
nat-tcp-v4 packets processed: 14680064
nat-tcp-v4 packets processed: 14745600
nat-tcp-v4 packets processed: 14811136
nat-tcp-v4 packets processed: 14876672
nat-tcp-v4 packets processed: 14942208
nat-tcp-v4 packets processed: 15007744
nat-tcp-v4 packets processed: 15073280
nat-tcp-v4 packets processed: 15138816
nat-tcp-v4 packets processed: 15204352
nat-tcp-v4 packets processed: 15269888
nat-tcp-v4 packets processed: 15335424
nat-tcp-v4 packets processed: 15400960
nat-tcp-v4 packets processed: 15466496
nat-tcp-v4 packets processed: 15532032
nat-tcp-v4 packets processed: 15597568
nat-tcp-v4 packets processed: 15663104
nat-tcp-v4 packets processed: 15728640
nat-tcp-v4 packets processed: 15794176
nat-tcp-v4 packets processed: 15859712
nat-tcp-v4 packets processed: 15925248
Exiting @ tick 4059452966817 because user interrupt received
