gem5 Simulator System.  http://gem5.org
gem5 is copyrighted software; use the --copyright option for details.

gem5 compiled Jan 22 2020 23:27:20
gem5 started Jan 22 2020 23:34:13
gem5 executing on node-0.yangzhou-qv63708.lambda-mpi-pg0.clemson.cloudlab.us, pid 140370
command line: build/ARM/gem5.fast --remote-gdb-port=0 --outdir=/users/yangzhou/gem5/sgx_nic/m5out/DerivO3CPU_acl-fw.nat-tcp-v4.maglev_4MB --stats-file=DerivO3CPU_acl-fw.nat-tcp-v4.maglev_4MB_stats.txt configs/example/se_nic.py --interp-dir /usr/aarch64-linux-gnu --redirects /lib=/usr/aarch64-linux-gnu/lib -c 'acl-fw;nat-tcp-v4;maglev' --cpu-type=DerivO3CPU --cpu-clock=2.4GHz --asic-clock=0.56GHz --cacheline_size=128 --caches --l2cache --l2_size=4MB --l2_assoc=16 --mem-size=128GB --mem-type=DDR3_1600_8x8 --mem-channels=2 --mem-ranks=2 --fast-forward=2000000000 --rel-max-tick=5000000000000

['acl-fw', 'nat-tcp-v4', 'maglev']
{'maglev': [2], 'nat-tcp-v4': [1], 'acl-fw': [0]} 3 3
Setting the interpreter path to: /usr/aarch64-linux-gnu 
For dynamically linked applications you might still need to setup the --redirects so that libraries are found

Global frequency set at 1000000000000 ticks per second
Switch at instruction count:2000000000
Receiving started
Receiving started
Running 1 pipelines
Running 1 pipelines
trying to open file /users/yangzhou/ictf2010.dat
trying to open file /users/yangzhou/ictf2010.dat
opening succeeds
opening succeeds
Receiving port Simulate queue
Running 1 pipelines
trying to open file /users/yangzhou/ictf2010.dat
opening succeeds
Generating permutations
Generating LUT
number of rules in acls: 643
Done Generating LUT
maglev packets processed: 65536
nat-tcp-v4 packets processed: 65536
maglev packets processed: 131072
maglev packets processed: 196608
nat-tcp-v4 packets processed: 131072
acl-fw packets processed: 65536
maglev packets processed: 262144
nat-tcp-v4 packets processed: 196608
acl-fw packets processed: 131072
nat-tcp-v4 packets processed: 262144
maglev packets processed: 327680
acl-fw packets processed: 196608
nat-tcp-v4 packets processed: 327680
maglev packets processed: 393216
acl-fw packets processed: 262144
nat-tcp-v4 packets processed: 393216
maglev packets processed: 458752
nat-tcp-v4 packets processed: 458752
acl-fw packets processed: 327680
maglev packets processed: 524288
nat-tcp-v4 packets processed: 524288
acl-fw packets processed: 393216
nat-tcp-v4 packets processed: 589824
maglev packets processed: 589824
acl-fw packets processed: 458752
nat-tcp-v4 packets processed: 655360
maglev packets processed: 655360
acl-fw packets processed: 524288
nat-tcp-v4 packets processed: 720896
maglev packets processed: 720896
nat-tcp-v4 packets processed: 786432
acl-fw packets processed: 589824
maglev packets processed: 786432
nat-tcp-v4 packets processed: 851968
acl-fw packets processed: 655360
nat-tcp-v4 packets processed: 917504
maglev packets processed: 851968
acl-fw packets processed: 720896
nat-tcp-v4 packets processed: 983040
maglev packets processed: 917504
nat-tcp-v4 packets processed: 1048576
acl-fw packets processed: 786432
maglev packets processed: 983040
nat-tcp-v4 packets processed: 1114112
acl-fw packets processed: 851968
maglev packets processed: 1048576
nat-tcp-v4 packets processed: 1179648
acl-fw packets processed: 917504
nat-tcp-v4 packets processed: 1245184
maglev packets processed: 1114112
acl-fw packets processed: 983040
nat-tcp-v4 packets processed: 1310720
maglev packets processed: 1179648
nat-tcp-v4 packets processed: 1376256
acl-fw packets processed: 1048576
maglev packets processed: 1245184
nat-tcp-v4 packets processed: 1441792
acl-fw packets processed: 1114112
maglev packets processed: 1310720
nat-tcp-v4 packets processed: 1507328
acl-fw packets processed: 1179648
maglev packets processed: 1376256
nat-tcp-v4 packets processed: 1572864
nat-tcp-v4 packets processed: 1638400
acl-fw packets processed: 1245184
maglev packets processed: 1441792
nat-tcp-v4 packets processed: 1703936
acl-fw packets processed: 1310720
maglev packets processed: 1507328
nat-tcp-v4 packets processed: 1769472
maglev packets processed: 1572864
acl-fw packets processed: 1376256
nat-tcp-v4 packets processed: 1835008
maglev packets processed: 1638400
acl-fw packets processed: 1441792
nat-tcp-v4 packets processed: 1900544
nat-tcp-v4 packets processed: 1966080
maglev packets processed: 1703936
acl-fw packets processed: 1507328
nat-tcp-v4 packets processed: 2031616
maglev packets processed: 1769472
acl-fw packets processed: 1572864
nat-tcp-v4 packets processed: 2097152
maglev packets processed: 1835008
acl-fw packets processed: 1638400
nat-tcp-v4 packets processed: 2162688
maglev packets processed: 1900544
nat-tcp-v4 packets processed: 2228224
acl-fw packets processed: 1703936
nat-tcp-v4 packets processed: 2293760
maglev packets processed: 1966080
acl-fw packets processed: 1769472
Switched CPUS @ tick 939543264201
switching cpus
**** REAL SIMULATION ****
nat-tcp-v4 packets processed: 2359296
maglev packets processed: 2031616
acl-fw packets processed: 1835008
nat-tcp-v4 packets processed: 2424832
acl-fw packets processed: 1900544
maglev packets processed: 2097152
nat-tcp-v4 packets processed: 2490368
acl-fw packets processed: 1966080
nat-tcp-v4 packets processed: 2555904
maglev packets processed: 2162688
nat-tcp-v4 packets processed: 2621440
acl-fw packets processed: 2031616
maglev packets processed: 2228224
nat-tcp-v4 packets processed: 2686976
acl-fw packets processed: 2097152
maglev packets processed: 2293760
nat-tcp-v4 packets processed: 2752512
acl-fw packets processed: 2162688
nat-tcp-v4 packets processed: 2818048
maglev packets processed: 2359296
acl-fw packets processed: 2228224
nat-tcp-v4 packets processed: 2883584
maglev packets processed: 2424832
acl-fw packets processed: 2293760
nat-tcp-v4 packets processed: 2949120
nat-tcp-v4 packets processed: 3014656
acl-fw packets processed: 2359296
maglev packets processed: 2490368
nat-tcp-v4 packets processed: 3080192
acl-fw packets processed: 2424832
maglev packets processed: 2555904
nat-tcp-v4 packets processed: 3145728
acl-fw packets processed: 2490368
maglev packets processed: 2621440
nat-tcp-v4 packets processed: 3211264
acl-fw packets processed: 2555904
nat-tcp-v4 packets processed: 3276800
maglev packets processed: 2686976
acl-fw packets processed: 2621440
nat-tcp-v4 packets processed: 3342336
maglev packets processed: 2752512
acl-fw packets processed: 2686976
nat-tcp-v4 packets processed: 3407872
Exiting @ tick 1155548426448 because user interrupt received
