gem5 Simulator System.  http://gem5.org
gem5 is copyrighted software; use the --copyright option for details.

gem5 compiled Jan 22 2020 23:32:40
gem5 started Jan 23 2020 10:46:41
gem5 executing on node-1.yangzhou-qv63200.lambda-mpi-pg0.clemson.cloudlab.us, pid 79370
command line: build/ARM/gem5.fast --remote-gdb-port=0 --outdir=/users/yangzhou/gem5/sgx_nic/m5out/DerivO3CPU_monitoring_8kB --stats-file=DerivO3CPU_monitoring_8kB_stats.txt configs/example/se_nic.py --interp-dir /usr/aarch64-linux-gnu --redirects /lib=/usr/aarch64-linux-gnu/lib -c monitoring --cpu-type=DerivO3CPU --cpu-clock=2.4GHz --asic-clock=0.56GHz --cacheline_size=128 --caches --l2cache --l2_size=8kB --l2_assoc=16 --mem-size=128GB --mem-type=DDR3_1600_8x8 --mem-channels=2 --mem-ranks=2 --fast-forward=2000000000 --rel-max-tick=5000000000000

['monitoring']
{'monitoring': [0]} 1 1
Setting the interpreter path to: /usr/aarch64-linux-gnu 
For dynamically linked applications you might still need to setup the --redirects so that libraries are found

Global frequency set at 1000000000000 ticks per second
Switch at instruction count:2000000000
Receiving started
Running 1 pipelines
trying to open file /users/yangzhou/ictf2010.dat
opening succeeds
monitoring packets processed: 65536
monitoring packets processed: 131072
monitoring packets processed: 196608
monitoring packets processed: 262144
monitoring packets processed: 327680
monitoring packets processed: 393216
monitoring packets processed: 458752
monitoring packets processed: 524288
monitoring packets processed: 589824
monitoring packets processed: 655360
monitoring packets processed: 720896
monitoring packets processed: 786432
monitoring packets processed: 851968
monitoring packets processed: 917504
monitoring packets processed: 983040
monitoring packets processed: 1048576
monitoring packets processed: 1114112
monitoring packets processed: 1179648
monitoring packets processed: 1245184
monitoring packets processed: 1310720
monitoring packets processed: 1376256
monitoring packets processed: 1441792
monitoring packets processed: 1507328
monitoring packets processed: 1572864
monitoring packets processed: 1638400
monitoring packets processed: 1703936
monitoring packets processed: 1769472
monitoring packets processed: 1835008
Switched CPUS @ tick 978073858203
switching cpus
**** REAL SIMULATION ****
monitoring packets processed: 1900544
monitoring packets processed: 1966080
monitoring packets processed: 2031616
monitoring packets processed: 2097152
monitoring packets processed: 2162688
monitoring packets processed: 2228224
Exiting @ tick 1138855780089 because user interrupt received
