gem5 Simulator System.  http://gem5.org
gem5 is copyrighted software; use the --copyright option for details.

gem5 compiled Jan 22 2020 23:27:20
gem5 started Jan 22 2020 23:34:13
gem5 executing on node-0.yangzhou-qv63708.lambda-mpi-pg0.clemson.cloudlab.us, pid 140423
command line: build/ARM/gem5.fast --remote-gdb-port=0 --outdir=/users/yangzhou/gem5/sgx_nic/m5out/TimingSimpleCPU_acl-fw.lpm.monitoring_4MB --stats-file=TimingSimpleCPU_acl-fw.lpm.monitoring_4MB_stats.txt configs/example/se_nic.py --interp-dir /usr/aarch64-linux-gnu --redirects /lib=/usr/aarch64-linux-gnu/lib -c 'acl-fw;lpm;monitoring' --cpu-type=TimingSimpleCPU --cpu-clock=2.4GHz --asic-clock=0.56GHz --cacheline_size=128 --caches --l2cache --l2_size=4MB --l2_assoc=16 --mem-size=128GB --mem-type=DDR3_1600_8x8 --mem-channels=2 --mem-ranks=2 --fast-forward=2000000000 --rel-max-tick=5000000000000

['acl-fw', 'lpm', 'monitoring']
{'lpm': [1], 'monitoring': [2], 'acl-fw': [0]} 3 3
Setting the interpreter path to: /usr/aarch64-linux-gnu 
For dynamically linked applications you might still need to setup the --redirects so that libraries are found

Global frequency set at 1000000000000 ticks per second
Switch at instruction count:2000000000
Receiving started
Receiving started
Receiving port Simulate queue
Running 1 pipelines
Running 1 pipelines
trying to open file /users/yangzhou/ictf2010.dat
opening succeeds
trying to open file /users/yangzhou/ictf2010.dat
opening succeeds
Receiving port Simulate queue
Running 1 pipelines
trying to open file /users/yangzhou/ictf2010.dat
opening succeeds
number of rules in acls: 643
monitoring packets processed: 65536
monitoring packets processed: 131072
acl-fw packets processed: 65536
monitoring packets processed: 196608
lpm packets processed: 65536
lpm packets processed: 131072
acl-fw packets processed: 131072
monitoring packets processed: 262144
lpm packets processed: 196608
lpm packets processed: 262144
acl-fw packets processed: 196608
monitoring packets processed: 327680
lpm packets processed: 327680
acl-fw packets processed: 262144
lpm packets processed: 393216
monitoring packets processed: 393216
lpm packets processed: 458752
acl-fw packets processed: 327680
lpm packets processed: 524288
monitoring packets processed: 458752
acl-fw packets processed: 393216
lpm packets processed: 589824
monitoring packets processed: 524288
lpm packets processed: 655360
acl-fw packets processed: 458752
lpm packets processed: 720896
monitoring packets processed: 589824
lpm packets processed: 786432
acl-fw packets processed: 524288
lpm packets processed: 851968
monitoring packets processed: 655360
acl-fw packets processed: 589824
lpm packets processed: 917504
lpm packets processed: 983040
monitoring packets processed: 720896
acl-fw packets processed: 655360
lpm packets processed: 1048576
lpm packets processed: 1114112
acl-fw packets processed: 720896
monitoring packets processed: 786432
lpm packets processed: 1179648
acl-fw packets processed: 786432
monitoring packets processed: 851968
lpm packets processed: 1245184
lpm packets processed: 1310720
acl-fw packets processed: 851968
monitoring packets processed: 917504
lpm packets processed: 1376256
acl-fw packets processed: 917504
lpm packets processed: 1441792
monitoring packets processed: 983040
lpm packets processed: 1507328
acl-fw packets processed: 983040
lpm packets processed: 1572864
monitoring packets processed: 1048576
lpm packets processed: 1638400
acl-fw packets processed: 1048576
lpm packets processed: 1703936
monitoring packets processed: 1114112
acl-fw packets processed: 1114112
lpm packets processed: 1769472
monitoring packets processed: 1179648
lpm packets processed: 1835008
acl-fw packets processed: 1179648
lpm packets processed: 1900544
monitoring packets processed: 1245184
lpm packets processed: 1966080
acl-fw packets processed: 1245184
lpm packets processed: 2031616
monitoring packets processed: 1310720
acl-fw packets processed: 1310720
lpm packets processed: 2097152
lpm packets processed: 2162688
monitoring packets processed: 1376256
acl-fw packets processed: 1376256
lpm packets processed: 2228224
acl-fw packets processed: 1441792
monitoring packets processed: 1441792
lpm packets processed: 2293760
lpm packets processed: 2359296
acl-fw packets processed: 1507328
monitoring packets processed: 1507328
lpm packets processed: 2424832
lpm packets processed: 2490368
acl-fw packets processed: 1572864
monitoring packets processed: 1572864
lpm packets processed: 2555904
acl-fw packets processed: 1638400
lpm packets processed: 2621440
monitoring packets processed: 1638400
lpm packets processed: 2686976
acl-fw packets processed: 1703936
lpm packets processed: 2752512
monitoring packets processed: 1703936
acl-fw packets processed: 1769472
lpm packets processed: 2818048
monitoring packets processed: 1769472
lpm packets processed: 2883584
Switched CPUS @ tick 957954547287
switching cpus
**** REAL SIMULATION ****
acl-fw packets processed: 1835008
lpm packets processed: 2949120
monitoring packets processed: 1835008
lpm packets processed: 3014656
acl-fw packets processed: 1900544
lpm packets processed: 3080192
monitoring packets processed: 1900544
acl-fw packets processed: 1966080
lpm packets processed: 3145728
lpm packets processed: 3211264
monitoring packets processed: 1966080
acl-fw packets processed: 2031616
lpm packets processed: 3276800
monitoring packets processed: 2031616
acl-fw packets processed: 2097152
lpm packets processed: 3342336
lpm packets processed: 3407872
acl-fw packets processed: 2162688
monitoring packets processed: 2097152
lpm packets processed: 3473408
lpm packets processed: 3538944
acl-fw packets processed: 2228224
monitoring packets processed: 2162688
lpm packets processed: 3604480
acl-fw packets processed: 2293760
lpm packets processed: 3670016
monitoring packets processed: 2228224
lpm packets processed: 3735552
acl-fw packets processed: 2359296
monitoring packets processed: 2293760
lpm packets processed: 3801088
acl-fw packets processed: 2424832
lpm packets processed: 3866624
monitoring packets processed: 2359296
lpm packets processed: 3932160
acl-fw packets processed: 2490368
lpm packets processed: 3997696
monitoring packets processed: 2424832
lpm packets processed: 4063232
acl-fw packets processed: 2555904
lpm packets processed: 4128768
monitoring packets processed: 2490368
acl-fw packets processed: 2621440
lpm packets processed: 4194304
monitoring packets processed: 2555904
lpm packets processed: 4259840
acl-fw packets processed: 2686976
lpm packets processed: 4325376
monitoring packets processed: 2621440
acl-fw packets processed: 2752512
lpm packets processed: 4390912
lpm packets processed: 4456448
monitoring packets processed: 2686976
acl-fw packets processed: 2818048
lpm packets processed: 4521984
lpm packets processed: 4587520
acl-fw packets processed: 2883584
monitoring packets processed: 2752512
lpm packets processed: 4653056
acl-fw packets processed: 2949120
monitoring packets processed: 2818048
lpm packets processed: 4718592
lpm packets processed: 4784128
acl-fw packets processed: 3014656
monitoring packets processed: 2883584
lpm packets processed: 4849664
acl-fw packets processed: 3080192
lpm packets processed: 4915200
monitoring packets processed: 2949120
lpm packets processed: 4980736
acl-fw packets processed: 3145728
lpm packets processed: 5046272
monitoring packets processed: 3014656
lpm packets processed: 5111808
acl-fw packets processed: 3211264
monitoring packets processed: 3080192
lpm packets processed: 5177344
acl-fw packets processed: 3276800
lpm packets processed: 5242880
monitoring packets processed: 3145728
lpm packets processed: 5308416
acl-fw packets processed: 3342336
lpm packets processed: 5373952
monitoring packets processed: 3211264
acl-fw packets processed: 3407872
lpm packets processed: 5439488
lpm packets processed: 5505024
monitoring packets processed: 3276800
acl-fw packets processed: 3473408
lpm packets processed: 5570560
monitoring packets processed: 3342336
acl-fw packets processed: 3538944
lpm packets processed: 5636096
lpm packets processed: 5701632
monitoring packets processed: 3407872
acl-fw packets processed: 3604480
lpm packets processed: 5767168
lpm packets processed: 5832704
acl-fw packets processed: 3670016
monitoring packets processed: 3473408
lpm packets processed: 5898240
acl-fw packets processed: 3735552
lpm packets processed: 5963776
monitoring packets processed: 3538944
lpm packets processed: 6029312
acl-fw packets processed: 3801088
monitoring packets processed: 3604480
lpm packets processed: 6094848
acl-fw packets processed: 3866624
lpm packets processed: 6160384
monitoring packets processed: 3670016
lpm packets processed: 6225920
acl-fw packets processed: 3932160
lpm packets processed: 6291456
monitoring packets processed: 3735552
lpm packets processed: 6356992
acl-fw packets processed: 3997696
lpm packets processed: 6422528
monitoring packets processed: 3801088
acl-fw packets processed: 4063232
lpm packets processed: 6488064
monitoring packets processed: 3866624
lpm packets processed: 6553600
acl-fw packets processed: 4128768
lpm packets processed: 6619136
monitoring packets processed: 3932160
acl-fw packets processed: 4194304
lpm packets processed: 6684672
lpm packets processed: 6750208
monitoring packets processed: 3997696
acl-fw packets processed: 4259840
lpm packets processed: 6815744
lpm packets processed: 6881280
monitoring packets processed: 4063232
acl-fw packets processed: 4325376
lpm packets processed: 6946816
acl-fw packets processed: 4390912
monitoring packets processed: 4128768
lpm packets processed: 7012352
lpm packets processed: 7077888
acl-fw packets processed: 4456448
monitoring packets processed: 4194304
lpm packets processed: 7143424
acl-fw packets processed: 4521984
lpm packets processed: 7208960
monitoring packets processed: 4259840
lpm packets processed: 7274496
acl-fw packets processed: 4587520
lpm packets processed: 7340032
monitoring packets processed: 4325376
lpm packets processed: 7405568
acl-fw packets processed: 4653056
monitoring packets processed: 4390912
lpm packets processed: 7471104
acl-fw packets processed: 4718592
lpm packets processed: 7536640
monitoring packets processed: 4456448
lpm packets processed: 7602176
acl-fw packets processed: 4784128
lpm packets processed: 7667712
monitoring packets processed: 4521984
acl-fw packets processed: 4849664
lpm packets processed: 7733248
lpm packets processed: 7798784
monitoring packets processed: 4587520
acl-fw packets processed: 4915200
lpm packets processed: 7864320
monitoring packets processed: 4653056
lpm packets processed: 7929856
acl-fw packets processed: 4980736
lpm packets processed: 7995392
monitoring packets processed: 4718592
acl-fw packets processed: 5046272
lpm packets processed: 8060928
lpm packets processed: 8126464
acl-fw packets processed: 5111808
monitoring packets processed: 4784128
lpm packets processed: 8192000
acl-fw packets processed: 5177344
monitoring packets processed: 4849664
lpm packets processed: 8257536
lpm packets processed: 8323072
acl-fw packets processed: 5242880
monitoring packets processed: 4915200
lpm packets processed: 8388608
acl-fw packets processed: 5308416
lpm packets processed: 8454144
monitoring packets processed: 4980736
lpm packets processed: 8519680
acl-fw packets processed: 5373952
lpm packets processed: 8585216
monitoring packets processed: 5046272
lpm packets processed: 8650752
acl-fw packets processed: 5439488
monitoring packets processed: 5111808
lpm packets processed: 8716288
Exiting @ tick 4531416455793 because user interrupt received
