gem5 Simulator System.  http://gem5.org
gem5 is copyrighted software; use the --copyright option for details.

gem5 compiled Jan 22 2020 23:32:40
gem5 started Jan 23 2020 10:46:42
gem5 executing on node-1.yangzhou-qv63200.lambda-mpi-pg0.clemson.cloudlab.us, pid 79377
command line: build/ARM/gem5.fast --remote-gdb-port=0 --outdir=/users/yangzhou/gem5/sgx_nic/m5out/DerivO3CPU_nat-tcp-v4_32kB --stats-file=DerivO3CPU_nat-tcp-v4_32kB_stats.txt configs/example/se_nic.py --interp-dir /usr/aarch64-linux-gnu --redirects /lib=/usr/aarch64-linux-gnu/lib -c nat-tcp-v4 --cpu-type=DerivO3CPU --cpu-clock=2.4GHz --asic-clock=0.56GHz --cacheline_size=128 --caches --l2cache --l2_size=32kB --l2_assoc=16 --mem-size=128GB --mem-type=DDR3_1600_8x8 --mem-channels=2 --mem-ranks=2 --fast-forward=2000000000 --rel-max-tick=5000000000000

['nat-tcp-v4']
{'nat-tcp-v4': [0]} 1 1
Setting the interpreter path to: /usr/aarch64-linux-gnu 
For dynamically linked applications you might still need to setup the --redirects so that libraries are found

Global frequency set at 1000000000000 ticks per second
Switch at instruction count:2000000000
Receiving started
Running 1 pipelines
trying to open file /users/yangzhou/ictf2010.dat
opening succeeds
nat-tcp-v4 packets processed: 65536
nat-tcp-v4 packets processed: 131072
nat-tcp-v4 packets processed: 196608
nat-tcp-v4 packets processed: 262144
nat-tcp-v4 packets processed: 327680
nat-tcp-v4 packets processed: 393216
nat-tcp-v4 packets processed: 458752
nat-tcp-v4 packets processed: 524288
nat-tcp-v4 packets processed: 589824
nat-tcp-v4 packets processed: 655360
nat-tcp-v4 packets processed: 720896
nat-tcp-v4 packets processed: 786432
nat-tcp-v4 packets processed: 851968
nat-tcp-v4 packets processed: 917504
nat-tcp-v4 packets processed: 983040
nat-tcp-v4 packets processed: 1048576
nat-tcp-v4 packets processed: 1114112
nat-tcp-v4 packets processed: 1179648
nat-tcp-v4 packets processed: 1245184
nat-tcp-v4 packets processed: 1310720
nat-tcp-v4 packets processed: 1376256
nat-tcp-v4 packets processed: 1441792
nat-tcp-v4 packets processed: 1507328
nat-tcp-v4 packets processed: 1572864
nat-tcp-v4 packets processed: 1638400
nat-tcp-v4 packets processed: 1703936
nat-tcp-v4 packets processed: 1769472
nat-tcp-v4 packets processed: 1835008
nat-tcp-v4 packets processed: 1900544
nat-tcp-v4 packets processed: 1966080
nat-tcp-v4 packets processed: 2031616
nat-tcp-v4 packets processed: 2097152
nat-tcp-v4 packets processed: 2162688
nat-tcp-v4 packets processed: 2228224
nat-tcp-v4 packets processed: 2293760
nat-tcp-v4 packets processed: 2359296
nat-tcp-v4 packets processed: 2424832
Switched CPUS @ tick 971302238571
switching cpus
**** REAL SIMULATION ****
nat-tcp-v4 packets processed: 2490368
nat-tcp-v4 packets processed: 2555904
nat-tcp-v4 packets processed: 2621440
nat-tcp-v4 packets processed: 2686976
nat-tcp-v4 packets processed: 2752512
nat-tcp-v4 packets processed: 2818048
nat-tcp-v4 packets processed: 2883584
nat-tcp-v4 packets processed: 2949120
nat-tcp-v4 packets processed: 3014656
Exiting @ tick 1153337374854 because user interrupt received
