gem5 Simulator System.  http://gem5.org
gem5 is copyrighted software; use the --copyright option for details.

gem5 compiled Jan 22 2020 23:25:24
gem5 started Jan 22 2020 23:34:03
gem5 executing on node-0.yangzhou-qv63200.lambda-mpi-pg0.clemson.cloudlab.us, pid 22362
command line: build/ARM/gem5.fast --remote-gdb-port=0 --outdir=/users/yangzhou/gem5/sgx_nic/m5out/TimingSimpleCPU_nat-tcp-v4_1MB --stats-file=TimingSimpleCPU_nat-tcp-v4_1MB_stats.txt configs/example/se_nic.py --interp-dir /usr/aarch64-linux-gnu --redirects /lib=/usr/aarch64-linux-gnu/lib -c nat-tcp-v4 --cpu-type=TimingSimpleCPU --cpu-clock=2.4GHz --asic-clock=0.56GHz --cacheline_size=128 --caches --l2cache --l2_size=1MB --l2_assoc=16 --mem-size=128GB --mem-type=DDR3_1600_8x8 --mem-channels=2 --mem-ranks=2 --fast-forward=2000000000 --rel-max-tick=5000000000000

['nat-tcp-v4']
{'nat-tcp-v4': [0]} 1 1
Setting the interpreter path to: /usr/aarch64-linux-gnu 
For dynamically linked applications you might still need to setup the --redirects so that libraries are found

Global frequency set at 1000000000000 ticks per second
Switch at instruction count:2000000000
Receiving started
Running 1 pipelines
trying to open file /users/yangzhou/ictf2010.dat
opening succeeds
nat-tcp-v4 packets processed: 65536
nat-tcp-v4 packets processed: 131072
nat-tcp-v4 packets processed: 196608
nat-tcp-v4 packets processed: 262144
nat-tcp-v4 packets processed: 327680
nat-tcp-v4 packets processed: 393216
nat-tcp-v4 packets processed: 458752
nat-tcp-v4 packets processed: 524288
nat-tcp-v4 packets processed: 589824
nat-tcp-v4 packets processed: 655360
nat-tcp-v4 packets processed: 720896
nat-tcp-v4 packets processed: 786432
nat-tcp-v4 packets processed: 851968
nat-tcp-v4 packets processed: 917504
nat-tcp-v4 packets processed: 983040
nat-tcp-v4 packets processed: 1048576
nat-tcp-v4 packets processed: 1114112
nat-tcp-v4 packets processed: 1179648
nat-tcp-v4 packets processed: 1245184
nat-tcp-v4 packets processed: 1310720
nat-tcp-v4 packets processed: 1376256
nat-tcp-v4 packets processed: 1441792
nat-tcp-v4 packets processed: 1507328
nat-tcp-v4 packets processed: 1572864
nat-tcp-v4 packets processed: 1638400
nat-tcp-v4 packets processed: 1703936
nat-tcp-v4 packets processed: 1769472
nat-tcp-v4 packets processed: 1835008
nat-tcp-v4 packets processed: 1900544
Switched CPUS @ tick 947922271215
switching cpus
**** REAL SIMULATION ****
nat-tcp-v4 packets processed: 1966080
nat-tcp-v4 packets processed: 2031616
nat-tcp-v4 packets processed: 2097152
nat-tcp-v4 packets processed: 2162688
nat-tcp-v4 packets processed: 2228224
nat-tcp-v4 packets processed: 2293760
nat-tcp-v4 packets processed: 2359296
nat-tcp-v4 packets processed: 2424832
nat-tcp-v4 packets processed: 2490368
nat-tcp-v4 packets processed: 2555904
nat-tcp-v4 packets processed: 2621440
nat-tcp-v4 packets processed: 2686976
nat-tcp-v4 packets processed: 2752512
nat-tcp-v4 packets processed: 2818048
nat-tcp-v4 packets processed: 2883584
nat-tcp-v4 packets processed: 2949120
nat-tcp-v4 packets processed: 3014656
nat-tcp-v4 packets processed: 3080192
nat-tcp-v4 packets processed: 3145728
nat-tcp-v4 packets processed: 3211264
nat-tcp-v4 packets processed: 3276800
nat-tcp-v4 packets processed: 3342336
nat-tcp-v4 packets processed: 3407872
nat-tcp-v4 packets processed: 3473408
nat-tcp-v4 packets processed: 3538944
nat-tcp-v4 packets processed: 3604480
nat-tcp-v4 packets processed: 3670016
nat-tcp-v4 packets processed: 3735552
nat-tcp-v4 packets processed: 3801088
nat-tcp-v4 packets processed: 3866624
nat-tcp-v4 packets processed: 3932160
nat-tcp-v4 packets processed: 3997696
nat-tcp-v4 packets processed: 4063232
nat-tcp-v4 packets processed: 4128768
nat-tcp-v4 packets processed: 4194304
nat-tcp-v4 packets processed: 4259840
nat-tcp-v4 packets processed: 4325376
nat-tcp-v4 packets processed: 4390912
nat-tcp-v4 packets processed: 4456448
nat-tcp-v4 packets processed: 4521984
nat-tcp-v4 packets processed: 4587520
nat-tcp-v4 packets processed: 4653056
nat-tcp-v4 packets processed: 4718592
nat-tcp-v4 packets processed: 4784128
nat-tcp-v4 packets processed: 4849664
nat-tcp-v4 packets processed: 4915200
nat-tcp-v4 packets processed: 4980736
nat-tcp-v4 packets processed: 5046272
nat-tcp-v4 packets processed: 5111808
nat-tcp-v4 packets processed: 5177344
nat-tcp-v4 packets processed: 5242880
nat-tcp-v4 packets processed: 5308416
nat-tcp-v4 packets processed: 5373952
nat-tcp-v4 packets processed: 5439488
nat-tcp-v4 packets processed: 5505024
nat-tcp-v4 packets processed: 5570560
nat-tcp-v4 packets processed: 5636096
nat-tcp-v4 packets processed: 5701632
nat-tcp-v4 packets processed: 5767168
nat-tcp-v4 packets processed: 5832704
nat-tcp-v4 packets processed: 5898240
nat-tcp-v4 packets processed: 5963776
nat-tcp-v4 packets processed: 6029312
nat-tcp-v4 packets processed: 6094848
nat-tcp-v4 packets processed: 6160384
nat-tcp-v4 packets processed: 6225920
Exiting @ tick 5000000000000 because simulate() limit reached
