gem5 Simulator System.  http://gem5.org
gem5 is copyrighted software; use the --copyright option for details.

gem5 compiled Feb  9 2024 22:54:06
gem5 started Feb 10 2024 20:03:03
gem5 executing on node-0.yangzhou-190841.lambda-mpi-pg0.clemson.cloudlab.us
command line: build/ARM/gem5.fast --remote-gdb-port=0 --outdir=/users/yangzhou/GEM5_DRAMSim2/sgx_nic/m5out/detailed_acl-fw.nat-tcp-v4.maglev.dpi.acl-fw.acl-fw.dpi.nat-tcp-v4_4MB_tp --stats-file=detailed_acl-fw.nat-tcp-v4.maglev.dpi.acl-fw.acl-fw.dpi.nat-tcp-v4_4MB_tp_stats.txt configs/dramsim2/dramsim2_se.py --cpu-type=detailed --clock=2.4GHz --cacheline_size=128 --caches --l2cache --l2config=setpartition --l2_size=512kB --l2_assoc=16 --fixaddr --rr_nc --split_mshr --split_rport --dramsim2 --tpturnlength=6 --devicecfg=./ext/DRAMSim2/ini/DDR3_micron_16M_8B_x8_sg15.ini --systemcfg=./ext/DRAMSim2/system_tp.ini --outputfile=/dev/null --fast-forward=750000000 --maxinsts=1000000 --maxtick=2000000000000 --numpids=8 --p0=/users/yangzhou/NFShield/acl-fw --p1=/users/yangzhou/NFShield/nat-tcp-v4 --p2=/users/yangzhou/NFShield/maglev --p3=/users/yangzhou/NFShield/dpi --p4=/users/yangzhou/NFShield/acl-fw --p5=/users/yangzhou/NFShield/acl-fw --p6=/users/yangzhou/NFShield/dpi --p7=/users/yangzhou/NFShield/nat-tcp-v4
Global frequency set at 1000000000000 ticks per second
device file: ./ext/DRAMSim2/ini/DDR3_micron_16M_8B_x8_sg15.ini
system file: ./ext/DRAMSim2/system_tp.ini
output file: /dev/null
DEBUGSTR My tpTurnLength is 6
genTrace is 0
finish initializing memory controller
CPU Clock = 2398MHz
DRAM Clock = 1600MHz
Memory Capacity = 65536MB
initialize the layer 8
initialize the layer 8
Switch at instruction count:750000000
info: Entering event queue @ 0.  Starting simulation...
info: Increasing stack size by one page.
info: Increasing stack size by one page.
info: Increasing stack size by one page.
info: Increasing stack size by one page.
info: Increasing stack size by one page.
info: Increasing stack size by one page.
info: Increasing stack size by one page.
info: Increasing stack size by one page.
value_t size: 1B
value_t size: 1B
value_t size: 1B
value_t size: 16B
value_t size: 16B
memory size: 4.386990MB
memory size: 4.386990MB
memory size: 4.386990MB
acsmMaxStates: 724071
acsmMaxStates: 724071
value_t size: 1B
value_t size: 1B
value_t size: 1B
memory size: 51.400196MB
memory size: 51.400196MB
acsmNumStates: 467695
acsmNumStates: 467695
memory size: 4.386990MB
memory size: 4.386990MB
memory size: 4.386990MB
trying to open file /users/yangzhou/NFShield/data/ictf2010_100kflow.dat
trying to open file /users/yangzhou/NFShield/data/ictf2010_100kflow.dat
opening succeeds
opening succeeds
trying to open file /users/yangzhou/NFShield/data/ictf2010_100kflow.dat
trying to open file /users/yangzhou/NFShield/data/ictf2010_100kflow.dat
trying to open file /users/yangzhou/NFShield/data/ictf2010_100kflow.dat
opening succeeds
opening succeeds
opening succeeds
trying to open file /users/yangzhou/NFShield/data/ictf2010_100kflow.dat
opening succeeds
Reading pkt trace done!
Reading pkt trace done!
average pkt size = 607.274170
average pkt size = 607.274170
nat-tcp-v4 160
nat-tcp-v4 160
nat-tcp-v4 320
nat-tcp-v4 320
Reading pkt trace done!
Reading pkt trace done!
Reading pkt trace done!
average pkt size = 607.274170
average pkt size = 607.274170
average pkt size = 607.274170
nat-tcp-v4 480
nat-tcp-v4 480
nat-tcp-v4 640
nat-tcp-v4 640
nat-tcp-v4 800
nat-tcp-v4 800
nat-tcp-v4 960
nat-tcp-v4 960
nat-tcp-v4 1120
nat-tcp-v4 1120
Reading pkt trace done!
average pkt size = 607.274170
nat-tcp-v4 1280
nat-tcp-v4 1280
maglev 160
nat-tcp-v4 1440
nat-tcp-v4 1440
maglev 320
nat-tcp-v4 1600
nat-tcp-v4 1600
maglev 480
nat-tcp-v4 1760
nat-tcp-v4 1760
maglev 640
nat-tcp-v4 1920
nat-tcp-v4 1920
maglev 800
nat-tcp-v4 2080
nat-tcp-v4 2080
maglev 960
nat-tcp-v4 2240
nat-tcp-v4 2240
maglev 1120
nat-tcp-v4 2400
nat-tcp-v4 2400
maglev 1280
maglev 1440
nat-tcp-v4 2560
nat-tcp-v4 2560
maglev 1600
nat-tcp-v4 2720
nat-tcp-v4 2720
maglev 1760
nat-tcp-v4 2880
nat-tcp-v4 2880
maglev 1920
nat-tcp-v4 3040
nat-tcp-v4 3040
maglev 2080
nat-tcp-v4 3200
nat-tcp-v4 3200
maglev 2240
nat-tcp-v4 3360
nat-tcp-v4 3360
maglev 2400
nat-tcp-v4 3520
nat-tcp-v4 3520
maglev 2560
nat-tcp-v4 3680
nat-tcp-v4 3680
maglev 2720
nat-tcp-v4 3840
nat-tcp-v4 3840
maglev 2880
nat-tcp-v4 4000
nat-tcp-v4 4000
maglev 3040
nat-tcp-v4 4160
nat-tcp-v4 4160
maglev 3200
nat-tcp-v4 4320
nat-tcp-v4 4320
maglev 3360
nat-tcp-v4 4480
nat-tcp-v4 4480
maglev 3520
maglev 3680
nat-tcp-v4 4640
nat-tcp-v4 4640
maglev 3840
nat-tcp-v4 4800
nat-tcp-v4 4800
maglev 4000
nat-tcp-v4 4960
nat-tcp-v4 4960
maglev 4160
nat-tcp-v4 5120
nat-tcp-v4 5120
maglev 4320
nat-tcp-v4 5280
nat-tcp-v4 5280
maglev 4480
nat-tcp-v4 5440
nat-tcp-v4 5440
maglev 4640
nat-tcp-v4 5600
nat-tcp-v4 5600
maglev 4800
nat-tcp-v4 5760
nat-tcp-v4 5760
maglev 4960
nat-tcp-v4 5920
nat-tcp-v4 5920
maglev 5120
nat-tcp-v4 6080
nat-tcp-v4 6080
maglev 5280
nat-tcp-v4 6240
nat-tcp-v4 6240
maglev 5440
maglev 5600
nat-tcp-v4 6400
nat-tcp-v4 6400
maglev 5760
nat-tcp-v4 6560
nat-tcp-v4 6560
maglev 5920
nat-tcp-v4 6720
nat-tcp-v4 6720
maglev 6080
nat-tcp-v4 6880
nat-tcp-v4 6880
maglev 6240
nat-tcp-v4 7040
nat-tcp-v4 7040
maglev 6400
nat-tcp-v4 7200
nat-tcp-v4 7200
maglev 6560
nat-tcp-v4 7360
nat-tcp-v4 7360
maglev 6720
nat-tcp-v4 7520
nat-tcp-v4 7520
maglev 6880
nat-tcp-v4 7680
nat-tcp-v4 7680
maglev 7040
nat-tcp-v4 7840
nat-tcp-v4 7840
maglev 7200
nat-tcp-v4 8000
nat-tcp-v4 8000
maglev 7360
maglev 7520
nat-tcp-v4 8160
nat-tcp-v4 8160
maglev 7680
nat-tcp-v4 8320
nat-tcp-v4 8320
maglev 7840
nat-tcp-v4 8480
nat-tcp-v4 8480
maglev 8000
nat-tcp-v4 8640
nat-tcp-v4 8640
maglev 8160
nat-tcp-v4 8800
nat-tcp-v4 8800
maglev 8320
nat-tcp-v4 8960
nat-tcp-v4 8960
maglev 8480
nat-tcp-v4 9120
nat-tcp-v4 9120
maglev 8640
nat-tcp-v4 9280
nat-tcp-v4 9280
maglev 8800
nat-tcp-v4 9440
nat-tcp-v4 9440
maglev 8960
nat-tcp-v4 9600
nat-tcp-v4 9600
maglev 9120
nat-tcp-v4 9760
nat-tcp-v4 9760
maglev 9280
nat-tcp-v4 9920
nat-tcp-v4 9920
maglev 9440
maglev 9600
nat-tcp-v4 10080
nat-tcp-v4 10080
recover done
recover done
recover done
acl-fw 0
acl-fw 0
acl-fw 0
maglev 9760
nat-tcp-v4 10240
nat-tcp-v4 10240
maglev 9920
nat-tcp-v4 10400
nat-tcp-v4 10400
acl-fw 160
acl-fw 160
acl-fw 160
maglev 10080
nat-tcp-v4 10560
nat-tcp-v4 10560
maglev 10240
nat-tcp-v4 10720
nat-tcp-v4 10720
acl-fw 320
acl-fw 320
acl-fw 320
maglev 10400
nat-tcp-v4 10880
nat-tcp-v4 10880
maglev 10560
nat-tcp-v4 11040
nat-tcp-v4 11040
acl-fw 480
acl-fw 480
acl-fw 480
maglev 10720
nat-tcp-v4 11200
nat-tcp-v4 11200
maglev 10880
nat-tcp-v4 11360
nat-tcp-v4 11360
acl-fw 640
acl-fw 640
acl-fw 640
maglev 11040
nat-tcp-v4 11520
nat-tcp-v4 11520
maglev 11200
nat-tcp-v4 11680
nat-tcp-v4 11680
maglev 11360
acl-fw 800
acl-fw 800
acl-fw 800
maglev 11520
nat-tcp-v4 11840
nat-tcp-v4 11840
maglev 11680
nat-tcp-v4 12000
nat-tcp-v4 12000
acl-fw 960
acl-fw 960
acl-fw 960
maglev 11840
nat-tcp-v4 12160
nat-tcp-v4 12160
maglev 12000
nat-tcp-v4 12320
nat-tcp-v4 12320
acl-fw 1120
acl-fw 1120
acl-fw 1120
maglev 12160
nat-tcp-v4 12480
nat-tcp-v4 12480
maglev 12320
nat-tcp-v4 12640
nat-tcp-v4 12640
acl-fw 1280
acl-fw 1280
acl-fw 1280
maglev 12480
nat-tcp-v4 12800
nat-tcp-v4 12800
maglev 12640
nat-tcp-v4 12960
nat-tcp-v4 12960
acl-fw 1440
acl-fw 1440
acl-fw 1440
maglev 12800
nat-tcp-v4 13120
nat-tcp-v4 13120
maglev 12960
nat-tcp-v4 13280
nat-tcp-v4 13280
acl-fw 1600
acl-fw 1600
acl-fw 1600
maglev 13120
nat-tcp-v4 13440
nat-tcp-v4 13440
maglev 13280
maglev 13440
nat-tcp-v4 13600
nat-tcp-v4 13600
acl-fw 1760
acl-fw 1760
acl-fw 1760
maglev 13600
nat-tcp-v4 13760
nat-tcp-v4 13760
maglev 13760
nat-tcp-v4 13920
nat-tcp-v4 13920
acl-fw 1920
acl-fw 1920
acl-fw 1920
maglev 13920
nat-tcp-v4 14080
nat-tcp-v4 14080
maglev 14080
nat-tcp-v4 14240
nat-tcp-v4 14240
acl-fw 2080
acl-fw 2080
acl-fw 2080
maglev 14240
nat-tcp-v4 14400
nat-tcp-v4 14400
maglev 14400
nat-tcp-v4 14560
nat-tcp-v4 14560
acl-fw 2240
acl-fw 2240
acl-fw 2240
maglev 14560
nat-tcp-v4 14720
nat-tcp-v4 14720
maglev 14720
nat-tcp-v4 14880
nat-tcp-v4 14880
acl-fw 2400
acl-fw 2400
acl-fw 2400
maglev 14880
nat-tcp-v4 15040
nat-tcp-v4 15040
maglev 15040
nat-tcp-v4 15200
nat-tcp-v4 15200
acl-fw 2560
acl-fw 2560
acl-fw 2560
maglev 15200
maglev 15360
nat-tcp-v4 15360
nat-tcp-v4 15360
maglev 15520
acl-fw 2720
acl-fw 2720
acl-fw 2720
nat-tcp-v4 15520
nat-tcp-v4 15520
maglev 15680
nat-tcp-v4 15680
nat-tcp-v4 15680
maglev 15840
acl-fw 2880
acl-fw 2880
acl-fw 2880
nat-tcp-v4 15840
nat-tcp-v4 15840
maglev 16000
nat-tcp-v4 16000
nat-tcp-v4 16000
maglev 16160
acl-fw 3040
acl-fw 3040
acl-fw 3040
nat-tcp-v4 16160
nat-tcp-v4 16160
maglev 16320
nat-tcp-v4 16320
nat-tcp-v4 16320
maglev 16480
acl-fw 3200
acl-fw 3200
acl-fw 3200
nat-tcp-v4 16480
nat-tcp-v4 16480
maglev 16640
nat-tcp-v4 16640
nat-tcp-v4 16640
maglev 16800
acl-fw 3360
acl-fw 3360
acl-fw 3360
nat-tcp-v4 16800
nat-tcp-v4 16800
maglev 16960
nat-tcp-v4 16960
nat-tcp-v4 16960
maglev 17120
acl-fw 3520
acl-fw 3520
acl-fw 3520
maglev 17280
nat-tcp-v4 17120
nat-tcp-v4 17120
maglev 17440
nat-tcp-v4 17280
nat-tcp-v4 17280
maglev 17600
acl-fw 3680
acl-fw 3680
acl-fw 3680
nat-tcp-v4 17440
nat-tcp-v4 17440
maglev 17760
nat-tcp-v4 17600
nat-tcp-v4 17600
maglev 17920
acl-fw 3840
acl-fw 3840
acl-fw 3840
nat-tcp-v4 17760
nat-tcp-v4 17760
maglev 18080
nat-tcp-v4 17920
nat-tcp-v4 17920
maglev 18240
acl-fw 4000
acl-fw 4000
acl-fw 4000
nat-tcp-v4 18080
nat-tcp-v4 18080
maglev 18400
nat-tcp-v4 18240
nat-tcp-v4 18240
maglev 18560
acl-fw 4160
acl-fw 4160
acl-fw 4160
nat-tcp-v4 18400
nat-tcp-v4 18400
maglev 18720
nat-tcp-v4 18560
nat-tcp-v4 18560
maglev 18880
acl-fw 4320
acl-fw 4320
acl-fw 4320
nat-tcp-v4 18720
nat-tcp-v4 18720
maglev 19040
maglev 19200
nat-tcp-v4 18880
nat-tcp-v4 18880
acl-fw 4480
acl-fw 4480
acl-fw 4480
maglev 19360
nat-tcp-v4 19040
nat-tcp-v4 19040
maglev 19520
nat-tcp-v4 19200
nat-tcp-v4 19200
maglev 19680
acl-fw 4640
acl-fw 4640
acl-fw 4640
nat-tcp-v4 19360
nat-tcp-v4 19360
maglev 19840
nat-tcp-v4 19520
nat-tcp-v4 19520
maglev 20000
acl-fw 4800
acl-fw 4800
acl-fw 4800
nat-tcp-v4 19680
nat-tcp-v4 19680
maglev 20160
nat-tcp-v4 19840
nat-tcp-v4 19840
maglev 20320
acl-fw 4960
acl-fw 4960
acl-fw 4960
nat-tcp-v4 20000
nat-tcp-v4 20000
maglev 20480
nat-tcp-v4 20160
nat-tcp-v4 20160
maglev 20640
acl-fw 5120
acl-fw 5120
acl-fw 5120
nat-tcp-v4 20320
nat-tcp-v4 20320
maglev 20800
nat-tcp-v4 20480
nat-tcp-v4 20480
maglev 20960
acl-fw 5280
acl-fw 5280
acl-fw 5280
maglev 21120
nat-tcp-v4 20640
nat-tcp-v4 20640
maglev 21280
nat-tcp-v4 20800
nat-tcp-v4 20800
acl-fw 5440
acl-fw 5440
acl-fw 5440
maglev 21440
nat-tcp-v4 20960
nat-tcp-v4 20960
maglev 21600
nat-tcp-v4 21120
nat-tcp-v4 21120
maglev 21760
acl-fw 5600
acl-fw 5600
acl-fw 5600
nat-tcp-v4 21280
nat-tcp-v4 21280
maglev 21920
nat-tcp-v4 21440
nat-tcp-v4 21440
maglev 22080
acl-fw 5760
acl-fw 5760
acl-fw 5760
nat-tcp-v4 21600
nat-tcp-v4 21600
maglev 22240
nat-tcp-v4 21760
nat-tcp-v4 21760
maglev 22400
acl-fw 5920
acl-fw 5920
acl-fw 5920
nat-tcp-v4 21920
nat-tcp-v4 21920
maglev 22560
nat-tcp-v4 22080
nat-tcp-v4 22080
maglev 22720
acl-fw 6080
acl-fw 6080
acl-fw 6080
nat-tcp-v4 22240
nat-tcp-v4 22240
maglev 22880
maglev 23040
nat-tcp-v4 22400
nat-tcp-v4 22400
acl-fw 6240
acl-fw 6240
acl-fw 6240
maglev 23200
nat-tcp-v4 22560
nat-tcp-v4 22560
maglev 23360
nat-tcp-v4 22720
nat-tcp-v4 22720
acl-fw 6400
acl-fw 6400
acl-fw 6400
maglev 23520
nat-tcp-v4 22880
nat-tcp-v4 22880
maglev 23680
nat-tcp-v4 23040
nat-tcp-v4 23040
maglev 23840
acl-fw 6560
acl-fw 6560
acl-fw 6560
nat-tcp-v4 23200
nat-tcp-v4 23200
maglev 24000
nat-tcp-v4 23360
nat-tcp-v4 23360
maglev 24160
acl-fw 6720
acl-fw 6720
acl-fw 6720
nat-tcp-v4 23520
nat-tcp-v4 23520
maglev 24320
nat-tcp-v4 23680
nat-tcp-v4 23680
maglev 24480
acl-fw 6880
acl-fw 6880
acl-fw 6880
nat-tcp-v4 23840
nat-tcp-v4 23840
maglev 24640
nat-tcp-v4 24000
nat-tcp-v4 24000
maglev 24800
acl-fw 7040
acl-fw 7040
acl-fw 7040
maglev 24960
nat-tcp-v4 24160
nat-tcp-v4 24160
maglev 25120
nat-tcp-v4 24320
nat-tcp-v4 24320
acl-fw 7200
acl-fw 7200
acl-fw 7200
maglev 25280
nat-tcp-v4 24480
nat-tcp-v4 24480
maglev 25440
nat-tcp-v4 24640
nat-tcp-v4 24640
acl-fw 7360
acl-fw 7360
acl-fw 7360
maglev 25600
nat-tcp-v4 24800
nat-tcp-v4 24800
maglev 25760
nat-tcp-v4 24960
nat-tcp-v4 24960
maglev 25920
acl-fw 7520
acl-fw 7520
acl-fw 7520
nat-tcp-v4 25120
nat-tcp-v4 25120
maglev 26080
nat-tcp-v4 25280
nat-tcp-v4 25280
maglev 26240
acl-fw 7680
acl-fw 7680
acl-fw 7680
nat-tcp-v4 25440
nat-tcp-v4 25440
maglev 26400
nat-tcp-v4 25600
nat-tcp-v4 25600
maglev 26560
acl-fw 7840
acl-fw 7840
acl-fw 7840
nat-tcp-v4 25760
nat-tcp-v4 25760
maglev 26720
maglev 26880
nat-tcp-v4 25920
nat-tcp-v4 25920
acl-fw 8000
acl-fw 8000
acl-fw 8000
maglev 27040
nat-tcp-v4 26080
nat-tcp-v4 26080
maglev 27200
nat-tcp-v4 26240
nat-tcp-v4 26240
acl-fw 8160
acl-fw 8160
acl-fw 8160
maglev 27360
nat-tcp-v4 26400
nat-tcp-v4 26400
maglev 27520
nat-tcp-v4 26560
nat-tcp-v4 26560
acl-fw 8320
acl-fw 8320
acl-fw 8320
maglev 27680
nat-tcp-v4 26720
nat-tcp-v4 26720
maglev 27840
nat-tcp-v4 26880
nat-tcp-v4 26880
maglev 28000
acl-fw 8480
acl-fw 8480
acl-fw 8480
nat-tcp-v4 27040
nat-tcp-v4 27040
maglev 28160
nat-tcp-v4 27200
nat-tcp-v4 27200
maglev 28320
acl-fw 8640
acl-fw 8640
acl-fw 8640
nat-tcp-v4 27360
nat-tcp-v4 27360
maglev 28480
nat-tcp-v4 27520
nat-tcp-v4 27520
maglev 28640
acl-fw 8800
acl-fw 8800
acl-fw 8800
maglev 28800
nat-tcp-v4 27680
nat-tcp-v4 27680
maglev 28960
nat-tcp-v4 27840
nat-tcp-v4 27840
acl-fw 8960
acl-fw 8960
acl-fw 8960
maglev 29120
nat-tcp-v4 28000
nat-tcp-v4 28000
maglev 29280
nat-tcp-v4 28160
nat-tcp-v4 28160
acl-fw 9120
acl-fw 9120
acl-fw 9120
maglev 29440
nat-tcp-v4 28320
nat-tcp-v4 28320
maglev 29600
nat-tcp-v4 28480
nat-tcp-v4 28480
acl-fw 9280
acl-fw 9280
acl-fw 9280
maglev 29760
nat-tcp-v4 28640
nat-tcp-v4 28640
maglev 29920
nat-tcp-v4 28800
nat-tcp-v4 28800
maglev 30080
acl-fw 9440
acl-fw 9440
acl-fw 9440
nat-tcp-v4 28960
nat-tcp-v4 28960
maglev 30240
nat-tcp-v4 29120
nat-tcp-v4 29120
maglev 30400
acl-fw 9600
acl-fw 9600
acl-fw 9600
maglev 30560
nat-tcp-v4 29280
nat-tcp-v4 29280
ac restore done!
ac restore done!
trying to open file /users/yangzhou/NFShield/data/ictf2010_100kflow.dat
trying to open file /users/yangzhou/NFShield/data/ictf2010_100kflow.dat
opening succeeds
opening succeeds
maglev 30720
nat-tcp-v4 29440
nat-tcp-v4 29440
acl-fw 9760
acl-fw 9760
acl-fw 9760
maglev 30880
nat-tcp-v4 29600
nat-tcp-v4 29600
maglev 31040
nat-tcp-v4 29760
nat-tcp-v4 29760
acl-fw 9920
acl-fw 9920
acl-fw 9920
maglev 31200
nat-tcp-v4 29920
nat-tcp-v4 29920
maglev 31360
nat-tcp-v4 30080
nat-tcp-v4 30080
acl-fw 10080
acl-fw 10080
acl-fw 10080
maglev 31520
nat-tcp-v4 30240
nat-tcp-v4 30240
maglev 31680
nat-tcp-v4 30400
nat-tcp-v4 30400
acl-fw 10240
acl-fw 10240
acl-fw 10240
maglev 31840
nat-tcp-v4 30560
nat-tcp-v4 30560
maglev 32000
nat-tcp-v4 30720
nat-tcp-v4 30720
maglev 32160
acl-fw 10400
acl-fw 10400
acl-fw 10400
nat-tcp-v4 30880
nat-tcp-v4 30880
maglev 32320
maglev 32480
nat-tcp-v4 31040
nat-tcp-v4 31040
acl-fw 10560
acl-fw 10560
acl-fw 10560
maglev 32640
nat-tcp-v4 31200
nat-tcp-v4 31200
maglev 32800
nat-tcp-v4 31360
nat-tcp-v4 31360
acl-fw 10720
acl-fw 10720
acl-fw 10720
maglev 32960
nat-tcp-v4 31520
nat-tcp-v4 31520
maglev 33120
nat-tcp-v4 31680
nat-tcp-v4 31680
acl-fw 10880
acl-fw 10880
acl-fw 10880
maglev 33280
nat-tcp-v4 31840
nat-tcp-v4 31840
maglev 33440
nat-tcp-v4 32000
nat-tcp-v4 32000
acl-fw 11040
acl-fw 11040
acl-fw 11040
maglev 33600
nat-tcp-v4 32160
nat-tcp-v4 32160
maglev 33760
nat-tcp-v4 32320
nat-tcp-v4 32320
acl-fw 11200
acl-fw 11200
acl-fw 11200
maglev 33920
nat-tcp-v4 32480
nat-tcp-v4 32480
maglev 34080
nat-tcp-v4 32640
nat-tcp-v4 32640
maglev 34240
acl-fw 11360
acl-fw 11360
acl-fw 11360
maglev 34400
nat-tcp-v4 32800
nat-tcp-v4 32800
maglev 34560
nat-tcp-v4 32960
nat-tcp-v4 32960
acl-fw 11520
acl-fw 11520
acl-fw 11520
maglev 34720
nat-tcp-v4 33120
nat-tcp-v4 33120
maglev 34880
nat-tcp-v4 33280
nat-tcp-v4 33280
acl-fw 11680
acl-fw 11680
acl-fw 11680
maglev 35040
nat-tcp-v4 33440
nat-tcp-v4 33440
maglev 35200
nat-tcp-v4 33600
nat-tcp-v4 33600
acl-fw 11840
acl-fw 11840
acl-fw 11840
maglev 35360
nat-tcp-v4 33760
nat-tcp-v4 33760
maglev 35520
nat-tcp-v4 33920
nat-tcp-v4 33920
acl-fw 12000
acl-fw 12000
acl-fw 12000
maglev 35680
nat-tcp-v4 34080
nat-tcp-v4 34080
maglev 35840
acl-fw 12160
acl-fw 12160
acl-fw 12160
nat-tcp-v4 34240
nat-tcp-v4 34240
maglev 36000
maglev 36160
nat-tcp-v4 34400
nat-tcp-v4 34400
maglev 36320
acl-fw 12320
acl-fw 12320
acl-fw 12320
nat-tcp-v4 34560
nat-tcp-v4 34560
maglev 36480
nat-tcp-v4 34720
nat-tcp-v4 34720
maglev 36640
acl-fw 12480
acl-fw 12480
acl-fw 12480
nat-tcp-v4 34880
nat-tcp-v4 34880
maglev 36800
nat-tcp-v4 35040
nat-tcp-v4 35040
maglev 36960
acl-fw 12640
acl-fw 12640
acl-fw 12640
nat-tcp-v4 35200
nat-tcp-v4 35200
maglev 37120
nat-tcp-v4 35360
nat-tcp-v4 35360
maglev 37280
acl-fw 12800
acl-fw 12800
acl-fw 12800
nat-tcp-v4 35520
nat-tcp-v4 35520
maglev 37440
nat-tcp-v4 35680
nat-tcp-v4 35680
maglev 37600
acl-fw 12960
acl-fw 12960
acl-fw 12960
nat-tcp-v4 35840
nat-tcp-v4 35840
maglev 37760
nat-tcp-v4 36000
nat-tcp-v4 36000
maglev 37920
acl-fw 13120
acl-fw 13120
acl-fw 13120
maglev 38080
nat-tcp-v4 36160
nat-tcp-v4 36160
maglev 38240
nat-tcp-v4 36320
nat-tcp-v4 36320
maglev 38400
acl-fw 13280
acl-fw 13280
acl-fw 13280
nat-tcp-v4 36480
nat-tcp-v4 36480
maglev 38560
nat-tcp-v4 36640
nat-tcp-v4 36640
maglev 38720
acl-fw 13440
acl-fw 13440
acl-fw 13440
nat-tcp-v4 36800
nat-tcp-v4 36800
maglev 38880
nat-tcp-v4 36960
nat-tcp-v4 36960
maglev 39040
acl-fw 13600
acl-fw 13600
acl-fw 13600
nat-tcp-v4 37120
nat-tcp-v4 37120
maglev 39200
nat-tcp-v4 37280
nat-tcp-v4 37280
maglev 39360
acl-fw 13760
acl-fw 13760
acl-fw 13760
nat-tcp-v4 37440
nat-tcp-v4 37440
maglev 39520
nat-tcp-v4 37600
nat-tcp-v4 37600
maglev 39680
acl-fw 13920
acl-fw 13920
acl-fw 13920
maglev 39840
nat-tcp-v4 37760
nat-tcp-v4 37760
maglev 40000
nat-tcp-v4 37920
nat-tcp-v4 37920
acl-fw 14080
acl-fw 14080
acl-fw 14080
maglev 40160
nat-tcp-v4 38080
nat-tcp-v4 38080
maglev 40320
nat-tcp-v4 38240
nat-tcp-v4 38240
maglev 40480
acl-fw 14240
acl-fw 14240
acl-fw 14240
Reading pkt trace done!
Reading pkt trace done!
average pkt size = 607.274170
average pkt size = 607.274170
nat-tcp-v4 38400
nat-tcp-v4 38400
maglev 40640
nat-tcp-v4 38560
nat-tcp-v4 38560
dpi 160
dpi 160
maglev 40800
acl-fw 14400
acl-fw 14400
acl-fw 14400
nat-tcp-v4 38720
nat-tcp-v4 38720
maglev 40960
dpi 320
dpi 320
nat-tcp-v4 38880
nat-tcp-v4 38880
maglev 41120
acl-fw 14560
acl-fw 14560
acl-fw 14560
nat-tcp-v4 39040
nat-tcp-v4 39040
maglev 41280
dpi 480
dpi 480
nat-tcp-v4 39200
nat-tcp-v4 39200
maglev 41440
acl-fw 14720
acl-fw 14720
acl-fw 14720
dpi 640
dpi 640
nat-tcp-v4 39360
nat-tcp-v4 39360
maglev 41600
maglev 41760
nat-tcp-v4 39520
nat-tcp-v4 39520
dpi 800
dpi 800
acl-fw 14880
acl-fw 14880
acl-fw 14880
maglev 41920
nat-tcp-v4 39680
nat-tcp-v4 39680
maglev 42080
nat-tcp-v4 39840
nat-tcp-v4 39840
dpi 960
dpi 960
acl-fw 15040
acl-fw 15040
acl-fw 15040
maglev 42240
nat-tcp-v4 40000
nat-tcp-v4 40000
dpi 1120
dpi 1120
maglev 42400
nat-tcp-v4 40160
nat-tcp-v4 40160
maglev 42560
acl-fw 15200
acl-fw 15200
acl-fw 15200
nat-tcp-v4 40320
nat-tcp-v4 40320
dpi 1280
dpi 1280
maglev 42720
nat-tcp-v4 40480
nat-tcp-v4 40480
maglev 42880
acl-fw 15360
acl-fw 15360
acl-fw 15360
dpi 1440
dpi 1440
nat-tcp-v4 40640
nat-tcp-v4 40640
maglev 43040
nat-tcp-v4 40800
nat-tcp-v4 40800
maglev 43200
dpi 1600
dpi 1600
acl-fw 15520
acl-fw 15520
acl-fw 15520
nat-tcp-v4 40960
nat-tcp-v4 40960
maglev 43360
dpi 1760
dpi 1760
nat-tcp-v4 41120
nat-tcp-v4 41120
maglev 43520
acl-fw 15680
acl-fw 15680
acl-fw 15680
maglev 43680
nat-tcp-v4 41280
nat-tcp-v4 41280
dpi 1920
dpi 1920
maglev 43840
nat-tcp-v4 41440
nat-tcp-v4 41440
acl-fw 15840
acl-fw 15840
acl-fw 15840
dpi 2080
dpi 2080
maglev 44000
nat-tcp-v4 41600
nat-tcp-v4 41600
maglev 44160
nat-tcp-v4 41760
nat-tcp-v4 41760
dpi 2240
dpi 2240
acl-fw 16000
acl-fw 16000
acl-fw 16000
maglev 44320
nat-tcp-v4 41920
nat-tcp-v4 41920
maglev 44480
dpi 2400
dpi 2400
nat-tcp-v4 42080
nat-tcp-v4 42080
maglev 44640
acl-fw 16160
acl-fw 16160
acl-fw 16160
nat-tcp-v4 42240
nat-tcp-v4 42240
dpi 2560
dpi 2560
maglev 44800
nat-tcp-v4 42400
nat-tcp-v4 42400
maglev 44960
acl-fw 16320
acl-fw 16320
acl-fw 16320
dpi 2720
dpi 2720
nat-tcp-v4 42560
nat-tcp-v4 42560
maglev 45120
maglev 45280
nat-tcp-v4 42720
nat-tcp-v4 42720
dpi 2880
dpi 2880
acl-fw 16480
acl-fw 16480
acl-fw 16480
maglev 45440
nat-tcp-v4 42880
nat-tcp-v4 42880
maglev 45600
dpi 3040
dpi 3040
nat-tcp-v4 43040
nat-tcp-v4 43040
acl-fw 16640
acl-fw 16640
acl-fw 16640
maglev 45760
nat-tcp-v4 43200
nat-tcp-v4 43200
dpi 3200
dpi 3200
maglev 45920
nat-tcp-v4 43360
nat-tcp-v4 43360
acl-fw 16800
acl-fw 16800
acl-fw 16800
maglev 46080
dpi 3360
dpi 3360
nat-tcp-v4 43520
nat-tcp-v4 43520
maglev 46240
nat-tcp-v4 43680
nat-tcp-v4 43680
acl-fw 16960
acl-fw 16960
acl-fw 16960
maglev 46400
dpi 3520
dpi 3520
nat-tcp-v4 43840
nat-tcp-v4 43840
maglev 46560
nat-tcp-v4 44000
nat-tcp-v4 44000
dpi 3680
dpi 3680
maglev 46720
acl-fw 17120
acl-fw 17120
acl-fw 17120
nat-tcp-v4 44160
nat-tcp-v4 44160
maglev 46880
dpi 3840
dpi 3840
nat-tcp-v4 44320
nat-tcp-v4 44320
maglev 47040
acl-fw 17280
acl-fw 17280
acl-fw 17280
maglev 47200
nat-tcp-v4 44480
nat-tcp-v4 44480
dpi 4000
dpi 4000
maglev 47360
nat-tcp-v4 44640
nat-tcp-v4 44640
acl-fw 17440
acl-fw 17440
acl-fw 17440
dpi 4160
dpi 4160
maglev 47520
nat-tcp-v4 44800
nat-tcp-v4 44800
maglev 47680
dpi 4320
dpi 4320
nat-tcp-v4 44960
nat-tcp-v4 44960
acl-fw 17600
acl-fw 17600
acl-fw 17600
maglev 47840
nat-tcp-v4 45120
nat-tcp-v4 45120
dpi 4480
dpi 4480
maglev 48000
nat-tcp-v4 45280
nat-tcp-v4 45280
acl-fw 17760
acl-fw 17760
acl-fw 17760
maglev 48160
dpi 4640
dpi 4640
nat-tcp-v4 45440
nat-tcp-v4 45440
maglev 48320
nat-tcp-v4 45600
nat-tcp-v4 45600
acl-fw 17920
acl-fw 17920
acl-fw 17920
maglev 48480
dpi 4800
dpi 4800
nat-tcp-v4 45760
nat-tcp-v4 45760
maglev 48640
dpi 4960
dpi 4960
nat-tcp-v4 45920
nat-tcp-v4 45920
maglev 48800
acl-fw 18080
acl-fw 18080
acl-fw 18080
maglev 48960
nat-tcp-v4 46080
nat-tcp-v4 46080
dpi 5120
dpi 5120
maglev 49120
nat-tcp-v4 46240
nat-tcp-v4 46240
acl-fw 18240
acl-fw 18240
acl-fw 18240
maglev 49280
nat-tcp-v4 46400
nat-tcp-v4 46400
dpi 5280
dpi 5280
maglev 49440
nat-tcp-v4 46560
nat-tcp-v4 46560
acl-fw 18400
acl-fw 18400
acl-fw 18400
dpi 5440
dpi 5440
maglev 49600
nat-tcp-v4 46720
nat-tcp-v4 46720
maglev 49760
dpi 5600
dpi 5600
nat-tcp-v4 46880
nat-tcp-v4 46880
acl-fw 18560
acl-fw 18560
acl-fw 18560
maglev 49920
nat-tcp-v4 47040
nat-tcp-v4 47040
maglev 50080
dpi 5760
dpi 5760
nat-tcp-v4 47200
nat-tcp-v4 47200
acl-fw 18720
acl-fw 18720
acl-fw 18720
maglev 50240
nat-tcp-v4 47360
nat-tcp-v4 47360
dpi 5920
dpi 5920
maglev 50400
nat-tcp-v4 47520
nat-tcp-v4 47520
acl-fw 18880
acl-fw 18880
acl-fw 18880
maglev 50560
dpi 6080
dpi 6080
maglev 50720
nat-tcp-v4 47680
nat-tcp-v4 47680
maglev 50880
acl-fw 19040
acl-fw 19040
acl-fw 19040
nat-tcp-v4 47840
nat-tcp-v4 47840
dpi 6240
dpi 6240
maglev 51040
nat-tcp-v4 48000
nat-tcp-v4 48000
dpi 6400
dpi 6400
maglev 51200
acl-fw 19200
acl-fw 19200
acl-fw 19200
nat-tcp-v4 48160
nat-tcp-v4 48160
maglev 51360
nat-tcp-v4 48320
nat-tcp-v4 48320
dpi 6560
dpi 6560
maglev 51520
acl-fw 19360
acl-fw 19360
acl-fw 19360
nat-tcp-v4 48480
nat-tcp-v4 48480
maglev 51680
dpi 6720
dpi 6720
nat-tcp-v4 48640
nat-tcp-v4 48640
maglev 51840
acl-fw 19520
acl-fw 19520
acl-fw 19520
nat-tcp-v4 48800
nat-tcp-v4 48800
dpi 6880
dpi 6880
maglev 52000
nat-tcp-v4 48960
nat-tcp-v4 48960
maglev 52160
dpi 7040
dpi 7040
acl-fw 19680
acl-fw 19680
acl-fw 19680
nat-tcp-v4 49120
nat-tcp-v4 49120
maglev 52320
nat-tcp-v4 49280
nat-tcp-v4 49280
maglev 52480
dpi 7200
dpi 7200
acl-fw 19840
acl-fw 19840
acl-fw 19840
maglev 52640
nat-tcp-v4 49440
nat-tcp-v4 49440
dpi 7360
dpi 7360
maglev 52800
nat-tcp-v4 49600
nat-tcp-v4 49600
a thread in cpu0 reached the max instruction count @ 390099313737
a thread in cpu4 reached the max instruction count @ 390099313737
a thread in cpu5 reached the max instruction count @ 390099313737
Switched CPUS @ tick 390099313737
Changing memory mode to timing
switching cpus
**** REAL SIMULATION ****
info: Entering event queue @ 390099313737.  Starting simulation...
a thread in cpu5 reached the max instruction count @ 391106187342
a thread in cpu4 reached the max instruction count @ 391108280265
Exiting @ tick 391109195997 because a thread in cpu0 reached the max instruction count
