gem5 Simulator System.  http://gem5.org
gem5 is copyrighted software; use the --copyright option for details.

gem5 compiled Feb 10 2024 01:33:14
gem5 started Feb 10 2024 20:03:35
gem5 executing on node-0.yangzhou-190868.lambda-mpi-pg0.cloudlab.umass.edu
command line: build/ARM/gem5.fast --remote-gdb-port=0 --outdir=/users/yangzhou/GEM5_DRAMSim2/sgx_nic/m5out/detailed_monitoring.acl-fw.dpi.maglev.maglev.acl-fw.dpi.acl-fw.maglev.monitoring.maglev.lpm.monitoring.nat-tcp-v4.monitoring.maglev_4MB_tp --stats-file=detailed_monitoring.acl-fw.dpi.maglev.maglev.acl-fw.dpi.acl-fw.maglev.monitoring.maglev.lpm.monitoring.nat-tcp-v4.monitoring.maglev_4MB_tp_stats.txt configs/dramsim2/dramsim2_se.py --cpu-type=detailed --clock=2.4GHz --cacheline_size=128 --caches --l2cache --l2config=setpartition --l2_size=256kB --l2_assoc=16 --fixaddr --rr_nc --split_mshr --split_rport --dramsim2 --tpturnlength=6 --devicecfg=./ext/DRAMSim2/ini/DDR3_micron_16M_8B_x8_sg15.ini --systemcfg=./ext/DRAMSim2/system_tp.ini --outputfile=/dev/null --fast-forward=750000000 --maxinsts=1000000 --maxtick=2000000000000 --numpids=16 --p0=/users/yangzhou/NFShield/monitoring --p1=/users/yangzhou/NFShield/acl-fw --p2=/users/yangzhou/NFShield/dpi --p3=/users/yangzhou/NFShield/maglev --p4=/users/yangzhou/NFShield/maglev --p5=/users/yangzhou/NFShield/acl-fw --p6=/users/yangzhou/NFShield/dpi --p7=/users/yangzhou/NFShield/acl-fw --p8=/users/yangzhou/NFShield/maglev --p9=/users/yangzhou/NFShield/monitoring --p10=/users/yangzhou/NFShield/maglev --p11=/users/yangzhou/NFShield/lpm --p12=/users/yangzhou/NFShield/monitoring --p13=/users/yangzhou/NFShield/nat-tcp-v4 --p14=/users/yangzhou/NFShield/monitoring --p15=/users/yangzhou/NFShield/maglev
Global frequency set at 1000000000000 ticks per second
device file: ./ext/DRAMSim2/ini/DDR3_micron_16M_8B_x8_sg15.ini
system file: ./ext/DRAMSim2/system_tp.ini
output file: /dev/null
DEBUGSTR My tpTurnLength is 6
genTrace is 0
finish initializing memory controller
CPU Clock = 2398MHz
DRAM Clock = 1600MHz
Memory Capacity = 65536MB
initialize the layer 16
initialize the layer 16
Switch at instruction count:750000000
info: Entering event queue @ 0.  Starting simulation...
info: Increasing stack size by one page.
info: Increasing stack size by one page.
info: Increasing stack size by one page.
info: Increasing stack size by one page.
info: Increasing stack size by one page.
info: Increasing stack size by one page.
info: Increasing stack size by one page.
info: Increasing stack size by one page.
info: Increasing stack size by one page.
info: Increasing stack size by one page.
info: Increasing stack size by one page.
info: Increasing stack size by one page.
info: Increasing stack size by one page.
info: Increasing stack size by one page.
info: Increasing stack size by one page.
info: Increasing stack size by one page.
value_t size: 1B
value_t size: 1B
value_t size: 1B
value_t size: 4B
value_t size: 4B
value_t size: 4B
value_t size: 4B
value_t size: 16B
memory size: 4.386990MB
memory size: 4.386990MB
memory size: 4.386990MB
acsmMaxStates: 724071
acsmMaxStates: 724071
memory size: 10.063114MB
memory size: 10.063114MB
memory size: 10.063114MB
memory size: 10.063114MB
value_t size: 1B
value_t size: 1B
value_t size: 1B
memory size: 51.400196MB
acsmNumStates: 467695
acsmNumStates: 467695
memory size: 4.386990MB
memory size: 4.386990MB
memory size: 4.386990MB
trying to open file /users/yangzhou/NFShield/data/ictf2010_100kflow.dat
trying to open file /users/yangzhou/NFShield/data/ictf2010_100kflow.dat
trying to open file /users/yangzhou/NFShield/data/ictf2010_100kflow.dat
trying to open file /users/yangzhou/NFShield/data/ictf2010_100kflow.dat
trying to open file /users/yangzhou/NFShield/data/ictf2010_100kflow.dat
opening succeeds
opening succeeds
opening succeeds
opening succeeds
opening succeeds
trying to open file /users/yangzhou/NFShield/data/ictf2010_100kflow.dat
trying to open file /users/yangzhou/NFShield/data/ictf2010_100kflow.dat
trying to open file /users/yangzhou/NFShield/data/ictf2010_100kflow.dat
opening succeeds
opening succeeds
opening succeeds
trying to open file /users/yangzhou/NFShield/data/ictf2010_100kflow.dat
trying to open file /users/yangzhou/NFShield/data/ictf2010_100kflow.dat
trying to open file /users/yangzhou/NFShield/data/ictf2010_100kflow.dat
trying to open file /users/yangzhou/NFShield/data/ictf2010_100kflow.dat
trying to open file /users/yangzhou/NFShield/data/ictf2010_100kflow.dat
opening succeeds
opening succeeds
opening succeeds
opening succeeds
opening succeeds
trying to open file /users/yangzhou/NFShield/data/ictf2010_100kflow.dat
opening succeeds
Reading pkt trace done!
Reading pkt trace done!
Reading pkt trace done!
Reading pkt trace done!
Reading pkt trace done!
average pkt size = 607.274170
average pkt size = 607.274170
average pkt size = 607.274170
average pkt size = 607.274170
average pkt size = 607.274170
monitoring 160
monitoring 160
monitoring 160
monitoring 160
nat-tcp-v4 160
monitoring 320
monitoring 320
monitoring 320
monitoring 320
nat-tcp-v4 320
Reading pkt trace done!
Reading pkt trace done!
Reading pkt trace done!
average pkt size = 607.274170
average pkt size = 607.274170
average pkt size = 607.274170
monitoring 480
monitoring 480
monitoring 480
monitoring 480
nat-tcp-v4 480
monitoring 640
monitoring 640
monitoring 640
monitoring 640
nat-tcp-v4 640
monitoring 800
monitoring 800
monitoring 800
monitoring 800
nat-tcp-v4 800
monitoring 960
monitoring 960
monitoring 960
monitoring 960
nat-tcp-v4 960
monitoring 1120
monitoring 1120
monitoring 1120
monitoring 1120
nat-tcp-v4 1120
monitoring 1280
monitoring 1280
monitoring 1280
monitoring 1280
Reading pkt trace done!
Reading pkt trace done!
Reading pkt trace done!
Reading pkt trace done!
Reading pkt trace done!
average pkt size = 607.274170
average pkt size = 607.274170
average pkt size = 607.274170
average pkt size = 607.274170
average pkt size = 607.274170
nat-tcp-v4 1280
monitoring 1440
monitoring 1440
monitoring 1440
monitoring 1440
maglev 160
maglev 160
maglev 160
maglev 160
maglev 160
nat-tcp-v4 1440
monitoring 1600
monitoring 1600
monitoring 1600
monitoring 1600
maglev 320
maglev 320
maglev 320
maglev 320
maglev 320
nat-tcp-v4 1600
monitoring 1760
monitoring 1760
monitoring 1760
monitoring 1760
maglev 480
maglev 480
maglev 480
maglev 480
maglev 480
nat-tcp-v4 1760
monitoring 1920
monitoring 1920
monitoring 1920
monitoring 1920
maglev 640
maglev 640
maglev 640
maglev 640
maglev 640
nat-tcp-v4 1920
monitoring 2080
monitoring 2080
monitoring 2080
monitoring 2080
maglev 800
maglev 800
maglev 800
maglev 800
maglev 800
nat-tcp-v4 2080
monitoring 2240
monitoring 2240
monitoring 2240
monitoring 2240
maglev 960
maglev 960
maglev 960
maglev 960
maglev 960
nat-tcp-v4 2240
monitoring 2400
monitoring 2400
monitoring 2400
monitoring 2400
maglev 1120
maglev 1120
maglev 1120
maglev 1120
maglev 1120
monitoring 2560
monitoring 2560
monitoring 2560
monitoring 2560
nat-tcp-v4 2400
maglev 1280
maglev 1280
maglev 1280
maglev 1280
maglev 1280
monitoring 2720
monitoring 2720
monitoring 2720
monitoring 2720
maglev 1440
maglev 1440
maglev 1440
maglev 1440
maglev 1440
nat-tcp-v4 2560
monitoring 2880
monitoring 2880
monitoring 2880
monitoring 2880
maglev 1600
maglev 1600
maglev 1600
maglev 1600
maglev 1600
nat-tcp-v4 2720
monitoring 3040
monitoring 3040
monitoring 3040
monitoring 3040
maglev 1760
maglev 1760
maglev 1760
maglev 1760
maglev 1760
nat-tcp-v4 2880
monitoring 3200
monitoring 3200
monitoring 3200
monitoring 3200
maglev 1920
maglev 1920
maglev 1920
maglev 1920
maglev 1920
nat-tcp-v4 3040
monitoring 3360
monitoring 3360
monitoring 3360
monitoring 3360
maglev 2080
maglev 2080
maglev 2080
maglev 2080
maglev 2080
nat-tcp-v4 3200
monitoring 3520
monitoring 3520
monitoring 3520
monitoring 3520
maglev 2240
maglev 2240
maglev 2240
maglev 2240
maglev 2240
nat-tcp-v4 3360
monitoring 3680
monitoring 3680
monitoring 3680
monitoring 3680
maglev 2400
maglev 2400
maglev 2400
maglev 2400
maglev 2400
nat-tcp-v4 3520
monitoring 3840
monitoring 3840
monitoring 3840
monitoring 3840
maglev 2560
maglev 2560
maglev 2560
maglev 2560
maglev 2560
nat-tcp-v4 3680
monitoring 4000
monitoring 4000
monitoring 4000
monitoring 4000
maglev 2720
maglev 2720
maglev 2720
maglev 2720
maglev 2720
nat-tcp-v4 3840
monitoring 4160
monitoring 4160
monitoring 4160
monitoring 4160
maglev 2880
maglev 2880
maglev 2880
maglev 2880
maglev 2880
Reading pkt trace done!
average pkt size = 607.274170
nat-tcp-v4 4000
maglev 3040
maglev 3040
maglev 3040
maglev 3040
maglev 3040
monitoring 4320
monitoring 4320
monitoring 4320
monitoring 4320
lpm 160
nat-tcp-v4 4160
maglev 3200
maglev 3200
maglev 3200
maglev 3200
maglev 3200
monitoring 4480
monitoring 4480
monitoring 4480
monitoring 4480
lpm 320
nat-tcp-v4 4320
maglev 3360
maglev 3360
maglev 3360
maglev 3360
maglev 3360
monitoring 4640
monitoring 4640
monitoring 4640
monitoring 4640
lpm 480
nat-tcp-v4 4480
maglev 3520
maglev 3520
maglev 3520
maglev 3520
maglev 3520
monitoring 4800
monitoring 4800
monitoring 4800
monitoring 4800
lpm 640
maglev 3680
maglev 3680
maglev 3680
maglev 3680
maglev 3680
monitoring 4960
monitoring 4960
monitoring 4960
monitoring 4960
nat-tcp-v4 4640
lpm 800
maglev 3840
maglev 3840
maglev 3840
maglev 3840
maglev 3840
monitoring 5120
monitoring 5120
monitoring 5120
monitoring 5120
nat-tcp-v4 4800
lpm 960
maglev 4000
maglev 4000
maglev 4000
maglev 4000
maglev 4000
monitoring 5280
monitoring 5280
monitoring 5280
monitoring 5280
nat-tcp-v4 4960
lpm 1120
maglev 4160
maglev 4160
maglev 4160
maglev 4160
maglev 4160
monitoring 5440
monitoring 5440
monitoring 5440
monitoring 5440
nat-tcp-v4 5120
lpm 1280
maglev 4320
maglev 4320
maglev 4320
maglev 4320
maglev 4320
monitoring 5600
monitoring 5600
monitoring 5600
monitoring 5600
nat-tcp-v4 5280
lpm 1440
maglev 4480
maglev 4480
maglev 4480
maglev 4480
maglev 4480
monitoring 5760
monitoring 5760
monitoring 5760
monitoring 5760
lpm 1600
nat-tcp-v4 5440
maglev 4640
maglev 4640
maglev 4640
maglev 4640
maglev 4640
monitoring 5920
monitoring 5920
monitoring 5920
monitoring 5920
lpm 1760
nat-tcp-v4 5600
maglev 4800
maglev 4800
maglev 4800
maglev 4800
maglev 4800
monitoring 6080
monitoring 6080
monitoring 6080
monitoring 6080
lpm 1920
nat-tcp-v4 5760
maglev 4960
maglev 4960
maglev 4960
maglev 4960
maglev 4960
monitoring 6240
monitoring 6240
monitoring 6240
monitoring 6240
lpm 2080
nat-tcp-v4 5920
maglev 5120
maglev 5120
maglev 5120
maglev 5120
maglev 5120
monitoring 6400
monitoring 6400
monitoring 6400
monitoring 6400
lpm 2240
nat-tcp-v4 6080
maglev 5280
maglev 5280
maglev 5280
maglev 5280
maglev 5280
monitoring 6560
monitoring 6560
monitoring 6560
monitoring 6560
lpm 2400
nat-tcp-v4 6240
maglev 5440
maglev 5440
maglev 5440
maglev 5440
maglev 5440
monitoring 6720
monitoring 6720
monitoring 6720
monitoring 6720
lpm 2560
maglev 5600
maglev 5600
maglev 5600
maglev 5600
maglev 5600
nat-tcp-v4 6400
monitoring 6880
monitoring 6880
monitoring 6880
monitoring 6880
lpm 2720
maglev 5760
maglev 5760
maglev 5760
maglev 5760
maglev 5760
nat-tcp-v4 6560
monitoring 7040
monitoring 7040
monitoring 7040
monitoring 7040
lpm 2880
maglev 5920
maglev 5920
maglev 5920
maglev 5920
maglev 5920
nat-tcp-v4 6720
monitoring 7200
monitoring 7200
monitoring 7200
monitoring 7200
lpm 3040
maglev 6080
maglev 6080
maglev 6080
maglev 6080
maglev 6080
monitoring 7360
monitoring 7360
monitoring 7360
monitoring 7360
nat-tcp-v4 6880
lpm 3200
maglev 6240
maglev 6240
maglev 6240
maglev 6240
maglev 6240
monitoring 7520
monitoring 7520
monitoring 7520
monitoring 7520
lpm 3360
nat-tcp-v4 7040
maglev 6400
maglev 6400
maglev 6400
maglev 6400
maglev 6400
monitoring 7680
monitoring 7680
monitoring 7680
monitoring 7680
lpm 3520
nat-tcp-v4 7200
maglev 6560
maglev 6560
maglev 6560
maglev 6560
maglev 6560
monitoring 7840
monitoring 7840
monitoring 7840
monitoring 7840
lpm 3680
nat-tcp-v4 7360
maglev 6720
maglev 6720
maglev 6720
maglev 6720
maglev 6720
lpm 3840
monitoring 8000
monitoring 8000
monitoring 8000
monitoring 8000
nat-tcp-v4 7520
maglev 6880
maglev 6880
maglev 6880
maglev 6880
maglev 6880
lpm 4000
monitoring 8160
monitoring 8160
monitoring 8160
monitoring 8160
nat-tcp-v4 7680
maglev 7040
maglev 7040
maglev 7040
maglev 7040
maglev 7040
lpm 4160
monitoring 8320
monitoring 8320
monitoring 8320
monitoring 8320
nat-tcp-v4 7840
maglev 7200
maglev 7200
maglev 7200
maglev 7200
maglev 7200
lpm 4320
monitoring 8480
monitoring 8480
monitoring 8480
monitoring 8480
nat-tcp-v4 8000
maglev 7360
maglev 7360
maglev 7360
maglev 7360
maglev 7360
lpm 4480
monitoring 8640
monitoring 8640
monitoring 8640
monitoring 8640
maglev 7520
maglev 7520
maglev 7520
maglev 7520
maglev 7520
nat-tcp-v4 8160
lpm 4640
monitoring 8800
monitoring 8800
monitoring 8800
monitoring 8800
maglev 7680
maglev 7680
maglev 7680
maglev 7680
maglev 7680
nat-tcp-v4 8320
lpm 4800
monitoring 8960
monitoring 8960
monitoring 8960
monitoring 8960
maglev 7840
maglev 7840
maglev 7840
maglev 7840
maglev 7840
nat-tcp-v4 8480
lpm 4960
monitoring 9120
monitoring 9120
monitoring 9120
monitoring 9120
maglev 8000
maglev 8000
maglev 8000
maglev 8000
maglev 8000
lpm 5120
nat-tcp-v4 8640
monitoring 9280
monitoring 9280
monitoring 9280
monitoring 9280
maglev 8160
maglev 8160
maglev 8160
maglev 8160
maglev 8160
lpm 5280
nat-tcp-v4 8800
monitoring 9440
monitoring 9440
monitoring 9440
monitoring 9440
maglev 8320
maglev 8320
maglev 8320
maglev 8320
maglev 8320
lpm 5440
nat-tcp-v4 8960
monitoring 9600
monitoring 9600
monitoring 9600
monitoring 9600
maglev 8480
maglev 8480
maglev 8480
maglev 8480
maglev 8480
lpm 5600
monitoring 9760
monitoring 9760
monitoring 9760
monitoring 9760
nat-tcp-v4 9120
maglev 8640
maglev 8640
maglev 8640
maglev 8640
maglev 8640
lpm 5760
monitoring 9920
monitoring 9920
monitoring 9920
monitoring 9920
nat-tcp-v4 9280
maglev 8800
maglev 8800
maglev 8800
maglev 8800
maglev 8800
lpm 5920
monitoring 10080
monitoring 10080
monitoring 10080
monitoring 10080
nat-tcp-v4 9440
maglev 8960
maglev 8960
maglev 8960
maglev 8960
maglev 8960
lpm 6080
monitoring 10240
monitoring 10240
monitoring 10240
monitoring 10240
nat-tcp-v4 9600
maglev 9120
maglev 9120
maglev 9120
maglev 9120
maglev 9120
lpm 6240
monitoring 10400
monitoring 10400
monitoring 10400
monitoring 10400
nat-tcp-v4 9760
maglev 9280
maglev 9280
maglev 9280
maglev 9280
maglev 9280
lpm 6400
monitoring 10560
monitoring 10560
monitoring 10560
monitoring 10560
nat-tcp-v4 9920
maglev 9440
maglev 9440
maglev 9440
maglev 9440
maglev 9440
lpm 6560
monitoring 10720
monitoring 10720
monitoring 10720
monitoring 10720
maglev 9600
maglev 9600
maglev 9600
maglev 9600
maglev 9600
nat-tcp-v4 10080
lpm 6720
recover done
recover done
recover done
acl-fw 0
acl-fw 0
acl-fw 0
monitoring 10880
monitoring 10880
monitoring 10880
monitoring 10880
maglev 9760
maglev 9760
maglev 9760
maglev 9760
maglev 9760
lpm 6880
nat-tcp-v4 10240
monitoring 11040
monitoring 11040
monitoring 11040
monitoring 11040
maglev 9920
maglev 9920
maglev 9920
maglev 9920
maglev 9920
lpm 7040
nat-tcp-v4 10400
acl-fw 160
acl-fw 160
acl-fw 160
monitoring 11200
monitoring 11200
monitoring 11200
monitoring 11200
maglev 10080
maglev 10080
maglev 10080
maglev 10080
maglev 10080
lpm 7200
nat-tcp-v4 10560
monitoring 11360
monitoring 11360
monitoring 11360
monitoring 11360
maglev 10240
maglev 10240
maglev 10240
maglev 10240
maglev 10240
lpm 7360
nat-tcp-v4 10720
acl-fw 320
acl-fw 320
acl-fw 320
monitoring 11520
monitoring 11520
monitoring 11520
monitoring 11520
maglev 10400
maglev 10400
maglev 10400
maglev 10400
maglev 10400
lpm 7520
nat-tcp-v4 10880
monitoring 11680
monitoring 11680
monitoring 11680
monitoring 11680
maglev 10560
maglev 10560
maglev 10560
maglev 10560
maglev 10560
lpm 7680
nat-tcp-v4 11040
monitoring 11840
monitoring 11840
monitoring 11840
monitoring 11840
acl-fw 480
acl-fw 480
acl-fw 480
maglev 10720
maglev 10720
maglev 10720
maglev 10720
maglev 10720
lpm 7840
nat-tcp-v4 11200
monitoring 12000
monitoring 12000
monitoring 12000
monitoring 12000
maglev 10880
maglev 10880
maglev 10880
maglev 10880
maglev 10880
lpm 8000
monitoring 12160
monitoring 12160
monitoring 12160
monitoring 12160
nat-tcp-v4 11360
acl-fw 640
acl-fw 640
acl-fw 640
maglev 11040
maglev 11040
maglev 11040
maglev 11040
maglev 11040
lpm 8160
monitoring 12320
monitoring 12320
monitoring 12320
monitoring 12320
nat-tcp-v4 11520
lpm 8320
maglev 11200
maglev 11200
maglev 11200
maglev 11200
maglev 11200
monitoring 12480
monitoring 12480
monitoring 12480
monitoring 12480
nat-tcp-v4 11680
lpm 8480
maglev 11360
maglev 11360
maglev 11360
maglev 11360
maglev 11360
acl-fw 800
acl-fw 800
acl-fw 800
monitoring 12640
monitoring 12640
monitoring 12640
monitoring 12640
lpm 8640
maglev 11520
maglev 11520
maglev 11520
maglev 11520
maglev 11520
nat-tcp-v4 11840
monitoring 12800
monitoring 12800
monitoring 12800
monitoring 12800
lpm 8800
maglev 11680
maglev 11680
maglev 11680
maglev 11680
maglev 11680
nat-tcp-v4 12000
acl-fw 960
acl-fw 960
acl-fw 960
monitoring 12960
monitoring 12960
monitoring 12960
monitoring 12960
lpm 8960
maglev 11840
maglev 11840
maglev 11840
maglev 11840
maglev 11840
nat-tcp-v4 12160
monitoring 13120
monitoring 13120
monitoring 13120
monitoring 13120
lpm 9120
maglev 12000
maglev 12000
maglev 12000
maglev 12000
maglev 12000
nat-tcp-v4 12320
acl-fw 1120
acl-fw 1120
acl-fw 1120
monitoring 13280
monitoring 13280
monitoring 13280
monitoring 13280
lpm 9280
maglev 12160
maglev 12160
maglev 12160
maglev 12160
maglev 12160
nat-tcp-v4 12480
monitoring 13440
monitoring 13440
monitoring 13440
monitoring 13440
lpm 9440
maglev 12320
maglev 12320
maglev 12320
maglev 12320
maglev 12320
nat-tcp-v4 12640
acl-fw 1280
acl-fw 1280
acl-fw 1280
monitoring 13600
monitoring 13600
monitoring 13600
monitoring 13600
lpm 9600
maglev 12480
maglev 12480
maglev 12480
maglev 12480
maglev 12480
nat-tcp-v4 12800
monitoring 13760
monitoring 13760
monitoring 13760
monitoring 13760
lpm 9760
maglev 12640
maglev 12640
maglev 12640
maglev 12640
maglev 12640
nat-tcp-v4 12960
acl-fw 1440
acl-fw 1440
acl-fw 1440
monitoring 13920
monitoring 13920
monitoring 13920
monitoring 13920
lpm 9920
maglev 12800
maglev 12800
maglev 12800
maglev 12800
maglev 12800
nat-tcp-v4 13120
lpm 10080
monitoring 14080
monitoring 14080
monitoring 14080
monitoring 14080
maglev 12960
maglev 12960
maglev 12960
maglev 12960
maglev 12960
nat-tcp-v4 13280
acl-fw 1600
acl-fw 1600
acl-fw 1600
lpm 10240
monitoring 14240
monitoring 14240
monitoring 14240
monitoring 14240
maglev 13120
maglev 13120
maglev 13120
maglev 13120
maglev 13120
lpm 10400
monitoring 14400
monitoring 14400
monitoring 14400
monitoring 14400
nat-tcp-v4 13440
maglev 13280
maglev 13280
maglev 13280
maglev 13280
maglev 13280
lpm 10560
monitoring 14560
monitoring 14560
monitoring 14560
monitoring 14560
maglev 13440
maglev 13440
maglev 13440
maglev 13440
maglev 13440
nat-tcp-v4 13600
acl-fw 1760
acl-fw 1760
acl-fw 1760
lpm 10720
monitoring 14720
monitoring 14720
monitoring 14720
monitoring 14720
maglev 13600
maglev 13600
maglev 13600
maglev 13600
maglev 13600
nat-tcp-v4 13760
lpm 10880
monitoring 14880
monitoring 14880
monitoring 14880
monitoring 14880
maglev 13760
maglev 13760
maglev 13760
maglev 13760
maglev 13760
nat-tcp-v4 13920
acl-fw 1920
acl-fw 1920
acl-fw 1920
lpm 11040
monitoring 15040
monitoring 15040
monitoring 15040
monitoring 15040
maglev 13920
maglev 13920
maglev 13920
maglev 13920
maglev 13920
nat-tcp-v4 14080
lpm 11200
maglev 14080
maglev 14080
maglev 14080
maglev 14080
maglev 14080
monitoring 15200
monitoring 15200
monitoring 15200
monitoring 15200
nat-tcp-v4 14240
acl-fw 2080
acl-fw 2080
acl-fw 2080
lpm 11360
maglev 14240
maglev 14240
maglev 14240
maglev 14240
maglev 14240
monitoring 15360
monitoring 15360
monitoring 15360
monitoring 15360
nat-tcp-v4 14400
lpm 11520
maglev 14400
maglev 14400
maglev 14400
maglev 14400
maglev 14400
monitoring 15520
monitoring 15520
monitoring 15520
monitoring 15520
nat-tcp-v4 14560
acl-fw 2240
acl-fw 2240
acl-fw 2240
lpm 11680
maglev 14560
maglev 14560
maglev 14560
maglev 14560
maglev 14560
monitoring 15680
monitoring 15680
monitoring 15680
monitoring 15680
nat-tcp-v4 14720
lpm 11840
maglev 14720
maglev 14720
maglev 14720
maglev 14720
maglev 14720
monitoring 15840
monitoring 15840
monitoring 15840
monitoring 15840
nat-tcp-v4 14880
lpm 12000
acl-fw 2400
acl-fw 2400
acl-fw 2400
maglev 14880
maglev 14880
maglev 14880
maglev 14880
maglev 14880
monitoring 16000
monitoring 16000
monitoring 16000
monitoring 16000
lpm 12160
nat-tcp-v4 15040
maglev 15040
maglev 15040
maglev 15040
maglev 15040
maglev 15040
monitoring 16160
monitoring 16160
monitoring 16160
monitoring 16160
lpm 12320
nat-tcp-v4 15200
acl-fw 2560
acl-fw 2560
acl-fw 2560
maglev 15200
maglev 15200
maglev 15200
maglev 15200
maglev 15200
monitoring 16320
monitoring 16320
monitoring 16320
monitoring 16320
lpm 12480
maglev 15360
maglev 15360
maglev 15360
maglev 15360
maglev 15360
nat-tcp-v4 15360
monitoring 16480
monitoring 16480
monitoring 16480
monitoring 16480
lpm 12640
maglev 15520
maglev 15520
maglev 15520
maglev 15520
maglev 15520
acl-fw 2720
acl-fw 2720
acl-fw 2720
nat-tcp-v4 15520
monitoring 16640
monitoring 16640
monitoring 16640
monitoring 16640
lpm 12800
maglev 15680
maglev 15680
maglev 15680
maglev 15680
maglev 15680
monitoring 16800
monitoring 16800
monitoring 16800
monitoring 16800
nat-tcp-v4 15680
lpm 12960
maglev 15840
maglev 15840
maglev 15840
maglev 15840
maglev 15840
monitoring 16960
monitoring 16960
monitoring 16960
monitoring 16960
acl-fw 2880
acl-fw 2880
acl-fw 2880
nat-tcp-v4 15840
lpm 13120
maglev 16000
maglev 16000
maglev 16000
maglev 16000
maglev 16000
monitoring 17120
monitoring 17120
monitoring 17120
monitoring 17120
nat-tcp-v4 16000
lpm 13280
maglev 16160
maglev 16160
maglev 16160
maglev 16160
maglev 16160
monitoring 17280
monitoring 17280
monitoring 17280
monitoring 17280
acl-fw 3040
acl-fw 3040
acl-fw 3040
nat-tcp-v4 16160
lpm 13440
maglev 16320
maglev 16320
maglev 16320
maglev 16320
maglev 16320
monitoring 17440
monitoring 17440
monitoring 17440
monitoring 17440
nat-tcp-v4 16320
lpm 13600
maglev 16480
maglev 16480
maglev 16480
maglev 16480
maglev 16480
monitoring 17600
monitoring 17600
monitoring 17600
monitoring 17600
acl-fw 3200
acl-fw 3200
acl-fw 3200
lpm 13760
nat-tcp-v4 16480
maglev 16640
maglev 16640
maglev 16640
maglev 16640
maglev 16640
monitoring 17760
monitoring 17760
monitoring 17760
monitoring 17760
lpm 13920
nat-tcp-v4 16640
maglev 16800
maglev 16800
maglev 16800
maglev 16800
maglev 16800
monitoring 17920
monitoring 17920
monitoring 17920
monitoring 17920
lpm 14080
acl-fw 3360
acl-fw 3360
acl-fw 3360
nat-tcp-v4 16800
maglev 16960
maglev 16960
maglev 16960
maglev 16960
maglev 16960
monitoring 18080
monitoring 18080
monitoring 18080
monitoring 18080
lpm 14240
nat-tcp-v4 16960
maglev 17120
maglev 17120
maglev 17120
maglev 17120
maglev 17120
monitoring 18240
monitoring 18240
monitoring 18240
monitoring 18240
lpm 14400
acl-fw 3520
acl-fw 3520
acl-fw 3520
maglev 17280
maglev 17280
maglev 17280
maglev 17280
maglev 17280
nat-tcp-v4 17120
monitoring 18400
monitoring 18400
monitoring 18400
monitoring 18400
lpm 14560
maglev 17440
maglev 17440
maglev 17440
maglev 17440
maglev 17440
nat-tcp-v4 17280
monitoring 18560
monitoring 18560
monitoring 18560
monitoring 18560
lpm 14720
maglev 17600
maglev 17600
maglev 17600
maglev 17600
maglev 17600
acl-fw 3680
acl-fw 3680
acl-fw 3680
nat-tcp-v4 17440
monitoring 18720
monitoring 18720
monitoring 18720
monitoring 18720
lpm 14880
maglev 17760
maglev 17760
maglev 17760
maglev 17760
maglev 17760
nat-tcp-v4 17600
monitoring 18880
monitoring 18880
monitoring 18880
monitoring 18880
lpm 15040
maglev 17920
maglev 17920
maglev 17920
maglev 17920
maglev 17920
acl-fw 3840
acl-fw 3840
acl-fw 3840
monitoring 19040
monitoring 19040
monitoring 19040
monitoring 19040
nat-tcp-v4 17760
lpm 15200
maglev 18080
maglev 18080
maglev 18080
maglev 18080
maglev 18080
monitoring 19200
monitoring 19200
monitoring 19200
monitoring 19200
nat-tcp-v4 17920
lpm 15360
maglev 18240
maglev 18240
maglev 18240
maglev 18240
maglev 18240
acl-fw 4000
acl-fw 4000
acl-fw 4000
monitoring 19360
monitoring 19360
monitoring 19360
monitoring 19360
lpm 15520
nat-tcp-v4 18080
maglev 18400
maglev 18400
maglev 18400
maglev 18400
maglev 18400
monitoring 19520
monitoring 19520
monitoring 19520
monitoring 19520
lpm 15680
nat-tcp-v4 18240
maglev 18560
maglev 18560
maglev 18560
maglev 18560
maglev 18560
monitoring 19680
monitoring 19680
monitoring 19680
monitoring 19680
lpm 15840
acl-fw 4160
acl-fw 4160
acl-fw 4160
nat-tcp-v4 18400
maglev 18720
maglev 18720
maglev 18720
maglev 18720
maglev 18720
monitoring 19840
monitoring 19840
monitoring 19840
monitoring 19840
lpm 16000
nat-tcp-v4 18560
maglev 18880
maglev 18880
maglev 18880
maglev 18880
maglev 18880
monitoring 20000
monitoring 20000
monitoring 20000
monitoring 20000
lpm 16160
acl-fw 4320
acl-fw 4320
acl-fw 4320
nat-tcp-v4 18720
maglev 19040
maglev 19040
maglev 19040
maglev 19040
maglev 19040
lpm 16320
monitoring 20160
monitoring 20160
monitoring 20160
monitoring 20160
maglev 19200
maglev 19200
maglev 19200
maglev 19200
maglev 19200
nat-tcp-v4 18880
lpm 16480
monitoring 20320
monitoring 20320
monitoring 20320
monitoring 20320
acl-fw 4480
acl-fw 4480
acl-fw 4480
maglev 19360
maglev 19360
maglev 19360
maglev 19360
maglev 19360
nat-tcp-v4 19040
lpm 16640
monitoring 20480
monitoring 20480
monitoring 20480
monitoring 20480
maglev 19520
maglev 19520
maglev 19520
maglev 19520
maglev 19520
nat-tcp-v4 19200
lpm 16800
monitoring 20640
monitoring 20640
monitoring 20640
monitoring 20640
maglev 19680
maglev 19680
maglev 19680
maglev 19680
maglev 19680
acl-fw 4640
acl-fw 4640
acl-fw 4640
nat-tcp-v4 19360
lpm 16960
monitoring 20800
monitoring 20800
monitoring 20800
monitoring 20800
maglev 19840
maglev 19840
maglev 19840
maglev 19840
maglev 19840
nat-tcp-v4 19520
lpm 17120
monitoring 20960
monitoring 20960
monitoring 20960
monitoring 20960
maglev 20000
maglev 20000
maglev 20000
maglev 20000
maglev 20000
acl-fw 4800
acl-fw 4800
acl-fw 4800
lpm 17280
nat-tcp-v4 19680
monitoring 21120
monitoring 21120
monitoring 21120
monitoring 21120
maglev 20160
maglev 20160
maglev 20160
maglev 20160
maglev 20160
lpm 17440
monitoring 21280
monitoring 21280
monitoring 21280
monitoring 21280
nat-tcp-v4 19840
maglev 20320
maglev 20320
maglev 20320
maglev 20320
maglev 20320
acl-fw 4960
acl-fw 4960
acl-fw 4960
lpm 17600
monitoring 21440
monitoring 21440
monitoring 21440
monitoring 21440
nat-tcp-v4 20000
maglev 20480
maglev 20480
maglev 20480
maglev 20480
maglev 20480
lpm 17760
monitoring 21600
monitoring 21600
monitoring 21600
monitoring 21600
nat-tcp-v4 20160
maglev 20640
maglev 20640
maglev 20640
maglev 20640
maglev 20640
lpm 17920
acl-fw 5120
acl-fw 5120
acl-fw 5120
monitoring 21760
monitoring 21760
monitoring 21760
monitoring 21760
nat-tcp-v4 20320
maglev 20800
maglev 20800
maglev 20800
maglev 20800
maglev 20800
lpm 18080
monitoring 21920
monitoring 21920
monitoring 21920
monitoring 21920
nat-tcp-v4 20480
maglev 20960
maglev 20960
maglev 20960
maglev 20960
maglev 20960
lpm 18240
monitoring 22080
monitoring 22080
monitoring 22080
monitoring 22080
acl-fw 5280
acl-fw 5280
acl-fw 5280
maglev 21120
maglev 21120
maglev 21120
maglev 21120
maglev 21120
nat-tcp-v4 20640
lpm 18400
monitoring 22240
monitoring 22240
monitoring 22240
monitoring 22240
maglev 21280
maglev 21280
maglev 21280
maglev 21280
maglev 21280
nat-tcp-v4 20800
lpm 18560
monitoring 22400
monitoring 22400
monitoring 22400
monitoring 22400
acl-fw 5440
acl-fw 5440
acl-fw 5440
maglev 21440
maglev 21440
maglev 21440
maglev 21440
maglev 21440
nat-tcp-v4 20960
lpm 18720
monitoring 22560
monitoring 22560
monitoring 22560
monitoring 22560
maglev 21600
maglev 21600
maglev 21600
maglev 21600
maglev 21600
nat-tcp-v4 21120
lpm 18880
monitoring 22720
monitoring 22720
monitoring 22720
monitoring 22720
maglev 21760
maglev 21760
maglev 21760
maglev 21760
maglev 21760
acl-fw 5600
acl-fw 5600
acl-fw 5600
lpm 19040
nat-tcp-v4 21280
monitoring 22880
monitoring 22880
monitoring 22880
monitoring 22880
maglev 21920
maglev 21920
maglev 21920
maglev 21920
maglev 21920
lpm 19200
nat-tcp-v4 21440
monitoring 23040
monitoring 23040
monitoring 23040
monitoring 23040
maglev 22080
maglev 22080
maglev 22080
maglev 22080
maglev 22080
acl-fw 5760
acl-fw 5760
acl-fw 5760
lpm 19360
nat-tcp-v4 21600
monitoring 23200
monitoring 23200
monitoring 23200
monitoring 23200
maglev 22240
maglev 22240
maglev 22240
maglev 22240
maglev 22240
lpm 19520
nat-tcp-v4 21760
monitoring 23360
monitoring 23360
monitoring 23360
monitoring 23360
maglev 22400
maglev 22400
maglev 22400
maglev 22400
maglev 22400
lpm 19680
acl-fw 5920
acl-fw 5920
acl-fw 5920
nat-tcp-v4 21920
monitoring 23520
monitoring 23520
monitoring 23520
monitoring 23520
maglev 22560
maglev 22560
maglev 22560
maglev 22560
maglev 22560
lpm 19840
monitoring 23680
monitoring 23680
monitoring 23680
monitoring 23680
nat-tcp-v4 22080
maglev 22720
maglev 22720
maglev 22720
maglev 22720
maglev 22720
lpm 20000
acl-fw 6080
acl-fw 6080
acl-fw 6080
monitoring 23840
monitoring 23840
monitoring 23840
monitoring 23840
nat-tcp-v4 22240
maglev 22880
maglev 22880
maglev 22880
maglev 22880
maglev 22880
lpm 20160
monitoring 24000
monitoring 24000
monitoring 24000
monitoring 24000
maglev 23040
maglev 23040
maglev 23040
maglev 23040
maglev 23040
nat-tcp-v4 22400
lpm 20320
acl-fw 6240
acl-fw 6240
acl-fw 6240
monitoring 24160
monitoring 24160
monitoring 24160
monitoring 24160
maglev 23200
maglev 23200
maglev 23200
maglev 23200
maglev 23200
nat-tcp-v4 22560
lpm 20480
monitoring 24320
monitoring 24320
monitoring 24320
monitoring 24320
maglev 23360
maglev 23360
maglev 23360
maglev 23360
maglev 23360
lpm 20640
nat-tcp-v4 22720
monitoring 24480
monitoring 24480
monitoring 24480
monitoring 24480
acl-fw 6400
acl-fw 6400
acl-fw 6400
maglev 23520
maglev 23520
maglev 23520
maglev 23520
maglev 23520
lpm 20800
nat-tcp-v4 22880
monitoring 24640
monitoring 24640
monitoring 24640
monitoring 24640
maglev 23680
maglev 23680
maglev 23680
maglev 23680
maglev 23680
lpm 20960
nat-tcp-v4 23040
monitoring 24800
monitoring 24800
monitoring 24800
monitoring 24800
maglev 23840
maglev 23840
maglev 23840
maglev 23840
maglev 23840
acl-fw 6560
acl-fw 6560
acl-fw 6560
lpm 21120
nat-tcp-v4 23200
monitoring 24960
monitoring 24960
monitoring 24960
monitoring 24960
maglev 24000
maglev 24000
maglev 24000
maglev 24000
maglev 24000
lpm 21280
nat-tcp-v4 23360
monitoring 25120
monitoring 25120
monitoring 25120
monitoring 25120
maglev 24160
maglev 24160
maglev 24160
maglev 24160
maglev 24160
lpm 21440
acl-fw 6720
acl-fw 6720
acl-fw 6720
nat-tcp-v4 23520
monitoring 25280
monitoring 25280
monitoring 25280
monitoring 25280
maglev 24320
maglev 24320
maglev 24320
maglev 24320
maglev 24320
lpm 21600
nat-tcp-v4 23680
monitoring 25440
monitoring 25440
monitoring 25440
monitoring 25440
maglev 24480
maglev 24480
maglev 24480
maglev 24480
maglev 24480
lpm 21760
acl-fw 6880
acl-fw 6880
acl-fw 6880
nat-tcp-v4 23840
monitoring 25600
monitoring 25600
monitoring 25600
monitoring 25600
maglev 24640
maglev 24640
maglev 24640
maglev 24640
maglev 24640
lpm 21920
nat-tcp-v4 24000
monitoring 25760
monitoring 25760
monitoring 25760
monitoring 25760
maglev 24800
maglev 24800
maglev 24800
maglev 24800
maglev 24800
lpm 22080
acl-fw 7040
acl-fw 7040
acl-fw 7040
monitoring 25920
monitoring 25920
monitoring 25920
monitoring 25920
maglev 24960
maglev 24960
maglev 24960
maglev 24960
maglev 24960
nat-tcp-v4 24160
lpm 22240
monitoring 26080
monitoring 26080
monitoring 26080
monitoring 26080
maglev 25120
maglev 25120
maglev 25120
maglev 25120
maglev 25120
lpm 22400
nat-tcp-v4 24320
acl-fw 7200
acl-fw 7200
acl-fw 7200
maglev 25280
maglev 25280
maglev 25280
maglev 25280
maglev 25280
monitoring 26240
monitoring 26240
monitoring 26240
monitoring 26240
lpm 22560
nat-tcp-v4 24480
maglev 25440
maglev 25440
maglev 25440
maglev 25440
maglev 25440
monitoring 26400
monitoring 26400
monitoring 26400
monitoring 26400
lpm 22720
nat-tcp-v4 24640
acl-fw 7360
acl-fw 7360
acl-fw 7360
maglev 25600
maglev 25600
maglev 25600
maglev 25600
maglev 25600
monitoring 26560
monitoring 26560
monitoring 26560
monitoring 26560
lpm 22880
nat-tcp-v4 24800
maglev 25760
maglev 25760
maglev 25760
maglev 25760
maglev 25760
monitoring 26720
monitoring 26720
monitoring 26720
monitoring 26720
lpm 23040
nat-tcp-v4 24960
maglev 25920
maglev 25920
maglev 25920
maglev 25920
maglev 25920
acl-fw 7520
acl-fw 7520
acl-fw 7520
lpm 23200
monitoring 26880
monitoring 26880
monitoring 26880
monitoring 26880
nat-tcp-v4 25120
maglev 26080
maglev 26080
maglev 26080
maglev 26080
maglev 26080
lpm 23360
monitoring 27040
monitoring 27040
monitoring 27040
monitoring 27040
nat-tcp-v4 25280
maglev 26240
maglev 26240
maglev 26240
maglev 26240
maglev 26240
lpm 23520
monitoring 27200
monitoring 27200
monitoring 27200
monitoring 27200
acl-fw 7680
acl-fw 7680
acl-fw 7680
nat-tcp-v4 25440
maglev 26400
maglev 26400
maglev 26400
maglev 26400
maglev 26400
lpm 23680
monitoring 27360
monitoring 27360
monitoring 27360
monitoring 27360
nat-tcp-v4 25600
maglev 26560
maglev 26560
maglev 26560
maglev 26560
maglev 26560
lpm 23840
monitoring 27520
monitoring 27520
monitoring 27520
monitoring 27520
acl-fw 7840
acl-fw 7840
acl-fw 7840
nat-tcp-v4 25760
maglev 26720
maglev 26720
maglev 26720
maglev 26720
maglev 26720
lpm 24000
monitoring 27680
monitoring 27680
monitoring 27680
monitoring 27680
lpm 24160
maglev 26880
maglev 26880
maglev 26880
maglev 26880
maglev 26880
nat-tcp-v4 25920
monitoring 27840
monitoring 27840
monitoring 27840
monitoring 27840
acl-fw 8000
acl-fw 8000
acl-fw 8000
lpm 24320
maglev 27040
maglev 27040
maglev 27040
maglev 27040
maglev 27040
nat-tcp-v4 26080
monitoring 28000
monitoring 28000
monitoring 28000
monitoring 28000
lpm 24480
maglev 27200
maglev 27200
maglev 27200
maglev 27200
maglev 27200
monitoring 28160
monitoring 28160
monitoring 28160
monitoring 28160
nat-tcp-v4 26240
acl-fw 8160
acl-fw 8160
acl-fw 8160
lpm 24640
maglev 27360
maglev 27360
maglev 27360
maglev 27360
maglev 27360
monitoring 28320
monitoring 28320
monitoring 28320
monitoring 28320
nat-tcp-v4 26400
lpm 24800
maglev 27520
maglev 27520
maglev 27520
maglev 27520
maglev 27520
monitoring 28480
monitoring 28480
monitoring 28480
monitoring 28480
nat-tcp-v4 26560
acl-fw 8320
acl-fw 8320
acl-fw 8320
lpm 24960
maglev 27680
maglev 27680
maglev 27680
maglev 27680
maglev 27680
monitoring 28640
monitoring 28640
monitoring 28640
monitoring 28640
nat-tcp-v4 26720
lpm 25120
maglev 27840
maglev 27840
maglev 27840
maglev 27840
maglev 27840
monitoring 28800
monitoring 28800
monitoring 28800
monitoring 28800
nat-tcp-v4 26880
lpm 25280
maglev 28000
maglev 28000
maglev 28000
maglev 28000
maglev 28000
acl-fw 8480
acl-fw 8480
acl-fw 8480
monitoring 28960
monitoring 28960
monitoring 28960
monitoring 28960
nat-tcp-v4 27040
lpm 25440
maglev 28160
maglev 28160
maglev 28160
maglev 28160
maglev 28160
monitoring 29120
monitoring 29120
monitoring 29120
monitoring 29120
nat-tcp-v4 27200
lpm 25600
maglev 28320
maglev 28320
maglev 28320
maglev 28320
maglev 28320
acl-fw 8640
acl-fw 8640
acl-fw 8640
monitoring 29280
monitoring 29280
monitoring 29280
monitoring 29280
lpm 25760
nat-tcp-v4 27360
maglev 28480
maglev 28480
maglev 28480
maglev 28480
maglev 28480
monitoring 29440
monitoring 29440
monitoring 29440
monitoring 29440
lpm 25920
nat-tcp-v4 27520
maglev 28640
maglev 28640
maglev 28640
maglev 28640
maglev 28640
monitoring 29600
monitoring 29600
monitoring 29600
monitoring 29600
acl-fw 8800
acl-fw 8800
acl-fw 8800
lpm 26080
maglev 28800
maglev 28800
maglev 28800
maglev 28800
maglev 28800
nat-tcp-v4 27680
monitoring 29760
monitoring 29760
monitoring 29760
monitoring 29760
lpm 26240
maglev 28960
maglev 28960
maglev 28960
maglev 28960
maglev 28960
nat-tcp-v4 27840
monitoring 29920
monitoring 29920
monitoring 29920
monitoring 29920
acl-fw 8960
acl-fw 8960
acl-fw 8960
lpm 26400
maglev 29120
maglev 29120
maglev 29120
maglev 29120
maglev 29120
nat-tcp-v4 28000
monitoring 30080
monitoring 30080
monitoring 30080
monitoring 30080
lpm 26560
maglev 29280
maglev 29280
maglev 29280
maglev 29280
maglev 29280
monitoring 30240
monitoring 30240
monitoring 30240
monitoring 30240
nat-tcp-v4 28160
acl-fw 9120
acl-fw 9120
acl-fw 9120
lpm 26720
maglev 29440
maglev 29440
maglev 29440
maglev 29440
maglev 29440
monitoring 30400
monitoring 30400
monitoring 30400
monitoring 30400
nat-tcp-v4 28320
lpm 26880
maglev 29600
maglev 29600
maglev 29600
maglev 29600
maglev 29600
monitoring 30560
monitoring 30560
monitoring 30560
monitoring 30560
nat-tcp-v4 28480
lpm 27040
acl-fw 9280
acl-fw 9280
acl-fw 9280
maglev 29760
maglev 29760
maglev 29760
maglev 29760
maglev 29760
monitoring 30720
monitoring 30720
monitoring 30720
monitoring 30720
nat-tcp-v4 28640
lpm 27200
maglev 29920
maglev 29920
maglev 29920
maglev 29920
maglev 29920
monitoring 30880
monitoring 30880
monitoring 30880
monitoring 30880
nat-tcp-v4 28800
lpm 27360
maglev 30080
maglev 30080
maglev 30080
maglev 30080
maglev 30080
acl-fw 9440
acl-fw 9440
acl-fw 9440
monitoring 31040
monitoring 31040
monitoring 31040
monitoring 31040
lpm 27520
nat-tcp-v4 28960
maglev 30240
maglev 30240
maglev 30240
maglev 30240
maglev 30240
monitoring 31200
monitoring 31200
monitoring 31200
monitoring 31200
lpm 27680
nat-tcp-v4 29120
maglev 30400
maglev 30400
maglev 30400
maglev 30400
maglev 30400
acl-fw 9600
acl-fw 9600
acl-fw 9600
monitoring 31360
monitoring 31360
monitoring 31360
monitoring 31360
lpm 27840
maglev 30560
maglev 30560
maglev 30560
maglev 30560
maglev 30560
nat-tcp-v4 29280
monitoring 31520
monitoring 31520
monitoring 31520
monitoring 31520
ac restore done!
ac restore done!
trying to open file /users/yangzhou/NFShield/data/ictf2010_100kflow.dat
trying to open file /users/yangzhou/NFShield/data/ictf2010_100kflow.dat
opening succeeds
opening succeeds
lpm 28000
maglev 30720
maglev 30720
maglev 30720
maglev 30720
maglev 30720
nat-tcp-v4 29440
acl-fw 9760
acl-fw 9760
acl-fw 9760
monitoring 31680
monitoring 31680
monitoring 31680
monitoring 31680
lpm 28160
maglev 30880
maglev 30880
maglev 30880
maglev 30880
maglev 30880
nat-tcp-v4 29600
monitoring 31840
monitoring 31840
monitoring 31840
monitoring 31840
lpm 28320
maglev 31040
maglev 31040
maglev 31040
maglev 31040
maglev 31040
nat-tcp-v4 29760
monitoring 32000
monitoring 32000
monitoring 32000
monitoring 32000
acl-fw 9920
acl-fw 9920
acl-fw 9920
lpm 28480
maglev 31200
maglev 31200
maglev 31200
maglev 31200
maglev 31200
nat-tcp-v4 29920
monitoring 32160
monitoring 32160
monitoring 32160
monitoring 32160
lpm 28640
maglev 31360
maglev 31360
maglev 31360
maglev 31360
maglev 31360
nat-tcp-v4 30080
monitoring 32320
monitoring 32320
monitoring 32320
monitoring 32320
acl-fw 10080
acl-fw 10080
acl-fw 10080
lpm 28800
maglev 31520
maglev 31520
maglev 31520
maglev 31520
maglev 31520
monitoring 32480
monitoring 32480
monitoring 32480
monitoring 32480
nat-tcp-v4 30240
lpm 28960
maglev 31680
maglev 31680
maglev 31680
maglev 31680
maglev 31680
monitoring 32640
monitoring 32640
monitoring 32640
monitoring 32640
nat-tcp-v4 30400
lpm 29120
acl-fw 10240
acl-fw 10240
acl-fw 10240
maglev 31840
maglev 31840
maglev 31840
maglev 31840
maglev 31840
monitoring 32800
monitoring 32800
monitoring 32800
monitoring 32800
lpm 29280
nat-tcp-v4 30560
maglev 32000
maglev 32000
maglev 32000
maglev 32000
maglev 32000
monitoring 32960
monitoring 32960
monitoring 32960
monitoring 32960
lpm 29440
nat-tcp-v4 30720
maglev 32160
maglev 32160
maglev 32160
maglev 32160
maglev 32160
acl-fw 10400
acl-fw 10400
acl-fw 10400
monitoring 33120
monitoring 33120
monitoring 33120
monitoring 33120
lpm 29600
nat-tcp-v4 30880
maglev 32320
maglev 32320
maglev 32320
maglev 32320
maglev 32320
monitoring 33280
monitoring 33280
monitoring 33280
monitoring 33280
lpm 29760
maglev 32480
maglev 32480
maglev 32480
maglev 32480
maglev 32480
nat-tcp-v4 31040
acl-fw 10560
acl-fw 10560
acl-fw 10560
monitoring 33440
monitoring 33440
monitoring 33440
monitoring 33440
lpm 29920
maglev 32640
maglev 32640
maglev 32640
maglev 32640
maglev 32640
nat-tcp-v4 31200
lpm 30080
monitoring 33600
monitoring 33600
monitoring 33600
monitoring 33600
maglev 32800
maglev 32800
maglev 32800
maglev 32800
maglev 32800
nat-tcp-v4 31360
acl-fw 10720
acl-fw 10720
acl-fw 10720
lpm 30240
monitoring 33760
monitoring 33760
monitoring 33760
monitoring 33760
maglev 32960
maglev 32960
maglev 32960
maglev 32960
maglev 32960
nat-tcp-v4 31520
lpm 30400
monitoring 33920
monitoring 33920
monitoring 33920
monitoring 33920
maglev 33120
maglev 33120
maglev 33120
maglev 33120
maglev 33120
nat-tcp-v4 31680
acl-fw 10880
acl-fw 10880
acl-fw 10880
lpm 30560
monitoring 34080
monitoring 34080
monitoring 34080
monitoring 34080
maglev 33280
maglev 33280
maglev 33280
maglev 33280
maglev 33280
nat-tcp-v4 31840
lpm 30720
monitoring 34240
monitoring 34240
monitoring 34240
monitoring 34240
maglev 33440
maglev 33440
maglev 33440
maglev 33440
maglev 33440
lpm 30880
nat-tcp-v4 32000
monitoring 34400
monitoring 34400
monitoring 34400
monitoring 34400
acl-fw 11040
acl-fw 11040
acl-fw 11040
maglev 33600
maglev 33600
maglev 33600
maglev 33600
maglev 33600
lpm 31040
nat-tcp-v4 32160
monitoring 34560
monitoring 34560
monitoring 34560
monitoring 34560
maglev 33760
maglev 33760
maglev 33760
maglev 33760
maglev 33760
lpm 31200
monitoring 34720
monitoring 34720
monitoring 34720
monitoring 34720
nat-tcp-v4 32320
acl-fw 11200
acl-fw 11200
acl-fw 11200
maglev 33920
maglev 33920
maglev 33920
maglev 33920
maglev 33920
lpm 31360
monitoring 34880
monitoring 34880
monitoring 34880
monitoring 34880
nat-tcp-v4 32480
maglev 34080
maglev 34080
maglev 34080
maglev 34080
maglev 34080
lpm 31520
monitoring 35040
monitoring 35040
monitoring 35040
monitoring 35040
nat-tcp-v4 32640
maglev 34240
maglev 34240
maglev 34240
maglev 34240
maglev 34240
acl-fw 11360
acl-fw 11360
acl-fw 11360
lpm 31680
monitoring 35200
monitoring 35200
monitoring 35200
monitoring 35200
maglev 34400
maglev 34400
maglev 34400
maglev 34400
maglev 34400
nat-tcp-v4 32800
lpm 31840
monitoring 35360
monitoring 35360
monitoring 35360
monitoring 35360
maglev 34560
maglev 34560
maglev 34560
maglev 34560
maglev 34560
nat-tcp-v4 32960
acl-fw 11520
acl-fw 11520
acl-fw 11520
lpm 32000
monitoring 35520
monitoring 35520
monitoring 35520
monitoring 35520
maglev 34720
maglev 34720
maglev 34720
maglev 34720
maglev 34720
nat-tcp-v4 33120
lpm 32160
monitoring 35680
monitoring 35680
monitoring 35680
monitoring 35680
maglev 34880
maglev 34880
maglev 34880
maglev 34880
maglev 34880
nat-tcp-v4 33280
acl-fw 11680
acl-fw 11680
acl-fw 11680
lpm 32320
monitoring 35840
monitoring 35840
monitoring 35840
monitoring 35840
maglev 35040
maglev 35040
maglev 35040
maglev 35040
maglev 35040
nat-tcp-v4 33440
lpm 32480
monitoring 36000
monitoring 36000
monitoring 36000
monitoring 36000
maglev 35200
maglev 35200
maglev 35200
maglev 35200
maglev 35200
lpm 32640
nat-tcp-v4 33600
acl-fw 11840
acl-fw 11840
acl-fw 11840
monitoring 36160
monitoring 36160
monitoring 36160
monitoring 36160
maglev 35360
maglev 35360
maglev 35360
maglev 35360
maglev 35360
lpm 32800
nat-tcp-v4 33760
monitoring 36320
monitoring 36320
monitoring 36320
monitoring 36320
maglev 35520
maglev 35520
maglev 35520
maglev 35520
maglev 35520
lpm 32960
nat-tcp-v4 33920
acl-fw 12000
acl-fw 12000
acl-fw 12000
monitoring 36480
monitoring 36480
monitoring 36480
monitoring 36480
maglev 35680
maglev 35680
maglev 35680
maglev 35680
maglev 35680
lpm 33120
nat-tcp-v4 34080
monitoring 36640
monitoring 36640
monitoring 36640
monitoring 36640
maglev 35840
maglev 35840
maglev 35840
maglev 35840
maglev 35840
lpm 33280
acl-fw 12160
acl-fw 12160
acl-fw 12160
monitoring 36800
monitoring 36800
monitoring 36800
monitoring 36800
nat-tcp-v4 34240
maglev 36000
maglev 36000
maglev 36000
maglev 36000
maglev 36000
lpm 33440
monitoring 36960
monitoring 36960
monitoring 36960
monitoring 36960
maglev 36160
maglev 36160
maglev 36160
maglev 36160
maglev 36160
nat-tcp-v4 34400
lpm 33600
monitoring 37120
monitoring 37120
monitoring 37120
monitoring 37120
maglev 36320
maglev 36320
maglev 36320
maglev 36320
maglev 36320
acl-fw 12320
acl-fw 12320
acl-fw 12320
nat-tcp-v4 34560
lpm 33760
monitoring 37280
monitoring 37280
monitoring 37280
monitoring 37280
maglev 36480
maglev 36480
maglev 36480
maglev 36480
maglev 36480
nat-tcp-v4 34720
lpm 33920
monitoring 37440
monitoring 37440
monitoring 37440
monitoring 37440
maglev 36640
maglev 36640
maglev 36640
maglev 36640
maglev 36640
acl-fw 12480
acl-fw 12480
acl-fw 12480
nat-tcp-v4 34880
lpm 34080
maglev 36800
maglev 36800
maglev 36800
maglev 36800
maglev 36800
monitoring 37600
monitoring 37600
monitoring 37600
monitoring 37600
lpm 34240
nat-tcp-v4 35040
maglev 36960
maglev 36960
maglev 36960
maglev 36960
maglev 36960
monitoring 37760
monitoring 37760
monitoring 37760
monitoring 37760
lpm 34400
acl-fw 12640
acl-fw 12640
acl-fw 12640
nat-tcp-v4 35200
maglev 37120
maglev 37120
maglev 37120
maglev 37120
maglev 37120
monitoring 37920
monitoring 37920
monitoring 37920
monitoring 37920
lpm 34560
nat-tcp-v4 35360
maglev 37280
maglev 37280
maglev 37280
maglev 37280
maglev 37280
monitoring 38080
monitoring 38080
monitoring 38080
monitoring 38080
lpm 34720
acl-fw 12800
acl-fw 12800
acl-fw 12800
nat-tcp-v4 35520
maglev 37440
maglev 37440
maglev 37440
maglev 37440
maglev 37440
monitoring 38240
monitoring 38240
monitoring 38240
monitoring 38240
lpm 34880
nat-tcp-v4 35680
maglev 37600
maglev 37600
maglev 37600
maglev 37600
maglev 37600
monitoring 38400
monitoring 38400
monitoring 38400
monitoring 38400
lpm 35040
acl-fw 12960
acl-fw 12960
acl-fw 12960
nat-tcp-v4 35840
maglev 37760
maglev 37760
maglev 37760
maglev 37760
maglev 37760
monitoring 38560
monitoring 38560
monitoring 38560
monitoring 38560
lpm 35200
nat-tcp-v4 36000
maglev 37920
maglev 37920
maglev 37920
maglev 37920
maglev 37920
monitoring 38720
monitoring 38720
monitoring 38720
monitoring 38720
lpm 35360
acl-fw 13120
acl-fw 13120
acl-fw 13120
maglev 38080
maglev 38080
maglev 38080
maglev 38080
maglev 38080
nat-tcp-v4 36160
monitoring 38880
monitoring 38880
monitoring 38880
monitoring 38880
lpm 35520
maglev 38240
maglev 38240
maglev 38240
maglev 38240
maglev 38240
monitoring 39040
monitoring 39040
monitoring 39040
monitoring 39040
nat-tcp-v4 36320
lpm 35680
maglev 38400
maglev 38400
maglev 38400
maglev 38400
maglev 38400
acl-fw 13280
acl-fw 13280
acl-fw 13280
monitoring 39200
monitoring 39200
monitoring 39200
monitoring 39200
nat-tcp-v4 36480
lpm 35840
maglev 38560
maglev 38560
maglev 38560
maglev 38560
maglev 38560
monitoring 39360
monitoring 39360
monitoring 39360
monitoring 39360
nat-tcp-v4 36640
lpm 36000
maglev 38720
maglev 38720
maglev 38720
maglev 38720
maglev 38720
monitoring 39520
monitoring 39520
monitoring 39520
monitoring 39520
acl-fw 13440
acl-fw 13440
acl-fw 13440
lpm 36160
nat-tcp-v4 36800
maglev 38880
maglev 38880
maglev 38880
maglev 38880
maglev 38880
monitoring 39680
monitoring 39680
monitoring 39680
monitoring 39680
lpm 36320
nat-tcp-v4 36960
maglev 39040
maglev 39040
maglev 39040
maglev 39040
maglev 39040
monitoring 39840
monitoring 39840
monitoring 39840
monitoring 39840
lpm 36480
acl-fw 13600
acl-fw 13600
acl-fw 13600
nat-tcp-v4 37120
maglev 39200
maglev 39200
maglev 39200
maglev 39200
maglev 39200
monitoring 40000
monitoring 40000
monitoring 40000
monitoring 40000
lpm 36640
nat-tcp-v4 37280
maglev 39360
maglev 39360
maglev 39360
maglev 39360
maglev 39360
monitoring 40160
monitoring 40160
monitoring 40160
monitoring 40160
lpm 36800
acl-fw 13760
acl-fw 13760
acl-fw 13760
nat-tcp-v4 37440
maglev 39520
maglev 39520
maglev 39520
maglev 39520
maglev 39520
monitoring 40320
monitoring 40320
monitoring 40320
monitoring 40320
lpm 36960
nat-tcp-v4 37600
maglev 39680
maglev 39680
maglev 39680
maglev 39680
maglev 39680
monitoring 40480
monitoring 40480
monitoring 40480
monitoring 40480
lpm 37120
acl-fw 13920
acl-fw 13920
acl-fw 13920
maglev 39840
maglev 39840
maglev 39840
maglev 39840
maglev 39840
nat-tcp-v4 37760
monitoring 40640
monitoring 40640
monitoring 40640
monitoring 40640
lpm 37280
maglev 40000
maglev 40000
maglev 40000
maglev 40000
maglev 40000
nat-tcp-v4 37920
lpm 37440
monitoring 40800
monitoring 40800
monitoring 40800
monitoring 40800
acl-fw 14080
acl-fw 14080
acl-fw 14080
maglev 40160
maglev 40160
maglev 40160
maglev 40160
maglev 40160
nat-tcp-v4 38080
lpm 37600
monitoring 40960
monitoring 40960
monitoring 40960
monitoring 40960
maglev 40320
maglev 40320
maglev 40320
maglev 40320
maglev 40320
lpm 37760
monitoring 41120
monitoring 41120
monitoring 41120
monitoring 41120
nat-tcp-v4 38240
maglev 40480
maglev 40480
maglev 40480
maglev 40480
maglev 40480
acl-fw 14240
acl-fw 14240
acl-fw 14240
Reading pkt trace done!
Reading pkt trace done!
average pkt size = 607.274170
average pkt size = 607.274170
lpm 37920
monitoring 41280
monitoring 41280
monitoring 41280
monitoring 41280
nat-tcp-v4 38400
maglev 40640
maglev 40640
maglev 40640
maglev 40640
maglev 40640
lpm 38080
monitoring 41440
monitoring 41440
monitoring 41440
monitoring 41440
nat-tcp-v4 38560
dpi 160
dpi 160
maglev 40800
maglev 40800
maglev 40800
maglev 40800
maglev 40800
lpm 38240
acl-fw 14400
acl-fw 14400
acl-fw 14400
monitoring 41600
monitoring 41600
monitoring 41600
monitoring 41600
nat-tcp-v4 38720
maglev 40960
maglev 40960
maglev 40960
maglev 40960
maglev 40960
lpm 38400
monitoring 41760
monitoring 41760
monitoring 41760
monitoring 41760
dpi 320
dpi 320
nat-tcp-v4 38880
maglev 41120
maglev 41120
maglev 41120
maglev 41120
maglev 41120
lpm 38560
acl-fw 14560
acl-fw 14560
acl-fw 14560
monitoring 41920
monitoring 41920
monitoring 41920
monitoring 41920
nat-tcp-v4 39040
maglev 41280
maglev 41280
maglev 41280
maglev 41280
maglev 41280
lpm 38720
dpi 480
dpi 480
monitoring 42080
monitoring 42080
monitoring 42080
monitoring 42080
nat-tcp-v4 39200
maglev 41440
maglev 41440
maglev 41440
maglev 41440
maglev 41440
lpm 38880
monitoring 42240
monitoring 42240
monitoring 42240
monitoring 42240
acl-fw 14720
acl-fw 14720
acl-fw 14720
dpi 640
dpi 640
nat-tcp-v4 39360
maglev 41600
maglev 41600
maglev 41600
maglev 41600
maglev 41600
lpm 39040
monitoring 42400
monitoring 42400
monitoring 42400
monitoring 42400
maglev 41760
maglev 41760
maglev 41760
maglev 41760
maglev 41760
nat-tcp-v4 39520
lpm 39200
monitoring 42560
monitoring 42560
monitoring 42560
monitoring 42560
dpi 800
dpi 800
acl-fw 14880
acl-fw 14880
acl-fw 14880
maglev 41920
maglev 41920
maglev 41920
maglev 41920
maglev 41920
lpm 39360
nat-tcp-v4 39680
monitoring 42720
monitoring 42720
monitoring 42720
monitoring 42720
maglev 42080
maglev 42080
maglev 42080
maglev 42080
maglev 42080
lpm 39520
nat-tcp-v4 39840
dpi 960
dpi 960
monitoring 42880
monitoring 42880
monitoring 42880
monitoring 42880
acl-fw 15040
acl-fw 15040
acl-fw 15040
maglev 42240
maglev 42240
maglev 42240
maglev 42240
maglev 42240
lpm 39680
nat-tcp-v4 40000
monitoring 43040
monitoring 43040
monitoring 43040
monitoring 43040
dpi 1120
dpi 1120
maglev 42400
maglev 42400
maglev 42400
maglev 42400
maglev 42400
lpm 39840
nat-tcp-v4 40160
monitoring 43200
monitoring 43200
monitoring 43200
monitoring 43200
maglev 42560
maglev 42560
maglev 42560
maglev 42560
maglev 42560
acl-fw 15200
acl-fw 15200
acl-fw 15200
lpm 40000
nat-tcp-v4 40320
monitoring 43360
monitoring 43360
monitoring 43360
monitoring 43360
dpi 1280
dpi 1280
maglev 42720
maglev 42720
maglev 42720
maglev 42720
maglev 42720
lpm 40160
monitoring 43520
monitoring 43520
monitoring 43520
monitoring 43520
nat-tcp-v4 40480
maglev 42880
maglev 42880
maglev 42880
maglev 42880
maglev 42880
lpm 40320
acl-fw 15360
acl-fw 15360
acl-fw 15360
dpi 1440
dpi 1440
monitoring 43680
monitoring 43680
monitoring 43680
monitoring 43680
nat-tcp-v4 40640
maglev 43040
maglev 43040
maglev 43040
maglev 43040
maglev 43040
lpm 40480
monitoring 43840
monitoring 43840
monitoring 43840
monitoring 43840
nat-tcp-v4 40800
maglev 43200
maglev 43200
maglev 43200
maglev 43200
maglev 43200
lpm 40640
dpi 1600
dpi 1600
acl-fw 15520
acl-fw 15520
acl-fw 15520
monitoring 44000
monitoring 44000
monitoring 44000
monitoring 44000
nat-tcp-v4 40960
maglev 43360
maglev 43360
maglev 43360
maglev 43360
maglev 43360
lpm 40800
monitoring 44160
monitoring 44160
monitoring 44160
monitoring 44160
dpi 1760
dpi 1760
nat-tcp-v4 41120
maglev 43520
maglev 43520
maglev 43520
maglev 43520
maglev 43520
lpm 40960
monitoring 44320
monitoring 44320
monitoring 44320
monitoring 44320
acl-fw 15680
acl-fw 15680
acl-fw 15680
lpm 41120
maglev 43680
maglev 43680
maglev 43680
maglev 43680
maglev 43680
nat-tcp-v4 41280
dpi 1920
dpi 1920
monitoring 44480
monitoring 44480
monitoring 44480
monitoring 44480
lpm 41280
maglev 43840
maglev 43840
maglev 43840
maglev 43840
maglev 43840
nat-tcp-v4 41440
monitoring 44640
monitoring 44640
monitoring 44640
monitoring 44640
acl-fw 15840
acl-fw 15840
acl-fw 15840
dpi 2080
dpi 2080
lpm 41440
maglev 44000
maglev 44000
maglev 44000
maglev 44000
maglev 44000
nat-tcp-v4 41600
monitoring 44800
monitoring 44800
monitoring 44800
monitoring 44800
lpm 41600
maglev 44160
maglev 44160
maglev 44160
maglev 44160
maglev 44160
nat-tcp-v4 41760
dpi 2240
dpi 2240
monitoring 44960
monitoring 44960
monitoring 44960
monitoring 44960
acl-fw 16000
acl-fw 16000
acl-fw 16000
lpm 41760
maglev 44320
maglev 44320
maglev 44320
maglev 44320
maglev 44320
nat-tcp-v4 41920
monitoring 45120
monitoring 45120
monitoring 45120
monitoring 45120
lpm 41920
maglev 44480
maglev 44480
maglev 44480
maglev 44480
maglev 44480
dpi 2400
dpi 2400
nat-tcp-v4 42080
monitoring 45280
monitoring 45280
monitoring 45280
monitoring 45280
lpm 42080
maglev 44640
maglev 44640
maglev 44640
maglev 44640
maglev 44640
acl-fw 16160
acl-fw 16160
acl-fw 16160
monitoring 45440
monitoring 45440
monitoring 45440
monitoring 45440
nat-tcp-v4 42240
lpm 42240
dpi 2560
dpi 2560
maglev 44800
maglev 44800
maglev 44800
maglev 44800
maglev 44800
monitoring 45600
monitoring 45600
monitoring 45600
monitoring 45600
nat-tcp-v4 42400
lpm 42400
maglev 44960
maglev 44960
maglev 44960
maglev 44960
maglev 44960
acl-fw 16320
acl-fw 16320
acl-fw 16320
dpi 2720
dpi 2720
monitoring 45760
monitoring 45760
monitoring 45760
monitoring 45760
lpm 42560
nat-tcp-v4 42560
maglev 45120
maglev 45120
maglev 45120
maglev 45120
maglev 45120
monitoring 45920
monitoring 45920
monitoring 45920
monitoring 45920
lpm 42720
maglev 45280
maglev 45280
maglev 45280
maglev 45280
maglev 45280
nat-tcp-v4 42720
dpi 2880
dpi 2880
acl-fw 16480
acl-fw 16480
acl-fw 16480
monitoring 46080
monitoring 46080
monitoring 46080
monitoring 46080
lpm 42880
maglev 45440
maglev 45440
maglev 45440
maglev 45440
maglev 45440
nat-tcp-v4 42880
monitoring 46240
monitoring 46240
monitoring 46240
monitoring 46240
lpm 43040
maglev 45600
maglev 45600
maglev 45600
maglev 45600
maglev 45600
dpi 3040
dpi 3040
nat-tcp-v4 43040
acl-fw 16640
acl-fw 16640
acl-fw 16640
monitoring 46400
monitoring 46400
monitoring 46400
monitoring 46400
lpm 43200
maglev 45760
maglev 45760
maglev 45760
maglev 45760
maglev 45760
nat-tcp-v4 43200
dpi 3200
dpi 3200
monitoring 46560
monitoring 46560
monitoring 46560
monitoring 46560
lpm 43360
maglev 45920
maglev 45920
maglev 45920
maglev 45920
maglev 45920
nat-tcp-v4 43360
acl-fw 16800
acl-fw 16800
acl-fw 16800
monitoring 46720
monitoring 46720
monitoring 46720
monitoring 46720
lpm 43520
maglev 46080
maglev 46080
maglev 46080
maglev 46080
maglev 46080
dpi 3360
dpi 3360
nat-tcp-v4 43520
monitoring 46880
monitoring 46880
monitoring 46880
monitoring 46880
lpm 43680
maglev 46240
maglev 46240
maglev 46240
maglev 46240
maglev 46240
nat-tcp-v4 43680
lpm 43840
monitoring 47040
monitoring 47040
monitoring 47040
monitoring 47040
acl-fw 16960
acl-fw 16960
acl-fw 16960
maglev 46400
maglev 46400
maglev 46400
maglev 46400
maglev 46400
dpi 3520
dpi 3520
nat-tcp-v4 43840
lpm 44000
monitoring 47200
monitoring 47200
monitoring 47200
monitoring 47200
maglev 46560
maglev 46560
maglev 46560
maglev 46560
maglev 46560
nat-tcp-v4 44000
lpm 44160
dpi 3680
dpi 3680
monitoring 47360
monitoring 47360
monitoring 47360
monitoring 47360
maglev 46720
maglev 46720
maglev 46720
maglev 46720
maglev 46720
acl-fw 17120
acl-fw 17120
acl-fw 17120
lpm 44320
nat-tcp-v4 44160
monitoring 47520
monitoring 47520
monitoring 47520
monitoring 47520
maglev 46880
maglev 46880
maglev 46880
maglev 46880
maglev 46880
dpi 3840
dpi 3840
lpm 44480
monitoring 47680
monitoring 47680
monitoring 47680
monitoring 47680
nat-tcp-v4 44320
maglev 47040
maglev 47040
maglev 47040
maglev 47040
maglev 47040
acl-fw 17280
acl-fw 17280
acl-fw 17280
lpm 44640
monitoring 47840
monitoring 47840
monitoring 47840
monitoring 47840
maglev 47200
maglev 47200
maglev 47200
maglev 47200
maglev 47200
nat-tcp-v4 44480
dpi 4000
dpi 4000
lpm 44800
monitoring 48000
monitoring 48000
monitoring 48000
monitoring 48000
maglev 47360
maglev 47360
maglev 47360
maglev 47360
maglev 47360
nat-tcp-v4 44640
acl-fw 17440
acl-fw 17440
acl-fw 17440
dpi 4160
dpi 4160
lpm 44960
monitoring 48160
monitoring 48160
monitoring 48160
monitoring 48160
maglev 47520
maglev 47520
maglev 47520
maglev 47520
maglev 47520
nat-tcp-v4 44800
lpm 45120
monitoring 48320
monitoring 48320
monitoring 48320
monitoring 48320
maglev 47680
maglev 47680
maglev 47680
maglev 47680
maglev 47680
dpi 4320
dpi 4320
nat-tcp-v4 44960
acl-fw 17600
acl-fw 17600
acl-fw 17600
lpm 45280
monitoring 48480
monitoring 48480
monitoring 48480
monitoring 48480
maglev 47840
maglev 47840
maglev 47840
maglev 47840
maglev 47840
nat-tcp-v4 45120
lpm 45440
dpi 4480
dpi 4480
monitoring 48640
monitoring 48640
monitoring 48640
monitoring 48640
maglev 48000
maglev 48000
maglev 48000
maglev 48000
maglev 48000
nat-tcp-v4 45280
lpm 45600
acl-fw 17760
acl-fw 17760
acl-fw 17760
monitoring 48800
monitoring 48800
monitoring 48800
monitoring 48800
maglev 48160
maglev 48160
maglev 48160
maglev 48160
maglev 48160
dpi 4640
dpi 4640
nat-tcp-v4 45440
lpm 45760
maglev 48320
maglev 48320
maglev 48320
maglev 48320
maglev 48320
monitoring 48960
monitoring 48960
monitoring 48960
monitoring 48960
lpm 45920
nat-tcp-v4 45600
acl-fw 17920
acl-fw 17920
acl-fw 17920
maglev 48480
maglev 48480
maglev 48480
maglev 48480
maglev 48480
monitoring 49120
monitoring 49120
monitoring 49120
monitoring 49120
dpi 4800
dpi 4800
lpm 46080
nat-tcp-v4 45760
maglev 48640
maglev 48640
maglev 48640
maglev 48640
maglev 48640
monitoring 49280
monitoring 49280
monitoring 49280
monitoring 49280
lpm 46240
dpi 4960
dpi 4960
nat-tcp-v4 45920
maglev 48800
maglev 48800
maglev 48800
maglev 48800
maglev 48800
monitoring 49440
monitoring 49440
monitoring 49440
monitoring 49440
acl-fw 18080
acl-fw 18080
acl-fw 18080
lpm 46400
maglev 48960
maglev 48960
maglev 48960
maglev 48960
maglev 48960
nat-tcp-v4 46080
monitoring 49600
monitoring 49600
monitoring 49600
monitoring 49600
dpi 5120
dpi 5120
lpm 46560
maglev 49120
maglev 49120
maglev 49120
maglev 49120
maglev 49120
monitoring 49760
monitoring 49760
monitoring 49760
monitoring 49760
nat-tcp-v4 46240
acl-fw 18240
acl-fw 18240
acl-fw 18240
lpm 46720
maglev 49280
maglev 49280
maglev 49280
maglev 49280
maglev 49280
monitoring 49920
monitoring 49920
monitoring 49920
monitoring 49920
nat-tcp-v4 46400
dpi 5280
dpi 5280
lpm 46880
maglev 49440
maglev 49440
maglev 49440
maglev 49440
maglev 49440
monitoring 50080
monitoring 50080
monitoring 50080
monitoring 50080
nat-tcp-v4 46560
acl-fw 18400
acl-fw 18400
acl-fw 18400
lpm 47040
dpi 5440
dpi 5440
maglev 49600
maglev 49600
maglev 49600
maglev 49600
maglev 49600
monitoring 50240
monitoring 50240
monitoring 50240
monitoring 50240
nat-tcp-v4 46720
lpm 47200
maglev 49760
maglev 49760
maglev 49760
maglev 49760
maglev 49760
monitoring 50400
monitoring 50400
monitoring 50400
monitoring 50400
dpi 5600
dpi 5600
nat-tcp-v4 46880
acl-fw 18560
acl-fw 18560
acl-fw 18560
lpm 47360
maglev 49920
maglev 49920
maglev 49920
maglev 49920
maglev 49920
monitoring 50560
monitoring 50560
monitoring 50560
monitoring 50560
lpm 47520
nat-tcp-v4 47040
maglev 50080
maglev 50080
maglev 50080
maglev 50080
maglev 50080
monitoring 50720
monitoring 50720
monitoring 50720
monitoring 50720
dpi 5760
dpi 5760
lpm 47680
nat-tcp-v4 47200
acl-fw 18720
acl-fw 18720
acl-fw 18720
maglev 50240
maglev 50240
maglev 50240
maglev 50240
maglev 50240
monitoring 50880
monitoring 50880
monitoring 50880
monitoring 50880
lpm 47840
nat-tcp-v4 47360
dpi 5920
dpi 5920
maglev 50400
maglev 50400
maglev 50400
maglev 50400
maglev 50400
monitoring 51040
monitoring 51040
monitoring 51040
monitoring 51040
lpm 48000
nat-tcp-v4 47520
acl-fw 18880
acl-fw 18880
acl-fw 18880
maglev 50560
maglev 50560
maglev 50560
maglev 50560
maglev 50560
monitoring 51200
monitoring 51200
monitoring 51200
monitoring 51200
dpi 6080
dpi 6080
lpm 48160
maglev 50720
maglev 50720
maglev 50720
maglev 50720
maglev 50720
nat-tcp-v4 47680
monitoring 51360
monitoring 51360
monitoring 51360
monitoring 51360
lpm 48320
maglev 50880
maglev 50880
maglev 50880
maglev 50880
maglev 50880
acl-fw 19040
acl-fw 19040
acl-fw 19040
nat-tcp-v4 47840
dpi 6240
dpi 6240
monitoring 51520
monitoring 51520
monitoring 51520
monitoring 51520
lpm 48480
maglev 51040
maglev 51040
maglev 51040
maglev 51040
maglev 51040
nat-tcp-v4 48000
monitoring 51680
monitoring 51680
monitoring 51680
monitoring 51680
lpm 48640
dpi 6400
dpi 6400
maglev 51200
maglev 51200
maglev 51200
maglev 51200
maglev 51200
acl-fw 19200
acl-fw 19200
acl-fw 19200
nat-tcp-v4 48160
monitoring 51840
monitoring 51840
monitoring 51840
monitoring 51840
lpm 48800
maglev 51360
maglev 51360
maglev 51360
maglev 51360
maglev 51360
monitoring 52000
monitoring 52000
monitoring 52000
monitoring 52000
nat-tcp-v4 48320
lpm 48960
dpi 6560
dpi 6560
maglev 51520
maglev 51520
maglev 51520
maglev 51520
maglev 51520
monitoring 52160
monitoring 52160
monitoring 52160
monitoring 52160
acl-fw 19360
acl-fw 19360
acl-fw 19360
nat-tcp-v4 48480
lpm 49120
maglev 51680
maglev 51680
maglev 51680
maglev 51680
maglev 51680
dpi 6720
dpi 6720
monitoring 52320
monitoring 52320
monitoring 52320
monitoring 52320
lpm 49280
nat-tcp-v4 48640
maglev 51840
maglev 51840
maglev 51840
maglev 51840
maglev 51840
monitoring 52480
monitoring 52480
monitoring 52480
monitoring 52480
lpm 49440
acl-fw 19520
acl-fw 19520
acl-fw 19520
nat-tcp-v4 48800
dpi 6880
dpi 6880
maglev 52000
maglev 52000
maglev 52000
maglev 52000
maglev 52000
monitoring 52640
monitoring 52640
monitoring 52640
monitoring 52640
lpm 49600
nat-tcp-v4 48960
maglev 52160
maglev 52160
maglev 52160
maglev 52160
maglev 52160
monitoring 52800
monitoring 52800
monitoring 52800
monitoring 52800
lpm 49760
dpi 7040
dpi 7040
acl-fw 19680
acl-fw 19680
acl-fw 19680
nat-tcp-v4 49120
maglev 52320
maglev 52320
maglev 52320
maglev 52320
maglev 52320
monitoring 52960
monitoring 52960
monitoring 52960
monitoring 52960
lpm 49920
nat-tcp-v4 49280
maglev 52480
maglev 52480
maglev 52480
maglev 52480
maglev 52480
dpi 7200
dpi 7200
monitoring 53120
monitoring 53120
monitoring 53120
monitoring 53120
lpm 50080
acl-fw 19840
acl-fw 19840
acl-fw 19840
maglev 52640
maglev 52640
maglev 52640
maglev 52640
maglev 52640
nat-tcp-v4 49440
monitoring 53280
monitoring 53280
monitoring 53280
monitoring 53280
lpm 50240
dpi 7360
dpi 7360
maglev 52800
maglev 52800
maglev 52800
maglev 52800
maglev 52800
nat-tcp-v4 49600
a thread in cpu1 reached the max instruction count @ 390099313737
a thread in cpu5 reached the max instruction count @ 390099313737
a thread in cpu7 reached the max instruction count @ 390099313737
lpm 50400
monitoring 53440
monitoring 53440
monitoring 53440
monitoring 53440
maglev 52960
maglev 52960
maglev 52960
maglev 52960
maglev 52960
acl-fw 20000
acl-fw 20000
acl-fw 20000
nat-tcp-v4 49760
lpm 50560
dpi 7520
dpi 7520
monitoring 53600
monitoring 53600
monitoring 53600
monitoring 53600
maglev 53120
maglev 53120
maglev 53120
maglev 53120
maglev 53120
nat-tcp-v4 49920
lpm 50720
monitoring 53760
monitoring 53760
monitoring 53760
monitoring 53760
dpi 7680
dpi 7680
maglev 53280
maglev 53280
maglev 53280
maglev 53280
maglev 53280
acl-fw 20160
acl-fw 20160
acl-fw 20160
lpm 50880
nat-tcp-v4 50080
monitoring 53920
monitoring 53920
monitoring 53920
monitoring 53920
maglev 53440
maglev 53440
maglev 53440
maglev 53440
maglev 53440
lpm 51040
monitoring 54080
monitoring 54080
monitoring 54080
monitoring 54080
nat-tcp-v4 50240
dpi 7840
dpi 7840
maglev 53600
maglev 53600
maglev 53600
maglev 53600
maglev 53600
lpm 51200
acl-fw 20320
acl-fw 20320
acl-fw 20320
monitoring 54240
monitoring 54240
monitoring 54240
monitoring 54240
nat-tcp-v4 50400
maglev 53760
maglev 53760
maglev 53760
maglev 53760
maglev 53760
dpi 8000
dpi 8000
lpm 51360
monitoring 54400
monitoring 54400
monitoring 54400
monitoring 54400
nat-tcp-v4 50560
maglev 53920
maglev 53920
maglev 53920
maglev 53920
maglev 53920
lpm 51520
monitoring 54560
monitoring 54560
monitoring 54560
monitoring 54560
acl-fw 20480
acl-fw 20480
acl-fw 20480
nat-tcp-v4 50720
a thread in cpu13 reached the max instruction count @ 397583723145
dpi 8160
dpi 8160
a thread in cpu11 reached the max instruction count @ 397728351255
maglev 54080
maglev 54080
maglev 54080
maglev 54080
maglev 54080
lpm 51680
monitoring 54720
monitoring 54720
monitoring 54720
monitoring 54720
nat-tcp-v4 50880
maglev 54240
maglev 54240
maglev 54240
maglev 54240
maglev 54240
lpm 51840
a thread in cpu14 reached the max instruction count @ 399202141428
a thread in cpu12 reached the max instruction count @ 399202141428
a thread in cpu9 reached the max instruction count @ 399202141428
a thread in cpu0 reached the max instruction count @ 399202141428
Switched CPUS @ tick 399202141428
Changing memory mode to timing
switching cpus
**** REAL SIMULATION ****
info: Entering event queue @ 399202141428.  Starting simulation...
monitoring 54880
monitoring 54880
monitoring 54880
monitoring 54880
dpi 8320
dpi 8320
acl-fw 20640
acl-fw 20640
acl-fw 20640
maglev 54400
maglev 54400
maglev 54400
maglev 54400
maglev 54400
a thread in cpu11 reached the max instruction count @ 400294981668
a thread in cpu1 reached the max instruction count @ 400311024075
a thread in cpu7 reached the max instruction count @ 400315047291
a thread in cpu5 reached the max instruction count @ 400317253221
a thread in cpu8 reached the max instruction count @ 400333262268
a thread in cpu15 reached the max instruction count @ 400334837277
a thread in cpu4 reached the max instruction count @ 400335507813
a thread in cpu10 reached the max instruction count @ 400339593162
a thread in cpu3 reached the max instruction count @ 400340730321
a thread in cpu14 reached the max instruction count @ 400393462890
a thread in cpu12 reached the max instruction count @ 400396579965
Exiting @ tick 400396743012 because a thread in cpu0 reached the max instruction count
