gem5 Simulator System.  http://gem5.org
gem5 is copyrighted software; use the --copyright option for details.

gem5 compiled Feb  9 2024 22:54:06
gem5 started Feb 10 2024 20:03:02
gem5 executing on node-0.yangzhou-190841.lambda-mpi-pg0.clemson.cloudlab.us
command line: build/ARM/gem5.fast --remote-gdb-port=0 --outdir=/users/yangzhou/GEM5_DRAMSim2/sgx_nic/m5out/detailed_acl-fw.acl-fw.maglev.maglev.lpm.maglev.lpm.maglev_4MB_tp --stats-file=detailed_acl-fw.acl-fw.maglev.maglev.lpm.maglev.lpm.maglev_4MB_tp_stats.txt configs/dramsim2/dramsim2_se.py --cpu-type=detailed --clock=2.4GHz --cacheline_size=128 --caches --l2cache --l2config=setpartition --l2_size=512kB --l2_assoc=16 --fixaddr --rr_nc --split_mshr --split_rport --dramsim2 --tpturnlength=6 --devicecfg=./ext/DRAMSim2/ini/DDR3_micron_16M_8B_x8_sg15.ini --systemcfg=./ext/DRAMSim2/system_tp.ini --outputfile=/dev/null --fast-forward=750000000 --maxinsts=1000000 --maxtick=2000000000000 --numpids=8 --p0=/users/yangzhou/NFShield/acl-fw --p1=/users/yangzhou/NFShield/acl-fw --p2=/users/yangzhou/NFShield/maglev --p3=/users/yangzhou/NFShield/maglev --p4=/users/yangzhou/NFShield/lpm --p5=/users/yangzhou/NFShield/maglev --p6=/users/yangzhou/NFShield/lpm --p7=/users/yangzhou/NFShield/maglev
Global frequency set at 1000000000000 ticks per second
device file: ./ext/DRAMSim2/ini/DDR3_micron_16M_8B_x8_sg15.ini
system file: ./ext/DRAMSim2/system_tp.ini
output file: /dev/null
DEBUGSTR My tpTurnLength is 6
genTrace is 0
finish initializing memory controller
CPU Clock = 2398MHz
DRAM Clock = 1600MHz
Memory Capacity = 65536MB
initialize the layer 8
initialize the layer 8
Switch at instruction count:750000000
info: Entering event queue @ 0.  Starting simulation...
info: Increasing stack size by one page.
info: Increasing stack size by one page.
info: Increasing stack size by one page.
info: Increasing stack size by one page.
info: Increasing stack size by one page.
info: Increasing stack size by one page.
info: Increasing stack size by one page.
info: Increasing stack size by one page.
value_t size: 1B
value_t size: 1B
memory size: 4.386990MB
memory size: 4.386990MB
value_t size: 1B
value_t size: 1B
memory size: 4.386990MB
memory size: 4.386990MB
trying to open file /users/yangzhou/NFShield/data/ictf2010_100kflow.dat
trying to open file /users/yangzhou/NFShield/data/ictf2010_100kflow.dat
opening succeeds
opening succeeds
trying to open file /users/yangzhou/NFShield/data/ictf2010_100kflow.dat
trying to open file /users/yangzhou/NFShield/data/ictf2010_100kflow.dat
trying to open file /users/yangzhou/NFShield/data/ictf2010_100kflow.dat
trying to open file /users/yangzhou/NFShield/data/ictf2010_100kflow.dat
opening succeeds
opening succeeds
opening succeeds
opening succeeds
trying to open file /users/yangzhou/NFShield/data/ictf2010_100kflow.dat
trying to open file /users/yangzhou/NFShield/data/ictf2010_100kflow.dat
opening succeeds
opening succeeds
Reading pkt trace done!
Reading pkt trace done!
average pkt size = 607.274170
average pkt size = 607.274170
Reading pkt trace done!
Reading pkt trace done!
Reading pkt trace done!
Reading pkt trace done!
average pkt size = 607.274170
average pkt size = 607.274170
average pkt size = 607.274170
average pkt size = 607.274170
maglev 160
maglev 160
maglev 160
maglev 160
maglev 320
maglev 320
maglev 320
maglev 320
maglev 480
maglev 480
maglev 480
maglev 480
maglev 640
maglev 640
maglev 640
maglev 640
maglev 800
maglev 800
maglev 800
maglev 800
maglev 960
maglev 960
maglev 960
maglev 960
maglev 1120
maglev 1120
maglev 1120
maglev 1120
maglev 1280
maglev 1280
maglev 1280
maglev 1280
maglev 1440
maglev 1440
maglev 1440
maglev 1440
maglev 1600
maglev 1600
maglev 1600
maglev 1600
maglev 1760
maglev 1760
maglev 1760
maglev 1760
maglev 1920
maglev 1920
maglev 1920
maglev 1920
maglev 2080
maglev 2080
maglev 2080
maglev 2080
maglev 2240
maglev 2240
maglev 2240
maglev 2240
maglev 2400
maglev 2400
maglev 2400
maglev 2400
maglev 2560
maglev 2560
maglev 2560
maglev 2560
maglev 2720
maglev 2720
maglev 2720
maglev 2720
maglev 2880
maglev 2880
maglev 2880
maglev 2880
Reading pkt trace done!
Reading pkt trace done!
average pkt size = 607.274170
average pkt size = 607.274170
maglev 3040
maglev 3040
maglev 3040
maglev 3040
lpm 160
lpm 160
maglev 3200
maglev 3200
maglev 3200
maglev 3200
lpm 320
lpm 320
maglev 3360
maglev 3360
maglev 3360
maglev 3360
lpm 480
lpm 480
maglev 3520
maglev 3520
maglev 3520
maglev 3520
lpm 640
lpm 640
maglev 3680
maglev 3680
maglev 3680
maglev 3680
lpm 800
lpm 800
maglev 3840
maglev 3840
maglev 3840
maglev 3840
lpm 960
lpm 960
maglev 4000
maglev 4000
maglev 4000
maglev 4000
lpm 1120
lpm 1120
maglev 4160
maglev 4160
maglev 4160
maglev 4160
lpm 1280
lpm 1280
maglev 4320
maglev 4320
maglev 4320
maglev 4320
lpm 1440
lpm 1440
maglev 4480
maglev 4480
maglev 4480
maglev 4480
lpm 1600
lpm 1600
maglev 4640
maglev 4640
maglev 4640
maglev 4640
lpm 1760
lpm 1760
maglev 4800
maglev 4800
maglev 4800
maglev 4800
lpm 1920
lpm 1920
maglev 4960
maglev 4960
maglev 4960
maglev 4960
lpm 2080
lpm 2080
maglev 5120
maglev 5120
maglev 5120
maglev 5120
lpm 2240
lpm 2240
maglev 5280
maglev 5280
maglev 5280
maglev 5280
lpm 2400
lpm 2400
maglev 5440
maglev 5440
maglev 5440
maglev 5440
lpm 2560
lpm 2560
maglev 5600
maglev 5600
maglev 5600
maglev 5600
lpm 2720
lpm 2720
maglev 5760
maglev 5760
maglev 5760
maglev 5760
lpm 2880
lpm 2880
maglev 5920
maglev 5920
maglev 5920
maglev 5920
lpm 3040
lpm 3040
maglev 6080
maglev 6080
maglev 6080
maglev 6080
lpm 3200
lpm 3200
maglev 6240
maglev 6240
maglev 6240
maglev 6240
lpm 3360
lpm 3360
maglev 6400
maglev 6400
maglev 6400
maglev 6400
lpm 3520
lpm 3520
maglev 6560
maglev 6560
maglev 6560
maglev 6560
lpm 3680
lpm 3680
maglev 6720
maglev 6720
maglev 6720
maglev 6720
lpm 3840
lpm 3840
maglev 6880
maglev 6880
maglev 6880
maglev 6880
lpm 4000
lpm 4000
maglev 7040
maglev 7040
maglev 7040
maglev 7040
lpm 4160
lpm 4160
maglev 7200
maglev 7200
maglev 7200
maglev 7200
lpm 4320
lpm 4320
maglev 7360
maglev 7360
maglev 7360
maglev 7360
lpm 4480
lpm 4480
maglev 7520
maglev 7520
maglev 7520
maglev 7520
lpm 4640
lpm 4640
maglev 7680
maglev 7680
maglev 7680
maglev 7680
lpm 4800
lpm 4800
maglev 7840
maglev 7840
maglev 7840
maglev 7840
lpm 4960
lpm 4960
maglev 8000
maglev 8000
maglev 8000
maglev 8000
lpm 5120
lpm 5120
maglev 8160
maglev 8160
maglev 8160
maglev 8160
lpm 5280
lpm 5280
maglev 8320
maglev 8320
maglev 8320
maglev 8320
lpm 5440
lpm 5440
maglev 8480
maglev 8480
maglev 8480
maglev 8480
lpm 5600
lpm 5600
maglev 8640
maglev 8640
maglev 8640
maglev 8640
lpm 5760
lpm 5760
maglev 8800
maglev 8800
maglev 8800
maglev 8800
lpm 5920
lpm 5920
maglev 8960
maglev 8960
maglev 8960
maglev 8960
lpm 6080
lpm 6080
maglev 9120
maglev 9120
maglev 9120
maglev 9120
lpm 6240
lpm 6240
maglev 9280
maglev 9280
maglev 9280
maglev 9280
lpm 6400
lpm 6400
maglev 9440
maglev 9440
maglev 9440
maglev 9440
lpm 6560
lpm 6560
maglev 9600
maglev 9600
maglev 9600
maglev 9600
lpm 6720
lpm 6720
recover done
recover done
acl-fw 0
acl-fw 0
maglev 9760
maglev 9760
maglev 9760
maglev 9760
lpm 6880
lpm 6880
maglev 9920
maglev 9920
maglev 9920
maglev 9920
lpm 7040
lpm 7040
acl-fw 160
acl-fw 160
maglev 10080
maglev 10080
maglev 10080
maglev 10080
lpm 7200
lpm 7200
maglev 10240
maglev 10240
maglev 10240
maglev 10240
lpm 7360
lpm 7360
acl-fw 320
acl-fw 320
maglev 10400
maglev 10400
maglev 10400
maglev 10400
lpm 7520
lpm 7520
maglev 10560
maglev 10560
maglev 10560
maglev 10560
lpm 7680
lpm 7680
acl-fw 480
acl-fw 480
maglev 10720
maglev 10720
maglev 10720
maglev 10720
lpm 7840
lpm 7840
maglev 10880
maglev 10880
maglev 10880
maglev 10880
lpm 8000
lpm 8000
acl-fw 640
acl-fw 640
maglev 11040
maglev 11040
maglev 11040
maglev 11040
lpm 8160
lpm 8160
lpm 8320
lpm 8320
maglev 11200
maglev 11200
maglev 11200
maglev 11200
lpm 8480
lpm 8480
maglev 11360
maglev 11360
maglev 11360
maglev 11360
acl-fw 800
acl-fw 800
lpm 8640
lpm 8640
maglev 11520
maglev 11520
maglev 11520
maglev 11520
lpm 8800
lpm 8800
maglev 11680
maglev 11680
maglev 11680
maglev 11680
acl-fw 960
acl-fw 960
lpm 8960
lpm 8960
maglev 11840
maglev 11840
maglev 11840
maglev 11840
lpm 9120
lpm 9120
maglev 12000
maglev 12000
maglev 12000
maglev 12000
acl-fw 1120
acl-fw 1120
lpm 9280
lpm 9280
maglev 12160
maglev 12160
maglev 12160
maglev 12160
lpm 9440
lpm 9440
maglev 12320
maglev 12320
maglev 12320
maglev 12320
acl-fw 1280
acl-fw 1280
lpm 9600
lpm 9600
maglev 12480
maglev 12480
maglev 12480
maglev 12480
lpm 9760
lpm 9760
maglev 12640
maglev 12640
maglev 12640
maglev 12640
acl-fw 1440
acl-fw 1440
lpm 9920
lpm 9920
maglev 12800
maglev 12800
maglev 12800
maglev 12800
lpm 10080
lpm 10080
maglev 12960
maglev 12960
maglev 12960
maglev 12960
acl-fw 1600
acl-fw 1600
lpm 10240
lpm 10240
maglev 13120
maglev 13120
maglev 13120
maglev 13120
lpm 10400
lpm 10400
maglev 13280
maglev 13280
maglev 13280
maglev 13280
lpm 10560
lpm 10560
maglev 13440
maglev 13440
maglev 13440
maglev 13440
acl-fw 1760
acl-fw 1760
lpm 10720
lpm 10720
maglev 13600
maglev 13600
maglev 13600
maglev 13600
lpm 10880
lpm 10880
maglev 13760
maglev 13760
maglev 13760
maglev 13760
acl-fw 1920
acl-fw 1920
lpm 11040
lpm 11040
maglev 13920
maglev 13920
maglev 13920
maglev 13920
lpm 11200
lpm 11200
maglev 14080
maglev 14080
maglev 14080
maglev 14080
acl-fw 2080
acl-fw 2080
lpm 11360
lpm 11360
maglev 14240
maglev 14240
maglev 14240
maglev 14240
lpm 11520
lpm 11520
maglev 14400
maglev 14400
maglev 14400
maglev 14400
acl-fw 2240
acl-fw 2240
lpm 11680
lpm 11680
maglev 14560
maglev 14560
maglev 14560
maglev 14560
lpm 11840
lpm 11840
maglev 14720
maglev 14720
maglev 14720
maglev 14720
lpm 12000
lpm 12000
acl-fw 2400
acl-fw 2400
maglev 14880
maglev 14880
maglev 14880
maglev 14880
lpm 12160
lpm 12160
maglev 15040
maglev 15040
maglev 15040
maglev 15040
lpm 12320
lpm 12320
acl-fw 2560
acl-fw 2560
maglev 15200
maglev 15200
maglev 15200
maglev 15200
lpm 12480
lpm 12480
maglev 15360
maglev 15360
maglev 15360
maglev 15360
lpm 12640
lpm 12640
maglev 15520
maglev 15520
maglev 15520
maglev 15520
acl-fw 2720
acl-fw 2720
lpm 12800
lpm 12800
maglev 15680
maglev 15680
maglev 15680
maglev 15680
lpm 12960
lpm 12960
maglev 15840
maglev 15840
maglev 15840
maglev 15840
acl-fw 2880
acl-fw 2880
lpm 13120
lpm 13120
maglev 16000
maglev 16000
maglev 16000
maglev 16000
lpm 13280
lpm 13280
maglev 16160
maglev 16160
maglev 16160
maglev 16160
acl-fw 3040
acl-fw 3040
lpm 13440
lpm 13440
maglev 16320
maglev 16320
maglev 16320
maglev 16320
lpm 13600
lpm 13600
maglev 16480
maglev 16480
maglev 16480
maglev 16480
acl-fw 3200
acl-fw 3200
lpm 13760
lpm 13760
maglev 16640
maglev 16640
maglev 16640
maglev 16640
lpm 13920
lpm 13920
maglev 16800
maglev 16800
maglev 16800
maglev 16800
lpm 14080
lpm 14080
acl-fw 3360
acl-fw 3360
maglev 16960
maglev 16960
maglev 16960
maglev 16960
lpm 14240
lpm 14240
maglev 17120
maglev 17120
maglev 17120
maglev 17120
lpm 14400
lpm 14400
acl-fw 3520
acl-fw 3520
maglev 17280
maglev 17280
maglev 17280
maglev 17280
lpm 14560
lpm 14560
maglev 17440
maglev 17440
maglev 17440
maglev 17440
lpm 14720
lpm 14720
maglev 17600
maglev 17600
maglev 17600
maglev 17600
acl-fw 3680
acl-fw 3680
lpm 14880
lpm 14880
maglev 17760
maglev 17760
maglev 17760
maglev 17760
lpm 15040
lpm 15040
maglev 17920
maglev 17920
maglev 17920
maglev 17920
acl-fw 3840
acl-fw 3840
lpm 15200
lpm 15200
maglev 18080
maglev 18080
maglev 18080
maglev 18080
lpm 15360
lpm 15360
maglev 18240
maglev 18240
maglev 18240
maglev 18240
acl-fw 4000
acl-fw 4000
lpm 15520
lpm 15520
maglev 18400
maglev 18400
maglev 18400
maglev 18400
lpm 15680
lpm 15680
maglev 18560
maglev 18560
maglev 18560
maglev 18560
lpm 15840
lpm 15840
acl-fw 4160
acl-fw 4160
maglev 18720
maglev 18720
maglev 18720
maglev 18720
lpm 16000
lpm 16000
maglev 18880
maglev 18880
maglev 18880
maglev 18880
lpm 16160
lpm 16160
acl-fw 4320
acl-fw 4320
maglev 19040
maglev 19040
maglev 19040
maglev 19040
lpm 16320
lpm 16320
maglev 19200
maglev 19200
maglev 19200
maglev 19200
lpm 16480
lpm 16480
acl-fw 4480
acl-fw 4480
maglev 19360
maglev 19360
maglev 19360
maglev 19360
lpm 16640
lpm 16640
maglev 19520
maglev 19520
maglev 19520
maglev 19520
lpm 16800
lpm 16800
maglev 19680
maglev 19680
maglev 19680
maglev 19680
acl-fw 4640
acl-fw 4640
lpm 16960
lpm 16960
maglev 19840
maglev 19840
maglev 19840
maglev 19840
lpm 17120
lpm 17120
maglev 20000
maglev 20000
maglev 20000
maglev 20000
acl-fw 4800
acl-fw 4800
lpm 17280
lpm 17280
maglev 20160
maglev 20160
maglev 20160
maglev 20160
lpm 17440
lpm 17440
maglev 20320
maglev 20320
maglev 20320
maglev 20320
acl-fw 4960
acl-fw 4960
lpm 17600
lpm 17600
maglev 20480
maglev 20480
maglev 20480
maglev 20480
lpm 17760
lpm 17760
maglev 20640
maglev 20640
maglev 20640
maglev 20640
lpm 17920
lpm 17920
acl-fw 5120
acl-fw 5120
maglev 20800
maglev 20800
maglev 20800
maglev 20800
lpm 18080
lpm 18080
maglev 20960
maglev 20960
maglev 20960
maglev 20960
lpm 18240
lpm 18240
acl-fw 5280
acl-fw 5280
maglev 21120
maglev 21120
maglev 21120
maglev 21120
lpm 18400
lpm 18400
maglev 21280
maglev 21280
maglev 21280
maglev 21280
lpm 18560
lpm 18560
acl-fw 5440
acl-fw 5440
maglev 21440
maglev 21440
maglev 21440
maglev 21440
lpm 18720
lpm 18720
maglev 21600
maglev 21600
maglev 21600
maglev 21600
lpm 18880
lpm 18880
maglev 21760
maglev 21760
maglev 21760
maglev 21760
acl-fw 5600
acl-fw 5600
lpm 19040
lpm 19040
maglev 21920
maglev 21920
maglev 21920
maglev 21920
lpm 19200
lpm 19200
maglev 22080
maglev 22080
maglev 22080
maglev 22080
acl-fw 5760
acl-fw 5760
lpm 19360
lpm 19360
maglev 22240
maglev 22240
maglev 22240
maglev 22240
lpm 19520
lpm 19520
maglev 22400
maglev 22400
maglev 22400
maglev 22400
lpm 19680
lpm 19680
acl-fw 5920
acl-fw 5920
maglev 22560
maglev 22560
maglev 22560
maglev 22560
lpm 19840
lpm 19840
maglev 22720
maglev 22720
maglev 22720
maglev 22720
lpm 20000
lpm 20000
acl-fw 6080
acl-fw 6080
maglev 22880
maglev 22880
maglev 22880
maglev 22880
lpm 20160
lpm 20160
maglev 23040
maglev 23040
maglev 23040
maglev 23040
lpm 20320
lpm 20320
acl-fw 6240
acl-fw 6240
maglev 23200
maglev 23200
maglev 23200
maglev 23200
lpm 20480
lpm 20480
maglev 23360
maglev 23360
maglev 23360
maglev 23360
lpm 20640
lpm 20640
acl-fw 6400
acl-fw 6400
maglev 23520
maglev 23520
maglev 23520
maglev 23520
lpm 20800
lpm 20800
maglev 23680
maglev 23680
maglev 23680
maglev 23680
lpm 20960
lpm 20960
maglev 23840
maglev 23840
maglev 23840
maglev 23840
acl-fw 6560
acl-fw 6560
lpm 21120
lpm 21120
maglev 24000
maglev 24000
maglev 24000
maglev 24000
lpm 21280
lpm 21280
maglev 24160
maglev 24160
maglev 24160
maglev 24160
lpm 21440
lpm 21440
acl-fw 6720
acl-fw 6720
maglev 24320
maglev 24320
maglev 24320
maglev 24320
lpm 21600
lpm 21600
maglev 24480
maglev 24480
maglev 24480
maglev 24480
lpm 21760
lpm 21760
acl-fw 6880
acl-fw 6880
maglev 24640
maglev 24640
maglev 24640
maglev 24640
lpm 21920
lpm 21920
maglev 24800
maglev 24800
maglev 24800
maglev 24800
lpm 22080
lpm 22080
acl-fw 7040
acl-fw 7040
maglev 24960
maglev 24960
maglev 24960
maglev 24960
lpm 22240
lpm 22240
maglev 25120
maglev 25120
maglev 25120
maglev 25120
lpm 22400
lpm 22400
acl-fw 7200
acl-fw 7200
maglev 25280
maglev 25280
maglev 25280
maglev 25280
lpm 22560
lpm 22560
maglev 25440
maglev 25440
maglev 25440
maglev 25440
lpm 22720
lpm 22720
acl-fw 7360
acl-fw 7360
maglev 25600
maglev 25600
maglev 25600
maglev 25600
lpm 22880
lpm 22880
maglev 25760
maglev 25760
maglev 25760
maglev 25760
lpm 23040
lpm 23040
maglev 25920
maglev 25920
maglev 25920
maglev 25920
acl-fw 7520
acl-fw 7520
lpm 23200
lpm 23200
maglev 26080
maglev 26080
maglev 26080
maglev 26080
lpm 23360
lpm 23360
maglev 26240
maglev 26240
maglev 26240
maglev 26240
lpm 23520
lpm 23520
acl-fw 7680
acl-fw 7680
maglev 26400
maglev 26400
maglev 26400
maglev 26400
lpm 23680
lpm 23680
maglev 26560
maglev 26560
maglev 26560
maglev 26560
lpm 23840
lpm 23840
acl-fw 7840
acl-fw 7840
maglev 26720
maglev 26720
maglev 26720
maglev 26720
lpm 24000
lpm 24000
lpm 24160
lpm 24160
maglev 26880
maglev 26880
maglev 26880
maglev 26880
acl-fw 8000
acl-fw 8000
lpm 24320
lpm 24320
maglev 27040
maglev 27040
maglev 27040
maglev 27040
lpm 24480
lpm 24480
maglev 27200
maglev 27200
maglev 27200
maglev 27200
acl-fw 8160
acl-fw 8160
lpm 24640
lpm 24640
maglev 27360
maglev 27360
maglev 27360
maglev 27360
lpm 24800
lpm 24800
maglev 27520
maglev 27520
maglev 27520
maglev 27520
acl-fw 8320
acl-fw 8320
lpm 24960
lpm 24960
maglev 27680
maglev 27680
maglev 27680
maglev 27680
lpm 25120
lpm 25120
maglev 27840
maglev 27840
maglev 27840
maglev 27840
lpm 25280
lpm 25280
maglev 28000
maglev 28000
maglev 28000
maglev 28000
acl-fw 8480
acl-fw 8480
lpm 25440
lpm 25440
maglev 28160
maglev 28160
maglev 28160
maglev 28160
lpm 25600
lpm 25600
maglev 28320
maglev 28320
maglev 28320
maglev 28320
acl-fw 8640
acl-fw 8640
lpm 25760
lpm 25760
maglev 28480
maglev 28480
maglev 28480
maglev 28480
lpm 25920
lpm 25920
maglev 28640
maglev 28640
maglev 28640
maglev 28640
acl-fw 8800
acl-fw 8800
lpm 26080
lpm 26080
maglev 28800
maglev 28800
maglev 28800
maglev 28800
lpm 26240
lpm 26240
maglev 28960
maglev 28960
maglev 28960
maglev 28960
acl-fw 8960
acl-fw 8960
lpm 26400
lpm 26400
maglev 29120
maglev 29120
maglev 29120
maglev 29120
lpm 26560
lpm 26560
maglev 29280
maglev 29280
maglev 29280
maglev 29280
acl-fw 9120
acl-fw 9120
lpm 26720
lpm 26720
maglev 29440
maglev 29440
maglev 29440
maglev 29440
lpm 26880
lpm 26880
maglev 29600
maglev 29600
maglev 29600
maglev 29600
lpm 27040
lpm 27040
acl-fw 9280
acl-fw 9280
maglev 29760
maglev 29760
maglev 29760
maglev 29760
lpm 27200
lpm 27200
maglev 29920
maglev 29920
maglev 29920
maglev 29920
lpm 27360
lpm 27360
maglev 30080
maglev 30080
maglev 30080
maglev 30080
acl-fw 9440
acl-fw 9440
lpm 27520
lpm 27520
maglev 30240
maglev 30240
maglev 30240
maglev 30240
lpm 27680
lpm 27680
maglev 30400
maglev 30400
maglev 30400
maglev 30400
acl-fw 9600
acl-fw 9600
lpm 27840
lpm 27840
maglev 30560
maglev 30560
maglev 30560
maglev 30560
lpm 28000
lpm 28000
maglev 30720
maglev 30720
maglev 30720
maglev 30720
acl-fw 9760
acl-fw 9760
lpm 28160
lpm 28160
maglev 30880
maglev 30880
maglev 30880
maglev 30880
lpm 28320
lpm 28320
maglev 31040
maglev 31040
maglev 31040
maglev 31040
acl-fw 9920
acl-fw 9920
lpm 28480
lpm 28480
maglev 31200
maglev 31200
maglev 31200
maglev 31200
lpm 28640
lpm 28640
maglev 31360
maglev 31360
maglev 31360
maglev 31360
acl-fw 10080
acl-fw 10080
lpm 28800
lpm 28800
maglev 31520
maglev 31520
maglev 31520
maglev 31520
lpm 28960
lpm 28960
maglev 31680
maglev 31680
maglev 31680
maglev 31680
lpm 29120
lpm 29120
acl-fw 10240
acl-fw 10240
maglev 31840
maglev 31840
maglev 31840
maglev 31840
lpm 29280
lpm 29280
maglev 32000
maglev 32000
maglev 32000
maglev 32000
lpm 29440
lpm 29440
maglev 32160
maglev 32160
maglev 32160
maglev 32160
acl-fw 10400
acl-fw 10400
lpm 29600
lpm 29600
maglev 32320
maglev 32320
maglev 32320
maglev 32320
lpm 29760
lpm 29760
maglev 32480
maglev 32480
maglev 32480
maglev 32480
acl-fw 10560
acl-fw 10560
lpm 29920
lpm 29920
maglev 32640
maglev 32640
maglev 32640
maglev 32640
lpm 30080
lpm 30080
maglev 32800
maglev 32800
maglev 32800
maglev 32800
acl-fw 10720
acl-fw 10720
lpm 30240
lpm 30240
maglev 32960
maglev 32960
maglev 32960
maglev 32960
lpm 30400
lpm 30400
maglev 33120
maglev 33120
maglev 33120
maglev 33120
acl-fw 10880
acl-fw 10880
lpm 30560
lpm 30560
maglev 33280
maglev 33280
maglev 33280
maglev 33280
lpm 30720
lpm 30720
maglev 33440
maglev 33440
maglev 33440
maglev 33440
lpm 30880
lpm 30880
acl-fw 11040
acl-fw 11040
maglev 33600
maglev 33600
maglev 33600
maglev 33600
lpm 31040
lpm 31040
maglev 33760
maglev 33760
maglev 33760
maglev 33760
lpm 31200
lpm 31200
acl-fw 11200
acl-fw 11200
maglev 33920
maglev 33920
maglev 33920
maglev 33920
lpm 31360
lpm 31360
maglev 34080
maglev 34080
maglev 34080
maglev 34080
lpm 31520
lpm 31520
maglev 34240
maglev 34240
maglev 34240
maglev 34240
acl-fw 11360
acl-fw 11360
lpm 31680
lpm 31680
maglev 34400
maglev 34400
maglev 34400
maglev 34400
lpm 31840
lpm 31840
maglev 34560
maglev 34560
maglev 34560
maglev 34560
acl-fw 11520
acl-fw 11520
lpm 32000
lpm 32000
maglev 34720
maglev 34720
maglev 34720
maglev 34720
lpm 32160
lpm 32160
maglev 34880
maglev 34880
maglev 34880
maglev 34880
acl-fw 11680
acl-fw 11680
lpm 32320
lpm 32320
maglev 35040
maglev 35040
maglev 35040
maglev 35040
lpm 32480
lpm 32480
maglev 35200
maglev 35200
maglev 35200
maglev 35200
lpm 32640
lpm 32640
acl-fw 11840
acl-fw 11840
maglev 35360
maglev 35360
maglev 35360
maglev 35360
lpm 32800
lpm 32800
maglev 35520
maglev 35520
maglev 35520
maglev 35520
lpm 32960
lpm 32960
acl-fw 12000
acl-fw 12000
maglev 35680
maglev 35680
maglev 35680
maglev 35680
lpm 33120
lpm 33120
maglev 35840
maglev 35840
maglev 35840
maglev 35840
lpm 33280
lpm 33280
acl-fw 12160
acl-fw 12160
maglev 36000
maglev 36000
maglev 36000
maglev 36000
lpm 33440
lpm 33440
maglev 36160
maglev 36160
maglev 36160
maglev 36160
lpm 33600
lpm 33600
maglev 36320
maglev 36320
maglev 36320
maglev 36320
acl-fw 12320
acl-fw 12320
lpm 33760
lpm 33760
maglev 36480
maglev 36480
maglev 36480
maglev 36480
lpm 33920
lpm 33920
maglev 36640
maglev 36640
maglev 36640
maglev 36640
acl-fw 12480
acl-fw 12480
lpm 34080
lpm 34080
maglev 36800
maglev 36800
maglev 36800
maglev 36800
lpm 34240
lpm 34240
maglev 36960
maglev 36960
maglev 36960
maglev 36960
lpm 34400
lpm 34400
acl-fw 12640
acl-fw 12640
maglev 37120
maglev 37120
maglev 37120
maglev 37120
lpm 34560
lpm 34560
maglev 37280
maglev 37280
maglev 37280
maglev 37280
lpm 34720
lpm 34720
acl-fw 12800
acl-fw 12800
maglev 37440
maglev 37440
maglev 37440
maglev 37440
lpm 34880
lpm 34880
maglev 37600
maglev 37600
maglev 37600
maglev 37600
lpm 35040
lpm 35040
acl-fw 12960
acl-fw 12960
maglev 37760
maglev 37760
maglev 37760
maglev 37760
lpm 35200
lpm 35200
maglev 37920
maglev 37920
maglev 37920
maglev 37920
lpm 35360
lpm 35360
acl-fw 13120
acl-fw 13120
maglev 38080
maglev 38080
maglev 38080
maglev 38080
lpm 35520
lpm 35520
maglev 38240
maglev 38240
maglev 38240
maglev 38240
lpm 35680
lpm 35680
maglev 38400
maglev 38400
maglev 38400
maglev 38400
acl-fw 13280
acl-fw 13280
lpm 35840
lpm 35840
maglev 38560
maglev 38560
maglev 38560
maglev 38560
lpm 36000
lpm 36000
maglev 38720
maglev 38720
maglev 38720
maglev 38720
acl-fw 13440
acl-fw 13440
lpm 36160
lpm 36160
maglev 38880
maglev 38880
maglev 38880
maglev 38880
lpm 36320
lpm 36320
maglev 39040
maglev 39040
maglev 39040
maglev 39040
lpm 36480
lpm 36480
acl-fw 13600
acl-fw 13600
maglev 39200
maglev 39200
maglev 39200
maglev 39200
lpm 36640
lpm 36640
maglev 39360
maglev 39360
maglev 39360
maglev 39360
lpm 36800
lpm 36800
acl-fw 13760
acl-fw 13760
maglev 39520
maglev 39520
maglev 39520
maglev 39520
lpm 36960
lpm 36960
maglev 39680
maglev 39680
maglev 39680
maglev 39680
lpm 37120
lpm 37120
acl-fw 13920
acl-fw 13920
maglev 39840
maglev 39840
maglev 39840
maglev 39840
lpm 37280
lpm 37280
maglev 40000
maglev 40000
maglev 40000
maglev 40000
lpm 37440
lpm 37440
acl-fw 14080
acl-fw 14080
maglev 40160
maglev 40160
maglev 40160
maglev 40160
lpm 37600
lpm 37600
maglev 40320
maglev 40320
maglev 40320
maglev 40320
lpm 37760
lpm 37760
maglev 40480
maglev 40480
maglev 40480
maglev 40480
acl-fw 14240
acl-fw 14240
lpm 37920
lpm 37920
maglev 40640
maglev 40640
maglev 40640
maglev 40640
lpm 38080
lpm 38080
maglev 40800
maglev 40800
maglev 40800
maglev 40800
lpm 38240
lpm 38240
acl-fw 14400
acl-fw 14400
maglev 40960
maglev 40960
maglev 40960
maglev 40960
lpm 38400
lpm 38400
maglev 41120
maglev 41120
maglev 41120
maglev 41120
lpm 38560
lpm 38560
acl-fw 14560
acl-fw 14560
maglev 41280
maglev 41280
maglev 41280
maglev 41280
lpm 38720
lpm 38720
maglev 41440
maglev 41440
maglev 41440
maglev 41440
lpm 38880
lpm 38880
acl-fw 14720
acl-fw 14720
maglev 41600
maglev 41600
maglev 41600
maglev 41600
lpm 39040
lpm 39040
maglev 41760
maglev 41760
maglev 41760
maglev 41760
lpm 39200
lpm 39200
acl-fw 14880
acl-fw 14880
maglev 41920
maglev 41920
maglev 41920
maglev 41920
lpm 39360
lpm 39360
maglev 42080
maglev 42080
maglev 42080
maglev 42080
lpm 39520
lpm 39520
acl-fw 15040
acl-fw 15040
maglev 42240
maglev 42240
maglev 42240
maglev 42240
lpm 39680
lpm 39680
maglev 42400
maglev 42400
maglev 42400
maglev 42400
lpm 39840
lpm 39840
maglev 42560
maglev 42560
maglev 42560
maglev 42560
acl-fw 15200
acl-fw 15200
lpm 40000
lpm 40000
maglev 42720
maglev 42720
maglev 42720
maglev 42720
lpm 40160
lpm 40160
maglev 42880
maglev 42880
maglev 42880
maglev 42880
lpm 40320
lpm 40320
acl-fw 15360
acl-fw 15360
maglev 43040
maglev 43040
maglev 43040
maglev 43040
lpm 40480
lpm 40480
maglev 43200
maglev 43200
maglev 43200
maglev 43200
lpm 40640
lpm 40640
acl-fw 15520
acl-fw 15520
maglev 43360
maglev 43360
maglev 43360
maglev 43360
lpm 40800
lpm 40800
maglev 43520
maglev 43520
maglev 43520
maglev 43520
lpm 40960
lpm 40960
acl-fw 15680
acl-fw 15680
lpm 41120
lpm 41120
maglev 43680
maglev 43680
maglev 43680
maglev 43680
lpm 41280
lpm 41280
maglev 43840
maglev 43840
maglev 43840
maglev 43840
acl-fw 15840
acl-fw 15840
lpm 41440
lpm 41440
maglev 44000
maglev 44000
maglev 44000
maglev 44000
lpm 41600
lpm 41600
maglev 44160
maglev 44160
maglev 44160
maglev 44160
acl-fw 16000
acl-fw 16000
lpm 41760
lpm 41760
maglev 44320
maglev 44320
maglev 44320
maglev 44320
lpm 41920
lpm 41920
maglev 44480
maglev 44480
maglev 44480
maglev 44480
lpm 42080
lpm 42080
maglev 44640
maglev 44640
maglev 44640
maglev 44640
acl-fw 16160
acl-fw 16160
lpm 42240
lpm 42240
maglev 44800
maglev 44800
maglev 44800
maglev 44800
lpm 42400
lpm 42400
maglev 44960
maglev 44960
maglev 44960
maglev 44960
acl-fw 16320
acl-fw 16320
lpm 42560
lpm 42560
maglev 45120
maglev 45120
maglev 45120
maglev 45120
lpm 42720
lpm 42720
maglev 45280
maglev 45280
maglev 45280
maglev 45280
acl-fw 16480
acl-fw 16480
lpm 42880
lpm 42880
maglev 45440
maglev 45440
maglev 45440
maglev 45440
lpm 43040
lpm 43040
maglev 45600
maglev 45600
maglev 45600
maglev 45600
acl-fw 16640
acl-fw 16640
lpm 43200
lpm 43200
maglev 45760
maglev 45760
maglev 45760
maglev 45760
lpm 43360
lpm 43360
maglev 45920
maglev 45920
maglev 45920
maglev 45920
acl-fw 16800
acl-fw 16800
lpm 43520
lpm 43520
maglev 46080
maglev 46080
maglev 46080
maglev 46080
lpm 43680
lpm 43680
maglev 46240
maglev 46240
maglev 46240
maglev 46240
lpm 43840
lpm 43840
acl-fw 16960
acl-fw 16960
maglev 46400
maglev 46400
maglev 46400
maglev 46400
lpm 44000
lpm 44000
maglev 46560
maglev 46560
maglev 46560
maglev 46560
lpm 44160
lpm 44160
maglev 46720
maglev 46720
maglev 46720
maglev 46720
acl-fw 17120
acl-fw 17120
lpm 44320
lpm 44320
maglev 46880
maglev 46880
maglev 46880
maglev 46880
lpm 44480
lpm 44480
maglev 47040
maglev 47040
maglev 47040
maglev 47040
acl-fw 17280
acl-fw 17280
lpm 44640
lpm 44640
maglev 47200
maglev 47200
maglev 47200
maglev 47200
lpm 44800
lpm 44800
maglev 47360
maglev 47360
maglev 47360
maglev 47360
acl-fw 17440
acl-fw 17440
lpm 44960
lpm 44960
maglev 47520
maglev 47520
maglev 47520
maglev 47520
lpm 45120
lpm 45120
maglev 47680
maglev 47680
maglev 47680
maglev 47680
acl-fw 17600
acl-fw 17600
lpm 45280
lpm 45280
maglev 47840
maglev 47840
maglev 47840
maglev 47840
lpm 45440
lpm 45440
maglev 48000
maglev 48000
maglev 48000
maglev 48000
lpm 45600
lpm 45600
acl-fw 17760
acl-fw 17760
maglev 48160
maglev 48160
maglev 48160
maglev 48160
lpm 45760
lpm 45760
maglev 48320
maglev 48320
maglev 48320
maglev 48320
lpm 45920
lpm 45920
acl-fw 17920
acl-fw 17920
maglev 48480
maglev 48480
maglev 48480
maglev 48480
lpm 46080
lpm 46080
maglev 48640
maglev 48640
maglev 48640
maglev 48640
lpm 46240
lpm 46240
maglev 48800
maglev 48800
maglev 48800
maglev 48800
acl-fw 18080
acl-fw 18080
lpm 46400
lpm 46400
maglev 48960
maglev 48960
maglev 48960
maglev 48960
lpm 46560
lpm 46560
maglev 49120
maglev 49120
maglev 49120
maglev 49120
acl-fw 18240
acl-fw 18240
lpm 46720
lpm 46720
maglev 49280
maglev 49280
maglev 49280
maglev 49280
lpm 46880
lpm 46880
maglev 49440
maglev 49440
maglev 49440
maglev 49440
acl-fw 18400
acl-fw 18400
lpm 47040
lpm 47040
maglev 49600
maglev 49600
maglev 49600
maglev 49600
lpm 47200
lpm 47200
maglev 49760
maglev 49760
maglev 49760
maglev 49760
acl-fw 18560
acl-fw 18560
lpm 47360
lpm 47360
maglev 49920
maglev 49920
maglev 49920
maglev 49920
lpm 47520
lpm 47520
maglev 50080
maglev 50080
maglev 50080
maglev 50080
lpm 47680
lpm 47680
acl-fw 18720
acl-fw 18720
maglev 50240
maglev 50240
maglev 50240
maglev 50240
lpm 47840
lpm 47840
maglev 50400
maglev 50400
maglev 50400
maglev 50400
lpm 48000
lpm 48000
acl-fw 18880
acl-fw 18880
maglev 50560
maglev 50560
maglev 50560
maglev 50560
lpm 48160
lpm 48160
maglev 50720
maglev 50720
maglev 50720
maglev 50720
lpm 48320
lpm 48320
maglev 50880
maglev 50880
maglev 50880
maglev 50880
acl-fw 19040
acl-fw 19040
lpm 48480
lpm 48480
maglev 51040
maglev 51040
maglev 51040
maglev 51040
lpm 48640
lpm 48640
maglev 51200
maglev 51200
maglev 51200
maglev 51200
acl-fw 19200
acl-fw 19200
lpm 48800
lpm 48800
maglev 51360
maglev 51360
maglev 51360
maglev 51360
lpm 48960
lpm 48960
maglev 51520
maglev 51520
maglev 51520
maglev 51520
acl-fw 19360
acl-fw 19360
lpm 49120
lpm 49120
maglev 51680
maglev 51680
maglev 51680
maglev 51680
lpm 49280
lpm 49280
maglev 51840
maglev 51840
maglev 51840
maglev 51840
lpm 49440
lpm 49440
acl-fw 19520
acl-fw 19520
maglev 52000
maglev 52000
maglev 52000
maglev 52000
lpm 49600
lpm 49600
maglev 52160
maglev 52160
maglev 52160
maglev 52160
lpm 49760
lpm 49760
acl-fw 19680
acl-fw 19680
maglev 52320
maglev 52320
maglev 52320
maglev 52320
lpm 49920
lpm 49920
maglev 52480
maglev 52480
maglev 52480
maglev 52480
lpm 50080
lpm 50080
acl-fw 19840
acl-fw 19840
maglev 52640
maglev 52640
maglev 52640
maglev 52640
lpm 50240
lpm 50240
maglev 52800
maglev 52800
maglev 52800
maglev 52800
a thread in cpu0 reached the max instruction count @ 390099313737
a thread in cpu1 reached the max instruction count @ 390099313737
Switched CPUS @ tick 390099313737
Changing memory mode to timing
switching cpus
**** REAL SIMULATION ****
info: Entering event queue @ 390099313737.  Starting simulation...
lpm 50400
lpm 50400
a thread in cpu1 reached the max instruction count @ 391107287805
Exiting @ tick 391109195997 because a thread in cpu0 reached the max instruction count
