gem5 Simulator System.  http://gem5.org
gem5 is copyrighted software; use the --copyright option for details.

gem5 compiled Feb 10 2024 00:39:52
gem5 started Feb 10 2024 20:03:09
gem5 executing on node-0.yangzhou-190861.lambda-mpi-pg0.clemson.cloudlab.us
command line: build/ARM/gem5.fast --remote-gdb-port=0 --outdir=/users/yangzhou/GEM5_DRAMSim2/sgx_nic/m5out/detailed_dpi.acl-fw.lpm.lpm.lpm.lpm.dpi.dpi.lpm.dpi.nat-tcp-v4.acl-fw.lpm.dpi.dpi.acl-fw_4MB_none --stats-file=detailed_dpi.acl-fw.lpm.lpm.lpm.lpm.dpi.dpi.lpm.dpi.nat-tcp-v4.acl-fw.lpm.dpi.dpi.acl-fw_4MB_none_stats.txt configs/dramsim2/dramsim2_se.py --cpu-type=detailed --clock=2.4GHz --cacheline_size=128 --caches --l2cache --l2config=shared --l2_size=4MB --l2_assoc=16 --dramsim2 --tpturnlength=6 --devicecfg=./ext/DRAMSim2/ini/DDR3_micron_16M_8B_x8_sg15.ini --systemcfg=./ext/DRAMSim2/system_none.ini --outputfile=/dev/null --fast-forward=750000000 --maxinsts=1000000 --maxtick=2000000000000 --numpids=16 --p0=/users/yangzhou/NFShield/dpi --p1=/users/yangzhou/NFShield/acl-fw --p2=/users/yangzhou/NFShield/lpm --p3=/users/yangzhou/NFShield/lpm --p4=/users/yangzhou/NFShield/lpm --p5=/users/yangzhou/NFShield/lpm --p6=/users/yangzhou/NFShield/dpi --p7=/users/yangzhou/NFShield/dpi --p8=/users/yangzhou/NFShield/lpm --p9=/users/yangzhou/NFShield/dpi --p10=/users/yangzhou/NFShield/nat-tcp-v4 --p11=/users/yangzhou/NFShield/acl-fw --p12=/users/yangzhou/NFShield/lpm --p13=/users/yangzhou/NFShield/dpi --p14=/users/yangzhou/NFShield/dpi --p15=/users/yangzhou/NFShield/acl-fw
Global frequency set at 1000000000000 ticks per second
device file: ./ext/DRAMSim2/ini/DDR3_micron_16M_8B_x8_sg15.ini
system file: ./ext/DRAMSim2/system_none.ini
output file: /dev/null
DEBUGSTR My tpTurnLength is 6
genTrace is 0
finish initializing memory controller
CPU Clock = 2398MHz
DRAM Clock = 1600MHz
Memory Capacity = 65536MB
Switch at instruction count:750000000
info: Entering event queue @ 0.  Starting simulation...
info: Increasing stack size by one page.
info: Increasing stack size by one page.
info: Increasing stack size by one page.
info: Increasing stack size by one page.
info: Increasing stack size by one page.
info: Increasing stack size by one page.
info: Increasing stack size by one page.
info: Increasing stack size by one page.
info: Increasing stack size by one page.
info: Increasing stack size by one page.
info: Increasing stack size by one page.
info: Increasing stack size by one page.
info: Increasing stack size by one page.
info: Increasing stack size by one page.
info: Increasing stack size by one page.
info: Increasing stack size by one page.
value_t size: 1B
value_t size: 1B
value_t size: 1B
value_t size: 16B
memory size: 4.386990MB
memory size: 4.386990MB
memory size: 4.386990MB
acsmMaxStates: 724071
acsmMaxStates: 724071
acsmMaxStates: 724071
acsmMaxStates: 724071
acsmMaxStates: 724071
acsmMaxStates: 724071
value_t size: 1B
value_t size: 1B
value_t size: 1B
memory size: 51.400196MB
acsmNumStates: 467695
acsmNumStates: 467695
acsmNumStates: 467695
acsmNumStates: 467695
acsmNumStates: 467695
acsmNumStates: 467695
memory size: 4.386990MB
memory size: 4.386990MB
memory size: 4.386990MB
trying to open file /users/yangzhou/NFShield/data/ictf2010_100kflow.dat
opening succeeds
trying to open file /users/yangzhou/NFShield/data/ictf2010_100kflow.dat
trying to open file /users/yangzhou/NFShield/data/ictf2010_100kflow.dat
trying to open file /users/yangzhou/NFShield/data/ictf2010_100kflow.dat
opening succeeds
opening succeeds
opening succeeds
trying to open file /users/yangzhou/NFShield/data/ictf2010_100kflow.dat
trying to open file /users/yangzhou/NFShield/data/ictf2010_100kflow.dat
trying to open file /users/yangzhou/NFShield/data/ictf2010_100kflow.dat
trying to open file /users/yangzhou/NFShield/data/ictf2010_100kflow.dat
trying to open file /users/yangzhou/NFShield/data/ictf2010_100kflow.dat
trying to open file /users/yangzhou/NFShield/data/ictf2010_100kflow.dat
opening succeeds
opening succeeds
opening succeeds
opening succeeds
opening succeeds
opening succeeds
Reading pkt trace done!
average pkt size = 607.274170
nat-tcp-v4 160
nat-tcp-v4 320
Reading pkt trace done!
Reading pkt trace done!
Reading pkt trace done!
average pkt size = 607.274170
average pkt size = 607.274170
average pkt size = 607.274170
nat-tcp-v4 480
nat-tcp-v4 640
nat-tcp-v4 800
nat-tcp-v4 960
nat-tcp-v4 1120
nat-tcp-v4 1280
nat-tcp-v4 1440
nat-tcp-v4 1600
nat-tcp-v4 1760
nat-tcp-v4 1920
nat-tcp-v4 2080
nat-tcp-v4 2240
nat-tcp-v4 2400
nat-tcp-v4 2560
nat-tcp-v4 2720
nat-tcp-v4 2880
nat-tcp-v4 3040
nat-tcp-v4 3200
nat-tcp-v4 3360
nat-tcp-v4 3520
nat-tcp-v4 3680
nat-tcp-v4 3840
Reading pkt trace done!
Reading pkt trace done!
Reading pkt trace done!
Reading pkt trace done!
Reading pkt trace done!
Reading pkt trace done!
average pkt size = 607.274170
average pkt size = 607.274170
average pkt size = 607.274170
average pkt size = 607.274170
average pkt size = 607.274170
average pkt size = 607.274170
nat-tcp-v4 4000
lpm 160
lpm 160
lpm 160
lpm 160
lpm 160
lpm 160
nat-tcp-v4 4160
lpm 320
lpm 320
lpm 320
lpm 320
lpm 320
lpm 320
nat-tcp-v4 4320
lpm 480
lpm 480
lpm 480
lpm 480
lpm 480
lpm 480
nat-tcp-v4 4480
lpm 640
lpm 640
lpm 640
lpm 640
lpm 640
lpm 640
nat-tcp-v4 4640
lpm 800
lpm 800
lpm 800
lpm 800
lpm 800
lpm 800
nat-tcp-v4 4800
lpm 960
lpm 960
lpm 960
lpm 960
lpm 960
lpm 960
nat-tcp-v4 4960
lpm 1120
lpm 1120
lpm 1120
lpm 1120
lpm 1120
lpm 1120
nat-tcp-v4 5120
lpm 1280
lpm 1280
lpm 1280
lpm 1280
lpm 1280
lpm 1280
nat-tcp-v4 5280
lpm 1440
lpm 1440
lpm 1440
lpm 1440
lpm 1440
lpm 1440
lpm 1600
lpm 1600
lpm 1600
lpm 1600
lpm 1600
lpm 1600
nat-tcp-v4 5440
lpm 1760
lpm 1760
lpm 1760
lpm 1760
lpm 1760
lpm 1760
nat-tcp-v4 5600
lpm 1920
lpm 1920
lpm 1920
lpm 1920
lpm 1920
lpm 1920
nat-tcp-v4 5760
lpm 2080
lpm 2080
lpm 2080
lpm 2080
lpm 2080
lpm 2080
nat-tcp-v4 5920
lpm 2240
lpm 2240
lpm 2240
lpm 2240
lpm 2240
lpm 2240
nat-tcp-v4 6080
lpm 2400
lpm 2400
lpm 2400
lpm 2400
lpm 2400
lpm 2400
nat-tcp-v4 6240
lpm 2560
lpm 2560
lpm 2560
lpm 2560
lpm 2560
lpm 2560
nat-tcp-v4 6400
lpm 2720
lpm 2720
lpm 2720
lpm 2720
lpm 2720
lpm 2720
nat-tcp-v4 6560
lpm 2880
lpm 2880
lpm 2880
lpm 2880
lpm 2880
lpm 2880
nat-tcp-v4 6720
lpm 3040
lpm 3040
lpm 3040
lpm 3040
lpm 3040
lpm 3040
nat-tcp-v4 6880
lpm 3200
lpm 3200
lpm 3200
lpm 3200
lpm 3200
lpm 3200
lpm 3360
lpm 3360
lpm 3360
lpm 3360
lpm 3360
lpm 3360
nat-tcp-v4 7040
lpm 3520
lpm 3520
lpm 3520
lpm 3520
lpm 3520
lpm 3520
nat-tcp-v4 7200
lpm 3680
lpm 3680
lpm 3680
lpm 3680
lpm 3680
lpm 3680
nat-tcp-v4 7360
lpm 3840
lpm 3840
lpm 3840
lpm 3840
lpm 3840
lpm 3840
nat-tcp-v4 7520
lpm 4000
lpm 4000
lpm 4000
lpm 4000
lpm 4000
lpm 4000
nat-tcp-v4 7680
lpm 4160
lpm 4160
lpm 4160
lpm 4160
lpm 4160
lpm 4160
nat-tcp-v4 7840
lpm 4320
lpm 4320
lpm 4320
lpm 4320
lpm 4320
lpm 4320
nat-tcp-v4 8000
lpm 4480
lpm 4480
lpm 4480
lpm 4480
lpm 4480
lpm 4480
nat-tcp-v4 8160
lpm 4640
lpm 4640
lpm 4640
lpm 4640
lpm 4640
lpm 4640
nat-tcp-v4 8320
lpm 4800
lpm 4800
lpm 4800
lpm 4800
lpm 4800
lpm 4800
nat-tcp-v4 8480
lpm 4960
lpm 4960
lpm 4960
lpm 4960
lpm 4960
lpm 4960
lpm 5120
lpm 5120
lpm 5120
lpm 5120
lpm 5120
lpm 5120
nat-tcp-v4 8640
lpm 5280
lpm 5280
lpm 5280
lpm 5280
lpm 5280
lpm 5280
nat-tcp-v4 8800
lpm 5440
lpm 5440
lpm 5440
lpm 5440
lpm 5440
lpm 5440
nat-tcp-v4 8960
lpm 5600
lpm 5600
lpm 5600
lpm 5600
lpm 5600
lpm 5600
nat-tcp-v4 9120
lpm 5760
lpm 5760
lpm 5760
lpm 5760
lpm 5760
lpm 5760
nat-tcp-v4 9280
lpm 5920
lpm 5920
lpm 5920
lpm 5920
lpm 5920
lpm 5920
nat-tcp-v4 9440
lpm 6080
lpm 6080
lpm 6080
lpm 6080
lpm 6080
lpm 6080
nat-tcp-v4 9600
lpm 6240
lpm 6240
lpm 6240
lpm 6240
lpm 6240
lpm 6240
nat-tcp-v4 9760
lpm 6400
lpm 6400
lpm 6400
lpm 6400
lpm 6400
lpm 6400
nat-tcp-v4 9920
lpm 6560
lpm 6560
lpm 6560
lpm 6560
lpm 6560
lpm 6560
nat-tcp-v4 10080
lpm 6720
lpm 6720
lpm 6720
lpm 6720
lpm 6720
lpm 6720
recover done
recover done
recover done
acl-fw 0
acl-fw 0
acl-fw 0
lpm 6880
lpm 6880
lpm 6880
lpm 6880
lpm 6880
lpm 6880
nat-tcp-v4 10240
lpm 7040
lpm 7040
lpm 7040
lpm 7040
lpm 7040
lpm 7040
nat-tcp-v4 10400
acl-fw 160
acl-fw 160
acl-fw 160
lpm 7200
lpm 7200
lpm 7200
lpm 7200
lpm 7200
lpm 7200
nat-tcp-v4 10560
lpm 7360
lpm 7360
lpm 7360
lpm 7360
lpm 7360
lpm 7360
nat-tcp-v4 10720
acl-fw 320
acl-fw 320
acl-fw 320
lpm 7520
lpm 7520
lpm 7520
lpm 7520
lpm 7520
lpm 7520
nat-tcp-v4 10880
lpm 7680
lpm 7680
lpm 7680
lpm 7680
lpm 7680
lpm 7680
nat-tcp-v4 11040
acl-fw 480
acl-fw 480
acl-fw 480
lpm 7840
lpm 7840
lpm 7840
lpm 7840
lpm 7840
lpm 7840
nat-tcp-v4 11200
lpm 8000
lpm 8000
lpm 8000
lpm 8000
lpm 8000
lpm 8000
nat-tcp-v4 11360
acl-fw 640
acl-fw 640
acl-fw 640
lpm 8160
lpm 8160
lpm 8160
lpm 8160
lpm 8160
lpm 8160
nat-tcp-v4 11520
lpm 8320
lpm 8320
lpm 8320
lpm 8320
lpm 8320
lpm 8320
nat-tcp-v4 11680
lpm 8480
lpm 8480
lpm 8480
lpm 8480
lpm 8480
lpm 8480
acl-fw 800
acl-fw 800
acl-fw 800
lpm 8640
lpm 8640
lpm 8640
lpm 8640
lpm 8640
lpm 8640
nat-tcp-v4 11840
lpm 8800
lpm 8800
lpm 8800
lpm 8800
lpm 8800
lpm 8800
nat-tcp-v4 12000
acl-fw 960
acl-fw 960
acl-fw 960
lpm 8960
lpm 8960
lpm 8960
lpm 8960
lpm 8960
lpm 8960
nat-tcp-v4 12160
lpm 9120
lpm 9120
lpm 9120
lpm 9120
lpm 9120
lpm 9120
nat-tcp-v4 12320
acl-fw 1120
acl-fw 1120
acl-fw 1120
lpm 9280
lpm 9280
lpm 9280
lpm 9280
lpm 9280
lpm 9280
nat-tcp-v4 12480
lpm 9440
lpm 9440
lpm 9440
lpm 9440
lpm 9440
lpm 9440
nat-tcp-v4 12640
acl-fw 1280
acl-fw 1280
acl-fw 1280
lpm 9600
lpm 9600
lpm 9600
lpm 9600
lpm 9600
lpm 9600
nat-tcp-v4 12800
lpm 9760
lpm 9760
lpm 9760
lpm 9760
lpm 9760
lpm 9760
nat-tcp-v4 12960
acl-fw 1440
acl-fw 1440
acl-fw 1440
lpm 9920
lpm 9920
lpm 9920
lpm 9920
lpm 9920
lpm 9920
nat-tcp-v4 13120
lpm 10080
lpm 10080
lpm 10080
lpm 10080
lpm 10080
lpm 10080
nat-tcp-v4 13280
acl-fw 1600
acl-fw 1600
acl-fw 1600
lpm 10240
lpm 10240
lpm 10240
lpm 10240
lpm 10240
lpm 10240
lpm 10400
lpm 10400
lpm 10400
lpm 10400
lpm 10400
lpm 10400
nat-tcp-v4 13440
lpm 10560
lpm 10560
lpm 10560
lpm 10560
lpm 10560
lpm 10560
nat-tcp-v4 13600
acl-fw 1760
acl-fw 1760
acl-fw 1760
lpm 10720
lpm 10720
lpm 10720
lpm 10720
lpm 10720
lpm 10720
nat-tcp-v4 13760
lpm 10880
lpm 10880
lpm 10880
lpm 10880
lpm 10880
lpm 10880
nat-tcp-v4 13920
acl-fw 1920
acl-fw 1920
acl-fw 1920
lpm 11040
lpm 11040
lpm 11040
lpm 11040
lpm 11040
lpm 11040
nat-tcp-v4 14080
lpm 11200
lpm 11200
lpm 11200
lpm 11200
lpm 11200
lpm 11200
nat-tcp-v4 14240
acl-fw 2080
acl-fw 2080
acl-fw 2080
lpm 11360
lpm 11360
lpm 11360
lpm 11360
lpm 11360
lpm 11360
nat-tcp-v4 14400
lpm 11520
lpm 11520
lpm 11520
lpm 11520
lpm 11520
lpm 11520
nat-tcp-v4 14560
acl-fw 2240
acl-fw 2240
acl-fw 2240
lpm 11680
lpm 11680
lpm 11680
lpm 11680
lpm 11680
lpm 11680
nat-tcp-v4 14720
lpm 11840
lpm 11840
lpm 11840
lpm 11840
lpm 11840
lpm 11840
nat-tcp-v4 14880
lpm 12000
lpm 12000
lpm 12000
lpm 12000
lpm 12000
lpm 12000
acl-fw 2400
acl-fw 2400
acl-fw 2400
lpm 12160
lpm 12160
lpm 12160
lpm 12160
lpm 12160
lpm 12160
nat-tcp-v4 15040
lpm 12320
lpm 12320
lpm 12320
lpm 12320
lpm 12320
lpm 12320
nat-tcp-v4 15200
acl-fw 2560
acl-fw 2560
acl-fw 2560
lpm 12480
lpm 12480
lpm 12480
lpm 12480
lpm 12480
lpm 12480
nat-tcp-v4 15360
lpm 12640
lpm 12640
lpm 12640
lpm 12640
lpm 12640
lpm 12640
acl-fw 2720
acl-fw 2720
acl-fw 2720
nat-tcp-v4 15520
lpm 12800
lpm 12800
lpm 12800
lpm 12800
lpm 12800
lpm 12800
nat-tcp-v4 15680
lpm 12960
lpm 12960
lpm 12960
lpm 12960
lpm 12960
lpm 12960
acl-fw 2880
acl-fw 2880
acl-fw 2880
nat-tcp-v4 15840
lpm 13120
lpm 13120
lpm 13120
lpm 13120
lpm 13120
lpm 13120
nat-tcp-v4 16000
lpm 13280
lpm 13280
lpm 13280
lpm 13280
lpm 13280
lpm 13280
acl-fw 3040
acl-fw 3040
acl-fw 3040
nat-tcp-v4 16160
lpm 13440
lpm 13440
lpm 13440
lpm 13440
lpm 13440
lpm 13440
nat-tcp-v4 16320
lpm 13600
lpm 13600
lpm 13600
lpm 13600
lpm 13600
lpm 13600
acl-fw 3200
acl-fw 3200
acl-fw 3200
lpm 13760
lpm 13760
lpm 13760
lpm 13760
lpm 13760
lpm 13760
nat-tcp-v4 16480
lpm 13920
lpm 13920
lpm 13920
lpm 13920
lpm 13920
lpm 13920
nat-tcp-v4 16640
lpm 14080
lpm 14080
lpm 14080
lpm 14080
lpm 14080
lpm 14080
acl-fw 3360
acl-fw 3360
acl-fw 3360
nat-tcp-v4 16800
lpm 14240
lpm 14240
lpm 14240
lpm 14240
lpm 14240
lpm 14240
nat-tcp-v4 16960
lpm 14400
lpm 14400
lpm 14400
lpm 14400
lpm 14400
lpm 14400
acl-fw 3520
acl-fw 3520
acl-fw 3520
nat-tcp-v4 17120
lpm 14560
lpm 14560
lpm 14560
lpm 14560
lpm 14560
lpm 14560
nat-tcp-v4 17280
lpm 14720
lpm 14720
lpm 14720
lpm 14720
lpm 14720
lpm 14720
acl-fw 3680
acl-fw 3680
acl-fw 3680
nat-tcp-v4 17440
lpm 14880
lpm 14880
lpm 14880
lpm 14880
lpm 14880
lpm 14880
nat-tcp-v4 17600
lpm 15040
lpm 15040
lpm 15040
lpm 15040
lpm 15040
lpm 15040
acl-fw 3840
acl-fw 3840
acl-fw 3840
nat-tcp-v4 17760
lpm 15200
lpm 15200
lpm 15200
lpm 15200
lpm 15200
lpm 15200
nat-tcp-v4 17920
lpm 15360
lpm 15360
lpm 15360
lpm 15360
lpm 15360
lpm 15360
acl-fw 4000
acl-fw 4000
acl-fw 4000
lpm 15520
lpm 15520
lpm 15520
lpm 15520
lpm 15520
lpm 15520
nat-tcp-v4 18080
lpm 15680
lpm 15680
lpm 15680
lpm 15680
lpm 15680
lpm 15680
nat-tcp-v4 18240
lpm 15840
lpm 15840
lpm 15840
lpm 15840
lpm 15840
lpm 15840
acl-fw 4160
acl-fw 4160
acl-fw 4160
nat-tcp-v4 18400
lpm 16000
lpm 16000
lpm 16000
lpm 16000
lpm 16000
lpm 16000
nat-tcp-v4 18560
lpm 16160
lpm 16160
lpm 16160
lpm 16160
lpm 16160
lpm 16160
acl-fw 4320
acl-fw 4320
acl-fw 4320
nat-tcp-v4 18720
lpm 16320
lpm 16320
lpm 16320
lpm 16320
lpm 16320
lpm 16320
nat-tcp-v4 18880
lpm 16480
lpm 16480
lpm 16480
lpm 16480
lpm 16480
lpm 16480
acl-fw 4480
acl-fw 4480
acl-fw 4480
nat-tcp-v4 19040
lpm 16640
lpm 16640
lpm 16640
lpm 16640
lpm 16640
lpm 16640
nat-tcp-v4 19200
lpm 16800
lpm 16800
lpm 16800
lpm 16800
lpm 16800
lpm 16800
acl-fw 4640
acl-fw 4640
acl-fw 4640
nat-tcp-v4 19360
lpm 16960
lpm 16960
lpm 16960
lpm 16960
lpm 16960
lpm 16960
nat-tcp-v4 19520
lpm 17120
lpm 17120
lpm 17120
lpm 17120
lpm 17120
lpm 17120
acl-fw 4800
acl-fw 4800
acl-fw 4800
lpm 17280
lpm 17280
lpm 17280
lpm 17280
lpm 17280
lpm 17280
nat-tcp-v4 19680
lpm 17440
lpm 17440
lpm 17440
lpm 17440
lpm 17440
lpm 17440
nat-tcp-v4 19840
acl-fw 4960
acl-fw 4960
acl-fw 4960
lpm 17600
lpm 17600
lpm 17600
lpm 17600
lpm 17600
lpm 17600
nat-tcp-v4 20000
lpm 17760
lpm 17760
lpm 17760
lpm 17760
lpm 17760
lpm 17760
nat-tcp-v4 20160
lpm 17920
lpm 17920
lpm 17920
lpm 17920
lpm 17920
lpm 17920
acl-fw 5120
acl-fw 5120
acl-fw 5120
nat-tcp-v4 20320
lpm 18080
lpm 18080
lpm 18080
lpm 18080
lpm 18080
lpm 18080
nat-tcp-v4 20480
lpm 18240
lpm 18240
lpm 18240
lpm 18240
lpm 18240
lpm 18240
acl-fw 5280
acl-fw 5280
acl-fw 5280
nat-tcp-v4 20640
lpm 18400
lpm 18400
lpm 18400
lpm 18400
lpm 18400
lpm 18400
nat-tcp-v4 20800
lpm 18560
lpm 18560
lpm 18560
lpm 18560
lpm 18560
lpm 18560
acl-fw 5440
acl-fw 5440
acl-fw 5440
nat-tcp-v4 20960
lpm 18720
lpm 18720
lpm 18720
lpm 18720
lpm 18720
lpm 18720
nat-tcp-v4 21120
lpm 18880
lpm 18880
lpm 18880
lpm 18880
lpm 18880
lpm 18880
acl-fw 5600
acl-fw 5600
acl-fw 5600
lpm 19040
lpm 19040
lpm 19040
lpm 19040
lpm 19040
lpm 19040
nat-tcp-v4 21280
lpm 19200
lpm 19200
lpm 19200
lpm 19200
lpm 19200
lpm 19200
nat-tcp-v4 21440
acl-fw 5760
acl-fw 5760
acl-fw 5760
lpm 19360
lpm 19360
lpm 19360
lpm 19360
lpm 19360
lpm 19360
nat-tcp-v4 21600
lpm 19520
lpm 19520
lpm 19520
lpm 19520
lpm 19520
lpm 19520
nat-tcp-v4 21760
lpm 19680
lpm 19680
lpm 19680
lpm 19680
lpm 19680
lpm 19680
acl-fw 5920
acl-fw 5920
acl-fw 5920
nat-tcp-v4 21920
lpm 19840
lpm 19840
lpm 19840
lpm 19840
lpm 19840
lpm 19840
nat-tcp-v4 22080
lpm 20000
lpm 20000
lpm 20000
lpm 20000
lpm 20000
lpm 20000
acl-fw 6080
acl-fw 6080
acl-fw 6080
nat-tcp-v4 22240
lpm 20160
lpm 20160
lpm 20160
lpm 20160
lpm 20160
lpm 20160
nat-tcp-v4 22400
lpm 20320
lpm 20320
lpm 20320
lpm 20320
lpm 20320
lpm 20320
acl-fw 6240
acl-fw 6240
acl-fw 6240
nat-tcp-v4 22560
lpm 20480
lpm 20480
lpm 20480
lpm 20480
lpm 20480
lpm 20480
lpm 20640
lpm 20640
lpm 20640
lpm 20640
lpm 20640
lpm 20640
nat-tcp-v4 22720
acl-fw 6400
acl-fw 6400
acl-fw 6400
lpm 20800
lpm 20800
lpm 20800
lpm 20800
lpm 20800
lpm 20800
nat-tcp-v4 22880
lpm 20960
lpm 20960
lpm 20960
lpm 20960
lpm 20960
lpm 20960
nat-tcp-v4 23040
acl-fw 6560
acl-fw 6560
acl-fw 6560
lpm 21120
lpm 21120
lpm 21120
lpm 21120
lpm 21120
lpm 21120
nat-tcp-v4 23200
lpm 21280
lpm 21280
lpm 21280
lpm 21280
lpm 21280
lpm 21280
nat-tcp-v4 23360
lpm 21440
lpm 21440
lpm 21440
lpm 21440
lpm 21440
lpm 21440
acl-fw 6720
acl-fw 6720
acl-fw 6720
nat-tcp-v4 23520
lpm 21600
lpm 21600
lpm 21600
lpm 21600
lpm 21600
lpm 21600
nat-tcp-v4 23680
lpm 21760
lpm 21760
lpm 21760
lpm 21760
lpm 21760
lpm 21760
acl-fw 6880
acl-fw 6880
acl-fw 6880
nat-tcp-v4 23840
lpm 21920
lpm 21920
lpm 21920
lpm 21920
lpm 21920
lpm 21920
nat-tcp-v4 24000
lpm 22080
lpm 22080
lpm 22080
lpm 22080
lpm 22080
lpm 22080
acl-fw 7040
acl-fw 7040
acl-fw 7040
nat-tcp-v4 24160
lpm 22240
lpm 22240
lpm 22240
lpm 22240
lpm 22240
lpm 22240
lpm 22400
lpm 22400
lpm 22400
lpm 22400
lpm 22400
lpm 22400
nat-tcp-v4 24320
acl-fw 7200
acl-fw 7200
acl-fw 7200
lpm 22560
lpm 22560
lpm 22560
lpm 22560
lpm 22560
lpm 22560
nat-tcp-v4 24480
lpm 22720
lpm 22720
lpm 22720
lpm 22720
lpm 22720
lpm 22720
nat-tcp-v4 24640
acl-fw 7360
acl-fw 7360
acl-fw 7360
lpm 22880
lpm 22880
lpm 22880
lpm 22880
lpm 22880
lpm 22880
nat-tcp-v4 24800
lpm 23040
lpm 23040
lpm 23040
lpm 23040
lpm 23040
lpm 23040
nat-tcp-v4 24960
acl-fw 7520
acl-fw 7520
acl-fw 7520
lpm 23200
lpm 23200
lpm 23200
lpm 23200
lpm 23200
lpm 23200
nat-tcp-v4 25120
lpm 23360
lpm 23360
lpm 23360
lpm 23360
lpm 23360
lpm 23360
nat-tcp-v4 25280
lpm 23520
lpm 23520
lpm 23520
lpm 23520
lpm 23520
lpm 23520
acl-fw 7680
acl-fw 7680
acl-fw 7680
nat-tcp-v4 25440
lpm 23680
lpm 23680
lpm 23680
lpm 23680
lpm 23680
lpm 23680
nat-tcp-v4 25600
lpm 23840
lpm 23840
lpm 23840
lpm 23840
lpm 23840
lpm 23840
acl-fw 7840
acl-fw 7840
acl-fw 7840
nat-tcp-v4 25760
lpm 24000
lpm 24000
lpm 24000
lpm 24000
lpm 24000
lpm 24000
lpm 24160
lpm 24160
lpm 24160
lpm 24160
lpm 24160
lpm 24160
nat-tcp-v4 25920
acl-fw 8000
acl-fw 8000
acl-fw 8000
lpm 24320
lpm 24320
lpm 24320
lpm 24320
lpm 24320
lpm 24320
nat-tcp-v4 26080
lpm 24480
lpm 24480
lpm 24480
lpm 24480
lpm 24480
lpm 24480
nat-tcp-v4 26240
acl-fw 8160
acl-fw 8160
acl-fw 8160
lpm 24640
lpm 24640
lpm 24640
lpm 24640
lpm 24640
lpm 24640
nat-tcp-v4 26400
lpm 24800
lpm 24800
lpm 24800
lpm 24800
lpm 24800
lpm 24800
nat-tcp-v4 26560
acl-fw 8320
acl-fw 8320
acl-fw 8320
lpm 24960
lpm 24960
lpm 24960
lpm 24960
lpm 24960
lpm 24960
nat-tcp-v4 26720
lpm 25120
lpm 25120
lpm 25120
lpm 25120
lpm 25120
lpm 25120
nat-tcp-v4 26880
lpm 25280
lpm 25280
lpm 25280
lpm 25280
lpm 25280
lpm 25280
acl-fw 8480
acl-fw 8480
acl-fw 8480
nat-tcp-v4 27040
lpm 25440
lpm 25440
lpm 25440
lpm 25440
lpm 25440
lpm 25440
nat-tcp-v4 27200
lpm 25600
lpm 25600
lpm 25600
lpm 25600
lpm 25600
lpm 25600
acl-fw 8640
acl-fw 8640
acl-fw 8640
lpm 25760
lpm 25760
lpm 25760
lpm 25760
lpm 25760
lpm 25760
nat-tcp-v4 27360
lpm 25920
lpm 25920
lpm 25920
lpm 25920
lpm 25920
lpm 25920
nat-tcp-v4 27520
acl-fw 8800
acl-fw 8800
acl-fw 8800
lpm 26080
lpm 26080
lpm 26080
lpm 26080
lpm 26080
lpm 26080
nat-tcp-v4 27680
lpm 26240
lpm 26240
lpm 26240
lpm 26240
lpm 26240
lpm 26240
nat-tcp-v4 27840
acl-fw 8960
acl-fw 8960
acl-fw 8960
lpm 26400
lpm 26400
lpm 26400
lpm 26400
lpm 26400
lpm 26400
nat-tcp-v4 28000
lpm 26560
lpm 26560
lpm 26560
lpm 26560
lpm 26560
lpm 26560
nat-tcp-v4 28160
acl-fw 9120
acl-fw 9120
acl-fw 9120
lpm 26720
lpm 26720
lpm 26720
lpm 26720
lpm 26720
lpm 26720
nat-tcp-v4 28320
lpm 26880
lpm 26880
lpm 26880
lpm 26880
lpm 26880
lpm 26880
nat-tcp-v4 28480
lpm 27040
lpm 27040
lpm 27040
lpm 27040
lpm 27040
lpm 27040
acl-fw 9280
acl-fw 9280
acl-fw 9280
nat-tcp-v4 28640
lpm 27200
lpm 27200
lpm 27200
lpm 27200
lpm 27200
lpm 27200
nat-tcp-v4 28800
lpm 27360
lpm 27360
lpm 27360
lpm 27360
lpm 27360
lpm 27360
acl-fw 9440
acl-fw 9440
acl-fw 9440
lpm 27520
lpm 27520
lpm 27520
lpm 27520
lpm 27520
lpm 27520
nat-tcp-v4 28960
lpm 27680
lpm 27680
lpm 27680
lpm 27680
lpm 27680
lpm 27680
nat-tcp-v4 29120
acl-fw 9600
acl-fw 9600
acl-fw 9600
lpm 27840
lpm 27840
lpm 27840
lpm 27840
lpm 27840
lpm 27840
nat-tcp-v4 29280
ac restore done!
ac restore done!
ac restore done!
ac restore done!
ac restore done!
ac restore done!
trying to open file /users/yangzhou/NFShield/data/ictf2010_100kflow.dat
trying to open file /users/yangzhou/NFShield/data/ictf2010_100kflow.dat
trying to open file /users/yangzhou/NFShield/data/ictf2010_100kflow.dat
trying to open file /users/yangzhou/NFShield/data/ictf2010_100kflow.dat
trying to open file /users/yangzhou/NFShield/data/ictf2010_100kflow.dat
trying to open file /users/yangzhou/NFShield/data/ictf2010_100kflow.dat
opening succeeds
opening succeeds
opening succeeds
opening succeeds
opening succeeds
opening succeeds
lpm 28000
lpm 28000
lpm 28000
lpm 28000
lpm 28000
lpm 28000
nat-tcp-v4 29440
acl-fw 9760
acl-fw 9760
acl-fw 9760
lpm 28160
lpm 28160
lpm 28160
lpm 28160
lpm 28160
lpm 28160
nat-tcp-v4 29600
lpm 28320
lpm 28320
lpm 28320
lpm 28320
lpm 28320
lpm 28320
nat-tcp-v4 29760
acl-fw 9920
acl-fw 9920
acl-fw 9920
lpm 28480
lpm 28480
lpm 28480
lpm 28480
lpm 28480
lpm 28480
nat-tcp-v4 29920
lpm 28640
lpm 28640
lpm 28640
lpm 28640
lpm 28640
lpm 28640
nat-tcp-v4 30080
acl-fw 10080
acl-fw 10080
acl-fw 10080
lpm 28800
lpm 28800
lpm 28800
lpm 28800
lpm 28800
lpm 28800
nat-tcp-v4 30240
lpm 28960
lpm 28960
lpm 28960
lpm 28960
lpm 28960
lpm 28960
nat-tcp-v4 30400
lpm 29120
lpm 29120
lpm 29120
lpm 29120
lpm 29120
lpm 29120
acl-fw 10240
acl-fw 10240
acl-fw 10240
lpm 29280
lpm 29280
lpm 29280
lpm 29280
lpm 29280
lpm 29280
nat-tcp-v4 30560
lpm 29440
lpm 29440
lpm 29440
lpm 29440
lpm 29440
lpm 29440
nat-tcp-v4 30720
acl-fw 10400
acl-fw 10400
acl-fw 10400
lpm 29600
lpm 29600
lpm 29600
lpm 29600
lpm 29600
lpm 29600
nat-tcp-v4 30880
lpm 29760
lpm 29760
lpm 29760
lpm 29760
lpm 29760
lpm 29760
nat-tcp-v4 31040
acl-fw 10560
acl-fw 10560
acl-fw 10560
lpm 29920
lpm 29920
lpm 29920
lpm 29920
lpm 29920
lpm 29920
nat-tcp-v4 31200
lpm 30080
lpm 30080
lpm 30080
lpm 30080
lpm 30080
lpm 30080
nat-tcp-v4 31360
acl-fw 10720
acl-fw 10720
acl-fw 10720
lpm 30240
lpm 30240
lpm 30240
lpm 30240
lpm 30240
lpm 30240
nat-tcp-v4 31520
lpm 30400
lpm 30400
lpm 30400
lpm 30400
lpm 30400
lpm 30400
nat-tcp-v4 31680
acl-fw 10880
acl-fw 10880
acl-fw 10880
lpm 30560
lpm 30560
lpm 30560
lpm 30560
lpm 30560
lpm 30560
nat-tcp-v4 31840
lpm 30720
lpm 30720
lpm 30720
lpm 30720
lpm 30720
lpm 30720
lpm 30880
lpm 30880
lpm 30880
lpm 30880
lpm 30880
lpm 30880
nat-tcp-v4 32000
acl-fw 11040
acl-fw 11040
acl-fw 11040
lpm 31040
lpm 31040
lpm 31040
lpm 31040
lpm 31040
lpm 31040
nat-tcp-v4 32160
lpm 31200
lpm 31200
lpm 31200
lpm 31200
lpm 31200
lpm 31200
nat-tcp-v4 32320
acl-fw 11200
acl-fw 11200
acl-fw 11200
lpm 31360
lpm 31360
lpm 31360
lpm 31360
lpm 31360
lpm 31360
nat-tcp-v4 32480
lpm 31520
lpm 31520
lpm 31520
lpm 31520
lpm 31520
lpm 31520
nat-tcp-v4 32640
acl-fw 11360
acl-fw 11360
acl-fw 11360
lpm 31680
lpm 31680
lpm 31680
lpm 31680
lpm 31680
lpm 31680
nat-tcp-v4 32800
lpm 31840
lpm 31840
lpm 31840
lpm 31840
lpm 31840
lpm 31840
nat-tcp-v4 32960
acl-fw 11520
acl-fw 11520
acl-fw 11520
lpm 32000
lpm 32000
lpm 32000
lpm 32000
lpm 32000
lpm 32000
nat-tcp-v4 33120
lpm 32160
lpm 32160
lpm 32160
lpm 32160
lpm 32160
lpm 32160
nat-tcp-v4 33280
acl-fw 11680
acl-fw 11680
acl-fw 11680
lpm 32320
lpm 32320
lpm 32320
lpm 32320
lpm 32320
lpm 32320
nat-tcp-v4 33440
lpm 32480
lpm 32480
lpm 32480
lpm 32480
lpm 32480
lpm 32480
lpm 32640
lpm 32640
lpm 32640
lpm 32640
lpm 32640
lpm 32640
nat-tcp-v4 33600
acl-fw 11840
acl-fw 11840
acl-fw 11840
lpm 32800
lpm 32800
lpm 32800
lpm 32800
lpm 32800
lpm 32800
nat-tcp-v4 33760
lpm 32960
lpm 32960
lpm 32960
lpm 32960
lpm 32960
lpm 32960
nat-tcp-v4 33920
acl-fw 12000
acl-fw 12000
acl-fw 12000
lpm 33120
lpm 33120
lpm 33120
lpm 33120
lpm 33120
lpm 33120
nat-tcp-v4 34080
lpm 33280
lpm 33280
lpm 33280
lpm 33280
lpm 33280
lpm 33280
acl-fw 12160
acl-fw 12160
acl-fw 12160
nat-tcp-v4 34240
lpm 33440
lpm 33440
lpm 33440
lpm 33440
lpm 33440
lpm 33440
nat-tcp-v4 34400
lpm 33600
lpm 33600
lpm 33600
lpm 33600
lpm 33600
lpm 33600
acl-fw 12320
acl-fw 12320
acl-fw 12320
nat-tcp-v4 34560
lpm 33760
lpm 33760
lpm 33760
lpm 33760
lpm 33760
lpm 33760
nat-tcp-v4 34720
lpm 33920
lpm 33920
lpm 33920
lpm 33920
lpm 33920
lpm 33920
acl-fw 12480
acl-fw 12480
acl-fw 12480
nat-tcp-v4 34880
lpm 34080
lpm 34080
lpm 34080
lpm 34080
lpm 34080
lpm 34080
lpm 34240
lpm 34240
lpm 34240
lpm 34240
lpm 34240
lpm 34240
nat-tcp-v4 35040
lpm 34400
lpm 34400
lpm 34400
lpm 34400
lpm 34400
lpm 34400
acl-fw 12640
acl-fw 12640
acl-fw 12640
nat-tcp-v4 35200
lpm 34560
lpm 34560
lpm 34560
lpm 34560
lpm 34560
lpm 34560
nat-tcp-v4 35360
lpm 34720
lpm 34720
lpm 34720
lpm 34720
lpm 34720
lpm 34720
acl-fw 12800
acl-fw 12800
acl-fw 12800
nat-tcp-v4 35520
lpm 34880
lpm 34880
lpm 34880
lpm 34880
lpm 34880
lpm 34880
nat-tcp-v4 35680
lpm 35040
lpm 35040
lpm 35040
lpm 35040
lpm 35040
lpm 35040
acl-fw 12960
acl-fw 12960
acl-fw 12960
nat-tcp-v4 35840
lpm 35200
lpm 35200
lpm 35200
lpm 35200
lpm 35200
lpm 35200
nat-tcp-v4 36000
lpm 35360
lpm 35360
lpm 35360
lpm 35360
lpm 35360
lpm 35360
acl-fw 13120
acl-fw 13120
acl-fw 13120
nat-tcp-v4 36160
lpm 35520
lpm 35520
lpm 35520
lpm 35520
lpm 35520
lpm 35520
nat-tcp-v4 36320
lpm 35680
lpm 35680
lpm 35680
lpm 35680
lpm 35680
lpm 35680
acl-fw 13280
acl-fw 13280
acl-fw 13280
nat-tcp-v4 36480
lpm 35840
lpm 35840
lpm 35840
lpm 35840
lpm 35840
lpm 35840
nat-tcp-v4 36640
lpm 36000
lpm 36000
lpm 36000
lpm 36000
lpm 36000
lpm 36000
acl-fw 13440
acl-fw 13440
acl-fw 13440
lpm 36160
lpm 36160
lpm 36160
lpm 36160
lpm 36160
lpm 36160
nat-tcp-v4 36800
lpm 36320
lpm 36320
lpm 36320
lpm 36320
lpm 36320
lpm 36320
nat-tcp-v4 36960
lpm 36480
lpm 36480
lpm 36480
lpm 36480
lpm 36480
lpm 36480
acl-fw 13600
acl-fw 13600
acl-fw 13600
nat-tcp-v4 37120
lpm 36640
lpm 36640
lpm 36640
lpm 36640
lpm 36640
lpm 36640
nat-tcp-v4 37280
lpm 36800
lpm 36800
lpm 36800
lpm 36800
lpm 36800
lpm 36800
acl-fw 13760
acl-fw 13760
acl-fw 13760
nat-tcp-v4 37440
lpm 36960
lpm 36960
lpm 36960
lpm 36960
lpm 36960
lpm 36960
nat-tcp-v4 37600
lpm 37120
lpm 37120
lpm 37120
lpm 37120
lpm 37120
lpm 37120
acl-fw 13920
acl-fw 13920
acl-fw 13920
nat-tcp-v4 37760
lpm 37280
lpm 37280
lpm 37280
lpm 37280
lpm 37280
lpm 37280
nat-tcp-v4 37920
lpm 37440
lpm 37440
lpm 37440
lpm 37440
lpm 37440
lpm 37440
acl-fw 14080
acl-fw 14080
acl-fw 14080
nat-tcp-v4 38080
lpm 37600
lpm 37600
lpm 37600
lpm 37600
lpm 37600
lpm 37600
lpm 37760
lpm 37760
lpm 37760
lpm 37760
lpm 37760
lpm 37760
nat-tcp-v4 38240
acl-fw 14240
acl-fw 14240
acl-fw 14240
Reading pkt trace done!
Reading pkt trace done!
Reading pkt trace done!
Reading pkt trace done!
Reading pkt trace done!
Reading pkt trace done!
average pkt size = 607.274170
average pkt size = 607.274170
average pkt size = 607.274170
average pkt size = 607.274170
average pkt size = 607.274170
average pkt size = 607.274170
lpm 37920
lpm 37920
lpm 37920
lpm 37920
lpm 37920
lpm 37920
nat-tcp-v4 38400
lpm 38080
lpm 38080
lpm 38080
lpm 38080
lpm 38080
lpm 38080
nat-tcp-v4 38560
dpi 160
dpi 160
dpi 160
dpi 160
dpi 160
dpi 160
lpm 38240
lpm 38240
lpm 38240
lpm 38240
lpm 38240
lpm 38240
acl-fw 14400
acl-fw 14400
acl-fw 14400
nat-tcp-v4 38720
lpm 38400
lpm 38400
lpm 38400
lpm 38400
lpm 38400
lpm 38400
dpi 320
dpi 320
dpi 320
dpi 320
dpi 320
dpi 320
nat-tcp-v4 38880
lpm 38560
lpm 38560
lpm 38560
lpm 38560
lpm 38560
lpm 38560
acl-fw 14560
acl-fw 14560
acl-fw 14560
nat-tcp-v4 39040
lpm 38720
lpm 38720
lpm 38720
lpm 38720
lpm 38720
lpm 38720
dpi 480
dpi 480
dpi 480
dpi 480
dpi 480
dpi 480
nat-tcp-v4 39200
lpm 38880
lpm 38880
lpm 38880
lpm 38880
lpm 38880
lpm 38880
acl-fw 14720
acl-fw 14720
acl-fw 14720
dpi 640
dpi 640
dpi 640
dpi 640
dpi 640
dpi 640
nat-tcp-v4 39360
lpm 39040
lpm 39040
lpm 39040
lpm 39040
lpm 39040
lpm 39040
nat-tcp-v4 39520
lpm 39200
lpm 39200
lpm 39200
lpm 39200
lpm 39200
lpm 39200
dpi 800
dpi 800
dpi 800
dpi 800
dpi 800
dpi 800
acl-fw 14880
acl-fw 14880
acl-fw 14880
lpm 39360
lpm 39360
lpm 39360
lpm 39360
lpm 39360
lpm 39360
nat-tcp-v4 39680
lpm 39520
lpm 39520
lpm 39520
lpm 39520
lpm 39520
lpm 39520
nat-tcp-v4 39840
dpi 960
dpi 960
dpi 960
dpi 960
dpi 960
dpi 960
acl-fw 15040
acl-fw 15040
acl-fw 15040
lpm 39680
lpm 39680
lpm 39680
lpm 39680
lpm 39680
lpm 39680
nat-tcp-v4 40000
dpi 1120
dpi 1120
dpi 1120
dpi 1120
dpi 1120
dpi 1120
lpm 39840
lpm 39840
lpm 39840
lpm 39840
lpm 39840
lpm 39840
nat-tcp-v4 40160
acl-fw 15200
acl-fw 15200
acl-fw 15200
lpm 40000
lpm 40000
lpm 40000
lpm 40000
lpm 40000
lpm 40000
nat-tcp-v4 40320
dpi 1280
dpi 1280
dpi 1280
dpi 1280
dpi 1280
dpi 1280
lpm 40160
lpm 40160
lpm 40160
lpm 40160
lpm 40160
lpm 40160
nat-tcp-v4 40480
lpm 40320
lpm 40320
lpm 40320
lpm 40320
lpm 40320
lpm 40320
acl-fw 15360
acl-fw 15360
acl-fw 15360
dpi 1440
dpi 1440
dpi 1440
dpi 1440
dpi 1440
dpi 1440
nat-tcp-v4 40640
lpm 40480
lpm 40480
lpm 40480
lpm 40480
lpm 40480
lpm 40480
nat-tcp-v4 40800
lpm 40640
lpm 40640
lpm 40640
lpm 40640
lpm 40640
lpm 40640
dpi 1600
dpi 1600
dpi 1600
dpi 1600
dpi 1600
dpi 1600
acl-fw 15520
acl-fw 15520
acl-fw 15520
nat-tcp-v4 40960
lpm 40800
lpm 40800
lpm 40800
lpm 40800
lpm 40800
lpm 40800
dpi 1760
dpi 1760
dpi 1760
dpi 1760
dpi 1760
dpi 1760
nat-tcp-v4 41120
lpm 40960
lpm 40960
lpm 40960
lpm 40960
lpm 40960
lpm 40960
acl-fw 15680
acl-fw 15680
acl-fw 15680
lpm 41120
lpm 41120
lpm 41120
lpm 41120
lpm 41120
lpm 41120
nat-tcp-v4 41280
dpi 1920
dpi 1920
dpi 1920
dpi 1920
dpi 1920
dpi 1920
lpm 41280
lpm 41280
lpm 41280
lpm 41280
lpm 41280
lpm 41280
nat-tcp-v4 41440
acl-fw 15840
acl-fw 15840
acl-fw 15840
dpi 2080
dpi 2080
dpi 2080
dpi 2080
dpi 2080
dpi 2080
lpm 41440
lpm 41440
lpm 41440
lpm 41440
lpm 41440
lpm 41440
nat-tcp-v4 41600
lpm 41600
lpm 41600
lpm 41600
lpm 41600
lpm 41600
lpm 41600
nat-tcp-v4 41760
dpi 2240
dpi 2240
dpi 2240
dpi 2240
dpi 2240
dpi 2240
acl-fw 16000
acl-fw 16000
acl-fw 16000
lpm 41760
lpm 41760
lpm 41760
lpm 41760
lpm 41760
lpm 41760
nat-tcp-v4 41920
lpm 41920
lpm 41920
lpm 41920
lpm 41920
lpm 41920
lpm 41920
dpi 2400
dpi 2400
dpi 2400
dpi 2400
dpi 2400
dpi 2400
nat-tcp-v4 42080
lpm 42080
lpm 42080
lpm 42080
lpm 42080
lpm 42080
lpm 42080
acl-fw 16160
acl-fw 16160
acl-fw 16160
nat-tcp-v4 42240
lpm 42240
lpm 42240
lpm 42240
lpm 42240
lpm 42240
lpm 42240
dpi 2560
dpi 2560
dpi 2560
dpi 2560
dpi 2560
dpi 2560
nat-tcp-v4 42400
lpm 42400
lpm 42400
lpm 42400
lpm 42400
lpm 42400
lpm 42400
acl-fw 16320
acl-fw 16320
acl-fw 16320
dpi 2720
dpi 2720
dpi 2720
dpi 2720
dpi 2720
dpi 2720
lpm 42560
lpm 42560
lpm 42560
lpm 42560
lpm 42560
lpm 42560
nat-tcp-v4 42560
lpm 42720
lpm 42720
lpm 42720
lpm 42720
lpm 42720
lpm 42720
nat-tcp-v4 42720
dpi 2880
dpi 2880
dpi 2880
dpi 2880
dpi 2880
dpi 2880
acl-fw 16480
acl-fw 16480
acl-fw 16480
lpm 42880
lpm 42880
lpm 42880
lpm 42880
lpm 42880
lpm 42880
nat-tcp-v4 42880
lpm 43040
lpm 43040
lpm 43040
lpm 43040
lpm 43040
lpm 43040
dpi 3040
dpi 3040
dpi 3040
dpi 3040
dpi 3040
dpi 3040
nat-tcp-v4 43040
acl-fw 16640
acl-fw 16640
acl-fw 16640
lpm 43200
lpm 43200
lpm 43200
lpm 43200
lpm 43200
lpm 43200
nat-tcp-v4 43200
dpi 3200
dpi 3200
dpi 3200
dpi 3200
dpi 3200
dpi 3200
lpm 43360
lpm 43360
lpm 43360
lpm 43360
lpm 43360
lpm 43360
nat-tcp-v4 43360
acl-fw 16800
acl-fw 16800
acl-fw 16800
lpm 43520
lpm 43520
lpm 43520
lpm 43520
lpm 43520
lpm 43520
dpi 3360
dpi 3360
dpi 3360
dpi 3360
dpi 3360
dpi 3360
nat-tcp-v4 43520
lpm 43680
lpm 43680
lpm 43680
lpm 43680
lpm 43680
lpm 43680
nat-tcp-v4 43680
lpm 43840
lpm 43840
lpm 43840
lpm 43840
lpm 43840
lpm 43840
acl-fw 16960
acl-fw 16960
acl-fw 16960
dpi 3520
dpi 3520
dpi 3520
dpi 3520
dpi 3520
dpi 3520
nat-tcp-v4 43840
lpm 44000
lpm 44000
lpm 44000
lpm 44000
lpm 44000
lpm 44000
nat-tcp-v4 44000
lpm 44160
lpm 44160
lpm 44160
lpm 44160
lpm 44160
lpm 44160
dpi 3680
dpi 3680
dpi 3680
dpi 3680
dpi 3680
dpi 3680
acl-fw 17120
acl-fw 17120
acl-fw 17120
lpm 44320
lpm 44320
lpm 44320
lpm 44320
lpm 44320
lpm 44320
nat-tcp-v4 44160
dpi 3840
dpi 3840
dpi 3840
dpi 3840
dpi 3840
dpi 3840
lpm 44480
lpm 44480
lpm 44480
lpm 44480
lpm 44480
lpm 44480
nat-tcp-v4 44320
acl-fw 17280
acl-fw 17280
acl-fw 17280
lpm 44640
lpm 44640
lpm 44640
lpm 44640
lpm 44640
lpm 44640
nat-tcp-v4 44480
dpi 4000
dpi 4000
dpi 4000
dpi 4000
dpi 4000
dpi 4000
lpm 44800
lpm 44800
lpm 44800
lpm 44800
lpm 44800
lpm 44800
nat-tcp-v4 44640
acl-fw 17440
acl-fw 17440
acl-fw 17440
dpi 4160
dpi 4160
dpi 4160
dpi 4160
dpi 4160
dpi 4160
lpm 44960
lpm 44960
lpm 44960
lpm 44960
lpm 44960
lpm 44960
nat-tcp-v4 44800
lpm 45120
lpm 45120
lpm 45120
lpm 45120
lpm 45120
lpm 45120
dpi 4320
dpi 4320
dpi 4320
dpi 4320
dpi 4320
dpi 4320
nat-tcp-v4 44960
acl-fw 17600
acl-fw 17600
acl-fw 17600
lpm 45280
lpm 45280
lpm 45280
lpm 45280
lpm 45280
lpm 45280
nat-tcp-v4 45120
lpm 45440
lpm 45440
lpm 45440
lpm 45440
lpm 45440
lpm 45440
dpi 4480
dpi 4480
dpi 4480
dpi 4480
dpi 4480
dpi 4480
nat-tcp-v4 45280
lpm 45600
lpm 45600
lpm 45600
lpm 45600
lpm 45600
lpm 45600
acl-fw 17760
acl-fw 17760
acl-fw 17760
dpi 4640
dpi 4640
dpi 4640
dpi 4640
dpi 4640
dpi 4640
nat-tcp-v4 45440
lpm 45760
lpm 45760
lpm 45760
lpm 45760
lpm 45760
lpm 45760
lpm 45920
lpm 45920
lpm 45920
lpm 45920
lpm 45920
lpm 45920
nat-tcp-v4 45600
acl-fw 17920
acl-fw 17920
acl-fw 17920
dpi 4800
dpi 4800
dpi 4800
dpi 4800
dpi 4800
dpi 4800
lpm 46080
lpm 46080
lpm 46080
lpm 46080
lpm 46080
lpm 46080
nat-tcp-v4 45760
lpm 46240
lpm 46240
lpm 46240
lpm 46240
lpm 46240
lpm 46240
dpi 4960
dpi 4960
dpi 4960
dpi 4960
dpi 4960
dpi 4960
nat-tcp-v4 45920
acl-fw 18080
acl-fw 18080
acl-fw 18080
lpm 46400
lpm 46400
lpm 46400
lpm 46400
lpm 46400
lpm 46400
nat-tcp-v4 46080
dpi 5120
dpi 5120
dpi 5120
dpi 5120
dpi 5120
dpi 5120
lpm 46560
lpm 46560
lpm 46560
lpm 46560
lpm 46560
lpm 46560
nat-tcp-v4 46240
acl-fw 18240
acl-fw 18240
acl-fw 18240
lpm 46720
lpm 46720
lpm 46720
lpm 46720
lpm 46720
lpm 46720
nat-tcp-v4 46400
dpi 5280
dpi 5280
dpi 5280
dpi 5280
dpi 5280
dpi 5280
lpm 46880
lpm 46880
lpm 46880
lpm 46880
lpm 46880
lpm 46880
nat-tcp-v4 46560
acl-fw 18400
acl-fw 18400
acl-fw 18400
lpm 47040
lpm 47040
lpm 47040
lpm 47040
lpm 47040
lpm 47040
dpi 5440
dpi 5440
dpi 5440
dpi 5440
dpi 5440
dpi 5440
nat-tcp-v4 46720
lpm 47200
lpm 47200
lpm 47200
lpm 47200
lpm 47200
lpm 47200
dpi 5600
dpi 5600
dpi 5600
dpi 5600
dpi 5600
dpi 5600
nat-tcp-v4 46880
acl-fw 18560
acl-fw 18560
acl-fw 18560
lpm 47360
lpm 47360
lpm 47360
lpm 47360
lpm 47360
lpm 47360
lpm 47520
lpm 47520
lpm 47520
lpm 47520
lpm 47520
lpm 47520
nat-tcp-v4 47040
dpi 5760
dpi 5760
dpi 5760
dpi 5760
dpi 5760
dpi 5760
lpm 47680
lpm 47680
lpm 47680
lpm 47680
lpm 47680
lpm 47680
nat-tcp-v4 47200
acl-fw 18720
acl-fw 18720
acl-fw 18720
lpm 47840
lpm 47840
lpm 47840
lpm 47840
lpm 47840
lpm 47840
nat-tcp-v4 47360
dpi 5920
dpi 5920
dpi 5920
dpi 5920
dpi 5920
dpi 5920
lpm 48000
lpm 48000
lpm 48000
lpm 48000
lpm 48000
lpm 48000
nat-tcp-v4 47520
acl-fw 18880
acl-fw 18880
acl-fw 18880
dpi 6080
dpi 6080
dpi 6080
dpi 6080
dpi 6080
dpi 6080
lpm 48160
lpm 48160
lpm 48160
lpm 48160
lpm 48160
lpm 48160
nat-tcp-v4 47680
lpm 48320
lpm 48320
lpm 48320
lpm 48320
lpm 48320
lpm 48320
acl-fw 19040
acl-fw 19040
acl-fw 19040
nat-tcp-v4 47840
dpi 6240
dpi 6240
dpi 6240
dpi 6240
dpi 6240
dpi 6240
lpm 48480
lpm 48480
lpm 48480
lpm 48480
lpm 48480
lpm 48480
nat-tcp-v4 48000
lpm 48640
lpm 48640
lpm 48640
lpm 48640
lpm 48640
lpm 48640
dpi 6400
dpi 6400
dpi 6400
dpi 6400
dpi 6400
dpi 6400
acl-fw 19200
acl-fw 19200
acl-fw 19200
nat-tcp-v4 48160
lpm 48800
lpm 48800
lpm 48800
lpm 48800
lpm 48800
lpm 48800
nat-tcp-v4 48320
lpm 48960
lpm 48960
lpm 48960
lpm 48960
lpm 48960
lpm 48960
dpi 6560
dpi 6560
dpi 6560
dpi 6560
dpi 6560
dpi 6560
acl-fw 19360
acl-fw 19360
acl-fw 19360
nat-tcp-v4 48480
lpm 49120
lpm 49120
lpm 49120
lpm 49120
lpm 49120
lpm 49120
dpi 6720
dpi 6720
dpi 6720
dpi 6720
dpi 6720
dpi 6720
lpm 49280
lpm 49280
lpm 49280
lpm 49280
lpm 49280
lpm 49280
nat-tcp-v4 48640
lpm 49440
lpm 49440
lpm 49440
lpm 49440
lpm 49440
lpm 49440
acl-fw 19520
acl-fw 19520
acl-fw 19520
nat-tcp-v4 48800
dpi 6880
dpi 6880
dpi 6880
dpi 6880
dpi 6880
dpi 6880
lpm 49600
lpm 49600
lpm 49600
lpm 49600
lpm 49600
lpm 49600
nat-tcp-v4 48960
lpm 49760
lpm 49760
lpm 49760
lpm 49760
lpm 49760
lpm 49760
dpi 7040
dpi 7040
dpi 7040
dpi 7040
dpi 7040
dpi 7040
acl-fw 19680
acl-fw 19680
acl-fw 19680
nat-tcp-v4 49120
lpm 49920
lpm 49920
lpm 49920
lpm 49920
lpm 49920
lpm 49920
nat-tcp-v4 49280
dpi 7200
dpi 7200
dpi 7200
dpi 7200
dpi 7200
dpi 7200
lpm 50080
lpm 50080
lpm 50080
lpm 50080
lpm 50080
lpm 50080
acl-fw 19840
acl-fw 19840
acl-fw 19840
nat-tcp-v4 49440
lpm 50240
lpm 50240
lpm 50240
lpm 50240
lpm 50240
lpm 50240
dpi 7360
dpi 7360
dpi 7360
dpi 7360
dpi 7360
dpi 7360
nat-tcp-v4 49600
a thread in cpu1 reached the max instruction count @ 390099313737
a thread in cpu11 reached the max instruction count @ 390099313737
a thread in cpu15 reached the max instruction count @ 390099313737
lpm 50400
lpm 50400
lpm 50400
lpm 50400
lpm 50400
lpm 50400
acl-fw 20000
acl-fw 20000
acl-fw 20000
nat-tcp-v4 49760
lpm 50560
lpm 50560
lpm 50560
lpm 50560
lpm 50560
lpm 50560
dpi 7520
dpi 7520
dpi 7520
dpi 7520
dpi 7520
dpi 7520
nat-tcp-v4 49920
lpm 50720
lpm 50720
lpm 50720
lpm 50720
lpm 50720
lpm 50720
dpi 7680
dpi 7680
dpi 7680
dpi 7680
dpi 7680
dpi 7680
acl-fw 20160
acl-fw 20160
acl-fw 20160
lpm 50880
lpm 50880
lpm 50880
lpm 50880
lpm 50880
lpm 50880
nat-tcp-v4 50080
lpm 51040
lpm 51040
lpm 51040
lpm 51040
lpm 51040
lpm 51040
nat-tcp-v4 50240
dpi 7840
dpi 7840
dpi 7840
dpi 7840
dpi 7840
dpi 7840
lpm 51200
lpm 51200
lpm 51200
lpm 51200
lpm 51200
lpm 51200
acl-fw 20320
acl-fw 20320
acl-fw 20320
nat-tcp-v4 50400
dpi 8000
dpi 8000
dpi 8000
dpi 8000
dpi 8000
dpi 8000
lpm 51360
lpm 51360
lpm 51360
lpm 51360
lpm 51360
lpm 51360
nat-tcp-v4 50560
lpm 51520
lpm 51520
lpm 51520
lpm 51520
lpm 51520
lpm 51520
acl-fw 20480
acl-fw 20480
acl-fw 20480
nat-tcp-v4 50720
a thread in cpu10 reached the max instruction count @ 397583723145
dpi 8160
dpi 8160
dpi 8160
dpi 8160
dpi 8160
dpi 8160
a thread in cpu2 reached the max instruction count @ 397728351255
a thread in cpu3 reached the max instruction count @ 397728351255
a thread in cpu4 reached the max instruction count @ 397728351255
a thread in cpu5 reached the max instruction count @ 397728351255
a thread in cpu8 reached the max instruction count @ 397728351255
a thread in cpu12 reached the max instruction count @ 397728351255
lpm 51680
lpm 51680
lpm 51680
lpm 51680
lpm 51680
lpm 51680
nat-tcp-v4 50880
lpm 51840
lpm 51840
lpm 51840
lpm 51840
lpm 51840
lpm 51840
dpi 8320
dpi 8320
dpi 8320
dpi 8320
dpi 8320
dpi 8320
acl-fw 20640
acl-fw 20640
acl-fw 20640
nat-tcp-v4 51040
lpm 52000
lpm 52000
lpm 52000
lpm 52000
lpm 52000
lpm 52000
nat-tcp-v4 51200
dpi 8480
dpi 8480
dpi 8480
dpi 8480
dpi 8480
dpi 8480
lpm 52160
lpm 52160
lpm 52160
lpm 52160
lpm 52160
lpm 52160
acl-fw 20800
acl-fw 20800
acl-fw 20800
lpm 52320
lpm 52320
lpm 52320
lpm 52320
lpm 52320
lpm 52320
nat-tcp-v4 51360
dpi 8640
dpi 8640
dpi 8640
dpi 8640
dpi 8640
dpi 8640
lpm 52480
lpm 52480
lpm 52480
lpm 52480
lpm 52480
lpm 52480
nat-tcp-v4 51520
acl-fw 20960
acl-fw 20960
acl-fw 20960
lpm 52640
lpm 52640
lpm 52640
lpm 52640
lpm 52640
lpm 52640
nat-tcp-v4 51680
dpi 8800
dpi 8800
dpi 8800
dpi 8800
dpi 8800
dpi 8800
lpm 52800
lpm 52800
lpm 52800
lpm 52800
lpm 52800
lpm 52800
nat-tcp-v4 51840
dpi 8960
dpi 8960
dpi 8960
dpi 8960
dpi 8960
dpi 8960
acl-fw 21120
acl-fw 21120
acl-fw 21120
lpm 52960
lpm 52960
lpm 52960
lpm 52960
lpm 52960
lpm 52960
nat-tcp-v4 52000
lpm 53120
lpm 53120
lpm 53120
lpm 53120
lpm 53120
lpm 53120
nat-tcp-v4 52160
dpi 9120
dpi 9120
dpi 9120
dpi 9120
dpi 9120
dpi 9120
lpm 53280
lpm 53280
lpm 53280
lpm 53280
lpm 53280
lpm 53280
acl-fw 21280
acl-fw 21280
acl-fw 21280
nat-tcp-v4 52320
lpm 53440
lpm 53440
lpm 53440
lpm 53440
lpm 53440
lpm 53440
dpi 9280
dpi 9280
dpi 9280
dpi 9280
dpi 9280
dpi 9280
nat-tcp-v4 52480
lpm 53600
lpm 53600
lpm 53600
lpm 53600
lpm 53600
lpm 53600
acl-fw 21440
acl-fw 21440
acl-fw 21440
nat-tcp-v4 52640
lpm 53760
lpm 53760
lpm 53760
lpm 53760
lpm 53760
lpm 53760
dpi 9440
dpi 9440
dpi 9440
dpi 9440
dpi 9440
dpi 9440
nat-tcp-v4 52800
lpm 53920
lpm 53920
lpm 53920
lpm 53920
lpm 53920
lpm 53920
acl-fw 21600
acl-fw 21600
acl-fw 21600
dpi 9600
dpi 9600
dpi 9600
dpi 9600
dpi 9600
dpi 9600
lpm 54080
lpm 54080
lpm 54080
lpm 54080
lpm 54080
lpm 54080
nat-tcp-v4 52960
lpm 54240
lpm 54240
lpm 54240
lpm 54240
lpm 54240
lpm 54240
nat-tcp-v4 53120
dpi 9760
dpi 9760
dpi 9760
dpi 9760
dpi 9760
dpi 9760
acl-fw 21760
acl-fw 21760
acl-fw 21760
lpm 54400
lpm 54400
lpm 54400
lpm 54400
lpm 54400
lpm 54400
nat-tcp-v4 53280
lpm 54560
lpm 54560
lpm 54560
lpm 54560
lpm 54560
lpm 54560
dpi 9920
dpi 9920
dpi 9920
dpi 9920
dpi 9920
dpi 9920
nat-tcp-v4 53440
acl-fw 21920
acl-fw 21920
acl-fw 21920
lpm 54720
lpm 54720
lpm 54720
lpm 54720
lpm 54720
lpm 54720
nat-tcp-v4 53600
dpi 10080
dpi 10080
dpi 10080
dpi 10080
dpi 10080
dpi 10080
lpm 54880
lpm 54880
lpm 54880
lpm 54880
lpm 54880
lpm 54880
nat-tcp-v4 53760
lpm 55040
lpm 55040
lpm 55040
lpm 55040
lpm 55040
lpm 55040
acl-fw 22080
acl-fw 22080
acl-fw 22080
dpi 10240
dpi 10240
dpi 10240
dpi 10240
dpi 10240
dpi 10240
nat-tcp-v4 53920
lpm 55200
lpm 55200
lpm 55200
lpm 55200
lpm 55200
lpm 55200
nat-tcp-v4 54080
lpm 55360
lpm 55360
lpm 55360
lpm 55360
lpm 55360
lpm 55360
dpi 10400
dpi 10400
dpi 10400
dpi 10400
dpi 10400
dpi 10400
acl-fw 22240
acl-fw 22240
acl-fw 22240
nat-tcp-v4 54240
lpm 55520
lpm 55520
lpm 55520
lpm 55520
lpm 55520
lpm 55520
lpm 55680
lpm 55680
lpm 55680
lpm 55680
lpm 55680
lpm 55680
dpi 10560
dpi 10560
dpi 10560
dpi 10560
dpi 10560
dpi 10560
nat-tcp-v4 54400
acl-fw 22400
acl-fw 22400
acl-fw 22400
lpm 55840
lpm 55840
lpm 55840
lpm 55840
lpm 55840
lpm 55840
nat-tcp-v4 54560
dpi 10720
dpi 10720
dpi 10720
dpi 10720
dpi 10720
dpi 10720
lpm 56000
lpm 56000
lpm 56000
lpm 56000
lpm 56000
lpm 56000
nat-tcp-v4 54720
acl-fw 22560
acl-fw 22560
acl-fw 22560
lpm 56160
lpm 56160
lpm 56160
lpm 56160
lpm 56160
lpm 56160
dpi 10880
dpi 10880
dpi 10880
dpi 10880
dpi 10880
dpi 10880
nat-tcp-v4 54880
lpm 56320
lpm 56320
lpm 56320
lpm 56320
lpm 56320
lpm 56320
nat-tcp-v4 55040
acl-fw 22720
acl-fw 22720
acl-fw 22720
lpm 56480
lpm 56480
lpm 56480
lpm 56480
lpm 56480
lpm 56480
dpi 11040
dpi 11040
dpi 11040
dpi 11040
dpi 11040
dpi 11040
nat-tcp-v4 55200
lpm 56640
lpm 56640
lpm 56640
lpm 56640
lpm 56640
lpm 56640
nat-tcp-v4 55360
dpi 11200
dpi 11200
dpi 11200
dpi 11200
dpi 11200
dpi 11200
lpm 56800
lpm 56800
lpm 56800
lpm 56800
lpm 56800
lpm 56800
acl-fw 22880
acl-fw 22880
acl-fw 22880
nat-tcp-v4 55520
lpm 56960
lpm 56960
lpm 56960
lpm 56960
lpm 56960
lpm 56960
dpi 11360
dpi 11360
dpi 11360
dpi 11360
dpi 11360
dpi 11360
nat-tcp-v4 55680
lpm 57120
lpm 57120
lpm 57120
lpm 57120
lpm 57120
lpm 57120
acl-fw 23040
acl-fw 23040
acl-fw 23040
lpm 57280
lpm 57280
lpm 57280
lpm 57280
lpm 57280
lpm 57280
nat-tcp-v4 55840
dpi 11520
dpi 11520
dpi 11520
dpi 11520
dpi 11520
dpi 11520
lpm 57440
lpm 57440
lpm 57440
lpm 57440
lpm 57440
lpm 57440
nat-tcp-v4 56000
acl-fw 23200
acl-fw 23200
acl-fw 23200
dpi 11680
dpi 11680
dpi 11680
dpi 11680
dpi 11680
dpi 11680
lpm 57600
lpm 57600
lpm 57600
lpm 57600
lpm 57600
lpm 57600
nat-tcp-v4 56160
lpm 57760
lpm 57760
lpm 57760
lpm 57760
lpm 57760
lpm 57760
nat-tcp-v4 56320
dpi 11840
dpi 11840
dpi 11840
dpi 11840
dpi 11840
dpi 11840
acl-fw 23360
acl-fw 23360
acl-fw 23360
lpm 57920
lpm 57920
lpm 57920
lpm 57920
lpm 57920
lpm 57920
nat-tcp-v4 56480
lpm 58080
lpm 58080
lpm 58080
lpm 58080
lpm 58080
lpm 58080
dpi 12000
dpi 12000
dpi 12000
dpi 12000
dpi 12000
dpi 12000
nat-tcp-v4 56640
acl-fw 23520
acl-fw 23520
acl-fw 23520
lpm 58240
lpm 58240
lpm 58240
lpm 58240
lpm 58240
lpm 58240
nat-tcp-v4 56800
dpi 12160
dpi 12160
dpi 12160
dpi 12160
dpi 12160
dpi 12160
lpm 58400
lpm 58400
lpm 58400
lpm 58400
lpm 58400
lpm 58400
nat-tcp-v4 56960
acl-fw 23680
acl-fw 23680
acl-fw 23680
lpm 58560
lpm 58560
lpm 58560
lpm 58560
lpm 58560
lpm 58560
dpi 12320
dpi 12320
dpi 12320
dpi 12320
dpi 12320
dpi 12320
nat-tcp-v4 57120
lpm 58720
lpm 58720
lpm 58720
lpm 58720
lpm 58720
lpm 58720
lpm 58880
lpm 58880
lpm 58880
lpm 58880
lpm 58880
lpm 58880
nat-tcp-v4 57280
acl-fw 23840
acl-fw 23840
acl-fw 23840
dpi 12480
dpi 12480
dpi 12480
dpi 12480
dpi 12480
dpi 12480
lpm 59040
lpm 59040
lpm 59040
lpm 59040
lpm 59040
lpm 59040
nat-tcp-v4 57440
lpm 59200
lpm 59200
lpm 59200
lpm 59200
lpm 59200
lpm 59200
dpi 12640
dpi 12640
dpi 12640
dpi 12640
dpi 12640
dpi 12640
nat-tcp-v4 57600
acl-fw 24000
acl-fw 24000
acl-fw 24000
lpm 59360
lpm 59360
lpm 59360
lpm 59360
lpm 59360
lpm 59360
nat-tcp-v4 57760
dpi 12800
dpi 12800
dpi 12800
dpi 12800
dpi 12800
dpi 12800
lpm 59520
lpm 59520
lpm 59520
lpm 59520
lpm 59520
lpm 59520
nat-tcp-v4 57920
acl-fw 24160
acl-fw 24160
acl-fw 24160
lpm 59680
lpm 59680
lpm 59680
lpm 59680
lpm 59680
lpm 59680
dpi 12960
dpi 12960
dpi 12960
dpi 12960
dpi 12960
dpi 12960
nat-tcp-v4 58080
lpm 59840
lpm 59840
lpm 59840
lpm 59840
lpm 59840
lpm 59840
a thread in cpu14 reached the max instruction count @ 447895079640
a thread in cpu13 reached the max instruction count @ 447895079640
a thread in cpu9 reached the max instruction count @ 447895079640
a thread in cpu7 reached the max instruction count @ 447895079640
a thread in cpu6 reached the max instruction count @ 447895079640
a thread in cpu0 reached the max instruction count @ 447895079640
Switched CPUS @ tick 447895079640
Changing memory mode to timing
switching cpus
**** REAL SIMULATION ****
info: Entering event queue @ 447895079640.  Starting simulation...
acl-fw 24320
acl-fw 24320
acl-fw 24320
nat-tcp-v4 58240
lpm 60000
lpm 60000
lpm 60000
lpm 60000
lpm 60000
lpm 60000
dpi 13120
dpi 13120
dpi 13120
dpi 13120
dpi 13120
dpi 13120
a thread in cpu11 reached the max instruction count @ 448860568080
a thread in cpu1 reached the max instruction count @ 448861087245
a thread in cpu15 reached the max instruction count @ 448862885349
a thread in cpu3 reached the max instruction count @ 448935968769
a thread in cpu8 reached the max instruction count @ 448936214799
a thread in cpu2 reached the max instruction count @ 448936741887
a thread in cpu5 reached the max instruction count @ 448937045046
a thread in cpu12 reached the max instruction count @ 448937896977
a thread in cpu4 reached the max instruction count @ 448938999525
a thread in cpu10 reached the max instruction count @ 449006368377
a thread in cpu6 reached the max instruction count @ 449094566796
a thread in cpu9 reached the max instruction count @ 449096597586
Exiting @ tick 449097236847 because a thread in cpu0 reached the max instruction count
