gem5 Simulator System.  http://gem5.org
gem5 is copyrighted software; use the --copyright option for details.

gem5 compiled Jan 24 2020 10:09:20
gem5 started Jan 24 2020 10:35:39
gem5 executing on node-1.yangzhou-qv63856.lambda-mpi-pg0.clemson.cloudlab.us, pid 105862
command line: build/ARM/gem5.fast --remote-gdb-port=0 --outdir=/users/yangzhou/gem5/sgx_nic/m5out/DerivO3CPU_dpi-queue.maglev.monitoring_4MB --stats-file=DerivO3CPU_dpi-queue.maglev.monitoring_4MB_stats.txt configs/example/se_nic.py --interp-dir /usr/aarch64-linux-gnu --redirects /lib=/usr/aarch64-linux-gnu/lib -c 'dpi-queue;maglev;monitoring' --cpu-type=DerivO3CPU --cpu-clock=2.4GHz --asic-clock=0.56GHz --cacheline_size=128 --caches --l2cache --l2_size=4MB --l2_assoc=16 --mem-size=128GB --mem-type=DDR3_1600_8x8 --mem-channels=2 --mem-ranks=2 --fast-forward=2000000000 --rel-max-tick=3000000000000

['dpi-queue', 'maglev', 'monitoring']
{'monitoring': [18], 'dpi-queue': [0, 1, 2, 3, 4, 5, 6, 7, 8, 9, 10, 11, 12, 13, 14, 15, 16], 'maglev': [17]} 3 19
Setting the interpreter path to: /usr/aarch64-linux-gnu 
For dynamically linked applications you might still need to setup the --redirects so that libraries are found

Global frequency set at 1000000000000 ticks per second
Switch at instruction count:2000000000
Receiving started
Receiving started
Running 1 pipelines
Running 1 pipelines
trying to open file /users/yangzhou/ictf2010.dat
trying to open file /users/yangzhou/ictf2010.dat
opening succeeds
opening succeeds
pkt_num: 1048576
dpi rules length: 33471
Generating permutations
Generating LUT
Done Generating LUT
monitoring packets processed: 16384
maglev packets processed: 16384
monitoring packets processed: 32768
maglev packets processed: 32768
monitoring packets processed: 49152
maglev packets processed: 49152
maglev packets processed: 65536
monitoring packets processed: 65536
dpi AhoCorasick graph built up!
trying to open file /users/yangzhou/ictf2010.dat
opening succeeds
maglev packets processed: 81920
monitoring packets processed: 81920
maglev packets processed: 98304
monitoring packets processed: 98304
maglev packets processed: 114688
monitoring packets processed: 114688
maglev packets processed: 131072
monitoring packets processed: 131072
maglev packets processed: 147456
monitoring packets processed: 147456
maglev packets processed: 163840
monitoring packets processed: 163840
maglev packets processed: 180224
maglev packets processed: 196608
monitoring packets processed: 180224
maglev packets processed: 212992
monitoring packets processed: 196608
maglev packets processed: 229376
monitoring packets processed: 212992
maglev packets processed: 245760
monitoring packets processed: 229376
maglev packets processed: 262144
monitoring packets processed: 245760
maglev packets processed: 278528
monitoring packets processed: 262144
maglev packets processed: 294912
maglev packets processed: 311296
monitoring packets processed: 278528
maglev packets processed: 327680
monitoring packets processed: 294912
maglev packets processed: 344064
monitoring packets processed: 311296
maglev packets processed: 360448
monitoring packets processed: 327680
maglev packets processed: 376832
monitoring packets processed: 344064
maglev packets processed: 393216
monitoring packets processed: 360448
maglev packets processed: 409600
monitoring packets processed: 376832
maglev packets processed: 425984
maglev packets processed: 442368
monitoring packets processed: 393216
maglev packets processed: 458752
monitoring packets processed: 409600
maglev packets processed: 475136
monitoring packets processed: 425984
maglev packets processed: 491520
monitoring packets processed: 442368
maglev packets processed: 507904
monitoring packets processed: 458752
maglev packets processed: 524288
monitoring packets processed: 475136
maglev packets processed: 540672
monitoring packets processed: 491520
maglev packets processed: 557056
maglev packets processed: 573440
monitoring packets processed: 507904
maglev packets processed: 589824
monitoring packets processed: 524288
maglev packets processed: 606208
monitoring packets processed: 540672
maglev packets processed: 622592
monitoring packets processed: 557056
maglev packets processed: 638976
monitoring packets processed: 573440
maglev packets processed: 655360
monitoring packets processed: 589824
maglev packets processed: 671744
monitoring packets processed: 606208
maglev packets processed: 688128
maglev packets processed: 704512
monitoring packets processed: 622592
maglev packets processed: 720896
monitoring packets processed: 638976
maglev packets processed: 737280
monitoring packets processed: 655360
maglev packets processed: 753664
dpi packets processed: 65536
monitoring packets processed: 671744
maglev packets processed: 770048
monitoring packets processed: 688128
maglev packets processed: 786432
monitoring packets processed: 704512
maglev packets processed: 802816
dpi packets processed: 131072
monitoring packets processed: 720896
maglev packets processed: 819200
maglev packets processed: 835584
monitoring packets processed: 737280
dpi packets processed: 196608
maglev packets processed: 851968
monitoring packets processed: 753664
maglev packets processed: 868352
monitoring packets processed: 770048
maglev packets processed: 884736
dpi packets processed: 262144
monitoring packets processed: 786432
maglev packets processed: 901120
monitoring packets processed: 802816
maglev packets processed: 917504
dpi packets processed: 327680
monitoring packets processed: 819200
maglev packets processed: 933888
monitoring packets processed: 835584
maglev packets processed: 950272
maglev packets processed: 966656
monitoring packets processed: 851968
dpi packets processed: 393216
maglev packets processed: 983040
monitoring packets processed: 868352
maglev packets processed: 999424
monitoring packets processed: 884736
dpi packets processed: 458752
maglev packets processed: 1015808
monitoring packets processed: 901120
maglev packets processed: 1032192
monitoring packets processed: 917504
maglev packets processed: 1048576
dpi packets processed: 524288
monitoring packets processed: 933888
maglev packets processed: 1064960
maglev packets processed: 1081344
monitoring packets processed: 950272
maglev packets processed: 1097728
dpi packets processed: 589824
monitoring packets processed: 966656
maglev packets processed: 1114112
monitoring packets processed: 983040
maglev packets processed: 1130496
monitoring packets processed: 999424
dpi packets processed: 655360
maglev packets processed: 1146880
monitoring packets processed: 1015808
maglev packets processed: 1163264
monitoring packets processed: 1032192
maglev packets processed: 1179648
dpi packets processed: 720896
monitoring packets processed: 1048576
maglev packets processed: 1196032
maglev packets processed: 1212416
monitoring packets processed: 1064960
dpi packets processed: 786432
maglev packets processed: 1228800
monitoring packets processed: 1081344
maglev packets processed: 1245184
monitoring packets processed: 1097728
maglev packets processed: 1261568
dpi packets processed: 851968
monitoring packets processed: 1114112
maglev packets processed: 1277952
monitoring packets processed: 1130496
maglev packets processed: 1294336
monitoring packets processed: 1146880
dpi packets processed: 917504
maglev packets processed: 1310720
monitoring packets processed: 1163264
maglev packets processed: 1327104
maglev packets processed: 1343488
monitoring packets processed: 1179648
dpi packets processed: 983040
maglev packets processed: 1359872
monitoring packets processed: 1196032
maglev packets processed: 1376256
monitoring packets processed: 1212416
dpi packets processed: 1048576
maglev packets processed: 1392640
monitoring packets processed: 1228800
maglev packets processed: 1409024
monitoring packets processed: 1245184
maglev packets processed: 1425408
dpi packets processed: 1114112
monitoring packets processed: 1261568
maglev packets processed: 1441792
monitoring packets processed: 1277952
maglev packets processed: 1458176
maglev packets processed: 1474560
dpi packets processed: 1179648
monitoring packets processed: 1294336
maglev packets processed: 1490944
monitoring packets processed: 1310720
maglev packets processed: 1507328
monitoring packets processed: 1327104
dpi packets processed: 1245184
maglev packets processed: 1523712
monitoring packets processed: 1343488
maglev packets processed: 1540096
monitoring packets processed: 1359872
maglev packets processed: 1556480
dpi packets processed: 1310720
monitoring packets processed: 1376256
maglev packets processed: 1572864
monitoring packets processed: 1392640
maglev packets processed: 1589248
dpi packets processed: 1376256
maglev packets processed: 1605632
monitoring packets processed: 1409024
maglev packets processed: 1622016
monitoring packets processed: 1425408
maglev packets processed: 1638400
dpi packets processed: 1441792
monitoring packets processed: 1441792
maglev packets processed: 1654784
monitoring packets processed: 1458176
maglev packets processed: 1671168
monitoring packets processed: 1474560
dpi packets processed: 1507328
maglev packets processed: 1687552
monitoring packets processed: 1490944
maglev packets processed: 1703936
monitoring packets processed: 1507328
maglev packets processed: 1720320
dpi packets processed: 1572864
maglev packets processed: 1736704
monitoring packets processed: 1523712
maglev packets processed: 1753088
monitoring packets processed: 1540096
dpi packets processed: 1638400
maglev packets processed: 1769472
monitoring packets processed: 1556480
maglev packets processed: 1785856
monitoring packets processed: 1572864
maglev packets processed: 1802240
dpi packets processed: 1703936
monitoring packets processed: 1589248
maglev packets processed: 1818624
monitoring packets processed: 1605632
maglev packets processed: 1835008
monitoring packets processed: 1622016
maglev packets processed: 1851392
dpi packets processed: 1769472
maglev packets processed: 1867776
monitoring packets processed: 1638400
maglev packets processed: 1884160
monitoring packets processed: 1654784
dpi packets processed: 1835008
maglev packets processed: 1900544
monitoring packets processed: 1671168
maglev packets processed: 1916928
monitoring packets processed: 1687552
maglev packets processed: 1933312
dpi packets processed: 1900544
monitoring packets processed: 1703936
maglev packets processed: 1949696
monitoring packets processed: 1720320
maglev packets processed: 1966080
dpi packets processed: 1966080
maglev packets processed: 1982464
monitoring packets processed: 1736704
maglev packets processed: 1998848
Switched CPUS @ tick 939548333253
switching cpus
**** REAL SIMULATION ****
monitoring packets processed: 1753088
maglev packets processed: 2015232
monitoring packets processed: 1769472
dpi packets processed: 2031616
monitoring packets processed: 1785856
maglev packets processed: 2031616
monitoring packets processed: 1802240
maglev packets processed: 2048000
monitoring packets processed: 1818624
maglev packets processed: 2064384
monitoring packets processed: 1835008
dpi packets processed: 2097152
maglev packets processed: 2080768
monitoring packets processed: 1851392
maglev packets processed: 2097152
monitoring packets processed: 1867776
maglev packets processed: 2113536
monitoring packets processed: 1884160
maglev packets processed: 2129920
monitoring packets processed: 1900544
dpi packets processed: 2162688
monitoring packets processed: 1916928
maglev packets processed: 2146304
monitoring packets processed: 1933312
maglev packets processed: 2162688
monitoring packets processed: 1949696
maglev packets processed: 2179072
dpi packets processed: 2228224
monitoring packets processed: 1966080
maglev packets processed: 2195456
monitoring packets processed: 1982464
maglev packets processed: 2211840
monitoring packets processed: 1998848
maglev packets processed: 2228224
monitoring packets processed: 2015232
dpi packets processed: 2293760
maglev packets processed: 2244608
monitoring packets processed: 2031616
monitoring packets processed: 2048000
maglev packets processed: 2260992
monitoring packets processed: 2064384
maglev packets processed: 2277376
monitoring packets processed: 2080768
dpi packets processed: 2359296
maglev packets processed: 2293760
monitoring packets processed: 2097152
maglev packets processed: 2310144
monitoring packets processed: 2113536
maglev packets processed: 2326528
monitoring packets processed: 2129920
maglev packets processed: 2342912
dpi packets processed: 2424832
monitoring packets processed: 2146304
maglev packets processed: 2359296
monitoring packets processed: 2162688
monitoring packets processed: 2179072
maglev packets processed: 2375680
monitoring packets processed: 2195456
maglev packets processed: 2392064
dpi packets processed: 2490368
monitoring packets processed: 2211840
maglev packets processed: 2408448
monitoring packets processed: 2228224
maglev packets processed: 2424832
monitoring packets processed: 2244608
maglev packets processed: 2441216
monitoring packets processed: 2260992
dpi packets processed: 2555904
maglev packets processed: 2457600
monitoring packets processed: 2277376
maglev packets processed: 2473984
monitoring packets processed: 2293760
monitoring packets processed: 2310144
maglev packets processed: 2490368
monitoring packets processed: 2326528
dpi packets processed: 2621440
maglev packets processed: 2506752
monitoring packets processed: 2342912
maglev packets processed: 2523136
monitoring packets processed: 2359296
maglev packets processed: 2539520
monitoring packets processed: 2375680
maglev packets processed: 2555904
dpi packets processed: 2686976
monitoring packets processed: 2392064
maglev packets processed: 2572288
monitoring packets processed: 2408448
maglev packets processed: 2588672
monitoring packets processed: 2424832
monitoring packets processed: 2441216
maglev packets processed: 2605056
dpi packets processed: 2752512
monitoring packets processed: 2457600
maglev packets processed: 2621440
monitoring packets processed: 2473984
maglev packets processed: 2637824
monitoring packets processed: 2490368
maglev packets processed: 2654208
monitoring packets processed: 2506752
dpi packets processed: 2818048
maglev packets processed: 2670592
monitoring packets processed: 2523136
maglev packets processed: 2686976
monitoring packets processed: 2539520
maglev packets processed: 2703360
monitoring packets processed: 2555904
dpi packets processed: 2883584
monitoring packets processed: 2572288
maglev packets processed: 2719744
monitoring packets processed: 2588672
maglev packets processed: 2736128
monitoring packets processed: 2605056
maglev packets processed: 2752512
monitoring packets processed: 2621440
maglev packets processed: 2768896
dpi packets processed: 2949120
monitoring packets processed: 2637824
maglev packets processed: 2785280
monitoring packets processed: 2654208
maglev packets processed: 2801664
monitoring packets processed: 2670592
maglev packets processed: 2818048
monitoring packets processed: 2686976
dpi packets processed: 3014656
monitoring packets processed: 2703360
maglev packets processed: 2834432
monitoring packets processed: 2719744
maglev packets processed: 2850816
monitoring packets processed: 2736128
maglev packets processed: 2867200
monitoring packets processed: 2752512
dpi packets processed: 3080192
maglev packets processed: 2883584
monitoring packets processed: 2768896
maglev packets processed: 2899968
monitoring packets processed: 2785280
maglev packets processed: 2916352
monitoring packets processed: 2801664
dpi packets processed: 3145728
maglev packets processed: 2932736
monitoring packets processed: 2818048
monitoring packets processed: 2834432
maglev packets processed: 2949120
monitoring packets processed: 2850816
maglev packets processed: 2965504
monitoring packets processed: 2867200
maglev packets processed: 2981888
dpi packets processed: 3211264
monitoring packets processed: 2883584
maglev packets processed: 2998272
monitoring packets processed: 2899968
maglev packets processed: 3014656
monitoring packets processed: 2916352
maglev packets processed: 3031040
monitoring packets processed: 2932736
dpi packets processed: 3276800
maglev packets processed: 3047424
monitoring packets processed: 2949120
monitoring packets processed: 2965504
maglev packets processed: 3063808
monitoring packets processed: 2981888
maglev packets processed: 3080192
dpi packets processed: 3342336
monitoring packets processed: 2998272
maglev packets processed: 3096576
monitoring packets processed: 3014656
maglev packets processed: 3112960
monitoring packets processed: 3031040
maglev packets processed: 3129344
monitoring packets processed: 3047424
dpi packets processed: 3407872
maglev packets processed: 3145728
monitoring packets processed: 3063808
