gem5 Simulator System.  http://gem5.org
gem5 is copyrighted software; use the --copyright option for details.

gem5 compiled Jan 22 2020 23:27:30
gem5 started Jan 24 2020 10:01:16
gem5 executing on node-1.yangzhou-qv63708.lambda-mpi-pg0.clemson.cloudlab.us, pid 145678
command line: build/ARM/gem5.fast --remote-gdb-port=0 --outdir=/users/yangzhou/gem5/sgx_nic/m5out/TimingSimpleCPU_dpi-queue.maglev_4MB --stats-file=TimingSimpleCPU_dpi-queue.maglev_4MB_stats.txt configs/example/se_nic.py --interp-dir /usr/aarch64-linux-gnu --redirects /lib=/usr/aarch64-linux-gnu/lib -c 'dpi-queue;maglev' --cpu-type=TimingSimpleCPU --cpu-clock=2.4GHz --asic-clock=0.56GHz --cacheline_size=128 --caches --l2cache --l2_size=4MB --l2_assoc=16 --mem-size=128GB --mem-type=DDR3_1600_8x8 --mem-channels=2 --mem-ranks=2 --fast-forward=2000000000 --rel-max-tick=3000000000000

['dpi-queue', 'maglev']
{'dpi-queue': [0, 1, 2, 3, 4, 5, 6, 7, 8, 9, 10, 11, 12, 13, 14, 15, 16], 'maglev': [17]} 2 18
Setting the interpreter path to: /usr/aarch64-linux-gnu 
For dynamically linked applications you might still need to setup the --redirects so that libraries are found

Global frequency set at 1000000000000 ticks per second
Switch at instruction count:2000000000
Receiving started
Running 1 pipelines
trying to open file /users/yangzhou/ictf2010.dat
opening succeeds
pkt_num: 1048576
dpi rules length: 33471
Generating permutations
Generating LUT
Done Generating LUT
maglev packets processed: 16384
maglev packets processed: 32768
maglev packets processed: 49152
maglev packets processed: 65536
dpi AhoCorasick graph built up!
trying to open file /users/yangzhou/ictf2010.dat
opening succeeds
maglev packets processed: 81920
maglev packets processed: 98304
maglev packets processed: 114688
maglev packets processed: 131072
maglev packets processed: 147456
maglev packets processed: 163840
maglev packets processed: 180224
maglev packets processed: 196608
maglev packets processed: 212992
maglev packets processed: 229376
maglev packets processed: 245760
maglev packets processed: 262144
maglev packets processed: 278528
maglev packets processed: 294912
maglev packets processed: 311296
maglev packets processed: 327680
maglev packets processed: 344064
maglev packets processed: 360448
maglev packets processed: 376832
maglev packets processed: 393216
maglev packets processed: 409600
maglev packets processed: 425984
maglev packets processed: 442368
maglev packets processed: 458752
maglev packets processed: 475136
maglev packets processed: 491520
maglev packets processed: 507904
maglev packets processed: 524288
maglev packets processed: 540672
maglev packets processed: 557056
maglev packets processed: 573440
maglev packets processed: 589824
maglev packets processed: 606208
maglev packets processed: 622592
maglev packets processed: 638976
maglev packets processed: 655360
maglev packets processed: 671744
maglev packets processed: 688128
maglev packets processed: 704512
maglev packets processed: 720896
maglev packets processed: 737280
maglev packets processed: 753664
dpi packets processed: 65536
maglev packets processed: 770048
maglev packets processed: 786432
maglev packets processed: 802816
dpi packets processed: 131072
maglev packets processed: 819200
maglev packets processed: 835584
dpi packets processed: 196608
maglev packets processed: 851968
maglev packets processed: 868352
maglev packets processed: 884736
dpi packets processed: 262144
maglev packets processed: 901120
maglev packets processed: 917504
dpi packets processed: 327680
maglev packets processed: 933888
maglev packets processed: 950272
maglev packets processed: 966656
dpi packets processed: 393216
maglev packets processed: 983040
maglev packets processed: 999424
dpi packets processed: 458752
maglev packets processed: 1015808
maglev packets processed: 1032192
maglev packets processed: 1048576
dpi packets processed: 524288
maglev packets processed: 1064960
maglev packets processed: 1081344
dpi packets processed: 589824
maglev packets processed: 1097728
maglev packets processed: 1114112
maglev packets processed: 1130496
dpi packets processed: 655360
maglev packets processed: 1146880
maglev packets processed: 1163264
maglev packets processed: 1179648
dpi packets processed: 720896
maglev packets processed: 1196032
maglev packets processed: 1212416
dpi packets processed: 786432
maglev packets processed: 1228800
maglev packets processed: 1245184
maglev packets processed: 1261568
dpi packets processed: 851968
maglev packets processed: 1277952
maglev packets processed: 1294336
dpi packets processed: 917504
maglev packets processed: 1310720
maglev packets processed: 1327104
maglev packets processed: 1343488
dpi packets processed: 983040
maglev packets processed: 1359872
maglev packets processed: 1376256
dpi packets processed: 1048576
maglev packets processed: 1392640
maglev packets processed: 1409024
maglev packets processed: 1425408
dpi packets processed: 1114112
maglev packets processed: 1441792
maglev packets processed: 1458176
maglev packets processed: 1474560
dpi packets processed: 1179648
maglev packets processed: 1490944
maglev packets processed: 1507328
dpi packets processed: 1245184
maglev packets processed: 1523712
maglev packets processed: 1540096
maglev packets processed: 1556480
dpi packets processed: 1310720
maglev packets processed: 1572864
maglev packets processed: 1589248
dpi packets processed: 1376256
maglev packets processed: 1605632
maglev packets processed: 1622016
maglev packets processed: 1638400
dpi packets processed: 1441792
maglev packets processed: 1654784
maglev packets processed: 1671168
dpi packets processed: 1507328
maglev packets processed: 1687552
maglev packets processed: 1703936
maglev packets processed: 1720320
dpi packets processed: 1572864
maglev packets processed: 1736704
maglev packets processed: 1753088
maglev packets processed: 1769472
dpi packets processed: 1638400
maglev packets processed: 1785856
maglev packets processed: 1802240
dpi packets processed: 1703936
maglev packets processed: 1818624
maglev packets processed: 1835008
maglev packets processed: 1851392
dpi packets processed: 1769472
maglev packets processed: 1867776
maglev packets processed: 1884160
dpi packets processed: 1835008
maglev packets processed: 1900544
maglev packets processed: 1916928
maglev packets processed: 1933312
dpi packets processed: 1900544
maglev packets processed: 1949696
maglev packets processed: 1966080
dpi packets processed: 1966080
maglev packets processed: 1982464
maglev packets processed: 1998848
Switched CPUS @ tick 939548313654
switching cpus
**** REAL SIMULATION ****
maglev packets processed: 2015232
dpi packets processed: 2031616
maglev packets processed: 2031616
maglev packets processed: 2048000
maglev packets processed: 2064384
dpi packets processed: 2097152
maglev packets processed: 2080768
maglev packets processed: 2097152
maglev packets processed: 2113536
dpi packets processed: 2162688
maglev packets processed: 2129920
maglev packets processed: 2146304
dpi packets processed: 2228224
maglev packets processed: 2162688
maglev packets processed: 2179072
maglev packets processed: 2195456
dpi packets processed: 2293760
maglev packets processed: 2211840
maglev packets processed: 2228224
maglev packets processed: 2244608
dpi packets processed: 2359296
maglev packets processed: 2260992
maglev packets processed: 2277376
maglev packets processed: 2293760
dpi packets processed: 2424832
maglev packets processed: 2310144
maglev packets processed: 2326528
maglev packets processed: 2342912
dpi packets processed: 2490368
maglev packets processed: 2359296
maglev packets processed: 2375680
dpi packets processed: 2555904
maglev packets processed: 2392064
maglev packets processed: 2408448
maglev packets processed: 2424832
dpi packets processed: 2621440
maglev packets processed: 2441216
maglev packets processed: 2457600
maglev packets processed: 2473984
dpi packets processed: 2686976
maglev packets processed: 2490368
maglev packets processed: 2506752
maglev packets processed: 2523136
dpi packets processed: 2752512
maglev packets processed: 2539520
maglev packets processed: 2555904
maglev packets processed: 2572288
dpi packets processed: 2818048
maglev packets processed: 2588672
maglev packets processed: 2605056
dpi packets processed: 2883584
maglev packets processed: 2621440
maglev packets processed: 2637824
maglev packets processed: 2654208
dpi packets processed: 2949120
maglev packets processed: 2670592
maglev packets processed: 2686976
maglev packets processed: 2703360
dpi packets processed: 3014656
maglev packets processed: 2719744
maglev packets processed: 2736128
maglev packets processed: 2752512
dpi packets processed: 3080192
maglev packets processed: 2768896
maglev packets processed: 2785280
maglev packets processed: 2801664
dpi packets processed: 3145728
maglev packets processed: 2818048
maglev packets processed: 2834432
maglev packets processed: 2850816
dpi packets processed: 3211264
maglev packets processed: 2867200
maglev packets processed: 2883584
dpi packets processed: 3276800
maglev packets processed: 2899968
maglev packets processed: 2916352
maglev packets processed: 2932736
dpi packets processed: 3342336
maglev packets processed: 2949120
maglev packets processed: 2965504
maglev packets processed: 2981888
dpi packets processed: 3407872
maglev packets processed: 2998272
maglev packets processed: 3014656
maglev packets processed: 3031040
dpi packets processed: 3473408
maglev packets processed: 3047424
maglev packets processed: 3063808
maglev packets processed: 3080192
dpi packets processed: 3538944
maglev packets processed: 3096576
maglev packets processed: 3112960
dpi packets processed: 3604480
maglev packets processed: 3129344
maglev packets processed: 3145728
maglev packets processed: 3162112
dpi packets processed: 3670016
maglev packets processed: 3178496
maglev packets processed: 3194880
maglev packets processed: 3211264
dpi packets processed: 3735552
maglev packets processed: 3227648
maglev packets processed: 3244032
maglev packets processed: 3260416
dpi packets processed: 3801088
maglev packets processed: 3276800
maglev packets processed: 3293184
dpi packets processed: 3866624
maglev packets processed: 3309568
maglev packets processed: 3325952
maglev packets processed: 3342336
dpi packets processed: 3932160
maglev packets processed: 3358720
maglev packets processed: 3375104
maglev packets processed: 3391488
dpi packets processed: 3997696
maglev packets processed: 3407872
maglev packets processed: 3424256
maglev packets processed: 3440640
dpi packets processed: 4063232
maglev packets processed: 3457024
maglev packets processed: 3473408
maglev packets processed: 3489792
dpi packets processed: 4128768
maglev packets processed: 3506176
maglev packets processed: 3522560
dpi packets processed: 4194304
maglev packets processed: 3538944
maglev packets processed: 3555328
maglev packets processed: 3571712
dpi packets processed: 4259840
maglev packets processed: 3588096
maglev packets processed: 3604480
maglev packets processed: 3620864
dpi packets processed: 4325376
maglev packets processed: 3637248
maglev packets processed: 3653632
maglev packets processed: 3670016
dpi packets processed: 4390912
maglev packets processed: 3686400
maglev packets processed: 3702784
maglev packets processed: 3719168
dpi packets processed: 4456448
maglev packets processed: 3735552
maglev packets processed: 3751936
dpi packets processed: 4521984
maglev packets processed: 3768320
maglev packets processed: 3784704
maglev packets processed: 3801088
dpi packets processed: 4587520
maglev packets processed: 3817472
maglev packets processed: 3833856
maglev packets processed: 3850240
dpi packets processed: 4653056
maglev packets processed: 3866624
maglev packets processed: 3883008
maglev packets processed: 3899392
dpi packets processed: 4718592
maglev packets processed: 3915776
maglev packets processed: 3932160
maglev packets processed: 3948544
dpi packets processed: 4784128
maglev packets processed: 3964928
maglev packets processed: 3981312
dpi packets processed: 4849664
maglev packets processed: 3997696
maglev packets processed: 4014080
maglev packets processed: 4030464
dpi packets processed: 4915200
maglev packets processed: 4046848
maglev packets processed: 4063232
maglev packets processed: 4079616
dpi packets processed: 4980736
maglev packets processed: 4096000
maglev packets processed: 4112384
maglev packets processed: 4128768
dpi packets processed: 5046272
Exiting @ tick 3000000000000 because simulate() limit reached
