gem5 Simulator System.  http://gem5.org
gem5 is copyrighted software; use the --copyright option for details.

gem5 compiled Jan 24 2020 10:09:20
gem5 started Jan 24 2020 10:35:39
gem5 executing on node-1.yangzhou-qv63856.lambda-mpi-pg0.clemson.cloudlab.us, pid 105914
command line: build/ARM/gem5.fast --remote-gdb-port=0 --outdir=/users/yangzhou/gem5/sgx_nic/m5out/DerivO3CPU_nat-tcp-v4.maglev.lpm_4MB --stats-file=DerivO3CPU_nat-tcp-v4.maglev.lpm_4MB_stats.txt configs/example/se_nic.py --interp-dir /usr/aarch64-linux-gnu --redirects /lib=/usr/aarch64-linux-gnu/lib -c 'nat-tcp-v4;maglev;lpm' --cpu-type=DerivO3CPU --cpu-clock=2.4GHz --asic-clock=0.56GHz --cacheline_size=128 --caches --l2cache --l2_size=4MB --l2_assoc=16 --mem-size=128GB --mem-type=DDR3_1600_8x8 --mem-channels=2 --mem-ranks=2 --fast-forward=2000000000 --rel-max-tick=3000000000000

['nat-tcp-v4', 'maglev', 'lpm']
{'maglev': [1], 'lpm': [2], 'nat-tcp-v4': [0]} 3 3
Setting the interpreter path to: /usr/aarch64-linux-gnu 
For dynamically linked applications you might still need to setup the --redirects so that libraries are found

Global frequency set at 1000000000000 ticks per second
Switch at instruction count:2000000000
Receiving started
Receiving started
Receiving started
Receiving port Simulate queue
Running 1 pipelines
Running 1 pipelines
Running 1 pipelines
trying to open file /users/yangzhou/ictf2010.dat
trying to open file /users/yangzhou/ictf2010.dat
opening succeeds
opening succeeds
trying to open file /users/yangzhou/ictf2010.dat
opening succeeds
Generating permutations
Generating LUT
Done Generating LUT
maglev packets processed: 16384
nat-tcp-v4 packets processed: 16384
maglev packets processed: 32768
nat-tcp-v4 packets processed: 32768
maglev packets processed: 49152
maglev packets processed: 65536
nat-tcp-v4 packets processed: 49152
maglev packets processed: 81920
nat-tcp-v4 packets processed: 65536
maglev packets processed: 98304
maglev packets processed: 114688
nat-tcp-v4 packets processed: 81920
maglev packets processed: 131072
nat-tcp-v4 packets processed: 98304
maglev packets processed: 147456
maglev packets processed: 163840
nat-tcp-v4 packets processed: 114688
maglev packets processed: 180224
lpm packets processed: 16384
maglev packets processed: 196608
lpm packets processed: 32768
lpm packets processed: 49152
nat-tcp-v4 packets processed: 131072
maglev packets processed: 212992
lpm packets processed: 65536
nat-tcp-v4 packets processed: 147456
maglev packets processed: 229376
lpm packets processed: 81920
nat-tcp-v4 packets processed: 163840
lpm packets processed: 98304
maglev packets processed: 245760
lpm packets processed: 114688
nat-tcp-v4 packets processed: 180224
lpm packets processed: 131072
maglev packets processed: 262144
nat-tcp-v4 packets processed: 196608
lpm packets processed: 147456
maglev packets processed: 278528
nat-tcp-v4 packets processed: 212992
lpm packets processed: 163840
lpm packets processed: 180224
nat-tcp-v4 packets processed: 229376
maglev packets processed: 294912
lpm packets processed: 196608
nat-tcp-v4 packets processed: 245760
maglev packets processed: 311296
lpm packets processed: 212992
nat-tcp-v4 packets processed: 262144
lpm packets processed: 229376
maglev packets processed: 327680
nat-tcp-v4 packets processed: 278528
lpm packets processed: 245760
maglev packets processed: 344064
lpm packets processed: 262144
nat-tcp-v4 packets processed: 294912
lpm packets processed: 278528
nat-tcp-v4 packets processed: 311296
maglev packets processed: 360448
lpm packets processed: 294912
nat-tcp-v4 packets processed: 327680
maglev packets processed: 376832
lpm packets processed: 311296
nat-tcp-v4 packets processed: 344064
lpm packets processed: 327680
maglev packets processed: 393216
lpm packets processed: 344064
nat-tcp-v4 packets processed: 360448
lpm packets processed: 360448
maglev packets processed: 409600
nat-tcp-v4 packets processed: 376832
lpm packets processed: 376832
nat-tcp-v4 packets processed: 393216
maglev packets processed: 425984
lpm packets processed: 393216
nat-tcp-v4 packets processed: 409600
lpm packets processed: 409600
maglev packets processed: 442368
lpm packets processed: 425984
nat-tcp-v4 packets processed: 425984
maglev packets processed: 458752
lpm packets processed: 442368
nat-tcp-v4 packets processed: 442368
lpm packets processed: 458752
maglev packets processed: 475136
nat-tcp-v4 packets processed: 458752
lpm packets processed: 475136
maglev packets processed: 491520
nat-tcp-v4 packets processed: 475136
lpm packets processed: 491520
lpm packets processed: 507904
nat-tcp-v4 packets processed: 491520
maglev packets processed: 507904
lpm packets processed: 524288
nat-tcp-v4 packets processed: 507904
lpm packets processed: 540672
maglev packets processed: 524288
nat-tcp-v4 packets processed: 524288
lpm packets processed: 557056
maglev packets processed: 540672
nat-tcp-v4 packets processed: 540672
lpm packets processed: 573440
lpm packets processed: 589824
maglev packets processed: 557056
nat-tcp-v4 packets processed: 557056
lpm packets processed: 606208
nat-tcp-v4 packets processed: 573440
maglev packets processed: 573440
lpm packets processed: 622592
nat-tcp-v4 packets processed: 589824
lpm packets processed: 638976
maglev packets processed: 589824
lpm packets processed: 655360
nat-tcp-v4 packets processed: 606208
maglev packets processed: 606208
lpm packets processed: 671744
nat-tcp-v4 packets processed: 622592
lpm packets processed: 688128
maglev packets processed: 622592
nat-tcp-v4 packets processed: 638976
lpm packets processed: 704512
nat-tcp-v4 packets processed: 655360
maglev packets processed: 638976
lpm packets processed: 720896
lpm packets processed: 737280
nat-tcp-v4 packets processed: 671744
maglev packets processed: 655360
lpm packets processed: 753664
nat-tcp-v4 packets processed: 688128
lpm packets processed: 770048
maglev packets processed: 671744
nat-tcp-v4 packets processed: 704512
lpm packets processed: 786432
maglev packets processed: 688128
nat-tcp-v4 packets processed: 720896
lpm packets processed: 802816
lpm packets processed: 819200
nat-tcp-v4 packets processed: 737280
maglev packets processed: 704512
lpm packets processed: 835584
nat-tcp-v4 packets processed: 753664
maglev packets processed: 720896
lpm packets processed: 851968
nat-tcp-v4 packets processed: 770048
lpm packets processed: 868352
maglev packets processed: 737280
nat-tcp-v4 packets processed: 786432
lpm packets processed: 884736
maglev packets processed: 753664
lpm packets processed: 901120
nat-tcp-v4 packets processed: 802816
lpm packets processed: 917504
nat-tcp-v4 packets processed: 819200
maglev packets processed: 770048
lpm packets processed: 933888
nat-tcp-v4 packets processed: 835584
maglev packets processed: 786432
lpm packets processed: 950272
nat-tcp-v4 packets processed: 851968
lpm packets processed: 966656
maglev packets processed: 802816
lpm packets processed: 983040
nat-tcp-v4 packets processed: 868352
lpm packets processed: 999424
maglev packets processed: 819200
nat-tcp-v4 packets processed: 884736
lpm packets processed: 1015808
maglev packets processed: 835584
nat-tcp-v4 packets processed: 901120
lpm packets processed: 1032192
nat-tcp-v4 packets processed: 917504
lpm packets processed: 1048576
maglev packets processed: 851968
lpm packets processed: 1064960
nat-tcp-v4 packets processed: 933888
maglev packets processed: 868352
lpm packets processed: 1081344
nat-tcp-v4 packets processed: 950272
lpm packets processed: 1097728
maglev packets processed: 884736
nat-tcp-v4 packets processed: 966656
lpm packets processed: 1114112
maglev packets processed: 901120
nat-tcp-v4 packets processed: 983040
lpm packets processed: 1130496
lpm packets processed: 1146880
nat-tcp-v4 packets processed: 999424
maglev packets processed: 917504
lpm packets processed: 1163264
nat-tcp-v4 packets processed: 1015808
lpm packets processed: 1179648
maglev packets processed: 933888
nat-tcp-v4 packets processed: 1032192
lpm packets processed: 1196032
maglev packets processed: 950272
lpm packets processed: 1212416
nat-tcp-v4 packets processed: 1048576
lpm packets processed: 1228800
maglev packets processed: 966656
nat-tcp-v4 packets processed: 1064960
lpm packets processed: 1245184
nat-tcp-v4 packets processed: 1081344
maglev packets processed: 983040
lpm packets processed: 1261568
nat-tcp-v4 packets processed: 1097728
lpm packets processed: 1277952
maglev packets processed: 999424
lpm packets processed: 1294336
nat-tcp-v4 packets processed: 1114112
maglev packets processed: 1015808
lpm packets processed: 1310720
nat-tcp-v4 packets processed: 1130496
lpm packets processed: 1327104
maglev packets processed: 1032192
nat-tcp-v4 packets processed: 1146880
lpm packets processed: 1343488
nat-tcp-v4 packets processed: 1163264
maglev packets processed: 1048576
lpm packets processed: 1359872
lpm packets processed: 1376256
nat-tcp-v4 packets processed: 1179648
maglev packets processed: 1064960
lpm packets processed: 1392640
nat-tcp-v4 packets processed: 1196032
lpm packets processed: 1409024
maglev packets processed: 1081344
nat-tcp-v4 packets processed: 1212416
lpm packets processed: 1425408
maglev packets processed: 1097728
nat-tcp-v4 packets processed: 1228800
lpm packets processed: 1441792
lpm packets processed: 1458176
nat-tcp-v4 packets processed: 1245184
maglev packets processed: 1114112
lpm packets processed: 1474560
nat-tcp-v4 packets processed: 1261568
maglev packets processed: 1130496
lpm packets processed: 1490944
nat-tcp-v4 packets processed: 1277952
lpm packets processed: 1507328
maglev packets processed: 1146880
nat-tcp-v4 packets processed: 1294336
lpm packets processed: 1523712
maglev packets processed: 1163264
lpm packets processed: 1540096
nat-tcp-v4 packets processed: 1310720
lpm packets processed: 1556480
nat-tcp-v4 packets processed: 1327104
maglev packets processed: 1179648
lpm packets processed: 1572864
nat-tcp-v4 packets processed: 1343488
lpm packets processed: 1589248
maglev packets processed: 1196032
nat-tcp-v4 packets processed: 1359872
lpm packets processed: 1605632
maglev packets processed: 1212416
lpm packets processed: 1622016
nat-tcp-v4 packets processed: 1376256
lpm packets processed: 1638400
maglev packets processed: 1228800
nat-tcp-v4 packets processed: 1392640
lpm packets processed: 1654784
maglev packets processed: 1245184
nat-tcp-v4 packets processed: 1409024
lpm packets processed: 1671168
lpm packets processed: 1687552
nat-tcp-v4 packets processed: 1425408
maglev packets processed: 1261568
lpm packets processed: 1703936
nat-tcp-v4 packets processed: 1441792
maglev packets processed: 1277952
lpm packets processed: 1720320
nat-tcp-v4 packets processed: 1458176
lpm packets processed: 1736704
maglev packets processed: 1294336
nat-tcp-v4 packets processed: 1474560
lpm packets processed: 1753088
maglev packets processed: 1310720
lpm packets processed: 1769472
nat-tcp-v4 packets processed: 1490944
lpm packets processed: 1785856
nat-tcp-v4 packets processed: 1507328
maglev packets processed: 1327104
lpm packets processed: 1802240
nat-tcp-v4 packets processed: 1523712
lpm packets processed: 1818624
maglev packets processed: 1343488
nat-tcp-v4 packets processed: 1540096
lpm packets processed: 1835008
maglev packets processed: 1359872
lpm packets processed: 1851392
nat-tcp-v4 packets processed: 1556480
lpm packets processed: 1867776
maglev packets processed: 1376256
nat-tcp-v4 packets processed: 1572864
lpm packets processed: 1884160
nat-tcp-v4 packets processed: 1589248
maglev packets processed: 1392640
lpm packets processed: 1900544
nat-tcp-v4 packets processed: 1605632
lpm packets processed: 1916928
maglev packets processed: 1409024
lpm packets processed: 1933312
nat-tcp-v4 packets processed: 1622016
maglev packets processed: 1425408
lpm packets processed: 1949696
nat-tcp-v4 packets processed: 1638400
lpm packets processed: 1966080
maglev packets processed: 1441792
nat-tcp-v4 packets processed: 1654784
lpm packets processed: 1982464
nat-tcp-v4 packets processed: 1671168
lpm packets processed: 1998848
maglev packets processed: 1458176
lpm packets processed: 2015232
nat-tcp-v4 packets processed: 1687552
maglev packets processed: 1474560
lpm packets processed: 2031616
nat-tcp-v4 packets processed: 1703936
lpm packets processed: 2048000
maglev packets processed: 1490944
nat-tcp-v4 packets processed: 1720320
lpm packets processed: 2064384
maglev packets processed: 1507328
nat-tcp-v4 packets processed: 1736704
lpm packets processed: 2080768
lpm packets processed: 2097152
nat-tcp-v4 packets processed: 1753088
maglev packets processed: 1523712
lpm packets processed: 2113536
nat-tcp-v4 packets processed: 1769472
maglev packets processed: 1540096
lpm packets processed: 2129920
nat-tcp-v4 packets processed: 1785856
lpm packets processed: 2146304
maglev packets processed: 1556480
lpm packets processed: 2162688
nat-tcp-v4 packets processed: 1802240
maglev packets processed: 1572864
lpm packets processed: 2179072
nat-tcp-v4 packets processed: 1818624
lpm packets processed: 2195456
maglev packets processed: 1589248
nat-tcp-v4 packets processed: 1835008
lpm packets processed: 2211840
nat-tcp-v4 packets processed: 1851392
lpm packets processed: 2228224
maglev packets processed: 1605632
lpm packets processed: 2244608
nat-tcp-v4 packets processed: 1867776
maglev packets processed: 1622016
lpm packets processed: 2260992
nat-tcp-v4 packets processed: 1884160
lpm packets processed: 2277376
maglev packets processed: 1638400
nat-tcp-v4 packets processed: 1900544
lpm packets processed: 2293760
maglev packets processed: 1654784
nat-tcp-v4 packets processed: 1916928
lpm packets processed: 2310144
lpm packets processed: 2326528
nat-tcp-v4 packets processed: 1933312
maglev packets processed: 1671168
lpm packets processed: 2342912
nat-tcp-v4 packets processed: 1949696
maglev packets processed: 1687552
lpm packets processed: 2359296
nat-tcp-v4 packets processed: 1966080
lpm packets processed: 2375680
maglev packets processed: 1703936
nat-tcp-v4 packets processed: 1982464
lpm packets processed: 2392064
maglev packets processed: 1720320
lpm packets processed: 2408448
nat-tcp-v4 packets processed: 1998848
lpm packets processed: 2424832
nat-tcp-v4 packets processed: 2015232
maglev packets processed: 1736704
lpm packets processed: 2441216
nat-tcp-v4 packets processed: 2031616
lpm packets processed: 2457600
maglev packets processed: 1753088
nat-tcp-v4 packets processed: 2048000
lpm packets processed: 2473984
maglev packets processed: 1769472
lpm packets processed: 2490368
nat-tcp-v4 packets processed: 2064384
lpm packets processed: 2506752
maglev packets processed: 1785856
nat-tcp-v4 packets processed: 2080768
lpm packets processed: 2523136
nat-tcp-v4 packets processed: 2097152
maglev packets processed: 1802240
lpm packets processed: 2539520
nat-tcp-v4 packets processed: 2113536
lpm packets processed: 2555904
maglev packets processed: 1818624
lpm packets processed: 2572288
nat-tcp-v4 packets processed: 2129920
maglev packets processed: 1835008
lpm packets processed: 2588672
nat-tcp-v4 packets processed: 2146304
lpm packets processed: 2605056
maglev packets processed: 1851392
nat-tcp-v4 packets processed: 2162688
lpm packets processed: 2621440
nat-tcp-v4 packets processed: 2179072
lpm packets processed: 2637824
maglev packets processed: 1867776
lpm packets processed: 2654208
nat-tcp-v4 packets processed: 2195456
maglev packets processed: 1884160
lpm packets processed: 2670592
nat-tcp-v4 packets processed: 2211840
lpm packets processed: 2686976
maglev packets processed: 1900544
nat-tcp-v4 packets processed: 2228224
lpm packets processed: 2703360
maglev packets processed: 1916928
lpm packets processed: 2719744
nat-tcp-v4 packets processed: 2244608
lpm packets processed: 2736128
maglev packets processed: 1933312
nat-tcp-v4 packets processed: 2260992
lpm packets processed: 2752512
nat-tcp-v4 packets processed: 2277376
maglev packets processed: 1949696
lpm packets processed: 2768896
nat-tcp-v4 packets processed: 2293760
lpm packets processed: 2785280
maglev packets processed: 1966080
lpm packets processed: 2801664
nat-tcp-v4 packets processed: 2310144
maglev packets processed: 1982464
lpm packets processed: 2818048
nat-tcp-v4 packets processed: 2326528
lpm packets processed: 2834432
maglev packets processed: 1998848
nat-tcp-v4 packets processed: 2342912
Switched CPUS @ tick 939548333253
switching cpus
**** REAL SIMULATION ****
lpm packets processed: 2850816
nat-tcp-v4 packets processed: 2359296
lpm packets processed: 2867200
maglev packets processed: 2015232
lpm packets processed: 2883584
nat-tcp-v4 packets processed: 2375680
lpm packets processed: 2899968
maglev packets processed: 2031616
nat-tcp-v4 packets processed: 2392064
lpm packets processed: 2916352
nat-tcp-v4 packets processed: 2408448
maglev packets processed: 2048000
lpm packets processed: 2932736
lpm packets processed: 2949120
nat-tcp-v4 packets processed: 2424832
maglev packets processed: 2064384
lpm packets processed: 2965504
nat-tcp-v4 packets processed: 2441216
lpm packets processed: 2981888
maglev packets processed: 2080768
nat-tcp-v4 packets processed: 2457600
lpm packets processed: 2998272
nat-tcp-v4 packets processed: 2473984
lpm packets processed: 3014656
maglev packets processed: 2097152
lpm packets processed: 3031040
nat-tcp-v4 packets processed: 2490368
maglev packets processed: 2113536
lpm packets processed: 3047424
nat-tcp-v4 packets processed: 2506752
lpm packets processed: 3063808
maglev packets processed: 2129920
nat-tcp-v4 packets processed: 2523136
lpm packets processed: 3080192
lpm packets processed: 3096576
nat-tcp-v4 packets processed: 2539520
maglev packets processed: 2146304
lpm packets processed: 3112960
nat-tcp-v4 packets processed: 2555904
lpm packets processed: 3129344
maglev packets processed: 2162688
nat-tcp-v4 packets processed: 2572288
lpm packets processed: 3145728
nat-tcp-v4 packets processed: 2588672
maglev packets processed: 2179072
lpm packets processed: 3162112
lpm packets processed: 3178496
nat-tcp-v4 packets processed: 2605056
maglev packets processed: 2195456
lpm packets processed: 3194880
nat-tcp-v4 packets processed: 2621440
lpm packets processed: 3211264
maglev packets processed: 2211840
nat-tcp-v4 packets processed: 2637824
lpm packets processed: 3227648
lpm packets processed: 3244032
nat-tcp-v4 packets processed: 2654208
maglev packets processed: 2228224
lpm packets processed: 3260416
nat-tcp-v4 packets processed: 2670592
lpm packets processed: 3276800
maglev packets processed: 2244608
nat-tcp-v4 packets processed: 2686976
lpm packets processed: 3293184
maglev packets processed: 2260992
nat-tcp-v4 packets processed: 2703360
lpm packets processed: 3309568
lpm packets processed: 3325952
nat-tcp-v4 packets processed: 2719744
maglev packets processed: 2277376
lpm packets processed: 3342336
nat-tcp-v4 packets processed: 2736128
lpm packets processed: 3358720
maglev packets processed: 2293760
nat-tcp-v4 packets processed: 2752512
lpm packets processed: 3375104
nat-tcp-v4 packets processed: 2768896
lpm packets processed: 3391488
maglev packets processed: 2310144
lpm packets processed: 3407872
nat-tcp-v4 packets processed: 2785280
maglev packets processed: 2326528
lpm packets processed: 3424256
nat-tcp-v4 packets processed: 2801664
lpm packets processed: 3440640
maglev packets processed: 2342912
nat-tcp-v4 packets processed: 2818048
lpm packets processed: 3457024
lpm packets processed: 3473408
nat-tcp-v4 packets processed: 2834432
maglev packets processed: 2359296
lpm packets processed: 3489792
nat-tcp-v4 packets processed: 2850816
lpm packets processed: 3506176
maglev packets processed: 2375680
nat-tcp-v4 packets processed: 2867200
lpm packets processed: 3522560
nat-tcp-v4 packets processed: 2883584
maglev packets processed: 2392064
lpm packets processed: 3538944
lpm packets processed: 3555328
nat-tcp-v4 packets processed: 2899968
maglev packets processed: 2408448
lpm packets processed: 3571712
nat-tcp-v4 packets processed: 2916352
lpm packets processed: 3588096
maglev packets processed: 2424832
nat-tcp-v4 packets processed: 2932736
lpm packets processed: 3604480
lpm packets processed: 3620864
nat-tcp-v4 packets processed: 2949120
maglev packets processed: 2441216
lpm packets processed: 3637248
nat-tcp-v4 packets processed: 2965504
lpm packets processed: 3653632
maglev packets processed: 2457600
nat-tcp-v4 packets processed: 2981888
lpm packets processed: 3670016
maglev packets processed: 2473984
nat-tcp-v4 packets processed: 2998272
lpm packets processed: 3686400
lpm packets processed: 3702784
nat-tcp-v4 packets processed: 3014656
maglev packets processed: 2490368
lpm packets processed: 3719168
nat-tcp-v4 packets processed: 3031040
lpm packets processed: 3735552
maglev packets processed: 2506752
nat-tcp-v4 packets processed: 3047424
lpm packets processed: 3751936
lpm packets processed: 3768320
nat-tcp-v4 packets processed: 3063808
maglev packets processed: 2523136
lpm packets processed: 3784704
nat-tcp-v4 packets processed: 3080192
maglev packets processed: 2539520
lpm packets processed: 3801088
nat-tcp-v4 packets processed: 3096576
lpm packets processed: 3817472
maglev packets processed: 2555904
nat-tcp-v4 packets processed: 3112960
lpm packets processed: 3833856
lpm packets processed: 3850240
nat-tcp-v4 packets processed: 3129344
maglev packets processed: 2572288
lpm packets processed: 3866624
nat-tcp-v4 packets processed: 3145728
lpm packets processed: 3883008
maglev packets processed: 2588672
nat-tcp-v4 packets processed: 3162112
lpm packets processed: 3899392
maglev packets processed: 2605056
lpm packets processed: 3915776
nat-tcp-v4 packets processed: 3178496
lpm packets processed: 3932160
nat-tcp-v4 packets processed: 3194880
maglev packets processed: 2621440
lpm packets processed: 3948544
nat-tcp-v4 packets processed: 3211264
lpm packets processed: 3964928
maglev packets processed: 2637824
nat-tcp-v4 packets processed: 3227648
lpm packets processed: 3981312
lpm packets processed: 3997696
nat-tcp-v4 packets processed: 3244032
maglev packets processed: 2654208
lpm packets processed: 4014080
nat-tcp-v4 packets processed: 3260416
lpm packets processed: 4030464
maglev packets processed: 2670592
nat-tcp-v4 packets processed: 3276800
lpm packets processed: 4046848
maglev packets processed: 2686976
lpm packets processed: 4063232
nat-tcp-v4 packets processed: 3293184
lpm packets processed: 4079616
nat-tcp-v4 packets processed: 3309568
maglev packets processed: 2703360
lpm packets processed: 4096000
nat-tcp-v4 packets processed: 3325952
lpm packets processed: 4112384
maglev packets processed: 2719744
nat-tcp-v4 packets processed: 3342336
lpm packets processed: 4128768
lpm packets processed: 4145152
maglev packets processed: 2736128
nat-tcp-v4 packets processed: 3358720
lpm packets processed: 4161536
nat-tcp-v4 packets processed: 3375104
maglev packets processed: 2752512
lpm packets processed: 4177920
nat-tcp-v4 packets processed: 3391488
lpm packets processed: 4194304
maglev packets processed: 2768896
lpm packets processed: 4210688
nat-tcp-v4 packets processed: 3407872
lpm packets processed: 4227072
nat-tcp-v4 packets processed: 3424256
maglev packets processed: 2785280
lpm packets processed: 4243456
nat-tcp-v4 packets processed: 3440640
lpm packets processed: 4259840
maglev packets processed: 2801664
nat-tcp-v4 packets processed: 3457024
lpm packets processed: 4276224
maglev packets processed: 2818048
lpm packets processed: 4292608
nat-tcp-v4 packets processed: 3473408
lpm packets processed: 4308992
nat-tcp-v4 packets processed: 3489792
maglev packets processed: 2834432
lpm packets processed: 4325376
nat-tcp-v4 packets processed: 3506176
lpm packets processed: 4341760
maglev packets processed: 2850816
lpm packets processed: 4358144
nat-tcp-v4 packets processed: 3522560
lpm packets processed: 4374528
maglev packets processed: 2867200
nat-tcp-v4 packets processed: 3538944
lpm packets processed: 4390912
nat-tcp-v4 packets processed: 3555328
lpm packets processed: 4407296
maglev packets processed: 2883584
nat-tcp-v4 packets processed: 3571712
lpm packets processed: 4423680
maglev packets processed: 2899968
lpm packets processed: 4440064
nat-tcp-v4 packets processed: 3588096
lpm packets processed: 4456448
nat-tcp-v4 packets processed: 3604480
maglev packets processed: 2916352
lpm packets processed: 4472832
nat-tcp-v4 packets processed: 3620864
lpm packets processed: 4489216
maglev packets processed: 2932736
lpm packets processed: 4505600
nat-tcp-v4 packets processed: 3637248
lpm packets processed: 4521984
maglev packets processed: 2949120
nat-tcp-v4 packets processed: 3653632
lpm packets processed: 4538368
nat-tcp-v4 packets processed: 3670016
maglev packets processed: 2965504
lpm packets processed: 4554752
nat-tcp-v4 packets processed: 3686400
lpm packets processed: 4571136
maglev packets processed: 2981888
lpm packets processed: 4587520
nat-tcp-v4 packets processed: 3702784
lpm packets processed: 4603904
maglev packets processed: 2998272
nat-tcp-v4 packets processed: 3719168
lpm packets processed: 4620288
nat-tcp-v4 packets processed: 3735552
lpm packets processed: 4636672
maglev packets processed: 3014656
lpm packets processed: 4653056
nat-tcp-v4 packets processed: 3751936
maglev packets processed: 3031040
lpm packets processed: 4669440
nat-tcp-v4 packets processed: 3768320
lpm packets processed: 4685824
nat-tcp-v4 packets processed: 3784704
maglev packets processed: 3047424
lpm packets processed: 4702208
nat-tcp-v4 packets processed: 3801088
lpm packets processed: 4718592
maglev packets processed: 3063808
lpm packets processed: 4734976
nat-tcp-v4 packets processed: 3817472
lpm packets processed: 4751360
maglev packets processed: 3080192
nat-tcp-v4 packets processed: 3833856
lpm packets processed: 4767744
nat-tcp-v4 packets processed: 3850240
lpm packets processed: 4784128
maglev packets processed: 3096576
lpm packets processed: 4800512
nat-tcp-v4 packets processed: 3866624
maglev packets processed: 3112960
lpm packets processed: 4816896
nat-tcp-v4 packets processed: 3883008
lpm packets processed: 4833280
maglev packets processed: 3129344
nat-tcp-v4 packets processed: 3899392
lpm packets processed: 4849664
nat-tcp-v4 packets processed: 3915776
lpm packets processed: 4866048
maglev packets processed: 3145728
lpm packets processed: 4882432
nat-tcp-v4 packets processed: 3932160
lpm packets processed: 4898816
maglev packets processed: 3162112
nat-tcp-v4 packets processed: 3948544
lpm packets processed: 4915200
nat-tcp-v4 packets processed: 3964928
maglev packets processed: 3178496
lpm packets processed: 4931584
lpm packets processed: 4947968
nat-tcp-v4 packets processed: 3981312
maglev packets processed: 3194880
lpm packets processed: 4964352
nat-tcp-v4 packets processed: 3997696
lpm packets processed: 4980736
maglev packets processed: 3211264
nat-tcp-v4 packets processed: 4014080
lpm packets processed: 4997120
nat-tcp-v4 packets processed: 4030464
lpm packets processed: 5013504
maglev packets processed: 3227648
lpm packets processed: 5029888
nat-tcp-v4 packets processed: 4046848
lpm packets processed: 5046272
maglev packets processed: 3244032
nat-tcp-v4 packets processed: 4063232
lpm packets processed: 5062656
nat-tcp-v4 packets processed: 4079616
maglev packets processed: 3260416
lpm packets processed: 5079040
lpm packets processed: 5095424
nat-tcp-v4 packets processed: 4096000
maglev packets processed: 3276800
lpm packets processed: 5111808
nat-tcp-v4 packets processed: 4112384
lpm packets processed: 5128192
maglev packets processed: 3293184
nat-tcp-v4 packets processed: 4128768
lpm packets processed: 5144576
nat-tcp-v4 packets processed: 4145152
lpm packets processed: 5160960
maglev packets processed: 3309568
lpm packets processed: 5177344
nat-tcp-v4 packets processed: 4161536
maglev packets processed: 3325952
lpm packets processed: 5193728
nat-tcp-v4 packets processed: 4177920
lpm packets processed: 5210112
maglev packets processed: 3342336
nat-tcp-v4 packets processed: 4194304
lpm packets processed: 5226496
lpm packets processed: 5242880
nat-tcp-v4 packets processed: 4210688
maglev packets processed: 3358720
lpm packets processed: 5259264
nat-tcp-v4 packets processed: 4227072
lpm packets processed: 5275648
maglev packets processed: 3375104
nat-tcp-v4 packets processed: 4243456
lpm packets processed: 5292032
nat-tcp-v4 packets processed: 4259840
maglev packets processed: 3391488
lpm packets processed: 5308416
lpm packets processed: 5324800
nat-tcp-v4 packets processed: 4276224
maglev packets processed: 3407872
lpm packets processed: 5341184
nat-tcp-v4 packets processed: 4292608
lpm packets processed: 5357568
maglev packets processed: 3424256
nat-tcp-v4 packets processed: 4308992
lpm packets processed: 5373952
lpm packets processed: 5390336
nat-tcp-v4 packets processed: 4325376
maglev packets processed: 3440640
lpm packets processed: 5406720
nat-tcp-v4 packets processed: 4341760
lpm packets processed: 5423104
maglev packets processed: 3457024
nat-tcp-v4 packets processed: 4358144
lpm packets processed: 5439488
maglev packets processed: 3473408
nat-tcp-v4 packets processed: 4374528
lpm packets processed: 5455872
lpm packets processed: 5472256
nat-tcp-v4 packets processed: 4390912
maglev packets processed: 3489792
lpm packets processed: 5488640
nat-tcp-v4 packets processed: 4407296
lpm packets processed: 5505024
maglev packets processed: 3506176
nat-tcp-v4 packets processed: 4423680
lpm packets processed: 5521408
lpm packets processed: 5537792
nat-tcp-v4 packets processed: 4440064
maglev packets processed: 3522560
lpm packets processed: 5554176
nat-tcp-v4 packets processed: 4456448
maglev packets processed: 3538944
lpm packets processed: 5570560
nat-tcp-v4 packets processed: 4472832
lpm packets processed: 5586944
maglev packets processed: 3555328
nat-tcp-v4 packets processed: 4489216
lpm packets processed: 5603328
lpm packets processed: 5619712
nat-tcp-v4 packets processed: 4505600
maglev packets processed: 3571712
lpm packets processed: 5636096
nat-tcp-v4 packets processed: 4521984
lpm packets processed: 5652480
maglev packets processed: 3588096
nat-tcp-v4 packets processed: 4538368
lpm packets processed: 5668864
maglev packets processed: 3604480
nat-tcp-v4 packets processed: 4554752
lpm packets processed: 5685248
lpm packets processed: 5701632
nat-tcp-v4 packets processed: 4571136
maglev packets processed: 3620864
lpm packets processed: 5718016
nat-tcp-v4 packets processed: 4587520
lpm packets processed: 5734400
maglev packets processed: 3637248
nat-tcp-v4 packets processed: 4603904
lpm packets processed: 5750784
lpm packets processed: 5767168
nat-tcp-v4 packets processed: 4620288
maglev packets processed: 3653632
lpm packets processed: 5783552
nat-tcp-v4 packets processed: 4636672
lpm packets processed: 5799936
maglev packets processed: 3670016
nat-tcp-v4 packets processed: 4653056
lpm packets processed: 5816320
maglev packets processed: 3686400
nat-tcp-v4 packets processed: 4669440
lpm packets processed: 5832704
lpm packets processed: 5849088
nat-tcp-v4 packets processed: 4685824
maglev packets processed: 3702784
lpm packets processed: 5865472
nat-tcp-v4 packets processed: 4702208
lpm packets processed: 5881856
maglev packets processed: 3719168
nat-tcp-v4 packets processed: 4718592
lpm packets processed: 5898240
lpm packets processed: 5914624
maglev packets processed: 3735552
nat-tcp-v4 packets processed: 4734976
lpm packets processed: 5931008
nat-tcp-v4 packets processed: 4751360
maglev packets processed: 3751936
lpm packets processed: 5947392
nat-tcp-v4 packets processed: 4767744
lpm packets processed: 5963776
maglev packets processed: 3768320
nat-tcp-v4 packets processed: 4784128
lpm packets processed: 5980160
lpm packets processed: 5996544
nat-tcp-v4 packets processed: 4800512
maglev packets processed: 3784704
lpm packets processed: 6012928
nat-tcp-v4 packets processed: 4816896
lpm packets processed: 6029312
maglev packets processed: 3801088
nat-tcp-v4 packets processed: 4833280
lpm packets processed: 6045696
maglev packets processed: 3817472
lpm packets processed: 6062080
nat-tcp-v4 packets processed: 4849664
lpm packets processed: 6078464
nat-tcp-v4 packets processed: 4866048
maglev packets processed: 3833856
lpm packets processed: 6094848
nat-tcp-v4 packets processed: 4882432
lpm packets processed: 6111232
maglev packets processed: 3850240
nat-tcp-v4 packets processed: 4898816
lpm packets processed: 6127616
lpm packets processed: 6144000
maglev packets processed: 3866624
nat-tcp-v4 packets processed: 4915200
lpm packets processed: 6160384
nat-tcp-v4 packets processed: 4931584
lpm packets processed: 6176768
maglev packets processed: 3883008
nat-tcp-v4 packets processed: 4947968
lpm packets processed: 6193152
maglev packets processed: 3899392
lpm packets processed: 6209536
nat-tcp-v4 packets processed: 4964352
lpm packets processed: 6225920
nat-tcp-v4 packets processed: 4980736
maglev packets processed: 3915776
lpm packets processed: 6242304
nat-tcp-v4 packets processed: 4997120
lpm packets processed: 6258688
maglev packets processed: 3932160
nat-tcp-v4 packets processed: 5013504
lpm packets processed: 6275072
lpm packets processed: 6291456
maglev packets processed: 3948544
nat-tcp-v4 packets processed: 5029888
lpm packets processed: 6307840
nat-tcp-v4 packets processed: 5046272
maglev packets processed: 3964928
lpm packets processed: 6324224
nat-tcp-v4 packets processed: 5062656
lpm packets processed: 6340608
maglev packets processed: 3981312
lpm packets processed: 6356992
nat-tcp-v4 packets processed: 5079040
lpm packets processed: 6373376
nat-tcp-v4 packets processed: 5095424
maglev packets processed: 3997696
lpm packets processed: 6389760
nat-tcp-v4 packets processed: 5111808
lpm packets processed: 6406144
maglev packets processed: 4014080
nat-tcp-v4 packets processed: 5128192
lpm packets processed: 6422528
maglev packets processed: 4030464
lpm packets processed: 6438912
nat-tcp-v4 packets processed: 5144576
lpm packets processed: 6455296
nat-tcp-v4 packets processed: 5160960
maglev packets processed: 4046848
lpm packets processed: 6471680
nat-tcp-v4 packets processed: 5177344
lpm packets processed: 6488064
maglev packets processed: 4063232
lpm packets processed: 6504448
nat-tcp-v4 packets processed: 5193728
lpm packets processed: 6520832
maglev packets processed: 4079616
nat-tcp-v4 packets processed: 5210112
lpm packets processed: 6537216
nat-tcp-v4 packets processed: 5226496
lpm packets processed: 6553600
maglev packets processed: 4096000
nat-tcp-v4 packets processed: 5242880
lpm packets processed: 6569984
maglev packets processed: 4112384
lpm packets processed: 6586368
nat-tcp-v4 packets processed: 5259264
lpm packets processed: 6602752
nat-tcp-v4 packets processed: 5275648
maglev packets processed: 4128768
lpm packets processed: 6619136
nat-tcp-v4 packets processed: 5292032
lpm packets processed: 6635520
maglev packets processed: 4145152
lpm packets processed: 6651904
nat-tcp-v4 packets processed: 5308416
lpm packets processed: 6668288
maglev packets processed: 4161536
nat-tcp-v4 packets processed: 5324800
lpm packets processed: 6684672
nat-tcp-v4 packets processed: 5341184
maglev packets processed: 4177920
lpm packets processed: 6701056
nat-tcp-v4 packets processed: 5357568
lpm packets processed: 6717440
maglev packets processed: 4194304
lpm packets processed: 6733824
nat-tcp-v4 packets processed: 5373952
lpm packets processed: 6750208
maglev packets processed: 4210688
nat-tcp-v4 packets processed: 5390336
lpm packets processed: 6766592
nat-tcp-v4 packets processed: 5406720
lpm packets processed: 6782976
maglev packets processed: 4227072
lpm packets processed: 6799360
nat-tcp-v4 packets processed: 5423104
maglev packets processed: 4243456
lpm packets processed: 6815744
nat-tcp-v4 packets processed: 5439488
lpm packets processed: 6832128
nat-tcp-v4 packets processed: 5455872
maglev packets processed: 4259840
lpm packets processed: 6848512
nat-tcp-v4 packets processed: 5472256
lpm packets processed: 6864896
maglev packets processed: 4276224
lpm packets processed: 6881280
nat-tcp-v4 packets processed: 5488640
lpm packets processed: 6897664
maglev packets processed: 4292608
nat-tcp-v4 packets processed: 5505024
lpm packets processed: 6914048
nat-tcp-v4 packets processed: 5521408
lpm packets processed: 6930432
maglev packets processed: 4308992
lpm packets processed: 6946816
nat-tcp-v4 packets processed: 5537792
maglev packets processed: 4325376
lpm packets processed: 6963200
nat-tcp-v4 packets processed: 5554176
lpm packets processed: 6979584
maglev packets processed: 4341760
nat-tcp-v4 packets processed: 5570560
lpm packets processed: 6995968
nat-tcp-v4 packets processed: 5586944
lpm packets processed: 7012352
maglev packets processed: 4358144
lpm packets processed: 7028736
nat-tcp-v4 packets processed: 5603328
lpm packets processed: 7045120
maglev packets processed: 4374528
nat-tcp-v4 packets processed: 5619712
lpm packets processed: 7061504
nat-tcp-v4 packets processed: 5636096
maglev packets processed: 4390912
lpm packets processed: 7077888
lpm packets processed: 7094272
nat-tcp-v4 packets processed: 5652480
maglev packets processed: 4407296
lpm packets processed: 7110656
nat-tcp-v4 packets processed: 5668864
lpm packets processed: 7127040
maglev packets processed: 4423680
nat-tcp-v4 packets processed: 5685248
lpm packets processed: 7143424
nat-tcp-v4 packets processed: 5701632
lpm packets processed: 7159808
maglev packets processed: 4440064
lpm packets processed: 7176192
nat-tcp-v4 packets processed: 5718016
maglev packets processed: 4456448
lpm packets processed: 7192576
nat-tcp-v4 packets processed: 5734400
lpm packets processed: 7208960
maglev packets processed: 4472832
nat-tcp-v4 packets processed: 5750784
lpm packets processed: 7225344
lpm packets processed: 7241728
nat-tcp-v4 packets processed: 5767168
maglev packets processed: 4489216
lpm packets processed: 7258112
nat-tcp-v4 packets processed: 5783552
lpm packets processed: 7274496
maglev packets processed: 4505600
nat-tcp-v4 packets processed: 5799936
lpm packets processed: 7290880
nat-tcp-v4 packets processed: 5816320
lpm packets processed: 7307264
maglev packets processed: 4521984
lpm packets processed: 7323648
nat-tcp-v4 packets processed: 5832704
maglev packets processed: 4538368
lpm packets processed: 7340032
nat-tcp-v4 packets processed: 5849088
lpm packets processed: 7356416
maglev packets processed: 4554752
nat-tcp-v4 packets processed: 5865472
lpm packets processed: 7372800
lpm packets processed: 7389184
nat-tcp-v4 packets processed: 5881856
maglev packets processed: 4571136
lpm packets processed: 7405568
nat-tcp-v4 packets processed: 5898240
lpm packets processed: 7421952
maglev packets processed: 4587520
nat-tcp-v4 packets processed: 5914624
lpm packets processed: 7438336
maglev packets processed: 4603904
nat-tcp-v4 packets processed: 5931008
lpm packets processed: 7454720
lpm packets processed: 7471104
nat-tcp-v4 packets processed: 5947392
maglev packets processed: 4620288
lpm packets processed: 7487488
nat-tcp-v4 packets processed: 5963776
lpm packets processed: 7503872
maglev packets processed: 4636672
nat-tcp-v4 packets processed: 5980160
lpm packets processed: 7520256
lpm packets processed: 7536640
nat-tcp-v4 packets processed: 5996544
maglev packets processed: 4653056
lpm packets processed: 7553024
nat-tcp-v4 packets processed: 6012928
maglev packets processed: 4669440
lpm packets processed: 7569408
nat-tcp-v4 packets processed: 6029312
lpm packets processed: 7585792
maglev packets processed: 4685824
nat-tcp-v4 packets processed: 6045696
lpm packets processed: 7602176
lpm packets processed: 7618560
nat-tcp-v4 packets processed: 6062080
maglev packets processed: 4702208
lpm packets processed: 7634944
nat-tcp-v4 packets processed: 6078464
lpm packets processed: 7651328
maglev packets processed: 4718592
nat-tcp-v4 packets processed: 6094848
lpm packets processed: 7667712
lpm packets processed: 7684096
nat-tcp-v4 packets processed: 6111232
maglev packets processed: 4734976
lpm packets processed: 7700480
nat-tcp-v4 packets processed: 6127616
maglev packets processed: 4751360
lpm packets processed: 7716864
nat-tcp-v4 packets processed: 6144000
lpm packets processed: 7733248
maglev packets processed: 4767744
nat-tcp-v4 packets processed: 6160384
lpm packets processed: 7749632
lpm packets processed: 7766016
nat-tcp-v4 packets processed: 6176768
maglev packets processed: 4784128
lpm packets processed: 7782400
nat-tcp-v4 packets processed: 6193152
lpm packets processed: 7798784
maglev packets processed: 4800512
nat-tcp-v4 packets processed: 6209536
lpm packets processed: 7815168
maglev packets processed: 4816896
nat-tcp-v4 packets processed: 6225920
lpm packets processed: 7831552
lpm packets processed: 7847936
nat-tcp-v4 packets processed: 6242304
maglev packets processed: 4833280
lpm packets processed: 7864320
nat-tcp-v4 packets processed: 6258688
lpm packets processed: 7880704
maglev packets processed: 4849664
nat-tcp-v4 packets processed: 6275072
lpm packets processed: 7897088
lpm packets processed: 7913472
nat-tcp-v4 packets processed: 6291456
maglev packets processed: 4866048
lpm packets processed: 7929856
nat-tcp-v4 packets processed: 6307840
maglev packets processed: 4882432
lpm packets processed: 7946240
nat-tcp-v4 packets processed: 6324224
lpm packets processed: 7962624
maglev packets processed: 4898816
nat-tcp-v4 packets processed: 6340608
lpm packets processed: 7979008
lpm packets processed: 7995392
nat-tcp-v4 packets processed: 6356992
maglev packets processed: 4915200
lpm packets processed: 8011776
nat-tcp-v4 packets processed: 6373376
lpm packets processed: 8028160
maglev packets processed: 4931584
nat-tcp-v4 packets processed: 6389760
lpm packets processed: 8044544
lpm packets processed: 8060928
maglev packets processed: 4947968
nat-tcp-v4 packets processed: 6406144
lpm packets processed: 8077312
nat-tcp-v4 packets processed: 6422528
maglev packets processed: 4964352
lpm packets processed: 8093696
nat-tcp-v4 packets processed: 6438912
lpm packets processed: 8110080
maglev packets processed: 4980736
nat-tcp-v4 packets processed: 6455296
lpm packets processed: 8126464
lpm packets processed: 8142848
nat-tcp-v4 packets processed: 6471680
maglev packets processed: 4997120
lpm packets processed: 8159232
nat-tcp-v4 packets processed: 6488064
lpm packets processed: 8175616
maglev packets processed: 5013504
nat-tcp-v4 packets processed: 6504448
lpm packets processed: 8192000
maglev packets processed: 5029888
lpm packets processed: 8208384
nat-tcp-v4 packets processed: 6520832
lpm packets processed: 8224768
nat-tcp-v4 packets processed: 6537216
maglev packets processed: 5046272
lpm packets processed: 8241152
nat-tcp-v4 packets processed: 6553600
lpm packets processed: 8257536
maglev packets processed: 5062656
nat-tcp-v4 packets processed: 6569984
lpm packets processed: 8273920
lpm packets processed: 8290304
maglev packets processed: 5079040
nat-tcp-v4 packets processed: 6586368
lpm packets processed: 8306688
nat-tcp-v4 packets processed: 6602752
maglev packets processed: 5095424
lpm packets processed: 8323072
nat-tcp-v4 packets processed: 6619136
lpm packets processed: 8339456
maglev packets processed: 5111808
lpm packets processed: 8355840
nat-tcp-v4 packets processed: 6635520
lpm packets processed: 8372224
nat-tcp-v4 packets processed: 6651904
maglev packets processed: 5128192
lpm packets processed: 8388608
nat-tcp-v4 packets processed: 6668288
lpm packets processed: 8404992
maglev packets processed: 5144576
nat-tcp-v4 packets processed: 6684672
lpm packets processed: 8421376
lpm packets processed: 8437760
maglev packets processed: 5160960
nat-tcp-v4 packets processed: 6701056
lpm packets processed: 8454144
nat-tcp-v4 packets processed: 6717440
maglev packets processed: 5177344
lpm packets processed: 8470528
nat-tcp-v4 packets processed: 6733824
lpm packets processed: 8486912
maglev packets processed: 5193728
lpm packets processed: 8503296
nat-tcp-v4 packets processed: 6750208
lpm packets processed: 8519680
maglev packets processed: 5210112
nat-tcp-v4 packets processed: 6766592
lpm packets processed: 8536064
nat-tcp-v4 packets processed: 6782976
lpm packets processed: 8552448
maglev packets processed: 5226496
nat-tcp-v4 packets processed: 6799360
lpm packets processed: 8568832
maglev packets processed: 5242880
lpm packets processed: 8585216
nat-tcp-v4 packets processed: 6815744
lpm packets processed: 8601600
nat-tcp-v4 packets processed: 6832128
maglev packets processed: 5259264
lpm packets processed: 8617984
nat-tcp-v4 packets processed: 6848512
lpm packets processed: 8634368
maglev packets processed: 5275648
lpm packets processed: 8650752
nat-tcp-v4 packets processed: 6864896
lpm packets processed: 8667136
maglev packets processed: 5292032
nat-tcp-v4 packets processed: 6881280
lpm packets processed: 8683520
nat-tcp-v4 packets processed: 6897664
maglev packets processed: 5308416
lpm packets processed: 8699904
nat-tcp-v4 packets processed: 6914048
lpm packets processed: 8716288
maglev packets processed: 5324800
lpm packets processed: 8732672
nat-tcp-v4 packets processed: 6930432
lpm packets processed: 8749056
maglev packets processed: 5341184
nat-tcp-v4 packets processed: 6946816
lpm packets processed: 8765440
nat-tcp-v4 packets processed: 6963200
lpm packets processed: 8781824
maglev packets processed: 5357568
lpm packets processed: 8798208
nat-tcp-v4 packets processed: 6979584
lpm packets processed: 8814592
maglev packets processed: 5373952
nat-tcp-v4 packets processed: 6995968
lpm packets processed: 8830976
nat-tcp-v4 packets processed: 7012352
maglev packets processed: 5390336
lpm packets processed: 8847360
nat-tcp-v4 packets processed: 7028736
lpm packets processed: 8863744
maglev packets processed: 5406720
lpm packets processed: 8880128
nat-tcp-v4 packets processed: 7045120
