gem5 Simulator System.  http://gem5.org
gem5 is copyrighted software; use the --copyright option for details.

gem5 compiled Jan 22 2020 23:25:24
gem5 started Jan 25 2020 09:53:17
gem5 executing on node-0.yangzhou-qv63200.lambda-mpi-pg0.clemson.cloudlab.us, pid 118907
command line: build/ARM/gem5.fast --remote-gdb-port=0 --outdir=/users/yangzhou/gem5/sgx_nic/m5out/DerivO3CPU_acl-fw.dpi-queue.nat-tcp-v4.lpm_4MB --stats-file=DerivO3CPU_acl-fw.dpi-queue.nat-tcp-v4.lpm_4MB_stats.txt configs/example/se_nic.py --interp-dir /usr/aarch64-linux-gnu --redirects /lib=/usr/aarch64-linux-gnu/lib -c 'acl-fw;dpi-queue;nat-tcp-v4;lpm' --cpu-type=DerivO3CPU --cpu-clock=2.4GHz --asic-clock=0.56GHz --cacheline_size=128 --caches --l2cache --l2_size=4MB --l2_assoc=16 --mem-size=256GB --mem-type=DDR3_1600_8x8 --mem-channels=2 --mem-ranks=2 --fast-forward=2000000000 --rel-max-tick=3000000000000

['acl-fw', 'dpi-queue', 'nat-tcp-v4', 'lpm']
{'dpi-queue': [1, 2, 3, 4, 5, 6, 7, 8, 9, 10, 11, 12, 13, 14, 15, 16, 17], 'nat-tcp-v4': [18], 'lpm': [19], 'acl-fw': [0]} 4 20
Setting the interpreter path to: /usr/aarch64-linux-gnu 
For dynamically linked applications you might still need to setup the --redirects so that libraries are found

Global frequency set at 1000000000000 ticks per second
Switch at instruction count:2000000000
Receiving started
Receiving started
Receiving port Simulate queue
Running 1 pipelines
Running 1 pipelines
trying to open file /users/yangzhou/ictf2010.dat
opening succeeds
trying to open file /users/yangzhou/ictf2010.dat
opening succeeds
Receiving port Simulate queue
Running 1 pipelines
trying to open file /users/yangzhou/ictf2010.dat
opening succeeds
pkt_num: 1048576
dpi rules length: 33471
number of rules in acls: 643
nat-tcp-v4 packets processed: 16384
nat-tcp-v4 packets processed: 32768
dpi AhoCorasick graph built up!
trying to open file /users/yangzhou/ictf2010.dat
opening succeeds
nat-tcp-v4 packets processed: 49152
nat-tcp-v4 packets processed: 65536
