gem5 Simulator System.  http://gem5.org
gem5 is copyrighted software; use the --copyright option for details.

gem5 compiled Jan 22 2020 23:27:20
gem5 started Jan 24 2020 10:01:12
gem5 executing on node-0.yangzhou-qv63708.lambda-mpi-pg0.clemson.cloudlab.us, pid 144918
command line: build/ARM/gem5.fast --remote-gdb-port=0 --outdir=/users/yangzhou/gem5/sgx_nic/m5out/DerivO3CPU_maglev_4MB --stats-file=DerivO3CPU_maglev_4MB_stats.txt configs/example/se_nic.py --interp-dir /usr/aarch64-linux-gnu --redirects /lib=/usr/aarch64-linux-gnu/lib -c maglev --cpu-type=DerivO3CPU --cpu-clock=2.4GHz --asic-clock=0.56GHz --cacheline_size=128 --caches --l2cache --l2_size=4MB --l2_assoc=16 --mem-size=128GB --mem-type=DDR3_1600_8x8 --mem-channels=2 --mem-ranks=2 --fast-forward=2000000000 --rel-max-tick=3000000000000

['maglev']
{'maglev': [0]} 1 1
Setting the interpreter path to: /usr/aarch64-linux-gnu 
For dynamically linked applications you might still need to setup the --redirects so that libraries are found

Global frequency set at 1000000000000 ticks per second
Switch at instruction count:2000000000
Receiving started
Running 1 pipelines
trying to open file /users/yangzhou/ictf2010.dat
opening succeeds
Generating permutations
Generating LUT
Done Generating LUT
maglev packets processed: 16384
maglev packets processed: 32768
maglev packets processed: 49152
maglev packets processed: 65536
maglev packets processed: 81920
maglev packets processed: 98304
maglev packets processed: 114688
maglev packets processed: 131072
maglev packets processed: 147456
maglev packets processed: 163840
maglev packets processed: 180224
maglev packets processed: 196608
maglev packets processed: 212992
maglev packets processed: 229376
maglev packets processed: 245760
maglev packets processed: 262144
maglev packets processed: 278528
maglev packets processed: 294912
maglev packets processed: 311296
maglev packets processed: 327680
maglev packets processed: 344064
maglev packets processed: 360448
maglev packets processed: 376832
maglev packets processed: 393216
maglev packets processed: 409600
maglev packets processed: 425984
maglev packets processed: 442368
maglev packets processed: 458752
maglev packets processed: 475136
maglev packets processed: 491520
maglev packets processed: 507904
maglev packets processed: 524288
maglev packets processed: 540672
maglev packets processed: 557056
maglev packets processed: 573440
maglev packets processed: 589824
maglev packets processed: 606208
maglev packets processed: 622592
maglev packets processed: 638976
maglev packets processed: 655360
maglev packets processed: 671744
maglev packets processed: 688128
maglev packets processed: 704512
maglev packets processed: 720896
maglev packets processed: 737280
maglev packets processed: 753664
maglev packets processed: 770048
maglev packets processed: 786432
maglev packets processed: 802816
maglev packets processed: 819200
maglev packets processed: 835584
maglev packets processed: 851968
maglev packets processed: 868352
maglev packets processed: 884736
maglev packets processed: 901120
maglev packets processed: 917504
maglev packets processed: 933888
maglev packets processed: 950272
maglev packets processed: 966656
maglev packets processed: 983040
maglev packets processed: 999424
maglev packets processed: 1015808
maglev packets processed: 1032192
maglev packets processed: 1048576
maglev packets processed: 1064960
maglev packets processed: 1081344
maglev packets processed: 1097728
maglev packets processed: 1114112
maglev packets processed: 1130496
maglev packets processed: 1146880
maglev packets processed: 1163264
maglev packets processed: 1179648
maglev packets processed: 1196032
maglev packets processed: 1212416
maglev packets processed: 1228800
maglev packets processed: 1245184
maglev packets processed: 1261568
maglev packets processed: 1277952
maglev packets processed: 1294336
maglev packets processed: 1310720
maglev packets processed: 1327104
maglev packets processed: 1343488
maglev packets processed: 1359872
maglev packets processed: 1376256
maglev packets processed: 1392640
maglev packets processed: 1409024
maglev packets processed: 1425408
maglev packets processed: 1441792
maglev packets processed: 1458176
maglev packets processed: 1474560
maglev packets processed: 1490944
maglev packets processed: 1507328
maglev packets processed: 1523712
maglev packets processed: 1540096
maglev packets processed: 1556480
maglev packets processed: 1572864
maglev packets processed: 1589248
maglev packets processed: 1605632
maglev packets processed: 1622016
maglev packets processed: 1638400
maglev packets processed: 1654784
maglev packets processed: 1671168
maglev packets processed: 1687552
maglev packets processed: 1703936
maglev packets processed: 1720320
maglev packets processed: 1736704
maglev packets processed: 1753088
maglev packets processed: 1769472
maglev packets processed: 1785856
maglev packets processed: 1802240
maglev packets processed: 1818624
maglev packets processed: 1835008
maglev packets processed: 1851392
maglev packets processed: 1867776
maglev packets processed: 1884160
maglev packets processed: 1900544
maglev packets processed: 1916928
maglev packets processed: 1933312
maglev packets processed: 1949696
maglev packets processed: 1966080
maglev packets processed: 1982464
maglev packets processed: 1998848
Switched CPUS @ tick 939548333253
switching cpus
**** REAL SIMULATION ****
maglev packets processed: 2015232
maglev packets processed: 2031616
maglev packets processed: 2048000
maglev packets processed: 2064384
maglev packets processed: 2080768
maglev packets processed: 2097152
maglev packets processed: 2113536
maglev packets processed: 2129920
maglev packets processed: 2146304
maglev packets processed: 2162688
maglev packets processed: 2179072
maglev packets processed: 2195456
maglev packets processed: 2211840
maglev packets processed: 2228224
maglev packets processed: 2244608
maglev packets processed: 2260992
maglev packets processed: 2277376
maglev packets processed: 2293760
maglev packets processed: 2310144
maglev packets processed: 2326528
maglev packets processed: 2342912
maglev packets processed: 2359296
maglev packets processed: 2375680
maglev packets processed: 2392064
maglev packets processed: 2408448
maglev packets processed: 2424832
maglev packets processed: 2441216
maglev packets processed: 2457600
maglev packets processed: 2473984
maglev packets processed: 2490368
maglev packets processed: 2506752
maglev packets processed: 2523136
maglev packets processed: 2539520
maglev packets processed: 2555904
maglev packets processed: 2572288
maglev packets processed: 2588672
maglev packets processed: 2605056
maglev packets processed: 2621440
maglev packets processed: 2637824
maglev packets processed: 2654208
maglev packets processed: 2670592
maglev packets processed: 2686976
maglev packets processed: 2703360
maglev packets processed: 2719744
maglev packets processed: 2736128
maglev packets processed: 2752512
maglev packets processed: 2768896
maglev packets processed: 2785280
maglev packets processed: 2801664
maglev packets processed: 2818048
maglev packets processed: 2834432
maglev packets processed: 2850816
maglev packets processed: 2867200
maglev packets processed: 2883584
maglev packets processed: 2899968
maglev packets processed: 2916352
maglev packets processed: 2932736
maglev packets processed: 2949120
maglev packets processed: 2965504
maglev packets processed: 2981888
maglev packets processed: 2998272
maglev packets processed: 3014656
maglev packets processed: 3031040
maglev packets processed: 3047424
maglev packets processed: 3063808
maglev packets processed: 3080192
maglev packets processed: 3096576
maglev packets processed: 3112960
maglev packets processed: 3129344
maglev packets processed: 3145728
maglev packets processed: 3162112
maglev packets processed: 3178496
maglev packets processed: 3194880
maglev packets processed: 3211264
maglev packets processed: 3227648
maglev packets processed: 3244032
maglev packets processed: 3260416
maglev packets processed: 3276800
maglev packets processed: 3293184
maglev packets processed: 3309568
maglev packets processed: 3325952
maglev packets processed: 3342336
maglev packets processed: 3358720
maglev packets processed: 3375104
maglev packets processed: 3391488
maglev packets processed: 3407872
maglev packets processed: 3424256
maglev packets processed: 3440640
maglev packets processed: 3457024
maglev packets processed: 3473408
maglev packets processed: 3489792
maglev packets processed: 3506176
maglev packets processed: 3522560
maglev packets processed: 3538944
maglev packets processed: 3555328
maglev packets processed: 3571712
maglev packets processed: 3588096
maglev packets processed: 3604480
maglev packets processed: 3620864
maglev packets processed: 3637248
maglev packets processed: 3653632
maglev packets processed: 3670016
maglev packets processed: 3686400
maglev packets processed: 3702784
maglev packets processed: 3719168
maglev packets processed: 3735552
maglev packets processed: 3751936
maglev packets processed: 3768320
maglev packets processed: 3784704
maglev packets processed: 3801088
maglev packets processed: 3817472
maglev packets processed: 3833856
maglev packets processed: 3850240
maglev packets processed: 3866624
maglev packets processed: 3883008
maglev packets processed: 3899392
maglev packets processed: 3915776
maglev packets processed: 3932160
maglev packets processed: 3948544
maglev packets processed: 3964928
maglev packets processed: 3981312
maglev packets processed: 3997696
maglev packets processed: 4014080
maglev packets processed: 4030464
maglev packets processed: 4046848
maglev packets processed: 4063232
maglev packets processed: 4079616
maglev packets processed: 4096000
maglev packets processed: 4112384
maglev packets processed: 4128768
maglev packets processed: 4145152
maglev packets processed: 4161536
maglev packets processed: 4177920
maglev packets processed: 4194304
maglev packets processed: 4210688
maglev packets processed: 4227072
maglev packets processed: 4243456
maglev packets processed: 4259840
maglev packets processed: 4276224
maglev packets processed: 4292608
maglev packets processed: 4308992
maglev packets processed: 4325376
maglev packets processed: 4341760
maglev packets processed: 4358144
maglev packets processed: 4374528
maglev packets processed: 4390912
maglev packets processed: 4407296
maglev packets processed: 4423680
maglev packets processed: 4440064
maglev packets processed: 4456448
maglev packets processed: 4472832
maglev packets processed: 4489216
maglev packets processed: 4505600
maglev packets processed: 4521984
maglev packets processed: 4538368
maglev packets processed: 4554752
maglev packets processed: 4571136
maglev packets processed: 4587520
maglev packets processed: 4603904
maglev packets processed: 4620288
maglev packets processed: 4636672
maglev packets processed: 4653056
maglev packets processed: 4669440
maglev packets processed: 4685824
maglev packets processed: 4702208
maglev packets processed: 4718592
maglev packets processed: 4734976
maglev packets processed: 4751360
maglev packets processed: 4767744
maglev packets processed: 4784128
maglev packets processed: 4800512
maglev packets processed: 4816896
maglev packets processed: 4833280
maglev packets processed: 4849664
maglev packets processed: 4866048
maglev packets processed: 4882432
maglev packets processed: 4898816
maglev packets processed: 4915200
maglev packets processed: 4931584
maglev packets processed: 4947968
maglev packets processed: 4964352
maglev packets processed: 4980736
maglev packets processed: 4997120
maglev packets processed: 5013504
maglev packets processed: 5029888
maglev packets processed: 5046272
maglev packets processed: 5062656
maglev packets processed: 5079040
maglev packets processed: 5095424
maglev packets processed: 5111808
maglev packets processed: 5128192
maglev packets processed: 5144576
maglev packets processed: 5160960
maglev packets processed: 5177344
maglev packets processed: 5193728
maglev packets processed: 5210112
maglev packets processed: 5226496
maglev packets processed: 5242880
maglev packets processed: 5259264
maglev packets processed: 5275648
maglev packets processed: 5292032
maglev packets processed: 5308416
maglev packets processed: 5324800
maglev packets processed: 5341184
maglev packets processed: 5357568
maglev packets processed: 5373952
maglev packets processed: 5390336
maglev packets processed: 5406720
maglev packets processed: 5423104
maglev packets processed: 5439488
maglev packets processed: 5455872
maglev packets processed: 5472256
maglev packets processed: 5488640
maglev packets processed: 5505024
maglev packets processed: 5521408
maglev packets processed: 5537792
maglev packets processed: 5554176
maglev packets processed: 5570560
maglev packets processed: 5586944
maglev packets processed: 5603328
maglev packets processed: 5619712
maglev packets processed: 5636096
maglev packets processed: 5652480
maglev packets processed: 5668864
maglev packets processed: 5685248
maglev packets processed: 5701632
maglev packets processed: 5718016
maglev packets processed: 5734400
maglev packets processed: 5750784
maglev packets processed: 5767168
maglev packets processed: 5783552
maglev packets processed: 5799936
maglev packets processed: 5816320
maglev packets processed: 5832704
maglev packets processed: 5849088
maglev packets processed: 5865472
maglev packets processed: 5881856
maglev packets processed: 5898240
maglev packets processed: 5914624
maglev packets processed: 5931008
maglev packets processed: 5947392
maglev packets processed: 5963776
maglev packets processed: 5980160
maglev packets processed: 5996544
maglev packets processed: 6012928
maglev packets processed: 6029312
maglev packets processed: 6045696
maglev packets processed: 6062080
maglev packets processed: 6078464
maglev packets processed: 6094848
maglev packets processed: 6111232
maglev packets processed: 6127616
maglev packets processed: 6144000
maglev packets processed: 6160384
maglev packets processed: 6176768
maglev packets processed: 6193152
maglev packets processed: 6209536
maglev packets processed: 6225920
maglev packets processed: 6242304
maglev packets processed: 6258688
maglev packets processed: 6275072
maglev packets processed: 6291456
maglev packets processed: 6307840
maglev packets processed: 6324224
maglev packets processed: 6340608
maglev packets processed: 6356992
maglev packets processed: 6373376
maglev packets processed: 6389760
maglev packets processed: 6406144
maglev packets processed: 6422528
maglev packets processed: 6438912
maglev packets processed: 6455296
maglev packets processed: 6471680
maglev packets processed: 6488064
maglev packets processed: 6504448
maglev packets processed: 6520832
maglev packets processed: 6537216
maglev packets processed: 6553600
maglev packets processed: 6569984
maglev packets processed: 6586368
maglev packets processed: 6602752
maglev packets processed: 6619136
maglev packets processed: 6635520
maglev packets processed: 6651904
maglev packets processed: 6668288
maglev packets processed: 6684672
maglev packets processed: 6701056
maglev packets processed: 6717440
maglev packets processed: 6733824
maglev packets processed: 6750208
maglev packets processed: 6766592
maglev packets processed: 6782976
maglev packets processed: 6799360
maglev packets processed: 6815744
maglev packets processed: 6832128
maglev packets processed: 6848512
maglev packets processed: 6864896
maglev packets processed: 6881280
Exiting @ tick 2232162628911 because user interrupt received
