gem5 Simulator System.  http://gem5.org
gem5 is copyrighted software; use the --copyright option for details.

gem5 compiled Jan 22 2020 23:25:24
gem5 started Jan 24 2020 10:00:52
gem5 executing on node-0.yangzhou-qv63200.lambda-mpi-pg0.clemson.cloudlab.us, pid 127177
command line: build/ARM/gem5.fast --remote-gdb-port=0 --outdir=/users/yangzhou/gem5/sgx_nic/m5out/TimingSimpleCPU_acl-fw_1MB --stats-file=TimingSimpleCPU_acl-fw_1MB_stats.txt configs/example/se_nic.py --interp-dir /usr/aarch64-linux-gnu --redirects /lib=/usr/aarch64-linux-gnu/lib -c acl-fw --cpu-type=TimingSimpleCPU --cpu-clock=2.4GHz --asic-clock=0.56GHz --cacheline_size=128 --caches --l2cache --l2_size=1MB --l2_assoc=16 --mem-size=128GB --mem-type=DDR3_1600_8x8 --mem-channels=2 --mem-ranks=2 --fast-forward=2000000000 --rel-max-tick=3000000000000

['acl-fw']
{'acl-fw': [0]} 1 1
Setting the interpreter path to: /usr/aarch64-linux-gnu 
For dynamically linked applications you might still need to setup the --redirects so that libraries are found

Global frequency set at 1000000000000 ticks per second
Switch at instruction count:2000000000
Receiving port Simulate queue
Running 1 pipelines
trying to open file /users/yangzhou/ictf2010.dat
opening succeeds
number of rules in acls: 643
acl-fw packets processed: 16384
acl-fw packets processed: 32768
acl-fw packets processed: 49152
acl-fw packets processed: 65536
acl-fw packets processed: 81920
acl-fw packets processed: 98304
acl-fw packets processed: 114688
acl-fw packets processed: 131072
acl-fw packets processed: 147456
acl-fw packets processed: 163840
acl-fw packets processed: 180224
acl-fw packets processed: 196608
acl-fw packets processed: 212992
acl-fw packets processed: 229376
acl-fw packets processed: 245760
acl-fw packets processed: 262144
acl-fw packets processed: 278528
acl-fw packets processed: 294912
acl-fw packets processed: 311296
acl-fw packets processed: 327680
acl-fw packets processed: 344064
acl-fw packets processed: 360448
acl-fw packets processed: 376832
acl-fw packets processed: 393216
acl-fw packets processed: 409600
acl-fw packets processed: 425984
acl-fw packets processed: 442368
acl-fw packets processed: 458752
acl-fw packets processed: 475136
acl-fw packets processed: 491520
acl-fw packets processed: 507904
acl-fw packets processed: 524288
acl-fw packets processed: 540672
acl-fw packets processed: 557056
acl-fw packets processed: 573440
acl-fw packets processed: 589824
acl-fw packets processed: 606208
acl-fw packets processed: 622592
acl-fw packets processed: 638976
acl-fw packets processed: 655360
acl-fw packets processed: 671744
acl-fw packets processed: 688128
acl-fw packets processed: 704512
acl-fw packets processed: 720896
acl-fw packets processed: 737280
acl-fw packets processed: 753664
acl-fw packets processed: 770048
acl-fw packets processed: 786432
acl-fw packets processed: 802816
acl-fw packets processed: 819200
acl-fw packets processed: 835584
acl-fw packets processed: 851968
acl-fw packets processed: 868352
acl-fw packets processed: 884736
acl-fw packets processed: 901120
acl-fw packets processed: 917504
acl-fw packets processed: 933888
acl-fw packets processed: 950272
acl-fw packets processed: 966656
acl-fw packets processed: 983040
acl-fw packets processed: 999424
acl-fw packets processed: 1015808
acl-fw packets processed: 1032192
acl-fw packets processed: 1048576
acl-fw packets processed: 1064960
acl-fw packets processed: 1081344
acl-fw packets processed: 1097728
acl-fw packets processed: 1114112
acl-fw packets processed: 1130496
acl-fw packets processed: 1146880
acl-fw packets processed: 1163264
acl-fw packets processed: 1179648
acl-fw packets processed: 1196032
acl-fw packets processed: 1212416
acl-fw packets processed: 1228800
acl-fw packets processed: 1245184
acl-fw packets processed: 1261568
acl-fw packets processed: 1277952
acl-fw packets processed: 1294336
acl-fw packets processed: 1310720
acl-fw packets processed: 1327104
acl-fw packets processed: 1343488
acl-fw packets processed: 1359872
acl-fw packets processed: 1376256
acl-fw packets processed: 1392640
acl-fw packets processed: 1409024
acl-fw packets processed: 1425408
acl-fw packets processed: 1441792
acl-fw packets processed: 1458176
acl-fw packets processed: 1474560
acl-fw packets processed: 1490944
acl-fw packets processed: 1507328
acl-fw packets processed: 1523712
acl-fw packets processed: 1540096
acl-fw packets processed: 1556480
acl-fw packets processed: 1572864
acl-fw packets processed: 1589248
acl-fw packets processed: 1605632
acl-fw packets processed: 1622016
acl-fw packets processed: 1638400
acl-fw packets processed: 1654784
acl-fw packets processed: 1671168
acl-fw packets processed: 1687552
acl-fw packets processed: 1703936
acl-fw packets processed: 1720320
acl-fw packets processed: 1736704
acl-fw packets processed: 1753088
acl-fw packets processed: 1769472
acl-fw packets processed: 1785856
acl-fw packets processed: 1802240
acl-fw packets processed: 1818624
acl-fw packets processed: 1835008
acl-fw packets processed: 1851392
Switched CPUS @ tick 967190464698
switching cpus
**** REAL SIMULATION ****
acl-fw packets processed: 1867776
acl-fw packets processed: 1884160
acl-fw packets processed: 1900544
acl-fw packets processed: 1916928
acl-fw packets processed: 1933312
acl-fw packets processed: 1949696
acl-fw packets processed: 1966080
acl-fw packets processed: 1982464
acl-fw packets processed: 1998848
acl-fw packets processed: 2015232
acl-fw packets processed: 2031616
acl-fw packets processed: 2048000
acl-fw packets processed: 2064384
acl-fw packets processed: 2080768
acl-fw packets processed: 2097152
acl-fw packets processed: 2113536
acl-fw packets processed: 2129920
acl-fw packets processed: 2146304
acl-fw packets processed: 2162688
acl-fw packets processed: 2179072
acl-fw packets processed: 2195456
acl-fw packets processed: 2211840
acl-fw packets processed: 2228224
acl-fw packets processed: 2244608
acl-fw packets processed: 2260992
acl-fw packets processed: 2277376
acl-fw packets processed: 2293760
acl-fw packets processed: 2310144
acl-fw packets processed: 2326528
acl-fw packets processed: 2342912
acl-fw packets processed: 2359296
acl-fw packets processed: 2375680
acl-fw packets processed: 2392064
acl-fw packets processed: 2408448
acl-fw packets processed: 2424832
acl-fw packets processed: 2441216
acl-fw packets processed: 2457600
acl-fw packets processed: 2473984
acl-fw packets processed: 2490368
acl-fw packets processed: 2506752
acl-fw packets processed: 2523136
acl-fw packets processed: 2539520
acl-fw packets processed: 2555904
acl-fw packets processed: 2572288
acl-fw packets processed: 2588672
acl-fw packets processed: 2605056
acl-fw packets processed: 2621440
acl-fw packets processed: 2637824
acl-fw packets processed: 2654208
acl-fw packets processed: 2670592
acl-fw packets processed: 2686976
acl-fw packets processed: 2703360
acl-fw packets processed: 2719744
acl-fw packets processed: 2736128
acl-fw packets processed: 2752512
acl-fw packets processed: 2768896
acl-fw packets processed: 2785280
acl-fw packets processed: 2801664
acl-fw packets processed: 2818048
acl-fw packets processed: 2834432
acl-fw packets processed: 2850816
acl-fw packets processed: 2867200
acl-fw packets processed: 2883584
acl-fw packets processed: 2899968
acl-fw packets processed: 2916352
acl-fw packets processed: 2932736
acl-fw packets processed: 2949120
acl-fw packets processed: 2965504
acl-fw packets processed: 2981888
acl-fw packets processed: 2998272
acl-fw packets processed: 3014656
acl-fw packets processed: 3031040
acl-fw packets processed: 3047424
acl-fw packets processed: 3063808
acl-fw packets processed: 3080192
acl-fw packets processed: 3096576
acl-fw packets processed: 3112960
acl-fw packets processed: 3129344
acl-fw packets processed: 3145728
acl-fw packets processed: 3162112
acl-fw packets processed: 3178496
acl-fw packets processed: 3194880
acl-fw packets processed: 3211264
acl-fw packets processed: 3227648
acl-fw packets processed: 3244032
acl-fw packets processed: 3260416
acl-fw packets processed: 3276800
acl-fw packets processed: 3293184
acl-fw packets processed: 3309568
acl-fw packets processed: 3325952
acl-fw packets processed: 3342336
acl-fw packets processed: 3358720
acl-fw packets processed: 3375104
acl-fw packets processed: 3391488
acl-fw packets processed: 3407872
acl-fw packets processed: 3424256
acl-fw packets processed: 3440640
acl-fw packets processed: 3457024
acl-fw packets processed: 3473408
acl-fw packets processed: 3489792
acl-fw packets processed: 3506176
acl-fw packets processed: 3522560
acl-fw packets processed: 3538944
acl-fw packets processed: 3555328
acl-fw packets processed: 3571712
acl-fw packets processed: 3588096
acl-fw packets processed: 3604480
acl-fw packets processed: 3620864
acl-fw packets processed: 3637248
acl-fw packets processed: 3653632
acl-fw packets processed: 3670016
acl-fw packets processed: 3686400
acl-fw packets processed: 3702784
acl-fw packets processed: 3719168
acl-fw packets processed: 3735552
acl-fw packets processed: 3751936
acl-fw packets processed: 3768320
acl-fw packets processed: 3784704
acl-fw packets processed: 3801088
acl-fw packets processed: 3817472
acl-fw packets processed: 3833856
acl-fw packets processed: 3850240
acl-fw packets processed: 3866624
acl-fw packets processed: 3883008
acl-fw packets processed: 3899392
acl-fw packets processed: 3915776
Exiting @ tick 3000000000000 because simulate() limit reached
