gem5 Simulator System.  http://gem5.org
gem5 is copyrighted software; use the --copyright option for details.

gem5 compiled Jan 22 2020 23:25:24
gem5 started Jan 24 2020 10:00:52
gem5 executing on node-0.yangzhou-qv63200.lambda-mpi-pg0.clemson.cloudlab.us, pid 127204
command line: build/ARM/gem5.fast --remote-gdb-port=0 --outdir=/users/yangzhou/gem5/sgx_nic/m5out/TimingSimpleCPU_dpi-queue_1MB --stats-file=TimingSimpleCPU_dpi-queue_1MB_stats.txt configs/example/se_nic.py --interp-dir /usr/aarch64-linux-gnu --redirects /lib=/usr/aarch64-linux-gnu/lib -c dpi-queue --cpu-type=TimingSimpleCPU --cpu-clock=2.4GHz --asic-clock=0.56GHz --cacheline_size=128 --caches --l2cache --l2_size=1MB --l2_assoc=16 --mem-size=128GB --mem-type=DDR3_1600_8x8 --mem-channels=2 --mem-ranks=2 --fast-forward=2000000000 --rel-max-tick=3000000000000

['dpi-queue']
{'dpi-queue': [0, 1, 2, 3, 4, 5, 6, 7, 8, 9, 10, 11, 12, 13, 14, 15, 16]} 1 17
Setting the interpreter path to: /usr/aarch64-linux-gnu 
For dynamically linked applications you might still need to setup the --redirects so that libraries are found

Global frequency set at 1000000000000 ticks per second
Switch at instruction count:2000000000
pkt_num: 1048576
dpi rules length: 33471
dpi AhoCorasick graph built up!
trying to open file /users/yangzhou/ictf2010.dat
opening succeeds
dpi packets processed: 65536
dpi packets processed: 131072
dpi packets processed: 196608
dpi packets processed: 262144
dpi packets processed: 327680
dpi packets processed: 393216
dpi packets processed: 458752
dpi packets processed: 524288
dpi packets processed: 589824
dpi packets processed: 655360
dpi packets processed: 720896
dpi packets processed: 786432
dpi packets processed: 851968
dpi packets processed: 917504
dpi packets processed: 983040
dpi packets processed: 1048576
dpi packets processed: 1114112
dpi packets processed: 1179648
dpi packets processed: 1245184
dpi packets processed: 1310720
dpi packets processed: 1376256
dpi packets processed: 1441792
dpi packets processed: 1507328
dpi packets processed: 1572864
dpi packets processed: 1638400
dpi packets processed: 1703936
dpi packets processed: 1769472
dpi packets processed: 1835008
dpi packets processed: 1900544
dpi packets processed: 1966080
dpi packets processed: 2031616
Switched CPUS @ tick 957971702250
switching cpus
**** REAL SIMULATION ****
dpi packets processed: 2097152
dpi packets processed: 2162688
dpi packets processed: 2228224
dpi packets processed: 2293760
dpi packets processed: 2359296
dpi packets processed: 2424832
dpi packets processed: 2490368
dpi packets processed: 2555904
dpi packets processed: 2621440
dpi packets processed: 2686976
dpi packets processed: 2752512
dpi packets processed: 2818048
dpi packets processed: 2883584
dpi packets processed: 2949120
dpi packets processed: 3014656
dpi packets processed: 3080192
dpi packets processed: 3145728
dpi packets processed: 3211264
dpi packets processed: 3276800
dpi packets processed: 3342336
dpi packets processed: 3407872
dpi packets processed: 3473408
dpi packets processed: 3538944
dpi packets processed: 3604480
dpi packets processed: 3670016
dpi packets processed: 3735552
dpi packets processed: 3801088
dpi packets processed: 3866624
dpi packets processed: 3932160
dpi packets processed: 3997696
dpi packets processed: 4063232
dpi packets processed: 4128768
dpi packets processed: 4194304
dpi packets processed: 4259840
dpi packets processed: 4325376
dpi packets processed: 4390912
dpi packets processed: 4456448
dpi packets processed: 4521984
dpi packets processed: 4587520
dpi packets processed: 4653056
dpi packets processed: 4718592
dpi packets processed: 4784128
dpi packets processed: 4849664
dpi packets processed: 4915200
dpi packets processed: 4980736
dpi packets processed: 5046272
Exiting @ tick 3000000000000 because simulate() limit reached
