gem5 Simulator System.  http://gem5.org
gem5 is copyrighted software; use the --copyright option for details.

gem5 compiled Jan 24 2020 10:09:16
gem5 started Jan 24 2020 10:35:36
gem5 executing on node-0.yangzhou-qv63856.lambda-mpi-pg0.clemson.cloudlab.us, pid 111664
command line: build/ARM/gem5.fast --remote-gdb-port=0 --outdir=/users/yangzhou/gem5/sgx_nic/m5out/DerivO3CPU_acl-fw.nat-tcp-v4.maglev_4MB --stats-file=DerivO3CPU_acl-fw.nat-tcp-v4.maglev_4MB_stats.txt configs/example/se_nic.py --interp-dir /usr/aarch64-linux-gnu --redirects /lib=/usr/aarch64-linux-gnu/lib -c 'acl-fw;nat-tcp-v4;maglev' --cpu-type=DerivO3CPU --cpu-clock=2.4GHz --asic-clock=0.56GHz --cacheline_size=128 --caches --l2cache --l2_size=4MB --l2_assoc=16 --mem-size=128GB --mem-type=DDR3_1600_8x8 --mem-channels=2 --mem-ranks=2 --fast-forward=2000000000 --rel-max-tick=3000000000000

['acl-fw', 'nat-tcp-v4', 'maglev']
{'maglev': [2], 'nat-tcp-v4': [1], 'acl-fw': [0]} 3 3
Setting the interpreter path to: /usr/aarch64-linux-gnu 
For dynamically linked applications you might still need to setup the --redirects so that libraries are found

Global frequency set at 1000000000000 ticks per second
Switch at instruction count:2000000000
Receiving started
Receiving started
Running 1 pipelines
Running 1 pipelines
trying to open file /users/yangzhou/ictf2010.dat
trying to open file /users/yangzhou/ictf2010.dat
opening succeeds
opening succeeds
Receiving port Simulate queue
Running 1 pipelines
trying to open file /users/yangzhou/ictf2010.dat
opening succeeds
Generating permutations
Generating LUT
number of rules in acls: 643
Done Generating LUT
maglev packets processed: 16384
nat-tcp-v4 packets processed: 16384
maglev packets processed: 32768
nat-tcp-v4 packets processed: 32768
maglev packets processed: 49152
maglev packets processed: 65536
nat-tcp-v4 packets processed: 49152
maglev packets processed: 81920
nat-tcp-v4 packets processed: 65536
maglev packets processed: 98304
maglev packets processed: 114688
nat-tcp-v4 packets processed: 81920
maglev packets processed: 131072
nat-tcp-v4 packets processed: 98304
maglev packets processed: 147456
acl-fw packets processed: 16384
maglev packets processed: 163840
nat-tcp-v4 packets processed: 114688
acl-fw packets processed: 32768
maglev packets processed: 180224
acl-fw packets processed: 49152
maglev packets processed: 196608
nat-tcp-v4 packets processed: 131072
maglev packets processed: 212992
acl-fw packets processed: 65536
nat-tcp-v4 packets processed: 147456
maglev packets processed: 229376
acl-fw packets processed: 81920
nat-tcp-v4 packets processed: 163840
maglev packets processed: 245760
acl-fw packets processed: 98304
nat-tcp-v4 packets processed: 180224
maglev packets processed: 262144
acl-fw packets processed: 114688
nat-tcp-v4 packets processed: 196608
maglev packets processed: 278528
nat-tcp-v4 packets processed: 212992
acl-fw packets processed: 131072
nat-tcp-v4 packets processed: 229376
maglev packets processed: 294912
acl-fw packets processed: 147456
nat-tcp-v4 packets processed: 245760
maglev packets processed: 311296
acl-fw packets processed: 163840
nat-tcp-v4 packets processed: 262144
maglev packets processed: 327680
acl-fw packets processed: 180224
nat-tcp-v4 packets processed: 278528
maglev packets processed: 344064
nat-tcp-v4 packets processed: 294912
acl-fw packets processed: 196608
nat-tcp-v4 packets processed: 311296
maglev packets processed: 360448
acl-fw packets processed: 212992
nat-tcp-v4 packets processed: 327680
maglev packets processed: 376832
acl-fw packets processed: 229376
nat-tcp-v4 packets processed: 344064
maglev packets processed: 393216
nat-tcp-v4 packets processed: 360448
acl-fw packets processed: 245760
maglev packets processed: 409600
nat-tcp-v4 packets processed: 376832
acl-fw packets processed: 262144
nat-tcp-v4 packets processed: 393216
maglev packets processed: 425984
acl-fw packets processed: 278528
nat-tcp-v4 packets processed: 409600
maglev packets processed: 442368
acl-fw packets processed: 294912
nat-tcp-v4 packets processed: 425984
maglev packets processed: 458752
nat-tcp-v4 packets processed: 442368
acl-fw packets processed: 311296
maglev packets processed: 475136
nat-tcp-v4 packets processed: 458752
acl-fw packets processed: 327680
maglev packets processed: 491520
nat-tcp-v4 packets processed: 475136
acl-fw packets processed: 344064
nat-tcp-v4 packets processed: 491520
maglev packets processed: 507904
nat-tcp-v4 packets processed: 507904
acl-fw packets processed: 360448
maglev packets processed: 524288
nat-tcp-v4 packets processed: 524288
acl-fw packets processed: 376832
maglev packets processed: 540672
nat-tcp-v4 packets processed: 540672
acl-fw packets processed: 393216
maglev packets processed: 557056
nat-tcp-v4 packets processed: 557056
acl-fw packets processed: 409600
nat-tcp-v4 packets processed: 573440
maglev packets processed: 573440
nat-tcp-v4 packets processed: 589824
acl-fw packets processed: 425984
maglev packets processed: 589824
nat-tcp-v4 packets processed: 606208
acl-fw packets processed: 442368
maglev packets processed: 606208
nat-tcp-v4 packets processed: 622592
acl-fw packets processed: 458752
maglev packets processed: 622592
nat-tcp-v4 packets processed: 638976
nat-tcp-v4 packets processed: 655360
acl-fw packets processed: 475136
maglev packets processed: 638976
nat-tcp-v4 packets processed: 671744
acl-fw packets processed: 491520
maglev packets processed: 655360
nat-tcp-v4 packets processed: 688128
maglev packets processed: 671744
acl-fw packets processed: 507904
nat-tcp-v4 packets processed: 704512
maglev packets processed: 688128
acl-fw packets processed: 524288
nat-tcp-v4 packets processed: 720896
nat-tcp-v4 packets processed: 737280
maglev packets processed: 704512
acl-fw packets processed: 540672
nat-tcp-v4 packets processed: 753664
maglev packets processed: 720896
acl-fw packets processed: 557056
nat-tcp-v4 packets processed: 770048
maglev packets processed: 737280
acl-fw packets processed: 573440
nat-tcp-v4 packets processed: 786432
maglev packets processed: 753664
nat-tcp-v4 packets processed: 802816
acl-fw packets processed: 589824
nat-tcp-v4 packets processed: 819200
maglev packets processed: 770048
acl-fw packets processed: 606208
nat-tcp-v4 packets processed: 835584
maglev packets processed: 786432
acl-fw packets processed: 622592
nat-tcp-v4 packets processed: 851968
maglev packets processed: 802816
acl-fw packets processed: 638976
nat-tcp-v4 packets processed: 868352
maglev packets processed: 819200
nat-tcp-v4 packets processed: 884736
acl-fw packets processed: 655360
maglev packets processed: 835584
nat-tcp-v4 packets processed: 901120
acl-fw packets processed: 671744
nat-tcp-v4 packets processed: 917504
maglev packets processed: 851968
acl-fw packets processed: 688128
nat-tcp-v4 packets processed: 933888
maglev packets processed: 868352
nat-tcp-v4 packets processed: 950272
acl-fw packets processed: 704512
maglev packets processed: 884736
nat-tcp-v4 packets processed: 966656
acl-fw packets processed: 720896
maglev packets processed: 901120
nat-tcp-v4 packets processed: 983040
acl-fw packets processed: 737280
nat-tcp-v4 packets processed: 999424
maglev packets processed: 917504
acl-fw packets processed: 753664
nat-tcp-v4 packets processed: 1015808
maglev packets processed: 933888
nat-tcp-v4 packets processed: 1032192
acl-fw packets processed: 770048
maglev packets processed: 950272
nat-tcp-v4 packets processed: 1048576
acl-fw packets processed: 786432
maglev packets processed: 966656
nat-tcp-v4 packets processed: 1064960
acl-fw packets processed: 802816
nat-tcp-v4 packets processed: 1081344
maglev packets processed: 983040
nat-tcp-v4 packets processed: 1097728
acl-fw packets processed: 819200
maglev packets processed: 999424
nat-tcp-v4 packets processed: 1114112
acl-fw packets processed: 835584
maglev packets processed: 1015808
nat-tcp-v4 packets processed: 1130496
acl-fw packets processed: 851968
maglev packets processed: 1032192
nat-tcp-v4 packets processed: 1146880
acl-fw packets processed: 868352
nat-tcp-v4 packets processed: 1163264
maglev packets processed: 1048576
nat-tcp-v4 packets processed: 1179648
acl-fw packets processed: 884736
maglev packets processed: 1064960
nat-tcp-v4 packets processed: 1196032
acl-fw packets processed: 901120
maglev packets processed: 1081344
nat-tcp-v4 packets processed: 1212416
acl-fw packets processed: 917504
maglev packets processed: 1097728
nat-tcp-v4 packets processed: 1228800
nat-tcp-v4 packets processed: 1245184
acl-fw packets processed: 933888
maglev packets processed: 1114112
nat-tcp-v4 packets processed: 1261568
maglev packets processed: 1130496
acl-fw packets processed: 950272
nat-tcp-v4 packets processed: 1277952
maglev packets processed: 1146880
acl-fw packets processed: 966656
nat-tcp-v4 packets processed: 1294336
maglev packets processed: 1163264
acl-fw packets processed: 983040
nat-tcp-v4 packets processed: 1310720
nat-tcp-v4 packets processed: 1327104
maglev packets processed: 1179648
acl-fw packets processed: 999424
nat-tcp-v4 packets processed: 1343488
maglev packets processed: 1196032
acl-fw packets processed: 1015808
nat-tcp-v4 packets processed: 1359872
maglev packets processed: 1212416
acl-fw packets processed: 1032192
nat-tcp-v4 packets processed: 1376256
maglev packets processed: 1228800
nat-tcp-v4 packets processed: 1392640
acl-fw packets processed: 1048576
maglev packets processed: 1245184
nat-tcp-v4 packets processed: 1409024
acl-fw packets processed: 1064960
nat-tcp-v4 packets processed: 1425408
maglev packets processed: 1261568
acl-fw packets processed: 1081344
nat-tcp-v4 packets processed: 1441792
maglev packets processed: 1277952
acl-fw packets processed: 1097728
nat-tcp-v4 packets processed: 1458176
maglev packets processed: 1294336
nat-tcp-v4 packets processed: 1474560
acl-fw packets processed: 1114112
maglev packets processed: 1310720
nat-tcp-v4 packets processed: 1490944
acl-fw packets processed: 1130496
nat-tcp-v4 packets processed: 1507328
maglev packets processed: 1327104
acl-fw packets processed: 1146880
nat-tcp-v4 packets processed: 1523712
maglev packets processed: 1343488
nat-tcp-v4 packets processed: 1540096
acl-fw packets processed: 1163264
maglev packets processed: 1359872
nat-tcp-v4 packets processed: 1556480
acl-fw packets processed: 1179648
maglev packets processed: 1376256
nat-tcp-v4 packets processed: 1572864
acl-fw packets processed: 1196032
nat-tcp-v4 packets processed: 1589248
maglev packets processed: 1392640
acl-fw packets processed: 1212416
nat-tcp-v4 packets processed: 1605632
maglev packets processed: 1409024
nat-tcp-v4 packets processed: 1622016
acl-fw packets processed: 1228800
maglev packets processed: 1425408
nat-tcp-v4 packets processed: 1638400
acl-fw packets processed: 1245184
maglev packets processed: 1441792
nat-tcp-v4 packets processed: 1654784
acl-fw packets processed: 1261568
nat-tcp-v4 packets processed: 1671168
maglev packets processed: 1458176
nat-tcp-v4 packets processed: 1687552
acl-fw packets processed: 1277952
maglev packets processed: 1474560
nat-tcp-v4 packets processed: 1703936
acl-fw packets processed: 1294336
maglev packets processed: 1490944
nat-tcp-v4 packets processed: 1720320
acl-fw packets processed: 1310720
maglev packets processed: 1507328
nat-tcp-v4 packets processed: 1736704
acl-fw packets processed: 1327104
nat-tcp-v4 packets processed: 1753088
maglev packets processed: 1523712
nat-tcp-v4 packets processed: 1769472
acl-fw packets processed: 1343488
maglev packets processed: 1540096
nat-tcp-v4 packets processed: 1785856
acl-fw packets processed: 1359872
maglev packets processed: 1556480
nat-tcp-v4 packets processed: 1802240
maglev packets processed: 1572864
acl-fw packets processed: 1376256
nat-tcp-v4 packets processed: 1818624
maglev packets processed: 1589248
nat-tcp-v4 packets processed: 1835008
acl-fw packets processed: 1392640
nat-tcp-v4 packets processed: 1851392
maglev packets processed: 1605632
acl-fw packets processed: 1409024
nat-tcp-v4 packets processed: 1867776
maglev packets processed: 1622016
acl-fw packets processed: 1425408
nat-tcp-v4 packets processed: 1884160
maglev packets processed: 1638400
acl-fw packets processed: 1441792
nat-tcp-v4 packets processed: 1900544
maglev packets processed: 1654784
nat-tcp-v4 packets processed: 1916928
acl-fw packets processed: 1458176
nat-tcp-v4 packets processed: 1933312
maglev packets processed: 1671168
acl-fw packets processed: 1474560
nat-tcp-v4 packets processed: 1949696
maglev packets processed: 1687552
acl-fw packets processed: 1490944
nat-tcp-v4 packets processed: 1966080
maglev packets processed: 1703936
nat-tcp-v4 packets processed: 1982464
acl-fw packets processed: 1507328
maglev packets processed: 1720320
nat-tcp-v4 packets processed: 1998848
acl-fw packets processed: 1523712
nat-tcp-v4 packets processed: 2015232
maglev packets processed: 1736704
acl-fw packets processed: 1540096
nat-tcp-v4 packets processed: 2031616
maglev packets processed: 1753088
acl-fw packets processed: 1556480
nat-tcp-v4 packets processed: 2048000
maglev packets processed: 1769472
nat-tcp-v4 packets processed: 2064384
acl-fw packets processed: 1572864
maglev packets processed: 1785856
nat-tcp-v4 packets processed: 2080768
acl-fw packets processed: 1589248
nat-tcp-v4 packets processed: 2097152
maglev packets processed: 1802240
acl-fw packets processed: 1605632
nat-tcp-v4 packets processed: 2113536
maglev packets processed: 1818624
nat-tcp-v4 packets processed: 2129920
acl-fw packets processed: 1622016
maglev packets processed: 1835008
nat-tcp-v4 packets processed: 2146304
acl-fw packets processed: 1638400
maglev packets processed: 1851392
nat-tcp-v4 packets processed: 2162688
acl-fw packets processed: 1654784
nat-tcp-v4 packets processed: 2179072
maglev packets processed: 1867776
acl-fw packets processed: 1671168
nat-tcp-v4 packets processed: 2195456
maglev packets processed: 1884160
nat-tcp-v4 packets processed: 2211840
acl-fw packets processed: 1687552
maglev packets processed: 1900544
nat-tcp-v4 packets processed: 2228224
acl-fw packets processed: 1703936
maglev packets processed: 1916928
nat-tcp-v4 packets processed: 2244608
acl-fw packets processed: 1720320
maglev packets processed: 1933312
nat-tcp-v4 packets processed: 2260992
nat-tcp-v4 packets processed: 2277376
acl-fw packets processed: 1736704
maglev packets processed: 1949696
nat-tcp-v4 packets processed: 2293760
acl-fw packets processed: 1753088
maglev packets processed: 1966080
nat-tcp-v4 packets processed: 2310144
acl-fw packets processed: 1769472
maglev packets processed: 1982464
nat-tcp-v4 packets processed: 2326528
acl-fw packets processed: 1785856
maglev packets processed: 1998848
nat-tcp-v4 packets processed: 2342912
Switched CPUS @ tick 939548333253
switching cpus
**** REAL SIMULATION ****
nat-tcp-v4 packets processed: 2359296
acl-fw packets processed: 1802240
maglev packets processed: 2015232
nat-tcp-v4 packets processed: 2375680
acl-fw packets processed: 1818624
maglev packets processed: 2031616
nat-tcp-v4 packets processed: 2392064
acl-fw packets processed: 1835008
nat-tcp-v4 packets processed: 2408448
maglev packets processed: 2048000
acl-fw packets processed: 1851392
nat-tcp-v4 packets processed: 2424832
maglev packets processed: 2064384
acl-fw packets processed: 1867776
nat-tcp-v4 packets processed: 2441216
maglev packets processed: 2080768
acl-fw packets processed: 1884160
nat-tcp-v4 packets processed: 2457600
nat-tcp-v4 packets processed: 2473984
acl-fw packets processed: 1900544
maglev packets processed: 2097152
nat-tcp-v4 packets processed: 2490368
acl-fw packets processed: 1916928
maglev packets processed: 2113536
nat-tcp-v4 packets processed: 2506752
acl-fw packets processed: 1933312
maglev packets processed: 2129920
nat-tcp-v4 packets processed: 2523136
acl-fw packets processed: 1949696
nat-tcp-v4 packets processed: 2539520
maglev packets processed: 2146304
acl-fw packets processed: 1966080
nat-tcp-v4 packets processed: 2555904
maglev packets processed: 2162688
nat-tcp-v4 packets processed: 2572288
acl-fw packets processed: 1982464
nat-tcp-v4 packets processed: 2588672
maglev packets processed: 2179072
acl-fw packets processed: 1998848
nat-tcp-v4 packets processed: 2605056
acl-fw packets processed: 2015232
maglev packets processed: 2195456
nat-tcp-v4 packets processed: 2621440
acl-fw packets processed: 2031616
maglev packets processed: 2211840
nat-tcp-v4 packets processed: 2637824
acl-fw packets processed: 2048000
nat-tcp-v4 packets processed: 2654208
maglev packets processed: 2228224
acl-fw packets processed: 2064384
nat-tcp-v4 packets processed: 2670592
maglev packets processed: 2244608
nat-tcp-v4 packets processed: 2686976
acl-fw packets processed: 2080768
nat-tcp-v4 packets processed: 2703360
maglev packets processed: 2260992
acl-fw packets processed: 2097152
nat-tcp-v4 packets processed: 2719744
maglev packets processed: 2277376
acl-fw packets processed: 2113536
nat-tcp-v4 packets processed: 2736128
acl-fw packets processed: 2129920
maglev packets processed: 2293760
nat-tcp-v4 packets processed: 2752512
acl-fw packets processed: 2146304
nat-tcp-v4 packets processed: 2768896
maglev packets processed: 2310144
nat-tcp-v4 packets processed: 2785280
acl-fw packets processed: 2162688
maglev packets processed: 2326528
nat-tcp-v4 packets processed: 2801664
acl-fw packets processed: 2179072
maglev packets processed: 2342912
nat-tcp-v4 packets processed: 2818048
acl-fw packets processed: 2195456
nat-tcp-v4 packets processed: 2834432
maglev packets processed: 2359296
acl-fw packets processed: 2211840
nat-tcp-v4 packets processed: 2850816
maglev packets processed: 2375680
acl-fw packets processed: 2228224
nat-tcp-v4 packets processed: 2867200
acl-fw packets processed: 2244608
nat-tcp-v4 packets processed: 2883584
maglev packets processed: 2392064
nat-tcp-v4 packets processed: 2899968
acl-fw packets processed: 2260992
maglev packets processed: 2408448
nat-tcp-v4 packets processed: 2916352
acl-fw packets processed: 2277376
maglev packets processed: 2424832
nat-tcp-v4 packets processed: 2932736
acl-fw packets processed: 2293760
nat-tcp-v4 packets processed: 2949120
maglev packets processed: 2441216
acl-fw packets processed: 2310144
nat-tcp-v4 packets processed: 2965504
maglev packets processed: 2457600
acl-fw packets processed: 2326528
nat-tcp-v4 packets processed: 2981888
nat-tcp-v4 packets processed: 2998272
acl-fw packets processed: 2342912
maglev packets processed: 2473984
nat-tcp-v4 packets processed: 3014656
acl-fw packets processed: 2359296
maglev packets processed: 2490368
nat-tcp-v4 packets processed: 3031040
acl-fw packets processed: 2375680
maglev packets processed: 2506752
nat-tcp-v4 packets processed: 3047424
acl-fw packets processed: 2392064
nat-tcp-v4 packets processed: 3063808
maglev packets processed: 2523136
acl-fw packets processed: 2408448
nat-tcp-v4 packets processed: 3080192
maglev packets processed: 2539520
acl-fw packets processed: 2424832
nat-tcp-v4 packets processed: 3096576
maglev packets processed: 2555904
nat-tcp-v4 packets processed: 3112960
acl-fw packets processed: 2441216
nat-tcp-v4 packets processed: 3129344
acl-fw packets processed: 2457600
maglev packets processed: 2572288
nat-tcp-v4 packets processed: 3145728
acl-fw packets processed: 2473984
maglev packets processed: 2588672
nat-tcp-v4 packets processed: 3162112
acl-fw packets processed: 2490368
nat-tcp-v4 packets processed: 3178496
maglev packets processed: 2605056
acl-fw packets processed: 2506752
nat-tcp-v4 packets processed: 3194880
maglev packets processed: 2621440
acl-fw packets processed: 2523136
nat-tcp-v4 packets processed: 3211264
maglev packets processed: 2637824
nat-tcp-v4 packets processed: 3227648
acl-fw packets processed: 2539520
nat-tcp-v4 packets processed: 3244032
maglev packets processed: 2654208
acl-fw packets processed: 2555904
nat-tcp-v4 packets processed: 3260416
acl-fw packets processed: 2572288
maglev packets processed: 2670592
nat-tcp-v4 packets processed: 3276800
acl-fw packets processed: 2588672
maglev packets processed: 2686976
nat-tcp-v4 packets processed: 3293184
acl-fw packets processed: 2605056
nat-tcp-v4 packets processed: 3309568
maglev packets processed: 2703360
nat-tcp-v4 packets processed: 3325952
acl-fw packets processed: 2621440
maglev packets processed: 2719744
nat-tcp-v4 packets processed: 3342336
acl-fw packets processed: 2637824
nat-tcp-v4 packets processed: 3358720
maglev packets processed: 2736128
acl-fw packets processed: 2654208
nat-tcp-v4 packets processed: 3375104
maglev packets processed: 2752512
acl-fw packets processed: 2670592
nat-tcp-v4 packets processed: 3391488
acl-fw packets processed: 2686976
maglev packets processed: 2768896
nat-tcp-v4 packets processed: 3407872
acl-fw packets processed: 2703360
nat-tcp-v4 packets processed: 3424256
maglev packets processed: 2785280
nat-tcp-v4 packets processed: 3440640
acl-fw packets processed: 2719744
maglev packets processed: 2801664
nat-tcp-v4 packets processed: 3457024
acl-fw packets processed: 2736128
nat-tcp-v4 packets processed: 3473408
maglev packets processed: 2818048
acl-fw packets processed: 2752512
nat-tcp-v4 packets processed: 3489792
maglev packets processed: 2834432
acl-fw packets processed: 2768896
nat-tcp-v4 packets processed: 3506176
maglev packets processed: 2850816
acl-fw packets processed: 2785280
nat-tcp-v4 packets processed: 3522560
nat-tcp-v4 packets processed: 3538944
acl-fw packets processed: 2801664
maglev packets processed: 2867200
nat-tcp-v4 packets processed: 3555328
acl-fw packets processed: 2818048
maglev packets processed: 2883584
nat-tcp-v4 packets processed: 3571712
acl-fw packets processed: 2834432
maglev packets processed: 2899968
nat-tcp-v4 packets processed: 3588096
acl-fw packets processed: 2850816
nat-tcp-v4 packets processed: 3604480
maglev packets processed: 2916352
acl-fw packets processed: 2867200
nat-tcp-v4 packets processed: 3620864
maglev packets processed: 2932736
acl-fw packets processed: 2883584
nat-tcp-v4 packets processed: 3637248
nat-tcp-v4 packets processed: 3653632
maglev packets processed: 2949120
acl-fw packets processed: 2899968
nat-tcp-v4 packets processed: 3670016
acl-fw packets processed: 2916352
maglev packets processed: 2965504
nat-tcp-v4 packets processed: 3686400
acl-fw packets processed: 2932736
maglev packets processed: 2981888
nat-tcp-v4 packets processed: 3702784
acl-fw packets processed: 2949120
nat-tcp-v4 packets processed: 3719168
maglev packets processed: 2998272
acl-fw packets processed: 2965504
nat-tcp-v4 packets processed: 3735552
maglev packets processed: 3014656
acl-fw packets processed: 2981888
nat-tcp-v4 packets processed: 3751936
maglev packets processed: 3031040
nat-tcp-v4 packets processed: 3768320
acl-fw packets processed: 2998272
nat-tcp-v4 packets processed: 3784704
acl-fw packets processed: 3014656
maglev packets processed: 3047424
nat-tcp-v4 packets processed: 3801088
acl-fw packets processed: 3031040
maglev packets processed: 3063808
nat-tcp-v4 packets processed: 3817472
acl-fw packets processed: 3047424
nat-tcp-v4 packets processed: 3833856
maglev packets processed: 3080192
acl-fw packets processed: 3063808
nat-tcp-v4 packets processed: 3850240
maglev packets processed: 3096576
nat-tcp-v4 packets processed: 3866624
acl-fw packets processed: 3080192
maglev packets processed: 3112960
nat-tcp-v4 packets processed: 3883008
acl-fw packets processed: 3096576
nat-tcp-v4 packets processed: 3899392
maglev packets processed: 3129344
acl-fw packets processed: 3112960
nat-tcp-v4 packets processed: 3915776
acl-fw packets processed: 3129344
maglev packets processed: 3145728
nat-tcp-v4 packets processed: 3932160
acl-fw packets processed: 3145728
nat-tcp-v4 packets processed: 3948544
maglev packets processed: 3162112
acl-fw packets processed: 3162112
nat-tcp-v4 packets processed: 3964928
maglev packets processed: 3178496
nat-tcp-v4 packets processed: 3981312
acl-fw packets processed: 3178496
maglev packets processed: 3194880
nat-tcp-v4 packets processed: 3997696
acl-fw packets processed: 3194880
nat-tcp-v4 packets processed: 4014080
maglev packets processed: 3211264
acl-fw packets processed: 3211264
nat-tcp-v4 packets processed: 4030464
maglev packets processed: 3227648
acl-fw packets processed: 3227648
nat-tcp-v4 packets processed: 4046848
acl-fw packets processed: 3244032
maglev packets processed: 3244032
nat-tcp-v4 packets processed: 4063232
nat-tcp-v4 packets processed: 4079616
acl-fw packets processed: 3260416
maglev packets processed: 3260416
nat-tcp-v4 packets processed: 4096000
acl-fw packets processed: 3276800
maglev packets processed: 3276800
nat-tcp-v4 packets processed: 4112384
acl-fw packets processed: 3293184
nat-tcp-v4 packets processed: 4128768
maglev packets processed: 3293184
acl-fw packets processed: 3309568
nat-tcp-v4 packets processed: 4145152
maglev packets processed: 3309568
acl-fw packets processed: 3325952
nat-tcp-v4 packets processed: 4161536
maglev packets processed: 3325952
acl-fw packets processed: 3342336
nat-tcp-v4 packets processed: 4177920
nat-tcp-v4 packets processed: 4194304
acl-fw packets processed: 3358720
maglev packets processed: 3342336
nat-tcp-v4 packets processed: 4210688
acl-fw packets processed: 3375104
maglev packets processed: 3358720
nat-tcp-v4 packets processed: 4227072
acl-fw packets processed: 3391488
nat-tcp-v4 packets processed: 4243456
maglev packets processed: 3375104
acl-fw packets processed: 3407872
nat-tcp-v4 packets processed: 4259840
maglev packets processed: 3391488
acl-fw packets processed: 3424256
nat-tcp-v4 packets processed: 4276224
maglev packets processed: 3407872
nat-tcp-v4 packets processed: 4292608
acl-fw packets processed: 3440640
nat-tcp-v4 packets processed: 4308992
maglev packets processed: 3424256
acl-fw packets processed: 3457024
nat-tcp-v4 packets processed: 4325376
acl-fw packets processed: 3473408
maglev packets processed: 3440640
nat-tcp-v4 packets processed: 4341760
acl-fw packets processed: 3489792
maglev packets processed: 3457024
nat-tcp-v4 packets processed: 4358144
acl-fw packets processed: 3506176
nat-tcp-v4 packets processed: 4374528
maglev packets processed: 3473408
acl-fw packets processed: 3522560
nat-tcp-v4 packets processed: 4390912
maglev packets processed: 3489792
nat-tcp-v4 packets processed: 4407296
acl-fw packets processed: 3538944
nat-tcp-v4 packets processed: 4423680
maglev packets processed: 3506176
acl-fw packets processed: 3555328
nat-tcp-v4 packets processed: 4440064
acl-fw packets processed: 3571712
maglev packets processed: 3522560
nat-tcp-v4 packets processed: 4456448
acl-fw packets processed: 3588096
maglev packets processed: 3538944
nat-tcp-v4 packets processed: 4472832
acl-fw packets processed: 3604480
nat-tcp-v4 packets processed: 4489216
maglev packets processed: 3555328
acl-fw packets processed: 3620864
nat-tcp-v4 packets processed: 4505600
maglev packets processed: 3571712
nat-tcp-v4 packets processed: 4521984
acl-fw packets processed: 3637248
maglev packets processed: 3588096
nat-tcp-v4 packets processed: 4538368
acl-fw packets processed: 3653632
nat-tcp-v4 packets processed: 4554752
maglev packets processed: 3604480
acl-fw packets processed: 3670016
nat-tcp-v4 packets processed: 4571136
acl-fw packets processed: 3686400
maglev packets processed: 3620864
nat-tcp-v4 packets processed: 4587520
acl-fw packets processed: 3702784
nat-tcp-v4 packets processed: 4603904
maglev packets processed: 3637248
nat-tcp-v4 packets processed: 4620288
acl-fw packets processed: 3719168
maglev packets processed: 3653632
nat-tcp-v4 packets processed: 4636672
acl-fw packets processed: 3735552
maglev packets processed: 3670016
nat-tcp-v4 packets processed: 4653056
acl-fw packets processed: 3751936
nat-tcp-v4 packets processed: 4669440
maglev packets processed: 3686400
acl-fw packets processed: 3768320
nat-tcp-v4 packets processed: 4685824
maglev packets processed: 3702784
acl-fw packets processed: 3784704
nat-tcp-v4 packets processed: 4702208
acl-fw packets processed: 3801088
nat-tcp-v4 packets processed: 4718592
maglev packets processed: 3719168
nat-tcp-v4 packets processed: 4734976
acl-fw packets processed: 3817472
maglev packets processed: 3735552
nat-tcp-v4 packets processed: 4751360
acl-fw packets processed: 3833856
maglev packets processed: 3751936
nat-tcp-v4 packets processed: 4767744
acl-fw packets processed: 3850240
nat-tcp-v4 packets processed: 4784128
maglev packets processed: 3768320
acl-fw packets processed: 3866624
nat-tcp-v4 packets processed: 4800512
maglev packets processed: 3784704
acl-fw packets processed: 3883008
nat-tcp-v4 packets processed: 4816896
maglev packets processed: 3801088
nat-tcp-v4 packets processed: 4833280
acl-fw packets processed: 3899392
nat-tcp-v4 packets processed: 4849664
acl-fw packets processed: 3915776
maglev packets processed: 3817472
nat-tcp-v4 packets processed: 4866048
acl-fw packets processed: 3932160
maglev packets processed: 3833856
nat-tcp-v4 packets processed: 4882432
acl-fw packets processed: 3948544
nat-tcp-v4 packets processed: 4898816
maglev packets processed: 3850240
acl-fw packets processed: 3964928
nat-tcp-v4 packets processed: 4915200
maglev packets processed: 3866624
acl-fw packets processed: 3981312
nat-tcp-v4 packets processed: 4931584
maglev packets processed: 3883008
nat-tcp-v4 packets processed: 4947968
acl-fw packets processed: 3997696
nat-tcp-v4 packets processed: 4964352
maglev packets processed: 3899392
acl-fw packets processed: 4014080
nat-tcp-v4 packets processed: 4980736
acl-fw packets processed: 4030464
maglev packets processed: 3915776
nat-tcp-v4 packets processed: 4997120
acl-fw packets processed: 4046848
maglev packets processed: 3932160
nat-tcp-v4 packets processed: 5013504
acl-fw packets processed: 4063232
nat-tcp-v4 packets processed: 5029888
maglev packets processed: 3948544
acl-fw packets processed: 4079616
nat-tcp-v4 packets processed: 5046272
maglev packets processed: 3964928
nat-tcp-v4 packets processed: 5062656
acl-fw packets processed: 4096000
nat-tcp-v4 packets processed: 5079040
maglev packets processed: 3981312
acl-fw packets processed: 4112384
nat-tcp-v4 packets processed: 5095424
maglev packets processed: 3997696
acl-fw packets processed: 4128768
nat-tcp-v4 packets processed: 5111808
acl-fw packets processed: 4145152
maglev packets processed: 4014080
nat-tcp-v4 packets processed: 5128192
acl-fw packets processed: 4161536
nat-tcp-v4 packets processed: 5144576
maglev packets processed: 4030464
nat-tcp-v4 packets processed: 5160960
acl-fw packets processed: 4177920
maglev packets processed: 4046848
nat-tcp-v4 packets processed: 5177344
acl-fw packets processed: 4194304
nat-tcp-v4 packets processed: 5193728
maglev packets processed: 4063232
acl-fw packets processed: 4210688
nat-tcp-v4 packets processed: 5210112
maglev packets processed: 4079616
acl-fw packets processed: 4227072
nat-tcp-v4 packets processed: 5226496
acl-fw packets processed: 4243456
maglev packets processed: 4096000
nat-tcp-v4 packets processed: 5242880
acl-fw packets processed: 4259840
nat-tcp-v4 packets processed: 5259264
maglev packets processed: 4112384
nat-tcp-v4 packets processed: 5275648
acl-fw packets processed: 4276224
maglev packets processed: 4128768
nat-tcp-v4 packets processed: 5292032
acl-fw packets processed: 4292608
maglev packets processed: 4145152
nat-tcp-v4 packets processed: 5308416
acl-fw packets processed: 4308992
nat-tcp-v4 packets processed: 5324800
maglev packets processed: 4161536
acl-fw packets processed: 4325376
nat-tcp-v4 packets processed: 5341184
maglev packets processed: 4177920
acl-fw packets processed: 4341760
nat-tcp-v4 packets processed: 5357568
nat-tcp-v4 packets processed: 5373952
acl-fw packets processed: 4358144
maglev packets processed: 4194304
nat-tcp-v4 packets processed: 5390336
acl-fw packets processed: 4374528
maglev packets processed: 4210688
nat-tcp-v4 packets processed: 5406720
acl-fw packets processed: 4390912
maglev packets processed: 4227072
nat-tcp-v4 packets processed: 5423104
acl-fw packets processed: 4407296
nat-tcp-v4 packets processed: 5439488
maglev packets processed: 4243456
acl-fw packets processed: 4423680
nat-tcp-v4 packets processed: 5455872
maglev packets processed: 4259840
acl-fw packets processed: 4440064
nat-tcp-v4 packets processed: 5472256
nat-tcp-v4 packets processed: 5488640
maglev packets processed: 4276224
acl-fw packets processed: 4456448
nat-tcp-v4 packets processed: 5505024
acl-fw packets processed: 4472832
maglev packets processed: 4292608
nat-tcp-v4 packets processed: 5521408
acl-fw packets processed: 4489216
maglev packets processed: 4308992
nat-tcp-v4 packets processed: 5537792
acl-fw packets processed: 4505600
nat-tcp-v4 packets processed: 5554176
maglev packets processed: 4325376
acl-fw packets processed: 4521984
nat-tcp-v4 packets processed: 5570560
maglev packets processed: 4341760
nat-tcp-v4 packets processed: 5586944
acl-fw packets processed: 4538368
maglev packets processed: 4358144
nat-tcp-v4 packets processed: 5603328
acl-fw packets processed: 4554752
nat-tcp-v4 packets processed: 5619712
maglev packets processed: 4374528
acl-fw packets processed: 4571136
nat-tcp-v4 packets processed: 5636096
acl-fw packets processed: 4587520
maglev packets processed: 4390912
nat-tcp-v4 packets processed: 5652480
acl-fw packets processed: 4603904
nat-tcp-v4 packets processed: 5668864
maglev packets processed: 4407296
acl-fw packets processed: 4620288
nat-tcp-v4 packets processed: 5685248
maglev packets processed: 4423680
nat-tcp-v4 packets processed: 5701632
acl-fw packets processed: 4636672
maglev packets processed: 4440064
nat-tcp-v4 packets processed: 5718016
acl-fw packets processed: 4653056
nat-tcp-v4 packets processed: 5734400
maglev packets processed: 4456448
acl-fw packets processed: 4669440
nat-tcp-v4 packets processed: 5750784
maglev packets processed: 4472832
acl-fw packets processed: 4685824
nat-tcp-v4 packets processed: 5767168
acl-fw packets processed: 4702208
maglev packets processed: 4489216
nat-tcp-v4 packets processed: 5783552
acl-fw packets processed: 4718592
nat-tcp-v4 packets processed: 5799936
maglev packets processed: 4505600
nat-tcp-v4 packets processed: 5816320
acl-fw packets processed: 4734976
maglev packets processed: 4521984
nat-tcp-v4 packets processed: 5832704
acl-fw packets processed: 4751360
nat-tcp-v4 packets processed: 5849088
maglev packets processed: 4538368
acl-fw packets processed: 4767744
nat-tcp-v4 packets processed: 5865472
maglev packets processed: 4554752
acl-fw packets processed: 4784128
nat-tcp-v4 packets processed: 5881856
acl-fw packets processed: 4800512
maglev packets processed: 4571136
nat-tcp-v4 packets processed: 5898240
nat-tcp-v4 packets processed: 5914624
acl-fw packets processed: 4816896
maglev packets processed: 4587520
nat-tcp-v4 packets processed: 5931008
acl-fw packets processed: 4833280
maglev packets processed: 4603904
nat-tcp-v4 packets processed: 5947392
acl-fw packets processed: 4849664
nat-tcp-v4 packets processed: 5963776
maglev packets processed: 4620288
acl-fw packets processed: 4866048
nat-tcp-v4 packets processed: 5980160
maglev packets processed: 4636672
acl-fw packets processed: 4882432
nat-tcp-v4 packets processed: 5996544
maglev packets processed: 4653056
acl-fw packets processed: 4898816
nat-tcp-v4 packets processed: 6012928
nat-tcp-v4 packets processed: 6029312
acl-fw packets processed: 4915200
maglev packets processed: 4669440
nat-tcp-v4 packets processed: 6045696
acl-fw packets processed: 4931584
maglev packets processed: 4685824
nat-tcp-v4 packets processed: 6062080
acl-fw packets processed: 4947968
maglev packets processed: 4702208
nat-tcp-v4 packets processed: 6078464
acl-fw packets processed: 4964352
nat-tcp-v4 packets processed: 6094848
maglev packets processed: 4718592
acl-fw packets processed: 4980736
nat-tcp-v4 packets processed: 6111232
maglev packets processed: 4734976
nat-tcp-v4 packets processed: 6127616
acl-fw packets processed: 4997120
nat-tcp-v4 packets processed: 6144000
maglev packets processed: 4751360
acl-fw packets processed: 5013504
nat-tcp-v4 packets processed: 6160384
acl-fw packets processed: 5029888
maglev packets processed: 4767744
nat-tcp-v4 packets processed: 6176768
acl-fw packets processed: 5046272
maglev packets processed: 4784128
nat-tcp-v4 packets processed: 6193152
acl-fw packets processed: 5062656
nat-tcp-v4 packets processed: 6209536
maglev packets processed: 4800512
acl-fw packets processed: 5079040
nat-tcp-v4 packets processed: 6225920
maglev packets processed: 4816896
nat-tcp-v4 packets processed: 6242304
acl-fw packets processed: 5095424
maglev packets processed: 4833280
nat-tcp-v4 packets processed: 6258688
acl-fw packets processed: 5111808
nat-tcp-v4 packets processed: 6275072
maglev packets processed: 4849664
acl-fw packets processed: 5128192
nat-tcp-v4 packets processed: 6291456
acl-fw packets processed: 5144576
maglev packets processed: 4866048
nat-tcp-v4 packets processed: 6307840
acl-fw packets processed: 5160960
nat-tcp-v4 packets processed: 6324224
maglev packets processed: 4882432
acl-fw packets processed: 5177344
nat-tcp-v4 packets processed: 6340608
maglev packets processed: 4898816
nat-tcp-v4 packets processed: 6356992
acl-fw packets processed: 5193728
maglev packets processed: 4915200
nat-tcp-v4 packets processed: 6373376
acl-fw packets processed: 5210112
nat-tcp-v4 packets processed: 6389760
maglev packets processed: 4931584
acl-fw packets processed: 5226496
nat-tcp-v4 packets processed: 6406144
maglev packets processed: 4947968
acl-fw packets processed: 5242880
nat-tcp-v4 packets processed: 6422528
acl-fw packets processed: 5259264
nat-tcp-v4 packets processed: 6438912
maglev packets processed: 4964352
nat-tcp-v4 packets processed: 6455296
acl-fw packets processed: 5275648
maglev packets processed: 4980736
nat-tcp-v4 packets processed: 6471680
acl-fw packets processed: 5292032
maglev packets processed: 4997120
nat-tcp-v4 packets processed: 6488064
acl-fw packets processed: 5308416
nat-tcp-v4 packets processed: 6504448
maglev packets processed: 5013504
acl-fw packets processed: 5324800
nat-tcp-v4 packets processed: 6520832
maglev packets processed: 5029888
acl-fw packets processed: 5341184
nat-tcp-v4 packets processed: 6537216
maglev packets processed: 5046272
acl-fw packets processed: 5357568
nat-tcp-v4 packets processed: 6553600
nat-tcp-v4 packets processed: 6569984
acl-fw packets processed: 5373952
maglev packets processed: 5062656
nat-tcp-v4 packets processed: 6586368
acl-fw packets processed: 5390336
maglev packets processed: 5079040
nat-tcp-v4 packets processed: 6602752
acl-fw packets processed: 5406720
nat-tcp-v4 packets processed: 6619136
maglev packets processed: 5095424
acl-fw packets processed: 5423104
nat-tcp-v4 packets processed: 6635520
maglev packets processed: 5111808
acl-fw packets processed: 5439488
nat-tcp-v4 packets processed: 6651904
maglev packets processed: 5128192
nat-tcp-v4 packets processed: 6668288
acl-fw packets processed: 5455872
nat-tcp-v4 packets processed: 6684672
acl-fw packets processed: 5472256
maglev packets processed: 5144576
nat-tcp-v4 packets processed: 6701056
acl-fw packets processed: 5488640
maglev packets processed: 5160960
nat-tcp-v4 packets processed: 6717440
acl-fw packets processed: 5505024
nat-tcp-v4 packets processed: 6733824
maglev packets processed: 5177344
acl-fw packets processed: 5521408
nat-tcp-v4 packets processed: 6750208
maglev packets processed: 5193728
acl-fw packets processed: 5537792
nat-tcp-v4 packets processed: 6766592
maglev packets processed: 5210112
nat-tcp-v4 packets processed: 6782976
acl-fw packets processed: 5554176
nat-tcp-v4 packets processed: 6799360
maglev packets processed: 5226496
acl-fw packets processed: 5570560
nat-tcp-v4 packets processed: 6815744
acl-fw packets processed: 5586944
maglev packets processed: 5242880
nat-tcp-v4 packets processed: 6832128
acl-fw packets processed: 5603328
maglev packets processed: 5259264
nat-tcp-v4 packets processed: 6848512
acl-fw packets processed: 5619712
nat-tcp-v4 packets processed: 6864896
maglev packets processed: 5275648
nat-tcp-v4 packets processed: 6881280
acl-fw packets processed: 5636096
maglev packets processed: 5292032
nat-tcp-v4 packets processed: 6897664
acl-fw packets processed: 5652480
nat-tcp-v4 packets processed: 6914048
maglev packets processed: 5308416
acl-fw packets processed: 5668864
nat-tcp-v4 packets processed: 6930432
maglev packets processed: 5324800
acl-fw packets processed: 5685248
nat-tcp-v4 packets processed: 6946816
acl-fw packets processed: 5701632
maglev packets processed: 5341184
nat-tcp-v4 packets processed: 6963200
acl-fw packets processed: 5718016
nat-tcp-v4 packets processed: 6979584
maglev packets processed: 5357568
nat-tcp-v4 packets processed: 6995968
acl-fw packets processed: 5734400
maglev packets processed: 5373952
nat-tcp-v4 packets processed: 7012352
acl-fw packets processed: 5750784
maglev packets processed: 5390336
nat-tcp-v4 packets processed: 7028736
acl-fw packets processed: 5767168
nat-tcp-v4 packets processed: 7045120
maglev packets processed: 5406720
acl-fw packets processed: 5783552
nat-tcp-v4 packets processed: 7061504
maglev packets processed: 5423104
acl-fw packets processed: 5799936
nat-tcp-v4 packets processed: 7077888
acl-fw packets processed: 5816320
nat-tcp-v4 packets processed: 7094272
maglev packets processed: 5439488
nat-tcp-v4 packets processed: 7110656
acl-fw packets processed: 5832704
maglev packets processed: 5455872
nat-tcp-v4 packets processed: 7127040
acl-fw packets processed: 5849088
maglev packets processed: 5472256
nat-tcp-v4 packets processed: 7143424
acl-fw packets processed: 5865472
nat-tcp-v4 packets processed: 7159808
maglev packets processed: 5488640
acl-fw packets processed: 5881856
nat-tcp-v4 packets processed: 7176192
maglev packets processed: 5505024
acl-fw packets processed: 5898240
nat-tcp-v4 packets processed: 7192576
nat-tcp-v4 packets processed: 7208960
maglev packets processed: 5521408
acl-fw packets processed: 5914624
nat-tcp-v4 packets processed: 7225344
acl-fw packets processed: 5931008
maglev packets processed: 5537792
nat-tcp-v4 packets processed: 7241728
acl-fw packets processed: 5947392
maglev packets processed: 5554176
nat-tcp-v4 packets processed: 7258112
acl-fw packets processed: 5963776
nat-tcp-v4 packets processed: 7274496
maglev packets processed: 5570560
acl-fw packets processed: 5980160
nat-tcp-v4 packets processed: 7290880
maglev packets processed: 5586944
acl-fw packets processed: 5996544
nat-tcp-v4 packets processed: 7307264
maglev packets processed: 5603328
nat-tcp-v4 packets processed: 7323648
acl-fw packets processed: 6012928
nat-tcp-v4 packets processed: 7340032
acl-fw packets processed: 6029312
maglev packets processed: 5619712
nat-tcp-v4 packets processed: 7356416
acl-fw packets processed: 6045696
maglev packets processed: 5636096
nat-tcp-v4 packets processed: 7372800
acl-fw packets processed: 6062080
nat-tcp-v4 packets processed: 7389184
maglev packets processed: 5652480
acl-fw packets processed: 6078464
nat-tcp-v4 packets processed: 7405568
maglev packets processed: 5668864
nat-tcp-v4 packets processed: 7421952
acl-fw packets processed: 6094848
maglev packets processed: 5685248
nat-tcp-v4 packets processed: 7438336
acl-fw packets processed: 6111232
nat-tcp-v4 packets processed: 7454720
maglev packets processed: 5701632
acl-fw packets processed: 6127616
nat-tcp-v4 packets processed: 7471104
acl-fw packets processed: 6144000
maglev packets processed: 5718016
nat-tcp-v4 packets processed: 7487488
acl-fw packets processed: 6160384
maglev packets processed: 5734400
nat-tcp-v4 packets processed: 7503872
acl-fw packets processed: 6176768
nat-tcp-v4 packets processed: 7520256
maglev packets processed: 5750784
nat-tcp-v4 packets processed: 7536640
acl-fw packets processed: 6193152
maglev packets processed: 5767168
nat-tcp-v4 packets processed: 7553024
acl-fw packets processed: 6209536
nat-tcp-v4 packets processed: 7569408
maglev packets processed: 5783552
acl-fw packets processed: 6225920
nat-tcp-v4 packets processed: 7585792
maglev packets processed: 5799936
acl-fw packets processed: 6242304
nat-tcp-v4 packets processed: 7602176
acl-fw packets processed: 6258688
maglev packets processed: 5816320
nat-tcp-v4 packets processed: 7618560
nat-tcp-v4 packets processed: 7634944
acl-fw packets processed: 6275072
maglev packets processed: 5832704
nat-tcp-v4 packets processed: 7651328
acl-fw packets processed: 6291456
maglev packets processed: 5849088
nat-tcp-v4 packets processed: 7667712
acl-fw packets processed: 6307840
nat-tcp-v4 packets processed: 7684096
maglev packets processed: 5865472
acl-fw packets processed: 6324224
nat-tcp-v4 packets processed: 7700480
maglev packets processed: 5881856
acl-fw packets processed: 6340608
nat-tcp-v4 packets processed: 7716864
maglev packets processed: 5898240
acl-fw packets processed: 6356992
nat-tcp-v4 packets processed: 7733248
nat-tcp-v4 packets processed: 7749632
acl-fw packets processed: 6373376
maglev packets processed: 5914624
nat-tcp-v4 packets processed: 7766016
acl-fw packets processed: 6389760
maglev packets processed: 5931008
nat-tcp-v4 packets processed: 7782400
acl-fw packets processed: 6406144
maglev packets processed: 5947392
nat-tcp-v4 packets processed: 7798784
acl-fw packets processed: 6422528
nat-tcp-v4 packets processed: 7815168
maglev packets processed: 5963776
acl-fw packets processed: 6438912
nat-tcp-v4 packets processed: 7831552
maglev packets processed: 5980160
acl-fw packets processed: 6455296
nat-tcp-v4 packets processed: 7847936
nat-tcp-v4 packets processed: 7864320
maglev packets processed: 5996544
acl-fw packets processed: 6471680
nat-tcp-v4 packets processed: 7880704
acl-fw packets processed: 6488064
maglev packets processed: 6012928
nat-tcp-v4 packets processed: 7897088
acl-fw packets processed: 6504448
maglev packets processed: 6029312
nat-tcp-v4 packets processed: 7913472
acl-fw packets processed: 6520832
nat-tcp-v4 packets processed: 7929856
maglev packets processed: 6045696
acl-fw packets processed: 6537216
nat-tcp-v4 packets processed: 7946240
maglev packets processed: 6062080
nat-tcp-v4 packets processed: 7962624
acl-fw packets processed: 6553600
nat-tcp-v4 packets processed: 7979008
maglev packets processed: 6078464
acl-fw packets processed: 6569984
nat-tcp-v4 packets processed: 7995392
maglev packets processed: 6094848
acl-fw packets processed: 6586368
nat-tcp-v4 packets processed: 8011776
acl-fw packets processed: 6602752
maglev packets processed: 6111232
nat-tcp-v4 packets processed: 8028160
acl-fw packets processed: 6619136
nat-tcp-v4 packets processed: 8044544
maglev packets processed: 6127616
acl-fw packets processed: 6635520
nat-tcp-v4 packets processed: 8060928
maglev packets processed: 6144000
nat-tcp-v4 packets processed: 8077312
acl-fw packets processed: 6651904
maglev packets processed: 6160384
nat-tcp-v4 packets processed: 8093696
acl-fw packets processed: 6668288
nat-tcp-v4 packets processed: 8110080
maglev packets processed: 6176768
acl-fw packets processed: 6684672
nat-tcp-v4 packets processed: 8126464
acl-fw packets processed: 6701056
maglev packets processed: 6193152
nat-tcp-v4 packets processed: 8142848
acl-fw packets processed: 6717440
nat-tcp-v4 packets processed: 8159232
maglev packets processed: 6209536
nat-tcp-v4 packets processed: 8175616
acl-fw packets processed: 6733824
maglev packets processed: 6225920
nat-tcp-v4 packets processed: 8192000
acl-fw packets processed: 6750208
maglev packets processed: 6242304
nat-tcp-v4 packets processed: 8208384
acl-fw packets processed: 6766592
nat-tcp-v4 packets processed: 8224768
maglev packets processed: 6258688
acl-fw packets processed: 6782976
nat-tcp-v4 packets processed: 8241152
maglev packets processed: 6275072
acl-fw packets processed: 6799360
nat-tcp-v4 packets processed: 8257536
acl-fw packets processed: 6815744
maglev packets processed: 6291456
nat-tcp-v4 packets processed: 8273920
nat-tcp-v4 packets processed: 8290304
acl-fw packets processed: 6832128
maglev packets processed: 6307840
nat-tcp-v4 packets processed: 8306688
acl-fw packets processed: 6848512
maglev packets processed: 6324224
nat-tcp-v4 packets processed: 8323072
acl-fw packets processed: 6864896
nat-tcp-v4 packets processed: 8339456
maglev packets processed: 6340608
acl-fw packets processed: 6881280
nat-tcp-v4 packets processed: 8355840
maglev packets processed: 6356992
acl-fw packets processed: 6897664
nat-tcp-v4 packets processed: 8372224
maglev packets processed: 6373376
acl-fw packets processed: 6914048
nat-tcp-v4 packets processed: 8388608
nat-tcp-v4 packets processed: 8404992
acl-fw packets processed: 6930432
maglev packets processed: 6389760
nat-tcp-v4 packets processed: 8421376
acl-fw packets processed: 6946816
maglev packets processed: 6406144
nat-tcp-v4 packets processed: 8437760
acl-fw packets processed: 6963200
nat-tcp-v4 packets processed: 8454144
maglev packets processed: 6422528
acl-fw packets processed: 6979584
nat-tcp-v4 packets processed: 8470528
maglev packets processed: 6438912
acl-fw packets processed: 6995968
nat-tcp-v4 packets processed: 8486912
maglev packets processed: 6455296
nat-tcp-v4 packets processed: 8503296
acl-fw packets processed: 7012352
nat-tcp-v4 packets processed: 8519680
maglev packets processed: 6471680
acl-fw packets processed: 7028736
nat-tcp-v4 packets processed: 8536064
acl-fw packets processed: 7045120
maglev packets processed: 6488064
nat-tcp-v4 packets processed: 8552448
acl-fw packets processed: 7061504
maglev packets processed: 6504448
nat-tcp-v4 packets processed: 8568832
acl-fw packets processed: 7077888
nat-tcp-v4 packets processed: 8585216
maglev packets processed: 6520832
acl-fw packets processed: 7094272
nat-tcp-v4 packets processed: 8601600
maglev packets processed: 6537216
nat-tcp-v4 packets processed: 8617984
acl-fw packets processed: 7110656
nat-tcp-v4 packets processed: 8634368
maglev packets processed: 6553600
acl-fw packets processed: 7127040
nat-tcp-v4 packets processed: 8650752
maglev packets processed: 6569984
acl-fw packets processed: 7143424
Exiting @ tick 2154672798684 because user interrupt received
