gem5 Simulator System.  http://gem5.org
gem5 is copyrighted software; use the --copyright option for details.

gem5 compiled May 26 2020 11:00:21
gem5 started May 26 2020 20:36:00
gem5 executing on node-0.yangzhou-qv72236.lambda-mpi-pg0.clemson.cloudlab.us
command line: build/ARM/gem5.fast --remote-gdb-port=0 --outdir=/users/yangzhou/GEM5_DRAMSim2/sgx_nic/m5out/detailed_acl-fw.dpi.nat-tcp-v4.maglev_4MB_tp --stats-file=detailed_acl-fw.dpi.nat-tcp-v4.maglev_4MB_tp_stats.txt configs/dramsim2/dramsim2_se.py --cpu-type=detailed --clock=2.4GHz --cacheline_size=128 --caches --l2cache --l2config=setpartition --l2_size=1MB --l2_assoc=16 --fixaddr --rr_nc --split_mshr --split_rport --dramsim2 --tpturnlength=6 --devicecfg=./ext/DRAMSim2/ini/DDR3_micron_16M_8B_x8_sg15.ini --systemcfg=./ext/DRAMSim2/system_tp.ini --outputfile=/dev/null --fast-forward=1000000000 --maxinsts=100000000 --maxtick=2000000000000 --numpids=4 --p0=/users/yangzhou/NF-GEM5/acl-fw --p1=/users/yangzhou/NF-GEM5/dpi --p2=/users/yangzhou/NF-GEM5/nat-tcp-v4 --p3=/users/yangzhou/NF-GEM5/maglev
Global frequency set at 1000000000000 ticks per second
device file: ./ext/DRAMSim2/ini/DDR3_micron_16M_8B_x8_sg15.ini
system file: ./ext/DRAMSim2/system_tp.ini
output file: /dev/null
DEBUGSTR My tpTurnLength is 6
genTrace is 0
finish initializing memory controller
CPU Clock = 2398MHz
DRAM Clock = 1600MHz
Memory Capacity = 16384MB
initialize the layer 4
initialize the layer 4
Switch at instruction count:1000000000
info: Entering event queue @ 0.  Starting simulation...
info: Increasing stack size by one page.
info: Increasing stack size by one page.
info: Increasing stack size by one page.
info: Increasing stack size by one page.
value_t size: 1B
value_t size: 16B
memory size: 4.386990MB
acsmMaxStates: 724071
value_t size: 1B
memory size: 51.400196MB
acsmNumStates: 467695
memory size: 4.386990MB
trying to open file /users/yangzhou/ictf2010_100kflow.dat
opening succeeds
trying to open file /users/yangzhou/ictf2010_100kflow.dat
opening succeeds
trying to open file /users/yangzhou/ictf2010_100kflow.dat
opening succeeds
Reading pkt trace done!
average pkt size = 607.274170
Reading pkt trace done!
average pkt size = 607.274170
Reading pkt trace done!
average pkt size = 607.274170
recover down
ac restore done!
trying to open file /users/yangzhou/ictf2010_100kflow.dat
opening succeeds
Reading pkt trace done!
average pkt size = 607.274170
a thread in cpu2 reached the max instruction count @ 526993897278
a thread in cpu3 reached the max instruction count @ 528076709502
a thread in cpu0 reached the max instruction count @ 529637717310
Switched CPUS @ tick 529637717310
Changing memory mode to timing
switching cpus
**** REAL SIMULATION ****
info: Entering event queue @ 529637717310.  Starting simulation...
a thread in cpu3 reached the max instruction count @ 629252133057
a thread in cpu2 reached the max instruction count @ 631536854790
Exiting @ tick 634748689704 because a thread in cpu0 reached the max instruction count
