gem5 Simulator System.  http://gem5.org
gem5 is copyrighted software; use the --copyright option for details.

gem5 compiled Jan 24 2020 10:09:20
gem5 started Jan 24 2020 10:35:39
gem5 executing on node-1.yangzhou-qv63856.lambda-mpi-pg0.clemson.cloudlab.us, pid 105913
command line: build/ARM/gem5.fast --remote-gdb-port=0 --outdir=/users/yangzhou/gem5/sgx_nic/m5out/DerivO3CPU_lpm.monitoring_4MB --stats-file=DerivO3CPU_lpm.monitoring_4MB_stats.txt configs/example/se_nic.py --interp-dir /usr/aarch64-linux-gnu --redirects /lib=/usr/aarch64-linux-gnu/lib -c 'lpm;monitoring' --cpu-type=DerivO3CPU --cpu-clock=2.4GHz --asic-clock=0.56GHz --cacheline_size=128 --caches --l2cache --l2_size=4MB --l2_assoc=16 --mem-size=128GB --mem-type=DDR3_1600_8x8 --mem-channels=2 --mem-ranks=2 --fast-forward=2000000000 --rel-max-tick=3000000000000

['lpm', 'monitoring']
{'lpm': [0], 'monitoring': [1]} 2 2
Setting the interpreter path to: /usr/aarch64-linux-gnu 
For dynamically linked applications you might still need to setup the --redirects so that libraries are found

Global frequency set at 1000000000000 ticks per second
Switch at instruction count:2000000000
Receiving started
Receiving started
Receiving port Simulate queue
Running 1 pipelines
Running 1 pipelines
trying to open file /users/yangzhou/ictf2010.dat
opening succeeds
trying to open file /users/yangzhou/ictf2010.dat
opening succeeds
monitoring packets processed: 16384
monitoring packets processed: 32768
monitoring packets processed: 49152
monitoring packets processed: 65536
monitoring packets processed: 81920
monitoring packets processed: 98304
monitoring packets processed: 114688
monitoring packets processed: 131072
monitoring packets processed: 147456
monitoring packets processed: 163840
lpm packets processed: 16384
lpm packets processed: 32768
monitoring packets processed: 180224
lpm packets processed: 49152
monitoring packets processed: 196608
lpm packets processed: 65536
lpm packets processed: 81920
monitoring packets processed: 212992
lpm packets processed: 98304
lpm packets processed: 114688
monitoring packets processed: 229376
lpm packets processed: 131072
lpm packets processed: 147456
monitoring packets processed: 245760
lpm packets processed: 163840
monitoring packets processed: 262144
lpm packets processed: 180224
lpm packets processed: 196608
monitoring packets processed: 278528
lpm packets processed: 212992
lpm packets processed: 229376
monitoring packets processed: 294912
lpm packets processed: 245760
lpm packets processed: 262144
monitoring packets processed: 311296
lpm packets processed: 278528
lpm packets processed: 294912
monitoring packets processed: 327680
lpm packets processed: 311296
monitoring packets processed: 344064
lpm packets processed: 327680
lpm packets processed: 344064
monitoring packets processed: 360448
lpm packets processed: 360448
lpm packets processed: 376832
monitoring packets processed: 376832
lpm packets processed: 393216
lpm packets processed: 409600
monitoring packets processed: 393216
lpm packets processed: 425984
lpm packets processed: 442368
monitoring packets processed: 409600
lpm packets processed: 458752
monitoring packets processed: 425984
lpm packets processed: 475136
lpm packets processed: 491520
monitoring packets processed: 442368
lpm packets processed: 507904
lpm packets processed: 524288
monitoring packets processed: 458752
lpm packets processed: 540672
lpm packets processed: 557056
monitoring packets processed: 475136
lpm packets processed: 573440
lpm packets processed: 589824
monitoring packets processed: 491520
lpm packets processed: 606208
monitoring packets processed: 507904
lpm packets processed: 622592
lpm packets processed: 638976
monitoring packets processed: 524288
lpm packets processed: 655360
lpm packets processed: 671744
monitoring packets processed: 540672
lpm packets processed: 688128
lpm packets processed: 704512
monitoring packets processed: 557056
lpm packets processed: 720896
monitoring packets processed: 573440
lpm packets processed: 737280
lpm packets processed: 753664
monitoring packets processed: 589824
lpm packets processed: 770048
lpm packets processed: 786432
monitoring packets processed: 606208
lpm packets processed: 802816
lpm packets processed: 819200
monitoring packets processed: 622592
lpm packets processed: 835584
lpm packets processed: 851968
monitoring packets processed: 638976
lpm packets processed: 868352
monitoring packets processed: 655360
lpm packets processed: 884736
lpm packets processed: 901120
monitoring packets processed: 671744
lpm packets processed: 917504
lpm packets processed: 933888
monitoring packets processed: 688128
lpm packets processed: 950272
lpm packets processed: 966656
monitoring packets processed: 704512
lpm packets processed: 983040
lpm packets processed: 999424
monitoring packets processed: 720896
lpm packets processed: 1015808
monitoring packets processed: 737280
lpm packets processed: 1032192
lpm packets processed: 1048576
monitoring packets processed: 753664
lpm packets processed: 1064960
lpm packets processed: 1081344
monitoring packets processed: 770048
lpm packets processed: 1097728
lpm packets processed: 1114112
monitoring packets processed: 786432
lpm packets processed: 1130496
lpm packets processed: 1146880
monitoring packets processed: 802816
lpm packets processed: 1163264
monitoring packets processed: 819200
lpm packets processed: 1179648
lpm packets processed: 1196032
monitoring packets processed: 835584
lpm packets processed: 1212416
lpm packets processed: 1228800
monitoring packets processed: 851968
lpm packets processed: 1245184
lpm packets processed: 1261568
monitoring packets processed: 868352
lpm packets processed: 1277952
monitoring packets processed: 884736
lpm packets processed: 1294336
lpm packets processed: 1310720
monitoring packets processed: 901120
lpm packets processed: 1327104
lpm packets processed: 1343488
monitoring packets processed: 917504
lpm packets processed: 1359872
lpm packets processed: 1376256
monitoring packets processed: 933888
lpm packets processed: 1392640
lpm packets processed: 1409024
monitoring packets processed: 950272
lpm packets processed: 1425408
monitoring packets processed: 966656
lpm packets processed: 1441792
lpm packets processed: 1458176
monitoring packets processed: 983040
lpm packets processed: 1474560
lpm packets processed: 1490944
monitoring packets processed: 999424
lpm packets processed: 1507328
lpm packets processed: 1523712
monitoring packets processed: 1015808
lpm packets processed: 1540096
lpm packets processed: 1556480
monitoring packets processed: 1032192
lpm packets processed: 1572864
monitoring packets processed: 1048576
lpm packets processed: 1589248
lpm packets processed: 1605632
monitoring packets processed: 1064960
lpm packets processed: 1622016
lpm packets processed: 1638400
monitoring packets processed: 1081344
lpm packets processed: 1654784
lpm packets processed: 1671168
monitoring packets processed: 1097728
lpm packets processed: 1687552
monitoring packets processed: 1114112
lpm packets processed: 1703936
lpm packets processed: 1720320
monitoring packets processed: 1130496
lpm packets processed: 1736704
lpm packets processed: 1753088
monitoring packets processed: 1146880
lpm packets processed: 1769472
lpm packets processed: 1785856
monitoring packets processed: 1163264
lpm packets processed: 1802240
lpm packets processed: 1818624
monitoring packets processed: 1179648
lpm packets processed: 1835008
monitoring packets processed: 1196032
lpm packets processed: 1851392
lpm packets processed: 1867776
monitoring packets processed: 1212416
lpm packets processed: 1884160
lpm packets processed: 1900544
monitoring packets processed: 1228800
lpm packets processed: 1916928
lpm packets processed: 1933312
monitoring packets processed: 1245184
lpm packets processed: 1949696
lpm packets processed: 1966080
monitoring packets processed: 1261568
lpm packets processed: 1982464
monitoring packets processed: 1277952
lpm packets processed: 1998848
lpm packets processed: 2015232
monitoring packets processed: 1294336
lpm packets processed: 2031616
lpm packets processed: 2048000
monitoring packets processed: 1310720
lpm packets processed: 2064384
lpm packets processed: 2080768
monitoring packets processed: 1327104
lpm packets processed: 2097152
lpm packets processed: 2113536
monitoring packets processed: 1343488
lpm packets processed: 2129920
monitoring packets processed: 1359872
lpm packets processed: 2146304
lpm packets processed: 2162688
monitoring packets processed: 1376256
lpm packets processed: 2179072
lpm packets processed: 2195456
monitoring packets processed: 1392640
lpm packets processed: 2211840
lpm packets processed: 2228224
monitoring packets processed: 1409024
lpm packets processed: 2244608
monitoring packets processed: 1425408
lpm packets processed: 2260992
lpm packets processed: 2277376
monitoring packets processed: 1441792
lpm packets processed: 2293760
lpm packets processed: 2310144
monitoring packets processed: 1458176
lpm packets processed: 2326528
lpm packets processed: 2342912
monitoring packets processed: 1474560
lpm packets processed: 2359296
lpm packets processed: 2375680
monitoring packets processed: 1490944
lpm packets processed: 2392064
monitoring packets processed: 1507328
lpm packets processed: 2408448
lpm packets processed: 2424832
monitoring packets processed: 1523712
lpm packets processed: 2441216
lpm packets processed: 2457600
monitoring packets processed: 1540096
lpm packets processed: 2473984
lpm packets processed: 2490368
monitoring packets processed: 1556480
lpm packets processed: 2506752
lpm packets processed: 2523136
monitoring packets processed: 1572864
lpm packets processed: 2539520
monitoring packets processed: 1589248
lpm packets processed: 2555904
lpm packets processed: 2572288
monitoring packets processed: 1605632
lpm packets processed: 2588672
lpm packets processed: 2605056
monitoring packets processed: 1622016
lpm packets processed: 2621440
lpm packets processed: 2637824
monitoring packets processed: 1638400
lpm packets processed: 2654208
lpm packets processed: 2670592
monitoring packets processed: 1654784
lpm packets processed: 2686976
monitoring packets processed: 1671168
lpm packets processed: 2703360
lpm packets processed: 2719744
monitoring packets processed: 1687552
lpm packets processed: 2736128
lpm packets processed: 2752512
monitoring packets processed: 1703936
lpm packets processed: 2768896
lpm packets processed: 2785280
monitoring packets processed: 1720320
lpm packets processed: 2801664
monitoring packets processed: 1736704
lpm packets processed: 2818048
lpm packets processed: 2834432
monitoring packets processed: 1753088
lpm packets processed: 2850816
lpm packets processed: 2867200
monitoring packets processed: 1769472
lpm packets processed: 2883584
lpm packets processed: 2899968
monitoring packets processed: 1785856
lpm packets processed: 2916352
Switched CPUS @ tick 957956492175
switching cpus
**** REAL SIMULATION ****
lpm packets processed: 2932736
monitoring packets processed: 1802240
lpm packets processed: 2949120
monitoring packets processed: 1818624
lpm packets processed: 2965504
lpm packets processed: 2981888
monitoring packets processed: 1835008
lpm packets processed: 2998272
monitoring packets processed: 1851392
lpm packets processed: 3014656
lpm packets processed: 3031040
monitoring packets processed: 1867776
lpm packets processed: 3047424
monitoring packets processed: 1884160
lpm packets processed: 3063808
lpm packets processed: 3080192
monitoring packets processed: 1900544
lpm packets processed: 3096576
monitoring packets processed: 1916928
lpm packets processed: 3112960
lpm packets processed: 3129344
monitoring packets processed: 1933312
lpm packets processed: 3145728
monitoring packets processed: 1949696
lpm packets processed: 3162112
lpm packets processed: 3178496
monitoring packets processed: 1966080
lpm packets processed: 3194880
lpm packets processed: 3211264
monitoring packets processed: 1982464
lpm packets processed: 3227648
monitoring packets processed: 1998848
lpm packets processed: 3244032
lpm packets processed: 3260416
monitoring packets processed: 2015232
lpm packets processed: 3276800
monitoring packets processed: 2031616
lpm packets processed: 3293184
lpm packets processed: 3309568
monitoring packets processed: 2048000
lpm packets processed: 3325952
monitoring packets processed: 2064384
lpm packets processed: 3342336
lpm packets processed: 3358720
monitoring packets processed: 2080768
lpm packets processed: 3375104
monitoring packets processed: 2097152
lpm packets processed: 3391488
lpm packets processed: 3407872
monitoring packets processed: 2113536
lpm packets processed: 3424256
lpm packets processed: 3440640
monitoring packets processed: 2129920
lpm packets processed: 3457024
monitoring packets processed: 2146304
lpm packets processed: 3473408
lpm packets processed: 3489792
monitoring packets processed: 2162688
lpm packets processed: 3506176
monitoring packets processed: 2179072
lpm packets processed: 3522560
lpm packets processed: 3538944
monitoring packets processed: 2195456
lpm packets processed: 3555328
monitoring packets processed: 2211840
lpm packets processed: 3571712
lpm packets processed: 3588096
monitoring packets processed: 2228224
lpm packets processed: 3604480
monitoring packets processed: 2244608
lpm packets processed: 3620864
lpm packets processed: 3637248
monitoring packets processed: 2260992
lpm packets processed: 3653632
monitoring packets processed: 2277376
lpm packets processed: 3670016
lpm packets processed: 3686400
monitoring packets processed: 2293760
lpm packets processed: 3702784
lpm packets processed: 3719168
monitoring packets processed: 2310144
lpm packets processed: 3735552
monitoring packets processed: 2326528
lpm packets processed: 3751936
lpm packets processed: 3768320
monitoring packets processed: 2342912
lpm packets processed: 3784704
monitoring packets processed: 2359296
lpm packets processed: 3801088
lpm packets processed: 3817472
monitoring packets processed: 2375680
lpm packets processed: 3833856
monitoring packets processed: 2392064
lpm packets processed: 3850240
lpm packets processed: 3866624
monitoring packets processed: 2408448
lpm packets processed: 3883008
monitoring packets processed: 2424832
lpm packets processed: 3899392
lpm packets processed: 3915776
monitoring packets processed: 2441216
lpm packets processed: 3932160
monitoring packets processed: 2457600
lpm packets processed: 3948544
lpm packets processed: 3964928
monitoring packets processed: 2473984
lpm packets processed: 3981312
lpm packets processed: 3997696
monitoring packets processed: 2490368
lpm packets processed: 4014080
monitoring packets processed: 2506752
lpm packets processed: 4030464
lpm packets processed: 4046848
monitoring packets processed: 2523136
lpm packets processed: 4063232
monitoring packets processed: 2539520
lpm packets processed: 4079616
lpm packets processed: 4096000
monitoring packets processed: 2555904
lpm packets processed: 4112384
monitoring packets processed: 2572288
lpm packets processed: 4128768
lpm packets processed: 4145152
monitoring packets processed: 2588672
lpm packets processed: 4161536
monitoring packets processed: 2605056
lpm packets processed: 4177920
lpm packets processed: 4194304
monitoring packets processed: 2621440
lpm packets processed: 4210688
lpm packets processed: 4227072
monitoring packets processed: 2637824
lpm packets processed: 4243456
monitoring packets processed: 2654208
lpm packets processed: 4259840
lpm packets processed: 4276224
monitoring packets processed: 2670592
lpm packets processed: 4292608
monitoring packets processed: 2686976
lpm packets processed: 4308992
lpm packets processed: 4325376
monitoring packets processed: 2703360
lpm packets processed: 4341760
monitoring packets processed: 2719744
lpm packets processed: 4358144
lpm packets processed: 4374528
monitoring packets processed: 2736128
lpm packets processed: 4390912
monitoring packets processed: 2752512
lpm packets processed: 4407296
lpm packets processed: 4423680
monitoring packets processed: 2768896
lpm packets processed: 4440064
monitoring packets processed: 2785280
lpm packets processed: 4456448
lpm packets processed: 4472832
monitoring packets processed: 2801664
lpm packets processed: 4489216
lpm packets processed: 4505600
monitoring packets processed: 2818048
lpm packets processed: 4521984
monitoring packets processed: 2834432
lpm packets processed: 4538368
lpm packets processed: 4554752
monitoring packets processed: 2850816
lpm packets processed: 4571136
monitoring packets processed: 2867200
lpm packets processed: 4587520
lpm packets processed: 4603904
monitoring packets processed: 2883584
lpm packets processed: 4620288
monitoring packets processed: 2899968
lpm packets processed: 4636672
lpm packets processed: 4653056
monitoring packets processed: 2916352
lpm packets processed: 4669440
monitoring packets processed: 2932736
lpm packets processed: 4685824
lpm packets processed: 4702208
monitoring packets processed: 2949120
lpm packets processed: 4718592
lpm packets processed: 4734976
monitoring packets processed: 2965504
lpm packets processed: 4751360
monitoring packets processed: 2981888
lpm packets processed: 4767744
lpm packets processed: 4784128
monitoring packets processed: 2998272
lpm packets processed: 4800512
monitoring packets processed: 3014656
lpm packets processed: 4816896
lpm packets processed: 4833280
monitoring packets processed: 3031040
lpm packets processed: 4849664
monitoring packets processed: 3047424
lpm packets processed: 4866048
lpm packets processed: 4882432
monitoring packets processed: 3063808
lpm packets processed: 4898816
monitoring packets processed: 3080192
lpm packets processed: 4915200
lpm packets processed: 4931584
monitoring packets processed: 3096576
lpm packets processed: 4947968
monitoring packets processed: 3112960
lpm packets processed: 4964352
lpm packets processed: 4980736
monitoring packets processed: 3129344
lpm packets processed: 4997120
lpm packets processed: 5013504
monitoring packets processed: 3145728
lpm packets processed: 5029888
monitoring packets processed: 3162112
lpm packets processed: 5046272
lpm packets processed: 5062656
monitoring packets processed: 3178496
lpm packets processed: 5079040
monitoring packets processed: 3194880
lpm packets processed: 5095424
lpm packets processed: 5111808
monitoring packets processed: 3211264
lpm packets processed: 5128192
monitoring packets processed: 3227648
lpm packets processed: 5144576
lpm packets processed: 5160960
monitoring packets processed: 3244032
lpm packets processed: 5177344
monitoring packets processed: 3260416
lpm packets processed: 5193728
lpm packets processed: 5210112
monitoring packets processed: 3276800
lpm packets processed: 5226496
lpm packets processed: 5242880
monitoring packets processed: 3293184
lpm packets processed: 5259264
monitoring packets processed: 3309568
lpm packets processed: 5275648
lpm packets processed: 5292032
monitoring packets processed: 3325952
lpm packets processed: 5308416
monitoring packets processed: 3342336
lpm packets processed: 5324800
lpm packets processed: 5341184
monitoring packets processed: 3358720
lpm packets processed: 5357568
monitoring packets processed: 3375104
lpm packets processed: 5373952
lpm packets processed: 5390336
monitoring packets processed: 3391488
lpm packets processed: 5406720
monitoring packets processed: 3407872
lpm packets processed: 5423104
lpm packets processed: 5439488
monitoring packets processed: 3424256
lpm packets processed: 5455872
monitoring packets processed: 3440640
lpm packets processed: 5472256
lpm packets processed: 5488640
monitoring packets processed: 3457024
lpm packets processed: 5505024
lpm packets processed: 5521408
monitoring packets processed: 3473408
lpm packets processed: 5537792
monitoring packets processed: 3489792
lpm packets processed: 5554176
lpm packets processed: 5570560
monitoring packets processed: 3506176
lpm packets processed: 5586944
monitoring packets processed: 3522560
lpm packets processed: 5603328
lpm packets processed: 5619712
monitoring packets processed: 3538944
lpm packets processed: 5636096
monitoring packets processed: 3555328
lpm packets processed: 5652480
lpm packets processed: 5668864
monitoring packets processed: 3571712
lpm packets processed: 5685248
monitoring packets processed: 3588096
lpm packets processed: 5701632
lpm packets processed: 5718016
monitoring packets processed: 3604480
lpm packets processed: 5734400
monitoring packets processed: 3620864
lpm packets processed: 5750784
lpm packets processed: 5767168
monitoring packets processed: 3637248
lpm packets processed: 5783552
lpm packets processed: 5799936
monitoring packets processed: 3653632
lpm packets processed: 5816320
monitoring packets processed: 3670016
lpm packets processed: 5832704
lpm packets processed: 5849088
monitoring packets processed: 3686400
lpm packets processed: 5865472
monitoring packets processed: 3702784
lpm packets processed: 5881856
lpm packets processed: 5898240
monitoring packets processed: 3719168
lpm packets processed: 5914624
monitoring packets processed: 3735552
lpm packets processed: 5931008
lpm packets processed: 5947392
monitoring packets processed: 3751936
lpm packets processed: 5963776
monitoring packets processed: 3768320
lpm packets processed: 5980160
lpm packets processed: 5996544
monitoring packets processed: 3784704
lpm packets processed: 6012928
lpm packets processed: 6029312
monitoring packets processed: 3801088
lpm packets processed: 6045696
monitoring packets processed: 3817472
lpm packets processed: 6062080
lpm packets processed: 6078464
monitoring packets processed: 3833856
lpm packets processed: 6094848
monitoring packets processed: 3850240
lpm packets processed: 6111232
lpm packets processed: 6127616
monitoring packets processed: 3866624
lpm packets processed: 6144000
monitoring packets processed: 3883008
lpm packets processed: 6160384
lpm packets processed: 6176768
monitoring packets processed: 3899392
lpm packets processed: 6193152
monitoring packets processed: 3915776
lpm packets processed: 6209536
lpm packets processed: 6225920
monitoring packets processed: 3932160
lpm packets processed: 6242304
monitoring packets processed: 3948544
lpm packets processed: 6258688
lpm packets processed: 6275072
monitoring packets processed: 3964928
lpm packets processed: 6291456
lpm packets processed: 6307840
monitoring packets processed: 3981312
lpm packets processed: 6324224
monitoring packets processed: 3997696
lpm packets processed: 6340608
lpm packets processed: 6356992
monitoring packets processed: 4014080
lpm packets processed: 6373376
monitoring packets processed: 4030464
lpm packets processed: 6389760
lpm packets processed: 6406144
monitoring packets processed: 4046848
lpm packets processed: 6422528
monitoring packets processed: 4063232
lpm packets processed: 6438912
lpm packets processed: 6455296
monitoring packets processed: 4079616
lpm packets processed: 6471680
monitoring packets processed: 4096000
lpm packets processed: 6488064
lpm packets processed: 6504448
monitoring packets processed: 4112384
lpm packets processed: 6520832
lpm packets processed: 6537216
monitoring packets processed: 4128768
lpm packets processed: 6553600
monitoring packets processed: 4145152
lpm packets processed: 6569984
lpm packets processed: 6586368
monitoring packets processed: 4161536
lpm packets processed: 6602752
monitoring packets processed: 4177920
lpm packets processed: 6619136
lpm packets processed: 6635520
monitoring packets processed: 4194304
lpm packets processed: 6651904
monitoring packets processed: 4210688
lpm packets processed: 6668288
lpm packets processed: 6684672
monitoring packets processed: 4227072
lpm packets processed: 6701056
monitoring packets processed: 4243456
lpm packets processed: 6717440
lpm packets processed: 6733824
monitoring packets processed: 4259840
lpm packets processed: 6750208
monitoring packets processed: 4276224
lpm packets processed: 6766592
lpm packets processed: 6782976
monitoring packets processed: 4292608
lpm packets processed: 6799360
lpm packets processed: 6815744
monitoring packets processed: 4308992
lpm packets processed: 6832128
monitoring packets processed: 4325376
lpm packets processed: 6848512
lpm packets processed: 6864896
monitoring packets processed: 4341760
lpm packets processed: 6881280
monitoring packets processed: 4358144
lpm packets processed: 6897664
lpm packets processed: 6914048
monitoring packets processed: 4374528
lpm packets processed: 6930432
monitoring packets processed: 4390912
lpm packets processed: 6946816
lpm packets processed: 6963200
monitoring packets processed: 4407296
lpm packets processed: 6979584
monitoring packets processed: 4423680
lpm packets processed: 6995968
lpm packets processed: 7012352
monitoring packets processed: 4440064
lpm packets processed: 7028736
monitoring packets processed: 4456448
lpm packets processed: 7045120
lpm packets processed: 7061504
monitoring packets processed: 4472832
lpm packets processed: 7077888
lpm packets processed: 7094272
monitoring packets processed: 4489216
lpm packets processed: 7110656
monitoring packets processed: 4505600
lpm packets processed: 7127040
lpm packets processed: 7143424
monitoring packets processed: 4521984
lpm packets processed: 7159808
monitoring packets processed: 4538368
lpm packets processed: 7176192
lpm packets processed: 7192576
monitoring packets processed: 4554752
lpm packets processed: 7208960
monitoring packets processed: 4571136
lpm packets processed: 7225344
lpm packets processed: 7241728
monitoring packets processed: 4587520
lpm packets processed: 7258112
monitoring packets processed: 4603904
lpm packets processed: 7274496
lpm packets processed: 7290880
monitoring packets processed: 4620288
lpm packets processed: 7307264
lpm packets processed: 7323648
monitoring packets processed: 4636672
lpm packets processed: 7340032
monitoring packets processed: 4653056
lpm packets processed: 7356416
lpm packets processed: 7372800
monitoring packets processed: 4669440
lpm packets processed: 7389184
monitoring packets processed: 4685824
lpm packets processed: 7405568
lpm packets processed: 7421952
monitoring packets processed: 4702208
lpm packets processed: 7438336
monitoring packets processed: 4718592
lpm packets processed: 7454720
lpm packets processed: 7471104
monitoring packets processed: 4734976
lpm packets processed: 7487488
monitoring packets processed: 4751360
lpm packets processed: 7503872
lpm packets processed: 7520256
monitoring packets processed: 4767744
lpm packets processed: 7536640
monitoring packets processed: 4784128
lpm packets processed: 7553024
lpm packets processed: 7569408
monitoring packets processed: 4800512
lpm packets processed: 7585792
lpm packets processed: 7602176
monitoring packets processed: 4816896
lpm packets processed: 7618560
monitoring packets processed: 4833280
lpm packets processed: 7634944
lpm packets processed: 7651328
monitoring packets processed: 4849664
lpm packets processed: 7667712
monitoring packets processed: 4866048
lpm packets processed: 7684096
lpm packets processed: 7700480
monitoring packets processed: 4882432
lpm packets processed: 7716864
monitoring packets processed: 4898816
lpm packets processed: 7733248
lpm packets processed: 7749632
monitoring packets processed: 4915200
lpm packets processed: 7766016
monitoring packets processed: 4931584
lpm packets processed: 7782400
lpm packets processed: 7798784
monitoring packets processed: 4947968
lpm packets processed: 7815168
lpm packets processed: 7831552
monitoring packets processed: 4964352
lpm packets processed: 7847936
monitoring packets processed: 4980736
lpm packets processed: 7864320
lpm packets processed: 7880704
monitoring packets processed: 4997120
lpm packets processed: 7897088
monitoring packets processed: 5013504
lpm packets processed: 7913472
lpm packets processed: 7929856
monitoring packets processed: 5029888
lpm packets processed: 7946240
monitoring packets processed: 5046272
lpm packets processed: 7962624
lpm packets processed: 7979008
monitoring packets processed: 5062656
lpm packets processed: 7995392
monitoring packets processed: 5079040
lpm packets processed: 8011776
lpm packets processed: 8028160
monitoring packets processed: 5095424
lpm packets processed: 8044544
monitoring packets processed: 5111808
lpm packets processed: 8060928
lpm packets processed: 8077312
monitoring packets processed: 5128192
lpm packets processed: 8093696
lpm packets processed: 8110080
monitoring packets processed: 5144576
lpm packets processed: 8126464
monitoring packets processed: 5160960
lpm packets processed: 8142848
lpm packets processed: 8159232
monitoring packets processed: 5177344
lpm packets processed: 8175616
monitoring packets processed: 5193728
lpm packets processed: 8192000
lpm packets processed: 8208384
monitoring packets processed: 5210112
lpm packets processed: 8224768
monitoring packets processed: 5226496
lpm packets processed: 8241152
lpm packets processed: 8257536
monitoring packets processed: 5242880
lpm packets processed: 8273920
monitoring packets processed: 5259264
lpm packets processed: 8290304
lpm packets processed: 8306688
monitoring packets processed: 5275648
lpm packets processed: 8323072
monitoring packets processed: 5292032
lpm packets processed: 8339456
lpm packets processed: 8355840
monitoring packets processed: 5308416
lpm packets processed: 8372224
lpm packets processed: 8388608
monitoring packets processed: 5324800
lpm packets processed: 8404992
monitoring packets processed: 5341184
lpm packets processed: 8421376
lpm packets processed: 8437760
monitoring packets processed: 5357568
lpm packets processed: 8454144
monitoring packets processed: 5373952
lpm packets processed: 8470528
lpm packets processed: 8486912
monitoring packets processed: 5390336
lpm packets processed: 8503296
monitoring packets processed: 5406720
lpm packets processed: 8519680
lpm packets processed: 8536064
monitoring packets processed: 5423104
lpm packets processed: 8552448
monitoring packets processed: 5439488
lpm packets processed: 8568832
lpm packets processed: 8585216
monitoring packets processed: 5455872
lpm packets processed: 8601600
lpm packets processed: 8617984
monitoring packets processed: 5472256
lpm packets processed: 8634368
monitoring packets processed: 5488640
lpm packets processed: 8650752
lpm packets processed: 8667136
monitoring packets processed: 5505024
lpm packets processed: 8683520
monitoring packets processed: 5521408
lpm packets processed: 8699904
lpm packets processed: 8716288
monitoring packets processed: 5537792
lpm packets processed: 8732672
monitoring packets processed: 5554176
lpm packets processed: 8749056
lpm packets processed: 8765440
monitoring packets processed: 5570560
lpm packets processed: 8781824
monitoring packets processed: 5586944
lpm packets processed: 8798208
lpm packets processed: 8814592
monitoring packets processed: 5603328
lpm packets processed: 8830976
monitoring packets processed: 5619712
lpm packets processed: 8847360
lpm packets processed: 8863744
monitoring packets processed: 5636096
lpm packets processed: 8880128
lpm packets processed: 8896512
monitoring packets processed: 5652480
lpm packets processed: 8912896
monitoring packets processed: 5668864
lpm packets processed: 8929280
lpm packets processed: 8945664
monitoring packets processed: 5685248
lpm packets processed: 8962048
monitoring packets processed: 5701632
lpm packets processed: 8978432
lpm packets processed: 8994816
monitoring packets processed: 5718016
lpm packets processed: 9011200
monitoring packets processed: 5734400
lpm packets processed: 9027584
lpm packets processed: 9043968
monitoring packets processed: 5750784
lpm packets processed: 9060352
monitoring packets processed: 5767168
lpm packets processed: 9076736
lpm packets processed: 9093120
monitoring packets processed: 5783552
lpm packets processed: 9109504
lpm packets processed: 9125888
monitoring packets processed: 5799936
lpm packets processed: 9142272
monitoring packets processed: 5816320
lpm packets processed: 9158656
lpm packets processed: 9175040
monitoring packets processed: 5832704
lpm packets processed: 9191424
monitoring packets processed: 5849088
lpm packets processed: 9207808
lpm packets processed: 9224192
monitoring packets processed: 5865472
lpm packets processed: 9240576
monitoring packets processed: 5881856
lpm packets processed: 9256960
lpm packets processed: 9273344
monitoring packets processed: 5898240
lpm packets processed: 9289728
monitoring packets processed: 5914624
lpm packets processed: 9306112
lpm packets processed: 9322496
monitoring packets processed: 5931008
lpm packets processed: 9338880
monitoring packets processed: 5947392
lpm packets processed: 9355264
lpm packets processed: 9371648
monitoring packets processed: 5963776
lpm packets processed: 9388032
lpm packets processed: 9404416
monitoring packets processed: 5980160
lpm packets processed: 9420800
monitoring packets processed: 5996544
lpm packets processed: 9437184
lpm packets processed: 9453568
monitoring packets processed: 6012928
lpm packets processed: 9469952
monitoring packets processed: 6029312
lpm packets processed: 9486336
lpm packets processed: 9502720
monitoring packets processed: 6045696
lpm packets processed: 9519104
monitoring packets processed: 6062080
lpm packets processed: 9535488
lpm packets processed: 9551872
monitoring packets processed: 6078464
lpm packets processed: 9568256
monitoring packets processed: 6094848
lpm packets processed: 9584640
lpm packets processed: 9601024
monitoring packets processed: 6111232
lpm packets processed: 9617408
monitoring packets processed: 6127616
lpm packets processed: 9633792
lpm packets processed: 9650176
monitoring packets processed: 6144000
lpm packets processed: 9666560
lpm packets processed: 9682944
monitoring packets processed: 6160384
lpm packets processed: 9699328
monitoring packets processed: 6176768
lpm packets processed: 9715712
lpm packets processed: 9732096
monitoring packets processed: 6193152
lpm packets processed: 9748480
monitoring packets processed: 6209536
lpm packets processed: 9764864
lpm packets processed: 9781248
monitoring packets processed: 6225920
lpm packets processed: 9797632
monitoring packets processed: 6242304
lpm packets processed: 9814016
lpm packets processed: 9830400
monitoring packets processed: 6258688
lpm packets processed: 9846784
monitoring packets processed: 6275072
lpm packets processed: 9863168
lpm packets processed: 9879552
monitoring packets processed: 6291456
lpm packets processed: 9895936
lpm packets processed: 9912320
monitoring packets processed: 6307840
lpm packets processed: 9928704
monitoring packets processed: 6324224
lpm packets processed: 9945088
lpm packets processed: 9961472
monitoring packets processed: 6340608
lpm packets processed: 9977856
monitoring packets processed: 6356992
lpm packets processed: 9994240
lpm packets processed: 10010624
monitoring packets processed: 6373376
lpm packets processed: 10027008
monitoring packets processed: 6389760
lpm packets processed: 10043392
lpm packets processed: 10059776
monitoring packets processed: 6406144
lpm packets processed: 10076160
monitoring packets processed: 6422528
lpm packets processed: 10092544
lpm packets processed: 10108928
monitoring packets processed: 6438912
lpm packets processed: 10125312
monitoring packets processed: 6455296
lpm packets processed: 10141696
lpm packets processed: 10158080
monitoring packets processed: 6471680
lpm packets processed: 10174464
lpm packets processed: 10190848
monitoring packets processed: 6488064
lpm packets processed: 10207232
monitoring packets processed: 6504448
lpm packets processed: 10223616
lpm packets processed: 10240000
monitoring packets processed: 6520832
lpm packets processed: 10256384
monitoring packets processed: 6537216
lpm packets processed: 10272768
lpm packets processed: 10289152
monitoring packets processed: 6553600
lpm packets processed: 10305536
monitoring packets processed: 6569984
lpm packets processed: 10321920
lpm packets processed: 10338304
monitoring packets processed: 6586368
lpm packets processed: 10354688
monitoring packets processed: 6602752
lpm packets processed: 10371072
lpm packets processed: 10387456
monitoring packets processed: 6619136
lpm packets processed: 10403840
lpm packets processed: 10420224
monitoring packets processed: 6635520
lpm packets processed: 10436608
monitoring packets processed: 6651904
lpm packets processed: 10452992
lpm packets processed: 10469376
monitoring packets processed: 6668288
lpm packets processed: 10485760
monitoring packets processed: 6684672
lpm packets processed: 10502144
lpm packets processed: 10518528
monitoring packets processed: 6701056
lpm packets processed: 10534912
monitoring packets processed: 6717440
lpm packets processed: 10551296
lpm packets processed: 10567680
monitoring packets processed: 6733824
lpm packets processed: 10584064
monitoring packets processed: 6750208
lpm packets processed: 10600448
lpm packets processed: 10616832
monitoring packets processed: 6766592
lpm packets processed: 10633216
monitoring packets processed: 6782976
lpm packets processed: 10649600
lpm packets processed: 10665984
monitoring packets processed: 6799360
lpm packets processed: 10682368
lpm packets processed: 10698752
monitoring packets processed: 6815744
lpm packets processed: 10715136
monitoring packets processed: 6832128
lpm packets processed: 10731520
lpm packets processed: 10747904
monitoring packets processed: 6848512
lpm packets processed: 10764288
monitoring packets processed: 6864896
lpm packets processed: 10780672
lpm packets processed: 10797056
monitoring packets processed: 6881280
lpm packets processed: 10813440
monitoring packets processed: 6897664
lpm packets processed: 10829824
lpm packets processed: 10846208
monitoring packets processed: 6914048
lpm packets processed: 10862592
monitoring packets processed: 6930432
lpm packets processed: 10878976
lpm packets processed: 10895360
monitoring packets processed: 6946816
lpm packets processed: 10911744
monitoring packets processed: 6963200
lpm packets processed: 10928128
lpm packets processed: 10944512
monitoring packets processed: 6979584
lpm packets processed: 10960896
lpm packets processed: 10977280
monitoring packets processed: 6995968
lpm packets processed: 10993664
monitoring packets processed: 7012352
lpm packets processed: 11010048
lpm packets processed: 11026432
monitoring packets processed: 7028736
lpm packets processed: 11042816
monitoring packets processed: 7045120
lpm packets processed: 11059200
lpm packets processed: 11075584
monitoring packets processed: 7061504
lpm packets processed: 11091968
monitoring packets processed: 7077888
lpm packets processed: 11108352
lpm packets processed: 11124736
monitoring packets processed: 7094272
lpm packets processed: 11141120
monitoring packets processed: 7110656
lpm packets processed: 11157504
lpm packets processed: 11173888
monitoring packets processed: 7127040
lpm packets processed: 11190272
lpm packets processed: 11206656
monitoring packets processed: 7143424
lpm packets processed: 11223040
monitoring packets processed: 7159808
lpm packets processed: 11239424
lpm packets processed: 11255808
monitoring packets processed: 7176192
lpm packets processed: 11272192
monitoring packets processed: 7192576
lpm packets processed: 11288576
lpm packets processed: 11304960
monitoring packets processed: 7208960
lpm packets processed: 11321344
monitoring packets processed: 7225344
lpm packets processed: 11337728
lpm packets processed: 11354112
monitoring packets processed: 7241728
lpm packets processed: 11370496
monitoring packets processed: 7258112
lpm packets processed: 11386880
lpm packets processed: 11403264
monitoring packets processed: 7274496
lpm packets processed: 11419648
monitoring packets processed: 7290880
lpm packets processed: 11436032
lpm packets processed: 11452416
monitoring packets processed: 7307264
lpm packets processed: 11468800
lpm packets processed: 11485184
monitoring packets processed: 7323648
lpm packets processed: 11501568
monitoring packets processed: 7340032
lpm packets processed: 11517952
lpm packets processed: 11534336
monitoring packets processed: 7356416
lpm packets processed: 11550720
monitoring packets processed: 7372800
lpm packets processed: 11567104
lpm packets processed: 11583488
monitoring packets processed: 7389184
lpm packets processed: 11599872
monitoring packets processed: 7405568
lpm packets processed: 11616256
lpm packets processed: 11632640
monitoring packets processed: 7421952
lpm packets processed: 11649024
monitoring packets processed: 7438336
lpm packets processed: 11665408
lpm packets processed: 11681792
monitoring packets processed: 7454720
lpm packets processed: 11698176
Exiting @ tick 2277542430399 because user interrupt received
