gem5 Simulator System.  http://gem5.org
gem5 is copyrighted software; use the --copyright option for details.

gem5 compiled Jan 24 2020 10:09:20
gem5 started Jan 24 2020 10:35:39
gem5 executing on node-1.yangzhou-qv63856.lambda-mpi-pg0.clemson.cloudlab.us, pid 105904
command line: build/ARM/gem5.fast --remote-gdb-port=0 --outdir=/users/yangzhou/gem5/sgx_nic/m5out/DerivO3CPU_acl-fw.dpi-queue.nat-tcp-v4.maglev.monitoring_4MB --stats-file=DerivO3CPU_acl-fw.dpi-queue.nat-tcp-v4.maglev.monitoring_4MB_stats.txt configs/example/se_nic.py --interp-dir /usr/aarch64-linux-gnu --redirects /lib=/usr/aarch64-linux-gnu/lib -c 'acl-fw;dpi-queue;nat-tcp-v4;maglev;monitoring' --cpu-type=DerivO3CPU --cpu-clock=2.4GHz --asic-clock=0.56GHz --cacheline_size=128 --caches --l2cache --l2_size=4MB --l2_assoc=16 --mem-size=128GB --mem-type=DDR3_1600_8x8 --mem-channels=2 --mem-ranks=2 --fast-forward=2000000000 --rel-max-tick=3000000000000

['acl-fw', 'dpi-queue', 'nat-tcp-v4', 'maglev', 'monitoring']
{'maglev': [19], 'dpi-queue': [1, 2, 3, 4, 5, 6, 7, 8, 9, 10, 11, 12, 13, 14, 15, 16, 17], 'monitoring': [20], 'nat-tcp-v4': [18], 'acl-fw': [0]} 5 21
Setting the interpreter path to: /usr/aarch64-linux-gnu 
For dynamically linked applications you might still need to setup the --redirects so that libraries are found

Global frequency set at 1000000000000 ticks per second
Switch at instruction count:2000000000
Receiving started
Receiving started
Receiving started
Running 1 pipelines
Running 1 pipelines
Running 1 pipelines
trying to open file /users/yangzhou/ictf2010.dat
trying to open file /users/yangzhou/ictf2010.dat
trying to open file /users/yangzhou/ictf2010.dat
opening succeeds
opening succeeds
opening succeeds
Receiving port Simulate queue
Running 1 pipelines
trying to open file /users/yangzhou/ictf2010.dat
opening succeeds
pkt_num: 1048576
dpi rules length: 33471
Generating permutations
Generating LUT
number of rules in acls: 643
Done Generating LUT
monitoring packets processed: 16384
maglev packets processed: 16384
nat-tcp-v4 packets processed: 16384
monitoring packets processed: 32768
maglev packets processed: 32768
nat-tcp-v4 packets processed: 32768
monitoring packets processed: 49152
maglev packets processed: 49152
maglev packets processed: 65536
monitoring packets processed: 65536
nat-tcp-v4 packets processed: 49152
dpi AhoCorasick graph built up!
trying to open file /users/yangzhou/ictf2010.dat
opening succeeds
maglev packets processed: 81920
monitoring packets processed: 81920
nat-tcp-v4 packets processed: 65536
maglev packets processed: 98304
monitoring packets processed: 98304
maglev packets processed: 114688
nat-tcp-v4 packets processed: 81920
monitoring packets processed: 114688
maglev packets processed: 131072
monitoring packets processed: 131072
nat-tcp-v4 packets processed: 98304
maglev packets processed: 147456
monitoring packets processed: 147456
acl-fw packets processed: 16384
maglev packets processed: 163840
nat-tcp-v4 packets processed: 114688
acl-fw packets processed: 32768
monitoring packets processed: 163840
maglev packets processed: 180224
acl-fw packets processed: 49152
maglev packets processed: 196608
monitoring packets processed: 180224
nat-tcp-v4 packets processed: 131072
maglev packets processed: 212992
acl-fw packets processed: 65536
monitoring packets processed: 196608
nat-tcp-v4 packets processed: 147456
maglev packets processed: 229376
acl-fw packets processed: 81920
monitoring packets processed: 212992
nat-tcp-v4 packets processed: 163840
maglev packets processed: 245760
acl-fw packets processed: 98304
nat-tcp-v4 packets processed: 180224
monitoring packets processed: 229376
maglev packets processed: 262144
acl-fw packets processed: 114688
nat-tcp-v4 packets processed: 196608
monitoring packets processed: 245760
maglev packets processed: 278528
nat-tcp-v4 packets processed: 212992
acl-fw packets processed: 131072
monitoring packets processed: 262144
nat-tcp-v4 packets processed: 229376
maglev packets processed: 294912
acl-fw packets processed: 147456
nat-tcp-v4 packets processed: 245760
maglev packets processed: 311296
monitoring packets processed: 278528
acl-fw packets processed: 163840
nat-tcp-v4 packets processed: 262144
maglev packets processed: 327680
monitoring packets processed: 294912
acl-fw packets processed: 180224
nat-tcp-v4 packets processed: 278528
maglev packets processed: 344064
nat-tcp-v4 packets processed: 294912
acl-fw packets processed: 196608
monitoring packets processed: 311296
nat-tcp-v4 packets processed: 311296
maglev packets processed: 360448
acl-fw packets processed: 212992
monitoring packets processed: 327680
nat-tcp-v4 packets processed: 327680
maglev packets processed: 376832
acl-fw packets processed: 229376
nat-tcp-v4 packets processed: 344064
monitoring packets processed: 344064
maglev packets processed: 393216
nat-tcp-v4 packets processed: 360448
acl-fw packets processed: 245760
monitoring packets processed: 360448
maglev packets processed: 409600
nat-tcp-v4 packets processed: 376832
acl-fw packets processed: 262144
monitoring packets processed: 376832
nat-tcp-v4 packets processed: 393216
maglev packets processed: 425984
acl-fw packets processed: 278528
nat-tcp-v4 packets processed: 409600
maglev packets processed: 442368
monitoring packets processed: 393216
acl-fw packets processed: 294912
nat-tcp-v4 packets processed: 425984
maglev packets processed: 458752
monitoring packets processed: 409600
nat-tcp-v4 packets processed: 442368
acl-fw packets processed: 311296
maglev packets processed: 475136
nat-tcp-v4 packets processed: 458752
monitoring packets processed: 425984
acl-fw packets processed: 327680
maglev packets processed: 491520
nat-tcp-v4 packets processed: 475136
monitoring packets processed: 442368
acl-fw packets processed: 344064
nat-tcp-v4 packets processed: 491520
maglev packets processed: 507904
monitoring packets processed: 458752
nat-tcp-v4 packets processed: 507904
acl-fw packets processed: 360448
maglev packets processed: 524288
nat-tcp-v4 packets processed: 524288
acl-fw packets processed: 376832
monitoring packets processed: 475136
maglev packets processed: 540672
nat-tcp-v4 packets processed: 540672
acl-fw packets processed: 393216
monitoring packets processed: 491520
maglev packets processed: 557056
nat-tcp-v4 packets processed: 557056
acl-fw packets processed: 409600
nat-tcp-v4 packets processed: 573440
maglev packets processed: 573440
monitoring packets processed: 507904
nat-tcp-v4 packets processed: 589824
acl-fw packets processed: 425984
maglev packets processed: 589824
monitoring packets processed: 524288
nat-tcp-v4 packets processed: 606208
acl-fw packets processed: 442368
maglev packets processed: 606208
nat-tcp-v4 packets processed: 622592
monitoring packets processed: 540672
acl-fw packets processed: 458752
maglev packets processed: 622592
nat-tcp-v4 packets processed: 638976
monitoring packets processed: 557056
nat-tcp-v4 packets processed: 655360
acl-fw packets processed: 475136
maglev packets processed: 638976
monitoring packets processed: 573440
nat-tcp-v4 packets processed: 671744
acl-fw packets processed: 491520
maglev packets processed: 655360
nat-tcp-v4 packets processed: 688128
monitoring packets processed: 589824
maglev packets processed: 671744
acl-fw packets processed: 507904
nat-tcp-v4 packets processed: 704512
monitoring packets processed: 606208
maglev packets processed: 688128
acl-fw packets processed: 524288
nat-tcp-v4 packets processed: 720896
nat-tcp-v4 packets processed: 737280
maglev packets processed: 704512
monitoring packets processed: 622592
acl-fw packets processed: 540672
nat-tcp-v4 packets processed: 753664
maglev packets processed: 720896
acl-fw packets processed: 557056
monitoring packets processed: 638976
nat-tcp-v4 packets processed: 770048
maglev packets processed: 737280
acl-fw packets processed: 573440
nat-tcp-v4 packets processed: 786432
monitoring packets processed: 655360
maglev packets processed: 753664
nat-tcp-v4 packets processed: 802816
acl-fw packets processed: 589824
dpi packets processed: 65536
monitoring packets processed: 671744
nat-tcp-v4 packets processed: 819200
maglev packets processed: 770048
acl-fw packets processed: 606208
monitoring packets processed: 688128
nat-tcp-v4 packets processed: 835584
maglev packets processed: 786432
acl-fw packets processed: 622592
nat-tcp-v4 packets processed: 851968
monitoring packets processed: 704512
maglev packets processed: 802816
dpi packets processed: 131072
acl-fw packets processed: 638976
nat-tcp-v4 packets processed: 868352
monitoring packets processed: 720896
maglev packets processed: 819200
nat-tcp-v4 packets processed: 884736
acl-fw packets processed: 655360
maglev packets processed: 835584
nat-tcp-v4 packets processed: 901120
monitoring packets processed: 737280
acl-fw packets processed: 671744
dpi packets processed: 196608
nat-tcp-v4 packets processed: 917504
maglev packets processed: 851968
monitoring packets processed: 753664
acl-fw packets processed: 688128
nat-tcp-v4 packets processed: 933888
maglev packets processed: 868352
monitoring packets processed: 770048
nat-tcp-v4 packets processed: 950272
acl-fw packets processed: 704512
maglev packets processed: 884736
dpi packets processed: 262144
nat-tcp-v4 packets processed: 966656
acl-fw packets processed: 720896
monitoring packets processed: 786432
maglev packets processed: 901120
nat-tcp-v4 packets processed: 983040
acl-fw packets processed: 737280
monitoring packets processed: 802816
nat-tcp-v4 packets processed: 999424
maglev packets processed: 917504
acl-fw packets processed: 753664
nat-tcp-v4 packets processed: 1015808
dpi packets processed: 327680
monitoring packets processed: 819200
maglev packets processed: 933888
nat-tcp-v4 packets processed: 1032192
acl-fw packets processed: 770048
monitoring packets processed: 835584
maglev packets processed: 950272
nat-tcp-v4 packets processed: 1048576
acl-fw packets processed: 786432
maglev packets processed: 966656
nat-tcp-v4 packets processed: 1064960
monitoring packets processed: 851968
dpi packets processed: 393216
acl-fw packets processed: 802816
nat-tcp-v4 packets processed: 1081344
maglev packets processed: 983040
monitoring packets processed: 868352
nat-tcp-v4 packets processed: 1097728
acl-fw packets processed: 819200
maglev packets processed: 999424
monitoring packets processed: 884736
nat-tcp-v4 packets processed: 1114112
acl-fw packets processed: 835584
dpi packets processed: 458752
maglev packets processed: 1015808
nat-tcp-v4 packets processed: 1130496
monitoring packets processed: 901120
acl-fw packets processed: 851968
maglev packets processed: 1032192
nat-tcp-v4 packets processed: 1146880
monitoring packets processed: 917504
acl-fw packets processed: 868352
nat-tcp-v4 packets processed: 1163264
maglev packets processed: 1048576
dpi packets processed: 524288
nat-tcp-v4 packets processed: 1179648
monitoring packets processed: 933888
acl-fw packets processed: 884736
maglev packets processed: 1064960
nat-tcp-v4 packets processed: 1196032
acl-fw packets processed: 901120
maglev packets processed: 1081344
monitoring packets processed: 950272
nat-tcp-v4 packets processed: 1212416
acl-fw packets processed: 917504
maglev packets processed: 1097728
dpi packets processed: 589824
monitoring packets processed: 966656
nat-tcp-v4 packets processed: 1228800
nat-tcp-v4 packets processed: 1245184
acl-fw packets processed: 933888
maglev packets processed: 1114112
monitoring packets processed: 983040
nat-tcp-v4 packets processed: 1261568
maglev packets processed: 1130496
acl-fw packets processed: 950272
monitoring packets processed: 999424
dpi packets processed: 655360
nat-tcp-v4 packets processed: 1277952
maglev packets processed: 1146880
acl-fw packets processed: 966656
nat-tcp-v4 packets processed: 1294336
monitoring packets processed: 1015808
maglev packets processed: 1163264
acl-fw packets processed: 983040
nat-tcp-v4 packets processed: 1310720
monitoring packets processed: 1032192
nat-tcp-v4 packets processed: 1327104
maglev packets processed: 1179648
dpi packets processed: 720896
acl-fw packets processed: 999424
nat-tcp-v4 packets processed: 1343488
monitoring packets processed: 1048576
maglev packets processed: 1196032
acl-fw packets processed: 1015808
nat-tcp-v4 packets processed: 1359872
maglev packets processed: 1212416
monitoring packets processed: 1064960
acl-fw packets processed: 1032192
nat-tcp-v4 packets processed: 1376256
dpi packets processed: 786432
maglev packets processed: 1228800
monitoring packets processed: 1081344
nat-tcp-v4 packets processed: 1392640
acl-fw packets processed: 1048576
maglev packets processed: 1245184
nat-tcp-v4 packets processed: 1409024
acl-fw packets processed: 1064960
monitoring packets processed: 1097728
nat-tcp-v4 packets processed: 1425408
maglev packets processed: 1261568
dpi packets processed: 851968
acl-fw packets processed: 1081344
monitoring packets processed: 1114112
nat-tcp-v4 packets processed: 1441792
maglev packets processed: 1277952
acl-fw packets processed: 1097728
nat-tcp-v4 packets processed: 1458176
monitoring packets processed: 1130496
maglev packets processed: 1294336
nat-tcp-v4 packets processed: 1474560
acl-fw packets processed: 1114112
monitoring packets processed: 1146880
dpi packets processed: 917504
maglev packets processed: 1310720
nat-tcp-v4 packets processed: 1490944
acl-fw packets processed: 1130496
nat-tcp-v4 packets processed: 1507328
monitoring packets processed: 1163264
maglev packets processed: 1327104
acl-fw packets processed: 1146880
nat-tcp-v4 packets processed: 1523712
maglev packets processed: 1343488
monitoring packets processed: 1179648
dpi packets processed: 983040
nat-tcp-v4 packets processed: 1540096
acl-fw packets processed: 1163264
maglev packets processed: 1359872
monitoring packets processed: 1196032
nat-tcp-v4 packets processed: 1556480
acl-fw packets processed: 1179648
maglev packets processed: 1376256
nat-tcp-v4 packets processed: 1572864
monitoring packets processed: 1212416
acl-fw packets processed: 1196032
dpi packets processed: 1048576
nat-tcp-v4 packets processed: 1589248
maglev packets processed: 1392640
monitoring packets processed: 1228800
acl-fw packets processed: 1212416
nat-tcp-v4 packets processed: 1605632
maglev packets processed: 1409024
nat-tcp-v4 packets processed: 1622016
monitoring packets processed: 1245184
acl-fw packets processed: 1228800
maglev packets processed: 1425408
nat-tcp-v4 packets processed: 1638400
dpi packets processed: 1114112
acl-fw packets processed: 1245184
monitoring packets processed: 1261568
maglev packets processed: 1441792
nat-tcp-v4 packets processed: 1654784
acl-fw packets processed: 1261568
monitoring packets processed: 1277952
nat-tcp-v4 packets processed: 1671168
maglev packets processed: 1458176
nat-tcp-v4 packets processed: 1687552
acl-fw packets processed: 1277952
maglev packets processed: 1474560
dpi packets processed: 1179648
monitoring packets processed: 1294336
nat-tcp-v4 packets processed: 1703936
acl-fw packets processed: 1294336
maglev packets processed: 1490944
monitoring packets processed: 1310720
nat-tcp-v4 packets processed: 1720320
acl-fw packets processed: 1310720
maglev packets processed: 1507328
nat-tcp-v4 packets processed: 1736704
monitoring packets processed: 1327104
dpi packets processed: 1245184
acl-fw packets processed: 1327104
nat-tcp-v4 packets processed: 1753088
maglev packets processed: 1523712
monitoring packets processed: 1343488
nat-tcp-v4 packets processed: 1769472
acl-fw packets processed: 1343488
maglev packets processed: 1540096
nat-tcp-v4 packets processed: 1785856
monitoring packets processed: 1359872
acl-fw packets processed: 1359872
maglev packets processed: 1556480
dpi packets processed: 1310720
nat-tcp-v4 packets processed: 1802240
monitoring packets processed: 1376256
maglev packets processed: 1572864
acl-fw packets processed: 1376256
nat-tcp-v4 packets processed: 1818624
monitoring packets processed: 1392640
maglev packets processed: 1589248
nat-tcp-v4 packets processed: 1835008
acl-fw packets processed: 1392640
dpi packets processed: 1376256
nat-tcp-v4 packets processed: 1851392
maglev packets processed: 1605632
acl-fw packets processed: 1409024
monitoring packets processed: 1409024
nat-tcp-v4 packets processed: 1867776
maglev packets processed: 1622016
acl-fw packets processed: 1425408
monitoring packets processed: 1425408
nat-tcp-v4 packets processed: 1884160
maglev packets processed: 1638400
acl-fw packets processed: 1441792
dpi packets processed: 1441792
nat-tcp-v4 packets processed: 1900544
monitoring packets processed: 1441792
maglev packets processed: 1654784
nat-tcp-v4 packets processed: 1916928
acl-fw packets processed: 1458176
monitoring packets processed: 1458176
nat-tcp-v4 packets processed: 1933312
maglev packets processed: 1671168
acl-fw packets processed: 1474560
nat-tcp-v4 packets processed: 1949696
monitoring packets processed: 1474560
dpi packets processed: 1507328
maglev packets processed: 1687552
acl-fw packets processed: 1490944
nat-tcp-v4 packets processed: 1966080
monitoring packets processed: 1490944
maglev packets processed: 1703936
nat-tcp-v4 packets processed: 1982464
acl-fw packets processed: 1507328
monitoring packets processed: 1507328
maglev packets processed: 1720320
nat-tcp-v4 packets processed: 1998848
dpi packets processed: 1572864
acl-fw packets processed: 1523712
nat-tcp-v4 packets processed: 2015232
maglev packets processed: 1736704
monitoring packets processed: 1523712
acl-fw packets processed: 1540096
nat-tcp-v4 packets processed: 2031616
maglev packets processed: 1753088
monitoring packets processed: 1540096
acl-fw packets processed: 1556480
nat-tcp-v4 packets processed: 2048000
dpi packets processed: 1638400
maglev packets processed: 1769472
nat-tcp-v4 packets processed: 2064384
monitoring packets processed: 1556480
acl-fw packets processed: 1572864
maglev packets processed: 1785856
nat-tcp-v4 packets processed: 2080768
acl-fw packets processed: 1589248
monitoring packets processed: 1572864
nat-tcp-v4 packets processed: 2097152
maglev packets processed: 1802240
dpi packets processed: 1703936
acl-fw packets processed: 1605632
monitoring packets processed: 1589248
nat-tcp-v4 packets processed: 2113536
maglev packets processed: 1818624
nat-tcp-v4 packets processed: 2129920
acl-fw packets processed: 1622016
monitoring packets processed: 1605632
maglev packets processed: 1835008
nat-tcp-v4 packets processed: 2146304
acl-fw packets processed: 1638400
monitoring packets processed: 1622016
maglev packets processed: 1851392
dpi packets processed: 1769472
nat-tcp-v4 packets processed: 2162688
acl-fw packets processed: 1654784
nat-tcp-v4 packets processed: 2179072
maglev packets processed: 1867776
monitoring packets processed: 1638400
acl-fw packets processed: 1671168
nat-tcp-v4 packets processed: 2195456
maglev packets processed: 1884160
monitoring packets processed: 1654784
dpi packets processed: 1835008
nat-tcp-v4 packets processed: 2211840
acl-fw packets processed: 1687552
maglev packets processed: 1900544
nat-tcp-v4 packets processed: 2228224
monitoring packets processed: 1671168
acl-fw packets processed: 1703936
maglev packets processed: 1916928
nat-tcp-v4 packets processed: 2244608
monitoring packets processed: 1687552
acl-fw packets processed: 1720320
maglev packets processed: 1933312
nat-tcp-v4 packets processed: 2260992
dpi packets processed: 1900544
monitoring packets processed: 1703936
nat-tcp-v4 packets processed: 2277376
acl-fw packets processed: 1736704
maglev packets processed: 1949696
nat-tcp-v4 packets processed: 2293760
monitoring packets processed: 1720320
acl-fw packets processed: 1753088
maglev packets processed: 1966080
nat-tcp-v4 packets processed: 2310144
dpi packets processed: 1966080
acl-fw packets processed: 1769472
maglev packets processed: 1982464
monitoring packets processed: 1736704
nat-tcp-v4 packets processed: 2326528
acl-fw packets processed: 1785856
maglev packets processed: 1998848
nat-tcp-v4 packets processed: 2342912
Switched CPUS @ tick 939548333253
switching cpus
**** REAL SIMULATION ****
monitoring packets processed: 1753088
nat-tcp-v4 packets processed: 2359296
acl-fw packets processed: 1802240
maglev packets processed: 2015232
monitoring packets processed: 1769472
nat-tcp-v4 packets processed: 2375680
dpi packets processed: 2031616
acl-fw packets processed: 1818624
monitoring packets processed: 1785856
maglev packets processed: 2031616
nat-tcp-v4 packets processed: 2392064
acl-fw packets processed: 1835008
monitoring packets processed: 1802240
nat-tcp-v4 packets processed: 2408448
maglev packets processed: 2048000
acl-fw packets processed: 1851392
monitoring packets processed: 1818624
nat-tcp-v4 packets processed: 2424832
maglev packets processed: 2064384
acl-fw packets processed: 1867776
nat-tcp-v4 packets processed: 2441216
monitoring packets processed: 1835008
dpi packets processed: 2097152
maglev packets processed: 2080768
acl-fw packets processed: 1884160
nat-tcp-v4 packets processed: 2457600
monitoring packets processed: 1851392
nat-tcp-v4 packets processed: 2473984
acl-fw packets processed: 1900544
maglev packets processed: 2097152
monitoring packets processed: 1867776
nat-tcp-v4 packets processed: 2490368
acl-fw packets processed: 1916928
maglev packets processed: 2113536
monitoring packets processed: 1884160
nat-tcp-v4 packets processed: 2506752
acl-fw packets processed: 1933312
maglev packets processed: 2129920
monitoring packets processed: 1900544
nat-tcp-v4 packets processed: 2523136
dpi packets processed: 2162688
acl-fw packets processed: 1949696
nat-tcp-v4 packets processed: 2539520
monitoring packets processed: 1916928
maglev packets processed: 2146304
acl-fw packets processed: 1966080
nat-tcp-v4 packets processed: 2555904
monitoring packets processed: 1933312
maglev packets processed: 2162688
nat-tcp-v4 packets processed: 2572288
acl-fw packets processed: 1982464
monitoring packets processed: 1949696
nat-tcp-v4 packets processed: 2588672
maglev packets processed: 2179072
acl-fw packets processed: 1998848
dpi packets processed: 2228224
monitoring packets processed: 1966080
nat-tcp-v4 packets processed: 2605056
acl-fw packets processed: 2015232
maglev packets processed: 2195456
nat-tcp-v4 packets processed: 2621440
monitoring packets processed: 1982464
acl-fw packets processed: 2031616
maglev packets processed: 2211840
nat-tcp-v4 packets processed: 2637824
monitoring packets processed: 1998848
acl-fw packets processed: 2048000
nat-tcp-v4 packets processed: 2654208
maglev packets processed: 2228224
monitoring packets processed: 2015232
acl-fw packets processed: 2064384
dpi packets processed: 2293760
nat-tcp-v4 packets processed: 2670592
maglev packets processed: 2244608
monitoring packets processed: 2031616
nat-tcp-v4 packets processed: 2686976
acl-fw packets processed: 2080768
monitoring packets processed: 2048000
maglev packets processed: 2260992
nat-tcp-v4 packets processed: 2703360
acl-fw packets processed: 2097152
nat-tcp-v4 packets processed: 2719744
monitoring packets processed: 2064384
maglev packets processed: 2277376
acl-fw packets processed: 2113536
nat-tcp-v4 packets processed: 2736128
monitoring packets processed: 2080768
dpi packets processed: 2359296
acl-fw packets processed: 2129920
maglev packets processed: 2293760
nat-tcp-v4 packets processed: 2752512
monitoring packets processed: 2097152
acl-fw packets processed: 2146304
nat-tcp-v4 packets processed: 2768896
maglev packets processed: 2310144
monitoring packets processed: 2113536
acl-fw packets processed: 2162688
nat-tcp-v4 packets processed: 2785280
maglev packets processed: 2326528
monitoring packets processed: 2129920
nat-tcp-v4 packets processed: 2801664
acl-fw packets processed: 2179072
maglev packets processed: 2342912
dpi packets processed: 2424832
nat-tcp-v4 packets processed: 2818048
monitoring packets processed: 2146304
acl-fw packets processed: 2195456
nat-tcp-v4 packets processed: 2834432
maglev packets processed: 2359296
monitoring packets processed: 2162688
acl-fw packets processed: 2211840
nat-tcp-v4 packets processed: 2850816
monitoring packets processed: 2179072
acl-fw packets processed: 2228224
maglev packets processed: 2375680
nat-tcp-v4 packets processed: 2867200
monitoring packets processed: 2195456
acl-fw packets processed: 2244608
nat-tcp-v4 packets processed: 2883584
maglev packets processed: 2392064
dpi packets processed: 2490368
monitoring packets processed: 2211840
acl-fw packets processed: 2260992
nat-tcp-v4 packets processed: 2899968
maglev packets processed: 2408448
nat-tcp-v4 packets processed: 2916352
monitoring packets processed: 2228224
acl-fw packets processed: 2277376
maglev packets processed: 2424832
nat-tcp-v4 packets processed: 2932736
acl-fw packets processed: 2293760
monitoring packets processed: 2244608
nat-tcp-v4 packets processed: 2949120
maglev packets processed: 2441216
acl-fw packets processed: 2310144
monitoring packets processed: 2260992
dpi packets processed: 2555904
nat-tcp-v4 packets processed: 2965504
maglev packets processed: 2457600
acl-fw packets processed: 2326528
monitoring packets processed: 2277376
nat-tcp-v4 packets processed: 2981888
acl-fw packets processed: 2342912
maglev packets processed: 2473984
monitoring packets processed: 2293760
nat-tcp-v4 packets processed: 2998272
nat-tcp-v4 packets processed: 3014656
acl-fw packets processed: 2359296
monitoring packets processed: 2310144
maglev packets processed: 2490368
nat-tcp-v4 packets processed: 3031040
acl-fw packets processed: 2375680
monitoring packets processed: 2326528
dpi packets processed: 2621440
maglev packets processed: 2506752
nat-tcp-v4 packets processed: 3047424
acl-fw packets processed: 2392064
monitoring packets processed: 2342912
nat-tcp-v4 packets processed: 3063808
maglev packets processed: 2523136
acl-fw packets processed: 2408448
monitoring packets processed: 2359296
nat-tcp-v4 packets processed: 3080192
maglev packets processed: 2539520
acl-fw packets processed: 2424832
monitoring packets processed: 2375680
nat-tcp-v4 packets processed: 3096576
maglev packets processed: 2555904
dpi packets processed: 2686976
acl-fw packets processed: 2441216
nat-tcp-v4 packets processed: 3112960
monitoring packets processed: 2392064
nat-tcp-v4 packets processed: 3129344
acl-fw packets processed: 2457600
maglev packets processed: 2572288
monitoring packets processed: 2408448
nat-tcp-v4 packets processed: 3145728
acl-fw packets processed: 2473984
maglev packets processed: 2588672
monitoring packets processed: 2424832
nat-tcp-v4 packets processed: 3162112
acl-fw packets processed: 2490368
monitoring packets processed: 2441216
maglev packets processed: 2605056
nat-tcp-v4 packets processed: 3178496
dpi packets processed: 2752512
acl-fw packets processed: 2506752
monitoring packets processed: 2457600
nat-tcp-v4 packets processed: 3194880
maglev packets processed: 2621440
acl-fw packets processed: 2523136
nat-tcp-v4 packets processed: 3211264
monitoring packets processed: 2473984
maglev packets processed: 2637824
acl-fw packets processed: 2539520
nat-tcp-v4 packets processed: 3227648
monitoring packets processed: 2490368
nat-tcp-v4 packets processed: 3244032
maglev packets processed: 2654208
acl-fw packets processed: 2555904
monitoring packets processed: 2506752
dpi packets processed: 2818048
nat-tcp-v4 packets processed: 3260416
acl-fw packets processed: 2572288
maglev packets processed: 2670592
monitoring packets processed: 2523136
nat-tcp-v4 packets processed: 3276800
acl-fw packets processed: 2588672
maglev packets processed: 2686976
nat-tcp-v4 packets processed: 3293184
monitoring packets processed: 2539520
acl-fw packets processed: 2605056
nat-tcp-v4 packets processed: 3309568
maglev packets processed: 2703360
monitoring packets processed: 2555904
acl-fw packets processed: 2621440
nat-tcp-v4 packets processed: 3325952
dpi packets processed: 2883584
monitoring packets processed: 2572288
maglev packets processed: 2719744
acl-fw packets processed: 2637824
nat-tcp-v4 packets processed: 3342336
monitoring packets processed: 2588672
maglev packets processed: 2736128
nat-tcp-v4 packets processed: 3358720
acl-fw packets processed: 2654208
monitoring packets processed: 2605056
nat-tcp-v4 packets processed: 3375104
acl-fw packets processed: 2670592
maglev packets processed: 2752512
nat-tcp-v4 packets processed: 3391488
monitoring packets processed: 2621440
acl-fw packets processed: 2686976
maglev packets processed: 2768896
dpi packets processed: 2949120
nat-tcp-v4 packets processed: 3407872
monitoring packets processed: 2637824
acl-fw packets processed: 2703360
nat-tcp-v4 packets processed: 3424256
maglev packets processed: 2785280
monitoring packets processed: 2654208
acl-fw packets processed: 2719744
nat-tcp-v4 packets processed: 3440640
maglev packets processed: 2801664
monitoring packets processed: 2670592
nat-tcp-v4 packets processed: 3457024
acl-fw packets processed: 2736128
maglev packets processed: 2818048
monitoring packets processed: 2686976
nat-tcp-v4 packets processed: 3473408
acl-fw packets processed: 2752512
dpi packets processed: 3014656
nat-tcp-v4 packets processed: 3489792
monitoring packets processed: 2703360
maglev packets processed: 2834432
acl-fw packets processed: 2768896
nat-tcp-v4 packets processed: 3506176
monitoring packets processed: 2719744
acl-fw packets processed: 2785280
maglev packets processed: 2850816
nat-tcp-v4 packets processed: 3522560
monitoring packets processed: 2736128
acl-fw packets processed: 2801664
maglev packets processed: 2867200
nat-tcp-v4 packets processed: 3538944
dpi packets processed: 3080192
monitoring packets processed: 2752512
acl-fw packets processed: 2818048
nat-tcp-v4 packets processed: 3555328
maglev packets processed: 2883584
monitoring packets processed: 2768896
nat-tcp-v4 packets processed: 3571712
acl-fw packets processed: 2834432
maglev packets processed: 2899968
nat-tcp-v4 packets processed: 3588096
monitoring packets processed: 2785280
acl-fw packets processed: 2850816
nat-tcp-v4 packets processed: 3604480
maglev packets processed: 2916352
monitoring packets processed: 2801664
acl-fw packets processed: 2867200
nat-tcp-v4 packets processed: 3620864
dpi packets processed: 3145728
maglev packets processed: 2932736
monitoring packets processed: 2818048
acl-fw packets processed: 2883584
nat-tcp-v4 packets processed: 3637248
monitoring packets processed: 2834432
acl-fw packets processed: 2899968
maglev packets processed: 2949120
nat-tcp-v4 packets processed: 3653632
acl-fw packets processed: 2916352
monitoring packets processed: 2850816
nat-tcp-v4 packets processed: 3670016
maglev packets processed: 2965504
Exiting @ tick 1197392125899 because user interrupt received
