gem5 Simulator System.  http://gem5.org
gem5 is copyrighted software; use the --copyright option for details.

gem5 compiled Jan 24 2020 10:09:16
gem5 started Jan 24 2020 10:35:36
gem5 executing on node-0.yangzhou-qv63856.lambda-mpi-pg0.clemson.cloudlab.us, pid 111707
command line: build/ARM/gem5.fast --remote-gdb-port=0 --outdir=/users/yangzhou/gem5/sgx_nic/m5out/DerivO3CPU_acl-fw.maglev.lpm_4MB --stats-file=DerivO3CPU_acl-fw.maglev.lpm_4MB_stats.txt configs/example/se_nic.py --interp-dir /usr/aarch64-linux-gnu --redirects /lib=/usr/aarch64-linux-gnu/lib -c 'acl-fw;maglev;lpm' --cpu-type=DerivO3CPU --cpu-clock=2.4GHz --asic-clock=0.56GHz --cacheline_size=128 --caches --l2cache --l2_size=4MB --l2_assoc=16 --mem-size=128GB --mem-type=DDR3_1600_8x8 --mem-channels=2 --mem-ranks=2 --fast-forward=2000000000 --rel-max-tick=3000000000000

['acl-fw', 'maglev', 'lpm']
{'lpm': [2], 'maglev': [1], 'acl-fw': [0]} 3 3
Setting the interpreter path to: /usr/aarch64-linux-gnu 
For dynamically linked applications you might still need to setup the --redirects so that libraries are found

Global frequency set at 1000000000000 ticks per second
Switch at instruction count:2000000000
Receiving started
Receiving started
Receiving port Simulate queue
Running 1 pipelines
Running 1 pipelines
trying to open file /users/yangzhou/ictf2010.dat
opening succeeds
trying to open file /users/yangzhou/ictf2010.dat
opening succeeds
Receiving port Simulate queue
Running 1 pipelines
trying to open file /users/yangzhou/ictf2010.dat
opening succeeds
Generating permutations
Generating LUT
number of rules in acls: 643
Done Generating LUT
maglev packets processed: 16384
maglev packets processed: 32768
maglev packets processed: 49152
maglev packets processed: 65536
maglev packets processed: 81920
maglev packets processed: 98304
maglev packets processed: 114688
maglev packets processed: 131072
maglev packets processed: 147456
acl-fw packets processed: 16384
maglev packets processed: 163840
acl-fw packets processed: 32768
maglev packets processed: 180224
lpm packets processed: 16384
acl-fw packets processed: 49152
maglev packets processed: 196608
lpm packets processed: 32768
lpm packets processed: 49152
maglev packets processed: 212992
acl-fw packets processed: 65536
lpm packets processed: 65536
maglev packets processed: 229376
acl-fw packets processed: 81920
lpm packets processed: 81920
lpm packets processed: 98304
maglev packets processed: 245760
acl-fw packets processed: 98304
lpm packets processed: 114688
lpm packets processed: 131072
maglev packets processed: 262144
acl-fw packets processed: 114688
lpm packets processed: 147456
maglev packets processed: 278528
acl-fw packets processed: 131072
lpm packets processed: 163840
lpm packets processed: 180224
maglev packets processed: 294912
acl-fw packets processed: 147456
lpm packets processed: 196608
maglev packets processed: 311296
lpm packets processed: 212992
acl-fw packets processed: 163840
lpm packets processed: 229376
maglev packets processed: 327680
acl-fw packets processed: 180224
lpm packets processed: 245760
maglev packets processed: 344064
lpm packets processed: 262144
acl-fw packets processed: 196608
lpm packets processed: 278528
maglev packets processed: 360448
acl-fw packets processed: 212992
lpm packets processed: 294912
maglev packets processed: 376832
lpm packets processed: 311296
acl-fw packets processed: 229376
lpm packets processed: 327680
maglev packets processed: 393216
lpm packets processed: 344064
acl-fw packets processed: 245760
lpm packets processed: 360448
maglev packets processed: 409600
acl-fw packets processed: 262144
lpm packets processed: 376832
maglev packets processed: 425984
lpm packets processed: 393216
acl-fw packets processed: 278528
lpm packets processed: 409600
maglev packets processed: 442368
lpm packets processed: 425984
acl-fw packets processed: 294912
maglev packets processed: 458752
lpm packets processed: 442368
acl-fw packets processed: 311296
lpm packets processed: 458752
maglev packets processed: 475136
lpm packets processed: 475136
acl-fw packets processed: 327680
maglev packets processed: 491520
lpm packets processed: 491520
acl-fw packets processed: 344064
lpm packets processed: 507904
maglev packets processed: 507904
lpm packets processed: 524288
acl-fw packets processed: 360448
lpm packets processed: 540672
maglev packets processed: 524288
lpm packets processed: 557056
acl-fw packets processed: 376832
maglev packets processed: 540672
lpm packets processed: 573440
acl-fw packets processed: 393216
lpm packets processed: 589824
maglev packets processed: 557056
lpm packets processed: 606208
acl-fw packets processed: 409600
maglev packets processed: 573440
lpm packets processed: 622592
acl-fw packets processed: 425984
lpm packets processed: 638976
maglev packets processed: 589824
lpm packets processed: 655360
acl-fw packets processed: 442368
maglev packets processed: 606208
lpm packets processed: 671744
lpm packets processed: 688128
acl-fw packets processed: 458752
maglev packets processed: 622592
lpm packets processed: 704512
acl-fw packets processed: 475136
maglev packets processed: 638976
lpm packets processed: 720896
lpm packets processed: 737280
acl-fw packets processed: 491520
maglev packets processed: 655360
lpm packets processed: 753664
lpm packets processed: 770048
maglev packets processed: 671744
acl-fw packets processed: 507904
lpm packets processed: 786432
maglev packets processed: 688128
acl-fw packets processed: 524288
lpm packets processed: 802816
lpm packets processed: 819200
maglev packets processed: 704512
acl-fw packets processed: 540672
lpm packets processed: 835584
maglev packets processed: 720896
acl-fw packets processed: 557056
lpm packets processed: 851968
lpm packets processed: 868352
maglev packets processed: 737280
acl-fw packets processed: 573440
lpm packets processed: 884736
maglev packets processed: 753664
lpm packets processed: 901120
acl-fw packets processed: 589824
lpm packets processed: 917504
maglev packets processed: 770048
acl-fw packets processed: 606208
lpm packets processed: 933888
maglev packets processed: 786432
lpm packets processed: 950272
acl-fw packets processed: 622592
lpm packets processed: 966656
maglev packets processed: 802816
lpm packets processed: 983040
acl-fw packets processed: 638976
lpm packets processed: 999424
maglev packets processed: 819200
acl-fw packets processed: 655360
lpm packets processed: 1015808
maglev packets processed: 835584
lpm packets processed: 1032192
acl-fw packets processed: 671744
lpm packets processed: 1048576
maglev packets processed: 851968
acl-fw packets processed: 688128
lpm packets processed: 1064960
maglev packets processed: 868352
lpm packets processed: 1081344
acl-fw packets processed: 704512
lpm packets processed: 1097728
maglev packets processed: 884736
lpm packets processed: 1114112
acl-fw packets processed: 720896
maglev packets processed: 901120
lpm packets processed: 1130496
acl-fw packets processed: 737280
lpm packets processed: 1146880
maglev packets processed: 917504
lpm packets processed: 1163264
acl-fw packets processed: 753664
lpm packets processed: 1179648
maglev packets processed: 933888
lpm packets processed: 1196032
acl-fw packets processed: 770048
maglev packets processed: 950272
lpm packets processed: 1212416
acl-fw packets processed: 786432
lpm packets processed: 1228800
maglev packets processed: 966656
lpm packets processed: 1245184
acl-fw packets processed: 802816
maglev packets processed: 983040
lpm packets processed: 1261568
acl-fw packets processed: 819200
lpm packets processed: 1277952
maglev packets processed: 999424
lpm packets processed: 1294336
acl-fw packets processed: 835584
maglev packets processed: 1015808
lpm packets processed: 1310720
lpm packets processed: 1327104
acl-fw packets processed: 851968
maglev packets processed: 1032192
lpm packets processed: 1343488
acl-fw packets processed: 868352
maglev packets processed: 1048576
lpm packets processed: 1359872
lpm packets processed: 1376256
acl-fw packets processed: 884736
maglev packets processed: 1064960
lpm packets processed: 1392640
acl-fw packets processed: 901120
lpm packets processed: 1409024
maglev packets processed: 1081344
lpm packets processed: 1425408
acl-fw packets processed: 917504
maglev packets processed: 1097728
lpm packets processed: 1441792
lpm packets processed: 1458176
acl-fw packets processed: 933888
maglev packets processed: 1114112
lpm packets processed: 1474560
maglev packets processed: 1130496
acl-fw packets processed: 950272
lpm packets processed: 1490944
lpm packets processed: 1507328
maglev packets processed: 1146880
acl-fw packets processed: 966656
lpm packets processed: 1523712
maglev packets processed: 1163264
lpm packets processed: 1540096
acl-fw packets processed: 983040
lpm packets processed: 1556480
maglev packets processed: 1179648
acl-fw packets processed: 999424
lpm packets processed: 1572864
lpm packets processed: 1589248
maglev packets processed: 1196032
acl-fw packets processed: 1015808
lpm packets processed: 1605632
maglev packets processed: 1212416
acl-fw packets processed: 1032192
lpm packets processed: 1622016
lpm packets processed: 1638400
maglev packets processed: 1228800
acl-fw packets processed: 1048576
lpm packets processed: 1654784
maglev packets processed: 1245184
lpm packets processed: 1671168
acl-fw packets processed: 1064960
lpm packets processed: 1687552
maglev packets processed: 1261568
acl-fw packets processed: 1081344
lpm packets processed: 1703936
maglev packets processed: 1277952
lpm packets processed: 1720320
acl-fw packets processed: 1097728
lpm packets processed: 1736704
maglev packets processed: 1294336
lpm packets processed: 1753088
acl-fw packets processed: 1114112
maglev packets processed: 1310720
lpm packets processed: 1769472
acl-fw packets processed: 1130496
lpm packets processed: 1785856
maglev packets processed: 1327104
lpm packets processed: 1802240
acl-fw packets processed: 1146880
lpm packets processed: 1818624
maglev packets processed: 1343488
acl-fw packets processed: 1163264
lpm packets processed: 1835008
maglev packets processed: 1359872
lpm packets processed: 1851392
acl-fw packets processed: 1179648
lpm packets processed: 1867776
maglev packets processed: 1376256
lpm packets processed: 1884160
acl-fw packets processed: 1196032
maglev packets processed: 1392640
lpm packets processed: 1900544
acl-fw packets processed: 1212416
lpm packets processed: 1916928
maglev packets processed: 1409024
lpm packets processed: 1933312
acl-fw packets processed: 1228800
maglev packets processed: 1425408
lpm packets processed: 1949696
lpm packets processed: 1966080
acl-fw packets processed: 1245184
maglev packets processed: 1441792
lpm packets processed: 1982464
acl-fw packets processed: 1261568
lpm packets processed: 1998848
maglev packets processed: 1458176
lpm packets processed: 2015232
acl-fw packets processed: 1277952
maglev packets processed: 1474560
lpm packets processed: 2031616
acl-fw packets processed: 1294336
lpm packets processed: 2048000
maglev packets processed: 1490944
lpm packets processed: 2064384
acl-fw packets processed: 1310720
maglev packets processed: 1507328
lpm packets processed: 2080768
lpm packets processed: 2097152
acl-fw packets processed: 1327104
maglev packets processed: 1523712
lpm packets processed: 2113536
acl-fw packets processed: 1343488
maglev packets processed: 1540096
lpm packets processed: 2129920
lpm packets processed: 2146304
acl-fw packets processed: 1359872
maglev packets processed: 1556480
lpm packets processed: 2162688
maglev packets processed: 1572864
acl-fw packets processed: 1376256
lpm packets processed: 2179072
lpm packets processed: 2195456
maglev packets processed: 1589248
acl-fw packets processed: 1392640
lpm packets processed: 2211840
lpm packets processed: 2228224
maglev packets processed: 1605632
acl-fw packets processed: 1409024
lpm packets processed: 2244608
maglev packets processed: 1622016
acl-fw packets processed: 1425408
lpm packets processed: 2260992
lpm packets processed: 2277376
maglev packets processed: 1638400
acl-fw packets processed: 1441792
lpm packets processed: 2293760
maglev packets processed: 1654784
lpm packets processed: 2310144
acl-fw packets processed: 1458176
lpm packets processed: 2326528
maglev packets processed: 1671168
acl-fw packets processed: 1474560
lpm packets processed: 2342912
maglev packets processed: 1687552
lpm packets processed: 2359296
acl-fw packets processed: 1490944
lpm packets processed: 2375680
maglev packets processed: 1703936
acl-fw packets processed: 1507328
lpm packets processed: 2392064
maglev packets processed: 1720320
lpm packets processed: 2408448
acl-fw packets processed: 1523712
lpm packets processed: 2424832
maglev packets processed: 1736704
lpm packets processed: 2441216
acl-fw packets processed: 1540096
lpm packets processed: 2457600
maglev packets processed: 1753088
acl-fw packets processed: 1556480
lpm packets processed: 2473984
maglev packets processed: 1769472
lpm packets processed: 2490368
acl-fw packets processed: 1572864
lpm packets processed: 2506752
maglev packets processed: 1785856
lpm packets processed: 2523136
acl-fw packets processed: 1589248
maglev packets processed: 1802240
lpm packets processed: 2539520
acl-fw packets processed: 1605632
lpm packets processed: 2555904
maglev packets processed: 1818624
lpm packets processed: 2572288
acl-fw packets processed: 1622016
maglev packets processed: 1835008
lpm packets processed: 2588672
acl-fw packets processed: 1638400
lpm packets processed: 2605056
maglev packets processed: 1851392
lpm packets processed: 2621440
acl-fw packets processed: 1654784
lpm packets processed: 2637824
maglev packets processed: 1867776
lpm packets processed: 2654208
acl-fw packets processed: 1671168
maglev packets processed: 1884160
lpm packets processed: 2670592
acl-fw packets processed: 1687552
lpm packets processed: 2686976
maglev packets processed: 1900544
lpm packets processed: 2703360
acl-fw packets processed: 1703936
maglev packets processed: 1916928
lpm packets processed: 2719744
acl-fw packets processed: 1720320
lpm packets processed: 2736128
maglev packets processed: 1933312
lpm packets processed: 2752512
acl-fw packets processed: 1736704
maglev packets processed: 1949696
lpm packets processed: 2768896
lpm packets processed: 2785280
acl-fw packets processed: 1753088
maglev packets processed: 1966080
lpm packets processed: 2801664
acl-fw packets processed: 1769472
maglev packets processed: 1982464
lpm packets processed: 2818048
lpm packets processed: 2834432
acl-fw packets processed: 1785856
maglev packets processed: 1998848
Switched CPUS @ tick 939548333253
switching cpus
**** REAL SIMULATION ****
lpm packets processed: 2850816
acl-fw packets processed: 1802240
lpm packets processed: 2867200
maglev packets processed: 2015232
lpm packets processed: 2883584
acl-fw packets processed: 1818624
lpm packets processed: 2899968
maglev packets processed: 2031616
acl-fw packets processed: 1835008
lpm packets processed: 2916352
maglev packets processed: 2048000
lpm packets processed: 2932736
acl-fw packets processed: 1851392
lpm packets processed: 2949120
maglev packets processed: 2064384
acl-fw packets processed: 1867776
lpm packets processed: 2965504
lpm packets processed: 2981888
maglev packets processed: 2080768
acl-fw packets processed: 1884160
lpm packets processed: 2998272
acl-fw packets processed: 1900544
lpm packets processed: 3014656
maglev packets processed: 2097152
lpm packets processed: 3031040
acl-fw packets processed: 1916928
maglev packets processed: 2113536
lpm packets processed: 3047424
acl-fw packets processed: 1933312
lpm packets processed: 3063808
maglev packets processed: 2129920
lpm packets processed: 3080192
acl-fw packets processed: 1949696
lpm packets processed: 3096576
maglev packets processed: 2146304
acl-fw packets processed: 1966080
lpm packets processed: 3112960
lpm packets processed: 3129344
maglev packets processed: 2162688
acl-fw packets processed: 1982464
lpm packets processed: 3145728
maglev packets processed: 2179072
acl-fw packets processed: 1998848
lpm packets processed: 3162112
lpm packets processed: 3178496
acl-fw packets processed: 2015232
maglev packets processed: 2195456
lpm packets processed: 3194880
acl-fw packets processed: 2031616
lpm packets processed: 3211264
maglev packets processed: 2211840
lpm packets processed: 3227648
acl-fw packets processed: 2048000
lpm packets processed: 3244032
maglev packets processed: 2228224
acl-fw packets processed: 2064384
lpm packets processed: 3260416
maglev packets processed: 2244608
lpm packets processed: 3276800
acl-fw packets processed: 2080768
lpm packets processed: 3293184
maglev packets processed: 2260992
acl-fw packets processed: 2097152
lpm packets processed: 3309568
lpm packets processed: 3325952
maglev packets processed: 2277376
acl-fw packets processed: 2113536
lpm packets processed: 3342336
acl-fw packets processed: 2129920
lpm packets processed: 3358720
maglev packets processed: 2293760
lpm packets processed: 3375104
acl-fw packets processed: 2146304
maglev packets processed: 2310144
lpm packets processed: 3391488
acl-fw packets processed: 2162688
lpm packets processed: 3407872
maglev packets processed: 2326528
lpm packets processed: 3424256
acl-fw packets processed: 2179072
lpm packets processed: 3440640
maglev packets processed: 2342912
acl-fw packets processed: 2195456
lpm packets processed: 3457024
lpm packets processed: 3473408
maglev packets processed: 2359296
acl-fw packets processed: 2211840
lpm packets processed: 3489792
maglev packets processed: 2375680
acl-fw packets processed: 2228224
lpm packets processed: 3506176
lpm packets processed: 3522560
acl-fw packets processed: 2244608
maglev packets processed: 2392064
lpm packets processed: 3538944
acl-fw packets processed: 2260992
lpm packets processed: 3555328
maglev packets processed: 2408448
lpm packets processed: 3571712
acl-fw packets processed: 2277376
lpm packets processed: 3588096
maglev packets processed: 2424832
acl-fw packets processed: 2293760
lpm packets processed: 3604480
maglev packets processed: 2441216
lpm packets processed: 3620864
acl-fw packets processed: 2310144
lpm packets processed: 3637248
maglev packets processed: 2457600
acl-fw packets processed: 2326528
lpm packets processed: 3653632
lpm packets processed: 3670016
acl-fw packets processed: 2342912
maglev packets processed: 2473984
lpm packets processed: 3686400
acl-fw packets processed: 2359296
lpm packets processed: 3702784
maglev packets processed: 2490368
lpm packets processed: 3719168
acl-fw packets processed: 2375680
maglev packets processed: 2506752
lpm packets processed: 3735552
acl-fw packets processed: 2392064
lpm packets processed: 3751936
maglev packets processed: 2523136
lpm packets processed: 3768320
acl-fw packets processed: 2408448
lpm packets processed: 3784704
maglev packets processed: 2539520
acl-fw packets processed: 2424832
lpm packets processed: 3801088
lpm packets processed: 3817472
maglev packets processed: 2555904
acl-fw packets processed: 2441216
lpm packets processed: 3833856
acl-fw packets processed: 2457600
maglev packets processed: 2572288
lpm packets processed: 3850240
lpm packets processed: 3866624
acl-fw packets processed: 2473984
maglev packets processed: 2588672
lpm packets processed: 3883008
acl-fw packets processed: 2490368
lpm packets processed: 3899392
maglev packets processed: 2605056
lpm packets processed: 3915776
acl-fw packets processed: 2506752
lpm packets processed: 3932160
maglev packets processed: 2621440
acl-fw packets processed: 2523136
lpm packets processed: 3948544
maglev packets processed: 2637824
lpm packets processed: 3964928
acl-fw packets processed: 2539520
lpm packets processed: 3981312
maglev packets processed: 2654208
acl-fw packets processed: 2555904
lpm packets processed: 3997696
lpm packets processed: 4014080
acl-fw packets processed: 2572288
maglev packets processed: 2670592
lpm packets processed: 4030464
acl-fw packets processed: 2588672
lpm packets processed: 4046848
maglev packets processed: 2686976
lpm packets processed: 4063232
acl-fw packets processed: 2605056
maglev packets processed: 2703360
lpm packets processed: 4079616
acl-fw packets processed: 2621440
lpm packets processed: 4096000
maglev packets processed: 2719744
lpm packets processed: 4112384
acl-fw packets processed: 2637824
lpm packets processed: 4128768
maglev packets processed: 2736128
acl-fw packets processed: 2654208
lpm packets processed: 4145152
lpm packets processed: 4161536
maglev packets processed: 2752512
acl-fw packets processed: 2670592
lpm packets processed: 4177920
acl-fw packets processed: 2686976
maglev packets processed: 2768896
lpm packets processed: 4194304
lpm packets processed: 4210688
acl-fw packets processed: 2703360
maglev packets processed: 2785280
lpm packets processed: 4227072
acl-fw packets processed: 2719744
lpm packets processed: 4243456
maglev packets processed: 2801664
lpm packets processed: 4259840
acl-fw packets processed: 2736128
lpm packets processed: 4276224
maglev packets processed: 2818048
acl-fw packets processed: 2752512
lpm packets processed: 4292608
maglev packets processed: 2834432
lpm packets processed: 4308992
acl-fw packets processed: 2768896
lpm packets processed: 4325376
maglev packets processed: 2850816
acl-fw packets processed: 2785280
lpm packets processed: 4341760
lpm packets processed: 4358144
acl-fw packets processed: 2801664
maglev packets processed: 2867200
lpm packets processed: 4374528
acl-fw packets processed: 2818048
lpm packets processed: 4390912
maglev packets processed: 2883584
lpm packets processed: 4407296
acl-fw packets processed: 2834432
maglev packets processed: 2899968
lpm packets processed: 4423680
acl-fw packets processed: 2850816
lpm packets processed: 4440064
maglev packets processed: 2916352
lpm packets processed: 4456448
acl-fw packets processed: 2867200
lpm packets processed: 4472832
maglev packets processed: 2932736
acl-fw packets processed: 2883584
lpm packets processed: 4489216
lpm packets processed: 4505600
maglev packets processed: 2949120
acl-fw packets processed: 2899968
lpm packets processed: 4521984
acl-fw packets processed: 2916352
maglev packets processed: 2965504
lpm packets processed: 4538368
lpm packets processed: 4554752
acl-fw packets processed: 2932736
maglev packets processed: 2981888
lpm packets processed: 4571136
acl-fw packets processed: 2949120
lpm packets processed: 4587520
maglev packets processed: 2998272
lpm packets processed: 4603904
acl-fw packets processed: 2965504
lpm packets processed: 4620288
maglev packets processed: 3014656
acl-fw packets processed: 2981888
lpm packets processed: 4636672
maglev packets processed: 3031040
lpm packets processed: 4653056
acl-fw packets processed: 2998272
lpm packets processed: 4669440
acl-fw packets processed: 3014656
maglev packets processed: 3047424
lpm packets processed: 4685824
lpm packets processed: 4702208
acl-fw packets processed: 3031040
maglev packets processed: 3063808
lpm packets processed: 4718592
acl-fw packets processed: 3047424
lpm packets processed: 4734976
maglev packets processed: 3080192
acl-fw packets processed: 3063808
lpm packets processed: 4751360
maglev packets processed: 3096576
lpm packets processed: 4767744
acl-fw packets processed: 3080192
lpm packets processed: 4784128
maglev packets processed: 3112960
acl-fw packets processed: 3096576
lpm packets processed: 4800512
lpm packets processed: 4816896
maglev packets processed: 3129344
acl-fw packets processed: 3112960
lpm packets processed: 4833280
acl-fw packets processed: 3129344
lpm packets processed: 4849664
maglev packets processed: 3145728
lpm packets processed: 4866048
acl-fw packets processed: 3145728
maglev packets processed: 3162112
lpm packets processed: 4882432
acl-fw packets processed: 3162112
lpm packets processed: 4898816
maglev packets processed: 3178496
lpm packets processed: 4915200
acl-fw packets processed: 3178496
lpm packets processed: 4931584
maglev packets processed: 3194880
acl-fw packets processed: 3194880
lpm packets processed: 4947968
lpm packets processed: 4964352
maglev packets processed: 3211264
acl-fw packets processed: 3211264
lpm packets processed: 4980736
maglev packets processed: 3227648
acl-fw packets processed: 3227648
lpm packets processed: 4997120
lpm packets processed: 5013504
acl-fw packets processed: 3244032
maglev packets processed: 3244032
lpm packets processed: 5029888
acl-fw packets processed: 3260416
lpm packets processed: 5046272
maglev packets processed: 3260416
lpm packets processed: 5062656
acl-fw packets processed: 3276800
lpm packets processed: 5079040
maglev packets processed: 3276800
acl-fw packets processed: 3293184
lpm packets processed: 5095424
maglev packets processed: 3293184
lpm packets processed: 5111808
acl-fw packets processed: 3309568
lpm packets processed: 5128192
maglev packets processed: 3309568
acl-fw packets processed: 3325952
lpm packets processed: 5144576
lpm packets processed: 5160960
maglev packets processed: 3325952
acl-fw packets processed: 3342336
lpm packets processed: 5177344
acl-fw packets processed: 3358720
lpm packets processed: 5193728
maglev packets processed: 3342336
lpm packets processed: 5210112
acl-fw packets processed: 3375104
maglev packets processed: 3358720
lpm packets processed: 5226496
acl-fw packets processed: 3391488
lpm packets processed: 5242880
maglev packets processed: 3375104
lpm packets processed: 5259264
acl-fw packets processed: 3407872
lpm packets processed: 5275648
maglev packets processed: 3391488
acl-fw packets processed: 3424256
lpm packets processed: 5292032
lpm packets processed: 5308416
maglev packets processed: 3407872
acl-fw packets processed: 3440640
lpm packets processed: 5324800
maglev packets processed: 3424256
acl-fw packets processed: 3457024
lpm packets processed: 5341184
lpm packets processed: 5357568
acl-fw packets processed: 3473408
maglev packets processed: 3440640
lpm packets processed: 5373952
acl-fw packets processed: 3489792
lpm packets processed: 5390336
maglev packets processed: 3457024
lpm packets processed: 5406720
acl-fw packets processed: 3506176
lpm packets processed: 5423104
maglev packets processed: 3473408
acl-fw packets processed: 3522560
lpm packets processed: 5439488
maglev packets processed: 3489792
lpm packets processed: 5455872
acl-fw packets processed: 3538944
lpm packets processed: 5472256
maglev packets processed: 3506176
acl-fw packets processed: 3555328
lpm packets processed: 5488640
lpm packets processed: 5505024
acl-fw packets processed: 3571712
maglev packets processed: 3522560
lpm packets processed: 5521408
acl-fw packets processed: 3588096
lpm packets processed: 5537792
maglev packets processed: 3538944
lpm packets processed: 5554176
acl-fw packets processed: 3604480
maglev packets processed: 3555328
lpm packets processed: 5570560
acl-fw packets processed: 3620864
lpm packets processed: 5586944
maglev packets processed: 3571712
lpm packets processed: 5603328
acl-fw packets processed: 3637248
lpm packets processed: 5619712
maglev packets processed: 3588096
acl-fw packets processed: 3653632
lpm packets processed: 5636096
lpm packets processed: 5652480
maglev packets processed: 3604480
acl-fw packets processed: 3670016
lpm packets processed: 5668864
acl-fw packets processed: 3686400
maglev packets processed: 3620864
lpm packets processed: 5685248
lpm packets processed: 5701632
acl-fw packets processed: 3702784
maglev packets processed: 3637248
lpm packets processed: 5718016
acl-fw packets processed: 3719168
lpm packets processed: 5734400
maglev packets processed: 3653632
lpm packets processed: 5750784
acl-fw packets processed: 3735552
lpm packets processed: 5767168
maglev packets processed: 3670016
acl-fw packets processed: 3751936
lpm packets processed: 5783552
maglev packets processed: 3686400
lpm packets processed: 5799936
acl-fw packets processed: 3768320
lpm packets processed: 5816320
maglev packets processed: 3702784
acl-fw packets processed: 3784704
lpm packets processed: 5832704
lpm packets processed: 5849088
acl-fw packets processed: 3801088
maglev packets processed: 3719168
lpm packets processed: 5865472
acl-fw packets processed: 3817472
lpm packets processed: 5881856
maglev packets processed: 3735552
lpm packets processed: 5898240
acl-fw packets processed: 3833856
maglev packets processed: 3751936
lpm packets processed: 5914624
acl-fw packets processed: 3850240
lpm packets processed: 5931008
maglev packets processed: 3768320
lpm packets processed: 5947392
acl-fw packets processed: 3866624
lpm packets processed: 5963776
maglev packets processed: 3784704
acl-fw packets processed: 3883008
lpm packets processed: 5980160
lpm packets processed: 5996544
maglev packets processed: 3801088
acl-fw packets processed: 3899392
lpm packets processed: 6012928
acl-fw packets processed: 3915776
maglev packets processed: 3817472
lpm packets processed: 6029312
lpm packets processed: 6045696
acl-fw packets processed: 3932160
maglev packets processed: 3833856
lpm packets processed: 6062080
acl-fw packets processed: 3948544
lpm packets processed: 6078464
maglev packets processed: 3850240
lpm packets processed: 6094848
acl-fw packets processed: 3964928
lpm packets processed: 6111232
maglev packets processed: 3866624
acl-fw packets processed: 3981312
lpm packets processed: 6127616
maglev packets processed: 3883008
lpm packets processed: 6144000
acl-fw packets processed: 3997696
lpm packets processed: 6160384
maglev packets processed: 3899392
acl-fw packets processed: 4014080
lpm packets processed: 6176768
lpm packets processed: 6193152
acl-fw packets processed: 4030464
maglev packets processed: 3915776
lpm packets processed: 6209536
acl-fw packets processed: 4046848
lpm packets processed: 6225920
maglev packets processed: 3932160
lpm packets processed: 6242304
acl-fw packets processed: 4063232
maglev packets processed: 3948544
lpm packets processed: 6258688
acl-fw packets processed: 4079616
lpm packets processed: 6275072
maglev packets processed: 3964928
lpm packets processed: 6291456
acl-fw packets processed: 4096000
lpm packets processed: 6307840
maglev packets processed: 3981312
acl-fw packets processed: 4112384
lpm packets processed: 6324224
lpm packets processed: 6340608
maglev packets processed: 3997696
acl-fw packets processed: 4128768
lpm packets processed: 6356992
acl-fw packets processed: 4145152
maglev packets processed: 4014080
lpm packets processed: 6373376
lpm packets processed: 6389760
acl-fw packets processed: 4161536
maglev packets processed: 4030464
lpm packets processed: 6406144
acl-fw packets processed: 4177920
lpm packets processed: 6422528
maglev packets processed: 4046848
lpm packets processed: 6438912
acl-fw packets processed: 4194304
lpm packets processed: 6455296
maglev packets processed: 4063232
acl-fw packets processed: 4210688
lpm packets processed: 6471680
maglev packets processed: 4079616
lpm packets processed: 6488064
acl-fw packets processed: 4227072
lpm packets processed: 6504448
acl-fw packets processed: 4243456
maglev packets processed: 4096000
lpm packets processed: 6520832
lpm packets processed: 6537216
acl-fw packets processed: 4259840
maglev packets processed: 4112384
lpm packets processed: 6553600
acl-fw packets processed: 4276224
lpm packets processed: 6569984
maglev packets processed: 4128768
lpm packets processed: 6586368
acl-fw packets processed: 4292608
maglev packets processed: 4145152
lpm packets processed: 6602752
acl-fw packets processed: 4308992
lpm packets processed: 6619136
maglev packets processed: 4161536
acl-fw packets processed: 4325376
lpm packets processed: 6635520
lpm packets processed: 6651904
maglev packets processed: 4177920
acl-fw packets processed: 4341760
lpm packets processed: 6668288
acl-fw packets processed: 4358144
lpm packets processed: 6684672
maglev packets processed: 4194304
lpm packets processed: 6701056
acl-fw packets processed: 4374528
maglev packets processed: 4210688
lpm packets processed: 6717440
acl-fw packets processed: 4390912
lpm packets processed: 6733824
maglev packets processed: 4227072
lpm packets processed: 6750208
acl-fw packets processed: 4407296
lpm packets processed: 6766592
maglev packets processed: 4243456
acl-fw packets processed: 4423680
lpm packets processed: 6782976
lpm packets processed: 6799360
maglev packets processed: 4259840
acl-fw packets processed: 4440064
lpm packets processed: 6815744
maglev packets processed: 4276224
acl-fw packets processed: 4456448
lpm packets processed: 6832128
lpm packets processed: 6848512
acl-fw packets processed: 4472832
maglev packets processed: 4292608
lpm packets processed: 6864896
acl-fw packets processed: 4489216
lpm packets processed: 6881280
maglev packets processed: 4308992
lpm packets processed: 6897664
acl-fw packets processed: 4505600
lpm packets processed: 6914048
maglev packets processed: 4325376
acl-fw packets processed: 4521984
lpm packets processed: 6930432
maglev packets processed: 4341760
lpm packets processed: 6946816
acl-fw packets processed: 4538368
lpm packets processed: 6963200
maglev packets processed: 4358144
acl-fw packets processed: 4554752
lpm packets processed: 6979584
lpm packets processed: 6995968
maglev packets processed: 4374528
acl-fw packets processed: 4571136
lpm packets processed: 7012352
acl-fw packets processed: 4587520
lpm packets processed: 7028736
maglev packets processed: 4390912
lpm packets processed: 7045120
acl-fw packets processed: 4603904
maglev packets processed: 4407296
lpm packets processed: 7061504
acl-fw packets processed: 4620288
lpm packets processed: 7077888
maglev packets processed: 4423680
lpm packets processed: 7094272
acl-fw packets processed: 4636672
lpm packets processed: 7110656
maglev packets processed: 4440064
acl-fw packets processed: 4653056
lpm packets processed: 7127040
lpm packets processed: 7143424
maglev packets processed: 4456448
acl-fw packets processed: 4669440
lpm packets processed: 7159808
maglev packets processed: 4472832
acl-fw packets processed: 4685824
lpm packets processed: 7176192
lpm packets processed: 7192576
acl-fw packets processed: 4702208
maglev packets processed: 4489216
lpm packets processed: 7208960
acl-fw packets processed: 4718592
lpm packets processed: 7225344
maglev packets processed: 4505600
lpm packets processed: 7241728
acl-fw packets processed: 4734976
lpm packets processed: 7258112
maglev packets processed: 4521984
acl-fw packets processed: 4751360
lpm packets processed: 7274496
maglev packets processed: 4538368
lpm packets processed: 7290880
acl-fw packets processed: 4767744
lpm packets processed: 7307264
maglev packets processed: 4554752
acl-fw packets processed: 4784128
lpm packets processed: 7323648
lpm packets processed: 7340032
acl-fw packets processed: 4800512
maglev packets processed: 4571136
lpm packets processed: 7356416
acl-fw packets processed: 4816896
lpm packets processed: 7372800
maglev packets processed: 4587520
lpm packets processed: 7389184
acl-fw packets processed: 4833280
maglev packets processed: 4603904
lpm packets processed: 7405568
acl-fw packets processed: 4849664
lpm packets processed: 7421952
maglev packets processed: 4620288
lpm packets processed: 7438336
acl-fw packets processed: 4866048
lpm packets processed: 7454720
maglev packets processed: 4636672
acl-fw packets processed: 4882432
lpm packets processed: 7471104
lpm packets processed: 7487488
maglev packets processed: 4653056
acl-fw packets processed: 4898816
lpm packets processed: 7503872
acl-fw packets processed: 4915200
maglev packets processed: 4669440
lpm packets processed: 7520256
lpm packets processed: 7536640
acl-fw packets processed: 4931584
maglev packets processed: 4685824
lpm packets processed: 7553024
acl-fw packets processed: 4947968
lpm packets processed: 7569408
maglev packets processed: 4702208
lpm packets processed: 7585792
acl-fw packets processed: 4964352
lpm packets processed: 7602176
maglev packets processed: 4718592
acl-fw packets processed: 4980736
lpm packets processed: 7618560
maglev packets processed: 4734976
lpm packets processed: 7634944
acl-fw packets processed: 4997120
lpm packets processed: 7651328
maglev packets processed: 4751360
acl-fw packets processed: 5013504
lpm packets processed: 7667712
lpm packets processed: 7684096
acl-fw packets processed: 5029888
maglev packets processed: 4767744
lpm packets processed: 7700480
acl-fw packets processed: 5046272
lpm packets processed: 7716864
maglev packets processed: 4784128
lpm packets processed: 7733248
acl-fw packets processed: 5062656
maglev packets processed: 4800512
lpm packets processed: 7749632
acl-fw packets processed: 5079040
lpm packets processed: 7766016
maglev packets processed: 4816896
lpm packets processed: 7782400
acl-fw packets processed: 5095424
lpm packets processed: 7798784
maglev packets processed: 4833280
acl-fw packets processed: 5111808
lpm packets processed: 7815168
lpm packets processed: 7831552
maglev packets processed: 4849664
acl-fw packets processed: 5128192
lpm packets processed: 7847936
acl-fw packets processed: 5144576
maglev packets processed: 4866048
lpm packets processed: 7864320
lpm packets processed: 7880704
acl-fw packets processed: 5160960
maglev packets processed: 4882432
lpm packets processed: 7897088
acl-fw packets processed: 5177344
lpm packets processed: 7913472
maglev packets processed: 4898816
lpm packets processed: 7929856
acl-fw packets processed: 5193728
lpm packets processed: 7946240
maglev packets processed: 4915200
acl-fw packets processed: 5210112
lpm packets processed: 7962624
maglev packets processed: 4931584
lpm packets processed: 7979008
acl-fw packets processed: 5226496
lpm packets processed: 7995392
maglev packets processed: 4947968
acl-fw packets processed: 5242880
lpm packets processed: 8011776
lpm packets processed: 8028160
acl-fw packets processed: 5259264
maglev packets processed: 4964352
lpm packets processed: 8044544
acl-fw packets processed: 5275648
lpm packets processed: 8060928
maglev packets processed: 4980736
lpm packets processed: 8077312
acl-fw packets processed: 5292032
maglev packets processed: 4997120
lpm packets processed: 8093696
acl-fw packets processed: 5308416
lpm packets processed: 8110080
maglev packets processed: 5013504
lpm packets processed: 8126464
acl-fw packets processed: 5324800
lpm packets processed: 8142848
maglev packets processed: 5029888
acl-fw packets processed: 5341184
lpm packets processed: 8159232
lpm packets processed: 8175616
acl-fw packets processed: 5357568
maglev packets processed: 5046272
lpm packets processed: 8192000
acl-fw packets processed: 5373952
maglev packets processed: 5062656
lpm packets processed: 8208384
lpm packets processed: 8224768
acl-fw packets processed: 5390336
maglev packets processed: 5079040
lpm packets processed: 8241152
acl-fw packets processed: 5406720
lpm packets processed: 8257536
maglev packets processed: 5095424
lpm packets processed: 8273920
acl-fw packets processed: 5423104
lpm packets processed: 8290304
maglev packets processed: 5111808
acl-fw packets processed: 5439488
lpm packets processed: 8306688
maglev packets processed: 5128192
lpm packets processed: 8323072
acl-fw packets processed: 5455872
lpm packets processed: 8339456
acl-fw packets processed: 5472256
maglev packets processed: 5144576
lpm packets processed: 8355840
lpm packets processed: 8372224
acl-fw packets processed: 5488640
maglev packets processed: 5160960
lpm packets processed: 8388608
acl-fw packets processed: 5505024
lpm packets processed: 8404992
maglev packets processed: 5177344
lpm packets processed: 8421376
acl-fw packets processed: 5521408
maglev packets processed: 5193728
lpm packets processed: 8437760
acl-fw packets processed: 5537792
lpm packets processed: 8454144
maglev packets processed: 5210112
lpm packets processed: 8470528
acl-fw packets processed: 5554176
lpm packets processed: 8486912
maglev packets processed: 5226496
acl-fw packets processed: 5570560
lpm packets processed: 8503296
acl-fw packets processed: 5586944
lpm packets processed: 8519680
maglev packets processed: 5242880
lpm packets processed: 8536064
acl-fw packets processed: 5603328
maglev packets processed: 5259264
lpm packets processed: 8552448
acl-fw packets processed: 5619712
lpm packets processed: 8568832
maglev packets processed: 5275648
lpm packets processed: 8585216
acl-fw packets processed: 5636096
lpm packets processed: 8601600
maglev packets processed: 5292032
acl-fw packets processed: 5652480
lpm packets processed: 8617984
lpm packets processed: 8634368
maglev packets processed: 5308416
acl-fw packets processed: 5668864
lpm packets processed: 8650752
maglev packets processed: 5324800
acl-fw packets processed: 5685248
lpm packets processed: 8667136
lpm packets processed: 8683520
acl-fw packets processed: 5701632
maglev packets processed: 5341184
lpm packets processed: 8699904
acl-fw packets processed: 5718016
lpm packets processed: 8716288
maglev packets processed: 5357568
lpm packets processed: 8732672
acl-fw packets processed: 5734400
lpm packets processed: 8749056
maglev packets processed: 5373952
acl-fw packets processed: 5750784
lpm packets processed: 8765440
maglev packets processed: 5390336
lpm packets processed: 8781824
acl-fw packets processed: 5767168
lpm packets processed: 8798208
maglev packets processed: 5406720
acl-fw packets processed: 5783552
lpm packets processed: 8814592
lpm packets processed: 8830976
maglev packets processed: 5423104
acl-fw packets processed: 5799936
lpm packets processed: 8847360
acl-fw packets processed: 5816320
lpm packets processed: 8863744
maglev packets processed: 5439488
lpm packets processed: 8880128
acl-fw packets processed: 5832704
maglev packets processed: 5455872
lpm packets processed: 8896512
acl-fw packets processed: 5849088
lpm packets processed: 8912896
maglev packets processed: 5472256
lpm packets processed: 8929280
acl-fw packets processed: 5865472
lpm packets processed: 8945664
maglev packets processed: 5488640
acl-fw packets processed: 5881856
lpm packets processed: 8962048
lpm packets processed: 8978432
maglev packets processed: 5505024
acl-fw packets processed: 5898240
lpm packets processed: 8994816
maglev packets processed: 5521408
acl-fw packets processed: 5914624
lpm packets processed: 9011200
lpm packets processed: 9027584
acl-fw packets processed: 5931008
maglev packets processed: 5537792
lpm packets processed: 9043968
acl-fw packets processed: 5947392
lpm packets processed: 9060352
maglev packets processed: 5554176
lpm packets processed: 9076736
acl-fw packets processed: 5963776
lpm packets processed: 9093120
maglev packets processed: 5570560
acl-fw packets processed: 5980160
lpm packets processed: 9109504
maglev packets processed: 5586944
lpm packets processed: 9125888
acl-fw packets processed: 5996544
lpm packets processed: 9142272
maglev packets processed: 5603328
acl-fw packets processed: 6012928
lpm packets processed: 9158656
lpm packets processed: 9175040
acl-fw packets processed: 6029312
maglev packets processed: 5619712
lpm packets processed: 9191424
acl-fw packets processed: 6045696
lpm packets processed: 9207808
maglev packets processed: 5636096
lpm packets processed: 9224192
acl-fw packets processed: 6062080
maglev packets processed: 5652480
lpm packets processed: 9240576
acl-fw packets processed: 6078464
lpm packets processed: 9256960
maglev packets processed: 5668864
lpm packets processed: 9273344
acl-fw packets processed: 6094848
lpm packets processed: 9289728
maglev packets processed: 5685248
acl-fw packets processed: 6111232
lpm packets processed: 9306112
lpm packets processed: 9322496
maglev packets processed: 5701632
acl-fw packets processed: 6127616
lpm packets processed: 9338880
acl-fw packets processed: 6144000
maglev packets processed: 5718016
lpm packets processed: 9355264
lpm packets processed: 9371648
acl-fw packets processed: 6160384
maglev packets processed: 5734400
lpm packets processed: 9388032
acl-fw packets processed: 6176768
lpm packets processed: 9404416
maglev packets processed: 5750784
lpm packets processed: 9420800
acl-fw packets processed: 6193152
lpm packets processed: 9437184
maglev packets processed: 5767168
acl-fw packets processed: 6209536
lpm packets processed: 9453568
maglev packets processed: 5783552
lpm packets processed: 9469952
acl-fw packets processed: 6225920
lpm packets processed: 9486336
maglev packets processed: 5799936
acl-fw packets processed: 6242304
lpm packets processed: 9502720
lpm packets processed: 9519104
acl-fw packets processed: 6258688
maglev packets processed: 5816320
lpm packets processed: 9535488
acl-fw packets processed: 6275072
lpm packets processed: 9551872
maglev packets processed: 5832704
lpm packets processed: 9568256
acl-fw packets processed: 6291456
maglev packets processed: 5849088
lpm packets processed: 9584640
acl-fw packets processed: 6307840
lpm packets processed: 9601024
maglev packets processed: 5865472
lpm packets processed: 9617408
acl-fw packets processed: 6324224
lpm packets processed: 9633792
maglev packets processed: 5881856
acl-fw packets processed: 6340608
lpm packets processed: 9650176
lpm packets processed: 9666560
maglev packets processed: 5898240
acl-fw packets processed: 6356992
lpm packets processed: 9682944
acl-fw packets processed: 6373376
maglev packets processed: 5914624
lpm packets processed: 9699328
lpm packets processed: 9715712
acl-fw packets processed: 6389760
maglev packets processed: 5931008
lpm packets processed: 9732096
acl-fw packets processed: 6406144
lpm packets processed: 9748480
maglev packets processed: 5947392
lpm packets processed: 9764864
acl-fw packets processed: 6422528
lpm packets processed: 9781248
maglev packets processed: 5963776
acl-fw packets processed: 6438912
lpm packets processed: 9797632
maglev packets processed: 5980160
lpm packets processed: 9814016
acl-fw packets processed: 6455296
lpm packets processed: 9830400
maglev packets processed: 5996544
acl-fw packets processed: 6471680
lpm packets processed: 9846784
lpm packets processed: 9863168
acl-fw packets processed: 6488064
maglev packets processed: 6012928
lpm packets processed: 9879552
acl-fw packets processed: 6504448
lpm packets processed: 9895936
maglev packets processed: 6029312
lpm packets processed: 9912320
acl-fw packets processed: 6520832
maglev packets processed: 6045696
lpm packets processed: 9928704
acl-fw packets processed: 6537216
lpm packets processed: 9945088
maglev packets processed: 6062080
lpm packets processed: 9961472
acl-fw packets processed: 6553600
lpm packets processed: 9977856
maglev packets processed: 6078464
acl-fw packets processed: 6569984
lpm packets processed: 9994240
lpm packets processed: 10010624
acl-fw packets processed: 6586368
maglev packets processed: 6094848
lpm packets processed: 10027008
acl-fw packets processed: 6602752
maglev packets processed: 6111232
lpm packets processed: 10043392
lpm packets processed: 10059776
acl-fw packets processed: 6619136
maglev packets processed: 6127616
lpm packets processed: 10076160
acl-fw packets processed: 6635520
lpm packets processed: 10092544
maglev packets processed: 6144000
lpm packets processed: 10108928
acl-fw packets processed: 6651904
lpm packets processed: 10125312
maglev packets processed: 6160384
acl-fw packets processed: 6668288
lpm packets processed: 10141696
maglev packets processed: 6176768
lpm packets processed: 10158080
acl-fw packets processed: 6684672
lpm packets processed: 10174464
acl-fw packets processed: 6701056
maglev packets processed: 6193152
lpm packets processed: 10190848
lpm packets processed: 10207232
acl-fw packets processed: 6717440
maglev packets processed: 6209536
lpm packets processed: 10223616
acl-fw packets processed: 6733824
lpm packets processed: 10240000
maglev packets processed: 6225920
lpm packets processed: 10256384
acl-fw packets processed: 6750208
maglev packets processed: 6242304
lpm packets processed: 10272768
acl-fw packets processed: 6766592
lpm packets processed: 10289152
maglev packets processed: 6258688
lpm packets processed: 10305536
acl-fw packets processed: 6782976
lpm packets processed: 10321920
maglev packets processed: 6275072
acl-fw packets processed: 6799360
lpm packets processed: 10338304
lpm packets processed: 10354688
acl-fw packets processed: 6815744
maglev packets processed: 6291456
lpm packets processed: 10371072
acl-fw packets processed: 6832128
maglev packets processed: 6307840
lpm packets processed: 10387456
lpm packets processed: 10403840
acl-fw packets processed: 6848512
maglev packets processed: 6324224
lpm packets processed: 10420224
acl-fw packets processed: 6864896
lpm packets processed: 10436608
maglev packets processed: 6340608
acl-fw packets processed: 6881280
lpm packets processed: 10452992
lpm packets processed: 10469376
maglev packets processed: 6356992
acl-fw packets processed: 6897664
lpm packets processed: 10485760
maglev packets processed: 6373376
acl-fw packets processed: 6914048
lpm packets processed: 10502144
lpm packets processed: 10518528
acl-fw packets processed: 6930432
maglev packets processed: 6389760
lpm packets processed: 10534912
acl-fw packets processed: 6946816
lpm packets processed: 10551296
maglev packets processed: 6406144
lpm packets processed: 10567680
acl-fw packets processed: 6963200
lpm packets processed: 10584064
maglev packets processed: 6422528
acl-fw packets processed: 6979584
lpm packets processed: 10600448
maglev packets processed: 6438912
lpm packets processed: 10616832
acl-fw packets processed: 6995968
lpm packets processed: 10633216
maglev packets processed: 6455296
acl-fw packets processed: 7012352
lpm packets processed: 10649600
lpm packets processed: 10665984
maglev packets processed: 6471680
acl-fw packets processed: 7028736
lpm packets processed: 10682368
acl-fw packets processed: 7045120
lpm packets processed: 10698752
maglev packets processed: 6488064
lpm packets processed: 10715136
acl-fw packets processed: 7061504
maglev packets processed: 6504448
lpm packets processed: 10731520
acl-fw packets processed: 7077888
lpm packets processed: 10747904
maglev packets processed: 6520832
lpm packets processed: 10764288
acl-fw packets processed: 7094272
lpm packets processed: 10780672
maglev packets processed: 6537216
acl-fw packets processed: 7110656
lpm packets processed: 10797056
lpm packets processed: 10813440
maglev packets processed: 6553600
acl-fw packets processed: 7127040
lpm packets processed: 10829824
maglev packets processed: 6569984
acl-fw packets processed: 7143424
lpm packets processed: 10846208
lpm packets processed: 10862592
acl-fw packets processed: 7159808
maglev packets processed: 6586368
lpm packets processed: 10878976
Exiting @ tick 2160256707657 because user interrupt received
