gem5 Simulator System.  http://gem5.org
gem5 is copyrighted software; use the --copyright option for details.

gem5 compiled Jan 24 2020 10:09:16
gem5 started Jan 24 2020 10:35:36
gem5 executing on node-0.yangzhou-qv63856.lambda-mpi-pg0.clemson.cloudlab.us, pid 111714
command line: build/ARM/gem5.fast --remote-gdb-port=0 --outdir=/users/yangzhou/gem5/sgx_nic/m5out/DerivO3CPU_maglev.lpm_4MB --stats-file=DerivO3CPU_maglev.lpm_4MB_stats.txt configs/example/se_nic.py --interp-dir /usr/aarch64-linux-gnu --redirects /lib=/usr/aarch64-linux-gnu/lib -c 'maglev;lpm' --cpu-type=DerivO3CPU --cpu-clock=2.4GHz --asic-clock=0.56GHz --cacheline_size=128 --caches --l2cache --l2_size=4MB --l2_assoc=16 --mem-size=128GB --mem-type=DDR3_1600_8x8 --mem-channels=2 --mem-ranks=2 --fast-forward=2000000000 --rel-max-tick=3000000000000

['maglev', 'lpm']
{'lpm': [1], 'maglev': [0]} 2 2
Setting the interpreter path to: /usr/aarch64-linux-gnu 
For dynamically linked applications you might still need to setup the --redirects so that libraries are found

Global frequency set at 1000000000000 ticks per second
Switch at instruction count:2000000000
Receiving started
Receiving started
Receiving port Simulate queue
Running 1 pipelines
Running 1 pipelines
trying to open file /users/yangzhou/ictf2010.dat
opening succeeds
trying to open file /users/yangzhou/ictf2010.dat
opening succeeds
Generating permutations
Generating LUT
Done Generating LUT
maglev packets processed: 16384
maglev packets processed: 32768
maglev packets processed: 49152
maglev packets processed: 65536
maglev packets processed: 81920
maglev packets processed: 98304
maglev packets processed: 114688
maglev packets processed: 131072
maglev packets processed: 147456
maglev packets processed: 163840
maglev packets processed: 180224
lpm packets processed: 16384
maglev packets processed: 196608
lpm packets processed: 32768
lpm packets processed: 49152
maglev packets processed: 212992
lpm packets processed: 65536
maglev packets processed: 229376
lpm packets processed: 81920
lpm packets processed: 98304
maglev packets processed: 245760
lpm packets processed: 114688
lpm packets processed: 131072
maglev packets processed: 262144
lpm packets processed: 147456
maglev packets processed: 278528
lpm packets processed: 163840
lpm packets processed: 180224
maglev packets processed: 294912
lpm packets processed: 196608
maglev packets processed: 311296
lpm packets processed: 212992
lpm packets processed: 229376
maglev packets processed: 327680
lpm packets processed: 245760
maglev packets processed: 344064
lpm packets processed: 262144
lpm packets processed: 278528
maglev packets processed: 360448
lpm packets processed: 294912
maglev packets processed: 376832
lpm packets processed: 311296
lpm packets processed: 327680
maglev packets processed: 393216
lpm packets processed: 344064
lpm packets processed: 360448
maglev packets processed: 409600
lpm packets processed: 376832
maglev packets processed: 425984
lpm packets processed: 393216
lpm packets processed: 409600
maglev packets processed: 442368
lpm packets processed: 425984
maglev packets processed: 458752
lpm packets processed: 442368
lpm packets processed: 458752
maglev packets processed: 475136
lpm packets processed: 475136
maglev packets processed: 491520
lpm packets processed: 491520
lpm packets processed: 507904
maglev packets processed: 507904
lpm packets processed: 524288
lpm packets processed: 540672
maglev packets processed: 524288
lpm packets processed: 557056
maglev packets processed: 540672
lpm packets processed: 573440
lpm packets processed: 589824
maglev packets processed: 557056
lpm packets processed: 606208
maglev packets processed: 573440
lpm packets processed: 622592
lpm packets processed: 638976
maglev packets processed: 589824
lpm packets processed: 655360
maglev packets processed: 606208
lpm packets processed: 671744
lpm packets processed: 688128
maglev packets processed: 622592
lpm packets processed: 704512
maglev packets processed: 638976
lpm packets processed: 720896
lpm packets processed: 737280
maglev packets processed: 655360
lpm packets processed: 753664
lpm packets processed: 770048
maglev packets processed: 671744
lpm packets processed: 786432
maglev packets processed: 688128
lpm packets processed: 802816
lpm packets processed: 819200
maglev packets processed: 704512
lpm packets processed: 835584
maglev packets processed: 720896
lpm packets processed: 851968
lpm packets processed: 868352
maglev packets processed: 737280
lpm packets processed: 884736
maglev packets processed: 753664
lpm packets processed: 901120
lpm packets processed: 917504
maglev packets processed: 770048
lpm packets processed: 933888
maglev packets processed: 786432
lpm packets processed: 950272
lpm packets processed: 966656
maglev packets processed: 802816
lpm packets processed: 983040
lpm packets processed: 999424
maglev packets processed: 819200
lpm packets processed: 1015808
maglev packets processed: 835584
lpm packets processed: 1032192
lpm packets processed: 1048576
maglev packets processed: 851968
lpm packets processed: 1064960
maglev packets processed: 868352
lpm packets processed: 1081344
lpm packets processed: 1097728
maglev packets processed: 884736
lpm packets processed: 1114112
maglev packets processed: 901120
lpm packets processed: 1130496
lpm packets processed: 1146880
maglev packets processed: 917504
lpm packets processed: 1163264
lpm packets processed: 1179648
maglev packets processed: 933888
lpm packets processed: 1196032
maglev packets processed: 950272
lpm packets processed: 1212416
lpm packets processed: 1228800
maglev packets processed: 966656
lpm packets processed: 1245184
maglev packets processed: 983040
lpm packets processed: 1261568
lpm packets processed: 1277952
maglev packets processed: 999424
lpm packets processed: 1294336
maglev packets processed: 1015808
lpm packets processed: 1310720
lpm packets processed: 1327104
maglev packets processed: 1032192
lpm packets processed: 1343488
maglev packets processed: 1048576
lpm packets processed: 1359872
lpm packets processed: 1376256
maglev packets processed: 1064960
lpm packets processed: 1392640
lpm packets processed: 1409024
maglev packets processed: 1081344
lpm packets processed: 1425408
maglev packets processed: 1097728
lpm packets processed: 1441792
lpm packets processed: 1458176
maglev packets processed: 1114112
lpm packets processed: 1474560
maglev packets processed: 1130496
lpm packets processed: 1490944
lpm packets processed: 1507328
maglev packets processed: 1146880
lpm packets processed: 1523712
maglev packets processed: 1163264
lpm packets processed: 1540096
lpm packets processed: 1556480
maglev packets processed: 1179648
lpm packets processed: 1572864
lpm packets processed: 1589248
maglev packets processed: 1196032
lpm packets processed: 1605632
maglev packets processed: 1212416
lpm packets processed: 1622016
lpm packets processed: 1638400
maglev packets processed: 1228800
lpm packets processed: 1654784
maglev packets processed: 1245184
lpm packets processed: 1671168
lpm packets processed: 1687552
maglev packets processed: 1261568
lpm packets processed: 1703936
maglev packets processed: 1277952
lpm packets processed: 1720320
lpm packets processed: 1736704
maglev packets processed: 1294336
lpm packets processed: 1753088
maglev packets processed: 1310720
lpm packets processed: 1769472
lpm packets processed: 1785856
maglev packets processed: 1327104
lpm packets processed: 1802240
lpm packets processed: 1818624
maglev packets processed: 1343488
lpm packets processed: 1835008
maglev packets processed: 1359872
lpm packets processed: 1851392
lpm packets processed: 1867776
maglev packets processed: 1376256
lpm packets processed: 1884160
maglev packets processed: 1392640
lpm packets processed: 1900544
lpm packets processed: 1916928
maglev packets processed: 1409024
lpm packets processed: 1933312
maglev packets processed: 1425408
lpm packets processed: 1949696
lpm packets processed: 1966080
maglev packets processed: 1441792
lpm packets processed: 1982464
lpm packets processed: 1998848
maglev packets processed: 1458176
lpm packets processed: 2015232
maglev packets processed: 1474560
lpm packets processed: 2031616
lpm packets processed: 2048000
maglev packets processed: 1490944
lpm packets processed: 2064384
maglev packets processed: 1507328
lpm packets processed: 2080768
lpm packets processed: 2097152
maglev packets processed: 1523712
lpm packets processed: 2113536
maglev packets processed: 1540096
lpm packets processed: 2129920
lpm packets processed: 2146304
maglev packets processed: 1556480
lpm packets processed: 2162688
maglev packets processed: 1572864
lpm packets processed: 2179072
lpm packets processed: 2195456
maglev packets processed: 1589248
lpm packets processed: 2211840
lpm packets processed: 2228224
maglev packets processed: 1605632
lpm packets processed: 2244608
maglev packets processed: 1622016
lpm packets processed: 2260992
lpm packets processed: 2277376
maglev packets processed: 1638400
lpm packets processed: 2293760
maglev packets processed: 1654784
lpm packets processed: 2310144
lpm packets processed: 2326528
maglev packets processed: 1671168
lpm packets processed: 2342912
maglev packets processed: 1687552
lpm packets processed: 2359296
lpm packets processed: 2375680
maglev packets processed: 1703936
lpm packets processed: 2392064
maglev packets processed: 1720320
lpm packets processed: 2408448
lpm packets processed: 2424832
maglev packets processed: 1736704
lpm packets processed: 2441216
lpm packets processed: 2457600
maglev packets processed: 1753088
lpm packets processed: 2473984
maglev packets processed: 1769472
lpm packets processed: 2490368
lpm packets processed: 2506752
maglev packets processed: 1785856
lpm packets processed: 2523136
maglev packets processed: 1802240
lpm packets processed: 2539520
lpm packets processed: 2555904
maglev packets processed: 1818624
lpm packets processed: 2572288
maglev packets processed: 1835008
lpm packets processed: 2588672
lpm packets processed: 2605056
maglev packets processed: 1851392
lpm packets processed: 2621440
lpm packets processed: 2637824
maglev packets processed: 1867776
lpm packets processed: 2654208
maglev packets processed: 1884160
lpm packets processed: 2670592
lpm packets processed: 2686976
maglev packets processed: 1900544
lpm packets processed: 2703360
maglev packets processed: 1916928
lpm packets processed: 2719744
lpm packets processed: 2736128
maglev packets processed: 1933312
lpm packets processed: 2752512
maglev packets processed: 1949696
lpm packets processed: 2768896
lpm packets processed: 2785280
maglev packets processed: 1966080
lpm packets processed: 2801664
maglev packets processed: 1982464
lpm packets processed: 2818048
lpm packets processed: 2834432
maglev packets processed: 1998848
Switched CPUS @ tick 939548333253
switching cpus
**** REAL SIMULATION ****
lpm packets processed: 2850816
lpm packets processed: 2867200
maglev packets processed: 2015232
lpm packets processed: 2883584
lpm packets processed: 2899968
maglev packets processed: 2031616
lpm packets processed: 2916352
maglev packets processed: 2048000
lpm packets processed: 2932736
lpm packets processed: 2949120
maglev packets processed: 2064384
lpm packets processed: 2965504
lpm packets processed: 2981888
maglev packets processed: 2080768
lpm packets processed: 2998272
lpm packets processed: 3014656
maglev packets processed: 2097152
lpm packets processed: 3031040
maglev packets processed: 2113536
lpm packets processed: 3047424
lpm packets processed: 3063808
maglev packets processed: 2129920
lpm packets processed: 3080192
lpm packets processed: 3096576
maglev packets processed: 2146304
lpm packets processed: 3112960
lpm packets processed: 3129344
maglev packets processed: 2162688
lpm packets processed: 3145728
maglev packets processed: 2179072
lpm packets processed: 3162112
lpm packets processed: 3178496
maglev packets processed: 2195456
lpm packets processed: 3194880
lpm packets processed: 3211264
maglev packets processed: 2211840
lpm packets processed: 3227648
lpm packets processed: 3244032
maglev packets processed: 2228224
lpm packets processed: 3260416
maglev packets processed: 2244608
lpm packets processed: 3276800
lpm packets processed: 3293184
maglev packets processed: 2260992
lpm packets processed: 3309568
lpm packets processed: 3325952
maglev packets processed: 2277376
lpm packets processed: 3342336
lpm packets processed: 3358720
maglev packets processed: 2293760
lpm packets processed: 3375104
maglev packets processed: 2310144
lpm packets processed: 3391488
lpm packets processed: 3407872
maglev packets processed: 2326528
lpm packets processed: 3424256
lpm packets processed: 3440640
maglev packets processed: 2342912
lpm packets processed: 3457024
lpm packets processed: 3473408
maglev packets processed: 2359296
lpm packets processed: 3489792
maglev packets processed: 2375680
lpm packets processed: 3506176
lpm packets processed: 3522560
maglev packets processed: 2392064
lpm packets processed: 3538944
lpm packets processed: 3555328
maglev packets processed: 2408448
lpm packets processed: 3571712
lpm packets processed: 3588096
maglev packets processed: 2424832
lpm packets processed: 3604480
maglev packets processed: 2441216
lpm packets processed: 3620864
lpm packets processed: 3637248
maglev packets processed: 2457600
lpm packets processed: 3653632
lpm packets processed: 3670016
maglev packets processed: 2473984
lpm packets processed: 3686400
lpm packets processed: 3702784
maglev packets processed: 2490368
lpm packets processed: 3719168
maglev packets processed: 2506752
lpm packets processed: 3735552
lpm packets processed: 3751936
maglev packets processed: 2523136
lpm packets processed: 3768320
lpm packets processed: 3784704
maglev packets processed: 2539520
lpm packets processed: 3801088
lpm packets processed: 3817472
maglev packets processed: 2555904
lpm packets processed: 3833856
maglev packets processed: 2572288
lpm packets processed: 3850240
lpm packets processed: 3866624
maglev packets processed: 2588672
lpm packets processed: 3883008
lpm packets processed: 3899392
maglev packets processed: 2605056
lpm packets processed: 3915776
lpm packets processed: 3932160
maglev packets processed: 2621440
lpm packets processed: 3948544
maglev packets processed: 2637824
lpm packets processed: 3964928
lpm packets processed: 3981312
maglev packets processed: 2654208
lpm packets processed: 3997696
lpm packets processed: 4014080
maglev packets processed: 2670592
lpm packets processed: 4030464
lpm packets processed: 4046848
maglev packets processed: 2686976
lpm packets processed: 4063232
maglev packets processed: 2703360
lpm packets processed: 4079616
lpm packets processed: 4096000
maglev packets processed: 2719744
lpm packets processed: 4112384
lpm packets processed: 4128768
maglev packets processed: 2736128
lpm packets processed: 4145152
lpm packets processed: 4161536
maglev packets processed: 2752512
lpm packets processed: 4177920
maglev packets processed: 2768896
lpm packets processed: 4194304
lpm packets processed: 4210688
maglev packets processed: 2785280
lpm packets processed: 4227072
lpm packets processed: 4243456
maglev packets processed: 2801664
lpm packets processed: 4259840
lpm packets processed: 4276224
maglev packets processed: 2818048
lpm packets processed: 4292608
maglev packets processed: 2834432
lpm packets processed: 4308992
lpm packets processed: 4325376
maglev packets processed: 2850816
lpm packets processed: 4341760
lpm packets processed: 4358144
maglev packets processed: 2867200
lpm packets processed: 4374528
lpm packets processed: 4390912
maglev packets processed: 2883584
lpm packets processed: 4407296
maglev packets processed: 2899968
lpm packets processed: 4423680
lpm packets processed: 4440064
maglev packets processed: 2916352
lpm packets processed: 4456448
lpm packets processed: 4472832
maglev packets processed: 2932736
lpm packets processed: 4489216
lpm packets processed: 4505600
maglev packets processed: 2949120
lpm packets processed: 4521984
maglev packets processed: 2965504
lpm packets processed: 4538368
lpm packets processed: 4554752
maglev packets processed: 2981888
lpm packets processed: 4571136
lpm packets processed: 4587520
maglev packets processed: 2998272
lpm packets processed: 4603904
lpm packets processed: 4620288
maglev packets processed: 3014656
lpm packets processed: 4636672
maglev packets processed: 3031040
lpm packets processed: 4653056
lpm packets processed: 4669440
maglev packets processed: 3047424
lpm packets processed: 4685824
lpm packets processed: 4702208
maglev packets processed: 3063808
lpm packets processed: 4718592
lpm packets processed: 4734976
maglev packets processed: 3080192
lpm packets processed: 4751360
maglev packets processed: 3096576
lpm packets processed: 4767744
lpm packets processed: 4784128
maglev packets processed: 3112960
lpm packets processed: 4800512
lpm packets processed: 4816896
maglev packets processed: 3129344
lpm packets processed: 4833280
lpm packets processed: 4849664
maglev packets processed: 3145728
lpm packets processed: 4866048
maglev packets processed: 3162112
lpm packets processed: 4882432
lpm packets processed: 4898816
maglev packets processed: 3178496
lpm packets processed: 4915200
lpm packets processed: 4931584
maglev packets processed: 3194880
lpm packets processed: 4947968
lpm packets processed: 4964352
maglev packets processed: 3211264
lpm packets processed: 4980736
maglev packets processed: 3227648
lpm packets processed: 4997120
lpm packets processed: 5013504
maglev packets processed: 3244032
lpm packets processed: 5029888
lpm packets processed: 5046272
maglev packets processed: 3260416
lpm packets processed: 5062656
lpm packets processed: 5079040
maglev packets processed: 3276800
lpm packets processed: 5095424
maglev packets processed: 3293184
lpm packets processed: 5111808
lpm packets processed: 5128192
maglev packets processed: 3309568
lpm packets processed: 5144576
lpm packets processed: 5160960
maglev packets processed: 3325952
lpm packets processed: 5177344
lpm packets processed: 5193728
maglev packets processed: 3342336
lpm packets processed: 5210112
maglev packets processed: 3358720
lpm packets processed: 5226496
lpm packets processed: 5242880
maglev packets processed: 3375104
lpm packets processed: 5259264
lpm packets processed: 5275648
maglev packets processed: 3391488
lpm packets processed: 5292032
lpm packets processed: 5308416
maglev packets processed: 3407872
lpm packets processed: 5324800
maglev packets processed: 3424256
lpm packets processed: 5341184
lpm packets processed: 5357568
maglev packets processed: 3440640
lpm packets processed: 5373952
lpm packets processed: 5390336
maglev packets processed: 3457024
lpm packets processed: 5406720
lpm packets processed: 5423104
maglev packets processed: 3473408
lpm packets processed: 5439488
maglev packets processed: 3489792
lpm packets processed: 5455872
lpm packets processed: 5472256
maglev packets processed: 3506176
lpm packets processed: 5488640
lpm packets processed: 5505024
maglev packets processed: 3522560
lpm packets processed: 5521408
lpm packets processed: 5537792
maglev packets processed: 3538944
lpm packets processed: 5554176
maglev packets processed: 3555328
lpm packets processed: 5570560
lpm packets processed: 5586944
maglev packets processed: 3571712
lpm packets processed: 5603328
lpm packets processed: 5619712
maglev packets processed: 3588096
lpm packets processed: 5636096
lpm packets processed: 5652480
maglev packets processed: 3604480
lpm packets processed: 5668864
maglev packets processed: 3620864
lpm packets processed: 5685248
lpm packets processed: 5701632
maglev packets processed: 3637248
lpm packets processed: 5718016
lpm packets processed: 5734400
maglev packets processed: 3653632
lpm packets processed: 5750784
lpm packets processed: 5767168
maglev packets processed: 3670016
lpm packets processed: 5783552
maglev packets processed: 3686400
lpm packets processed: 5799936
lpm packets processed: 5816320
maglev packets processed: 3702784
lpm packets processed: 5832704
lpm packets processed: 5849088
maglev packets processed: 3719168
lpm packets processed: 5865472
lpm packets processed: 5881856
maglev packets processed: 3735552
lpm packets processed: 5898240
maglev packets processed: 3751936
lpm packets processed: 5914624
lpm packets processed: 5931008
maglev packets processed: 3768320
lpm packets processed: 5947392
lpm packets processed: 5963776
maglev packets processed: 3784704
lpm packets processed: 5980160
lpm packets processed: 5996544
maglev packets processed: 3801088
lpm packets processed: 6012928
maglev packets processed: 3817472
lpm packets processed: 6029312
lpm packets processed: 6045696
maglev packets processed: 3833856
lpm packets processed: 6062080
lpm packets processed: 6078464
maglev packets processed: 3850240
lpm packets processed: 6094848
lpm packets processed: 6111232
maglev packets processed: 3866624
lpm packets processed: 6127616
maglev packets processed: 3883008
lpm packets processed: 6144000
lpm packets processed: 6160384
maglev packets processed: 3899392
lpm packets processed: 6176768
lpm packets processed: 6193152
maglev packets processed: 3915776
lpm packets processed: 6209536
lpm packets processed: 6225920
maglev packets processed: 3932160
lpm packets processed: 6242304
maglev packets processed: 3948544
lpm packets processed: 6258688
lpm packets processed: 6275072
maglev packets processed: 3964928
lpm packets processed: 6291456
lpm packets processed: 6307840
maglev packets processed: 3981312
lpm packets processed: 6324224
lpm packets processed: 6340608
maglev packets processed: 3997696
lpm packets processed: 6356992
maglev packets processed: 4014080
lpm packets processed: 6373376
lpm packets processed: 6389760
maglev packets processed: 4030464
lpm packets processed: 6406144
lpm packets processed: 6422528
maglev packets processed: 4046848
lpm packets processed: 6438912
lpm packets processed: 6455296
maglev packets processed: 4063232
lpm packets processed: 6471680
maglev packets processed: 4079616
lpm packets processed: 6488064
lpm packets processed: 6504448
maglev packets processed: 4096000
lpm packets processed: 6520832
lpm packets processed: 6537216
maglev packets processed: 4112384
lpm packets processed: 6553600
lpm packets processed: 6569984
maglev packets processed: 4128768
lpm packets processed: 6586368
maglev packets processed: 4145152
lpm packets processed: 6602752
lpm packets processed: 6619136
maglev packets processed: 4161536
lpm packets processed: 6635520
lpm packets processed: 6651904
maglev packets processed: 4177920
lpm packets processed: 6668288
lpm packets processed: 6684672
maglev packets processed: 4194304
lpm packets processed: 6701056
maglev packets processed: 4210688
lpm packets processed: 6717440
lpm packets processed: 6733824
maglev packets processed: 4227072
lpm packets processed: 6750208
lpm packets processed: 6766592
maglev packets processed: 4243456
lpm packets processed: 6782976
lpm packets processed: 6799360
maglev packets processed: 4259840
lpm packets processed: 6815744
maglev packets processed: 4276224
lpm packets processed: 6832128
lpm packets processed: 6848512
maglev packets processed: 4292608
lpm packets processed: 6864896
lpm packets processed: 6881280
maglev packets processed: 4308992
lpm packets processed: 6897664
lpm packets processed: 6914048
maglev packets processed: 4325376
lpm packets processed: 6930432
maglev packets processed: 4341760
lpm packets processed: 6946816
lpm packets processed: 6963200
maglev packets processed: 4358144
lpm packets processed: 6979584
lpm packets processed: 6995968
maglev packets processed: 4374528
lpm packets processed: 7012352
lpm packets processed: 7028736
maglev packets processed: 4390912
lpm packets processed: 7045120
maglev packets processed: 4407296
lpm packets processed: 7061504
lpm packets processed: 7077888
maglev packets processed: 4423680
lpm packets processed: 7094272
lpm packets processed: 7110656
maglev packets processed: 4440064
lpm packets processed: 7127040
lpm packets processed: 7143424
maglev packets processed: 4456448
lpm packets processed: 7159808
maglev packets processed: 4472832
lpm packets processed: 7176192
lpm packets processed: 7192576
maglev packets processed: 4489216
lpm packets processed: 7208960
lpm packets processed: 7225344
maglev packets processed: 4505600
lpm packets processed: 7241728
lpm packets processed: 7258112
maglev packets processed: 4521984
lpm packets processed: 7274496
maglev packets processed: 4538368
lpm packets processed: 7290880
lpm packets processed: 7307264
maglev packets processed: 4554752
lpm packets processed: 7323648
lpm packets processed: 7340032
maglev packets processed: 4571136
lpm packets processed: 7356416
lpm packets processed: 7372800
maglev packets processed: 4587520
lpm packets processed: 7389184
maglev packets processed: 4603904
lpm packets processed: 7405568
lpm packets processed: 7421952
maglev packets processed: 4620288
lpm packets processed: 7438336
lpm packets processed: 7454720
maglev packets processed: 4636672
lpm packets processed: 7471104
lpm packets processed: 7487488
maglev packets processed: 4653056
lpm packets processed: 7503872
maglev packets processed: 4669440
lpm packets processed: 7520256
lpm packets processed: 7536640
maglev packets processed: 4685824
lpm packets processed: 7553024
lpm packets processed: 7569408
maglev packets processed: 4702208
lpm packets processed: 7585792
lpm packets processed: 7602176
maglev packets processed: 4718592
lpm packets processed: 7618560
maglev packets processed: 4734976
lpm packets processed: 7634944
lpm packets processed: 7651328
maglev packets processed: 4751360
lpm packets processed: 7667712
lpm packets processed: 7684096
maglev packets processed: 4767744
lpm packets processed: 7700480
lpm packets processed: 7716864
maglev packets processed: 4784128
lpm packets processed: 7733248
maglev packets processed: 4800512
lpm packets processed: 7749632
lpm packets processed: 7766016
maglev packets processed: 4816896
lpm packets processed: 7782400
lpm packets processed: 7798784
maglev packets processed: 4833280
lpm packets processed: 7815168
lpm packets processed: 7831552
maglev packets processed: 4849664
lpm packets processed: 7847936
maglev packets processed: 4866048
lpm packets processed: 7864320
lpm packets processed: 7880704
maglev packets processed: 4882432
lpm packets processed: 7897088
lpm packets processed: 7913472
maglev packets processed: 4898816
lpm packets processed: 7929856
lpm packets processed: 7946240
maglev packets processed: 4915200
lpm packets processed: 7962624
maglev packets processed: 4931584
lpm packets processed: 7979008
lpm packets processed: 7995392
maglev packets processed: 4947968
lpm packets processed: 8011776
lpm packets processed: 8028160
maglev packets processed: 4964352
lpm packets processed: 8044544
lpm packets processed: 8060928
maglev packets processed: 4980736
lpm packets processed: 8077312
maglev packets processed: 4997120
lpm packets processed: 8093696
lpm packets processed: 8110080
maglev packets processed: 5013504
lpm packets processed: 8126464
lpm packets processed: 8142848
maglev packets processed: 5029888
lpm packets processed: 8159232
lpm packets processed: 8175616
maglev packets processed: 5046272
lpm packets processed: 8192000
maglev packets processed: 5062656
lpm packets processed: 8208384
lpm packets processed: 8224768
maglev packets processed: 5079040
lpm packets processed: 8241152
lpm packets processed: 8257536
maglev packets processed: 5095424
lpm packets processed: 8273920
lpm packets processed: 8290304
maglev packets processed: 5111808
lpm packets processed: 8306688
maglev packets processed: 5128192
lpm packets processed: 8323072
lpm packets processed: 8339456
maglev packets processed: 5144576
lpm packets processed: 8355840
lpm packets processed: 8372224
maglev packets processed: 5160960
lpm packets processed: 8388608
lpm packets processed: 8404992
maglev packets processed: 5177344
lpm packets processed: 8421376
maglev packets processed: 5193728
lpm packets processed: 8437760
lpm packets processed: 8454144
maglev packets processed: 5210112
lpm packets processed: 8470528
lpm packets processed: 8486912
maglev packets processed: 5226496
lpm packets processed: 8503296
lpm packets processed: 8519680
maglev packets processed: 5242880
lpm packets processed: 8536064
maglev packets processed: 5259264
lpm packets processed: 8552448
lpm packets processed: 8568832
maglev packets processed: 5275648
lpm packets processed: 8585216
lpm packets processed: 8601600
maglev packets processed: 5292032
lpm packets processed: 8617984
lpm packets processed: 8634368
maglev packets processed: 5308416
lpm packets processed: 8650752
maglev packets processed: 5324800
lpm packets processed: 8667136
lpm packets processed: 8683520
maglev packets processed: 5341184
lpm packets processed: 8699904
lpm packets processed: 8716288
maglev packets processed: 5357568
lpm packets processed: 8732672
lpm packets processed: 8749056
maglev packets processed: 5373952
lpm packets processed: 8765440
maglev packets processed: 5390336
lpm packets processed: 8781824
lpm packets processed: 8798208
maglev packets processed: 5406720
lpm packets processed: 8814592
lpm packets processed: 8830976
maglev packets processed: 5423104
lpm packets processed: 8847360
lpm packets processed: 8863744
maglev packets processed: 5439488
lpm packets processed: 8880128
maglev packets processed: 5455872
lpm packets processed: 8896512
lpm packets processed: 8912896
maglev packets processed: 5472256
lpm packets processed: 8929280
lpm packets processed: 8945664
maglev packets processed: 5488640
lpm packets processed: 8962048
lpm packets processed: 8978432
maglev packets processed: 5505024
lpm packets processed: 8994816
maglev packets processed: 5521408
lpm packets processed: 9011200
lpm packets processed: 9027584
maglev packets processed: 5537792
lpm packets processed: 9043968
lpm packets processed: 9060352
maglev packets processed: 5554176
lpm packets processed: 9076736
lpm packets processed: 9093120
maglev packets processed: 5570560
lpm packets processed: 9109504
maglev packets processed: 5586944
lpm packets processed: 9125888
lpm packets processed: 9142272
maglev packets processed: 5603328
lpm packets processed: 9158656
lpm packets processed: 9175040
maglev packets processed: 5619712
lpm packets processed: 9191424
lpm packets processed: 9207808
maglev packets processed: 5636096
lpm packets processed: 9224192
maglev packets processed: 5652480
lpm packets processed: 9240576
lpm packets processed: 9256960
maglev packets processed: 5668864
lpm packets processed: 9273344
lpm packets processed: 9289728
maglev packets processed: 5685248
lpm packets processed: 9306112
lpm packets processed: 9322496
maglev packets processed: 5701632
lpm packets processed: 9338880
maglev packets processed: 5718016
lpm packets processed: 9355264
lpm packets processed: 9371648
maglev packets processed: 5734400
lpm packets processed: 9388032
lpm packets processed: 9404416
maglev packets processed: 5750784
lpm packets processed: 9420800
lpm packets processed: 9437184
maglev packets processed: 5767168
lpm packets processed: 9453568
maglev packets processed: 5783552
lpm packets processed: 9469952
lpm packets processed: 9486336
maglev packets processed: 5799936
lpm packets processed: 9502720
lpm packets processed: 9519104
maglev packets processed: 5816320
lpm packets processed: 9535488
lpm packets processed: 9551872
maglev packets processed: 5832704
lpm packets processed: 9568256
maglev packets processed: 5849088
lpm packets processed: 9584640
lpm packets processed: 9601024
maglev packets processed: 5865472
lpm packets processed: 9617408
lpm packets processed: 9633792
maglev packets processed: 5881856
lpm packets processed: 9650176
lpm packets processed: 9666560
maglev packets processed: 5898240
lpm packets processed: 9682944
maglev packets processed: 5914624
lpm packets processed: 9699328
lpm packets processed: 9715712
maglev packets processed: 5931008
lpm packets processed: 9732096
lpm packets processed: 9748480
maglev packets processed: 5947392
lpm packets processed: 9764864
lpm packets processed: 9781248
maglev packets processed: 5963776
lpm packets processed: 9797632
maglev packets processed: 5980160
lpm packets processed: 9814016
lpm packets processed: 9830400
maglev packets processed: 5996544
lpm packets processed: 9846784
lpm packets processed: 9863168
maglev packets processed: 6012928
lpm packets processed: 9879552
lpm packets processed: 9895936
maglev packets processed: 6029312
lpm packets processed: 9912320
maglev packets processed: 6045696
lpm packets processed: 9928704
lpm packets processed: 9945088
maglev packets processed: 6062080
lpm packets processed: 9961472
lpm packets processed: 9977856
maglev packets processed: 6078464
lpm packets processed: 9994240
lpm packets processed: 10010624
maglev packets processed: 6094848
lpm packets processed: 10027008
maglev packets processed: 6111232
lpm packets processed: 10043392
lpm packets processed: 10059776
maglev packets processed: 6127616
lpm packets processed: 10076160
lpm packets processed: 10092544
maglev packets processed: 6144000
lpm packets processed: 10108928
lpm packets processed: 10125312
maglev packets processed: 6160384
lpm packets processed: 10141696
maglev packets processed: 6176768
lpm packets processed: 10158080
lpm packets processed: 10174464
maglev packets processed: 6193152
lpm packets processed: 10190848
lpm packets processed: 10207232
maglev packets processed: 6209536
lpm packets processed: 10223616
lpm packets processed: 10240000
maglev packets processed: 6225920
lpm packets processed: 10256384
maglev packets processed: 6242304
lpm packets processed: 10272768
lpm packets processed: 10289152
maglev packets processed: 6258688
lpm packets processed: 10305536
lpm packets processed: 10321920
maglev packets processed: 6275072
lpm packets processed: 10338304
lpm packets processed: 10354688
maglev packets processed: 6291456
lpm packets processed: 10371072
maglev packets processed: 6307840
lpm packets processed: 10387456
lpm packets processed: 10403840
maglev packets processed: 6324224
lpm packets processed: 10420224
lpm packets processed: 10436608
maglev packets processed: 6340608
lpm packets processed: 10452992
lpm packets processed: 10469376
maglev packets processed: 6356992
lpm packets processed: 10485760
maglev packets processed: 6373376
lpm packets processed: 10502144
lpm packets processed: 10518528
maglev packets processed: 6389760
lpm packets processed: 10534912
lpm packets processed: 10551296
maglev packets processed: 6406144
lpm packets processed: 10567680
lpm packets processed: 10584064
maglev packets processed: 6422528
lpm packets processed: 10600448
maglev packets processed: 6438912
lpm packets processed: 10616832
lpm packets processed: 10633216
maglev packets processed: 6455296
lpm packets processed: 10649600
lpm packets processed: 10665984
maglev packets processed: 6471680
lpm packets processed: 10682368
lpm packets processed: 10698752
maglev packets processed: 6488064
lpm packets processed: 10715136
maglev packets processed: 6504448
lpm packets processed: 10731520
lpm packets processed: 10747904
maglev packets processed: 6520832
lpm packets processed: 10764288
lpm packets processed: 10780672
maglev packets processed: 6537216
lpm packets processed: 10797056
lpm packets processed: 10813440
maglev packets processed: 6553600
lpm packets processed: 10829824
maglev packets processed: 6569984
lpm packets processed: 10846208
lpm packets processed: 10862592
maglev packets processed: 6586368
lpm packets processed: 10878976
lpm packets processed: 10895360
maglev packets processed: 6602752
lpm packets processed: 10911744
lpm packets processed: 10928128
maglev packets processed: 6619136
lpm packets processed: 10944512
maglev packets processed: 6635520
lpm packets processed: 10960896
lpm packets processed: 10977280
maglev packets processed: 6651904
lpm packets processed: 10993664
lpm packets processed: 11010048
maglev packets processed: 6668288
lpm packets processed: 11026432
lpm packets processed: 11042816
maglev packets processed: 6684672
lpm packets processed: 11059200
maglev packets processed: 6701056
lpm packets processed: 11075584
lpm packets processed: 11091968
maglev packets processed: 6717440
lpm packets processed: 11108352
lpm packets processed: 11124736
maglev packets processed: 6733824
lpm packets processed: 11141120
lpm packets processed: 11157504
maglev packets processed: 6750208
lpm packets processed: 11173888
maglev packets processed: 6766592
lpm packets processed: 11190272
lpm packets processed: 11206656
maglev packets processed: 6782976
lpm packets processed: 11223040
lpm packets processed: 11239424
maglev packets processed: 6799360
lpm packets processed: 11255808
lpm packets processed: 11272192
maglev packets processed: 6815744
lpm packets processed: 11288576
maglev packets processed: 6832128
lpm packets processed: 11304960
lpm packets processed: 11321344
maglev packets processed: 6848512
lpm packets processed: 11337728
lpm packets processed: 11354112
maglev packets processed: 6864896
lpm packets processed: 11370496
lpm packets processed: 11386880
maglev packets processed: 6881280
lpm packets processed: 11403264
maglev packets processed: 6897664
lpm packets processed: 11419648
lpm packets processed: 11436032
maglev packets processed: 6914048
lpm packets processed: 11452416
lpm packets processed: 11468800
maglev packets processed: 6930432
lpm packets processed: 11485184
lpm packets processed: 11501568
maglev packets processed: 6946816
lpm packets processed: 11517952
maglev packets processed: 6963200
lpm packets processed: 11534336
lpm packets processed: 11550720
maglev packets processed: 6979584
lpm packets processed: 11567104
lpm packets processed: 11583488
maglev packets processed: 6995968
lpm packets processed: 11599872
lpm packets processed: 11616256
maglev packets processed: 7012352
lpm packets processed: 11632640
maglev packets processed: 7028736
lpm packets processed: 11649024
lpm packets processed: 11665408
maglev packets processed: 7045120
lpm packets processed: 11681792
lpm packets processed: 11698176
maglev packets processed: 7061504
lpm packets processed: 11714560
lpm packets processed: 11730944
maglev packets processed: 7077888
lpm packets processed: 11747328
maglev packets processed: 7094272
lpm packets processed: 11763712
lpm packets processed: 11780096
maglev packets processed: 7110656
lpm packets processed: 11796480
lpm packets processed: 11812864
maglev packets processed: 7127040
lpm packets processed: 11829248
lpm packets processed: 11845632
maglev packets processed: 7143424
lpm packets processed: 11862016
maglev packets processed: 7159808
lpm packets processed: 11878400
lpm packets processed: 11894784
maglev packets processed: 7176192
lpm packets processed: 11911168
lpm packets processed: 11927552
maglev packets processed: 7192576
lpm packets processed: 11943936
lpm packets processed: 11960320
maglev packets processed: 7208960
lpm packets processed: 11976704
maglev packets processed: 7225344
lpm packets processed: 11993088
lpm packets processed: 12009472
maglev packets processed: 7241728
lpm packets processed: 12025856
lpm packets processed: 12042240
maglev packets processed: 7258112
lpm packets processed: 12058624
lpm packets processed: 12075008
maglev packets processed: 7274496
lpm packets processed: 12091392
maglev packets processed: 7290880
lpm packets processed: 12107776
lpm packets processed: 12124160
maglev packets processed: 7307264
lpm packets processed: 12140544
lpm packets processed: 12156928
maglev packets processed: 7323648
lpm packets processed: 12173312
lpm packets processed: 12189696
maglev packets processed: 7340032
lpm packets processed: 12206080
maglev packets processed: 7356416
lpm packets processed: 12222464
lpm packets processed: 12238848
maglev packets processed: 7372800
lpm packets processed: 12255232
lpm packets processed: 12271616
maglev packets processed: 7389184
lpm packets processed: 12288000
lpm packets processed: 12304384
maglev packets processed: 7405568
lpm packets processed: 12320768
maglev packets processed: 7421952
lpm packets processed: 12337152
lpm packets processed: 12353536
maglev packets processed: 7438336
lpm packets processed: 12369920
lpm packets processed: 12386304
maglev packets processed: 7454720
lpm packets processed: 12402688
lpm packets processed: 12419072
maglev packets processed: 7471104
lpm packets processed: 12435456
maglev packets processed: 7487488
lpm packets processed: 12451840
lpm packets processed: 12468224
maglev packets processed: 7503872
lpm packets processed: 12484608
lpm packets processed: 12500992
maglev packets processed: 7520256
lpm packets processed: 12517376
lpm packets processed: 12533760
maglev packets processed: 7536640
lpm packets processed: 12550144
maglev packets processed: 7553024
lpm packets processed: 12566528
lpm packets processed: 12582912
maglev packets processed: 7569408
lpm packets processed: 12599296
lpm packets processed: 12615680
maglev packets processed: 7585792
lpm packets processed: 12632064
lpm packets processed: 12648448
maglev packets processed: 7602176
lpm packets processed: 12664832
maglev packets processed: 7618560
lpm packets processed: 12681216
lpm packets processed: 12697600
maglev packets processed: 7634944
lpm packets processed: 12713984
lpm packets processed: 12730368
maglev packets processed: 7651328
lpm packets processed: 12746752
lpm packets processed: 12763136
maglev packets processed: 7667712
lpm packets processed: 12779520
maglev packets processed: 7684096
lpm packets processed: 12795904
lpm packets processed: 12812288
maglev packets processed: 7700480
lpm packets processed: 12828672
lpm packets processed: 12845056
maglev packets processed: 7716864
lpm packets processed: 12861440
lpm packets processed: 12877824
maglev packets processed: 7733248
lpm packets processed: 12894208
maglev packets processed: 7749632
lpm packets processed: 12910592
lpm packets processed: 12926976
maglev packets processed: 7766016
lpm packets processed: 12943360
lpm packets processed: 12959744
maglev packets processed: 7782400
lpm packets processed: 12976128
lpm packets processed: 12992512
maglev packets processed: 7798784
lpm packets processed: 13008896
maglev packets processed: 7815168
lpm packets processed: 13025280
lpm packets processed: 13041664
maglev packets processed: 7831552
lpm packets processed: 13058048
lpm packets processed: 13074432
maglev packets processed: 7847936
lpm packets processed: 13090816
lpm packets processed: 13107200
maglev packets processed: 7864320
lpm packets processed: 13123584
maglev packets processed: 7880704
lpm packets processed: 13139968
lpm packets processed: 13156352
maglev packets processed: 7897088
lpm packets processed: 13172736
lpm packets processed: 13189120
maglev packets processed: 7913472
lpm packets processed: 13205504
lpm packets processed: 13221888
maglev packets processed: 7929856
lpm packets processed: 13238272
maglev packets processed: 7946240
lpm packets processed: 13254656
lpm packets processed: 13271040
maglev packets processed: 7962624
lpm packets processed: 13287424
lpm packets processed: 13303808
maglev packets processed: 7979008
lpm packets processed: 13320192
lpm packets processed: 13336576
maglev packets processed: 7995392
lpm packets processed: 13352960
maglev packets processed: 8011776
lpm packets processed: 13369344
lpm packets processed: 13385728
maglev packets processed: 8028160
lpm packets processed: 13402112
lpm packets processed: 13418496
maglev packets processed: 8044544
lpm packets processed: 13434880
lpm packets processed: 13451264
maglev packets processed: 8060928
lpm packets processed: 13467648
maglev packets processed: 8077312
lpm packets processed: 13484032
lpm packets processed: 13500416
maglev packets processed: 8093696
lpm packets processed: 13516800
lpm packets processed: 13533184
maglev packets processed: 8110080
lpm packets processed: 13549568
lpm packets processed: 13565952
maglev packets processed: 8126464
lpm packets processed: 13582336
maglev packets processed: 8142848
lpm packets processed: 13598720
lpm packets processed: 13615104
maglev packets processed: 8159232
lpm packets processed: 13631488
lpm packets processed: 13647872
maglev packets processed: 8175616
lpm packets processed: 13664256
lpm packets processed: 13680640
maglev packets processed: 8192000
lpm packets processed: 13697024
maglev packets processed: 8208384
lpm packets processed: 13713408
lpm packets processed: 13729792
maglev packets processed: 8224768
lpm packets processed: 13746176
lpm packets processed: 13762560
maglev packets processed: 8241152
lpm packets processed: 13778944
lpm packets processed: 13795328
maglev packets processed: 8257536
lpm packets processed: 13811712
maglev packets processed: 8273920
lpm packets processed: 13828096
lpm packets processed: 13844480
maglev packets processed: 8290304
lpm packets processed: 13860864
lpm packets processed: 13877248
maglev packets processed: 8306688
lpm packets processed: 13893632
lpm packets processed: 13910016
maglev packets processed: 8323072
lpm packets processed: 13926400
maglev packets processed: 8339456
lpm packets processed: 13942784
lpm packets processed: 13959168
maglev packets processed: 8355840
lpm packets processed: 13975552
lpm packets processed: 13991936
maglev packets processed: 8372224
lpm packets processed: 14008320
lpm packets processed: 14024704
maglev packets processed: 8388608
lpm packets processed: 14041088
maglev packets processed: 8404992
lpm packets processed: 14057472
lpm packets processed: 14073856
maglev packets processed: 8421376
lpm packets processed: 14090240
lpm packets processed: 14106624
maglev packets processed: 8437760
lpm packets processed: 14123008
lpm packets processed: 14139392
maglev packets processed: 8454144
lpm packets processed: 14155776
maglev packets processed: 8470528
lpm packets processed: 14172160
lpm packets processed: 14188544
maglev packets processed: 8486912
lpm packets processed: 14204928
lpm packets processed: 14221312
maglev packets processed: 8503296
lpm packets processed: 14237696
lpm packets processed: 14254080
maglev packets processed: 8519680
lpm packets processed: 14270464
maglev packets processed: 8536064
lpm packets processed: 14286848
lpm packets processed: 14303232
maglev packets processed: 8552448
lpm packets processed: 14319616
lpm packets processed: 14336000
maglev packets processed: 8568832
lpm packets processed: 14352384
lpm packets processed: 14368768
maglev packets processed: 8585216
lpm packets processed: 14385152
maglev packets processed: 8601600
lpm packets processed: 14401536
lpm packets processed: 14417920
maglev packets processed: 8617984
lpm packets processed: 14434304
lpm packets processed: 14450688
maglev packets processed: 8634368
lpm packets processed: 14467072
lpm packets processed: 14483456
maglev packets processed: 8650752
lpm packets processed: 14499840
maglev packets processed: 8667136
lpm packets processed: 14516224
lpm packets processed: 14532608
maglev packets processed: 8683520
lpm packets processed: 14548992
lpm packets processed: 14565376
maglev packets processed: 8699904
lpm packets processed: 14581760
lpm packets processed: 14598144
maglev packets processed: 8716288
lpm packets processed: 14614528
maglev packets processed: 8732672
lpm packets processed: 14630912
lpm packets processed: 14647296
maglev packets processed: 8749056
lpm packets processed: 14663680
lpm packets processed: 14680064
maglev packets processed: 8765440
lpm packets processed: 14696448
lpm packets processed: 14712832
maglev packets processed: 8781824
lpm packets processed: 14729216
maglev packets processed: 8798208
lpm packets processed: 14745600
lpm packets processed: 14761984
maglev packets processed: 8814592
lpm packets processed: 14778368
lpm packets processed: 14794752
maglev packets processed: 8830976
lpm packets processed: 14811136
lpm packets processed: 14827520
maglev packets processed: 8847360
lpm packets processed: 14843904
maglev packets processed: 8863744
lpm packets processed: 14860288
lpm packets processed: 14876672
maglev packets processed: 8880128
lpm packets processed: 14893056
lpm packets processed: 14909440
maglev packets processed: 8896512
lpm packets processed: 14925824
lpm packets processed: 14942208
maglev packets processed: 8912896
lpm packets processed: 14958592
maglev packets processed: 8929280
lpm packets processed: 14974976
lpm packets processed: 14991360
maglev packets processed: 8945664
lpm packets processed: 15007744
lpm packets processed: 15024128
maglev packets processed: 8962048
lpm packets processed: 15040512
lpm packets processed: 15056896
maglev packets processed: 8978432
lpm packets processed: 15073280
maglev packets processed: 8994816
lpm packets processed: 15089664
lpm packets processed: 15106048
maglev packets processed: 9011200
lpm packets processed: 15122432
lpm packets processed: 15138816
maglev packets processed: 9027584
lpm packets processed: 15155200
lpm packets processed: 15171584
maglev packets processed: 9043968
lpm packets processed: 15187968
maglev packets processed: 9060352
lpm packets processed: 15204352
lpm packets processed: 15220736
maglev packets processed: 9076736
lpm packets processed: 15237120
lpm packets processed: 15253504
maglev packets processed: 9093120
lpm packets processed: 15269888
lpm packets processed: 15286272
maglev packets processed: 9109504
lpm packets processed: 15302656
maglev packets processed: 9125888
lpm packets processed: 15319040
lpm packets processed: 15335424
maglev packets processed: 9142272
lpm packets processed: 15351808
lpm packets processed: 15368192
maglev packets processed: 9158656
lpm packets processed: 15384576
lpm packets processed: 15400960
maglev packets processed: 9175040
lpm packets processed: 15417344
maglev packets processed: 9191424
lpm packets processed: 15433728
lpm packets processed: 15450112
maglev packets processed: 9207808
lpm packets processed: 15466496
lpm packets processed: 15482880
maglev packets processed: 9224192
lpm packets processed: 15499264
lpm packets processed: 15515648
maglev packets processed: 9240576
lpm packets processed: 15532032
maglev packets processed: 9256960
lpm packets processed: 15548416
lpm packets processed: 15564800
maglev packets processed: 9273344
lpm packets processed: 15581184
lpm packets processed: 15597568
maglev packets processed: 9289728
lpm packets processed: 15613952
lpm packets processed: 15630336
maglev packets processed: 9306112
lpm packets processed: 15646720
maglev packets processed: 9322496
lpm packets processed: 15663104
lpm packets processed: 15679488
maglev packets processed: 9338880
lpm packets processed: 15695872
lpm packets processed: 15712256
maglev packets processed: 9355264
lpm packets processed: 15728640
lpm packets processed: 15745024
maglev packets processed: 9371648
lpm packets processed: 15761408
maglev packets processed: 9388032
lpm packets processed: 15777792
lpm packets processed: 15794176
maglev packets processed: 9404416
lpm packets processed: 15810560
lpm packets processed: 15826944
maglev packets processed: 9420800
lpm packets processed: 15843328
lpm packets processed: 15859712
maglev packets processed: 9437184
lpm packets processed: 15876096
maglev packets processed: 9453568
lpm packets processed: 15892480
lpm packets processed: 15908864
maglev packets processed: 9469952
lpm packets processed: 15925248
lpm packets processed: 15941632
maglev packets processed: 9486336
lpm packets processed: 15958016
lpm packets processed: 15974400
maglev packets processed: 9502720
lpm packets processed: 15990784
maglev packets processed: 9519104
lpm packets processed: 16007168
lpm packets processed: 16023552
maglev packets processed: 9535488
lpm packets processed: 16039936
lpm packets processed: 16056320
maglev packets processed: 9551872
lpm packets processed: 16072704
lpm packets processed: 16089088
maglev packets processed: 9568256
lpm packets processed: 16105472
maglev packets processed: 9584640
lpm packets processed: 16121856
lpm packets processed: 16138240
maglev packets processed: 9601024
lpm packets processed: 16154624
lpm packets processed: 16171008
maglev packets processed: 9617408
lpm packets processed: 16187392
lpm packets processed: 16203776
maglev packets processed: 9633792
lpm packets processed: 16220160
maglev packets processed: 9650176
lpm packets processed: 16236544
lpm packets processed: 16252928
maglev packets processed: 9666560
lpm packets processed: 16269312
lpm packets processed: 16285696
maglev packets processed: 9682944
lpm packets processed: 16302080
lpm packets processed: 16318464
maglev packets processed: 9699328
lpm packets processed: 16334848
maglev packets processed: 9715712
lpm packets processed: 16351232
lpm packets processed: 16367616
maglev packets processed: 9732096
lpm packets processed: 16384000
lpm packets processed: 16400384
maglev packets processed: 9748480
Exiting @ tick 3000000000000 because simulate() limit reached
