warn: DRAM device capacity (8192 Mbytes) does not match the address range assigned (65536 Mbytes)
warn: DRAM device capacity (8192 Mbytes) does not match the address range assigned (65536 Mbytes)
warn: Specified multiple of --abs-max-tick, --rel-max-tick, --maxtime. Using least
info: Entering event queue @ 0.  Starting simulation...
info: Increasing stack size by one page.
info: Increasing stack size by one page.
info: Increasing stack size by one page.
warn: ignoring syscall mprotect(...)
warn: ignoring syscall mprotect(...)
warn: ignoring syscall mprotect(...)
warn: ignoring syscall mprotect(...)
warn: ignoring syscall mprotect(...)
warn: ignoring syscall mprotect(...)
warn: ignoring syscall mprotect(...)
warn: ignoring syscall mprotect(...)
warn: ignoring syscall mprotect(...)
warn: ignoring syscall mprotect(...)
warn: ignoring syscall mprotect(...)
warn: ignoring syscall mprotect(...)
warn: ignoring syscall mprotect(...)
warn: ignoring syscall mprotect(...)
warn: ignoring syscall mprotect(...)
warn: ignoring syscall mprotect(...)
warn: ignoring syscall mprotect(...)
warn: ignoring syscall mprotect(...)
warn: ignoring syscall mprotect(...)
warn: ignoring syscall mprotect(...)
warn: ignoring syscall mprotect(...)
warn: ignoring syscall mprotect(...)
warn: ignoring syscall mprotect(...)
warn: ignoring syscall mprotect(...)
warn: ignoring syscall mprotect(...)
warn: ignoring syscall mprotect(...)
warn: ignoring syscall mprotect(...)
warn: ignoring syscall mprotect(...)
warn: ignoring syscall set_robust_list(...)
warn: ignoring syscall set_robust_list(...)
warn: ignoring syscall rt_sigaction(...)
warn: ignoring syscall rt_sigaction(...)
warn: ignoring syscall rt_sigaction(...)
warn: ignoring syscall rt_sigprocmask(...)
      (further warnings will be suppressed)
warn: ignoring syscall rt_sigaction(...)
warn: ignoring syscall mprotect(...)
warn: ignoring syscall rt_sigaction(...)
warn: ignoring syscall rt_sigaction(...)
warn: ignoring syscall mprotect(...)
warn: ignoring syscall set_robust_list(...)
warn: ignoring syscall rt_sigaction(...)
warn: ignoring syscall rt_sigaction(...)
warn: ignoring syscall rt_sigaction(...)
warn: ignoring syscall rt_sigaction(...)
warn: ignoring syscall rt_sigaction(...)
warn: ignoring syscall rt_sigaction(...)
warn: ignoring syscall sigaltstack(...)
warn: ignoring syscall rt_sigaction(...)
warn: ignoring syscall sigaltstack(...)
warn: ignoring syscall rt_sigaction(...)
warn: ignoring syscall rt_sigaction(...)
warn: ignoring syscall sigaltstack(...)
warn: fcntl64(3, 1) passed through to host
warn: fcntl64(3, 1) passed through to host
warn: fcntl64(3, 1) passed through to host
warn: mremapping to new vaddr 0x3fffdb5000-0x3fffe16000, adding 196608
warn: returning 0x3fffdb5000 as start
warn: mremapping to new vaddr 0x3fffdb5000-0x3fffe16000, adding 196608
warn: returning 0x3fffdb5000 as start
warn: mremapping to new vaddr 0x3fffdb5000-0x3fffe16000, adding 196608
warn: returning 0x3fffdb5000 as start
warn: mremapping to new vaddr 0x3fffcf4000-0x3fffdb5000, adding 393216
warn: returning 0x3fffcf4000 as start
warn: mremapping to new vaddr 0x3fffcf4000-0x3fffdb5000, adding 393216
warn: returning 0x3fffcf4000 as start
warn: mremapping to new vaddr 0x3fffcf4000-0x3fffdb5000, adding 393216
warn: returning 0x3fffcf4000 as start
warn: mremapping to new vaddr 0x3fffb73000-0x3fffcf4000, adding 786432
warn: returning 0x3fffb73000 as start
warn: mremapping to new vaddr 0x3fffb73000-0x3fffcf4000, adding 786432
warn: returning 0x3fffb73000 as start
warn: mremapping to new vaddr 0x3fffb73000-0x3fffcf4000, adding 786432
warn: returning 0x3fffb73000 as start
warn: mremapping to new vaddr 0x3fff872000-0x3fffb73000, adding 1572864
warn: returning 0x3fff872000 as start
warn: mremapping to new vaddr 0x3fff872000-0x3fffb73000, adding 1572864
warn: returning 0x3fff872000 as start
warn: mremapping to new vaddr 0x3fff872000-0x3fffb73000, adding 1572864
warn: returning 0x3fff872000 as start
warn: mremapping to new vaddr 0x3fff271000-0x3fff872000, adding 3145728
warn: returning 0x3fff271000 as start
warn: mremapping to new vaddr 0x3fff271000-0x3fff872000, adding 3145728
warn: returning 0x3fff271000 as start
warn: mremapping to new vaddr 0x3fff271000-0x3fff872000, adding 3145728
warn: returning 0x3fff271000 as start
warn: mremapping to new vaddr 0x3ffe670000-0x3fff271000, adding 6291456
warn: returning 0x3ffe670000 as start
warn: mremapping to new vaddr 0x3ffe670000-0x3fff271000, adding 6291456
warn: returning 0x3ffe670000 as start
warn: mremapping to new vaddr 0x3ffe670000-0x3fff271000, adding 6291456
warn: returning 0x3ffe670000 as start
warn: mremapping to new vaddr 0x3ffce6f000-0x3ffe670000, adding 12582912
warn: returning 0x3ffce6f000 as start
warn: mremapping to new vaddr 0x3ffce6f000-0x3ffe670000, adding 12582912
warn: returning 0x3ffce6f000 as start
warn: mremapping to new vaddr 0x3ffce6f000-0x3ffe670000, adding 12582912
warn: returning 0x3ffce6f000 as start
warn: mremapping to new vaddr 0x3ffc0b4000-0x3ffc105000, adding 163840
warn: returning 0x3ffc0b4000 as start
info: Entering event queue @ 939543264201.  Starting simulation...
warn: ClockedObject: Already in the requested power state, request ignored
warn: User mode does not have SPSR
warn: User mode does not have SPSR
warn: User mode does not have SPSR
warn: User mode does not have SPSR
warn: User mode does not have SPSR
warn: User mode does not have SPSR
info: Entering event queue @ 939543265035.  Starting simulation...
