warn: DRAM device capacity (8192 Mbytes) does not match the address range assigned (65536 Mbytes)
warn: DRAM device capacity (8192 Mbytes) does not match the address range assigned (65536 Mbytes)
warn: Specified multiple of --abs-max-tick, --rel-max-tick, --maxtime. Using least
info: Entering event queue @ 0.  Starting simulation...
info: Increasing stack size by one page.
warn: ignoring syscall mprotect(...)
warn: ignoring syscall mprotect(...)
warn: ignoring syscall mprotect(...)
warn: ignoring syscall mprotect(...)
warn: ignoring syscall mprotect(...)
warn: ignoring syscall mprotect(...)
warn: ignoring syscall mprotect(...)
warn: ignoring syscall mprotect(...)
warn: ignoring syscall mprotect(...)
warn: ignoring syscall mprotect(...)
warn: ignoring syscall set_robust_list(...)
warn: ignoring syscall rt_sigaction(...)
warn: ignoring syscall rt_sigaction(...)
warn: ignoring syscall rt_sigprocmask(...)
      (further warnings will be suppressed)
warn: ignoring syscall rt_sigaction(...)
warn: ignoring syscall rt_sigaction(...)
warn: ignoring syscall rt_sigaction(...)
warn: ignoring syscall sigaltstack(...)
warn: mremapping to new vaddr 0x3fffd82000-0x3fffe03000, adding 262144
warn: returning 0x3fffd82000 as start
info: Increasing stack size by one page.
warn: mremapping to new vaddr 0x3fffd14000-0x3fffd5d000, adding 147456
warn: returning 0x3fffd14000 as start
warn: mremapping to new vaddr 0x3fffc83000-0x3fffd14000, adding 294912
warn: returning 0x3fffc83000 as start
warn: mremapping to new vaddr 0x3fffb62000-0x3fffc83000, adding 589824
warn: returning 0x3fffb62000 as start
warn: mremapping to new vaddr 0x3fff921000-0x3fffb62000, adding 1179648
warn: returning 0x3fff921000 as start
warn: mremapping to new vaddr 0x3fff4a0000-0x3fff921000, adding 2359296
warn: returning 0x3fff4a0000 as start
warn: mremapping to new vaddr 0x3ffeb9f000-0x3fff4a0000, adding 4718592
warn: returning 0x3ffeb9f000 as start
warn: mremapping to new vaddr 0x3ffd99e000-0x3ffeb9f000, adding 9437184
warn: returning 0x3ffd99e000 as start
warn: mremapping to new vaddr 0x3ffb59d000-0x3ffd99e000, adding 18874368
warn: returning 0x3ffb59d000 as start
warn: mremapping to new vaddr 0x3ffb53b000-0x3ffb57c000, adding 131072
warn: returning 0x3ffb53b000 as start
warn: ignoring syscall mprotect(...)
warn: ClockedObject: Already in the requested power state, request ignored
warn: User mode does not have SPSR
warn: User mode does not have SPSR
warn: ignoring syscall mprotect(...)
warn: User mode does not have SPSR
warn: User mode does not have SPSR
warn: ignoring syscall set_robust_list(...)
warn: ignoring syscall mprotect(...)
warn: User mode does not have SPSR
warn: User mode does not have SPSR
warn: ignoring syscall set_robust_list(...)
warn: ignoring syscall set_robust_list(...)
warn: ignoring syscall sigaltstack(...)
warn: ignoring syscall mprotect(...)
warn: User mode does not have SPSR
warn: User mode does not have SPSR
warn: ignoring syscall set_robust_list(...)
warn: ignoring syscall sigaltstack(...)
warn: ignoring syscall sigaltstack(...)
warn: ignoring syscall sigaltstack(...)
warn: ignoring syscall mprotect(...)
warn: ignoring syscall mprotect(...)
warn: User mode does not have SPSR
warn: User mode does not have SPSR
warn: ignoring syscall set_robust_list(...)
warn: ignoring syscall sigaltstack(...)
warn: ignoring syscall mprotect(...)
warn: ignoring syscall mprotect(...)
warn: ignoring syscall mprotect(...)
warn: ignoring syscall sched_getaffinity(...)
warn: ignoring syscall mprotect(...)
warn: ignoring syscall mprotect(...)
warn: User mode does not have SPSR
warn: User mode does not have SPSR
warn: ignoring syscall set_robust_list(...)
warn: ignoring syscall sigaltstack(...)
warn: ignoring syscall sched_getaffinity(...)
warn: ignoring syscall mprotect(...)
warn: ignoring syscall sched_getaffinity(...)
warn: ignoring syscall sched_getaffinity(...)
warn: ignoring syscall sched_getaffinity(...)
warn: ignoring syscall mprotect(...)
warn: User mode does not have SPSR
warn: User mode does not have SPSR
warn: ignoring syscall set_robust_list(...)
warn: ignoring syscall sigaltstack(...)
warn: ignoring syscall mprotect(...)
warn: ignoring syscall sched_getaffinity(...)
warn: ignoring syscall mprotect(...)
warn: User mode does not have SPSR
warn: User mode does not have SPSR
warn: ignoring syscall set_robust_list(...)
warn: ignoring syscall sigaltstack(...)
warn: ignoring syscall mprotect(...)
warn: ignoring syscall sched_getaffinity(...)
warn: ignoring syscall mprotect(...)
warn: User mode does not have SPSR
warn: User mode does not have SPSR
warn: ignoring syscall set_robust_list(...)
warn: ignoring syscall sigaltstack(...)
warn: ignoring syscall sched_getaffinity(...)
warn: ignoring syscall mprotect(...)
warn: ignoring syscall mprotect(...)
warn: User mode does not have SPSR
warn: User mode does not have SPSR
warn: ignoring syscall set_robust_list(...)
warn: ignoring syscall sigaltstack(...)
warn: ignoring syscall mprotect(...)
warn: ignoring syscall sched_getaffinity(...)
warn: ignoring syscall mprotect(...)
warn: User mode does not have SPSR
warn: User mode does not have SPSR
warn: ignoring syscall set_robust_list(...)
warn: ignoring syscall sigaltstack(...)
warn: ignoring syscall mprotect(...)
warn: ignoring syscall sched_getaffinity(...)
warn: ignoring syscall mprotect(...)
warn: User mode does not have SPSR
warn: User mode does not have SPSR
warn: ignoring syscall set_robust_list(...)
warn: ignoring syscall sigaltstack(...)
warn: ignoring syscall mprotect(...)
warn: ignoring syscall sched_getaffinity(...)
warn: ignoring syscall mprotect(...)
warn: User mode does not have SPSR
warn: User mode does not have SPSR
warn: ignoring syscall set_robust_list(...)
warn: ignoring syscall sigaltstack(...)
warn: ignoring syscall mprotect(...)
warn: ignoring syscall sched_getaffinity(...)
warn: ignoring syscall mprotect(...)
warn: User mode does not have SPSR
warn: User mode does not have SPSR
warn: ignoring syscall set_robust_list(...)
warn: ignoring syscall sigaltstack(...)
warn: ignoring syscall mprotect(...)
warn: ignoring syscall sched_getaffinity(...)
warn: ignoring syscall mprotect(...)
warn: User mode does not have SPSR
warn: User mode does not have SPSR
warn: ignoring syscall set_robust_list(...)
warn: ignoring syscall sigaltstack(...)
warn: ignoring syscall mprotect(...)
warn: ignoring syscall sched_getaffinity(...)
warn: ignoring syscall mprotect(...)
warn: User mode does not have SPSR
warn: User mode does not have SPSR
warn: ignoring syscall set_robust_list(...)
warn: ignoring syscall sigaltstack(...)
warn: ignoring syscall mprotect(...)
warn: ignoring syscall sched_getaffinity(...)
warn: ignoring syscall sched_getaffinity(...)
warn: fcntl64(3, 1) passed through to host
warn: mremapping to new vaddr 0x3f792f9000-0x3f7947a000, adding 786432
warn: returning 0x3f792f9000 as start
warn: mremapping to new vaddr 0x3f78ff8000-0x3f792f9000, adding 1572864
warn: returning 0x3f78ff8000 as start
warn: mremapping to new vaddr 0x3f789f7000-0x3f78ff8000, adding 3145728
warn: returning 0x3f789f7000 as start
warn: mremapping to new vaddr 0x3f77df6000-0x3f789f7000, adding 6291456
warn: returning 0x3f77df6000 as start
warn: mremapping to new vaddr 0x3f765f5000-0x3f77df6000, adding 12582912
warn: returning 0x3f765f5000 as start
warn: ignoring syscall sched_yield(...)
warn: ignoring syscall sched_yield(...)
warn: ignoring syscall sched_yield(...)
warn: ignoring syscall sched_yield(...)
warn: ignoring syscall sched_yield(...)
warn: ignoring syscall sched_yield(...)
warn: ignoring syscall sched_yield(...)
warn: ignoring syscall sched_yield(...)
warn: ignoring syscall sched_yield(...)
warn: ignoring syscall sched_yield(...)
warn: ignoring syscall sched_yield(...)
warn: ignoring syscall sched_yield(...)
warn: ignoring syscall sched_yield(...)
warn: ignoring syscall sched_yield(...)
warn: ignoring syscall sched_yield(...)
warn: ignoring syscall sched_yield(...)
warn: ignoring syscall sched_yield(...)
warn: ignoring syscall sched_yield(...)
warn: ignoring syscall sched_yield(...)
warn: ignoring syscall sched_yield(...)
warn: ignoring syscall sched_yield(...)
warn: ignoring syscall sched_yield(...)
warn: ignoring syscall sched_yield(...)
warn: ignoring syscall sched_yield(...)
warn: ignoring syscall sched_yield(...)
warn: ignoring syscall sched_yield(...)
warn: ignoring syscall sched_yield(...)
warn: ignoring syscall sched_yield(...)
warn: ignoring syscall sched_yield(...)
warn: ignoring syscall sched_yield(...)
warn: ignoring syscall sched_yield(...)
warn: ignoring syscall sched_yield(...)
warn: ignoring syscall sched_yield(...)
warn: ignoring syscall sched_yield(...)
warn: ignoring syscall sched_yield(...)
warn: ignoring syscall sched_yield(...)
warn: ignoring syscall sched_yield(...)
warn: ignoring syscall sched_yield(...)
warn: ignoring syscall sched_yield(...)
warn: ignoring syscall sched_yield(...)
warn: ignoring syscall sched_yield(...)
warn: ignoring syscall sched_yield(...)
warn: ignoring syscall sched_yield(...)
warn: ignoring syscall sched_yield(...)
warn: ignoring syscall sched_yield(...)
warn: ignoring syscall sched_yield(...)
warn: ignoring syscall sched_yield(...)
warn: ignoring syscall sched_yield(...)
warn: ignoring syscall sched_yield(...)
warn: ignoring syscall sched_yield(...)
warn: ignoring syscall sched_yield(...)
warn: ignoring syscall sched_yield(...)
warn: ignoring syscall sched_yield(...)
warn: ignoring syscall sched_yield(...)
warn: ignoring syscall sched_yield(...)
warn: ignoring syscall sched_yield(...)
warn: ignoring syscall sched_yield(...)
warn: ignoring syscall sched_yield(...)
warn: ignoring syscall sched_yield(...)
warn: ignoring syscall sched_yield(...)
warn: ignoring syscall sched_yield(...)
warn: ignoring syscall sched_yield(...)
warn: ignoring syscall sched_yield(...)
warn: ignoring syscall sched_yield(...)
warn: ignoring syscall sched_yield(...)
warn: ignoring syscall sched_yield(...)
warn: ignoring syscall sched_yield(...)
warn: ignoring syscall sched_yield(...)
warn: ignoring syscall sched_yield(...)
warn: ignoring syscall sched_yield(...)
warn: ignoring syscall sched_yield(...)
warn: ignoring syscall sched_yield(...)
warn: ignoring syscall sched_yield(...)
warn: ignoring syscall sched_yield(...)
warn: ignoring syscall sched_yield(...)
warn: ignoring syscall sched_yield(...)
warn: ignoring syscall sched_yield(...)
warn: ignoring syscall sched_yield(...)
warn: ignoring syscall sched_yield(...)
warn: ignoring syscall sched_yield(...)
warn: ignoring syscall sched_yield(...)
warn: ignoring syscall sched_yield(...)
warn: ignoring syscall sched_yield(...)
warn: ignoring syscall sched_yield(...)
warn: ignoring syscall sched_yield(...)
warn: ignoring syscall sched_yield(...)
warn: ignoring syscall sched_yield(...)
warn: ignoring syscall sched_yield(...)
warn: ignoring syscall sched_yield(...)
warn: ignoring syscall sched_yield(...)
warn: ignoring syscall sched_yield(...)
warn: ignoring syscall sched_yield(...)
warn: ignoring syscall sched_yield(...)
warn: ignoring syscall sched_yield(...)
warn: ignoring syscall sched_yield(...)
warn: ignoring syscall sched_yield(...)
warn: ignoring syscall sched_yield(...)
warn: ignoring syscall sched_yield(...)
warn: ignoring syscall sched_yield(...)
warn: ignoring syscall sched_yield(...)
warn: ignoring syscall sched_yield(...)
warn: ignoring syscall sched_yield(...)
warn: ignoring syscall sched_yield(...)
warn: ignoring syscall sched_yield(...)
warn: ignoring syscall sched_yield(...)
warn: ignoring syscall sched_yield(...)
warn: ignoring syscall sched_yield(...)
warn: ignoring syscall sched_yield(...)
warn: ignoring syscall sched_yield(...)
warn: ignoring syscall sched_yield(...)
warn: ignoring syscall sched_yield(...)
warn: ignoring syscall sched_yield(...)
warn: ignoring syscall sched_yield(...)
warn: ignoring syscall sched_yield(...)
warn: ignoring syscall sched_yield(...)
warn: ignoring syscall sched_yield(...)
warn: ignoring syscall sched_yield(...)
warn: ignoring syscall sched_yield(...)
warn: ignoring syscall sched_yield(...)
warn: ignoring syscall sched_yield(...)
warn: ignoring syscall sched_yield(...)
warn: ignoring syscall sched_yield(...)
warn: ignoring syscall sched_yield(...)
warn: ignoring syscall sched_yield(...)
warn: ignoring syscall sched_yield(...)
warn: ignoring syscall sched_yield(...)
warn: ignoring syscall sched_yield(...)
warn: ignoring syscall sched_yield(...)
warn: ignoring syscall sched_yield(...)
warn: ignoring syscall sched_yield(...)
warn: ignoring syscall sched_yield(...)
warn: ignoring syscall sched_yield(...)
warn: ignoring syscall sched_yield(...)
warn: ignoring syscall sched_yield(...)
warn: ignoring syscall sched_yield(...)
warn: ignoring syscall sched_yield(...)
warn: ignoring syscall sched_yield(...)
warn: ignoring syscall sched_yield(...)
warn: ignoring syscall sched_yield(...)
warn: ignoring syscall sched_yield(...)
warn: ignoring syscall sched_yield(...)
warn: ignoring syscall sched_yield(...)
warn: ignoring syscall sched_yield(...)
warn: ignoring syscall sched_yield(...)
warn: ignoring syscall sched_yield(...)
warn: ignoring syscall sched_yield(...)
warn: ignoring syscall sched_yield(...)
warn: ignoring syscall sched_yield(...)
warn: ignoring syscall sched_yield(...)
warn: ignoring syscall sched_yield(...)
warn: ignoring syscall sched_yield(...)
warn: ignoring syscall sched_yield(...)
warn: ignoring syscall sched_yield(...)
warn: ignoring syscall sched_yield(...)
warn: ignoring syscall sched_yield(...)
warn: ignoring syscall sched_yield(...)
warn: ignoring syscall sched_yield(...)
warn: ignoring syscall sched_yield(...)
warn: ignoring syscall sched_yield(...)
warn: ignoring syscall sched_yield(...)
warn: ignoring syscall sched_yield(...)
warn: ignoring syscall sched_yield(...)
warn: ignoring syscall sched_yield(...)
warn: ignoring syscall sched_yield(...)
warn: ignoring syscall sched_yield(...)
warn: ignoring syscall sched_yield(...)
warn: ignoring syscall sched_yield(...)
warn: ignoring syscall sched_yield(...)
warn: ignoring syscall sched_yield(...)
warn: ignoring syscall sched_yield(...)
warn: ignoring syscall sched_yield(...)
warn: ignoring syscall sched_yield(...)
warn: ignoring syscall sched_yield(...)
warn: ignoring syscall sched_yield(...)
warn: ignoring syscall sched_yield(...)
warn: ignoring syscall sched_yield(...)
warn: ignoring syscall sched_yield(...)
warn: ignoring syscall sched_yield(...)
warn: ignoring syscall sched_yield(...)
warn: ignoring syscall sched_yield(...)
warn: ignoring syscall sched_yield(...)
warn: ignoring syscall sched_yield(...)
warn: ignoring syscall sched_yield(...)
warn: ignoring syscall sched_yield(...)
warn: ignoring syscall sched_yield(...)
warn: ignoring syscall sched_yield(...)
warn: ignoring syscall sched_yield(...)
warn: ignoring syscall sched_yield(...)
warn: ignoring syscall sched_yield(...)
warn: ignoring syscall sched_yield(...)
warn: ignoring syscall sched_yield(...)
warn: ignoring syscall sched_yield(...)
warn: ignoring syscall sched_yield(...)
warn: ignoring syscall sched_yield(...)
warn: ignoring syscall sched_yield(...)
warn: ignoring syscall sched_yield(...)
warn: ignoring syscall sched_yield(...)
warn: ignoring syscall sched_yield(...)
warn: ignoring syscall sched_yield(...)
warn: ignoring syscall sched_yield(...)
warn: ignoring syscall sched_yield(...)
warn: ignoring syscall sched_yield(...)
warn: ignoring syscall sched_yield(...)
warn: ignoring syscall sched_yield(...)
warn: ignoring syscall sched_yield(...)
warn: ignoring syscall sched_yield(...)
warn: ignoring syscall sched_yield(...)
warn: ignoring syscall sched_yield(...)
warn: ignoring syscall sched_yield(...)
warn: ignoring syscall sched_yield(...)
warn: ignoring syscall sched_yield(...)
warn: ignoring syscall sched_yield(...)
warn: ignoring syscall sched_yield(...)
warn: ignoring syscall sched_yield(...)
warn: ignoring syscall sched_yield(...)
warn: ignoring syscall sched_yield(...)
warn: ignoring syscall sched_yield(...)
warn: ignoring syscall sched_yield(...)
warn: ignoring syscall sched_yield(...)
warn: ignoring syscall sched_yield(...)
warn: ignoring syscall sched_yield(...)
warn: ignoring syscall sched_yield(...)
warn: ignoring syscall sched_yield(...)
warn: ignoring syscall sched_yield(...)
warn: ignoring syscall sched_yield(...)
warn: ignoring syscall sched_yield(...)
warn: ignoring syscall sched_yield(...)
warn: ignoring syscall sched_yield(...)
warn: ignoring syscall sched_yield(...)
warn: ignoring syscall sched_yield(...)
warn: ignoring syscall sched_yield(...)
warn: ignoring syscall sched_yield(...)
warn: ignoring syscall sched_yield(...)
warn: ignoring syscall sched_yield(...)
warn: ignoring syscall sched_yield(...)
warn: ignoring syscall sched_yield(...)
warn: ignoring syscall sched_yield(...)
warn: ignoring syscall sched_yield(...)
warn: ignoring syscall sched_yield(...)
warn: ignoring syscall sched_yield(...)
warn: ignoring syscall sched_yield(...)
warn: ignoring syscall sched_yield(...)
warn: ignoring syscall sched_yield(...)
warn: ignoring syscall sched_yield(...)
warn: ignoring syscall sched_yield(...)
warn: ignoring syscall sched_yield(...)
warn: ignoring syscall sched_yield(...)
warn: ignoring syscall sched_yield(...)
warn: ignoring syscall sched_yield(...)
warn: ignoring syscall sched_yield(...)
warn: ignoring syscall sched_yield(...)
warn: ignoring syscall sched_yield(...)
warn: ignoring syscall sched_yield(...)
warn: ignoring syscall sched_yield(...)
warn: ignoring syscall sched_yield(...)
warn: ignoring syscall sched_yield(...)
warn: ignoring syscall sched_yield(...)
warn: ignoring syscall sched_yield(...)
warn: ignoring syscall sched_yield(...)
warn: ignoring syscall sched_yield(...)
warn: ignoring syscall sched_yield(...)
warn: ignoring syscall sched_yield(...)
warn: ignoring syscall sched_yield(...)
warn: ignoring syscall sched_yield(...)
warn: ignoring syscall sched_yield(...)
warn: ignoring syscall sched_yield(...)
warn: ignoring syscall sched_yield(...)
warn: ignoring syscall sched_yield(...)
warn: ignoring syscall sched_yield(...)
warn: ignoring syscall sched_yield(...)
warn: ignoring syscall sched_yield(...)
warn: ignoring syscall sched_yield(...)
warn: ignoring syscall sched_yield(...)
warn: ignoring syscall sched_yield(...)
warn: ignoring syscall sched_yield(...)
warn: ignoring syscall sched_yield(...)
warn: ignoring syscall sched_yield(...)
warn: ignoring syscall sched_yield(...)
warn: ignoring syscall sched_yield(...)
warn: ignoring syscall sched_yield(...)
warn: ignoring syscall sched_yield(...)
warn: ignoring syscall sched_yield(...)
warn: ignoring syscall sched_yield(...)
warn: ignoring syscall sched_yield(...)
warn: ignoring syscall sched_yield(...)
warn: ignoring syscall sched_yield(...)
warn: ignoring syscall sched_yield(...)
warn: ignoring syscall sched_yield(...)
warn: ignoring syscall sched_yield(...)
warn: ignoring syscall sched_yield(...)
warn: ignoring syscall sched_yield(...)
warn: ignoring syscall sched_yield(...)
warn: ignoring syscall sched_yield(...)
warn: ignoring syscall sched_yield(...)
warn: ignoring syscall sched_yield(...)
warn: ignoring syscall sched_yield(...)
warn: ignoring syscall sched_yield(...)
warn: ignoring syscall sched_yield(...)
warn: ignoring syscall sched_yield(...)
warn: ignoring syscall sched_yield(...)
warn: ignoring syscall sched_yield(...)
warn: ignoring syscall sched_yield(...)
warn: ignoring syscall sched_yield(...)
warn: ignoring syscall sched_yield(...)
warn: ignoring syscall sched_yield(...)
warn: ignoring syscall sched_yield(...)
warn: ignoring syscall sched_yield(...)
warn: ignoring syscall sched_yield(...)
warn: ignoring syscall sched_yield(...)
warn: ignoring syscall sched_yield(...)
warn: ignoring syscall sched_yield(...)
warn: ignoring syscall sched_yield(...)
warn: ignoring syscall sched_yield(...)
warn: ignoring syscall sched_yield(...)
warn: ignoring syscall sched_yield(...)
warn: ignoring syscall sched_yield(...)
warn: ignoring syscall sched_yield(...)
warn: ignoring syscall sched_yield(...)
warn: ignoring syscall sched_yield(...)
warn: ignoring syscall sched_yield(...)
warn: ignoring syscall sched_yield(...)
warn: ignoring syscall sched_yield(...)
warn: ignoring syscall sched_yield(...)
warn: ignoring syscall sched_yield(...)
warn: ignoring syscall sched_yield(...)
warn: ignoring syscall sched_yield(...)
warn: ignoring syscall sched_yield(...)
warn: ignoring syscall sched_yield(...)
warn: ignoring syscall sched_yield(...)
warn: ignoring syscall sched_yield(...)
warn: ignoring syscall sched_yield(...)
warn: ignoring syscall sched_yield(...)
warn: ignoring syscall sched_yield(...)
warn: ignoring syscall sched_yield(...)
warn: ignoring syscall sched_yield(...)
warn: ignoring syscall sched_yield(...)
warn: ignoring syscall sched_yield(...)
warn: ignoring syscall sched_yield(...)
warn: ignoring syscall sched_yield(...)
warn: ignoring syscall sched_yield(...)
warn: ignoring syscall sched_yield(...)
warn: ignoring syscall sched_yield(...)
warn: ignoring syscall sched_yield(...)
warn: ignoring syscall sched_yield(...)
warn: ignoring syscall sched_yield(...)
warn: ignoring syscall sched_yield(...)
warn: ignoring syscall sched_yield(...)
warn: ignoring syscall sched_yield(...)
warn: ignoring syscall sched_yield(...)
warn: ignoring syscall sched_yield(...)
info: Entering event queue @ 957971702250.  Starting simulation...
warn: User mode does not have SPSR
warn: User mode does not have SPSR
warn: User mode does not have SPSR
warn: User mode does not have SPSR
warn: User mode does not have SPSR
warn: User mode does not have SPSR
warn: User mode does not have SPSR
warn: User mode does not have SPSR
warn: User mode does not have SPSR
warn: User mode does not have SPSR
warn: User mode does not have SPSR
warn: User mode does not have SPSR
warn: User mode does not have SPSR
warn: User mode does not have SPSR
warn: User mode does not have SPSR
warn: User mode does not have SPSR
warn: User mode does not have SPSR
warn: User mode does not have SPSR
warn: User mode does not have SPSR
warn: User mode does not have SPSR
warn: User mode does not have SPSR
warn: User mode does not have SPSR
warn: User mode does not have SPSR
warn: User mode does not have SPSR
warn: User mode does not have SPSR
warn: User mode does not have SPSR
warn: User mode does not have SPSR
warn: User mode does not have SPSR
warn: User mode does not have SPSR
warn: User mode does not have SPSR
warn: User mode does not have SPSR
warn: User mode does not have SPSR
warn: User mode does not have SPSR
warn: User mode does not have SPSR
info: Entering event queue @ 957971702738.  Starting simulation...
warn: ignoring syscall sched_yield(...)
warn: ignoring syscall sched_yield(...)
warn: ignoring syscall sched_yield(...)
warn: ignoring syscall sched_yield(...)
warn: ignoring syscall sched_yield(...)
warn: ignoring syscall sched_yield(...)
warn: ignoring syscall sched_yield(...)
warn: ignoring syscall sched_yield(...)
warn: ignoring syscall sched_yield(...)
warn: ignoring syscall sched_yield(...)
warn: ignoring syscall sched_yield(...)
warn: ignoring syscall sched_yield(...)
warn: ignoring syscall sched_yield(...)
warn: ignoring syscall sched_yield(...)
warn: ignoring syscall sched_yield(...)
warn: ignoring syscall sched_yield(...)
warn: ignoring syscall sched_yield(...)
warn: ignoring syscall sched_yield(...)
warn: ignoring syscall sched_yield(...)
warn: ignoring syscall sched_yield(...)
warn: ignoring syscall sched_yield(...)
warn: ignoring syscall sched_yield(...)
warn: ignoring syscall sched_yield(...)
warn: ignoring syscall sched_yield(...)
warn: ignoring syscall sched_yield(...)
warn: ignoring syscall sched_yield(...)
warn: ignoring syscall sched_yield(...)
warn: ignoring syscall sched_yield(...)
warn: ignoring syscall sched_yield(...)
warn: ignoring syscall sched_yield(...)
warn: ignoring syscall sched_yield(...)
warn: ignoring syscall sched_yield(...)
warn: ignoring syscall sched_yield(...)
warn: ignoring syscall sched_yield(...)
warn: ignoring syscall sched_yield(...)
warn: ignoring syscall sched_yield(...)
warn: ignoring syscall sched_yield(...)
warn: ignoring syscall sched_yield(...)
warn: ignoring syscall sched_yield(...)
warn: ignoring syscall sched_yield(...)
warn: ignoring syscall sched_yield(...)
warn: ignoring syscall sched_yield(...)
warn: ignoring syscall sched_yield(...)
warn: ignoring syscall sched_yield(...)
warn: ignoring syscall sched_yield(...)
warn: ignoring syscall sched_yield(...)
warn: ignoring syscall sched_yield(...)
warn: ignoring syscall sched_yield(...)
warn: ignoring syscall sched_yield(...)
warn: ignoring syscall sched_yield(...)
warn: ignoring syscall sched_yield(...)
warn: ignoring syscall sched_yield(...)
warn: ignoring syscall sched_yield(...)
warn: ignoring syscall sched_yield(...)
warn: ignoring syscall sched_yield(...)
warn: ignoring syscall sched_yield(...)
warn: ignoring syscall sched_yield(...)
warn: ignoring syscall sched_yield(...)
warn: ignoring syscall sched_yield(...)
warn: ignoring syscall sched_yield(...)
warn: ignoring syscall sched_yield(...)
warn: ignoring syscall sched_yield(...)
warn: ignoring syscall sched_yield(...)
warn: ignoring syscall sched_yield(...)
warn: ignoring syscall sched_yield(...)
warn: ignoring syscall sched_yield(...)
warn: ignoring syscall sched_yield(...)
warn: ignoring syscall sched_yield(...)
warn: ignoring syscall sched_yield(...)
warn: ignoring syscall sched_yield(...)
warn: ignoring syscall sched_yield(...)
warn: ignoring syscall sched_yield(...)
warn: ignoring syscall sched_yield(...)
warn: ignoring syscall sched_yield(...)
warn: ignoring syscall sched_yield(...)
warn: ignoring syscall sched_yield(...)
warn: ignoring syscall sched_yield(...)
warn: ignoring syscall sched_yield(...)
warn: ignoring syscall sched_yield(...)
warn: ignoring syscall sched_yield(...)
warn: ignoring syscall sched_yield(...)
warn: ignoring syscall sched_yield(...)
warn: ignoring syscall sched_yield(...)
warn: ignoring syscall sched_yield(...)
warn: ignoring syscall sched_yield(...)
warn: ignoring syscall sched_yield(...)
warn: ignoring syscall sched_yield(...)
warn: ignoring syscall sched_yield(...)
warn: ignoring syscall sched_yield(...)
warn: ignoring syscall sched_yield(...)
warn: ignoring syscall sched_yield(...)
warn: ignoring syscall sched_yield(...)
warn: ignoring syscall sched_yield(...)
warn: ignoring syscall sched_yield(...)
warn: ignoring syscall sched_yield(...)
warn: ignoring syscall sched_yield(...)
warn: ignoring syscall sched_yield(...)
warn: ignoring syscall sched_yield(...)
warn: ignoring syscall sched_yield(...)
warn: ignoring syscall sched_yield(...)
warn: ignoring syscall sched_yield(...)
warn: ignoring syscall sched_yield(...)
warn: ignoring syscall sched_yield(...)
warn: ignoring syscall sched_yield(...)
warn: ignoring syscall sched_yield(...)
warn: ignoring syscall sched_yield(...)
warn: ignoring syscall sched_yield(...)
warn: ignoring syscall sched_yield(...)
warn: ignoring syscall sched_yield(...)
warn: ignoring syscall sched_yield(...)
warn: ignoring syscall sched_yield(...)
warn: ignoring syscall sched_yield(...)
warn: ignoring syscall sched_yield(...)
warn: ignoring syscall sched_yield(...)
warn: ignoring syscall sched_yield(...)
warn: ignoring syscall sched_yield(...)
warn: ignoring syscall sched_yield(...)
warn: ignoring syscall sched_yield(...)
warn: ignoring syscall sched_yield(...)
warn: ignoring syscall sched_yield(...)
warn: ignoring syscall sched_yield(...)
warn: ignoring syscall sched_yield(...)
warn: ignoring syscall sched_yield(...)
warn: ignoring syscall sched_yield(...)
warn: ignoring syscall sched_yield(...)
warn: ignoring syscall sched_yield(...)
warn: ignoring syscall sched_yield(...)
warn: ignoring syscall sched_yield(...)
warn: ignoring syscall sched_yield(...)
warn: ignoring syscall sched_yield(...)
warn: ignoring syscall sched_yield(...)
warn: ignoring syscall sched_yield(...)
warn: ignoring syscall sched_yield(...)
warn: ignoring syscall sched_yield(...)
warn: ignoring syscall sched_yield(...)
warn: ignoring syscall sched_yield(...)
warn: ignoring syscall sched_yield(...)
warn: ignoring syscall sched_yield(...)
warn: ignoring syscall sched_yield(...)
warn: ignoring syscall sched_yield(...)
warn: ignoring syscall sched_yield(...)
warn: ignoring syscall sched_yield(...)
warn: ignoring syscall sched_yield(...)
warn: ignoring syscall sched_yield(...)
warn: ignoring syscall sched_yield(...)
warn: ignoring syscall sched_yield(...)
warn: ignoring syscall sched_yield(...)
warn: ignoring syscall sched_yield(...)
warn: ignoring syscall sched_yield(...)
warn: ignoring syscall sched_yield(...)
warn: ignoring syscall sched_yield(...)
warn: ignoring syscall sched_yield(...)
warn: ignoring syscall sched_yield(...)
warn: ignoring syscall sched_yield(...)
warn: ignoring syscall sched_yield(...)
warn: ignoring syscall sched_yield(...)
warn: ignoring syscall sched_yield(...)
warn: ignoring syscall sched_yield(...)
warn: ignoring syscall sched_yield(...)
warn: ignoring syscall sched_yield(...)
warn: ignoring syscall sched_yield(...)
warn: ignoring syscall sched_yield(...)
warn: ignoring syscall sched_yield(...)
warn: ignoring syscall sched_yield(...)
warn: ignoring syscall sched_yield(...)
warn: ignoring syscall sched_yield(...)
warn: ignoring syscall sched_yield(...)
warn: ignoring syscall sched_yield(...)
warn: ignoring syscall sched_yield(...)
warn: ignoring syscall sched_yield(...)
warn: ignoring syscall sched_yield(...)
warn: ignoring syscall sched_yield(...)
warn: ignoring syscall sched_yield(...)
warn: ignoring syscall sched_yield(...)
warn: ignoring syscall sched_yield(...)
warn: ignoring syscall sched_yield(...)
warn: ignoring syscall sched_yield(...)
warn: ignoring syscall sched_yield(...)
warn: ignoring syscall sched_yield(...)
warn: ignoring syscall sched_yield(...)
warn: ignoring syscall sched_yield(...)
warn: ignoring syscall sched_yield(...)
warn: ignoring syscall sched_yield(...)
warn: ignoring syscall sched_yield(...)
warn: ignoring syscall sched_yield(...)
warn: ignoring syscall sched_yield(...)
warn: ignoring syscall sched_yield(...)
warn: ignoring syscall sched_yield(...)
warn: ignoring syscall sched_yield(...)
warn: ignoring syscall sched_yield(...)
warn: ignoring syscall sched_yield(...)
warn: ignoring syscall sched_yield(...)
warn: ignoring syscall sched_yield(...)
warn: ignoring syscall sched_yield(...)
warn: ignoring syscall sched_yield(...)
warn: ignoring syscall sched_yield(...)
warn: ignoring syscall sched_yield(...)
warn: ignoring syscall sched_yield(...)
warn: ignoring syscall sched_yield(...)
warn: ignoring syscall sched_yield(...)
warn: ignoring syscall sched_yield(...)
warn: ignoring syscall sched_yield(...)
warn: ignoring syscall sched_yield(...)
warn: ignoring syscall sched_yield(...)
warn: ignoring syscall sched_yield(...)
warn: ignoring syscall sched_yield(...)
warn: ignoring syscall sched_yield(...)
warn: ignoring syscall sched_yield(...)
warn: ignoring syscall sched_yield(...)
warn: ignoring syscall sched_yield(...)
warn: ignoring syscall sched_yield(...)
warn: ignoring syscall sched_yield(...)
warn: ignoring syscall sched_yield(...)
warn: ignoring syscall sched_yield(...)
warn: ignoring syscall sched_yield(...)
warn: ignoring syscall sched_yield(...)
warn: ignoring syscall sched_yield(...)
warn: ignoring syscall sched_yield(...)
warn: ignoring syscall sched_yield(...)
warn: ignoring syscall sched_yield(...)
warn: ignoring syscall sched_yield(...)
warn: ignoring syscall sched_yield(...)
warn: ignoring syscall sched_yield(...)
warn: ignoring syscall sched_yield(...)
warn: ignoring syscall sched_yield(...)
warn: ignoring syscall sched_yield(...)
warn: ignoring syscall sched_yield(...)
warn: ignoring syscall sched_yield(...)
warn: ignoring syscall sched_yield(...)
warn: ignoring syscall sched_yield(...)
warn: ignoring syscall sched_yield(...)
warn: ignoring syscall sched_yield(...)
warn: ignoring syscall sched_yield(...)
warn: ignoring syscall sched_yield(...)
warn: ignoring syscall sched_yield(...)
warn: ignoring syscall sched_yield(...)
warn: ignoring syscall sched_yield(...)
warn: ignoring syscall sched_yield(...)
warn: ignoring syscall sched_yield(...)
warn: ignoring syscall sched_yield(...)
warn: ignoring syscall sched_yield(...)
warn: ignoring syscall sched_yield(...)
warn: ignoring syscall sched_yield(...)
warn: ignoring syscall sched_yield(...)
warn: ignoring syscall sched_yield(...)
warn: ignoring syscall sched_yield(...)
warn: ignoring syscall sched_yield(...)
warn: ignoring syscall sched_yield(...)
warn: ignoring syscall sched_yield(...)
warn: ignoring syscall sched_yield(...)
warn: ignoring syscall sched_yield(...)
warn: ignoring syscall sched_yield(...)
warn: ignoring syscall sched_yield(...)
warn: ignoring syscall sched_yield(...)
warn: ignoring syscall sched_yield(...)
warn: ignoring syscall sched_yield(...)
warn: ignoring syscall sched_yield(...)
warn: ignoring syscall sched_yield(...)
warn: ignoring syscall sched_yield(...)
warn: ignoring syscall sched_yield(...)
warn: ignoring syscall sched_yield(...)
warn: ignoring syscall sched_yield(...)
warn: ignoring syscall sched_yield(...)
warn: ignoring syscall sched_yield(...)
warn: ignoring syscall sched_yield(...)
warn: ignoring syscall sched_yield(...)
warn: ignoring syscall sched_yield(...)
warn: ignoring syscall sched_yield(...)
warn: ignoring syscall sched_yield(...)
warn: ignoring syscall sched_yield(...)
warn: ignoring syscall sched_yield(...)
warn: ignoring syscall sched_yield(...)
warn: ignoring syscall sched_yield(...)
warn: ignoring syscall sched_yield(...)
warn: ignoring syscall sched_yield(...)
warn: ignoring syscall sched_yield(...)
warn: ignoring syscall sched_yield(...)
warn: ignoring syscall sched_yield(...)
warn: ignoring syscall sched_yield(...)
warn: ignoring syscall sched_yield(...)
warn: ignoring syscall sched_yield(...)
warn: ignoring syscall sched_yield(...)
warn: ignoring syscall sched_yield(...)
warn: ignoring syscall sched_yield(...)
warn: ignoring syscall sched_yield(...)
warn: ignoring syscall sched_yield(...)
warn: ignoring syscall sched_yield(...)
warn: ignoring syscall sched_yield(...)
warn: ignoring syscall sched_yield(...)
warn: ignoring syscall sched_yield(...)
warn: ignoring syscall sched_yield(...)
warn: ignoring syscall sched_yield(...)
warn: ignoring syscall sched_yield(...)
warn: ignoring syscall sched_yield(...)
warn: ignoring syscall sched_yield(...)
warn: ignoring syscall sched_yield(...)
warn: ignoring syscall sched_yield(...)
warn: ignoring syscall sched_yield(...)
warn: ignoring syscall sched_yield(...)
warn: ignoring syscall sched_yield(...)
warn: ignoring syscall sched_yield(...)
warn: ignoring syscall sched_yield(...)
warn: ignoring syscall sched_yield(...)
warn: ignoring syscall sched_yield(...)
warn: ignoring syscall sched_yield(...)
warn: ignoring syscall sched_yield(...)
warn: ignoring syscall sched_yield(...)
warn: ignoring syscall sched_yield(...)
warn: ignoring syscall sched_yield(...)
warn: ignoring syscall sched_yield(...)
warn: ignoring syscall sched_yield(...)
warn: ignoring syscall sched_yield(...)
warn: ignoring syscall sched_yield(...)
warn: ignoring syscall sched_yield(...)
warn: ignoring syscall sched_yield(...)
warn: ignoring syscall sched_yield(...)
warn: ignoring syscall sched_yield(...)
warn: ignoring syscall sched_yield(...)
warn: ignoring syscall sched_yield(...)
warn: ignoring syscall sched_yield(...)
warn: ignoring syscall sched_yield(...)
warn: ignoring syscall sched_yield(...)
warn: ignoring syscall sched_yield(...)
warn: ignoring syscall sched_yield(...)
warn: ignoring syscall sched_yield(...)
warn: ignoring syscall sched_yield(...)
warn: ignoring syscall sched_yield(...)
warn: ignoring syscall sched_yield(...)
warn: ignoring syscall sched_yield(...)
warn: ignoring syscall sched_yield(...)
warn: ignoring syscall sched_yield(...)
warn: ignoring syscall sched_yield(...)
warn: ignoring syscall sched_yield(...)
warn: ignoring syscall sched_yield(...)
warn: ignoring syscall sched_yield(...)
warn: ignoring syscall sched_yield(...)
warn: ignoring syscall sched_yield(...)
warn: ignoring syscall sched_yield(...)
warn: ignoring syscall sched_yield(...)
warn: ignoring syscall sched_yield(...)
warn: ignoring syscall sched_yield(...)
warn: ignoring syscall sched_yield(...)
warn: ignoring syscall sched_yield(...)
warn: ignoring syscall sched_yield(...)
warn: ignoring syscall sched_yield(...)
warn: ignoring syscall sched_yield(...)
warn: ignoring syscall sched_yield(...)
warn: ignoring syscall sched_yield(...)
warn: ignoring syscall sched_yield(...)
warn: ignoring syscall sched_yield(...)
warn: ignoring syscall sched_yield(...)
warn: ignoring syscall sched_yield(...)
warn: ignoring syscall sched_yield(...)
warn: ignoring syscall sched_yield(...)
warn: ignoring syscall sched_yield(...)
warn: ignoring syscall sched_yield(...)
warn: ignoring syscall sched_yield(...)
warn: ignoring syscall sched_yield(...)
warn: ignoring syscall sched_yield(...)
warn: ignoring syscall sched_yield(...)
warn: ignoring syscall sched_yield(...)
warn: ignoring syscall sched_yield(...)
warn: ignoring syscall sched_yield(...)
warn: ignoring syscall sched_yield(...)
warn: ignoring syscall sched_yield(...)
warn: ignoring syscall sched_yield(...)
warn: ignoring syscall sched_yield(...)
warn: ignoring syscall sched_yield(...)
warn: ignoring syscall sched_yield(...)
warn: ignoring syscall sched_yield(...)
warn: ignoring syscall sched_yield(...)
warn: ignoring syscall sched_yield(...)
warn: ignoring syscall sched_yield(...)
warn: ignoring syscall sched_yield(...)
warn: ignoring syscall sched_yield(...)
warn: ignoring syscall sched_yield(...)
warn: ignoring syscall sched_yield(...)
warn: ignoring syscall sched_yield(...)
warn: ignoring syscall sched_yield(...)
warn: ignoring syscall sched_yield(...)
warn: ignoring syscall sched_yield(...)
warn: ignoring syscall sched_yield(...)
warn: ignoring syscall sched_yield(...)
warn: ignoring syscall sched_yield(...)
warn: ignoring syscall sched_yield(...)
warn: ignoring syscall sched_yield(...)
warn: ignoring syscall sched_yield(...)
warn: ignoring syscall sched_yield(...)
warn: ignoring syscall sched_yield(...)
warn: ignoring syscall sched_yield(...)
warn: ignoring syscall sched_yield(...)
warn: ignoring syscall sched_yield(...)
warn: ignoring syscall sched_yield(...)
warn: ignoring syscall sched_yield(...)
warn: ignoring syscall sched_yield(...)
warn: ignoring syscall sched_yield(...)
warn: ignoring syscall sched_yield(...)
warn: ignoring syscall sched_yield(...)
warn: ignoring syscall sched_yield(...)
warn: ignoring syscall sched_yield(...)
warn: ignoring syscall sched_yield(...)
warn: ignoring syscall sched_yield(...)
warn: ignoring syscall sched_yield(...)
warn: ignoring syscall sched_yield(...)
warn: ignoring syscall sched_yield(...)
warn: ignoring syscall sched_yield(...)
warn: ignoring syscall sched_yield(...)
warn: ignoring syscall sched_yield(...)
warn: ignoring syscall sched_yield(...)
warn: ignoring syscall sched_yield(...)
warn: ignoring syscall sched_yield(...)
warn: ignoring syscall sched_yield(...)
warn: ignoring syscall sched_yield(...)
warn: ignoring syscall sched_yield(...)
warn: ignoring syscall sched_yield(...)
warn: ignoring syscall sched_yield(...)
warn: ignoring syscall sched_yield(...)
warn: ignoring syscall sched_yield(...)
warn: ignoring syscall sched_yield(...)
warn: ignoring syscall sched_yield(...)
warn: ignoring syscall sched_yield(...)
warn: ignoring syscall sched_yield(...)
warn: ignoring syscall sched_yield(...)
warn: ignoring syscall sched_yield(...)
warn: ignoring syscall sched_yield(...)
warn: ignoring syscall sched_yield(...)
warn: ignoring syscall sched_yield(...)
warn: ignoring syscall sched_yield(...)
warn: ignoring syscall sched_yield(...)
warn: ignoring syscall sched_yield(...)
warn: ignoring syscall sched_yield(...)
warn: ignoring syscall sched_yield(...)
warn: ignoring syscall sched_yield(...)
warn: ignoring syscall sched_yield(...)
warn: ignoring syscall sched_yield(...)
warn: ignoring syscall sched_yield(...)
warn: ignoring syscall sched_yield(...)
warn: ignoring syscall sched_yield(...)
warn: ignoring syscall sched_yield(...)
warn: ignoring syscall sched_yield(...)
warn: ignoring syscall sched_yield(...)
warn: ignoring syscall sched_yield(...)
warn: ignoring syscall sched_yield(...)
warn: ignoring syscall sched_yield(...)
warn: ignoring syscall sched_yield(...)
warn: ignoring syscall sched_yield(...)
warn: ignoring syscall sched_yield(...)
warn: ignoring syscall sched_yield(...)
warn: ignoring syscall sched_yield(...)
warn: ignoring syscall sched_yield(...)
warn: ignoring syscall sched_yield(...)
warn: ignoring syscall sched_yield(...)
warn: ignoring syscall sched_yield(...)
warn: ignoring syscall sched_yield(...)
warn: ignoring syscall sched_yield(...)
warn: ignoring syscall sched_yield(...)
warn: ignoring syscall sched_yield(...)
warn: ignoring syscall sched_yield(...)
warn: ignoring syscall sched_yield(...)
warn: ignoring syscall sched_yield(...)
warn: ignoring syscall sched_yield(...)
warn: ignoring syscall sched_yield(...)
warn: ignoring syscall sched_yield(...)
warn: ignoring syscall sched_yield(...)
warn: ignoring syscall sched_yield(...)
warn: ignoring syscall sched_yield(...)
warn: ignoring syscall sched_yield(...)
warn: ignoring syscall sched_yield(...)
warn: ignoring syscall sched_yield(...)
warn: ignoring syscall sched_yield(...)
warn: ignoring syscall sched_yield(...)
warn: ignoring syscall sched_yield(...)
warn: ignoring syscall sched_yield(...)
warn: ignoring syscall sched_yield(...)
warn: ignoring syscall sched_yield(...)
warn: ignoring syscall sched_yield(...)
warn: ignoring syscall sched_yield(...)
warn: ignoring syscall sched_yield(...)
warn: ignoring syscall sched_yield(...)
warn: ignoring syscall sched_yield(...)
warn: ignoring syscall sched_yield(...)
warn: ignoring syscall sched_yield(...)
warn: ignoring syscall sched_yield(...)
warn: ignoring syscall sched_yield(...)
warn: ignoring syscall sched_yield(...)
warn: ignoring syscall sched_yield(...)
warn: ignoring syscall sched_yield(...)
warn: ignoring syscall sched_yield(...)
warn: ignoring syscall sched_yield(...)
warn: ignoring syscall sched_yield(...)
warn: ignoring syscall sched_yield(...)
warn: ignoring syscall sched_yield(...)
warn: ignoring syscall sched_yield(...)
warn: ignoring syscall sched_yield(...)
warn: ignoring syscall sched_yield(...)
warn: ignoring syscall sched_yield(...)
warn: ignoring syscall sched_yield(...)
warn: ignoring syscall sched_yield(...)
warn: ignoring syscall sched_yield(...)
warn: ignoring syscall sched_yield(...)
warn: ignoring syscall sched_yield(...)
warn: ignoring syscall sched_yield(...)
warn: ignoring syscall sched_yield(...)
warn: ignoring syscall sched_yield(...)
warn: ignoring syscall sched_yield(...)
warn: ignoring syscall sched_yield(...)
warn: ignoring syscall sched_yield(...)
warn: ignoring syscall sched_yield(...)
warn: ignoring syscall sched_yield(...)
warn: ignoring syscall sched_yield(...)
warn: ignoring syscall sched_yield(...)
warn: ignoring syscall sched_yield(...)
warn: ignoring syscall sched_yield(...)
warn: ignoring syscall sched_yield(...)
warn: ignoring syscall sched_yield(...)
warn: ignoring syscall sched_yield(...)
warn: ignoring syscall sched_yield(...)
warn: ignoring syscall sched_yield(...)
warn: ignoring syscall sched_yield(...)
warn: ignoring syscall sched_yield(...)
warn: ignoring syscall sched_yield(...)
warn: ignoring syscall sched_yield(...)
warn: ignoring syscall sched_yield(...)
warn: ignoring syscall sched_yield(...)
warn: ignoring syscall sched_yield(...)
warn: ignoring syscall sched_yield(...)
warn: ignoring syscall sched_yield(...)
warn: ignoring syscall sched_yield(...)
warn: ignoring syscall sched_yield(...)
warn: ignoring syscall sched_yield(...)
warn: ignoring syscall sched_yield(...)
warn: ignoring syscall sched_yield(...)
warn: ignoring syscall sched_yield(...)
warn: ignoring syscall sched_yield(...)
warn: ignoring syscall sched_yield(...)
warn: ignoring syscall sched_yield(...)
warn: ignoring syscall sched_yield(...)
warn: ignoring syscall sched_yield(...)
warn: ignoring syscall sched_yield(...)
warn: ignoring syscall sched_yield(...)
warn: ignoring syscall sched_yield(...)
warn: ignoring syscall sched_yield(...)
warn: ignoring syscall sched_yield(...)
warn: ignoring syscall sched_yield(...)
warn: ignoring syscall sched_yield(...)
warn: ignoring syscall sched_yield(...)
warn: ignoring syscall sched_yield(...)
warn: ignoring syscall sched_yield(...)
warn: ignoring syscall sched_yield(...)
warn: ignoring syscall sched_yield(...)
warn: ignoring syscall sched_yield(...)
warn: ignoring syscall sched_yield(...)
warn: ignoring syscall sched_yield(...)
warn: ignoring syscall sched_yield(...)
warn: ignoring syscall sched_yield(...)
warn: ignoring syscall sched_yield(...)
warn: ignoring syscall sched_yield(...)
warn: ignoring syscall sched_yield(...)
warn: ignoring syscall sched_yield(...)
warn: ignoring syscall sched_yield(...)
warn: ignoring syscall sched_yield(...)
warn: ignoring syscall sched_yield(...)
warn: ignoring syscall sched_yield(...)
warn: ignoring syscall sched_yield(...)
warn: ignoring syscall sched_yield(...)
warn: ignoring syscall sched_yield(...)
warn: ignoring syscall sched_yield(...)
warn: ignoring syscall sched_yield(...)
warn: ignoring syscall sched_yield(...)
warn: ignoring syscall sched_yield(...)
warn: ignoring syscall sched_yield(...)
warn: ignoring syscall sched_yield(...)
warn: ignoring syscall sched_yield(...)
warn: ignoring syscall sched_yield(...)
warn: ignoring syscall sched_yield(...)
warn: ignoring syscall sched_yield(...)
warn: ignoring syscall sched_yield(...)
warn: ignoring syscall sched_yield(...)
warn: ignoring syscall sched_yield(...)
warn: ignoring syscall sched_yield(...)
warn: ignoring syscall sched_yield(...)
warn: ignoring syscall sched_yield(...)
warn: ignoring syscall sched_yield(...)
warn: ignoring syscall sched_yield(...)
warn: ignoring syscall sched_yield(...)
warn: ignoring syscall sched_yield(...)
warn: ignoring syscall sched_yield(...)
warn: ignoring syscall sched_yield(...)
warn: ignoring syscall sched_yield(...)
warn: ignoring syscall sched_yield(...)
warn: ignoring syscall sched_yield(...)
warn: ignoring syscall sched_yield(...)
warn: ignoring syscall sched_yield(...)
warn: ignoring syscall sched_yield(...)
warn: ignoring syscall sched_yield(...)
warn: ignoring syscall sched_yield(...)
warn: ignoring syscall sched_yield(...)
warn: ignoring syscall sched_yield(...)
warn: ignoring syscall sched_yield(...)
warn: ignoring syscall sched_yield(...)
warn: ignoring syscall sched_yield(...)
warn: ignoring syscall sched_yield(...)
warn: ignoring syscall sched_yield(...)
warn: ignoring syscall sched_yield(...)
warn: ignoring syscall sched_yield(...)
warn: ignoring syscall sched_yield(...)
warn: ignoring syscall sched_yield(...)
warn: ignoring syscall sched_yield(...)
warn: ignoring syscall sched_yield(...)
warn: ignoring syscall sched_yield(...)
warn: ignoring syscall sched_yield(...)
warn: ignoring syscall sched_yield(...)
warn: ignoring syscall sched_yield(...)
warn: ignoring syscall sched_yield(...)
warn: ignoring syscall sched_yield(...)
warn: ignoring syscall sched_yield(...)
warn: ignoring syscall sched_yield(...)
warn: ignoring syscall sched_yield(...)
warn: ignoring syscall sched_yield(...)
warn: ignoring syscall sched_yield(...)
warn: ignoring syscall sched_yield(...)
warn: ignoring syscall sched_yield(...)
warn: ignoring syscall sched_yield(...)
warn: ignoring syscall sched_yield(...)
warn: ignoring syscall sched_yield(...)
warn: ignoring syscall sched_yield(...)
warn: ignoring syscall sched_yield(...)
warn: ignoring syscall sched_yield(...)
warn: ignoring syscall sched_yield(...)
warn: ignoring syscall sched_yield(...)
warn: ignoring syscall sched_yield(...)
warn: ignoring syscall sched_yield(...)
warn: ignoring syscall sched_yield(...)
warn: ignoring syscall sched_yield(...)
warn: ignoring syscall sched_yield(...)
warn: ignoring syscall sched_yield(...)
warn: ignoring syscall sched_yield(...)
warn: ignoring syscall sched_yield(...)
warn: ignoring syscall sched_yield(...)
warn: ignoring syscall sched_yield(...)
warn: ignoring syscall sched_yield(...)
warn: ignoring syscall sched_yield(...)
warn: ignoring syscall sched_yield(...)
warn: ignoring syscall sched_yield(...)
warn: ignoring syscall sched_yield(...)
warn: ignoring syscall sched_yield(...)
warn: ignoring syscall sched_yield(...)
warn: ignoring syscall sched_yield(...)
warn: ignoring syscall sched_yield(...)
warn: ignoring syscall sched_yield(...)
warn: ignoring syscall sched_yield(...)
warn: ignoring syscall sched_yield(...)
warn: ignoring syscall sched_yield(...)
warn: ignoring syscall sched_yield(...)
warn: ignoring syscall sched_yield(...)
warn: ignoring syscall sched_yield(...)
warn: ignoring syscall sched_yield(...)
warn: ignoring syscall sched_yield(...)
warn: ignoring syscall sched_yield(...)
warn: ignoring syscall sched_yield(...)
warn: ignoring syscall sched_yield(...)
warn: ignoring syscall sched_yield(...)
warn: ignoring syscall sched_yield(...)
warn: ignoring syscall sched_yield(...)
warn: ignoring syscall sched_yield(...)
warn: ignoring syscall sched_yield(...)
warn: ignoring syscall sched_yield(...)
warn: ignoring syscall sched_yield(...)
warn: ignoring syscall sched_yield(...)
warn: ignoring syscall sched_yield(...)
warn: ignoring syscall sched_yield(...)
warn: ignoring syscall sched_yield(...)
warn: ignoring syscall sched_yield(...)
warn: ignoring syscall sched_yield(...)
warn: ignoring syscall sched_yield(...)
warn: ignoring syscall sched_yield(...)
warn: ignoring syscall sched_yield(...)
warn: ignoring syscall sched_yield(...)
warn: ignoring syscall sched_yield(...)
warn: ignoring syscall sched_yield(...)
warn: ignoring syscall sched_yield(...)
warn: ignoring syscall sched_yield(...)
warn: ignoring syscall sched_yield(...)
warn: ignoring syscall sched_yield(...)
warn: ignoring syscall sched_yield(...)
warn: ignoring syscall sched_yield(...)
warn: ignoring syscall sched_yield(...)
warn: ignoring syscall sched_yield(...)
warn: ignoring syscall sched_yield(...)
warn: ignoring syscall sched_yield(...)
warn: ignoring syscall sched_yield(...)
warn: ignoring syscall sched_yield(...)
warn: ignoring syscall sched_yield(...)
warn: ignoring syscall sched_yield(...)
warn: ignoring syscall sched_yield(...)
warn: ignoring syscall sched_yield(...)
warn: ignoring syscall sched_yield(...)
warn: ignoring syscall sched_yield(...)
warn: ignoring syscall sched_yield(...)
warn: ignoring syscall sched_yield(...)
warn: ignoring syscall sched_yield(...)
warn: ignoring syscall sched_yield(...)
warn: ignoring syscall sched_yield(...)
warn: ignoring syscall sched_yield(...)
warn: ignoring syscall sched_yield(...)
warn: ignoring syscall sched_yield(...)
warn: ignoring syscall sched_yield(...)
warn: ignoring syscall sched_yield(...)
warn: ignoring syscall sched_yield(...)
warn: ignoring syscall sched_yield(...)
warn: ignoring syscall sched_yield(...)
warn: ignoring syscall sched_yield(...)
warn: ignoring syscall sched_yield(...)
warn: ignoring syscall sched_yield(...)
warn: ignoring syscall sched_yield(...)
warn: ignoring syscall sched_yield(...)
warn: ignoring syscall sched_yield(...)
warn: ignoring syscall sched_yield(...)
warn: ignoring syscall sched_yield(...)
warn: ignoring syscall sched_yield(...)
warn: ignoring syscall sched_yield(...)
warn: ignoring syscall sched_yield(...)
warn: ignoring syscall sched_yield(...)
warn: ignoring syscall sched_yield(...)
warn: ignoring syscall sched_yield(...)
warn: ignoring syscall sched_yield(...)
warn: ignoring syscall sched_yield(...)
warn: ignoring syscall sched_yield(...)
warn: ignoring syscall sched_yield(...)
warn: ignoring syscall sched_yield(...)
