warn: DRAM device capacity (8192 Mbytes) does not match the address range assigned (65536 Mbytes)
warn: DRAM device capacity (8192 Mbytes) does not match the address range assigned (65536 Mbytes)
warn: Specified multiple of --abs-max-tick, --rel-max-tick, --maxtime. Using least
info: Entering event queue @ 0.  Starting simulation...
info: Increasing stack size by one page.
info: Increasing stack size by one page.
warn: ignoring syscall mprotect(...)
warn: ignoring syscall mprotect(...)
warn: ignoring syscall mprotect(...)
warn: ignoring syscall mprotect(...)
warn: ignoring syscall mprotect(...)
warn: ignoring syscall mprotect(...)
warn: ignoring syscall mprotect(...)
warn: ignoring syscall mprotect(...)
warn: ignoring syscall mprotect(...)
warn: ignoring syscall mprotect(...)
warn: ignoring syscall mprotect(...)
warn: ignoring syscall mprotect(...)
warn: ignoring syscall mprotect(...)
warn: ignoring syscall mprotect(...)
warn: ignoring syscall mprotect(...)
warn: ignoring syscall mprotect(...)
warn: ignoring syscall mprotect(...)
warn: ignoring syscall mprotect(...)
warn: ignoring syscall set_robust_list(...)
warn: ignoring syscall rt_sigaction(...)
warn: ignoring syscall rt_sigaction(...)
warn: ignoring syscall rt_sigprocmask(...)
      (further warnings will be suppressed)
warn: ignoring syscall rt_sigaction(...)
warn: ignoring syscall rt_sigaction(...)
warn: ignoring syscall rt_sigaction(...)
warn: ignoring syscall sigaltstack(...)
warn: fcntl64(3, 1) passed through to host
warn: ignoring syscall mprotect(...)
warn: ignoring syscall mprotect(...)
warn: ignoring syscall set_robust_list(...)
warn: ignoring syscall rt_sigaction(...)
warn: ignoring syscall rt_sigaction(...)
warn: ignoring syscall rt_sigaction(...)
warn: ignoring syscall rt_sigaction(...)
warn: ignoring syscall rt_sigaction(...)
warn: ignoring syscall sigaltstack(...)
warn: mremapping to new vaddr 0x3fffd85000-0x3fffe06000, adding 262144
warn: returning 0x3fffd85000 as start
info: Increasing stack size by one page.
warn: mremapping to new vaddr 0x3fffd17000-0x3fffd60000, adding 147456
warn: returning 0x3fffd17000 as start
warn: mremapping to new vaddr 0x3fffc86000-0x3fffd17000, adding 294912
warn: returning 0x3fffc86000 as start
warn: mremapping to new vaddr 0x3fffdb5000-0x3fffe16000, adding 196608
warn: returning 0x3fffdb5000 as start
warn: mremapping to new vaddr 0x3fffb65000-0x3fffc86000, adding 589824
warn: returning 0x3fffb65000 as start
warn: mremapping to new vaddr 0x3fffcf4000-0x3fffdb5000, adding 393216
warn: returning 0x3fffcf4000 as start
warn: mremapping to new vaddr 0x3fff924000-0x3fffb65000, adding 1179648
warn: returning 0x3fff924000 as start
warn: mremapping to new vaddr 0x3fffb73000-0x3fffcf4000, adding 786432
warn: returning 0x3fffb73000 as start
warn: mremapping to new vaddr 0x3fff4a3000-0x3fff924000, adding 2359296
warn: returning 0x3fff4a3000 as start
warn: mremapping to new vaddr 0x3fff872000-0x3fffb73000, adding 1572864
warn: returning 0x3fff872000 as start
warn: mremapping to new vaddr 0x3ffeba2000-0x3fff4a3000, adding 4718592
warn: returning 0x3ffeba2000 as start
warn: mremapping to new vaddr 0x3fff271000-0x3fff872000, adding 3145728
warn: returning 0x3fff271000 as start
warn: mremapping to new vaddr 0x3ffd9a1000-0x3ffeba2000, adding 9437184
warn: returning 0x3ffd9a1000 as start
warn: mremapping to new vaddr 0x3ffe670000-0x3fff271000, adding 6291456
warn: returning 0x3ffe670000 as start
warn: mremapping to new vaddr 0x3ffb5a0000-0x3ffd9a1000, adding 18874368
warn: returning 0x3ffb5a0000 as start
warn: mremapping to new vaddr 0x3ffce6f000-0x3ffe670000, adding 12582912
warn: returning 0x3ffce6f000 as start
warn: mremapping to new vaddr 0x3ffb53e000-0x3ffb57f000, adding 131072
warn: returning 0x3ffb53e000 as start
warn: mremapping to new vaddr 0x3ffc0b4000-0x3ffc105000, adding 163840
warn: returning 0x3ffc0b4000 as start
warn: ignoring syscall mprotect(...)
warn: ClockedObject: Already in the requested power state, request ignored
warn: User mode does not have SPSR
warn: User mode does not have SPSR
warn: ignoring syscall mprotect(...)
warn: User mode does not have SPSR
warn: User mode does not have SPSR
warn: ignoring syscall set_robust_list(...)
warn: ignoring syscall mprotect(...)
warn: User mode does not have SPSR
warn: User mode does not have SPSR
warn: ignoring syscall set_robust_list(...)
warn: ignoring syscall set_robust_list(...)
warn: ignoring syscall sigaltstack(...)
warn: ignoring syscall mprotect(...)
warn: User mode does not have SPSR
warn: User mode does not have SPSR
warn: ignoring syscall set_robust_list(...)
warn: ignoring syscall sigaltstack(...)
warn: ignoring syscall sigaltstack(...)
warn: ignoring syscall sigaltstack(...)
warn: ignoring syscall mprotect(...)
warn: ignoring syscall mprotect(...)
warn: User mode does not have SPSR
warn: User mode does not have SPSR
warn: ignoring syscall set_robust_list(...)
warn: ignoring syscall sigaltstack(...)
warn: ignoring syscall mprotect(...)
warn: ignoring syscall mprotect(...)
warn: ignoring syscall mprotect(...)
warn: ignoring syscall sched_getaffinity(...)
warn: ignoring syscall mprotect(...)
warn: ignoring syscall mprotect(...)
warn: User mode does not have SPSR
warn: User mode does not have SPSR
warn: ignoring syscall set_robust_list(...)
warn: ignoring syscall sigaltstack(...)
warn: ignoring syscall sched_getaffinity(...)
warn: ignoring syscall mprotect(...)
warn: ignoring syscall sched_getaffinity(...)
warn: ignoring syscall sched_getaffinity(...)
warn: ignoring syscall sched_getaffinity(...)
warn: ignoring syscall mprotect(...)
warn: User mode does not have SPSR
warn: User mode does not have SPSR
warn: ignoring syscall set_robust_list(...)
warn: ignoring syscall sigaltstack(...)
warn: ignoring syscall mprotect(...)
warn: ignoring syscall sched_getaffinity(...)
warn: ignoring syscall mprotect(...)
warn: User mode does not have SPSR
warn: User mode does not have SPSR
warn: ignoring syscall set_robust_list(...)
warn: ignoring syscall sigaltstack(...)
warn: ignoring syscall mprotect(...)
warn: ignoring syscall sched_getaffinity(...)
warn: ignoring syscall mprotect(...)
warn: User mode does not have SPSR
warn: User mode does not have SPSR
warn: ignoring syscall set_robust_list(...)
warn: ignoring syscall sigaltstack(...)
warn: ignoring syscall sched_getaffinity(...)
warn: ignoring syscall mprotect(...)
warn: ignoring syscall mprotect(...)
warn: User mode does not have SPSR
warn: User mode does not have SPSR
warn: ignoring syscall set_robust_list(...)
warn: ignoring syscall sigaltstack(...)
warn: ignoring syscall mprotect(...)
warn: ignoring syscall sched_getaffinity(...)
warn: ignoring syscall mprotect(...)
warn: User mode does not have SPSR
warn: User mode does not have SPSR
warn: ignoring syscall set_robust_list(...)
warn: ignoring syscall sigaltstack(...)
warn: ignoring syscall mprotect(...)
warn: ignoring syscall sched_getaffinity(...)
warn: ignoring syscall mprotect(...)
warn: User mode does not have SPSR
warn: User mode does not have SPSR
warn: ignoring syscall set_robust_list(...)
warn: ignoring syscall sigaltstack(...)
warn: ignoring syscall mprotect(...)
warn: ignoring syscall sched_getaffinity(...)
warn: ignoring syscall mprotect(...)
warn: User mode does not have SPSR
warn: User mode does not have SPSR
warn: ignoring syscall set_robust_list(...)
warn: ignoring syscall sigaltstack(...)
warn: ignoring syscall mprotect(...)
warn: ignoring syscall sched_getaffinity(...)
warn: ignoring syscall mprotect(...)
warn: User mode does not have SPSR
warn: User mode does not have SPSR
warn: ignoring syscall set_robust_list(...)
warn: ignoring syscall sigaltstack(...)
warn: ignoring syscall mprotect(...)
warn: ignoring syscall sched_getaffinity(...)
warn: ignoring syscall mprotect(...)
warn: User mode does not have SPSR
warn: User mode does not have SPSR
warn: ignoring syscall set_robust_list(...)
warn: ignoring syscall sigaltstack(...)
warn: ignoring syscall mprotect(...)
warn: ignoring syscall sched_getaffinity(...)
warn: ignoring syscall mprotect(...)
warn: User mode does not have SPSR
warn: User mode does not have SPSR
warn: ignoring syscall set_robust_list(...)
warn: ignoring syscall sigaltstack(...)
warn: ignoring syscall mprotect(...)
warn: ignoring syscall sched_getaffinity(...)
warn: ignoring syscall sched_getaffinity(...)
warn: fcntl64(3, 1) passed through to host
warn: mremapping to new vaddr 0x3f792fc000-0x3f7947d000, adding 786432
warn: returning 0x3f792fc000 as start
warn: mremapping to new vaddr 0x3f78ffb000-0x3f792fc000, adding 1572864
warn: returning 0x3f78ffb000 as start
warn: mremapping to new vaddr 0x3f789fa000-0x3f78ffb000, adding 3145728
warn: returning 0x3f789fa000 as start
warn: mremapping to new vaddr 0x3f77df9000-0x3f789fa000, adding 6291456
warn: returning 0x3f77df9000 as start
warn: mremapping to new vaddr 0x3f765f8000-0x3f77df9000, adding 12582912
warn: returning 0x3f765f8000 as start
warn: ignoring syscall sched_yield(...)
warn: ignoring syscall sched_yield(...)
warn: ignoring syscall sched_yield(...)
warn: ignoring syscall sched_yield(...)
warn: ignoring syscall sched_yield(...)
warn: ignoring syscall sched_yield(...)
warn: ignoring syscall sched_yield(...)
warn: ignoring syscall sched_yield(...)
warn: ignoring syscall sched_yield(...)
warn: ignoring syscall sched_yield(...)
warn: ignoring syscall sched_yield(...)
warn: ignoring syscall sched_yield(...)
warn: ignoring syscall sched_yield(...)
warn: ignoring syscall sched_yield(...)
warn: ignoring syscall sched_yield(...)
warn: ignoring syscall sched_yield(...)
warn: ignoring syscall sched_yield(...)
warn: ignoring syscall sched_yield(...)
warn: ignoring syscall sched_yield(...)
warn: ignoring syscall sched_yield(...)
warn: ignoring syscall sched_yield(...)
warn: ignoring syscall sched_yield(...)
warn: ignoring syscall sched_yield(...)
warn: ignoring syscall sched_yield(...)
warn: ignoring syscall sched_yield(...)
warn: ignoring syscall sched_yield(...)
warn: ignoring syscall sched_yield(...)
warn: ignoring syscall sched_yield(...)
warn: ignoring syscall sched_yield(...)
warn: ignoring syscall sched_yield(...)
warn: ignoring syscall sched_yield(...)
warn: ignoring syscall sched_yield(...)
warn: ignoring syscall sched_yield(...)
warn: ignoring syscall sched_yield(...)
warn: ignoring syscall sched_yield(...)
warn: ignoring syscall sched_yield(...)
warn: ignoring syscall sched_yield(...)
warn: ignoring syscall sched_yield(...)
warn: ignoring syscall sched_yield(...)
warn: ignoring syscall sched_yield(...)
warn: ignoring syscall sched_yield(...)
warn: ignoring syscall sched_yield(...)
warn: ignoring syscall sched_yield(...)
warn: ignoring syscall sched_yield(...)
warn: ignoring syscall sched_yield(...)
warn: ignoring syscall sched_yield(...)
warn: ignoring syscall sched_yield(...)
warn: ignoring syscall sched_yield(...)
warn: ignoring syscall sched_yield(...)
warn: ignoring syscall sched_yield(...)
warn: ignoring syscall sched_yield(...)
warn: ignoring syscall sched_yield(...)
warn: ignoring syscall sched_yield(...)
warn: ignoring syscall sched_yield(...)
warn: ignoring syscall sched_yield(...)
warn: ignoring syscall sched_yield(...)
warn: ignoring syscall sched_yield(...)
warn: ignoring syscall sched_yield(...)
warn: ignoring syscall sched_yield(...)
warn: ignoring syscall sched_yield(...)
warn: ignoring syscall sched_yield(...)
warn: ignoring syscall sched_yield(...)
warn: ignoring syscall sched_yield(...)
warn: ignoring syscall sched_yield(...)
warn: ignoring syscall sched_yield(...)
warn: ignoring syscall sched_yield(...)
warn: ignoring syscall sched_yield(...)
warn: ignoring syscall sched_yield(...)
warn: ignoring syscall sched_yield(...)
warn: ignoring syscall sched_yield(...)
warn: ignoring syscall sched_yield(...)
warn: ignoring syscall sched_yield(...)
warn: ignoring syscall sched_yield(...)
warn: ignoring syscall sched_yield(...)
warn: ignoring syscall sched_yield(...)
warn: ignoring syscall sched_yield(...)
warn: ignoring syscall sched_yield(...)
warn: ignoring syscall sched_yield(...)
warn: ignoring syscall sched_yield(...)
warn: ignoring syscall sched_yield(...)
warn: ignoring syscall sched_yield(...)
warn: ignoring syscall sched_yield(...)
warn: ignoring syscall sched_yield(...)
warn: ignoring syscall sched_yield(...)
warn: ignoring syscall sched_yield(...)
warn: ignoring syscall sched_yield(...)
warn: ignoring syscall sched_yield(...)
warn: ignoring syscall sched_yield(...)
warn: ignoring syscall sched_yield(...)
warn: ignoring syscall sched_yield(...)
warn: ignoring syscall sched_yield(...)
warn: ignoring syscall sched_yield(...)
warn: ignoring syscall sched_yield(...)
warn: ignoring syscall sched_yield(...)
warn: ignoring syscall sched_yield(...)
warn: ignoring syscall sched_yield(...)
warn: ignoring syscall sched_yield(...)
warn: ignoring syscall sched_yield(...)
warn: ignoring syscall sched_yield(...)
warn: ignoring syscall sched_yield(...)
warn: ignoring syscall sched_yield(...)
warn: ignoring syscall sched_yield(...)
warn: ignoring syscall sched_yield(...)
warn: ignoring syscall sched_yield(...)
warn: ignoring syscall sched_yield(...)
warn: ignoring syscall sched_yield(...)
warn: ignoring syscall sched_yield(...)
warn: ignoring syscall sched_yield(...)
warn: ignoring syscall sched_yield(...)
warn: ignoring syscall sched_yield(...)
warn: ignoring syscall sched_yield(...)
warn: ignoring syscall sched_yield(...)
warn: ignoring syscall sched_yield(...)
warn: ignoring syscall sched_yield(...)
warn: ignoring syscall sched_yield(...)
warn: ignoring syscall sched_yield(...)
warn: ignoring syscall sched_yield(...)
warn: ignoring syscall sched_yield(...)
warn: ignoring syscall sched_yield(...)
warn: ignoring syscall sched_yield(...)
warn: ignoring syscall sched_yield(...)
warn: ignoring syscall sched_yield(...)
warn: ignoring syscall sched_yield(...)
warn: ignoring syscall sched_yield(...)
warn: ignoring syscall sched_yield(...)
warn: ignoring syscall sched_yield(...)
warn: ignoring syscall sched_yield(...)
warn: ignoring syscall sched_yield(...)
warn: ignoring syscall sched_yield(...)
warn: ignoring syscall sched_yield(...)
warn: ignoring syscall sched_yield(...)
warn: ignoring syscall sched_yield(...)
warn: ignoring syscall sched_yield(...)
warn: ignoring syscall sched_yield(...)
warn: ignoring syscall sched_yield(...)
warn: ignoring syscall sched_yield(...)
warn: ignoring syscall sched_yield(...)
warn: ignoring syscall sched_yield(...)
warn: ignoring syscall sched_yield(...)
warn: ignoring syscall sched_yield(...)
warn: ignoring syscall sched_yield(...)
warn: ignoring syscall sched_yield(...)
warn: ignoring syscall sched_yield(...)
warn: ignoring syscall sched_yield(...)
warn: ignoring syscall sched_yield(...)
warn: ignoring syscall sched_yield(...)
warn: ignoring syscall sched_yield(...)
warn: ignoring syscall sched_yield(...)
warn: ignoring syscall sched_yield(...)
warn: ignoring syscall sched_yield(...)
warn: ignoring syscall sched_yield(...)
warn: ignoring syscall sched_yield(...)
warn: ignoring syscall sched_yield(...)
warn: ignoring syscall sched_yield(...)
warn: ignoring syscall sched_yield(...)
warn: ignoring syscall sched_yield(...)
warn: ignoring syscall sched_yield(...)
warn: ignoring syscall sched_yield(...)
warn: ignoring syscall sched_yield(...)
warn: ignoring syscall sched_yield(...)
warn: ignoring syscall sched_yield(...)
warn: ignoring syscall sched_yield(...)
warn: ignoring syscall sched_yield(...)
warn: ignoring syscall sched_yield(...)
warn: ignoring syscall sched_yield(...)
warn: ignoring syscall sched_yield(...)
warn: ignoring syscall sched_yield(...)
warn: ignoring syscall sched_yield(...)
warn: ignoring syscall sched_yield(...)
warn: ignoring syscall sched_yield(...)
warn: ignoring syscall sched_yield(...)
warn: ignoring syscall sched_yield(...)
warn: ignoring syscall sched_yield(...)
warn: ignoring syscall sched_yield(...)
warn: ignoring syscall sched_yield(...)
warn: ignoring syscall sched_yield(...)
warn: ignoring syscall sched_yield(...)
warn: ignoring syscall sched_yield(...)
warn: ignoring syscall sched_yield(...)
warn: ignoring syscall sched_yield(...)
warn: ignoring syscall sched_yield(...)
warn: ignoring syscall sched_yield(...)
warn: ignoring syscall sched_yield(...)
warn: ignoring syscall sched_yield(...)
warn: ignoring syscall sched_yield(...)
warn: ignoring syscall sched_yield(...)
warn: ignoring syscall sched_yield(...)
warn: ignoring syscall sched_yield(...)
warn: ignoring syscall sched_yield(...)
warn: ignoring syscall sched_yield(...)
warn: ignoring syscall sched_yield(...)
warn: ignoring syscall sched_yield(...)
warn: ignoring syscall sched_yield(...)
warn: ignoring syscall sched_yield(...)
warn: ignoring syscall sched_yield(...)
warn: ignoring syscall sched_yield(...)
warn: ignoring syscall sched_yield(...)
warn: ignoring syscall sched_yield(...)
warn: ignoring syscall sched_yield(...)
warn: ignoring syscall sched_yield(...)
warn: ignoring syscall sched_yield(...)
warn: ignoring syscall sched_yield(...)
warn: ignoring syscall sched_yield(...)
warn: ignoring syscall sched_yield(...)
warn: ignoring syscall sched_yield(...)
warn: ignoring syscall sched_yield(...)
warn: ignoring syscall sched_yield(...)
warn: ignoring syscall sched_yield(...)
warn: ignoring syscall sched_yield(...)
warn: ignoring syscall sched_yield(...)
warn: ignoring syscall sched_yield(...)
warn: ignoring syscall sched_yield(...)
warn: ignoring syscall sched_yield(...)
warn: ignoring syscall sched_yield(...)
warn: ignoring syscall sched_yield(...)
warn: ignoring syscall sched_yield(...)
warn: ignoring syscall sched_yield(...)
warn: ignoring syscall sched_yield(...)
warn: ignoring syscall sched_yield(...)
warn: ignoring syscall sched_yield(...)
warn: ignoring syscall sched_yield(...)
warn: ignoring syscall sched_yield(...)
warn: ignoring syscall sched_yield(...)
warn: ignoring syscall sched_yield(...)
warn: ignoring syscall sched_yield(...)
warn: ignoring syscall sched_yield(...)
warn: ignoring syscall sched_yield(...)
warn: ignoring syscall sched_yield(...)
warn: ignoring syscall sched_yield(...)
warn: ignoring syscall sched_yield(...)
warn: ignoring syscall sched_yield(...)
warn: ignoring syscall sched_yield(...)
warn: ignoring syscall sched_yield(...)
warn: ignoring syscall sched_yield(...)
warn: ignoring syscall sched_yield(...)
warn: ignoring syscall sched_yield(...)
warn: ignoring syscall sched_yield(...)
warn: ignoring syscall sched_yield(...)
warn: ignoring syscall sched_yield(...)
warn: ignoring syscall sched_yield(...)
warn: ignoring syscall sched_yield(...)
warn: ignoring syscall sched_yield(...)
warn: ignoring syscall sched_yield(...)
warn: ignoring syscall sched_yield(...)
warn: ignoring syscall sched_yield(...)
warn: ignoring syscall sched_yield(...)
warn: ignoring syscall sched_yield(...)
warn: ignoring syscall sched_yield(...)
warn: ignoring syscall sched_yield(...)
warn: ignoring syscall sched_yield(...)
warn: ignoring syscall sched_yield(...)
warn: ignoring syscall sched_yield(...)
warn: ignoring syscall sched_yield(...)
warn: ignoring syscall sched_yield(...)
warn: ignoring syscall sched_yield(...)
warn: ignoring syscall sched_yield(...)
warn: ignoring syscall sched_yield(...)
warn: ignoring syscall sched_yield(...)
warn: ignoring syscall sched_yield(...)
warn: ignoring syscall sched_yield(...)
warn: ignoring syscall sched_yield(...)
warn: ignoring syscall sched_yield(...)
warn: ignoring syscall sched_yield(...)
warn: ignoring syscall sched_yield(...)
warn: ignoring syscall sched_yield(...)
warn: ignoring syscall sched_yield(...)
warn: ignoring syscall sched_yield(...)
warn: ignoring syscall sched_yield(...)
warn: ignoring syscall sched_yield(...)
warn: ignoring syscall sched_yield(...)
warn: ignoring syscall sched_yield(...)
warn: ignoring syscall sched_yield(...)
warn: ignoring syscall sched_yield(...)
warn: ignoring syscall sched_yield(...)
warn: ignoring syscall sched_yield(...)
warn: ignoring syscall sched_yield(...)
warn: ignoring syscall sched_yield(...)
warn: ignoring syscall sched_yield(...)
warn: ignoring syscall sched_yield(...)
warn: ignoring syscall sched_yield(...)
warn: ignoring syscall sched_yield(...)
warn: ignoring syscall sched_yield(...)
warn: ignoring syscall sched_yield(...)
warn: ignoring syscall sched_yield(...)
warn: ignoring syscall sched_yield(...)
warn: ignoring syscall sched_yield(...)
warn: ignoring syscall sched_yield(...)
warn: ignoring syscall sched_yield(...)
warn: ignoring syscall sched_yield(...)
warn: ignoring syscall sched_yield(...)
warn: ignoring syscall sched_yield(...)
warn: ignoring syscall sched_yield(...)
warn: ignoring syscall sched_yield(...)
warn: ignoring syscall sched_yield(...)
warn: ignoring syscall sched_yield(...)
warn: ignoring syscall sched_yield(...)
warn: ignoring syscall sched_yield(...)
warn: ignoring syscall sched_yield(...)
warn: ignoring syscall sched_yield(...)
warn: ignoring syscall sched_yield(...)
warn: ignoring syscall sched_yield(...)
warn: ignoring syscall sched_yield(...)
warn: ignoring syscall sched_yield(...)
warn: ignoring syscall sched_yield(...)
warn: ignoring syscall sched_yield(...)
warn: ignoring syscall sched_yield(...)
warn: ignoring syscall sched_yield(...)
warn: ignoring syscall sched_yield(...)
warn: ignoring syscall sched_yield(...)
warn: ignoring syscall sched_yield(...)
warn: ignoring syscall sched_yield(...)
warn: ignoring syscall sched_yield(...)
warn: ignoring syscall sched_yield(...)
warn: ignoring syscall sched_yield(...)
warn: ignoring syscall sched_yield(...)
warn: ignoring syscall sched_yield(...)
warn: ignoring syscall sched_yield(...)
warn: ignoring syscall sched_yield(...)
warn: ignoring syscall sched_yield(...)
warn: ignoring syscall sched_yield(...)
warn: ignoring syscall sched_yield(...)
warn: ignoring syscall sched_yield(...)
warn: ignoring syscall sched_yield(...)
warn: ignoring syscall sched_yield(...)
warn: ignoring syscall sched_yield(...)
warn: ignoring syscall sched_yield(...)
warn: ignoring syscall sched_yield(...)
warn: ignoring syscall sched_yield(...)
warn: ignoring syscall sched_yield(...)
warn: ignoring syscall sched_yield(...)
warn: ignoring syscall sched_yield(...)
warn: ignoring syscall sched_yield(...)
warn: ignoring syscall sched_yield(...)
warn: ignoring syscall sched_yield(...)
warn: ignoring syscall sched_yield(...)
warn: ignoring syscall sched_yield(...)
warn: ignoring syscall sched_yield(...)
warn: ignoring syscall sched_yield(...)
warn: ignoring syscall sched_yield(...)
warn: ignoring syscall sched_yield(...)
warn: ignoring syscall sched_yield(...)
warn: ignoring syscall sched_yield(...)
warn: ignoring syscall sched_yield(...)
warn: ignoring syscall sched_yield(...)
warn: ignoring syscall sched_yield(...)
warn: ignoring syscall sched_yield(...)
warn: ignoring syscall sched_yield(...)
warn: ignoring syscall sched_yield(...)
warn: ignoring syscall sched_yield(...)
warn: ignoring syscall sched_yield(...)
warn: ignoring syscall sched_yield(...)
warn: ignoring syscall sched_yield(...)
warn: ignoring syscall sched_yield(...)
warn: ignoring syscall sched_yield(...)
warn: ignoring syscall sched_yield(...)
warn: ignoring syscall sched_yield(...)
warn: ignoring syscall sched_yield(...)
warn: ignoring syscall sched_yield(...)
warn: ignoring syscall sched_yield(...)
warn: ignoring syscall sched_yield(...)
warn: ignoring syscall sched_yield(...)
warn: ignoring syscall sched_yield(...)
warn: ignoring syscall sched_yield(...)
warn: ignoring syscall sched_yield(...)
warn: ignoring syscall sched_yield(...)
warn: ignoring syscall sched_yield(...)
warn: ignoring syscall sched_yield(...)
warn: ignoring syscall sched_yield(...)
warn: ignoring syscall sched_yield(...)
warn: ignoring syscall sched_yield(...)
warn: ignoring syscall sched_yield(...)
warn: ignoring syscall sched_yield(...)
warn: ignoring syscall sched_yield(...)
warn: ignoring syscall sched_yield(...)
warn: ignoring syscall sched_yield(...)
info: Entering event queue @ 958105336572.  Starting simulation...
warn: User mode does not have SPSR
warn: User mode does not have SPSR
warn: User mode does not have SPSR
warn: User mode does not have SPSR
warn: User mode does not have SPSR
warn: User mode does not have SPSR
warn: User mode does not have SPSR
warn: User mode does not have SPSR
warn: User mode does not have SPSR
warn: User mode does not have SPSR
warn: User mode does not have SPSR
warn: User mode does not have SPSR
warn: User mode does not have SPSR
warn: User mode does not have SPSR
warn: User mode does not have SPSR
warn: User mode does not have SPSR
warn: User mode does not have SPSR
warn: User mode does not have SPSR
warn: User mode does not have SPSR
warn: User mode does not have SPSR
warn: User mode does not have SPSR
warn: User mode does not have SPSR
warn: User mode does not have SPSR
warn: User mode does not have SPSR
warn: User mode does not have SPSR
warn: User mode does not have SPSR
warn: User mode does not have SPSR
warn: User mode does not have SPSR
warn: User mode does not have SPSR
warn: User mode does not have SPSR
warn: User mode does not have SPSR
warn: User mode does not have SPSR
warn: User mode does not have SPSR
warn: User mode does not have SPSR
warn: User mode does not have SPSR
warn: User mode does not have SPSR
info: Entering event queue @ 958105338402.  Starting simulation...
warn: ignoring syscall sched_yield(...)
warn: ignoring syscall sched_yield(...)
warn: ignoring syscall sched_yield(...)
warn: ignoring syscall sched_yield(...)
warn: ignoring syscall sched_yield(...)
warn: ignoring syscall sched_yield(...)
warn: ignoring syscall sched_yield(...)
warn: ignoring syscall sched_yield(...)
warn: ignoring syscall sched_yield(...)
warn: ignoring syscall sched_yield(...)
warn: ignoring syscall sched_yield(...)
warn: ignoring syscall sched_yield(...)
warn: ignoring syscall sched_yield(...)
warn: ignoring syscall sched_yield(...)
warn: ignoring syscall sched_yield(...)
warn: ignoring syscall sched_yield(...)
warn: ignoring syscall sched_yield(...)
warn: ignoring syscall sched_yield(...)
warn: ignoring syscall sched_yield(...)
warn: ignoring syscall sched_yield(...)
warn: ignoring syscall sched_yield(...)
warn: ignoring syscall sched_yield(...)
