gem5 Simulator System.  http://gem5.org
gem5 is copyrighted software; use the --copyright option for details.

gem5 compiled Jan 31 2020 21:25:30
gem5 started Feb  4 2020 17:08:18
gem5 executing on node-1.yangzhou-qv64371.lambda-mpi-pg0.clemson.cloudlab.us
command line: build/ARM/gem5.fast --remote-gdb-port=0 --outdir=/users/yangzhou/GEM5_DRAMSim2/sgx_nic/m5out/detailed_monitoring.nat-tcp-v4.acl-fw_4MB_none --stats-file=detailed_monitoring.nat-tcp-v4.acl-fw_4MB_none_stats.txt configs/dramsim2/dramsim2_se.py --cpu-type=detailed --clock=1.2GHz --cacheline_size=128 --caches --l2cache --l2config=shared --l2_size=4MB --l2_assoc=16 --dramsim2 --tpturnlength=6 --devicecfg=./ext/DRAMSim2/ini/DDR3_micron_16M_8B_x8_sg15.ini --systemcfg=./ext/DRAMSim2/system_none.ini --outputfile=/dev/null --fast-forward=1000000000 --maxinsts=100000000 --maxtick=2000000000000 --numpids=3 --p0=/users/yangzhou/NF-GEM5/monitoring --p1=/users/yangzhou/NF-GEM5/nat-tcp-v4 --p2=/users/yangzhou/NF-GEM5/acl-fw
Global frequency set at 1000000000000 ticks per second
device file: ./ext/DRAMSim2/ini/DDR3_micron_16M_8B_x8_sg15.ini
system file: ./ext/DRAMSim2/system_none.ini
output file: /dev/null
DEBUGSTR My tpTurnLength is 6
genTrace is 0
finish initializing memory controller
CPU Clock = 1200MHz
DRAM Clock = 1600MHz
Memory Capacity = 16384MB
Switch at instruction count:1000000000
info: Entering event queue @ 0.  Starting simulation...
info: Increasing stack size by one page.
info: Increasing stack size by one page.
info: Increasing stack size by one page.
value_t size: 1B
value_t size: 4B
value_t size: 16B
memory size: 4.386990MB
memory size: 10.063114MB
value_t size: 1B
memory size: 51.400196MB
memory size: 4.386990MB
trying to open file /users/yangzhou/ictf2010_100kflow.dat
trying to open file /users/yangzhou/ictf2010_100kflow.dat
opening succeeds
opening succeeds
trying to open file /users/yangzhou/ictf2010_100kflow.dat
opening succeeds
Reading pkt trace done!
Reading pkt trace done!
average pkt size = 607.092021
average pkt size = 607.092021
Reading pkt trace done!
average pkt size = 607.092021
recover down
a thread in cpu1 reached the max instruction count @ 1052669018065
a thread in cpu0 reached the max instruction count @ 1054566527091
Switched CPUS @ tick 1054566527091
Changing memory mode to timing
switching cpus
**** REAL SIMULATION ****
info: Entering event queue @ 1054566527091.  Starting simulation...
a thread in cpu1 reached the max instruction count @ 1171960524035
a thread in cpu2 reached the max instruction count @ 1173711617484
Exiting @ tick 1176691679149 because a thread in cpu0 reached the max instruction count
